请选择要更新的数据资源，输入空字符串以退出程序：
Please select the data resource to update, or submit an empty string to exit the program:
1	CommunityDragon
2	DataDragon
1
请选择更新模式：
Please select the update mode:
1	全局扫描（Global Scanning）
2	按修改时间更新（Updating According to Modification Time）
3	更新指定文件夹（Updating Specified Folders）

请选择一种方式指定修改时间：
Please select a method of specifying the modification time:
1	自动获取（Automatically get）
2	手动输入（Manually input）

[2024-07-23 11-25-10][1/18]正在检查文件夹（Checking the folder）：https://raw.communitydragon.org/latest/
[2024-07-23 11-25-11]页面新文件列表如下：
New file list is as follows:
网页链接（URL)： https://raw.communitydragon.org/latest/
             file                size        web_date         web_timestamp        local_date          local_timestamp   
 compat-version-metadata.json    72 B    2024-Jul-23 01:16    1721668560.0     2024-07-20 11-46-28    1721447188.6378202 
    content-metadata.json        74 B    2024-Jul-23 01:16    1721668560.0     2024-07-20 11-46-29     1721447189.61753  
[2024-07-23 11-25-11][1/18][1/2]正在校对文件（Checking file）： https://raw.communitydragon.org/latest/compat-version-metadata.json
[2024-07-23 11-25-12]已更新文件（Updated file）：离线数据（Offline Data）/cdragon/latest/compat-version-metadata.json
[2024-07-23 11-25-12][1/18][2/2]正在校对文件（Checking file）： https://raw.communitydragon.org/latest/content-metadata.json
[2024-07-23 11-25-13]已更新文件（Updated file）：离线数据（Offline Data）/cdragon/latest/content-metadata.json
[2024-07-23 11-25-13][2/18]正在检查文件夹（Checking the folder）：https://raw.communitydragon.org/latest/cdragon/arena/
[2024-07-23 11-25-14]页面新文件列表如下：
New file list is as follows:
网页链接（URL)： https://raw.communitydragon.org/latest/cdragon/arena/
    file         size           web_date         web_timestamp        local_date          local_timestamp   
 en_us.json    160.0 KiB    2024-Jul-23 01:38    1721669880.0     2024-07-20 11-46-32    1721447192.0659409 
 zh_cn.json    162.2 KiB    2024-Jul-23 01:38    1721669880.0     2024-07-20 11-46-33    1721447193.143306  
[2024-07-23 11-25-14][2/18][1/2]正在校对文件（Checking file）： https://raw.communitydragon.org/latest/cdragon/arena/en_us.json
[2024-07-23 11-25-16][2/18][2/2]正在校对文件（Checking file）： https://raw.communitydragon.org/latest/cdragon/arena/zh_cn.json
[2024-07-23 11-25-17][3/18]正在检查文件夹（Checking the folder）：https://raw.communitydragon.org/latest/cdragon/tft/
[2024-07-23 11-25-18]页面新文件列表如下：
New file list is as follows:
网页链接（URL)： https://raw.communitydragon.org/latest/cdragon/tft/
    file        size          web_date         web_timestamp        local_date          local_timestamp   
 en_us.json    3.6 MiB    2024-Jul-23 01:38    1721669880.0     2024-07-20 11-46-36    1721447196.3990998 
 zh_cn.json    3.6 MiB    2024-Jul-23 01:38    1721669880.0     2024-07-20 11-46-38    1721447198.5869632 
[2024-07-23 11-25-18][3/18][1/2]正在校对文件（Checking file）： https://raw.communitydragon.org/latest/cdragon/tft/en_us.json
[2024-07-23 11-25-18][3/18][2/2]正在校对文件（Checking file）： https://raw.communitydragon.org/latest/cdragon/tft/zh_cn.json
[2024-07-23 11-25-20][4/18]正在检查文件夹（Checking the folder）：https://raw.communitydragon.org/latest/plugins/rcp-be-lol-game-data/global/default/v1/champions/
[2024-07-23 11-25-22]页面新文件列表如下：
New file list is as follows:
网页链接（URL)： https://raw.communitydragon.org/latest/plugins/rcp-be-lol-game-data/global/default/v1/champions/
   file         size          web_date         web_timestamp        local_date          local_timestamp   
 101.json     23.0 KiB    2024-Jul-23 01:37    1721669820.0     2024-07-20 11-46-40    1721447200.7257545 
 120.json     28.2 KiB    2024-Jul-23 01:37    1721669820.0     2024-07-20 11-46-41    1721447201.7710986 
 136.json     24.9 KiB    2024-Jul-23 01:37    1721669820.0     2024-07-20 11-46-42    1721447202.790648  
  14.json     28.2 KiB    2024-Jul-23 01:37    1721669820.0     2024-07-20 11-46-43    1721447203.9539883 
 147.json     32.2 KiB    2024-Jul-23 01:37    1721669820.0     2024-07-20 11-46-45    1721447205.0585244 
 154.json     21.3 KiB    2024-Jul-23 01:37    1721669820.0     2024-07-20 11-46-46    1721447206.5283563 
  18.json     37.5 KiB    2024-Jul-23 01:37    1721669820.0     2024-07-20 11-46-47    1721447207.628294  
 200.json     19.7 KiB    2024-Jul-23 01:37    1721669820.0     2024-07-20 11-46-49    1721447209.0035727 
 203.json     23.7 KiB    2024-Jul-23 01:37    1721669820.0     2024-07-20 11-46-50    1721447210.5023012 
  21.json     42.9 KiB    2024-Jul-23 01:37    1721669820.0     2024-07-20 11-46-51    1721447211.5466278 
  24.json     31.0 KiB    2024-Jul-23 01:37    1721669820.0     2024-07-20 11-46-52    1721447212.6243503 
  31.json     25.9 KiB    2024-Jul-23 01:37    1721669820.0     2024-07-20 11-46-53    1721447213.7578175 
 3147.json    7.9 KiB     2024-Jul-23 01:37    1721669820.0     2024-07-20 11-46-54    1721447214.8859463 
 3151.json    7.6 KiB     2024-Jul-23 01:37    1721669820.0     2024-07-20 11-46-55    1721447215.9112928 
 3152.json    7.6 KiB     2024-Jul-23 01:37    1721669820.0     2024-07-20 11-46-56    1721447216.935248  
 3153.json    7.8 KiB     2024-Jul-23 01:37    1721669820.0     2024-07-20 11-46-58    1721447218.084688  
 3156.json    8.0 KiB     2024-Jul-23 01:37    1721669820.0     2024-07-20 11-46-59    1721447219.0975285 
 3157.json    7.6 KiB     2024-Jul-23 01:37    1721669820.0     2024-07-20 11-47-00    1721447220.0301433 
 3159.json    8.0 KiB     2024-Jul-23 01:37    1721669820.0     2024-07-20 11-47-01    1721447221.0422373 
  33.json     25.2 KiB    2024-Jul-23 01:37    1721669820.0     2024-07-20 11-47-02    1721447222.043589  
 350.json     31.7 KiB    2024-Jul-23 01:37    1721669820.0     2024-07-20 11-47-03    1721447223.1676683 
 3678.json    7.9 KiB     2024-Jul-23 01:37    1721669820.0     2024-07-20 11-47-04    1721447224.2876182 
 3947.json    8.3 KiB     2024-Jul-23 01:37    1721669820.0     2024-07-20 11-47-05    1721447225.0353484 
 421.json     21.3 KiB    2024-Jul-23 01:37    1721669820.0     2024-07-20 11-47-06    1721447226.0417242 
 498.json     31.5 KiB    2024-Jul-23 01:37    1721669820.0     2024-07-20 11-47-07    1721447227.0407953 
  63.json     30.8 KiB    2024-Jul-23 01:37    1721669820.0     2024-07-20 11-47-08    1721447228.0546787 
  68.json     22.2 KiB    2024-Jul-23 01:37    1721669820.0     2024-07-20 11-47-09    1721447229.1292722 
  72.json     17.5 KiB    2024-Jul-23 01:37    1721669820.0     2024-07-20 11-47-09    1721447229.8546476 
  84.json     45.6 KiB    2024-Jul-23 01:37    1721669820.0     2024-07-20 11-47-10    1721447230.8368027 
 893.json     13.5 KiB    2024-Jul-23 01:37    1721669820.0     2024-07-20 11-47-11    1721447231.8246565 
 902.json     15.7 KiB    2024-Jul-23 01:37    1721669820.0     2024-07-20 11-47-12    1721447232.8069298 
[2024-07-23 11-25-22][4/18][1/31]正在校对文件（Checking file）： https://raw.communitydragon.org/latest/plugins/rcp-be-lol-game-data/global/default/v1/champions/101.json
[2024-07-23 11-25-23][4/18][2/31]正在校对文件（Checking file）： https://raw.communitydragon.org/latest/plugins/rcp-be-lol-game-data/global/default/v1/champions/120.json
[2024-07-23 11-25-24][4/18][3/31]正在校对文件（Checking file）： https://raw.communitydragon.org/latest/plugins/rcp-be-lol-game-data/global/default/v1/champions/136.json
违反协议导致读取中断！正在尝试第1次重新获取数据！
EOF occurred in violation of protocol! Trying to recapture the data with url: https://raw.communitydragon.org/latest/plugins/rcp-be-lol-game-data/global/default/v1/champions/136.json. Time(s) tried: 1
[2024-07-23 11-25-26][4/18][4/31]正在校对文件（Checking file）： https://raw.communitydragon.org/latest/plugins/rcp-be-lol-game-data/global/default/v1/champions/14.json
[2024-07-23 11-25-27][4/18][5/31]正在校对文件（Checking file）： https://raw.communitydragon.org/latest/plugins/rcp-be-lol-game-data/global/default/v1/champions/147.json
[2024-07-23 11-25-28][4/18][6/31]正在校对文件（Checking file）： https://raw.communitydragon.org/latest/plugins/rcp-be-lol-game-data/global/default/v1/champions/154.json
[2024-07-23 11-25-29][4/18][7/31]正在校对文件（Checking file）： https://raw.communitydragon.org/latest/plugins/rcp-be-lol-game-data/global/default/v1/champions/18.json
[2024-07-23 11-25-30][4/18][8/31]正在校对文件（Checking file）： https://raw.communitydragon.org/latest/plugins/rcp-be-lol-game-data/global/default/v1/champions/200.json
[2024-07-23 11-25-31][4/18][9/31]正在校对文件（Checking file）： https://raw.communitydragon.org/latest/plugins/rcp-be-lol-game-data/global/default/v1/champions/203.json
[2024-07-23 11-25-32][4/18][10/31]正在校对文件（Checking file）： https://raw.communitydragon.org/latest/plugins/rcp-be-lol-game-data/global/default/v1/champions/21.json
[2024-07-23 11-25-33][4/18][11/31]正在校对文件（Checking file）： https://raw.communitydragon.org/latest/plugins/rcp-be-lol-game-data/global/default/v1/champions/24.json
[2024-07-23 11-25-34][4/18][12/31]正在校对文件（Checking file）： https://raw.communitydragon.org/latest/plugins/rcp-be-lol-game-data/global/default/v1/champions/31.json
[2024-07-23 11-25-35][4/18][13/31]正在校对文件（Checking file）： https://raw.communitydragon.org/latest/plugins/rcp-be-lol-game-data/global/default/v1/champions/3147.json
[2024-07-23 11-25-36][4/18][14/31]正在校对文件（Checking file）： https://raw.communitydragon.org/latest/plugins/rcp-be-lol-game-data/global/default/v1/champions/3151.json
[2024-07-23 11-25-37][4/18][15/31]正在校对文件（Checking file）： https://raw.communitydragon.org/latest/plugins/rcp-be-lol-game-data/global/default/v1/champions/3152.json
[2024-07-23 11-25-38][4/18][16/31]正在校对文件（Checking file）： https://raw.communitydragon.org/latest/plugins/rcp-be-lol-game-data/global/default/v1/champions/3153.json
[2024-07-23 11-25-39][4/18][17/31]正在校对文件（Checking file）： https://raw.communitydragon.org/latest/plugins/rcp-be-lol-game-data/global/default/v1/champions/3156.json
[2024-07-23 11-25-40][4/18][18/31]正在校对文件（Checking file）： https://raw.communitydragon.org/latest/plugins/rcp-be-lol-game-data/global/default/v1/champions/3157.json
[2024-07-23 11-25-41][4/18][19/31]正在校对文件（Checking file）： https://raw.communitydragon.org/latest/plugins/rcp-be-lol-game-data/global/default/v1/champions/3159.json
[2024-07-23 11-25-41][4/18][20/31]正在校对文件（Checking file）： https://raw.communitydragon.org/latest/plugins/rcp-be-lol-game-data/global/default/v1/champions/33.json
[2024-07-23 11-25-42][4/18][21/31]正在校对文件（Checking file）： https://raw.communitydragon.org/latest/plugins/rcp-be-lol-game-data/global/default/v1/champions/350.json
[2024-07-23 11-25-44][4/18][22/31]正在校对文件（Checking file）： https://raw.communitydragon.org/latest/plugins/rcp-be-lol-game-data/global/default/v1/champions/3678.json
[2024-07-23 11-25-45][4/18][23/31]正在校对文件（Checking file）： https://raw.communitydragon.org/latest/plugins/rcp-be-lol-game-data/global/default/v1/champions/3947.json
[2024-07-23 11-25-46][4/18][24/31]正在校对文件（Checking file）： https://raw.communitydragon.org/latest/plugins/rcp-be-lol-game-data/global/default/v1/champions/421.json
[2024-07-23 11-25-47][4/18][25/31]正在校对文件（Checking file）： https://raw.communitydragon.org/latest/plugins/rcp-be-lol-game-data/global/default/v1/champions/498.json
[2024-07-23 11-25-48][4/18][26/31]正在校对文件（Checking file）： https://raw.communitydragon.org/latest/plugins/rcp-be-lol-game-data/global/default/v1/champions/63.json
[2024-07-23 11-25-49][4/18][27/31]正在校对文件（Checking file）： https://raw.communitydragon.org/latest/plugins/rcp-be-lol-game-data/global/default/v1/champions/68.json
[2024-07-23 11-25-50][4/18][28/31]正在校对文件（Checking file）： https://raw.communitydragon.org/latest/plugins/rcp-be-lol-game-data/global/default/v1/champions/72.json
[2024-07-23 11-25-51][4/18][29/31]正在校对文件（Checking file）： https://raw.communitydragon.org/latest/plugins/rcp-be-lol-game-data/global/default/v1/champions/84.json
[2024-07-23 11-25-52][4/18][30/31]正在校对文件（Checking file）： https://raw.communitydragon.org/latest/plugins/rcp-be-lol-game-data/global/default/v1/champions/893.json
[2024-07-23 11-25-53][4/18][31/31]正在校对文件（Checking file）： https://raw.communitydragon.org/latest/plugins/rcp-be-lol-game-data/global/default/v1/champions/902.json
[2024-07-23 11-25-55][5/18]正在检查文件夹（Checking the folder）：https://raw.communitydragon.org/latest/plugins/rcp-be-lol-game-data/global/default/v1/map-assets/
[2024-07-23 11-25-56]页面新文件列表如下：
New file list is as follows:
网页链接（URL)： https://raw.communitydragon.org/latest/plugins/rcp-be-lol-game-data/global/default/v1/map-assets/
      file            size           web_date         web_timestamp        local_date          local_timestamp  
 map-assets.json    111.4 KiB    2024-Jul-23 01:37    1721669820.0     2024-07-20 11-47-14    1721447234.589037 
[2024-07-23 11-25-56][5/18][1/1]正在校对文件（Checking file）： https://raw.communitydragon.org/latest/plugins/rcp-be-lol-game-data/global/default/v1/map-assets/map-assets.json
[2024-07-23 11-25-57][6/18]正在检查文件夹（Checking the folder）：https://raw.communitydragon.org/latest/plugins/rcp-be-lol-game-data/global/default/v1/
违反协议导致读取中断！正在尝试第1次重新获取数据！
EOF occurred in violation of protocol! Trying to recapture the data with url: https://raw.communitydragon.org/latest/plugins/rcp-be-lol-game-data/global/default/v1/. Time(s) tried: 1
违反协议导致读取中断！正在尝试第2次重新获取数据！
EOF occurred in violation of protocol! Trying to recapture the data with url: https://raw.communitydragon.org/latest/plugins/rcp-be-lol-game-data/global/default/v1/. Time(s) tried: 2
[2024-07-23 11-25-58]页面新文件列表如下：
New file list is as follows:
网页链接（URL)： https://raw.communitydragon.org/latest/plugins/rcp-be-lol-game-data/global/default/v1/
                file                     size           web_date         web_timestamp        local_date          local_timestamp   
          challenges.json              592.5 KiB    2024-Jul-23 01:37    1721669820.0     2024-07-20 11-47-17     1721447237.37546  
 champion-rune-recommendations.json    337.7 KiB    2024-Jul-23 01:37    1721669820.0     2024-07-20 11-47-18    1721447238.891616  
       champion-summary.json           24.4 KiB     2024-Jul-23 01:37    1721669820.0     2024-07-20 11-47-20    1721447240.0189664 
     championperkstylemap.json         10.9 KiB     2024-Jul-23 01:37    1721669820.0     2024-07-20 11-47-20    1721447240.5075698 
        cherry-augments.json           43.3 KiB     2024-Jul-23 01:37    1721669820.0     2024-07-20 11-47-21    1721447241.4322546 
          companions.json              736.7 KiB    2024-Jul-23 01:37    1721669820.0     2024-07-20 11-47-27    1721447247.9740064 
           event-hub.json              46.0 KiB     2024-Jul-23 01:37    1721669820.0     2024-07-20 11-47-29    1721447249.567908  
        generic-assets.json            174.2 KiB    2024-Jul-23 01:37    1721669820.0     2024-07-20 11-47-30    1721447250.6477149 
             items.json                415.1 KiB    2024-Jul-23 01:37    1721669820.0     2024-07-20 11-47-32    1721447252.2289712 
             loot.json                  2.7 MiB     2024-Jul-23 01:37    1721669820.0     2024-07-20 11-47-40    1721447260.1736832 
        lootmilestones.json            92.4 KiB     2024-Jul-23 01:37    1721669820.0     2024-07-20 11-47-41    1721447261.2287421 
             maps.json                  1.4 KiB     2024-Jul-23 01:37    1721669820.0     2024-07-20 11-47-42    1721447262.7024927 
        mission-assets.json            20.7 KiB     2024-Jul-23 01:37    1721669820.0     2024-07-20 11-47-43    1721447263.8964944 
             perks.json                93.5 KiB     2024-Jul-23 01:37    1721669820.0     2024-07-20 11-47-44    1721447264.9046946 
         profile-icons.json            316.7 KiB    2024-Jul-23 01:37    1721669820.0     2024-07-20 11-47-46    1721447266.7587125 
            queues.json                49.2 KiB     2024-Jul-23 01:37    1721669820.0     2024-07-20 11-47-47     1721447267.76055  
            rewards.json               523.4 KiB    2024-Jul-23 01:37    1721669820.0     2024-07-20 11-47-48    1721447268.9949393 
           skinlines.json              51.5 KiB     2024-Jul-23 01:37    1721669820.0     2024-07-20 11-47-50    1721447270.2811267 
             skins.json                 3.1 MiB     2024-Jul-23 01:37    1721669820.0     2024-07-20 11-47-51    1721447271.3726914 
          statstones.json               1.7 MiB     2024-Jul-23 01:37    1721669820.0     2024-07-20 11-47-53    1721447273.4341319 
        strawberry-hub.json            192.3 KiB    2024-Jul-23 01:37    1721669820.0     2024-07-20 11-47-55    1721447275.0341036 
          stylesheet.json              19.4 KiB     2024-Jul-23 01:37    1721669820.0     2024-07-20 11-47-56    1721447276.1111598 
        summoner-emotes.json           306.8 KiB    2024-Jul-23 01:37    1721669820.0     2024-07-20 11-47-57    1721447277.6041713 
        summoner-icons.json             1.6 MiB     2024-Jul-23 01:37    1721669820.0     2024-07-20 11-48-00    1721447280.8112803 
        tftdamageskins.json            66.8 KiB     2024-Jul-23 01:37    1721669820.0     2024-07-20 11-48-02    1721447282.0268574 
          tftmapskins.json             30.6 KiB     2024-Jul-23 01:37    1721669820.0     2024-07-20 11-48-03    1721447283.1975353 
       tftregionportals.json            8.3 KiB     2024-Jul-23 01:37    1721669820.0     2024-07-20 11-48-04    1721447284.027942  
   tftrotationalshopitemdata.json      738.2 KiB    2024-Jul-23 01:37    1721669820.0     2024-07-20 11-48-05    1721447285.811591  
           tfttraits.json              118.1 KiB    2024-Jul-23 01:37    1721669820.0     2024-07-20 11-48-07    1721447287.2059188 
    tfttrovesbannerrewards.json        651.3 KiB    2024-Jul-23 01:37    1721669820.0     2024-07-20 11-48-08    1721447288.9941232 
       tfttrovesbanners.json            6.1 MiB     2024-Jul-23 01:37    1721669820.0     2024-07-20 11-48-12    1721447292.115034  
     tfttrovestablesnames.json         311.2 KiB    2024-Jul-23 01:37    1721669820.0     2024-07-20 11-48-13    1721447293.5668013 
           universes.json              34.3 KiB     2024-Jul-23 01:37    1721669820.0     2024-07-20 11-48-14    1721447294.9377391 
          ward-skins.json              112.1 KiB    2024-Jul-23 01:37    1721669820.0     2024-07-20 11-48-15    1721447295.9450328 
[2024-07-23 11-25-58][6/18][1/34]正在校对文件（Checking file）： https://raw.communitydragon.org/latest/plugins/rcp-be-lol-game-data/global/default/v1/challenges.json
[2024-07-23 11-26-00][6/18][2/34]正在校对文件（Checking file）： https://raw.communitydragon.org/latest/plugins/rcp-be-lol-game-data/global/default/v1/champion-rune-recommendations.json
[2024-07-23 11-26-01][6/18][3/34]正在校对文件（Checking file）： https://raw.communitydragon.org/latest/plugins/rcp-be-lol-game-data/global/default/v1/champion-summary.json
[2024-07-23 11-26-02][6/18][4/34]正在校对文件（Checking file）： https://raw.communitydragon.org/latest/plugins/rcp-be-lol-game-data/global/default/v1/championperkstylemap.json
[2024-07-23 11-26-03][6/18][5/34]正在校对文件（Checking file）： https://raw.communitydragon.org/latest/plugins/rcp-be-lol-game-data/global/default/v1/cherry-augments.json
违反协议导致读取中断！正在尝试第1次重新获取数据！
EOF occurred in violation of protocol! Trying to recapture the data with url: https://raw.communitydragon.org/latest/plugins/rcp-be-lol-game-data/global/default/v1/cherry-augments.json. Time(s) tried: 1
[2024-07-23 11-26-04][6/18][6/34]正在校对文件（Checking file）： https://raw.communitydragon.org/latest/plugins/rcp-be-lol-game-data/global/default/v1/companions.json
[2024-07-23 11-26-06][6/18][7/34]正在校对文件（Checking file）： https://raw.communitydragon.org/latest/plugins/rcp-be-lol-game-data/global/default/v1/event-hub.json
[2024-07-23 11-26-07][6/18][8/34]正在校对文件（Checking file）： https://raw.communitydragon.org/latest/plugins/rcp-be-lol-game-data/global/default/v1/generic-assets.json
违反协议导致读取中断！正在尝试第1次重新获取数据！
EOF occurred in violation of protocol! Trying to recapture the data with url: https://raw.communitydragon.org/latest/plugins/rcp-be-lol-game-data/global/default/v1/generic-assets.json. Time(s) tried: 1
[2024-07-23 11-26-09][6/18][9/34]正在校对文件（Checking file）： https://raw.communitydragon.org/latest/plugins/rcp-be-lol-game-data/global/default/v1/items.json
[2024-07-23 11-26-10][6/18][10/34]正在校对文件（Checking file）： https://raw.communitydragon.org/latest/plugins/rcp-be-lol-game-data/global/default/v1/loot.json
[2024-07-23 11-26-13][6/18][11/34]正在校对文件（Checking file）： https://raw.communitydragon.org/latest/plugins/rcp-be-lol-game-data/global/default/v1/lootmilestones.json
[2024-07-23 11-26-14][6/18][12/34]正在校对文件（Checking file）： https://raw.communitydragon.org/latest/plugins/rcp-be-lol-game-data/global/default/v1/maps.json
[2024-07-23 11-26-15][6/18][13/34]正在校对文件（Checking file）： https://raw.communitydragon.org/latest/plugins/rcp-be-lol-game-data/global/default/v1/mission-assets.json
[2024-07-23 11-26-16][6/18][14/34]正在校对文件（Checking file）： https://raw.communitydragon.org/latest/plugins/rcp-be-lol-game-data/global/default/v1/perks.json
[2024-07-23 11-26-17][6/18][15/34]正在校对文件（Checking file）： https://raw.communitydragon.org/latest/plugins/rcp-be-lol-game-data/global/default/v1/profile-icons.json
违反协议导致读取中断！正在尝试第1次重新获取数据！
EOF occurred in violation of protocol! Trying to recapture the data with url: https://raw.communitydragon.org/latest/plugins/rcp-be-lol-game-data/global/default/v1/profile-icons.json. Time(s) tried: 1
[2024-07-23 11-26-19][6/18][16/34]正在校对文件（Checking file）： https://raw.communitydragon.org/latest/plugins/rcp-be-lol-game-data/global/default/v1/queues.json
[2024-07-23 11-26-20][6/18][17/34]正在校对文件（Checking file）： https://raw.communitydragon.org/latest/plugins/rcp-be-lol-game-data/global/default/v1/rewards.json
[2024-07-23 11-26-21][6/18][18/34]正在校对文件（Checking file）： https://raw.communitydragon.org/latest/plugins/rcp-be-lol-game-data/global/default/v1/skinlines.json
[2024-07-23 11-26-23][6/18][19/34]正在校对文件（Checking file）： https://raw.communitydragon.org/latest/plugins/rcp-be-lol-game-data/global/default/v1/skins.json
[2024-07-23 11-26-25][6/18][20/34]正在校对文件（Checking file）： https://raw.communitydragon.org/latest/plugins/rcp-be-lol-game-data/global/default/v1/statstones.json
[2024-07-23 11-26-27][6/18][21/34]正在校对文件（Checking file）： https://raw.communitydragon.org/latest/plugins/rcp-be-lol-game-data/global/default/v1/strawberry-hub.json
[2024-07-23 11-26-29][6/18][22/34]正在校对文件（Checking file）： https://raw.communitydragon.org/latest/plugins/rcp-be-lol-game-data/global/default/v1/stylesheet.json
[2024-07-23 11-26-29][6/18][23/34]正在校对文件（Checking file）： https://raw.communitydragon.org/latest/plugins/rcp-be-lol-game-data/global/default/v1/summoner-emotes.json
[2024-07-23 11-26-31][6/18][24/34]正在校对文件（Checking file）： https://raw.communitydragon.org/latest/plugins/rcp-be-lol-game-data/global/default/v1/summoner-icons.json
[2024-07-23 11-26-33][6/18][25/34]正在校对文件（Checking file）： https://raw.communitydragon.org/latest/plugins/rcp-be-lol-game-data/global/default/v1/tftdamageskins.json
[2024-07-23 11-26-34][6/18][26/34]正在校对文件（Checking file）： https://raw.communitydragon.org/latest/plugins/rcp-be-lol-game-data/global/default/v1/tftmapskins.json
[2024-07-23 11-26-35][6/18][27/34]正在校对文件（Checking file）： https://raw.communitydragon.org/latest/plugins/rcp-be-lol-game-data/global/default/v1/tftregionportals.json
[2024-07-23 11-26-36][6/18][28/34]正在校对文件（Checking file）： https://raw.communitydragon.org/latest/plugins/rcp-be-lol-game-data/global/default/v1/tftrotationalshopitemdata.json
[2024-07-23 11-26-37][6/18][29/34]正在校对文件（Checking file）： https://raw.communitydragon.org/latest/plugins/rcp-be-lol-game-data/global/default/v1/tfttraits.json
[2024-07-23 11-26-39][6/18][30/34]正在校对文件（Checking file）： https://raw.communitydragon.org/latest/plugins/rcp-be-lol-game-data/global/default/v1/tfttrovesbannerrewards.json
[2024-07-23 11-26-41][6/18][31/34]正在校对文件（Checking file）： https://raw.communitydragon.org/latest/plugins/rcp-be-lol-game-data/global/default/v1/tfttrovesbanners.json
[2024-07-23 11-26-44][6/18][32/34]正在校对文件（Checking file）： https://raw.communitydragon.org/latest/plugins/rcp-be-lol-game-data/global/default/v1/tfttrovestablesnames.json
[2024-07-23 11-26-46][6/18][33/34]正在校对文件（Checking file）： https://raw.communitydragon.org/latest/plugins/rcp-be-lol-game-data/global/default/v1/universes.json
[2024-07-23 11-26-47][6/18][34/34]正在校对文件（Checking file）： https://raw.communitydragon.org/latest/plugins/rcp-be-lol-game-data/global/default/v1/ward-skins.json
[2024-07-23 11-26-48][7/18]正在检查文件夹（Checking the folder）：https://raw.communitydragon.org/latest/plugins/rcp-be-lol-game-data/global/zh_cn/v1/champions/
[2024-07-23 11-26-49]页面新文件列表如下：
New file list is as follows:
网页链接（URL)： https://raw.communitydragon.org/latest/plugins/rcp-be-lol-game-data/global/zh_cn/v1/champions/
   file         size          web_date         web_timestamp        local_date          local_timestamp   
 101.json     24.2 KiB    2024-Jul-23 01:38    1721669880.0     2024-07-20 11-48-18     1721447298.53708  
 120.json     29.7 KiB    2024-Jul-23 01:38    1721669880.0     2024-07-20 11-48-19    1721447299.654052  
 136.json     25.9 KiB    2024-Jul-23 01:38    1721669880.0     2024-07-20 11-48-20    1721447300.7099903 
  14.json     29.3 KiB    2024-Jul-23 01:38    1721669880.0     2024-07-20 11-48-21    1721447301.6890256 
 147.json     34.1 KiB    2024-Jul-23 01:38    1721669880.0     2024-07-20 11-48-22    1721447302.8301103 
 154.json     22.3 KiB    2024-Jul-23 01:38    1721669880.0     2024-07-20 11-48-23    1721447303.8456535 
  18.json     39.8 KiB    2024-Jul-23 01:38    1721669880.0     2024-07-20 11-48-24    1721447304.9342487 
 200.json     20.0 KiB    2024-Jul-23 01:38    1721669880.0     2024-07-20 11-48-25    1721447305.9575396 
 203.json     24.7 KiB    2024-Jul-23 01:38    1721669880.0     2024-07-20 11-48-28    1721447308.5069542 
  21.json     45.9 KiB    2024-Jul-23 01:38    1721669880.0     2024-07-20 11-48-29    1721447309.6056395 
  24.json     33.9 KiB    2024-Jul-23 01:38    1721669880.0     2024-07-20 11-48-30    1721447310.2833889 
  31.json     26.9 KiB    2024-Jul-23 01:38    1721669880.0     2024-07-20 11-48-31    1721447311.4044578 
 3147.json    7.8 KiB     2024-Jul-23 01:38    1721669880.0     2024-07-20 11-48-32    1721447312.4126532 
 3151.json    7.6 KiB     2024-Jul-23 01:38    1721669880.0     2024-07-20 11-48-33    1721447313.4359484 
 3152.json    7.6 KiB     2024-Jul-23 01:38    1721669880.0     2024-07-20 11-48-34    1721447314.5761218 
 3153.json    7.8 KiB     2024-Jul-23 01:38    1721669880.0     2024-07-20 11-48-35    1721447315.7114558 
 3156.json    8.1 KiB     2024-Jul-23 01:38    1721669880.0     2024-07-20 11-48-36     1721447316.67835  
 3157.json    7.5 KiB     2024-Jul-23 01:38    1721669880.0     2024-07-20 11-48-37    1721447317.8388314 
 3159.json    8.0 KiB     2024-Jul-23 01:38    1721669880.0     2024-07-20 11-48-39    1721447319.0141406 
  33.json     26.9 KiB    2024-Jul-23 01:38    1721669880.0     2024-07-20 11-48-40    1721447320.0903835 
 350.json     33.8 KiB    2024-Jul-23 01:38    1721669880.0     2024-07-20 11-48-41    1721447321.278792  
 3678.json    7.8 KiB     2024-Jul-23 01:38    1721669880.0     2024-07-20 11-48-42    1721447322.3985584 
 3947.json    8.2 KiB     2024-Jul-23 01:38    1721669880.0     2024-07-20 11-48-43    1721447323.5153692 
 421.json     21.9 KiB    2024-Jul-23 01:38    1721669880.0     2024-07-20 11-48-44    1721447324.9527872 
 498.json     33.3 KiB    2024-Jul-23 01:38    1721669880.0     2024-07-20 11-48-46    1721447326.528367  
  63.json     32.8 KiB    2024-Jul-23 01:38    1721669880.0     2024-07-20 11-48-48    1721447328.4350727 
  68.json     22.8 KiB    2024-Jul-23 01:38    1721669880.0     2024-07-20 11-48-49    1721447329.9519336 
  72.json     18.0 KiB    2024-Jul-23 01:38    1721669880.0     2024-07-20 11-48-51    1721447331.7455957 
  84.json     49.0 KiB    2024-Jul-23 01:38    1721669880.0     2024-07-20 11-48-53    1721447333.3653073 
 893.json     13.7 KiB    2024-Jul-23 01:38    1721669880.0     2024-07-20 11-48-54    1721447334.6708055 
 902.json     16.0 KiB    2024-Jul-23 01:38    1721669880.0     2024-07-20 11-48-56    1721447336.134794  
[2024-07-23 11-26-49][7/18][1/31]正在校对文件（Checking file）： https://raw.communitydragon.org/latest/plugins/rcp-be-lol-game-data/global/zh_cn/v1/champions/101.json
[2024-07-23 11-26-50][7/18][2/31]正在校对文件（Checking file）： https://raw.communitydragon.org/latest/plugins/rcp-be-lol-game-data/global/zh_cn/v1/champions/120.json
[2024-07-23 11-26-52][7/18][3/31]正在校对文件（Checking file）： https://raw.communitydragon.org/latest/plugins/rcp-be-lol-game-data/global/zh_cn/v1/champions/136.json
[2024-07-23 11-26-53][7/18][4/31]正在校对文件（Checking file）： https://raw.communitydragon.org/latest/plugins/rcp-be-lol-game-data/global/zh_cn/v1/champions/14.json
[2024-07-23 11-26-54][7/18][5/31]正在校对文件（Checking file）： https://raw.communitydragon.org/latest/plugins/rcp-be-lol-game-data/global/zh_cn/v1/champions/147.json
[2024-07-23 11-26-55][7/18][6/31]正在校对文件（Checking file）： https://raw.communitydragon.org/latest/plugins/rcp-be-lol-game-data/global/zh_cn/v1/champions/154.json
[2024-07-23 11-26-56][7/18][7/31]正在校对文件（Checking file）： https://raw.communitydragon.org/latest/plugins/rcp-be-lol-game-data/global/zh_cn/v1/champions/18.json
[2024-07-23 11-26-57][7/18][8/31]正在校对文件（Checking file）： https://raw.communitydragon.org/latest/plugins/rcp-be-lol-game-data/global/zh_cn/v1/champions/200.json
[2024-07-23 11-26-58][7/18][9/31]正在校对文件（Checking file）： https://raw.communitydragon.org/latest/plugins/rcp-be-lol-game-data/global/zh_cn/v1/champions/203.json
[2024-07-23 11-26-59][7/18][10/31]正在校对文件（Checking file）： https://raw.communitydragon.org/latest/plugins/rcp-be-lol-game-data/global/zh_cn/v1/champions/21.json
[2024-07-23 11-27-00][7/18][11/31]正在校对文件（Checking file）： https://raw.communitydragon.org/latest/plugins/rcp-be-lol-game-data/global/zh_cn/v1/champions/24.json
[2024-07-23 11-27-01][7/18][12/31]正在校对文件（Checking file）： https://raw.communitydragon.org/latest/plugins/rcp-be-lol-game-data/global/zh_cn/v1/champions/31.json
[2024-07-23 11-27-03][7/18][13/31]正在校对文件（Checking file）： https://raw.communitydragon.org/latest/plugins/rcp-be-lol-game-data/global/zh_cn/v1/champions/3147.json
[2024-07-23 11-27-04][7/18][14/31]正在校对文件（Checking file）： https://raw.communitydragon.org/latest/plugins/rcp-be-lol-game-data/global/zh_cn/v1/champions/3151.json
[2024-07-23 11-27-05][7/18][15/31]正在校对文件（Checking file）： https://raw.communitydragon.org/latest/plugins/rcp-be-lol-game-data/global/zh_cn/v1/champions/3152.json
[2024-07-23 11-27-06][7/18][16/31]正在校对文件（Checking file）： https://raw.communitydragon.org/latest/plugins/rcp-be-lol-game-data/global/zh_cn/v1/champions/3153.json
[2024-07-23 11-27-07][7/18][17/31]正在校对文件（Checking file）： https://raw.communitydragon.org/latest/plugins/rcp-be-lol-game-data/global/zh_cn/v1/champions/3156.json
[2024-07-23 11-27-08][7/18][18/31]正在校对文件（Checking file）： https://raw.communitydragon.org/latest/plugins/rcp-be-lol-game-data/global/zh_cn/v1/champions/3157.json
[2024-07-23 11-27-09][7/18][19/31]正在校对文件（Checking file）： https://raw.communitydragon.org/latest/plugins/rcp-be-lol-game-data/global/zh_cn/v1/champions/3159.json
[2024-07-23 11-27-11][7/18][20/31]正在校对文件（Checking file）： https://raw.communitydragon.org/latest/plugins/rcp-be-lol-game-data/global/zh_cn/v1/champions/33.json
[2024-07-23 11-27-12][7/18][21/31]正在校对文件（Checking file）： https://raw.communitydragon.org/latest/plugins/rcp-be-lol-game-data/global/zh_cn/v1/champions/350.json
[2024-07-23 11-27-13][7/18][22/31]正在校对文件（Checking file）： https://raw.communitydragon.org/latest/plugins/rcp-be-lol-game-data/global/zh_cn/v1/champions/3678.json
[2024-07-23 11-27-15][7/18][23/31]正在校对文件（Checking file）： https://raw.communitydragon.org/latest/plugins/rcp-be-lol-game-data/global/zh_cn/v1/champions/3947.json
[2024-07-23 11-27-16][7/18][24/31]正在校对文件（Checking file）： https://raw.communitydragon.org/latest/plugins/rcp-be-lol-game-data/global/zh_cn/v1/champions/421.json
[2024-07-23 11-27-17][7/18][25/31]正在校对文件（Checking file）： https://raw.communitydragon.org/latest/plugins/rcp-be-lol-game-data/global/zh_cn/v1/champions/498.json
[2024-07-23 11-27-19][7/18][26/31]正在校对文件（Checking file）： https://raw.communitydragon.org/latest/plugins/rcp-be-lol-game-data/global/zh_cn/v1/champions/63.json
[2024-07-23 11-27-20][7/18][27/31]正在校对文件（Checking file）： https://raw.communitydragon.org/latest/plugins/rcp-be-lol-game-data/global/zh_cn/v1/champions/68.json
[2024-07-23 11-27-21][7/18][28/31]正在校对文件（Checking file）： https://raw.communitydragon.org/latest/plugins/rcp-be-lol-game-data/global/zh_cn/v1/champions/72.json
[2024-07-23 11-27-22][7/18][29/31]正在校对文件（Checking file）： https://raw.communitydragon.org/latest/plugins/rcp-be-lol-game-data/global/zh_cn/v1/champions/84.json
[2024-07-23 11-27-24][7/18][30/31]正在校对文件（Checking file）： https://raw.communitydragon.org/latest/plugins/rcp-be-lol-game-data/global/zh_cn/v1/champions/893.json
[2024-07-23 11-27-24][7/18][31/31]正在校对文件（Checking file）： https://raw.communitydragon.org/latest/plugins/rcp-be-lol-game-data/global/zh_cn/v1/champions/902.json
[2024-07-23 11-27-25][8/18]正在检查文件夹（Checking the folder）：https://raw.communitydragon.org/latest/plugins/rcp-be-lol-game-data/global/zh_cn/v1/map-assets/
[2024-07-23 11-27-27]页面新文件列表如下：
New file list is as follows:
网页链接（URL)： https://raw.communitydragon.org/latest/plugins/rcp-be-lol-game-data/global/zh_cn/v1/map-assets/
      file            size           web_date         web_timestamp        local_date          local_timestamp   
 map-assets.json    112.1 KiB    2024-Jul-23 01:38    1721669880.0     2024-07-20 11-48-59    1721447339.4328825 
[2024-07-23 11-27-27][8/18][1/1]正在校对文件（Checking file）： https://raw.communitydragon.org/latest/plugins/rcp-be-lol-game-data/global/zh_cn/v1/map-assets/map-assets.json
[2024-07-23 11-27-28][9/18]正在检查文件夹（Checking the folder）：https://raw.communitydragon.org/latest/plugins/rcp-be-lol-game-data/global/zh_cn/v1/
[2024-07-23 11-27-29]页面新文件列表如下：
New file list is as follows:
网页链接（URL)： https://raw.communitydragon.org/latest/plugins/rcp-be-lol-game-data/global/zh_cn/v1/
              file                   size           web_date         web_timestamp        local_date          local_timestamp   
        challenges.json            599.0 KiB    2024-Jul-23 01:38    1721669880.0     2024-07-20 11-49-03    1721447343.5489185 
     champion-summary.json         25.4 KiB     2024-Jul-23 01:38    1721669880.0     2024-07-20 11-49-05    1721447345.1998138 
      cherry-augments.json         43.0 KiB     2024-Jul-23 01:38    1721669880.0     2024-07-20 11-49-06    1721447346.6504047 
        companions.json            740.0 KiB    2024-Jul-23 01:38    1721669880.0     2024-07-20 11-49-09    1721447349.1911714 
         event-hub.json            46.4 KiB     2024-Jul-23 01:38    1721669880.0     2024-07-20 11-49-10    1721447350.6855848 
      generic-assets.json          174.2 KiB    2024-Jul-23 01:38    1721669880.0     2024-07-20 11-49-12    1721447352.7126946 
           items.json              414.0 KiB    2024-Jul-23 01:38    1721669880.0     2024-07-20 11-49-15    1721447355.3306406 
           loot.json                2.8 MiB     2024-Jul-23 01:38    1721669880.0     2024-07-20 11-49-18    1721447358.8294346 
      lootmilestones.json          92.6 KiB     2024-Jul-23 01:38    1721669880.0     2024-07-20 11-49-21    1721447361.7028127 
           maps.json                1.4 KiB     2024-Jul-23 01:38    1721669880.0     2024-07-20 11-49-23    1721447363.2351775 
      mission-assets.json          20.7 KiB     2024-Jul-23 01:38    1721669880.0     2024-07-20 11-49-24    1721447364.758082  
           perks.json              95.7 KiB     2024-Jul-23 01:38    1721669880.0     2024-07-20 11-49-26    1721447366.798381  
       profile-icons.json          316.7 KiB    2024-Jul-23 01:38    1721669880.0     2024-07-20 11-49-28    1721447368.764251  
          queues.json              51.6 KiB     2024-Jul-23 01:38    1721669880.0     2024-07-20 11-49-30    1721447370.4237106 
         skinlines.json            50.8 KiB     2024-Jul-23 01:38    1721669880.0     2024-07-20 11-49-32    1721447372.7954383 
           skins.json               3.3 MiB     2024-Jul-23 01:38    1721669880.0     2024-07-20 11-49-36    1721447376.5036614 
        statstones.json             1.7 MiB     2024-Jul-23 01:38    1721669880.0     2024-07-20 11-49-38    1721447378.769484  
      strawberry-hub.json          195.6 KiB    2024-Jul-23 01:38    1721669880.0     2024-07-20 11-49-40    1721447380.2134748 
        stylesheet.json            19.4 KiB     2024-Jul-23 01:38    1721669880.0     2024-07-20 11-49-41    1721447381.1882136 
      summoner-emotes.json         314.2 KiB    2024-Jul-23 01:38    1721669880.0     2024-07-20 11-49-42    1721447382.8570058 
      summoner-icons.json           1.4 MiB     2024-Jul-23 01:38    1721669880.0     2024-07-20 11-49-44     1721447384.67807  
      tftdamageskins.json          66.9 KiB     2024-Jul-23 01:38    1721669880.0     2024-07-20 11-49-49    1721447389.200078  
        tftmapskins.json           30.7 KiB     2024-Jul-23 01:38    1721669880.0     2024-07-20 11-49-50    1721447390.2672303 
     tftregionportals.json          8.3 KiB     2024-Jul-23 01:38    1721669880.0     2024-07-20 11-49-51    1721447391.2094965 
 tftrotationalshopitemdata.json    738.2 KiB    2024-Jul-23 01:38    1721669880.0     2024-07-20 11-49-53    1721447393.2459195 
         tfttraits.json            119.9 KiB    2024-Jul-23 01:38    1721669880.0     2024-07-20 11-49-54    1721447394.794237  
  tfttrovesbannerrewards.json      653.1 KiB    2024-Jul-23 01:38    1721669880.0     2024-07-20 11-49-56    1721447396.2521026 
     tfttrovesbanners.json          6.1 MiB     2024-Jul-23 01:38    1721669880.0     2024-07-20 11-50-14    1721447414.3611133 
   tfttrovestablesnames.json       321.2 KiB    2024-Jul-23 01:38    1721669880.0     2024-07-20 11-50-15    1721447415.8298848 
         universes.json            33.8 KiB     2024-Jul-23 01:38    1721669880.0     2024-07-20 11-50-17    1721447417.1053026 
        ward-skins.json            103.5 KiB    2024-Jul-23 01:38    1721669880.0     2024-07-20 11-50-18    1721447418.180029  
[2024-07-23 11-27-29][9/18][1/31]正在校对文件（Checking file）： https://raw.communitydragon.org/latest/plugins/rcp-be-lol-game-data/global/zh_cn/v1/challenges.json
[2024-07-23 11-27-31][9/18][2/31]正在校对文件（Checking file）： https://raw.communitydragon.org/latest/plugins/rcp-be-lol-game-data/global/zh_cn/v1/champion-summary.json
[2024-07-23 11-27-32][9/18][3/31]正在校对文件（Checking file）： https://raw.communitydragon.org/latest/plugins/rcp-be-lol-game-data/global/zh_cn/v1/cherry-augments.json
[2024-07-23 11-27-33][9/18][4/31]正在校对文件（Checking file）： https://raw.communitydragon.org/latest/plugins/rcp-be-lol-game-data/global/zh_cn/v1/companions.json
[2024-07-23 11-27-35][9/18][5/31]正在校对文件（Checking file）： https://raw.communitydragon.org/latest/plugins/rcp-be-lol-game-data/global/zh_cn/v1/event-hub.json
[2024-07-23 11-27-36][9/18][6/31]正在校对文件（Checking file）： https://raw.communitydragon.org/latest/plugins/rcp-be-lol-game-data/global/zh_cn/v1/generic-assets.json
[2024-07-23 11-27-37][9/18][7/31]正在校对文件（Checking file）： https://raw.communitydragon.org/latest/plugins/rcp-be-lol-game-data/global/zh_cn/v1/items.json
[2024-07-23 11-27-39][9/18][8/31]正在校对文件（Checking file）： https://raw.communitydragon.org/latest/plugins/rcp-be-lol-game-data/global/zh_cn/v1/loot.json
[2024-07-23 11-27-41][9/18][9/31]正在校对文件（Checking file）： https://raw.communitydragon.org/latest/plugins/rcp-be-lol-game-data/global/zh_cn/v1/lootmilestones.json
[2024-07-23 11-27-42][9/18][10/31]正在校对文件（Checking file）： https://raw.communitydragon.org/latest/plugins/rcp-be-lol-game-data/global/zh_cn/v1/maps.json
[2024-07-23 11-27-43][9/18][11/31]正在校对文件（Checking file）： https://raw.communitydragon.org/latest/plugins/rcp-be-lol-game-data/global/zh_cn/v1/mission-assets.json
[2024-07-23 11-27-44][9/18][12/31]正在校对文件（Checking file）： https://raw.communitydragon.org/latest/plugins/rcp-be-lol-game-data/global/zh_cn/v1/perks.json
[2024-07-23 11-27-45][9/18][13/31]正在校对文件（Checking file）： https://raw.communitydragon.org/latest/plugins/rcp-be-lol-game-data/global/zh_cn/v1/profile-icons.json
[2024-07-23 11-27-47][9/18][14/31]正在校对文件（Checking file）： https://raw.communitydragon.org/latest/plugins/rcp-be-lol-game-data/global/zh_cn/v1/queues.json
[2024-07-23 11-27-48][9/18][15/31]正在校对文件（Checking file）： https://raw.communitydragon.org/latest/plugins/rcp-be-lol-game-data/global/zh_cn/v1/skinlines.json
[2024-07-23 11-27-49][9/18][16/31]正在校对文件（Checking file）： https://raw.communitydragon.org/latest/plugins/rcp-be-lol-game-data/global/zh_cn/v1/skins.json
[2024-07-23 11-27-52][9/18][17/31]正在校对文件（Checking file）： https://raw.communitydragon.org/latest/plugins/rcp-be-lol-game-data/global/zh_cn/v1/statstones.json
[2024-07-23 11-27-56][9/18][18/31]正在校对文件（Checking file）： https://raw.communitydragon.org/latest/plugins/rcp-be-lol-game-data/global/zh_cn/v1/strawberry-hub.json
[2024-07-23 11-27-58][9/18][19/31]正在校对文件（Checking file）： https://raw.communitydragon.org/latest/plugins/rcp-be-lol-game-data/global/zh_cn/v1/stylesheet.json
[2024-07-23 11-27-59][9/18][20/31]正在校对文件（Checking file）： https://raw.communitydragon.org/latest/plugins/rcp-be-lol-game-data/global/zh_cn/v1/summoner-emotes.json
[2024-07-23 11-28-01][9/18][21/31]正在校对文件（Checking file）： https://raw.communitydragon.org/latest/plugins/rcp-be-lol-game-data/global/zh_cn/v1/summoner-icons.json
[2024-07-23 11-28-03][9/18][22/31]正在校对文件（Checking file）： https://raw.communitydragon.org/latest/plugins/rcp-be-lol-game-data/global/zh_cn/v1/tftdamageskins.json
[2024-07-23 11-28-04][9/18][23/31]正在校对文件（Checking file）： https://raw.communitydragon.org/latest/plugins/rcp-be-lol-game-data/global/zh_cn/v1/tftmapskins.json
[2024-07-23 11-28-05][9/18][24/31]正在校对文件（Checking file）： https://raw.communitydragon.org/latest/plugins/rcp-be-lol-game-data/global/zh_cn/v1/tftregionportals.json
[2024-07-23 11-28-06][9/18][25/31]正在校对文件（Checking file）： https://raw.communitydragon.org/latest/plugins/rcp-be-lol-game-data/global/zh_cn/v1/tftrotationalshopitemdata.json
[2024-07-23 11-28-07][9/18][26/31]正在校对文件（Checking file）： https://raw.communitydragon.org/latest/plugins/rcp-be-lol-game-data/global/zh_cn/v1/tfttraits.json
[2024-07-23 11-28-09][9/18][27/31]正在校对文件（Checking file）： https://raw.communitydragon.org/latest/plugins/rcp-be-lol-game-data/global/zh_cn/v1/tfttrovesbannerrewards.json
[2024-07-23 11-28-10][9/18][28/31]正在校对文件（Checking file）： https://raw.communitydragon.org/latest/plugins/rcp-be-lol-game-data/global/zh_cn/v1/tfttrovesbanners.json
[2024-07-23 11-28-14][9/18][29/31]正在校对文件（Checking file）： https://raw.communitydragon.org/latest/plugins/rcp-be-lol-game-data/global/zh_cn/v1/tfttrovestablesnames.json
[2024-07-23 11-28-15][9/18][30/31]正在校对文件（Checking file）： https://raw.communitydragon.org/latest/plugins/rcp-be-lol-game-data/global/zh_cn/v1/universes.json
[2024-07-23 11-28-17][9/18][31/31]正在校对文件（Checking file）： https://raw.communitydragon.org/latest/plugins/rcp-be-lol-game-data/global/zh_cn/v1/ward-skins.json
[2024-07-23 11-28-18][10/18]正在检查文件夹（Checking the folder）：https://raw.communitydragon.org/pbe/
[2024-07-23 11-28-19]页面新文件列表如下：
New file list is as follows:
网页链接（URL)： https://raw.communitydragon.org/pbe/
             file                size        web_date         web_timestamp        local_date          local_timestamp   
 compat-version-metadata.json    59 B    2024-Jul-23 02:44    1721673840.0     2024-07-22 19-05-12    1721646312.7319012 
    content-metadata.json        61 B    2024-Jul-23 02:44    1721673840.0     2024-07-22 19-05-13    1721646313.3775687 
[2024-07-23 11-28-19][10/18][1/2]正在校对文件（Checking file）： https://raw.communitydragon.org/pbe/compat-version-metadata.json
[2024-07-23 11-28-20]已更新文件（Updated file）：离线数据（Offline Data）/cdragon/pbe/compat-version-metadata.json
[2024-07-23 11-28-20][10/18][2/2]正在校对文件（Checking file）： https://raw.communitydragon.org/pbe/content-metadata.json
[2024-07-23 11-28-21]已更新文件（Updated file）：离线数据（Offline Data）/cdragon/pbe/content-metadata.json
[2024-07-23 11-28-21][11/18]正在检查文件夹（Checking the folder）：https://raw.communitydragon.org/pbe/cdragon/arena/
[2024-07-23 11-28-22]页面新文件列表如下：
New file list is as follows:
网页链接（URL)： https://raw.communitydragon.org/pbe/cdragon/arena/
Empty DataFrame
Columns: [file, size, web_date, web_timestamp, local_date, local_timestamp]
Index: []
[2024-07-23 11-28-22][12/18]正在检查文件夹（Checking the folder）：https://raw.communitydragon.org/pbe/cdragon/tft/
[2024-07-23 11-28-23]页面新文件列表如下：
New file list is as follows:
网页链接（URL)： https://raw.communitydragon.org/pbe/cdragon/tft/
Empty DataFrame
Columns: [file, size, web_date, web_timestamp, local_date, local_timestamp]
Index: []
[2024-07-23 11-28-23][13/18]正在检查文件夹（Checking the folder）：https://raw.communitydragon.org/pbe/plugins/rcp-be-lol-game-data/global/default/v1/champions/
[2024-07-23 11-28-24]页面新文件列表如下：
New file list is as follows:
网页链接（URL)： https://raw.communitydragon.org/pbe/plugins/rcp-be-lol-game-data/global/default/v1/champions/
   file        size          web_date         web_timestamp        local_date          local_timestamp   
 238.json    35.5 KiB    2024-Jul-23 02:45    1721673900.0     2024-07-22 19-05-16    1721646316.9673424 
 69.json     24.7 KiB    2024-Jul-23 02:45    1721673900.0     2024-07-22 19-05-18    1721646318.365003  
 777.json    32.1 KiB    2024-Jul-23 02:45    1721673900.0     2024-07-22 19-05-19    1721646319.4544237 
 84.json     45.5 KiB    2024-Jul-23 02:45    1721673900.0     2024-07-22 19-05-20    1721646320.5381255 
 893.json    13.6 KiB    2024-Jul-23 02:45    1721673900.0     2024-07-22 19-05-22    1721646322.1515126 
[2024-07-23 11-28-24][13/18][1/5]正在校对文件（Checking file）： https://raw.communitydragon.org/pbe/plugins/rcp-be-lol-game-data/global/default/v1/champions/238.json
[2024-07-23 11-28-25][13/18][2/5]正在校对文件（Checking file）： https://raw.communitydragon.org/pbe/plugins/rcp-be-lol-game-data/global/default/v1/champions/69.json
[2024-07-23 11-28-26][13/18][3/5]正在校对文件（Checking file）： https://raw.communitydragon.org/pbe/plugins/rcp-be-lol-game-data/global/default/v1/champions/777.json
[2024-07-23 11-28-27][13/18][4/5]正在校对文件（Checking file）： https://raw.communitydragon.org/pbe/plugins/rcp-be-lol-game-data/global/default/v1/champions/84.json
[2024-07-23 11-28-28][13/18][5/5]正在校对文件（Checking file）： https://raw.communitydragon.org/pbe/plugins/rcp-be-lol-game-data/global/default/v1/champions/893.json
[2024-07-23 11-28-29][14/18]正在检查文件夹（Checking the folder）：https://raw.communitydragon.org/pbe/plugins/rcp-be-lol-game-data/global/default/v1/map-assets/
[2024-07-23 11-28-30]页面新文件列表如下：
New file list is as follows:
网页链接（URL)： https://raw.communitydragon.org/pbe/plugins/rcp-be-lol-game-data/global/default/v1/map-assets/
Empty DataFrame
Columns: [file, size, web_date, web_timestamp, local_date, local_timestamp]
Index: []
[2024-07-23 11-28-30][15/18]正在检查文件夹（Checking the folder）：https://raw.communitydragon.org/pbe/plugins/rcp-be-lol-game-data/global/default/v1/
[2024-07-23 11-28-31]页面新文件列表如下：
New file list is as follows:
网页链接（URL)： https://raw.communitydragon.org/pbe/plugins/rcp-be-lol-game-data/global/default/v1/
                file                     size           web_date         web_timestamp        local_date          local_timestamp   
          challenges.json              592.5 KiB    2024-Jul-23 02:45    1721673900.0     2024-07-22 19-05-25    1721646325.7033684 
 champion-rune-recommendations.json    340.2 KiB    2024-Jul-23 02:45    1721673900.0     2024-07-22 19-05-26    1721646326.8911133 
           event-hub.json              51.7 KiB     2024-Jul-23 02:45    1721673900.0     2024-07-11 10-42-38    1720665758.0961246 
        generic-assets.json            175.2 KiB    2024-Jul-23 02:45    1721673900.0     2024-07-17 12-35-52    1721190952.0945392 
             items.json                440.7 KiB    2024-Jul-23 02:45    1721673900.0     2024-07-22 19-05-28    1721646328.4333594 
             perks.json                93.5 KiB     2024-Jul-23 02:45    1721673900.0     2024-07-22 19-05-29    1721646329.6856763 
        strawberry-hub.json            192.3 KiB    2024-Jul-23 02:45    1721673900.0     2024-07-22 19-05-31    1721646331.4136894 
          stylesheet.json              19.7 KiB     2024-Jul-23 02:45    1721673900.0     2024-07-22 19-05-32    1721646332.387878  
           tftitems.json               318.1 KiB    2024-Jul-23 02:45    1721673900.0     2024-07-22 19-05-33    1721646333.6512737 
           tfttraits.json              161.9 KiB    2024-Jul-23 02:45    1721673900.0     2024-07-22 19-05-35    1721646335.0545356 
[2024-07-23 11-28-31][15/18][1/10]正在校对文件（Checking file）： https://raw.communitydragon.org/pbe/plugins/rcp-be-lol-game-data/global/default/v1/challenges.json
[2024-07-23 11-28-33][15/18][2/10]正在校对文件（Checking file）： https://raw.communitydragon.org/pbe/plugins/rcp-be-lol-game-data/global/default/v1/champion-rune-recommendations.json
[2024-07-23 11-28-34]已更新文件（Updated file）：离线数据（Offline Data）/cdragon/pbe/plugins/rcp-be-lol-game-data/global/default/v1/champion-rune-recommendations.json
[2024-07-23 11-28-34][15/18][3/10]正在校对文件（Checking file）： https://raw.communitydragon.org/pbe/plugins/rcp-be-lol-game-data/global/default/v1/event-hub.json
[2024-07-23 11-28-35]已更新文件（Updated file）：离线数据（Offline Data）/cdragon/pbe/plugins/rcp-be-lol-game-data/global/default/v1/event-hub.json
[2024-07-23 11-28-35][15/18][4/10]正在校对文件（Checking file）： https://raw.communitydragon.org/pbe/plugins/rcp-be-lol-game-data/global/default/v1/generic-assets.json
[2024-07-23 11-28-36]已更新文件（Updated file）：离线数据（Offline Data）/cdragon/pbe/plugins/rcp-be-lol-game-data/global/default/v1/generic-assets.json
[2024-07-23 11-28-36][15/18][5/10]正在校对文件（Checking file）： https://raw.communitydragon.org/pbe/plugins/rcp-be-lol-game-data/global/default/v1/items.json
[2024-07-23 11-28-38]已更新文件（Updated file）：离线数据（Offline Data）/cdragon/pbe/plugins/rcp-be-lol-game-data/global/default/v1/items.json
[2024-07-23 11-28-38][15/18][6/10]正在校对文件（Checking file）： https://raw.communitydragon.org/pbe/plugins/rcp-be-lol-game-data/global/default/v1/perks.json
[2024-07-23 11-28-39][15/18][7/10]正在校对文件（Checking file）： https://raw.communitydragon.org/pbe/plugins/rcp-be-lol-game-data/global/default/v1/strawberry-hub.json
[2024-07-23 11-28-41][15/18][8/10]正在校对文件（Checking file）： https://raw.communitydragon.org/pbe/plugins/rcp-be-lol-game-data/global/default/v1/stylesheet.json
[2024-07-23 11-28-42][15/18][9/10]正在校对文件（Checking file）： https://raw.communitydragon.org/pbe/plugins/rcp-be-lol-game-data/global/default/v1/tftitems.json
[2024-07-23 11-28-43]已更新文件（Updated file）：离线数据（Offline Data）/cdragon/pbe/plugins/rcp-be-lol-game-data/global/default/v1/tftitems.json
[2024-07-23 11-28-43][15/18][10/10]正在校对文件（Checking file）： https://raw.communitydragon.org/pbe/plugins/rcp-be-lol-game-data/global/default/v1/tfttraits.json
[2024-07-23 11-28-45]已更新文件（Updated file）：离线数据（Offline Data）/cdragon/pbe/plugins/rcp-be-lol-game-data/global/default/v1/tfttraits.json
[2024-07-23 11-28-45][16/18]正在检查文件夹（Checking the folder）：https://raw.communitydragon.org/pbe/plugins/rcp-be-lol-game-data/global/zh_cn/v1/champions/
[2024-07-23 11-28-46]页面新文件列表如下：
New file list is as follows:
网页链接（URL)： https://raw.communitydragon.org/pbe/plugins/rcp-be-lol-game-data/global/zh_cn/v1/champions/
   file        size          web_date         web_timestamp        local_date          local_timestamp   
 121.json    35.5 KiB    2024-Jul-23 02:45    1721673900.0     2024-06-24 14-29-30    1719210570.1376758 
 14.json     29.4 KiB    2024-Jul-23 02:45    1721673900.0     2024-07-17 12-36-32    1721190992.7275615 
 157.json    46.3 KiB    2024-Jul-23 02:45    1721673900.0     2024-07-19 11-36-33    1721360193.6983042 
 233.json    18.3 KiB    2024-Jul-23 02:45    1721673900.0     2024-07-17 12-36-35    1721190995.4108222 
 238.json    38.2 KiB    2024-Jul-23 02:45    1721673900.0     2024-07-22 19-05-36    1721646336.8218215 
 266.json    30.9 KiB    2024-Jul-23 02:45    1721673900.0     2024-07-19 11-36-34    1721360194.4807742 
 420.json    22.9 KiB    2024-Jul-23 02:45    1721673900.0     2024-07-19 11-36-35    1721360195.5691645 
 69.json     25.9 KiB    2024-Jul-23 02:45    1721673900.0     2024-07-22 19-05-37    1721646337.7939584 
 777.json    34.1 KiB    2024-Jul-23 02:45    1721673900.0     2024-07-22 19-05-38    1721646338.685698  
 84.json     48.6 KiB    2024-Jul-22 18:42    1721644920.0     2024-07-22 19-05-39    1721646339.6966305 
 89.json     41.4 KiB    2024-Jul-23 02:45    1721673900.0     2024-07-19 11-36-41    1721360201.128711  
 893.json    13.7 KiB    2024-Jul-23 02:45    1721673900.0     2024-07-11 10-43-05    1720665785.5568426 
 91.json     33.2 KiB    2024-Jul-23 02:45    1721673900.0     2024-07-22 19-05-40    1721646340.7195246 
[2024-07-23 11-28-46][16/18][1/13]正在校对文件（Checking file）： https://raw.communitydragon.org/pbe/plugins/rcp-be-lol-game-data/global/zh_cn/v1/champions/121.json
[2024-07-23 11-28-46]已更新文件（Updated file）：离线数据（Offline Data）/cdragon/pbe/plugins/rcp-be-lol-game-data/global/zh_cn/v1/champions/121.json
[2024-07-23 11-28-46][16/18][2/13]正在校对文件（Checking file）： https://raw.communitydragon.org/pbe/plugins/rcp-be-lol-game-data/global/zh_cn/v1/champions/14.json
[2024-07-23 11-28-47]已更新文件（Updated file）：离线数据（Offline Data）/cdragon/pbe/plugins/rcp-be-lol-game-data/global/zh_cn/v1/champions/14.json
[2024-07-23 11-28-47][16/18][3/13]正在校对文件（Checking file）： https://raw.communitydragon.org/pbe/plugins/rcp-be-lol-game-data/global/zh_cn/v1/champions/157.json
[2024-07-23 11-28-48]已更新文件（Updated file）：离线数据（Offline Data）/cdragon/pbe/plugins/rcp-be-lol-game-data/global/zh_cn/v1/champions/157.json
[2024-07-23 11-28-48][16/18][4/13]正在校对文件（Checking file）： https://raw.communitydragon.org/pbe/plugins/rcp-be-lol-game-data/global/zh_cn/v1/champions/233.json
[2024-07-23 11-28-49]已更新文件（Updated file）：离线数据（Offline Data）/cdragon/pbe/plugins/rcp-be-lol-game-data/global/zh_cn/v1/champions/233.json
[2024-07-23 11-28-49][16/18][5/13]正在校对文件（Checking file）： https://raw.communitydragon.org/pbe/plugins/rcp-be-lol-game-data/global/zh_cn/v1/champions/238.json
[2024-07-23 11-28-50][16/18][6/13]正在校对文件（Checking file）： https://raw.communitydragon.org/pbe/plugins/rcp-be-lol-game-data/global/zh_cn/v1/champions/266.json
[2024-07-23 11-28-51]已更新文件（Updated file）：离线数据（Offline Data）/cdragon/pbe/plugins/rcp-be-lol-game-data/global/zh_cn/v1/champions/266.json
[2024-07-23 11-28-51][16/18][7/13]正在校对文件（Checking file）： https://raw.communitydragon.org/pbe/plugins/rcp-be-lol-game-data/global/zh_cn/v1/champions/420.json
[2024-07-23 11-28-52]已更新文件（Updated file）：离线数据（Offline Data）/cdragon/pbe/plugins/rcp-be-lol-game-data/global/zh_cn/v1/champions/420.json
[2024-07-23 11-28-52][16/18][8/13]正在校对文件（Checking file）： https://raw.communitydragon.org/pbe/plugins/rcp-be-lol-game-data/global/zh_cn/v1/champions/69.json
[2024-07-23 11-28-53][16/18][9/13]正在校对文件（Checking file）： https://raw.communitydragon.org/pbe/plugins/rcp-be-lol-game-data/global/zh_cn/v1/champions/777.json
[2024-07-23 11-28-54]已更新文件（Updated file）：离线数据（Offline Data）/cdragon/pbe/plugins/rcp-be-lol-game-data/global/zh_cn/v1/champions/777.json
[2024-07-23 11-28-54][16/18][10/13]正在校对文件（Checking file）： https://raw.communitydragon.org/pbe/plugins/rcp-be-lol-game-data/global/zh_cn/v1/champions/84.json
[2024-07-23 11-28-54][16/18][11/13]正在校对文件（Checking file）： https://raw.communitydragon.org/pbe/plugins/rcp-be-lol-game-data/global/zh_cn/v1/champions/89.json
[2024-07-23 11-28-55]已更新文件（Updated file）：离线数据（Offline Data）/cdragon/pbe/plugins/rcp-be-lol-game-data/global/zh_cn/v1/champions/89.json
[2024-07-23 11-28-55][16/18][12/13]正在校对文件（Checking file）： https://raw.communitydragon.org/pbe/plugins/rcp-be-lol-game-data/global/zh_cn/v1/champions/893.json
[2024-07-23 11-28-56]已更新文件（Updated file）：离线数据（Offline Data）/cdragon/pbe/plugins/rcp-be-lol-game-data/global/zh_cn/v1/champions/893.json
[2024-07-23 11-28-56][16/18][13/13]正在校对文件（Checking file）： https://raw.communitydragon.org/pbe/plugins/rcp-be-lol-game-data/global/zh_cn/v1/champions/91.json
[2024-07-23 11-28-57]已更新文件（Updated file）：离线数据（Offline Data）/cdragon/pbe/plugins/rcp-be-lol-game-data/global/zh_cn/v1/champions/91.json
[2024-07-23 11-28-57][17/18]正在检查文件夹（Checking the folder）：https://raw.communitydragon.org/pbe/plugins/rcp-be-lol-game-data/global/zh_cn/v1/map-assets/
[2024-07-23 11-28-59]页面新文件列表如下：
New file list is as follows:
网页链接（URL)： https://raw.communitydragon.org/pbe/plugins/rcp-be-lol-game-data/global/zh_cn/v1/map-assets/
Empty DataFrame
Columns: [file, size, web_date, web_timestamp, local_date, local_timestamp]
Index: []
[2024-07-23 11-28-59][18/18]正在检查文件夹（Checking the folder）：https://raw.communitydragon.org/pbe/plugins/rcp-be-lol-game-data/global/zh_cn/v1/
[2024-07-23 11-29-00]页面新文件列表如下：
New file list is as follows:
网页链接（URL)： https://raw.communitydragon.org/pbe/plugins/rcp-be-lol-game-data/global/zh_cn/v1/
              file                   size           web_date         web_timestamp        local_date          local_timestamp   
        challenges.json            599.0 KiB    2024-Jul-23 02:45    1721673900.0     2024-07-22 19-05-44    1721646344.115801  
      cherry-augments.json         45.1 KiB     2024-Jul-23 02:45    1721673900.0     2024-07-19 11-36-46    1721360206.018355  
        companions.json            750.6 KiB    2024-Jul-23 02:45    1721673900.0     2024-07-17 12-36-52    1721191012.7424023 
         event-hub.json            52.2 KiB     2024-Jul-23 02:45    1721673900.0     2024-07-17 12-36-54    1721191014.1838837 
      generic-assets.json          175.2 KiB    2024-Jul-23 02:45    1721673900.0     2024-07-17 12-36-55    1721191015.5232534 
           items.json              439.4 KiB    2024-Jul-23 02:45    1721673900.0     2024-07-22 19-05-45    1721646345.811579  
           loot.json                2.8 MiB     2024-Jul-23 02:45    1721673900.0     2024-07-19 11-36-49    1721360209.9658825 
           perks.json              95.7 KiB     2024-Jul-23 02:45    1721673900.0     2024-07-22 19-05-46    1721646346.7865646 
           skins.json               3.4 MiB     2024-Jul-23 02:45    1721673900.0     2024-07-19 11-36-53    1721360213.8139684 
      strawberry-hub.json          195.6 KiB    2024-Jul-23 02:45    1721673900.0     2024-07-17 12-37-07    1721191027.0904582 
        stylesheet.json            19.7 KiB     2024-Jul-23 02:45    1721673900.0     2024-07-22 19-05-47    1721646347.7946494 
      summoner-emotes.json         318.8 KiB    2024-Jul-23 02:45    1721673900.0     2024-07-17 12-37-10    1721191030.5073557 
      summoner-icons.json           1.4 MiB     2024-Jul-23 02:45    1721673900.0     2024-07-17 12-37-12    1721191032.3470235 
         tftitems.json             317.2 KiB    2024-Jul-23 02:45    1721673900.0     2024-07-22 19-05-49    1721646349.4607248 
       tftplaybooks.json           55.5 KiB     2024-Jul-23 02:45    1721673900.0     2024-07-22 19-05-50     1721646350.54046  
 tftrotationalshopitemdata.json    748.5 KiB    2024-Jul-23 02:45    1721673900.0     2024-07-17 12-37-27    1721191047.2497134 
         tfttraits.json            164.7 KiB    2024-Jul-23 02:45    1721673900.0     2024-07-22 19-05-51    1721646351.4681048 
  tfttrovesbannerrewards.json      662.8 KiB    2024-Jul-23 02:45    1721673900.0     2024-07-19 11-37-06    1721360226.5896518 
     tfttrovesbanners.json          6.1 MiB     2024-Jul-23 02:45    1721673900.0     2024-07-19 11-37-10    1721360230.3059256 
   tfttrovestablesnames.json       326.0 KiB    2024-Jul-23 02:45    1721673900.0     2024-07-19 11-37-12    1721360232.439767  
[2024-07-23 11-29-00][18/18][1/20]正在校对文件（Checking file）： https://raw.communitydragon.org/pbe/plugins/rcp-be-lol-game-data/global/zh_cn/v1/challenges.json
[2024-07-23 11-29-01][18/18][2/20]正在校对文件（Checking file）： https://raw.communitydragon.org/pbe/plugins/rcp-be-lol-game-data/global/zh_cn/v1/cherry-augments.json
[2024-07-23 11-29-02]已更新文件（Updated file）：离线数据（Offline Data）/cdragon/pbe/plugins/rcp-be-lol-game-data/global/zh_cn/v1/cherry-augments.json
[2024-07-23 11-29-02][18/18][3/20]正在校对文件（Checking file）： https://raw.communitydragon.org/pbe/plugins/rcp-be-lol-game-data/global/zh_cn/v1/companions.json
[2024-07-23 11-29-05]已更新文件（Updated file）：离线数据（Offline Data）/cdragon/pbe/plugins/rcp-be-lol-game-data/global/zh_cn/v1/companions.json
[2024-07-23 11-29-05][18/18][4/20]正在校对文件（Checking file）： https://raw.communitydragon.org/pbe/plugins/rcp-be-lol-game-data/global/zh_cn/v1/event-hub.json
[2024-07-23 11-29-06]已更新文件（Updated file）：离线数据（Offline Data）/cdragon/pbe/plugins/rcp-be-lol-game-data/global/zh_cn/v1/event-hub.json
[2024-07-23 11-29-06][18/18][5/20]正在校对文件（Checking file）： https://raw.communitydragon.org/pbe/plugins/rcp-be-lol-game-data/global/zh_cn/v1/generic-assets.json
[2024-07-23 11-29-07]已更新文件（Updated file）：离线数据（Offline Data）/cdragon/pbe/plugins/rcp-be-lol-game-data/global/zh_cn/v1/generic-assets.json
[2024-07-23 11-29-07][18/18][6/20]正在校对文件（Checking file）： https://raw.communitydragon.org/pbe/plugins/rcp-be-lol-game-data/global/zh_cn/v1/items.json
[2024-07-23 11-29-09]已更新文件（Updated file）：离线数据（Offline Data）/cdragon/pbe/plugins/rcp-be-lol-game-data/global/zh_cn/v1/items.json
[2024-07-23 11-29-09][18/18][7/20]正在校对文件（Checking file）： https://raw.communitydragon.org/pbe/plugins/rcp-be-lol-game-data/global/zh_cn/v1/loot.json
[2024-07-23 11-29-11]已更新文件（Updated file）：离线数据（Offline Data）/cdragon/pbe/plugins/rcp-be-lol-game-data/global/zh_cn/v1/loot.json
[2024-07-23 11-29-11][18/18][8/20]正在校对文件（Checking file）： https://raw.communitydragon.org/pbe/plugins/rcp-be-lol-game-data/global/zh_cn/v1/perks.json
[2024-07-23 11-29-12][18/18][9/20]正在校对文件（Checking file）： https://raw.communitydragon.org/pbe/plugins/rcp-be-lol-game-data/global/zh_cn/v1/skins.json
[2024-07-23 11-29-15]已更新文件（Updated file）：离线数据（Offline Data）/cdragon/pbe/plugins/rcp-be-lol-game-data/global/zh_cn/v1/skins.json
[2024-07-23 11-29-15][18/18][10/20]正在校对文件（Checking file）： https://raw.communitydragon.org/pbe/plugins/rcp-be-lol-game-data/global/zh_cn/v1/strawberry-hub.json
[2024-07-23 11-29-16]已更新文件（Updated file）：离线数据（Offline Data）/cdragon/pbe/plugins/rcp-be-lol-game-data/global/zh_cn/v1/strawberry-hub.json
[2024-07-23 11-29-16][18/18][11/20]正在校对文件（Checking file）： https://raw.communitydragon.org/pbe/plugins/rcp-be-lol-game-data/global/zh_cn/v1/stylesheet.json
[2024-07-23 11-29-17][18/18][12/20]正在校对文件（Checking file）： https://raw.communitydragon.org/pbe/plugins/rcp-be-lol-game-data/global/zh_cn/v1/summoner-emotes.json
[2024-07-23 11-29-19]已更新文件（Updated file）：离线数据（Offline Data）/cdragon/pbe/plugins/rcp-be-lol-game-data/global/zh_cn/v1/summoner-emotes.json
[2024-07-23 11-29-19][18/18][13/20]正在校对文件（Checking file）： https://raw.communitydragon.org/pbe/plugins/rcp-be-lol-game-data/global/zh_cn/v1/summoner-icons.json
[2024-07-23 11-29-20]已更新文件（Updated file）：离线数据（Offline Data）/cdragon/pbe/plugins/rcp-be-lol-game-data/global/zh_cn/v1/summoner-icons.json
[2024-07-23 11-29-20][18/18][14/20]正在校对文件（Checking file）： https://raw.communitydragon.org/pbe/plugins/rcp-be-lol-game-data/global/zh_cn/v1/tftitems.json
[2024-07-23 11-29-22]已更新文件（Updated file）：离线数据（Offline Data）/cdragon/pbe/plugins/rcp-be-lol-game-data/global/zh_cn/v1/tftitems.json
[2024-07-23 11-29-22][18/18][15/20]正在校对文件（Checking file）： https://raw.communitydragon.org/pbe/plugins/rcp-be-lol-game-data/global/zh_cn/v1/tftplaybooks.json
[2024-07-23 11-29-23]已更新文件（Updated file）：离线数据（Offline Data）/cdragon/pbe/plugins/rcp-be-lol-game-data/global/zh_cn/v1/tftplaybooks.json
[2024-07-23 11-29-23][18/18][16/20]正在校对文件（Checking file）： https://raw.communitydragon.org/pbe/plugins/rcp-be-lol-game-data/global/zh_cn/v1/tftrotationalshopitemdata.json
[2024-07-23 11-29-24]已更新文件（Updated file）：离线数据（Offline Data）/cdragon/pbe/plugins/rcp-be-lol-game-data/global/zh_cn/v1/tftrotationalshopitemdata.json
[2024-07-23 11-29-24][18/18][17/20]正在校对文件（Checking file）： https://raw.communitydragon.org/pbe/plugins/rcp-be-lol-game-data/global/zh_cn/v1/tfttraits.json
[2024-07-23 11-29-25]已更新文件（Updated file）：离线数据（Offline Data）/cdragon/pbe/plugins/rcp-be-lol-game-data/global/zh_cn/v1/tfttraits.json
[2024-07-23 11-29-25][18/18][18/20]正在校对文件（Checking file）： https://raw.communitydragon.org/pbe/plugins/rcp-be-lol-game-data/global/zh_cn/v1/tfttrovesbannerrewards.json
[2024-07-23 11-29-27]已更新文件（Updated file）：离线数据（Offline Data）/cdragon/pbe/plugins/rcp-be-lol-game-data/global/zh_cn/v1/tfttrovesbannerrewards.json
[2024-07-23 11-29-27][18/18][19/20]正在校对文件（Checking file）： https://raw.communitydragon.org/pbe/plugins/rcp-be-lol-game-data/global/zh_cn/v1/tfttrovesbanners.json
[2024-07-23 11-29-30]已更新文件（Updated file）：离线数据（Offline Data）/cdragon/pbe/plugins/rcp-be-lol-game-data/global/zh_cn/v1/tfttrovesbanners.json
[2024-07-23 11-29-30][18/18][20/20]正在校对文件（Checking file）： https://raw.communitydragon.org/pbe/plugins/rcp-be-lol-game-data/global/zh_cn/v1/tfttrovestablesnames.json
[2024-07-23 11-29-32]已更新文件（Updated file）：离线数据（Offline Data）/cdragon/pbe/plugins/rcp-be-lol-game-data/global/zh_cn/v1/tfttrovestablesnames.json
已更新以下37个文件：
Updated the following 37 file(s):
https://raw.communitydragon.org/latest/compat-version-metadata.json
https://raw.communitydragon.org/latest/content-metadata.json
https://raw.communitydragon.org/pbe/compat-version-metadata.json
https://raw.communitydragon.org/pbe/content-metadata.json
https://raw.communitydragon.org/pbe/plugins/rcp-be-lol-game-data/global/default/v1/champion-rune-recommendations.json
https://raw.communitydragon.org/pbe/plugins/rcp-be-lol-game-data/global/default/v1/event-hub.json
https://raw.communitydragon.org/pbe/plugins/rcp-be-lol-game-data/global/default/v1/generic-assets.json
https://raw.communitydragon.org/pbe/plugins/rcp-be-lol-game-data/global/default/v1/items.json
https://raw.communitydragon.org/pbe/plugins/rcp-be-lol-game-data/global/default/v1/tftitems.json
https://raw.communitydragon.org/pbe/plugins/rcp-be-lol-game-data/global/default/v1/tfttraits.json
https://raw.communitydragon.org/pbe/plugins/rcp-be-lol-game-data/global/zh_cn/v1/champions/121.json
https://raw.communitydragon.org/pbe/plugins/rcp-be-lol-game-data/global/zh_cn/v1/champions/14.json
https://raw.communitydragon.org/pbe/plugins/rcp-be-lol-game-data/global/zh_cn/v1/champions/157.json
https://raw.communitydragon.org/pbe/plugins/rcp-be-lol-game-data/global/zh_cn/v1/champions/233.json
https://raw.communitydragon.org/pbe/plugins/rcp-be-lol-game-data/global/zh_cn/v1/champions/266.json
https://raw.communitydragon.org/pbe/plugins/rcp-be-lol-game-data/global/zh_cn/v1/champions/420.json
https://raw.communitydragon.org/pbe/plugins/rcp-be-lol-game-data/global/zh_cn/v1/champions/777.json
https://raw.communitydragon.org/pbe/plugins/rcp-be-lol-game-data/global/zh_cn/v1/champions/89.json
https://raw.communitydragon.org/pbe/plugins/rcp-be-lol-game-data/global/zh_cn/v1/champions/893.json
https://raw.communitydragon.org/pbe/plugins/rcp-be-lol-game-data/global/zh_cn/v1/champions/91.json
https://raw.communitydragon.org/pbe/plugins/rcp-be-lol-game-data/global/zh_cn/v1/cherry-augments.json
https://raw.communitydragon.org/pbe/plugins/rcp-be-lol-game-data/global/zh_cn/v1/companions.json
https://raw.communitydragon.org/pbe/plugins/rcp-be-lol-game-data/global/zh_cn/v1/event-hub.json
https://raw.communitydragon.org/pbe/plugins/rcp-be-lol-game-data/global/zh_cn/v1/generic-assets.json
https://raw.communitydragon.org/pbe/plugins/rcp-be-lol-game-data/global/zh_cn/v1/items.json
https://raw.communitydragon.org/pbe/plugins/rcp-be-lol-game-data/global/zh_cn/v1/loot.json
https://raw.communitydragon.org/pbe/plugins/rcp-be-lol-game-data/global/zh_cn/v1/skins.json
https://raw.communitydragon.org/pbe/plugins/rcp-be-lol-game-data/global/zh_cn/v1/strawberry-hub.json
https://raw.communitydragon.org/pbe/plugins/rcp-be-lol-game-data/global/zh_cn/v1/summoner-emotes.json
https://raw.communitydragon.org/pbe/plugins/rcp-be-lol-game-data/global/zh_cn/v1/summoner-icons.json
https://raw.communitydragon.org/pbe/plugins/rcp-be-lol-game-data/global/zh_cn/v1/tftitems.json
https://raw.communitydragon.org/pbe/plugins/rcp-be-lol-game-data/global/zh_cn/v1/tftplaybooks.json
https://raw.communitydragon.org/pbe/plugins/rcp-be-lol-game-data/global/zh_cn/v1/tftrotationalshopitemdata.json
https://raw.communitydragon.org/pbe/plugins/rcp-be-lol-game-data/global/zh_cn/v1/tfttraits.json
https://raw.communitydragon.org/pbe/plugins/rcp-be-lol-game-data/global/zh_cn/v1/tfttrovesbannerrewards.json
https://raw.communitydragon.org/pbe/plugins/rcp-be-lol-game-data/global/zh_cn/v1/tfttrovesbanners.json
https://raw.communitydragon.org/pbe/plugins/rcp-be-lol-game-data/global/zh_cn/v1/tfttrovestablesnames.json

请选择要更新的数据资源，输入空字符串以退出程序：
Please select the data resource to update, or submit an empty string to exit the program:
1	CommunityDragon
2	DataDragon

[The program has exited!]
