请选择要更新的数据资源，输入空字符串以退出程序：
Please select the data resource to update, or submit an empty string to exit the program:
1	CommunityDragon
2	DataDragon
1
请选择更新模式：
Please select the update mode:
1	全局扫描（Global Scanning）
2	按修改时间更新（Updating According to Modification Time）
3	更新指定文件夹（Updating Specified Folders）

请选择一种方式指定修改时间：
Please select a method of specifying the modification time:
1	自动获取（Automatically get）
2	手动输入（Manually input）

[2024-11-28 08-45-39][1/18]正在检查文件夹（Checking the folder）：https://raw.communitydragon.org/latest/
[2024-11-28 08-45-40]页面新文件列表如下：
New file list is as follows:
网页链接（URL)： https://raw.communitydragon.org/latest/
Empty DataFrame
Columns: [file, size, web_date, web_timestamp, local_date, local_timestamp]
Index: []
[2024-11-28 08-45-40][2/18]正在检查文件夹（Checking the folder）：https://raw.communitydragon.org/latest/cdragon/arena/
[2024-11-28 08-45-41]页面新文件列表如下：
New file list is as follows:
网页链接（URL)： https://raw.communitydragon.org/latest/cdragon/arena/
Empty DataFrame
Columns: [file, size, web_date, web_timestamp, local_date, local_timestamp]
Index: []
[2024-11-28 08-45-41][3/18]正在检查文件夹（Checking the folder）：https://raw.communitydragon.org/latest/cdragon/tft/
[2024-11-28 08-45-42]页面新文件列表如下：
New file list is as follows:
网页链接（URL)： https://raw.communitydragon.org/latest/cdragon/tft/
Empty DataFrame
Columns: [file, size, web_date, web_timestamp, local_date, local_timestamp]
Index: []
[2024-11-28 08-45-42][4/18]正在检查文件夹（Checking the folder）：https://raw.communitydragon.org/latest/plugins/rcp-be-lol-game-data/global/default/v1/champions/
[2024-11-28 08-45-43]页面新文件列表如下：
New file list is as follows:
网页链接（URL)： https://raw.communitydragon.org/latest/plugins/rcp-be-lol-game-data/global/default/v1/champions/
Empty DataFrame
Columns: [file, size, web_date, web_timestamp, local_date, local_timestamp]
Index: []
[2024-11-28 08-45-43][5/18]正在检查文件夹（Checking the folder）：https://raw.communitydragon.org/latest/plugins/rcp-be-lol-game-data/global/default/v1/map-assets/
[2024-11-28 08-45-44]页面新文件列表如下：
New file list is as follows:
网页链接（URL)： https://raw.communitydragon.org/latest/plugins/rcp-be-lol-game-data/global/default/v1/map-assets/
Empty DataFrame
Columns: [file, size, web_date, web_timestamp, local_date, local_timestamp]
Index: []
[2024-11-28 08-45-44][6/18]正在检查文件夹（Checking the folder）：https://raw.communitydragon.org/latest/plugins/rcp-be-lol-game-data/global/default/v1/
[2024-11-28 08-45-45]页面新文件列表如下：
New file list is as follows:
网页链接（URL)： https://raw.communitydragon.org/latest/plugins/rcp-be-lol-game-data/global/default/v1/
Empty DataFrame
Columns: [file, size, web_date, web_timestamp, local_date, local_timestamp]
Index: []
[2024-11-28 08-45-45][7/18]正在检查文件夹（Checking the folder）：https://raw.communitydragon.org/latest/plugins/rcp-be-lol-game-data/global/zh_cn/v1/champions/
[2024-11-28 08-45-48]页面新文件列表如下：
New file list is as follows:
网页链接（URL)： https://raw.communitydragon.org/latest/plugins/rcp-be-lol-game-data/global/zh_cn/v1/champions/
Empty DataFrame
Columns: [file, size, web_date, web_timestamp, local_date, local_timestamp]
Index: []
[2024-11-28 08-45-48][8/18]正在检查文件夹（Checking the folder）：https://raw.communitydragon.org/latest/plugins/rcp-be-lol-game-data/global/zh_cn/v1/map-assets/
[2024-11-28 08-45-49]页面新文件列表如下：
New file list is as follows:
网页链接（URL)： https://raw.communitydragon.org/latest/plugins/rcp-be-lol-game-data/global/zh_cn/v1/map-assets/
Empty DataFrame
Columns: [file, size, web_date, web_timestamp, local_date, local_timestamp]
Index: []
[2024-11-28 08-45-49][9/18]正在检查文件夹（Checking the folder）：https://raw.communitydragon.org/latest/plugins/rcp-be-lol-game-data/global/zh_cn/v1/
[2024-11-28 08-45-50]页面新文件列表如下：
New file list is as follows:
网页链接（URL)： https://raw.communitydragon.org/latest/plugins/rcp-be-lol-game-data/global/zh_cn/v1/
Empty DataFrame
Columns: [file, size, web_date, web_timestamp, local_date, local_timestamp]
Index: []
[2024-11-28 08-45-50][10/18]正在检查文件夹（Checking the folder）：https://raw.communitydragon.org/pbe/
[2024-11-28 08-45-51]页面新文件列表如下：
New file list is as follows:
网页链接（URL)： https://raw.communitydragon.org/pbe/
             file                size        web_date         web_timestamp        local_date          local_timestamp   
 compat-version-metadata.json    59 B    2024-Nov-27 22:45    1732718700.0     2024-11-27 11-36-37    1732678597.3418112 
    content-metadata.json        61 B    2024-Nov-27 22:45    1732718700.0     2024-11-27 11-36-38    1732678598.4756818 
[2024-11-28 08-45-51][10/18][1/2]正在校对文件（Checking file）： https://raw.communitydragon.org/pbe/compat-version-metadata.json
[2024-11-28 08-45-53]已更新文件（Updated file）：离线数据（Offline Data）/cdragon/pbe/compat-version-metadata.json
[2024-11-28 08-45-53][10/18][2/2]正在校对文件（Checking file）： https://raw.communitydragon.org/pbe/content-metadata.json
[2024-11-28 08-45-54]已更新文件（Updated file）：离线数据（Offline Data）/cdragon/pbe/content-metadata.json
[2024-11-28 08-45-54][11/18]正在检查文件夹（Checking the folder）：https://raw.communitydragon.org/pbe/cdragon/arena/
[2024-11-28 08-45-55]页面新文件列表如下：
New file list is as follows:
网页链接（URL)： https://raw.communitydragon.org/pbe/cdragon/arena/
    file         size           web_date         web_timestamp        local_date          local_timestamp   
 en_us.json    176.5 KiB    2024-Nov-27 22:49    1732718940.0     2024-11-27 11-36-40    1732678600.8632224 
 zh_cn.json    179.1 KiB    2024-Nov-27 22:49    1732718940.0     2024-11-27 11-36-42    1732678602.323729  
[2024-11-28 08-45-55][11/18][1/2]正在校对文件（Checking file）： https://raw.communitydragon.org/pbe/cdragon/arena/en_us.json
[2024-11-28 08-45-57][11/18][2/2]正在校对文件（Checking file）： https://raw.communitydragon.org/pbe/cdragon/arena/zh_cn.json
[2024-11-28 08-45-58][12/18]正在检查文件夹（Checking the folder）：https://raw.communitydragon.org/pbe/cdragon/tft/
[2024-11-28 08-45-59]页面新文件列表如下：
New file list is as follows:
网页链接（URL)： https://raw.communitydragon.org/pbe/cdragon/tft/
    file         size          web_date         web_timestamp        local_date          local_timestamp   
 en_us.json    11.4 MiB    2024-Nov-27 22:48    1732718880.0     2024-11-27 11-36-46    1732678606.642287  
 zh_cn.json    11.5 MiB    2024-Nov-27 22:48    1732718880.0     2024-11-27 11-36-49    1732678609.9430485 
[2024-11-28 08-45-59][12/18][1/2]正在校对文件（Checking file）： https://raw.communitydragon.org/pbe/cdragon/tft/en_us.json
[2024-11-28 08-46-02]已更新文件（Updated file）：离线数据（Offline Data）/cdragon/pbe/cdragon/tft/en_us.json
[2024-11-28 08-46-02][12/18][2/2]正在校对文件（Checking file）： https://raw.communitydragon.org/pbe/cdragon/tft/zh_cn.json
[2024-11-28 08-46-06]已更新文件（Updated file）：离线数据（Offline Data）/cdragon/pbe/cdragon/tft/zh_cn.json
[2024-11-28 08-46-06][13/18]正在检查文件夹（Checking the folder）：https://raw.communitydragon.org/pbe/plugins/rcp-be-lol-game-data/global/default/v1/champions/
[2024-11-28 08-46-07]页面新文件列表如下：
New file list is as follows:
网页链接（URL)： https://raw.communitydragon.org/pbe/plugins/rcp-be-lol-game-data/global/default/v1/champions/
   file        size          web_date         web_timestamp        local_date          local_timestamp   
 13.json     25.9 KiB    2024-Nov-27 22:48    1732718880.0     2024-09-11 12-06-20    1726027580.331127  
 134.json    34.6 KiB    2024-Nov-27 22:48    1732718880.0     2024-09-11 12-06-24    1726027584.5823517 
 19.json     33.9 KiB    2024-Nov-27 22:48    1732718880.0     2024-11-27 11-36-54    1732678614.7445815 
 222.json    37.9 KiB    2024-Nov-27 22:48    1732718880.0     2024-11-27 11-36-55    1732678615.9105906 
 238.json    35.5 KiB    2024-Nov-27 22:48    1732718880.0     2024-09-11 12-07-03    1726027623.150308  
 245.json    32.9 KiB    2024-Nov-27 22:48    1732718880.0     2024-11-27 11-36-58    1732678618.3785613 
 51.json     37.8 KiB    2024-Nov-27 22:48    1732718880.0     2024-11-27 11-37-01     1732678621.31921  
  7.json     38.0 KiB    2024-Nov-27 22:48    1732718880.0     2024-09-11 12-08-19    1726027699.8003395 
 74.json     23.9 KiB    2024-Nov-27 22:48    1732718880.0     2024-11-27 11-37-04    1732678624.8262162 
[2024-11-28 08-46-07][13/18][1/9]正在校对文件（Checking file）： https://raw.communitydragon.org/pbe/plugins/rcp-be-lol-game-data/global/default/v1/champions/13.json
[2024-11-28 08-46-08]已更新文件（Updated file）：离线数据（Offline Data）/cdragon/pbe/plugins/rcp-be-lol-game-data/global/default/v1/champions/13.json
[2024-11-28 08-46-08][13/18][2/9]正在校对文件（Checking file）： https://raw.communitydragon.org/pbe/plugins/rcp-be-lol-game-data/global/default/v1/champions/134.json
[2024-11-28 08-46-09]已更新文件（Updated file）：离线数据（Offline Data）/cdragon/pbe/plugins/rcp-be-lol-game-data/global/default/v1/champions/134.json
[2024-11-28 08-46-09][13/18][3/9]正在校对文件（Checking file）： https://raw.communitydragon.org/pbe/plugins/rcp-be-lol-game-data/global/default/v1/champions/19.json
[2024-11-28 08-46-10]已更新文件（Updated file）：离线数据（Offline Data）/cdragon/pbe/plugins/rcp-be-lol-game-data/global/default/v1/champions/19.json
[2024-11-28 08-46-10][13/18][4/9]正在校对文件（Checking file）： https://raw.communitydragon.org/pbe/plugins/rcp-be-lol-game-data/global/default/v1/champions/222.json
[2024-11-28 08-46-12]已更新文件（Updated file）：离线数据（Offline Data）/cdragon/pbe/plugins/rcp-be-lol-game-data/global/default/v1/champions/222.json
[2024-11-28 08-46-12][13/18][5/9]正在校对文件（Checking file）： https://raw.communitydragon.org/pbe/plugins/rcp-be-lol-game-data/global/default/v1/champions/238.json
[2024-11-28 08-46-13]已更新文件（Updated file）：离线数据（Offline Data）/cdragon/pbe/plugins/rcp-be-lol-game-data/global/default/v1/champions/238.json
[2024-11-28 08-46-13][13/18][6/9]正在校对文件（Checking file）： https://raw.communitydragon.org/pbe/plugins/rcp-be-lol-game-data/global/default/v1/champions/245.json
[2024-11-28 08-46-14]已更新文件（Updated file）：离线数据（Offline Data）/cdragon/pbe/plugins/rcp-be-lol-game-data/global/default/v1/champions/245.json
[2024-11-28 08-46-14][13/18][7/9]正在校对文件（Checking file）： https://raw.communitydragon.org/pbe/plugins/rcp-be-lol-game-data/global/default/v1/champions/51.json
[2024-11-28 08-46-15]已更新文件（Updated file）：离线数据（Offline Data）/cdragon/pbe/plugins/rcp-be-lol-game-data/global/default/v1/champions/51.json
[2024-11-28 08-46-15][13/18][8/9]正在校对文件（Checking file）： https://raw.communitydragon.org/pbe/plugins/rcp-be-lol-game-data/global/default/v1/champions/7.json
[2024-11-28 08-46-16]已更新文件（Updated file）：离线数据（Offline Data）/cdragon/pbe/plugins/rcp-be-lol-game-data/global/default/v1/champions/7.json
[2024-11-28 08-46-16][13/18][9/9]正在校对文件（Checking file）： https://raw.communitydragon.org/pbe/plugins/rcp-be-lol-game-data/global/default/v1/champions/74.json
[2024-11-28 08-46-17]已更新文件（Updated file）：离线数据（Offline Data）/cdragon/pbe/plugins/rcp-be-lol-game-data/global/default/v1/champions/74.json
[2024-11-28 08-46-17][14/18]正在检查文件夹（Checking the folder）：https://raw.communitydragon.org/pbe/plugins/rcp-be-lol-game-data/global/default/v1/map-assets/
[2024-11-28 08-46-19]页面新文件列表如下：
New file list is as follows:
网页链接（URL)： https://raw.communitydragon.org/pbe/plugins/rcp-be-lol-game-data/global/default/v1/map-assets/
Empty DataFrame
Columns: [file, size, web_date, web_timestamp, local_date, local_timestamp]
Index: []
[2024-11-28 08-46-19][15/18]正在检查文件夹（Checking the folder）：https://raw.communitydragon.org/pbe/plugins/rcp-be-lol-game-data/global/default/v1/
[2024-11-28 08-46-20]页面新文件列表如下：
New file list is as follows:
网页链接（URL)： https://raw.communitydragon.org/pbe/plugins/rcp-be-lol-game-data/global/default/v1/
                file                     size           web_date         web_timestamp        local_date          local_timestamp   
 champion-rune-recommendations.json    323.9 KiB    2024-Nov-27 22:48    1732718880.0     2024-11-27 11-37-13    1732678633.1051161 
          companions.json              786.3 KiB    2024-Nov-27 22:48    1732718880.0     2024-11-27 11-37-15    1732678635.0571854 
        generic-assets.json            177.3 KiB    2024-Nov-27 22:48    1732718880.0     2024-11-27 11-37-18    1732678638.3752449 
             items.json                451.6 KiB    2024-Nov-27 22:48    1732718880.0     2024-11-27 11-37-19    1732678639.891665  
             loot.json                  2.8 MiB     2024-Nov-27 22:48    1732718880.0     2024-11-27 11-37-22     1732678642.28632  
             skins.json                 3.2 MiB     2024-Nov-27 22:48    1732718880.0     2024-11-27 11-37-35    1732678655.8120716 
       summoner-banners.json           29.5 KiB     2024-Nov-27 22:48    1732718880.0     2024-09-14 14-55-40    1726296940.1332746 
        summoner-icons.json             1.6 MiB     2024-Nov-27 22:48    1732718880.0     2024-11-27 11-37-40     1732678660.80365  
   tftchampions-teamplanner.json       55.1 KiB     2024-Nov-27 22:48    1732718880.0     2024-11-12 08-31-38    1731371498.8996918 
       tftregionportals.json           12.7 KiB     2024-Nov-27 22:48    1732718880.0     2024-11-27 11-37-47    1732678667.680951  
   tftrotationalshopitemdata.json       1.3 MiB     2024-Nov-27 22:48    1732718880.0     2024-11-27 11-37-49    1732678669.663794  
            tftsets.json                5.2 KiB     2024-Nov-27 22:48    1732718880.0     2024-11-27 11-37-50    1732678670.6970236 
           tfttraits.json              190.9 KiB    2024-Nov-27 22:48    1732718880.0     2024-11-27 11-37-52    1732678672.2288053 
     tfttrovestablesnames.json         343.3 KiB    2024-Nov-27 22:48    1732718880.0     2024-11-27 11-37-56    1732678676.4090235 
[2024-11-28 08-46-21][15/18][1/14]正在校对文件（Checking file）： https://raw.communitydragon.org/pbe/plugins/rcp-be-lol-game-data/global/default/v1/champion-rune-recommendations.json
[2024-11-28 08-46-22]已更新文件（Updated file）：离线数据（Offline Data）/cdragon/pbe/plugins/rcp-be-lol-game-data/global/default/v1/champion-rune-recommendations.json
[2024-11-28 08-46-22][15/18][2/14]正在校对文件（Checking file）： https://raw.communitydragon.org/pbe/plugins/rcp-be-lol-game-data/global/default/v1/companions.json
[2024-11-28 08-46-24]已更新文件（Updated file）：离线数据（Offline Data）/cdragon/pbe/plugins/rcp-be-lol-game-data/global/default/v1/companions.json
[2024-11-28 08-46-24][15/18][3/14]正在校对文件（Checking file）： https://raw.communitydragon.org/pbe/plugins/rcp-be-lol-game-data/global/default/v1/generic-assets.json
[2024-11-28 08-46-25]已更新文件（Updated file）：离线数据（Offline Data）/cdragon/pbe/plugins/rcp-be-lol-game-data/global/default/v1/generic-assets.json
[2024-11-28 08-46-25][15/18][4/14]正在校对文件（Checking file）： https://raw.communitydragon.org/pbe/plugins/rcp-be-lol-game-data/global/default/v1/items.json
[2024-11-28 08-46-27]已更新文件（Updated file）：离线数据（Offline Data）/cdragon/pbe/plugins/rcp-be-lol-game-data/global/default/v1/items.json
[2024-11-28 08-46-27][15/18][5/14]正在校对文件（Checking file）： https://raw.communitydragon.org/pbe/plugins/rcp-be-lol-game-data/global/default/v1/loot.json
[2024-11-28 08-46-29]已更新文件（Updated file）：离线数据（Offline Data）/cdragon/pbe/plugins/rcp-be-lol-game-data/global/default/v1/loot.json
[2024-11-28 08-46-29][15/18][6/14]正在校对文件（Checking file）： https://raw.communitydragon.org/pbe/plugins/rcp-be-lol-game-data/global/default/v1/skins.json
[2024-11-28 08-46-32]已更新文件（Updated file）：离线数据（Offline Data）/cdragon/pbe/plugins/rcp-be-lol-game-data/global/default/v1/skins.json
[2024-11-28 08-46-32][15/18][7/14]正在校对文件（Checking file）： https://raw.communitydragon.org/pbe/plugins/rcp-be-lol-game-data/global/default/v1/summoner-banners.json
[2024-11-28 08-46-33]已更新文件（Updated file）：离线数据（Offline Data）/cdragon/pbe/plugins/rcp-be-lol-game-data/global/default/v1/summoner-banners.json
[2024-11-28 08-46-33][15/18][8/14]正在校对文件（Checking file）： https://raw.communitydragon.org/pbe/plugins/rcp-be-lol-game-data/global/default/v1/summoner-icons.json
[2024-11-28 08-46-35]已更新文件（Updated file）：离线数据（Offline Data）/cdragon/pbe/plugins/rcp-be-lol-game-data/global/default/v1/summoner-icons.json
[2024-11-28 08-46-35][15/18][9/14]正在校对文件（Checking file）： https://raw.communitydragon.org/pbe/plugins/rcp-be-lol-game-data/global/default/v1/tftchampions-teamplanner.json
[2024-11-28 08-46-36]已更新文件（Updated file）：离线数据（Offline Data）/cdragon/pbe/plugins/rcp-be-lol-game-data/global/default/v1/tftchampions-teamplanner.json
[2024-11-28 08-46-36][15/18][10/14]正在校对文件（Checking file）： https://raw.communitydragon.org/pbe/plugins/rcp-be-lol-game-data/global/default/v1/tftregionportals.json
[2024-11-28 08-46-37]已更新文件（Updated file）：离线数据（Offline Data）/cdragon/pbe/plugins/rcp-be-lol-game-data/global/default/v1/tftregionportals.json
[2024-11-28 08-46-37][15/18][11/14]正在校对文件（Checking file）： https://raw.communitydragon.org/pbe/plugins/rcp-be-lol-game-data/global/default/v1/tftrotationalshopitemdata.json
[2024-11-28 08-46-39]已更新文件（Updated file）：离线数据（Offline Data）/cdragon/pbe/plugins/rcp-be-lol-game-data/global/default/v1/tftrotationalshopitemdata.json
[2024-11-28 08-46-39][15/18][12/14]正在校对文件（Checking file）： https://raw.communitydragon.org/pbe/plugins/rcp-be-lol-game-data/global/default/v1/tftsets.json
[2024-11-28 08-46-40]已更新文件（Updated file）：离线数据（Offline Data）/cdragon/pbe/plugins/rcp-be-lol-game-data/global/default/v1/tftsets.json
[2024-11-28 08-46-40][15/18][13/14]正在校对文件（Checking file）： https://raw.communitydragon.org/pbe/plugins/rcp-be-lol-game-data/global/default/v1/tfttraits.json
[2024-11-28 08-46-42]已更新文件（Updated file）：离线数据（Offline Data）/cdragon/pbe/plugins/rcp-be-lol-game-data/global/default/v1/tfttraits.json
[2024-11-28 08-46-42][15/18][14/14]正在校对文件（Checking file）： https://raw.communitydragon.org/pbe/plugins/rcp-be-lol-game-data/global/default/v1/tfttrovestablesnames.json
[2024-11-28 08-46-43]已更新文件（Updated file）：离线数据（Offline Data）/cdragon/pbe/plugins/rcp-be-lol-game-data/global/default/v1/tfttrovestablesnames.json
[2024-11-28 08-46-43][16/18]正在检查文件夹（Checking the folder）：https://raw.communitydragon.org/pbe/plugins/rcp-be-lol-game-data/global/zh_cn/v1/champions/
[2024-11-28 08-46-44]页面新文件列表如下：
New file list is as follows:
网页链接（URL)： https://raw.communitydragon.org/pbe/plugins/rcp-be-lol-game-data/global/zh_cn/v1/champions/
   file        size          web_date         web_timestamp        local_date          local_timestamp   
 112.json    23.3 KiB    2024-Nov-27 22:48    1732718880.0     2024-11-27 11-37-58    1732678678.853253  
 13.json     27.9 KiB    2024-Nov-27 22:48    1732718880.0     2024-08-23 11-44-04    1724384644.5214484 
 134.json    37.0 KiB    2024-Nov-27 22:48    1732718880.0     2024-06-24 14-29-40    1719210580.3029156 
 19.json     36.6 KiB    2024-Nov-27 22:48    1732718880.0     2024-11-27 11-38-01    1732678681.2511663 
 222.json    40.8 KiB    2024-Nov-27 22:48    1732718880.0     2024-11-27 11-38-02    1732678682.4094305 
 238.json    38.1 KiB    2024-Nov-27 22:48    1732718880.0     2024-08-28 16-41-55    1724834515.8927972 
 245.json    35.5 KiB    2024-Nov-27 22:48    1732718880.0     2024-11-27 11-38-05    1732678685.326657  
 51.json     41.5 KiB    2024-Nov-27 22:48    1732718880.0     2024-11-27 11-38-08    1732678688.0434296 
  7.json     40.4 KiB    2024-Nov-27 22:48    1732718880.0     2024-08-23 11-44-09    1724384649.074246  
 74.json     26.0 KiB    2024-Nov-27 22:48    1732718880.0     2024-11-27 11-38-11    1732678691.220281  
[2024-11-28 08-46-44][16/18][1/10]正在校对文件（Checking file）： https://raw.communitydragon.org/pbe/plugins/rcp-be-lol-game-data/global/zh_cn/v1/champions/112.json
[2024-11-28 08-46-46]已更新文件（Updated file）：离线数据（Offline Data）/cdragon/pbe/plugins/rcp-be-lol-game-data/global/zh_cn/v1/champions/112.json
[2024-11-28 08-46-46][16/18][2/10]正在校对文件（Checking file）： https://raw.communitydragon.org/pbe/plugins/rcp-be-lol-game-data/global/zh_cn/v1/champions/13.json
[2024-11-28 08-46-47]已更新文件（Updated file）：离线数据（Offline Data）/cdragon/pbe/plugins/rcp-be-lol-game-data/global/zh_cn/v1/champions/13.json
[2024-11-28 08-46-47][16/18][3/10]正在校对文件（Checking file）： https://raw.communitydragon.org/pbe/plugins/rcp-be-lol-game-data/global/zh_cn/v1/champions/134.json
[2024-11-28 08-46-48]已更新文件（Updated file）：离线数据（Offline Data）/cdragon/pbe/plugins/rcp-be-lol-game-data/global/zh_cn/v1/champions/134.json
[2024-11-28 08-46-48][16/18][4/10]正在校对文件（Checking file）： https://raw.communitydragon.org/pbe/plugins/rcp-be-lol-game-data/global/zh_cn/v1/champions/19.json
[2024-11-28 08-46-50]已更新文件（Updated file）：离线数据（Offline Data）/cdragon/pbe/plugins/rcp-be-lol-game-data/global/zh_cn/v1/champions/19.json
[2024-11-28 08-46-50][16/18][5/10]正在校对文件（Checking file）： https://raw.communitydragon.org/pbe/plugins/rcp-be-lol-game-data/global/zh_cn/v1/champions/222.json
[2024-11-28 08-46-51]已更新文件（Updated file）：离线数据（Offline Data）/cdragon/pbe/plugins/rcp-be-lol-game-data/global/zh_cn/v1/champions/222.json
[2024-11-28 08-46-51][16/18][6/10]正在校对文件（Checking file）： https://raw.communitydragon.org/pbe/plugins/rcp-be-lol-game-data/global/zh_cn/v1/champions/238.json
[2024-11-28 08-46-52]已更新文件（Updated file）：离线数据（Offline Data）/cdragon/pbe/plugins/rcp-be-lol-game-data/global/zh_cn/v1/champions/238.json
[2024-11-28 08-46-52][16/18][7/10]正在校对文件（Checking file）： https://raw.communitydragon.org/pbe/plugins/rcp-be-lol-game-data/global/zh_cn/v1/champions/245.json
[2024-11-28 08-46-53]已更新文件（Updated file）：离线数据（Offline Data）/cdragon/pbe/plugins/rcp-be-lol-game-data/global/zh_cn/v1/champions/245.json
[2024-11-28 08-46-53][16/18][8/10]正在校对文件（Checking file）： https://raw.communitydragon.org/pbe/plugins/rcp-be-lol-game-data/global/zh_cn/v1/champions/51.json
[2024-11-28 08-46-55]已更新文件（Updated file）：离线数据（Offline Data）/cdragon/pbe/plugins/rcp-be-lol-game-data/global/zh_cn/v1/champions/51.json
[2024-11-28 08-46-55][16/18][9/10]正在校对文件（Checking file）： https://raw.communitydragon.org/pbe/plugins/rcp-be-lol-game-data/global/zh_cn/v1/champions/7.json
[2024-11-28 08-46-56]已更新文件（Updated file）：离线数据（Offline Data）/cdragon/pbe/plugins/rcp-be-lol-game-data/global/zh_cn/v1/champions/7.json
[2024-11-28 08-46-56][16/18][10/10]正在校对文件（Checking file）： https://raw.communitydragon.org/pbe/plugins/rcp-be-lol-game-data/global/zh_cn/v1/champions/74.json
[2024-11-28 08-46-57]已更新文件（Updated file）：离线数据（Offline Data）/cdragon/pbe/plugins/rcp-be-lol-game-data/global/zh_cn/v1/champions/74.json
[2024-11-28 08-46-57][17/18]正在检查文件夹（Checking the folder）：https://raw.communitydragon.org/pbe/plugins/rcp-be-lol-game-data/global/zh_cn/v1/map-assets/
[2024-11-28 08-46-58]页面新文件列表如下：
New file list is as follows:
网页链接（URL)： https://raw.communitydragon.org/pbe/plugins/rcp-be-lol-game-data/global/zh_cn/v1/map-assets/
Empty DataFrame
Columns: [file, size, web_date, web_timestamp, local_date, local_timestamp]
Index: []
[2024-11-28 08-46-58][18/18]正在检查文件夹（Checking the folder）：https://raw.communitydragon.org/pbe/plugins/rcp-be-lol-game-data/global/zh_cn/v1/
[2024-11-28 08-46-59]页面新文件列表如下：
New file list is as follows:
网页链接（URL)： https://raw.communitydragon.org/pbe/plugins/rcp-be-lol-game-data/global/zh_cn/v1/
              file                   size           web_date         web_timestamp        local_date          local_timestamp   
        challenges.json            611.4 KiB    2024-Nov-27 22:48    1732718880.0     2024-11-27 11-38-19    1732678699.454499  
     champion-summary.json         24.2 KiB     2024-Nov-27 22:48    1732718880.0     2024-11-02 14-20-29    1730528429.4931927 
        companions.json            790.4 KiB    2024-Nov-27 22:48    1732718880.0     2024-11-27 11-38-21    1732678701.4381378 
      generic-assets.json          177.3 KiB    2024-Nov-27 22:48    1732718880.0     2024-11-27 11-38-24    1732678704.4847121 
           items.json              451.2 KiB    2024-Nov-27 22:48    1732718880.0     2024-11-27 11-38-26    1732678706.2822974 
           loot.json                2.9 MiB     2024-Nov-27 22:48    1732718880.0     2024-11-27 11-38-29    1732678709.0475297 
           skins.json               3.5 MiB     2024-Nov-27 22:48    1732718880.0     2024-11-27 11-38-39    1732678719.6755939 
     summoner-banners.json         29.5 KiB     2024-Nov-27 22:48    1732718880.0     2024-09-14 14-56-01    1726296961.197576  
      summoner-emotes.json         356.3 KiB    2024-Nov-27 22:48    1732718880.0     2024-11-27 11-38-43    1732678723.8049455 
      summoner-icons.json           1.5 MiB     2024-Nov-27 22:48    1732718880.0     2024-11-27 11-38-45    1732678725.819838  
      summoner-spells.json          7.5 KiB     2024-Nov-27 22:48    1732718880.0     2024-11-27 11-38-47    1732678727.1925292 
 tftchampions-teamplanner.json     55.7 KiB     2024-Nov-27 22:48    1732718880.0     2024-11-14 10-51-59    1731552719.180952  
       tftchampions.json           144.9 KiB    2024-Nov-27 22:48    1732718880.0     2024-11-27 11-38-48    1732678728.6233041 
      tftdamageskins.json          73.6 KiB     2024-Nov-27 22:48    1732718880.0     2024-11-27 11-38-50    1732678730.2933753 
     tftregionportals.json         12.6 KiB     2024-Nov-27 22:48    1732718880.0     2024-11-27 11-38-53    1732678733.6407704 
 tftrotationalshopitemdata.json     1.3 MiB     2024-Nov-27 22:48    1732718880.0     2024-11-27 11-38-56    1732678736.8704057 
          tftsets.json              5.2 KiB     2024-Nov-27 22:48    1732718880.0     2024-11-27 11-38-57    1732678737.7739146 
         tfttraits.json            195.1 KiB    2024-Nov-27 22:48    1732718880.0     2024-11-27 11-38-59    1732678739.1903563 
  tfttrovesbannerrewards.json      707.1 KiB    2024-Nov-27 22:48    1732718880.0     2024-11-27 11-39-00    1732678740.988221  
     tfttrovesbanners.json         89.8 KiB     2024-Nov-27 22:48    1732718880.0     2024-11-27 11-39-01    1732678741.8885655 
   tfttrovestablesnames.json       354.4 KiB    2024-Nov-27 22:48    1732718880.0     2024-11-27 11-39-03    1732678743.5347266 
[2024-11-28 08-46-59][18/18][1/21]正在校对文件（Checking file）： https://raw.communitydragon.org/pbe/plugins/rcp-be-lol-game-data/global/zh_cn/v1/challenges.json
[2024-11-28 08-47-01]已更新文件（Updated file）：离线数据（Offline Data）/cdragon/pbe/plugins/rcp-be-lol-game-data/global/zh_cn/v1/challenges.json
[2024-11-28 08-47-01][18/18][2/21]正在校对文件（Checking file）： https://raw.communitydragon.org/pbe/plugins/rcp-be-lol-game-data/global/zh_cn/v1/champion-summary.json
[2024-11-28 08-47-03]已更新文件（Updated file）：离线数据（Offline Data）/cdragon/pbe/plugins/rcp-be-lol-game-data/global/zh_cn/v1/champion-summary.json
[2024-11-28 08-47-03][18/18][3/21]正在校对文件（Checking file）： https://raw.communitydragon.org/pbe/plugins/rcp-be-lol-game-data/global/zh_cn/v1/companions.json
[2024-11-28 08-47-06]已更新文件（Updated file）：离线数据（Offline Data）/cdragon/pbe/plugins/rcp-be-lol-game-data/global/zh_cn/v1/companions.json
[2024-11-28 08-47-06][18/18][4/21]正在校对文件（Checking file）： https://raw.communitydragon.org/pbe/plugins/rcp-be-lol-game-data/global/zh_cn/v1/generic-assets.json
[2024-11-28 08-47-08]已更新文件（Updated file）：离线数据（Offline Data）/cdragon/pbe/plugins/rcp-be-lol-game-data/global/zh_cn/v1/generic-assets.json
[2024-11-28 08-47-08][18/18][5/21]正在校对文件（Checking file）： https://raw.communitydragon.org/pbe/plugins/rcp-be-lol-game-data/global/zh_cn/v1/items.json
[2024-11-28 08-47-09]已更新文件（Updated file）：离线数据（Offline Data）/cdragon/pbe/plugins/rcp-be-lol-game-data/global/zh_cn/v1/items.json
[2024-11-28 08-47-09][18/18][6/21]正在校对文件（Checking file）： https://raw.communitydragon.org/pbe/plugins/rcp-be-lol-game-data/global/zh_cn/v1/loot.json
[2024-11-28 08-47-12]已更新文件（Updated file）：离线数据（Offline Data）/cdragon/pbe/plugins/rcp-be-lol-game-data/global/zh_cn/v1/loot.json
[2024-11-28 08-47-12][18/18][7/21]正在校对文件（Checking file）： https://raw.communitydragon.org/pbe/plugins/rcp-be-lol-game-data/global/zh_cn/v1/skins.json
[2024-11-28 08-47-15]已更新文件（Updated file）：离线数据（Offline Data）/cdragon/pbe/plugins/rcp-be-lol-game-data/global/zh_cn/v1/skins.json
[2024-11-28 08-47-15][18/18][8/21]正在校对文件（Checking file）： https://raw.communitydragon.org/pbe/plugins/rcp-be-lol-game-data/global/zh_cn/v1/summoner-banners.json
[2024-11-28 08-47-16]已更新文件（Updated file）：离线数据（Offline Data）/cdragon/pbe/plugins/rcp-be-lol-game-data/global/zh_cn/v1/summoner-banners.json
[2024-11-28 08-47-16][18/18][9/21]正在校对文件（Checking file）： https://raw.communitydragon.org/pbe/plugins/rcp-be-lol-game-data/global/zh_cn/v1/summoner-emotes.json
[2024-11-28 08-47-17]已更新文件（Updated file）：离线数据（Offline Data）/cdragon/pbe/plugins/rcp-be-lol-game-data/global/zh_cn/v1/summoner-emotes.json
[2024-11-28 08-47-17][18/18][10/21]正在校对文件（Checking file）： https://raw.communitydragon.org/pbe/plugins/rcp-be-lol-game-data/global/zh_cn/v1/summoner-icons.json
[2024-11-28 08-47-19]已更新文件（Updated file）：离线数据（Offline Data）/cdragon/pbe/plugins/rcp-be-lol-game-data/global/zh_cn/v1/summoner-icons.json
[2024-11-28 08-47-19][18/18][11/21]正在校对文件（Checking file）： https://raw.communitydragon.org/pbe/plugins/rcp-be-lol-game-data/global/zh_cn/v1/summoner-spells.json
[2024-11-28 08-47-20]已更新文件（Updated file）：离线数据（Offline Data）/cdragon/pbe/plugins/rcp-be-lol-game-data/global/zh_cn/v1/summoner-spells.json
[2024-11-28 08-47-20][18/18][12/21]正在校对文件（Checking file）： https://raw.communitydragon.org/pbe/plugins/rcp-be-lol-game-data/global/zh_cn/v1/tftchampions-teamplanner.json
[2024-11-28 08-47-21]已更新文件（Updated file）：离线数据（Offline Data）/cdragon/pbe/plugins/rcp-be-lol-game-data/global/zh_cn/v1/tftchampions-teamplanner.json
[2024-11-28 08-47-21][18/18][13/21]正在校对文件（Checking file）： https://raw.communitydragon.org/pbe/plugins/rcp-be-lol-game-data/global/zh_cn/v1/tftchampions.json
[2024-11-28 08-47-23]已更新文件（Updated file）：离线数据（Offline Data）/cdragon/pbe/plugins/rcp-be-lol-game-data/global/zh_cn/v1/tftchampions.json
[2024-11-28 08-47-23][18/18][14/21]正在校对文件（Checking file）： https://raw.communitydragon.org/pbe/plugins/rcp-be-lol-game-data/global/zh_cn/v1/tftdamageskins.json
[2024-11-28 08-47-24]已更新文件（Updated file）：离线数据（Offline Data）/cdragon/pbe/plugins/rcp-be-lol-game-data/global/zh_cn/v1/tftdamageskins.json
[2024-11-28 08-47-24][18/18][15/21]正在校对文件（Checking file）： https://raw.communitydragon.org/pbe/plugins/rcp-be-lol-game-data/global/zh_cn/v1/tftregionportals.json
[2024-11-28 08-47-25]已更新文件（Updated file）：离线数据（Offline Data）/cdragon/pbe/plugins/rcp-be-lol-game-data/global/zh_cn/v1/tftregionportals.json
[2024-11-28 08-47-25][18/18][16/21]正在校对文件（Checking file）： https://raw.communitydragon.org/pbe/plugins/rcp-be-lol-game-data/global/zh_cn/v1/tftrotationalshopitemdata.json
[2024-11-28 08-47-28]已更新文件（Updated file）：离线数据（Offline Data）/cdragon/pbe/plugins/rcp-be-lol-game-data/global/zh_cn/v1/tftrotationalshopitemdata.json
[2024-11-28 08-47-28][18/18][17/21]正在校对文件（Checking file）： https://raw.communitydragon.org/pbe/plugins/rcp-be-lol-game-data/global/zh_cn/v1/tftsets.json
[2024-11-28 08-47-29]已更新文件（Updated file）：离线数据（Offline Data）/cdragon/pbe/plugins/rcp-be-lol-game-data/global/zh_cn/v1/tftsets.json
[2024-11-28 08-47-29][18/18][18/21]正在校对文件（Checking file）： https://raw.communitydragon.org/pbe/plugins/rcp-be-lol-game-data/global/zh_cn/v1/tfttraits.json
[2024-11-28 08-47-30]已更新文件（Updated file）：离线数据（Offline Data）/cdragon/pbe/plugins/rcp-be-lol-game-data/global/zh_cn/v1/tfttraits.json
[2024-11-28 08-47-30][18/18][19/21]正在校对文件（Checking file）： https://raw.communitydragon.org/pbe/plugins/rcp-be-lol-game-data/global/zh_cn/v1/tfttrovesbannerrewards.json
[2024-11-28 08-47-33]已更新文件（Updated file）：离线数据（Offline Data）/cdragon/pbe/plugins/rcp-be-lol-game-data/global/zh_cn/v1/tfttrovesbannerrewards.json
[2024-11-28 08-47-33][18/18][20/21]正在校对文件（Checking file）： https://raw.communitydragon.org/pbe/plugins/rcp-be-lol-game-data/global/zh_cn/v1/tfttrovesbanners.json
[2024-11-28 08-47-34]已更新文件（Updated file）：离线数据（Offline Data）/cdragon/pbe/plugins/rcp-be-lol-game-data/global/zh_cn/v1/tfttrovesbanners.json
[2024-11-28 08-47-34][18/18][21/21]正在校对文件（Checking file）： https://raw.communitydragon.org/pbe/plugins/rcp-be-lol-game-data/global/zh_cn/v1/tfttrovestablesnames.json
[2024-11-28 08-47-36]已更新文件（Updated file）：离线数据（Offline Data）/cdragon/pbe/plugins/rcp-be-lol-game-data/global/zh_cn/v1/tfttrovestablesnames.json
已更新以下58个文件：
Updated the following 58 file(s):
https://raw.communitydragon.org/pbe/compat-version-metadata.json
https://raw.communitydragon.org/pbe/content-metadata.json
https://raw.communitydragon.org/pbe/cdragon/tft/en_us.json
https://raw.communitydragon.org/pbe/cdragon/tft/zh_cn.json
https://raw.communitydragon.org/pbe/plugins/rcp-be-lol-game-data/global/default/v1/champions/13.json
https://raw.communitydragon.org/pbe/plugins/rcp-be-lol-game-data/global/default/v1/champions/134.json
https://raw.communitydragon.org/pbe/plugins/rcp-be-lol-game-data/global/default/v1/champions/19.json
https://raw.communitydragon.org/pbe/plugins/rcp-be-lol-game-data/global/default/v1/champions/222.json
https://raw.communitydragon.org/pbe/plugins/rcp-be-lol-game-data/global/default/v1/champions/238.json
https://raw.communitydragon.org/pbe/plugins/rcp-be-lol-game-data/global/default/v1/champions/245.json
https://raw.communitydragon.org/pbe/plugins/rcp-be-lol-game-data/global/default/v1/champions/51.json
https://raw.communitydragon.org/pbe/plugins/rcp-be-lol-game-data/global/default/v1/champions/7.json
https://raw.communitydragon.org/pbe/plugins/rcp-be-lol-game-data/global/default/v1/champions/74.json
https://raw.communitydragon.org/pbe/plugins/rcp-be-lol-game-data/global/default/v1/champion-rune-recommendations.json
https://raw.communitydragon.org/pbe/plugins/rcp-be-lol-game-data/global/default/v1/companions.json
https://raw.communitydragon.org/pbe/plugins/rcp-be-lol-game-data/global/default/v1/generic-assets.json
https://raw.communitydragon.org/pbe/plugins/rcp-be-lol-game-data/global/default/v1/items.json
https://raw.communitydragon.org/pbe/plugins/rcp-be-lol-game-data/global/default/v1/loot.json
https://raw.communitydragon.org/pbe/plugins/rcp-be-lol-game-data/global/default/v1/skins.json
https://raw.communitydragon.org/pbe/plugins/rcp-be-lol-game-data/global/default/v1/summoner-banners.json
https://raw.communitydragon.org/pbe/plugins/rcp-be-lol-game-data/global/default/v1/summoner-icons.json
https://raw.communitydragon.org/pbe/plugins/rcp-be-lol-game-data/global/default/v1/tftchampions-teamplanner.json
https://raw.communitydragon.org/pbe/plugins/rcp-be-lol-game-data/global/default/v1/tftregionportals.json
https://raw.communitydragon.org/pbe/plugins/rcp-be-lol-game-data/global/default/v1/tftrotationalshopitemdata.json
https://raw.communitydragon.org/pbe/plugins/rcp-be-lol-game-data/global/default/v1/tftsets.json
https://raw.communitydragon.org/pbe/plugins/rcp-be-lol-game-data/global/default/v1/tfttraits.json
https://raw.communitydragon.org/pbe/plugins/rcp-be-lol-game-data/global/default/v1/tfttrovestablesnames.json
https://raw.communitydragon.org/pbe/plugins/rcp-be-lol-game-data/global/zh_cn/v1/champions/112.json
https://raw.communitydragon.org/pbe/plugins/rcp-be-lol-game-data/global/zh_cn/v1/champions/13.json
https://raw.communitydragon.org/pbe/plugins/rcp-be-lol-game-data/global/zh_cn/v1/champions/134.json
https://raw.communitydragon.org/pbe/plugins/rcp-be-lol-game-data/global/zh_cn/v1/champions/19.json
https://raw.communitydragon.org/pbe/plugins/rcp-be-lol-game-data/global/zh_cn/v1/champions/222.json
https://raw.communitydragon.org/pbe/plugins/rcp-be-lol-game-data/global/zh_cn/v1/champions/238.json
https://raw.communitydragon.org/pbe/plugins/rcp-be-lol-game-data/global/zh_cn/v1/champions/245.json
https://raw.communitydragon.org/pbe/plugins/rcp-be-lol-game-data/global/zh_cn/v1/champions/51.json
https://raw.communitydragon.org/pbe/plugins/rcp-be-lol-game-data/global/zh_cn/v1/champions/7.json
https://raw.communitydragon.org/pbe/plugins/rcp-be-lol-game-data/global/zh_cn/v1/champions/74.json
https://raw.communitydragon.org/pbe/plugins/rcp-be-lol-game-data/global/zh_cn/v1/challenges.json
https://raw.communitydragon.org/pbe/plugins/rcp-be-lol-game-data/global/zh_cn/v1/champion-summary.json
https://raw.communitydragon.org/pbe/plugins/rcp-be-lol-game-data/global/zh_cn/v1/companions.json
https://raw.communitydragon.org/pbe/plugins/rcp-be-lol-game-data/global/zh_cn/v1/generic-assets.json
https://raw.communitydragon.org/pbe/plugins/rcp-be-lol-game-data/global/zh_cn/v1/items.json
https://raw.communitydragon.org/pbe/plugins/rcp-be-lol-game-data/global/zh_cn/v1/loot.json
https://raw.communitydragon.org/pbe/plugins/rcp-be-lol-game-data/global/zh_cn/v1/skins.json
https://raw.communitydragon.org/pbe/plugins/rcp-be-lol-game-data/global/zh_cn/v1/summoner-banners.json
https://raw.communitydragon.org/pbe/plugins/rcp-be-lol-game-data/global/zh_cn/v1/summoner-emotes.json
https://raw.communitydragon.org/pbe/plugins/rcp-be-lol-game-data/global/zh_cn/v1/summoner-icons.json
https://raw.communitydragon.org/pbe/plugins/rcp-be-lol-game-data/global/zh_cn/v1/summoner-spells.json
https://raw.communitydragon.org/pbe/plugins/rcp-be-lol-game-data/global/zh_cn/v1/tftchampions-teamplanner.json
https://raw.communitydragon.org/pbe/plugins/rcp-be-lol-game-data/global/zh_cn/v1/tftchampions.json
https://raw.communitydragon.org/pbe/plugins/rcp-be-lol-game-data/global/zh_cn/v1/tftdamageskins.json
https://raw.communitydragon.org/pbe/plugins/rcp-be-lol-game-data/global/zh_cn/v1/tftregionportals.json
https://raw.communitydragon.org/pbe/plugins/rcp-be-lol-game-data/global/zh_cn/v1/tftrotationalshopitemdata.json
https://raw.communitydragon.org/pbe/plugins/rcp-be-lol-game-data/global/zh_cn/v1/tftsets.json
https://raw.communitydragon.org/pbe/plugins/rcp-be-lol-game-data/global/zh_cn/v1/tfttraits.json
https://raw.communitydragon.org/pbe/plugins/rcp-be-lol-game-data/global/zh_cn/v1/tfttrovesbannerrewards.json
https://raw.communitydragon.org/pbe/plugins/rcp-be-lol-game-data/global/zh_cn/v1/tfttrovesbanners.json
https://raw.communitydragon.org/pbe/plugins/rcp-be-lol-game-data/global/zh_cn/v1/tfttrovestablesnames.json

请选择要更新的数据资源，输入空字符串以退出程序：
Please select the data resource to update, or submit an empty string to exit the program:
1	CommunityDragon
2	DataDragon

[The program has exited!]
