请选择要更新的数据资源，输入空字符串以退出程序：
Please select the data resource to update, or submit an empty string to exit the program:
1	CommunityDragon
2	DataDragon
1
请选择更新模式：
Please select the update mode:
1	全局扫描（Global Scanning）
2	按修改时间更新（Updating According to Modification Time）
3	更新指定文件夹（Updating Specified Folders）

请选择一种方式指定修改时间：
Please select a method of specifying the modification time:
1	自动获取（Automatically get）
2	手动输入（Manually input）

[2024-08-17 15-31-46][1/18]正在检查文件夹（Checking the folder）：https://raw.communitydragon.org/latest/
[2024-08-17 15-31-47]页面新文件列表如下：
New file list is as follows:
网页链接（URL)： https://raw.communitydragon.org/latest/
Empty DataFrame
Columns: [file, size, web_date, web_timestamp, local_date, local_timestamp]
Index: []
[2024-08-17 15-31-47][2/18]正在检查文件夹（Checking the folder）：https://raw.communitydragon.org/latest/cdragon/arena/
[2024-08-17 15-31-52]页面新文件列表如下：
New file list is as follows:
网页链接（URL)： https://raw.communitydragon.org/latest/cdragon/arena/
Empty DataFrame
Columns: [file, size, web_date, web_timestamp, local_date, local_timestamp]
Index: []
[2024-08-17 15-31-52][3/18]正在检查文件夹（Checking the folder）：https://raw.communitydragon.org/latest/cdragon/tft/
[2024-08-17 15-31-53]页面新文件列表如下：
New file list is as follows:
网页链接（URL)： https://raw.communitydragon.org/latest/cdragon/tft/
Empty DataFrame
Columns: [file, size, web_date, web_timestamp, local_date, local_timestamp]
Index: []
[2024-08-17 15-31-53][4/18]正在检查文件夹（Checking the folder）：https://raw.communitydragon.org/latest/plugins/rcp-be-lol-game-data/global/default/v1/champions/
[2024-08-17 15-31-54]页面新文件列表如下：
New file list is as follows:
网页链接（URL)： https://raw.communitydragon.org/latest/plugins/rcp-be-lol-game-data/global/default/v1/champions/
Empty DataFrame
Columns: [file, size, web_date, web_timestamp, local_date, local_timestamp]
Index: []
[2024-08-17 15-31-54][5/18]正在检查文件夹（Checking the folder）：https://raw.communitydragon.org/latest/plugins/rcp-be-lol-game-data/global/default/v1/map-assets/
[2024-08-17 15-31-55]页面新文件列表如下：
New file list is as follows:
网页链接（URL)： https://raw.communitydragon.org/latest/plugins/rcp-be-lol-game-data/global/default/v1/map-assets/
Empty DataFrame
Columns: [file, size, web_date, web_timestamp, local_date, local_timestamp]
Index: []
[2024-08-17 15-31-55][6/18]正在检查文件夹（Checking the folder）：https://raw.communitydragon.org/latest/plugins/rcp-be-lol-game-data/global/default/v1/
[2024-08-17 15-31-55]页面新文件列表如下：
New file list is as follows:
网页链接（URL)： https://raw.communitydragon.org/latest/plugins/rcp-be-lol-game-data/global/default/v1/
       file           size        web_date         web_timestamp        local_date         local_timestamp 
 tftskilltree.json    88 B    2024-Aug-14 06:01    1723586460.0     1970-01-01 08-00-00           0        
[2024-08-17 15-31-55][6/18][1/1]正在校对文件（Checking file）： https://raw.communitydragon.org/latest/plugins/rcp-be-lol-game-data/global/default/v1/tftskilltree.json
文件https://raw.communitydragon.org/latest/plugins/rcp-be-lol-game-data/global/default/v1/tftskilltree.json不存在！
File https://raw.communitydragon.org/latest/plugins/rcp-be-lol-game-data/global/default/v1/tftskilltree.json not found!
[2024-08-17 15-31-56][7/18]正在检查文件夹（Checking the folder）：https://raw.communitydragon.org/latest/plugins/rcp-be-lol-game-data/global/zh_cn/v1/champions/
[2024-08-17 15-31-57]页面新文件列表如下：
New file list is as follows:
网页链接（URL)： https://raw.communitydragon.org/latest/plugins/rcp-be-lol-game-data/global/zh_cn/v1/champions/
Empty DataFrame
Columns: [file, size, web_date, web_timestamp, local_date, local_timestamp]
Index: []
[2024-08-17 15-31-58][8/18]正在检查文件夹（Checking the folder）：https://raw.communitydragon.org/latest/plugins/rcp-be-lol-game-data/global/zh_cn/v1/map-assets/
[2024-08-17 15-31-58]页面新文件列表如下：
New file list is as follows:
网页链接（URL)： https://raw.communitydragon.org/latest/plugins/rcp-be-lol-game-data/global/zh_cn/v1/map-assets/
Empty DataFrame
Columns: [file, size, web_date, web_timestamp, local_date, local_timestamp]
Index: []
[2024-08-17 15-31-58][9/18]正在检查文件夹（Checking the folder）：https://raw.communitydragon.org/latest/plugins/rcp-be-lol-game-data/global/zh_cn/v1/
[2024-08-17 15-31-59]页面新文件列表如下：
New file list is as follows:
网页链接（URL)： https://raw.communitydragon.org/latest/plugins/rcp-be-lol-game-data/global/zh_cn/v1/
       file           size        web_date         web_timestamp        local_date         local_timestamp 
 tftskilltree.json    86 B    2024-Aug-14 06:01    1723586460.0     1970-01-01 08-00-00           0        
[2024-08-17 15-31-59][9/18][1/1]正在校对文件（Checking file）： https://raw.communitydragon.org/latest/plugins/rcp-be-lol-game-data/global/zh_cn/v1/tftskilltree.json
文件https://raw.communitydragon.org/latest/plugins/rcp-be-lol-game-data/global/zh_cn/v1/tftskilltree.json不存在！
File https://raw.communitydragon.org/latest/plugins/rcp-be-lol-game-data/global/zh_cn/v1/tftskilltree.json not found!
[2024-08-17 15-32-05][10/18]正在检查文件夹（Checking the folder）：https://raw.communitydragon.org/pbe/
[2024-08-17 15-32-11]页面新文件列表如下：
New file list is as follows:
网页链接（URL)： https://raw.communitydragon.org/pbe/
             file                size        web_date         web_timestamp        local_date          local_timestamp   
 compat-version-metadata.json    62 B    2024-Aug-16 20:34    1723811640.0     2024-08-16 15-11-19    1723792279.3870327 
    content-metadata.json        64 B    2024-Aug-16 20:34    1723811640.0     2024-08-16 15-11-19    1723792279.8541696 
[2024-08-17 15-32-11][10/18][1/2]正在校对文件（Checking file）： https://raw.communitydragon.org/pbe/compat-version-metadata.json
[2024-08-17 15-32-12]已更新文件（Updated file）：离线数据（Offline Data）/cdragon/pbe/compat-version-metadata.json
[2024-08-17 15-32-12][10/18][2/2]正在校对文件（Checking file）： https://raw.communitydragon.org/pbe/content-metadata.json
[2024-08-17 15-32-13]已更新文件（Updated file）：离线数据（Offline Data）/cdragon/pbe/content-metadata.json
[2024-08-17 15-32-13][11/18]正在检查文件夹（Checking the folder）：https://raw.communitydragon.org/pbe/cdragon/arena/
[2024-08-17 15-32-13]页面新文件列表如下：
New file list is as follows:
网页链接（URL)： https://raw.communitydragon.org/pbe/cdragon/arena/
    file         size           web_date         web_timestamp        local_date          local_timestamp   
 en_us.json    176.4 KiB    2024-Aug-16 20:36    1723811760.0     2024-08-16 15-11-21    1723792281.3835447 
 zh_cn.json    179.0 KiB    2024-Aug-16 20:36    1723811760.0     2024-08-16 15-11-22    1723792282.5478747 
[2024-08-17 15-32-13][11/18][1/2]正在校对文件（Checking file）： https://raw.communitydragon.org/pbe/cdragon/arena/en_us.json
[2024-08-17 15-32-14][11/18][2/2]正在校对文件（Checking file）： https://raw.communitydragon.org/pbe/cdragon/arena/zh_cn.json
[2024-08-17 15-32-15][12/18]正在检查文件夹（Checking the folder）：https://raw.communitydragon.org/pbe/cdragon/tft/
[2024-08-17 15-32-16]页面新文件列表如下：
New file list is as follows:
网页链接（URL)： https://raw.communitydragon.org/pbe/cdragon/tft/
    file        size          web_date         web_timestamp        local_date          local_timestamp   
 en_us.json    5.9 MiB    2024-Aug-16 20:36    1723811760.0     2024-08-16 15-11-25    1723792285.636008  
 zh_cn.json    5.9 MiB    2024-Aug-16 20:36    1723811760.0     2024-08-16 15-11-27    1723792287.9962182 
[2024-08-17 15-32-16][12/18][1/2]正在校对文件（Checking file）： https://raw.communitydragon.org/pbe/cdragon/tft/en_us.json
[2024-08-17 15-32-19][12/18][2/2]正在校对文件（Checking file）： https://raw.communitydragon.org/pbe/cdragon/tft/zh_cn.json
[2024-08-17 15-32-21]已更新文件（Updated file）：离线数据（Offline Data）/cdragon/pbe/cdragon/tft/zh_cn.json
[2024-08-17 15-32-21][13/18]正在检查文件夹（Checking the folder）：https://raw.communitydragon.org/pbe/plugins/rcp-be-lol-game-data/global/default/v1/champions/
[2024-08-17 15-32-22]页面新文件列表如下：
New file list is as follows:
网页链接（URL)： https://raw.communitydragon.org/pbe/plugins/rcp-be-lol-game-data/global/default/v1/champions/
   file        size          web_date         web_timestamp        local_date          local_timestamp   
 122.json    36.0 KiB    2024-Aug-16 20:35    1723811700.0     2024-08-15 11-22-48    1723692168.4127798 
 86.json     31.7 KiB    2024-Aug-16 20:35    1723811700.0     2024-08-15 11-22-52    1723692172.1592784 
[2024-08-17 15-32-22][13/18][1/2]正在校对文件（Checking file）： https://raw.communitydragon.org/pbe/plugins/rcp-be-lol-game-data/global/default/v1/champions/122.json
[2024-08-17 15-32-23]已更新文件（Updated file）：离线数据（Offline Data）/cdragon/pbe/plugins/rcp-be-lol-game-data/global/default/v1/champions/122.json
[2024-08-17 15-32-23][13/18][2/2]正在校对文件（Checking file）： https://raw.communitydragon.org/pbe/plugins/rcp-be-lol-game-data/global/default/v1/champions/86.json
[2024-08-17 15-32-24]已更新文件（Updated file）：离线数据（Offline Data）/cdragon/pbe/plugins/rcp-be-lol-game-data/global/default/v1/champions/86.json
[2024-08-17 15-32-24][14/18]正在检查文件夹（Checking the folder）：https://raw.communitydragon.org/pbe/plugins/rcp-be-lol-game-data/global/default/v1/map-assets/
[2024-08-17 15-32-24]页面新文件列表如下：
New file list is as follows:
网页链接（URL)： https://raw.communitydragon.org/pbe/plugins/rcp-be-lol-game-data/global/default/v1/map-assets/
Empty DataFrame
Columns: [file, size, web_date, web_timestamp, local_date, local_timestamp]
Index: []
[2024-08-17 15-32-24][15/18]正在检查文件夹（Checking the folder）：https://raw.communitydragon.org/pbe/plugins/rcp-be-lol-game-data/global/default/v1/
[2024-08-17 15-32-25]页面新文件列表如下：
New file list is as follows:
网页链接（URL)： https://raw.communitydragon.org/pbe/plugins/rcp-be-lol-game-data/global/default/v1/
                file                     size           web_date         web_timestamp        local_date          local_timestamp   
 champion-rune-recommendations.json    328.6 KiB    2024-Aug-16 20:35    1723811700.0     2024-08-16 15-11-31    1723792291.3709068 
             loot.json                  2.8 MiB     2024-Aug-16 20:35    1723811700.0     2024-08-14 14-09-25    1723615765.920632  
        lootmilestones.json            105.2 KiB    2024-Aug-16 20:35    1723811700.0     2024-06-27 11-22-51    1719458571.854646  
            rewards.json               556.2 KiB    2024-Aug-16 20:35    1723811700.0     2024-08-06 08-16-33    1722903393.0269527 
             skins.json                 3.1 MiB     2024-Aug-16 20:35    1723811700.0     2024-08-15 11-23-05    1723692185.990656  
[2024-08-17 15-32-25][15/18][1/5]正在校对文件（Checking file）： https://raw.communitydragon.org/pbe/plugins/rcp-be-lol-game-data/global/default/v1/champion-rune-recommendations.json
[2024-08-17 15-32-26]已更新文件（Updated file）：离线数据（Offline Data）/cdragon/pbe/plugins/rcp-be-lol-game-data/global/default/v1/champion-rune-recommendations.json
[2024-08-17 15-32-26][15/18][2/5]正在校对文件（Checking file）： https://raw.communitydragon.org/pbe/plugins/rcp-be-lol-game-data/global/default/v1/loot.json
[2024-08-17 15-32-29]已更新文件（Updated file）：离线数据（Offline Data）/cdragon/pbe/plugins/rcp-be-lol-game-data/global/default/v1/loot.json
[2024-08-17 15-32-29][15/18][3/5]正在校对文件（Checking file）： https://raw.communitydragon.org/pbe/plugins/rcp-be-lol-game-data/global/default/v1/lootmilestones.json
[2024-08-17 15-32-30]已更新文件（Updated file）：离线数据（Offline Data）/cdragon/pbe/plugins/rcp-be-lol-game-data/global/default/v1/lootmilestones.json
[2024-08-17 15-32-30][15/18][4/5]正在校对文件（Checking file）： https://raw.communitydragon.org/pbe/plugins/rcp-be-lol-game-data/global/default/v1/rewards.json
[2024-08-17 15-32-31]已更新文件（Updated file）：离线数据（Offline Data）/cdragon/pbe/plugins/rcp-be-lol-game-data/global/default/v1/rewards.json
[2024-08-17 15-32-31][15/18][5/5]正在校对文件（Checking file）： https://raw.communitydragon.org/pbe/plugins/rcp-be-lol-game-data/global/default/v1/skins.json
[2024-08-17 15-32-33]已更新文件（Updated file）：离线数据（Offline Data）/cdragon/pbe/plugins/rcp-be-lol-game-data/global/default/v1/skins.json
[2024-08-17 15-32-33][16/18]正在检查文件夹（Checking the folder）：https://raw.communitydragon.org/pbe/plugins/rcp-be-lol-game-data/global/zh_cn/v1/champions/
[2024-08-17 15-32-34]页面新文件列表如下：
New file list is as follows:
网页链接（URL)： https://raw.communitydragon.org/pbe/plugins/rcp-be-lol-game-data/global/zh_cn/v1/champions/
   file        size          web_date         web_timestamp        local_date          local_timestamp   
  1.json     38.7 KiB    2024-Aug-16 20:35    1723811700.0     2024-08-14 14-10-09    1723615809.6426365 
 114.json    47.0 KiB    2024-Aug-16 20:35    1723811700.0     2024-08-14 14-10-12    1723615812.2908278 
 122.json    38.6 KiB    2024-Aug-16 20:35    1723811700.0     2024-08-14 14-10-14    1723615814.0460038 
 21.json     49.3 KiB    2024-Aug-16 20:35    1723811700.0     2024-08-15 11-23-10    1723692190.6742551 
 86.json     34.0 KiB    2024-Aug-16 20:35    1723811700.0     2024-08-14 14-10-17    1723615817.234265  
 887.json    23.9 KiB    2024-Aug-16 20:35    1723811700.0     2024-08-14 14-10-20    1723615820.1511588 
[2024-08-17 15-32-34][16/18][1/6]正在校对文件（Checking file）： https://raw.communitydragon.org/pbe/plugins/rcp-be-lol-game-data/global/zh_cn/v1/champions/1.json
[2024-08-17 15-32-34]已更新文件（Updated file）：离线数据（Offline Data）/cdragon/pbe/plugins/rcp-be-lol-game-data/global/zh_cn/v1/champions/1.json
[2024-08-17 15-32-34][16/18][2/6]正在校对文件（Checking file）： https://raw.communitydragon.org/pbe/plugins/rcp-be-lol-game-data/global/zh_cn/v1/champions/114.json
[2024-08-17 15-32-35]已更新文件（Updated file）：离线数据（Offline Data）/cdragon/pbe/plugins/rcp-be-lol-game-data/global/zh_cn/v1/champions/114.json
[2024-08-17 15-32-35][16/18][3/6]正在校对文件（Checking file）： https://raw.communitydragon.org/pbe/plugins/rcp-be-lol-game-data/global/zh_cn/v1/champions/122.json
[2024-08-17 15-32-36]已更新文件（Updated file）：离线数据（Offline Data）/cdragon/pbe/plugins/rcp-be-lol-game-data/global/zh_cn/v1/champions/122.json
[2024-08-17 15-32-36][16/18][4/6]正在校对文件（Checking file）： https://raw.communitydragon.org/pbe/plugins/rcp-be-lol-game-data/global/zh_cn/v1/champions/21.json
[2024-08-17 15-32-41]已更新文件（Updated file）：离线数据（Offline Data）/cdragon/pbe/plugins/rcp-be-lol-game-data/global/zh_cn/v1/champions/21.json
[2024-08-17 15-32-41][16/18][5/6]正在校对文件（Checking file）： https://raw.communitydragon.org/pbe/plugins/rcp-be-lol-game-data/global/zh_cn/v1/champions/86.json
[2024-08-17 15-32-46]已更新文件（Updated file）：离线数据（Offline Data）/cdragon/pbe/plugins/rcp-be-lol-game-data/global/zh_cn/v1/champions/86.json
[2024-08-17 15-32-46][16/18][6/6]正在校对文件（Checking file）： https://raw.communitydragon.org/pbe/plugins/rcp-be-lol-game-data/global/zh_cn/v1/champions/887.json
[2024-08-17 15-32-47]已更新文件（Updated file）：离线数据（Offline Data）/cdragon/pbe/plugins/rcp-be-lol-game-data/global/zh_cn/v1/champions/887.json
[2024-08-17 15-32-47][17/18]正在检查文件夹（Checking the folder）：https://raw.communitydragon.org/pbe/plugins/rcp-be-lol-game-data/global/zh_cn/v1/map-assets/
[2024-08-17 15-32-48]页面新文件列表如下：
New file list is as follows:
网页链接（URL)： https://raw.communitydragon.org/pbe/plugins/rcp-be-lol-game-data/global/zh_cn/v1/map-assets/
Empty DataFrame
Columns: [file, size, web_date, web_timestamp, local_date, local_timestamp]
Index: []
[2024-08-17 15-32-48][18/18]正在检查文件夹（Checking the folder）：https://raw.communitydragon.org/pbe/plugins/rcp-be-lol-game-data/global/zh_cn/v1/
[2024-08-17 15-32-49]页面新文件列表如下：
New file list is as follows:
网页链接（URL)： https://raw.communitydragon.org/pbe/plugins/rcp-be-lol-game-data/global/zh_cn/v1/
              file                   size           web_date         web_timestamp        local_date          local_timestamp   
        companions.json            757.5 KiB    2024-Aug-16 20:35    1723811700.0     2024-08-14 14-10-28    1723615828.4293644 
           items.json              440.7 KiB    2024-Aug-16 20:35    1723811700.0     2024-08-15 11-23-19    1723692199.4970975 
           loot.json                2.8 MiB     2024-Aug-16 20:35    1723811700.0     2024-08-14 14-10-36    1723615836.5998614 
      lootmilestones.json          105.4 KiB    2024-Aug-16 20:35    1723811700.0     2024-07-09 10-12-23    1720491143.2636836 
           skins.json               3.4 MiB     2024-Aug-16 20:35    1723811700.0     2024-08-15 11-23-22    1723692202.3043237 
      summoner-emotes.json         334.8 KiB    2024-Aug-16 20:35    1723811700.0     2024-08-14 14-10-48    1723615848.7289014 
      summoner-icons.json           1.4 MiB     2024-Aug-16 20:35    1723811700.0     2024-08-14 14-10-51    1723615851.3211648 
      tftdamageskins.json          68.0 KiB     2024-Aug-16 20:35    1723811700.0     2024-08-14 14-10-56    1723615856.7324715 
         tftitems.json             166.5 KiB    2024-Aug-16 20:35    1723811700.0     2024-08-14 14-10-58    1723615858.802201  
 tftrotationalshopitemdata.json    772.9 KiB    2024-Aug-16 20:35    1723811700.0     2024-08-14 14-11-01    1723615861.0917337 
  tfttrovesbannerrewards.json      670.5 KiB    2024-Aug-16 20:35    1723811700.0     2024-08-14 14-11-05    1723615865.2209654 
     tfttrovesbanners.json          6.1 MiB     2024-Aug-16 20:35    1723811700.0     2024-08-14 14-11-10    1723615870.2700202 
   tfttrovestablesnames.json       334.7 KiB    2024-Aug-16 20:35    1723811700.0     2024-08-14 14-11-12    1723615872.9926999 
[2024-08-17 15-32-49][18/18][1/13]正在校对文件（Checking file）： https://raw.communitydragon.org/pbe/plugins/rcp-be-lol-game-data/global/zh_cn/v1/companions.json
[2024-08-17 15-32-50]已更新文件（Updated file）：离线数据（Offline Data）/cdragon/pbe/plugins/rcp-be-lol-game-data/global/zh_cn/v1/companions.json
[2024-08-17 15-32-50][18/18][2/13]正在校对文件（Checking file）： https://raw.communitydragon.org/pbe/plugins/rcp-be-lol-game-data/global/zh_cn/v1/items.json
[2024-08-17 15-32-51]已更新文件（Updated file）：离线数据（Offline Data）/cdragon/pbe/plugins/rcp-be-lol-game-data/global/zh_cn/v1/items.json
[2024-08-17 15-32-51][18/18][3/13]正在校对文件（Checking file）： https://raw.communitydragon.org/pbe/plugins/rcp-be-lol-game-data/global/zh_cn/v1/loot.json
[2024-08-17 15-32-53]已更新文件（Updated file）：离线数据（Offline Data）/cdragon/pbe/plugins/rcp-be-lol-game-data/global/zh_cn/v1/loot.json
[2024-08-17 15-32-53][18/18][4/13]正在校对文件（Checking file）： https://raw.communitydragon.org/pbe/plugins/rcp-be-lol-game-data/global/zh_cn/v1/lootmilestones.json
[2024-08-17 15-32-54]已更新文件（Updated file）：离线数据（Offline Data）/cdragon/pbe/plugins/rcp-be-lol-game-data/global/zh_cn/v1/lootmilestones.json
[2024-08-17 15-32-54][18/18][5/13]正在校对文件（Checking file）： https://raw.communitydragon.org/pbe/plugins/rcp-be-lol-game-data/global/zh_cn/v1/skins.json
[2024-08-17 15-32-56]已更新文件（Updated file）：离线数据（Offline Data）/cdragon/pbe/plugins/rcp-be-lol-game-data/global/zh_cn/v1/skins.json
[2024-08-17 15-32-56][18/18][6/13]正在校对文件（Checking file）： https://raw.communitydragon.org/pbe/plugins/rcp-be-lol-game-data/global/zh_cn/v1/summoner-emotes.json
[2024-08-17 15-32-58]已更新文件（Updated file）：离线数据（Offline Data）/cdragon/pbe/plugins/rcp-be-lol-game-data/global/zh_cn/v1/summoner-emotes.json
[2024-08-17 15-32-58][18/18][7/13]正在校对文件（Checking file）： https://raw.communitydragon.org/pbe/plugins/rcp-be-lol-game-data/global/zh_cn/v1/summoner-icons.json
[2024-08-17 15-33-03]已更新文件（Updated file）：离线数据（Offline Data）/cdragon/pbe/plugins/rcp-be-lol-game-data/global/zh_cn/v1/summoner-icons.json
[2024-08-17 15-33-03][18/18][8/13]正在校对文件（Checking file）： https://raw.communitydragon.org/pbe/plugins/rcp-be-lol-game-data/global/zh_cn/v1/tftdamageskins.json
[2024-08-17 15-33-03]已更新文件（Updated file）：离线数据（Offline Data）/cdragon/pbe/plugins/rcp-be-lol-game-data/global/zh_cn/v1/tftdamageskins.json
[2024-08-17 15-33-03][18/18][9/13]正在校对文件（Checking file）： https://raw.communitydragon.org/pbe/plugins/rcp-be-lol-game-data/global/zh_cn/v1/tftitems.json
[2024-08-17 15-33-05]已更新文件（Updated file）：离线数据（Offline Data）/cdragon/pbe/plugins/rcp-be-lol-game-data/global/zh_cn/v1/tftitems.json
[2024-08-17 15-33-05][18/18][10/13]正在校对文件（Checking file）： https://raw.communitydragon.org/pbe/plugins/rcp-be-lol-game-data/global/zh_cn/v1/tftrotationalshopitemdata.json
[2024-08-17 15-33-06]已更新文件（Updated file）：离线数据（Offline Data）/cdragon/pbe/plugins/rcp-be-lol-game-data/global/zh_cn/v1/tftrotationalshopitemdata.json
[2024-08-17 15-33-06][18/18][11/13]正在校对文件（Checking file）： https://raw.communitydragon.org/pbe/plugins/rcp-be-lol-game-data/global/zh_cn/v1/tfttrovesbannerrewards.json
[2024-08-17 15-33-07]已更新文件（Updated file）：离线数据（Offline Data）/cdragon/pbe/plugins/rcp-be-lol-game-data/global/zh_cn/v1/tfttrovesbannerrewards.json
[2024-08-17 15-33-07][18/18][12/13]正在校对文件（Checking file）： https://raw.communitydragon.org/pbe/plugins/rcp-be-lol-game-data/global/zh_cn/v1/tfttrovesbanners.json
[2024-08-17 15-33-11]已更新文件（Updated file）：离线数据（Offline Data）/cdragon/pbe/plugins/rcp-be-lol-game-data/global/zh_cn/v1/tfttrovesbanners.json
[2024-08-17 15-33-11][18/18][13/13]正在校对文件（Checking file）： https://raw.communitydragon.org/pbe/plugins/rcp-be-lol-game-data/global/zh_cn/v1/tfttrovestablesnames.json
[2024-08-17 15-33-16]已更新文件（Updated file）：离线数据（Offline Data）/cdragon/pbe/plugins/rcp-be-lol-game-data/global/zh_cn/v1/tfttrovestablesnames.json
已更新以下29个文件：
Updated the following 29 file(s):
https://raw.communitydragon.org/pbe/compat-version-metadata.json
https://raw.communitydragon.org/pbe/content-metadata.json
https://raw.communitydragon.org/pbe/cdragon/tft/zh_cn.json
https://raw.communitydragon.org/pbe/plugins/rcp-be-lol-game-data/global/default/v1/champions/122.json
https://raw.communitydragon.org/pbe/plugins/rcp-be-lol-game-data/global/default/v1/champions/86.json
https://raw.communitydragon.org/pbe/plugins/rcp-be-lol-game-data/global/default/v1/champion-rune-recommendations.json
https://raw.communitydragon.org/pbe/plugins/rcp-be-lol-game-data/global/default/v1/loot.json
https://raw.communitydragon.org/pbe/plugins/rcp-be-lol-game-data/global/default/v1/lootmilestones.json
https://raw.communitydragon.org/pbe/plugins/rcp-be-lol-game-data/global/default/v1/rewards.json
https://raw.communitydragon.org/pbe/plugins/rcp-be-lol-game-data/global/default/v1/skins.json
https://raw.communitydragon.org/pbe/plugins/rcp-be-lol-game-data/global/zh_cn/v1/champions/1.json
https://raw.communitydragon.org/pbe/plugins/rcp-be-lol-game-data/global/zh_cn/v1/champions/114.json
https://raw.communitydragon.org/pbe/plugins/rcp-be-lol-game-data/global/zh_cn/v1/champions/122.json
https://raw.communitydragon.org/pbe/plugins/rcp-be-lol-game-data/global/zh_cn/v1/champions/21.json
https://raw.communitydragon.org/pbe/plugins/rcp-be-lol-game-data/global/zh_cn/v1/champions/86.json
https://raw.communitydragon.org/pbe/plugins/rcp-be-lol-game-data/global/zh_cn/v1/champions/887.json
https://raw.communitydragon.org/pbe/plugins/rcp-be-lol-game-data/global/zh_cn/v1/companions.json
https://raw.communitydragon.org/pbe/plugins/rcp-be-lol-game-data/global/zh_cn/v1/items.json
https://raw.communitydragon.org/pbe/plugins/rcp-be-lol-game-data/global/zh_cn/v1/loot.json
https://raw.communitydragon.org/pbe/plugins/rcp-be-lol-game-data/global/zh_cn/v1/lootmilestones.json
https://raw.communitydragon.org/pbe/plugins/rcp-be-lol-game-data/global/zh_cn/v1/skins.json
https://raw.communitydragon.org/pbe/plugins/rcp-be-lol-game-data/global/zh_cn/v1/summoner-emotes.json
https://raw.communitydragon.org/pbe/plugins/rcp-be-lol-game-data/global/zh_cn/v1/summoner-icons.json
https://raw.communitydragon.org/pbe/plugins/rcp-be-lol-game-data/global/zh_cn/v1/tftdamageskins.json
https://raw.communitydragon.org/pbe/plugins/rcp-be-lol-game-data/global/zh_cn/v1/tftitems.json
https://raw.communitydragon.org/pbe/plugins/rcp-be-lol-game-data/global/zh_cn/v1/tftrotationalshopitemdata.json
https://raw.communitydragon.org/pbe/plugins/rcp-be-lol-game-data/global/zh_cn/v1/tfttrovesbannerrewards.json
https://raw.communitydragon.org/pbe/plugins/rcp-be-lol-game-data/global/zh_cn/v1/tfttrovesbanners.json
https://raw.communitydragon.org/pbe/plugins/rcp-be-lol-game-data/global/zh_cn/v1/tfttrovestablesnames.json

请选择要更新的数据资源，输入空字符串以退出程序：
Please select the data resource to update, or submit an empty string to exit the program:
1	CommunityDragon
2	DataDragon

[The program has exited!]
