请选择要更新的数据资源，输入空字符串以退出程序：
Please select the data resource to update, or submit an empty string to exit the program:
1	CommunityDragon
2	DataDragon
1
请选择更新模式：
Please select the update mode:
1	全局扫描（Global Scanning）
2	按修改时间更新（Updating According to Modification Time）
3	更新指定文件夹（Updating Specified Folders）

请选择一种方式指定修改时间：
Please select a method of specifying the modification time:
1	自动获取（Automatically get）
2	手动输入（Manually input）

[2024-07-27 11-07-41][1/18]正在检查文件夹（Checking the folder）：https://raw.communitydragon.org/latest/
[2024-07-27 11-07-46]页面新文件列表如下：
New file list is as follows:
网页链接（URL)： https://raw.communitydragon.org/latest/
Empty DataFrame
Columns: [file, size, web_date, web_timestamp, local_date, local_timestamp]
Index: []
[2024-07-27 11-07-46][2/18]正在检查文件夹（Checking the folder）：https://raw.communitydragon.org/latest/cdragon/arena/
[2024-07-27 11-07-48]页面新文件列表如下：
New file list is as follows:
网页链接（URL)： https://raw.communitydragon.org/latest/cdragon/arena/
Empty DataFrame
Columns: [file, size, web_date, web_timestamp, local_date, local_timestamp]
Index: []
[2024-07-27 11-07-48][3/18]正在检查文件夹（Checking the folder）：https://raw.communitydragon.org/latest/cdragon/tft/
违反协议导致读取中断！正在尝试第1次重新获取数据！
EOF occurred in violation of protocol! Trying to recapture the data with url: https://raw.communitydragon.org/latest/cdragon/tft/. Time(s) tried: 1
[2024-07-27 11-07-49]页面新文件列表如下：
New file list is as follows:
网页链接（URL)： https://raw.communitydragon.org/latest/cdragon/tft/
Empty DataFrame
Columns: [file, size, web_date, web_timestamp, local_date, local_timestamp]
Index: []
[2024-07-27 11-07-49][4/18]正在检查文件夹（Checking the folder）：https://raw.communitydragon.org/latest/plugins/rcp-be-lol-game-data/global/default/v1/champions/
[2024-07-27 11-07-50]页面新文件列表如下：
New file list is as follows:
网页链接（URL)： https://raw.communitydragon.org/latest/plugins/rcp-be-lol-game-data/global/default/v1/champions/
Empty DataFrame
Columns: [file, size, web_date, web_timestamp, local_date, local_timestamp]
Index: []
[2024-07-27 11-07-50][5/18]正在检查文件夹（Checking the folder）：https://raw.communitydragon.org/latest/plugins/rcp-be-lol-game-data/global/default/v1/map-assets/
[2024-07-27 11-07-51]页面新文件列表如下：
New file list is as follows:
网页链接（URL)： https://raw.communitydragon.org/latest/plugins/rcp-be-lol-game-data/global/default/v1/map-assets/
Empty DataFrame
Columns: [file, size, web_date, web_timestamp, local_date, local_timestamp]
Index: []
[2024-07-27 11-07-51][6/18]正在检查文件夹（Checking the folder）：https://raw.communitydragon.org/latest/plugins/rcp-be-lol-game-data/global/default/v1/
[2024-07-27 11-07-52]页面新文件列表如下：
New file list is as follows:
网页链接（URL)： https://raw.communitydragon.org/latest/plugins/rcp-be-lol-game-data/global/default/v1/
Empty DataFrame
Columns: [file, size, web_date, web_timestamp, local_date, local_timestamp]
Index: []
[2024-07-27 11-07-53][7/18]正在检查文件夹（Checking the folder）：https://raw.communitydragon.org/latest/plugins/rcp-be-lol-game-data/global/zh_cn/v1/champions/
违反协议导致读取中断！正在尝试第1次重新获取数据！
EOF occurred in violation of protocol! Trying to recapture the data with url: https://raw.communitydragon.org/latest/plugins/rcp-be-lol-game-data/global/zh_cn/v1/champions/. Time(s) tried: 1
[2024-07-27 11-07-54]页面新文件列表如下：
New file list is as follows:
网页链接（URL)： https://raw.communitydragon.org/latest/plugins/rcp-be-lol-game-data/global/zh_cn/v1/champions/
Empty DataFrame
Columns: [file, size, web_date, web_timestamp, local_date, local_timestamp]
Index: []
[2024-07-27 11-07-55][8/18]正在检查文件夹（Checking the folder）：https://raw.communitydragon.org/latest/plugins/rcp-be-lol-game-data/global/zh_cn/v1/map-assets/
[2024-07-27 11-07-56]页面新文件列表如下：
New file list is as follows:
网页链接（URL)： https://raw.communitydragon.org/latest/plugins/rcp-be-lol-game-data/global/zh_cn/v1/map-assets/
Empty DataFrame
Columns: [file, size, web_date, web_timestamp, local_date, local_timestamp]
Index: []
[2024-07-27 11-07-56][9/18]正在检查文件夹（Checking the folder）：https://raw.communitydragon.org/latest/plugins/rcp-be-lol-game-data/global/zh_cn/v1/
[2024-07-27 11-07-58]页面新文件列表如下：
New file list is as follows:
网页链接（URL)： https://raw.communitydragon.org/latest/plugins/rcp-be-lol-game-data/global/zh_cn/v1/
Empty DataFrame
Columns: [file, size, web_date, web_timestamp, local_date, local_timestamp]
Index: []
[2024-07-27 11-07-58][10/18]正在检查文件夹（Checking the folder）：https://raw.communitydragon.org/pbe/
违反协议导致读取中断！正在尝试第1次重新获取数据！
EOF occurred in violation of protocol! Trying to recapture the data with url: https://raw.communitydragon.org/pbe/. Time(s) tried: 1
[2024-07-27 11-08-00]页面新文件列表如下：
New file list is as follows:
网页链接（URL)： https://raw.communitydragon.org/pbe/
             file                size        web_date         web_timestamp        local_date          local_timestamp   
 compat-version-metadata.json    72 B    2024-Jul-27 02:41    1722019260.0     2024-07-26 12-10-35    1721967035.565814  
    content-metadata.json        74 B    2024-Jul-27 02:41    1722019260.0     2024-07-26 12-10-36    1721967036.6538718 
[2024-07-27 11-08-00][10/18][1/2]正在校对文件（Checking file）： https://raw.communitydragon.org/pbe/compat-version-metadata.json
[2024-07-27 11-08-01]已更新文件（Updated file）：离线数据（Offline Data）/cdragon/pbe/compat-version-metadata.json
[2024-07-27 11-08-01][10/18][2/2]正在校对文件（Checking file）： https://raw.communitydragon.org/pbe/content-metadata.json
违反协议导致读取中断！正在尝试第1次重新获取数据！
EOF occurred in violation of protocol! Trying to recapture the data with url: https://raw.communitydragon.org/pbe/content-metadata.json. Time(s) tried: 1
[2024-07-27 11-08-02]已更新文件（Updated file）：离线数据（Offline Data）/cdragon/pbe/content-metadata.json
[2024-07-27 11-08-02][11/18]正在检查文件夹（Checking the folder）：https://raw.communitydragon.org/pbe/cdragon/arena/
[2024-07-27 11-08-04]页面新文件列表如下：
New file list is as follows:
网页链接（URL)： https://raw.communitydragon.org/pbe/cdragon/arena/
Empty DataFrame
Columns: [file, size, web_date, web_timestamp, local_date, local_timestamp]
Index: []
[2024-07-27 11-08-04][12/18]正在检查文件夹（Checking the folder）：https://raw.communitydragon.org/pbe/cdragon/tft/
[2024-07-27 11-08-05]页面新文件列表如下：
New file list is as follows:
网页链接（URL)： https://raw.communitydragon.org/pbe/cdragon/tft/
Empty DataFrame
Columns: [file, size, web_date, web_timestamp, local_date, local_timestamp]
Index: []
[2024-07-27 11-08-05][13/18]正在检查文件夹（Checking the folder）：https://raw.communitydragon.org/pbe/plugins/rcp-be-lol-game-data/global/default/v1/champions/
违反协议导致读取中断！正在尝试第1次重新获取数据！
EOF occurred in violation of protocol! Trying to recapture the data with url: https://raw.communitydragon.org/pbe/plugins/rcp-be-lol-game-data/global/default/v1/champions/. Time(s) tried: 1
[2024-07-27 11-08-07]页面新文件列表如下：
New file list is as follows:
网页链接（URL)： https://raw.communitydragon.org/pbe/plugins/rcp-be-lol-game-data/global/default/v1/champions/
   file         size          web_date         web_timestamp        local_date          local_timestamp   
 136.json     24.9 KiB    2024-Jul-27 02:43    1722019380.0     2024-07-26 12-10-42    1721967042.3344638 
 238.json     35.5 KiB    2024-Jul-27 02:43    1722019380.0     2024-07-26 12-10-44    1721967044.4700308 
 3152.json    7.6 KiB     2024-Jul-27 02:43    1722019380.0     2024-07-26 12-10-45    1721967045.238527  
  69.json     24.7 KiB    2024-Jul-27 02:43    1722019380.0     2024-07-26 12-10-46    1721967046.1139545 
  72.json     17.5 KiB    2024-Jul-27 02:43    1722019380.0     2024-07-26 12-10-47    1721967047.228263  
 777.json     32.1 KiB    2024-Jul-27 02:43    1722019380.0     2024-07-26 12-10-48    1721967048.399428  
  84.json     45.5 KiB    2024-Jul-27 02:43    1722019380.0     2024-07-26 12-10-49    1721967049.4601817 
  89.json     38.5 KiB    2024-Jul-27 02:43    1722019380.0     2024-07-26 12-10-50    1721967050.7948656 
 893.json     13.6 KiB    2024-Jul-27 02:43    1722019380.0     2024-07-26 12-10-51    1721967051.888723  
[2024-07-27 11-08-07][13/18][1/9]正在校对文件（Checking file）： https://raw.communitydragon.org/pbe/plugins/rcp-be-lol-game-data/global/default/v1/champions/136.json
[2024-07-27 11-08-13][13/18][2/9]正在校对文件（Checking file）： https://raw.communitydragon.org/pbe/plugins/rcp-be-lol-game-data/global/default/v1/champions/238.json
[2024-07-27 11-08-14][13/18][3/9]正在校对文件（Checking file）： https://raw.communitydragon.org/pbe/plugins/rcp-be-lol-game-data/global/default/v1/champions/3152.json
[2024-07-27 11-08-15][13/18][4/9]正在校对文件（Checking file）： https://raw.communitydragon.org/pbe/plugins/rcp-be-lol-game-data/global/default/v1/champions/69.json
[2024-07-27 11-08-17][13/18][5/9]正在校对文件（Checking file）： https://raw.communitydragon.org/pbe/plugins/rcp-be-lol-game-data/global/default/v1/champions/72.json
[2024-07-27 11-08-19][13/18][6/9]正在校对文件（Checking file）： https://raw.communitydragon.org/pbe/plugins/rcp-be-lol-game-data/global/default/v1/champions/777.json
违反协议导致读取中断！正在尝试第1次重新获取数据！
EOF occurred in violation of protocol! Trying to recapture the data with url: https://raw.communitydragon.org/pbe/plugins/rcp-be-lol-game-data/global/default/v1/champions/777.json. Time(s) tried: 1
[2024-07-27 11-08-20][13/18][7/9]正在校对文件（Checking file）： https://raw.communitydragon.org/pbe/plugins/rcp-be-lol-game-data/global/default/v1/champions/84.json
违反协议导致读取中断！正在尝试第1次重新获取数据！
EOF occurred in violation of protocol! Trying to recapture the data with url: https://raw.communitydragon.org/pbe/plugins/rcp-be-lol-game-data/global/default/v1/champions/84.json. Time(s) tried: 1
[2024-07-27 11-08-22][13/18][8/9]正在校对文件（Checking file）： https://raw.communitydragon.org/pbe/plugins/rcp-be-lol-game-data/global/default/v1/champions/89.json
[2024-07-27 11-08-23][13/18][9/9]正在校对文件（Checking file）： https://raw.communitydragon.org/pbe/plugins/rcp-be-lol-game-data/global/default/v1/champions/893.json
[2024-07-27 11-08-24][14/18]正在检查文件夹（Checking the folder）：https://raw.communitydragon.org/pbe/plugins/rcp-be-lol-game-data/global/default/v1/map-assets/
[2024-07-27 11-08-25]页面新文件列表如下：
New file list is as follows:
网页链接（URL)： https://raw.communitydragon.org/pbe/plugins/rcp-be-lol-game-data/global/default/v1/map-assets/
Empty DataFrame
Columns: [file, size, web_date, web_timestamp, local_date, local_timestamp]
Index: []
[2024-07-27 11-08-25][15/18]正在检查文件夹（Checking the folder）：https://raw.communitydragon.org/pbe/plugins/rcp-be-lol-game-data/global/default/v1/
违反协议导致读取中断！正在尝试第1次重新获取数据！
EOF occurred in violation of protocol! Trying to recapture the data with url: https://raw.communitydragon.org/pbe/plugins/rcp-be-lol-game-data/global/default/v1/. Time(s) tried: 1
[2024-07-27 11-08-27]页面新文件列表如下：
New file list is as follows:
网页链接（URL)： https://raw.communitydragon.org/pbe/plugins/rcp-be-lol-game-data/global/default/v1/
                file                     size           web_date         web_timestamp        local_date          local_timestamp   
          challenges.json              592.5 KiB    2024-Jul-27 02:43    1722019380.0     2024-07-26 12-10-55    1721967055.382864  
 champion-rune-recommendations.json    325.6 KiB    2024-Jul-27 02:43    1722019380.0     2024-07-26 12-10-56    1721967056.4111333 
        cherry-augments.json           45.3 KiB     2024-Jul-27 02:43    1722019380.0     2024-07-26 12-10-57    1721967057.5664992 
          companions.json              747.7 KiB    2024-Jul-27 02:43    1722019380.0     2024-07-26 12-10-59    1721967059.4198048 
           event-hub.json              51.8 KiB     2024-Jul-27 02:43    1722019380.0     2024-07-26 12-11-00    1721967060.524488  
        generic-assets.json            175.2 KiB    2024-Jul-27 02:43    1722019380.0     2024-07-26 12-11-01    1721967061.5710583 
             items.json                441.8 KiB    2024-Jul-27 02:43    1722019380.0     2024-07-26 12-11-03    1721967063.2672217 
             loot.json                  2.8 MiB     2024-Jul-27 02:43    1722019380.0     2024-07-26 12-11-05    1721967065.6087413 
             perks.json                93.5 KiB     2024-Jul-27 02:43    1722019380.0     2024-07-26 12-11-06    1721967066.7914495 
            rewards.json               536.9 KiB    2024-Jul-27 02:43    1722019380.0     2024-07-26 12-11-08    1721967068.1953738 
          statstones.json               1.7 MiB     2024-Jul-27 02:43    1722019380.0     2024-07-26 12-11-10    1721967070.5776215 
        strawberry-hub.json            192.1 KiB    2024-Jul-27 02:43    1722019380.0     2024-07-26 12-11-12    1721967072.6852882 
          stylesheet.json              19.7 KiB     2024-Jul-27 02:43    1722019380.0     2024-07-26 12-11-14    1721967074.317672  
        tftdamageskins.json            66.8 KiB     2024-Jul-27 02:43    1722019380.0     2024-07-26 12-11-15    1721967075.1183054 
           tftitems.json               317.1 KiB    2024-Jul-27 02:43    1722019380.0     2024-07-26 12-11-17    1721967077.1872385 
         tftplaybooks.json             54.4 KiB     2024-Jul-27 02:43    1722019380.0     2024-07-26 12-11-18    1721967078.052982  
   tftrotationalshopitemdata.json      748.5 KiB    2024-Jul-27 02:43    1722019380.0     2024-07-26 12-11-20    1721967080.0231495 
           tfttraits.json              161.9 KiB    2024-Jul-27 02:43    1722019380.0     2024-07-26 12-11-21    1721967081.988884  
    tfttrovesbannerrewards.json        661.4 KiB    2024-Jul-27 02:43    1722019380.0     2024-07-26 12-11-25    1721967085.510751  
     tfttrovestablesnames.json         315.9 KiB    2024-Jul-27 02:43    1722019380.0     2024-07-26 12-11-26    1721967086.6687875 
[2024-07-27 11-08-27][15/18][1/20]正在校对文件（Checking file）： https://raw.communitydragon.org/pbe/plugins/rcp-be-lol-game-data/global/default/v1/challenges.json
[2024-07-27 11-08-29][15/18][2/20]正在校对文件（Checking file）： https://raw.communitydragon.org/pbe/plugins/rcp-be-lol-game-data/global/default/v1/champion-rune-recommendations.json
[2024-07-27 11-08-30][15/18][3/20]正在校对文件（Checking file）： https://raw.communitydragon.org/pbe/plugins/rcp-be-lol-game-data/global/default/v1/cherry-augments.json
[2024-07-27 11-08-31][15/18][4/20]正在校对文件（Checking file）： https://raw.communitydragon.org/pbe/plugins/rcp-be-lol-game-data/global/default/v1/companions.json
[2024-07-27 11-08-33][15/18][5/20]正在校对文件（Checking file）： https://raw.communitydragon.org/pbe/plugins/rcp-be-lol-game-data/global/default/v1/event-hub.json
[2024-07-27 11-08-35][15/18][6/20]正在校对文件（Checking file）： https://raw.communitydragon.org/pbe/plugins/rcp-be-lol-game-data/global/default/v1/generic-assets.json
[2024-07-27 11-08-41][15/18][7/20]正在校对文件（Checking file）： https://raw.communitydragon.org/pbe/plugins/rcp-be-lol-game-data/global/default/v1/items.json
违反协议导致读取中断！正在尝试第1次重新获取数据！
EOF occurred in violation of protocol! Trying to recapture the data with url: https://raw.communitydragon.org/pbe/plugins/rcp-be-lol-game-data/global/default/v1/items.json. Time(s) tried: 1
[2024-07-27 11-08-43][15/18][8/20]正在校对文件（Checking file）： https://raw.communitydragon.org/pbe/plugins/rcp-be-lol-game-data/global/default/v1/loot.json
[2024-07-27 11-08-46][15/18][9/20]正在校对文件（Checking file）： https://raw.communitydragon.org/pbe/plugins/rcp-be-lol-game-data/global/default/v1/perks.json
[2024-07-27 11-08-48][15/18][10/20]正在校对文件（Checking file）： https://raw.communitydragon.org/pbe/plugins/rcp-be-lol-game-data/global/default/v1/rewards.json
[2024-07-27 11-08-49][15/18][11/20]正在校对文件（Checking file）： https://raw.communitydragon.org/pbe/plugins/rcp-be-lol-game-data/global/default/v1/statstones.json
[2024-07-27 11-08-51][15/18][12/20]正在校对文件（Checking file）： https://raw.communitydragon.org/pbe/plugins/rcp-be-lol-game-data/global/default/v1/strawberry-hub.json
[2024-07-27 11-08-53][15/18][13/20]正在校对文件（Checking file）： https://raw.communitydragon.org/pbe/plugins/rcp-be-lol-game-data/global/default/v1/stylesheet.json
[2024-07-27 11-08-55][15/18][14/20]正在校对文件（Checking file）： https://raw.communitydragon.org/pbe/plugins/rcp-be-lol-game-data/global/default/v1/tftdamageskins.json
[2024-07-27 11-08-56][15/18][15/20]正在校对文件（Checking file）： https://raw.communitydragon.org/pbe/plugins/rcp-be-lol-game-data/global/default/v1/tftitems.json
[2024-07-27 11-08-57]已更新文件（Updated file）：离线数据（Offline Data）/cdragon/pbe/plugins/rcp-be-lol-game-data/global/default/v1/tftitems.json
[2024-07-27 11-08-57][15/18][16/20]正在校对文件（Checking file）： https://raw.communitydragon.org/pbe/plugins/rcp-be-lol-game-data/global/default/v1/tftplaybooks.json
[2024-07-27 11-08-59][15/18][17/20]正在校对文件（Checking file）： https://raw.communitydragon.org/pbe/plugins/rcp-be-lol-game-data/global/default/v1/tftrotationalshopitemdata.json
[2024-07-27 11-09-01][15/18][18/20]正在校对文件（Checking file）： https://raw.communitydragon.org/pbe/plugins/rcp-be-lol-game-data/global/default/v1/tfttraits.json
[2024-07-27 11-09-02][15/18][19/20]正在校对文件（Checking file）： https://raw.communitydragon.org/pbe/plugins/rcp-be-lol-game-data/global/default/v1/tfttrovesbannerrewards.json
[2024-07-27 11-09-04][15/18][20/20]正在校对文件（Checking file）： https://raw.communitydragon.org/pbe/plugins/rcp-be-lol-game-data/global/default/v1/tfttrovestablesnames.json
[2024-07-27 11-09-05][16/18]正在检查文件夹（Checking the folder）：https://raw.communitydragon.org/pbe/plugins/rcp-be-lol-game-data/global/zh_cn/v1/champions/
[2024-07-27 11-09-06]页面新文件列表如下：
New file list is as follows:
网页链接（URL)： https://raw.communitydragon.org/pbe/plugins/rcp-be-lol-game-data/global/zh_cn/v1/champions/
   file         size          web_date         web_timestamp        local_date          local_timestamp   
 121.json     35.5 KiB    2024-Jul-27 02:43    1722019380.0     2024-07-26 12-11-29    1721967089.0099103 
 136.json     25.9 KiB    2024-Jul-27 02:43    1722019380.0     2024-07-26 12-11-30    1721967090.2644565 
  14.json     29.4 KiB    2024-Jul-27 02:43    1722019380.0     2024-07-26 12-11-31    1721967091.7234557 
 157.json     46.3 KiB    2024-Jul-27 02:43    1722019380.0     2024-07-26 12-11-32    1721967092.760907  
 233.json     18.3 KiB    2024-Jul-27 02:43    1722019380.0     2024-07-26 12-11-33    1721967093.573614  
 238.json     38.2 KiB    2024-Jul-27 02:43    1722019380.0     2024-07-26 12-11-34    1721967094.4308586 
 266.json     30.9 KiB    2024-Jul-27 02:43    1722019380.0     2024-07-26 12-11-35    1721967095.6881804 
 3152.json    7.6 KiB     2024-Jul-27 02:43    1722019380.0     2024-07-26 12-11-36    1721967096.4601066 
 420.json     22.9 KiB    2024-Jul-27 02:43    1722019380.0     2024-07-26 12-11-37    1721967097.2570891 
 498.json     33.3 KiB    2024-Jul-27 02:43    1722019380.0     2024-07-26 12-11-38    1721967098.2687027 
  69.json     25.9 KiB    2024-Jul-27 02:43    1722019380.0     2024-07-26 12-11-39    1721967099.350418  
  72.json     18.0 KiB    2024-Jul-27 02:43    1722019380.0     2024-07-26 12-11-40    1721967100.2022605 
 777.json     34.1 KiB    2024-Jul-27 02:43    1722019380.0     2024-07-26 12-11-41    1721967101.0525944 
  89.json     41.4 KiB    2024-Jul-27 02:43    1722019380.0     2024-07-26 12-11-42    1721967102.5534172 
 893.json     13.7 KiB    2024-Jul-27 02:43    1722019380.0     2024-07-26 12-11-43    1721967103.4136338 
  91.json     33.2 KiB    2024-Jul-27 02:43    1722019380.0     2024-07-26 12-11-44    1721967104.2475238 
[2024-07-27 11-09-07][16/18][1/16]正在校对文件（Checking file）： https://raw.communitydragon.org/pbe/plugins/rcp-be-lol-game-data/global/zh_cn/v1/champions/121.json
[2024-07-27 11-09-08][16/18][2/16]正在校对文件（Checking file）： https://raw.communitydragon.org/pbe/plugins/rcp-be-lol-game-data/global/zh_cn/v1/champions/136.json
[2024-07-27 11-09-09][16/18][3/16]正在校对文件（Checking file）： https://raw.communitydragon.org/pbe/plugins/rcp-be-lol-game-data/global/zh_cn/v1/champions/14.json
[2024-07-27 11-09-15][16/18][4/16]正在校对文件（Checking file）： https://raw.communitydragon.org/pbe/plugins/rcp-be-lol-game-data/global/zh_cn/v1/champions/157.json
[2024-07-27 11-09-16][16/18][5/16]正在校对文件（Checking file）： https://raw.communitydragon.org/pbe/plugins/rcp-be-lol-game-data/global/zh_cn/v1/champions/233.json
[2024-07-27 11-09-17][16/18][6/16]正在校对文件（Checking file）： https://raw.communitydragon.org/pbe/plugins/rcp-be-lol-game-data/global/zh_cn/v1/champions/238.json
[2024-07-27 11-09-18][16/18][7/16]正在校对文件（Checking file）： https://raw.communitydragon.org/pbe/plugins/rcp-be-lol-game-data/global/zh_cn/v1/champions/266.json
违反协议导致读取中断！正在尝试第1次重新获取数据！
EOF occurred in violation of protocol! Trying to recapture the data with url: https://raw.communitydragon.org/pbe/plugins/rcp-be-lol-game-data/global/zh_cn/v1/champions/266.json. Time(s) tried: 1
[2024-07-27 11-09-20][16/18][8/16]正在校对文件（Checking file）： https://raw.communitydragon.org/pbe/plugins/rcp-be-lol-game-data/global/zh_cn/v1/champions/3152.json
[2024-07-27 11-09-21][16/18][9/16]正在校对文件（Checking file）： https://raw.communitydragon.org/pbe/plugins/rcp-be-lol-game-data/global/zh_cn/v1/champions/420.json
[2024-07-27 11-09-22][16/18][10/16]正在校对文件（Checking file）： https://raw.communitydragon.org/pbe/plugins/rcp-be-lol-game-data/global/zh_cn/v1/champions/498.json
[2024-07-27 11-09-22][16/18][11/16]正在校对文件（Checking file）： https://raw.communitydragon.org/pbe/plugins/rcp-be-lol-game-data/global/zh_cn/v1/champions/69.json
[2024-07-27 11-09-24][16/18][12/16]正在校对文件（Checking file）： https://raw.communitydragon.org/pbe/plugins/rcp-be-lol-game-data/global/zh_cn/v1/champions/72.json
[2024-07-27 11-09-25][16/18][13/16]正在校对文件（Checking file）： https://raw.communitydragon.org/pbe/plugins/rcp-be-lol-game-data/global/zh_cn/v1/champions/777.json
[2024-07-27 11-09-25][16/18][14/16]正在校对文件（Checking file）： https://raw.communitydragon.org/pbe/plugins/rcp-be-lol-game-data/global/zh_cn/v1/champions/89.json
[2024-07-27 11-09-26][16/18][15/16]正在校对文件（Checking file）： https://raw.communitydragon.org/pbe/plugins/rcp-be-lol-game-data/global/zh_cn/v1/champions/893.json
[2024-07-27 11-09-27][16/18][16/16]正在校对文件（Checking file）： https://raw.communitydragon.org/pbe/plugins/rcp-be-lol-game-data/global/zh_cn/v1/champions/91.json
[2024-07-27 11-09-28][17/18]正在检查文件夹（Checking the folder）：https://raw.communitydragon.org/pbe/plugins/rcp-be-lol-game-data/global/zh_cn/v1/map-assets/
[2024-07-27 11-09-29]页面新文件列表如下：
New file list is as follows:
网页链接（URL)： https://raw.communitydragon.org/pbe/plugins/rcp-be-lol-game-data/global/zh_cn/v1/map-assets/
Empty DataFrame
Columns: [file, size, web_date, web_timestamp, local_date, local_timestamp]
Index: []
[2024-07-27 11-09-29][18/18]正在检查文件夹（Checking the folder）：https://raw.communitydragon.org/pbe/plugins/rcp-be-lol-game-data/global/zh_cn/v1/
[2024-07-27 11-09-30]页面新文件列表如下：
New file list is as follows:
网页链接（URL)： https://raw.communitydragon.org/pbe/plugins/rcp-be-lol-game-data/global/zh_cn/v1/
              file                   size           web_date         web_timestamp        local_date          local_timestamp   
        challenges.json            599.0 KiB    2024-Jul-27 02:43    1722019380.0     2024-07-26 12-11-47    1721967107.9428947 
      cherry-augments.json         45.1 KiB     2024-Jul-27 02:43    1722019380.0     2024-07-26 12-11-49    1721967109.4153962 
        companions.json            751.0 KiB    2024-Jul-27 02:43    1722019380.0     2024-07-26 12-11-51    1721967111.1512957 
         event-hub.json            52.3 KiB     2024-Jul-27 02:43    1722019380.0     2024-07-26 12-11-52    1721967112.6260793 
      generic-assets.json          175.2 KiB    2024-Jul-27 02:43    1722019380.0     2024-07-26 12-11-53    1721967113.6842165 
           items.json              440.6 KiB    2024-Jul-27 02:43    1722019380.0     2024-07-26 12-11-55    1721967115.1962738 
           loot.json                2.8 MiB     2024-Jul-27 02:43    1722019380.0     2024-07-26 12-11-57    1721967117.737409  
           perks.json              95.7 KiB     2024-Jul-27 02:43    1722019380.0     2024-07-26 12-11-59    1721967119.0230632 
           skins.json               3.4 MiB     2024-Jul-27 02:43    1722019380.0     2024-07-26 12-12-01    1721967121.4425938 
        statstones.json             1.7 MiB     2024-Jul-27 02:43    1722019380.0     2024-07-26 12-12-08    1721967128.3450637 
      strawberry-hub.json          195.4 KiB    2024-Jul-27 02:43    1722019380.0     2024-07-26 12-12-15    1721967135.588027  
        stylesheet.json            19.7 KiB     2024-Jul-27 02:43    1722019380.0     2024-07-26 12-12-16    1721967136.6357825 
      summoner-emotes.json         318.8 KiB    2024-Jul-27 02:43    1722019380.0     2024-07-26 12-12-17    1721967137.9479377 
      summoner-icons.json           1.4 MiB     2024-Jul-27 02:43    1722019380.0     2024-07-26 12-12-21    1721967141.034743  
      tftdamageskins.json          66.9 KiB     2024-Jul-27 02:43    1722019380.0     2024-07-26 12-12-22    1721967142.2011104 
         tftitems.json             316.2 KiB    2024-Jul-27 02:43    1722019380.0     2024-07-26 12-12-23    1721967143.9513192 
        tftmapskins.json           31.3 KiB     2024-Jul-27 02:43    1722019380.0     2024-07-26 12-12-25    1721967145.1978507 
       tftplaybooks.json           55.5 KiB     2024-Jul-27 02:43    1722019380.0     2024-07-26 12-12-26    1721967146.2923777 
 tftrotationalshopitemdata.json    748.6 KiB    2024-Jul-27 02:43    1722019380.0     2024-07-26 12-12-28    1721967148.261324  
         tfttraits.json            164.7 KiB    2024-Jul-27 02:43    1722019380.0     2024-07-26 12-12-29    1721967149.6743584 
  tfttrovesbannerrewards.json      663.1 KiB    2024-Jul-27 02:43    1722019380.0     2024-07-26 12-12-31    1721967151.2921975 
     tfttrovesbanners.json          6.1 MiB     2024-Jul-27 02:43    1722019380.0     2024-07-26 12-12-35    1721967155.868047  
   tfttrovestablesnames.json       326.0 KiB    2024-Jul-27 02:43    1722019380.0     2024-07-26 12-12-37    1721967157.6749845 
[2024-07-27 11-09-30][18/18][1/23]正在校对文件（Checking file）： https://raw.communitydragon.org/pbe/plugins/rcp-be-lol-game-data/global/zh_cn/v1/challenges.json
[2024-07-27 11-09-32][18/18][2/23]正在校对文件（Checking file）： https://raw.communitydragon.org/pbe/plugins/rcp-be-lol-game-data/global/zh_cn/v1/cherry-augments.json
[2024-07-27 11-09-33][18/18][3/23]正在校对文件（Checking file）： https://raw.communitydragon.org/pbe/plugins/rcp-be-lol-game-data/global/zh_cn/v1/companions.json
[2024-07-27 11-09-36][18/18][4/23]正在校对文件（Checking file）： https://raw.communitydragon.org/pbe/plugins/rcp-be-lol-game-data/global/zh_cn/v1/event-hub.json
[2024-07-27 11-09-37][18/18][5/23]正在校对文件（Checking file）： https://raw.communitydragon.org/pbe/plugins/rcp-be-lol-game-data/global/zh_cn/v1/generic-assets.json
[2024-07-27 11-09-38][18/18][6/23]正在校对文件（Checking file）： https://raw.communitydragon.org/pbe/plugins/rcp-be-lol-game-data/global/zh_cn/v1/items.json
[2024-07-27 11-09-40][18/18][7/23]正在校对文件（Checking file）： https://raw.communitydragon.org/pbe/plugins/rcp-be-lol-game-data/global/zh_cn/v1/loot.json
[2024-07-27 11-09-42][18/18][8/23]正在校对文件（Checking file）： https://raw.communitydragon.org/pbe/plugins/rcp-be-lol-game-data/global/zh_cn/v1/perks.json
违反协议导致读取中断！正在尝试第1次重新获取数据！
EOF occurred in violation of protocol! Trying to recapture the data with url: https://raw.communitydragon.org/pbe/plugins/rcp-be-lol-game-data/global/zh_cn/v1/perks.json. Time(s) tried: 1
[2024-07-27 11-09-44][18/18][9/23]正在校对文件（Checking file）： https://raw.communitydragon.org/pbe/plugins/rcp-be-lol-game-data/global/zh_cn/v1/skins.json
[2024-07-27 11-09-47][18/18][10/23]正在校对文件（Checking file）： https://raw.communitydragon.org/pbe/plugins/rcp-be-lol-game-data/global/zh_cn/v1/statstones.json
[2024-07-27 11-09-49][18/18][11/23]正在校对文件（Checking file）： https://raw.communitydragon.org/pbe/plugins/rcp-be-lol-game-data/global/zh_cn/v1/strawberry-hub.json
[2024-07-27 11-09-51][18/18][12/23]正在校对文件（Checking file）： https://raw.communitydragon.org/pbe/plugins/rcp-be-lol-game-data/global/zh_cn/v1/stylesheet.json
[2024-07-27 11-09-52][18/18][13/23]正在校对文件（Checking file）： https://raw.communitydragon.org/pbe/plugins/rcp-be-lol-game-data/global/zh_cn/v1/summoner-emotes.json
[2024-07-27 11-09-53][18/18][14/23]正在校对文件（Checking file）： https://raw.communitydragon.org/pbe/plugins/rcp-be-lol-game-data/global/zh_cn/v1/summoner-icons.json
[2024-07-27 11-09-55][18/18][15/23]正在校对文件（Checking file）： https://raw.communitydragon.org/pbe/plugins/rcp-be-lol-game-data/global/zh_cn/v1/tftdamageskins.json
[2024-07-27 11-09-56][18/18][16/23]正在校对文件（Checking file）： https://raw.communitydragon.org/pbe/plugins/rcp-be-lol-game-data/global/zh_cn/v1/tftitems.json
[2024-07-27 11-09-57]已更新文件（Updated file）：离线数据（Offline Data）/cdragon/pbe/plugins/rcp-be-lol-game-data/global/zh_cn/v1/tftitems.json
[2024-07-27 11-09-57][18/18][17/23]正在校对文件（Checking file）： https://raw.communitydragon.org/pbe/plugins/rcp-be-lol-game-data/global/zh_cn/v1/tftmapskins.json
[2024-07-27 11-09-59][18/18][18/23]正在校对文件（Checking file）： https://raw.communitydragon.org/pbe/plugins/rcp-be-lol-game-data/global/zh_cn/v1/tftplaybooks.json
[2024-07-27 11-09-59][18/18][19/23]正在校对文件（Checking file）： https://raw.communitydragon.org/pbe/plugins/rcp-be-lol-game-data/global/zh_cn/v1/tftrotationalshopitemdata.json
[2024-07-27 11-10-01][18/18][20/23]正在校对文件（Checking file）： https://raw.communitydragon.org/pbe/plugins/rcp-be-lol-game-data/global/zh_cn/v1/tfttraits.json
[2024-07-27 11-10-03][18/18][21/23]正在校对文件（Checking file）： https://raw.communitydragon.org/pbe/plugins/rcp-be-lol-game-data/global/zh_cn/v1/tfttrovesbannerrewards.json
[2024-07-27 11-10-05][18/18][22/23]正在校对文件（Checking file）： https://raw.communitydragon.org/pbe/plugins/rcp-be-lol-game-data/global/zh_cn/v1/tfttrovesbanners.json
[2024-07-27 11-10-17][18/18][23/23]正在校对文件（Checking file）： https://raw.communitydragon.org/pbe/plugins/rcp-be-lol-game-data/global/zh_cn/v1/tfttrovestablesnames.json
已更新以下4个文件：
Updated the following 4 file(s):
https://raw.communitydragon.org/pbe/compat-version-metadata.json
https://raw.communitydragon.org/pbe/content-metadata.json
https://raw.communitydragon.org/pbe/plugins/rcp-be-lol-game-data/global/default/v1/tftitems.json
https://raw.communitydragon.org/pbe/plugins/rcp-be-lol-game-data/global/zh_cn/v1/tftitems.json

请选择要更新的数据资源，输入空字符串以退出程序：
Please select the data resource to update, or submit an empty string to exit the program:
1	CommunityDragon
2	DataDragon

[The program has exited!]
