请选择要更新的数据资源，输入空字符串以退出程序：
Please select the data resource to update, or submit an empty string to exit the program:
1	CommunityDragon
2	DataDragon
1
请选择更新模式：
Please select the update mode:
1	全局扫描（Global Scanning）
2	按修改时间更新（Updating According to Modification Time）
3	更新指定文件夹（Updating Specified Folders）

请选择一种方式指定修改时间：
Please select a method of specifying the modification time:
1	自动获取（Automatically get）
2	手动输入（Manually input）

[2024-10-02 11-20-15][1/18]正在检查文件夹（Checking the folder）：https://raw.communitydragon.org/latest/
[2024-10-02 11-20-16]页面新文件列表如下：
New file list is as follows:
网页链接（URL)： https://raw.communitydragon.org/latest/
             file                size        web_date         web_timestamp        local_date          local_timestamp   
 compat-version-metadata.json    72 B    2024-Oct-01 18:19    1727777940.0     2024-09-27 08-07-00    1727395620.1990871 
    content-metadata.json        74 B    2024-Oct-01 18:19    1727777940.0     2024-09-27 08-07-01    1727395621.2847548 
[2024-10-02 11-20-16][1/18][1/2]正在校对文件（Checking file）： https://raw.communitydragon.org/latest/compat-version-metadata.json
[2024-10-02 11-20-18]已更新文件（Updated file）：离线数据（Offline Data）/cdragon/latest/compat-version-metadata.json
[2024-10-02 11-20-18][1/18][2/2]正在校对文件（Checking file）： https://raw.communitydragon.org/latest/content-metadata.json
[2024-10-02 11-20-19]已更新文件（Updated file）：离线数据（Offline Data）/cdragon/latest/content-metadata.json
[2024-10-02 11-20-19][2/18]正在检查文件夹（Checking the folder）：https://raw.communitydragon.org/latest/cdragon/arena/
[2024-10-02 11-20-20]页面新文件列表如下：
New file list is as follows:
网页链接（URL)： https://raw.communitydragon.org/latest/cdragon/arena/
    file         size           web_date         web_timestamp        local_date          local_timestamp   
 en_us.json    176.5 KiB    2024-Oct-01 18:42    1727779320.0     2024-09-27 08-07-03    1727395623.0620558 
 zh_cn.json    179.1 KiB    2024-Oct-01 18:42    1727779320.0     2024-09-27 08-07-04    1727395624.5267706 
[2024-10-02 11-20-20][2/18][1/2]正在校对文件（Checking file）： https://raw.communitydragon.org/latest/cdragon/arena/en_us.json
[2024-10-02 11-20-22][2/18][2/2]正在校对文件（Checking file）： https://raw.communitydragon.org/latest/cdragon/arena/zh_cn.json
[2024-10-02 11-20-23][3/18]正在检查文件夹（Checking the folder）：https://raw.communitydragon.org/latest/cdragon/tft/
[2024-10-02 11-20-24]页面新文件列表如下：
New file list is as follows:
网页链接（URL)： https://raw.communitydragon.org/latest/cdragon/tft/
    file        size          web_date         web_timestamp        local_date          local_timestamp   
 en_us.json    7.1 MiB    2024-Oct-01 18:42    1727779320.0     2024-09-27 08-07-07    1727395627.7691145 
 zh_cn.json    7.1 MiB    2024-Oct-01 18:42    1727779320.0     2024-09-27 08-07-10    1727395630.4505444 
[2024-10-02 11-20-25][3/18][1/2]正在校对文件（Checking file）： https://raw.communitydragon.org/latest/cdragon/tft/en_us.json
[2024-10-02 11-20-27][3/18][2/2]正在校对文件（Checking file）： https://raw.communitydragon.org/latest/cdragon/tft/zh_cn.json
[2024-10-02 11-20-30][4/18]正在检查文件夹（Checking the folder）：https://raw.communitydragon.org/latest/plugins/rcp-be-lol-game-data/global/default/v1/champions/
[2024-10-02 11-20-32]页面新文件列表如下：
New file list is as follows:
网页链接（URL)： https://raw.communitydragon.org/latest/plugins/rcp-be-lol-game-data/global/default/v1/champions/
   file        size          web_date         web_timestamp        local_date          local_timestamp   
 -1.json      678 B      2024-Oct-01 18:37    1727779020.0     2024-09-27 08-07-12    1727395632.5017655 
  1.json     35.0 KiB    2024-Oct-01 18:37    1727779020.0     2024-09-27 08-07-13    1727395633.6070154 
 10.json     39.0 KiB    2024-Oct-01 18:40    1727779200.0     2024-09-27 08-07-14    1727395634.828839  
 101.json    23.0 KiB    2024-Oct-01 18:39    1727779140.0     2024-09-27 08-07-15    1727395635.9043148 
 102.json    23.2 KiB    2024-Oct-01 18:38    1727779080.0     2024-09-27 08-07-17    1727395637.0319645 
 103.json    49.2 KiB    2024-Oct-01 18:40    1727779200.0     2024-09-27 08-07-18    1727395638.131806  
 104.json    32.5 KiB    2024-Oct-01 18:37    1727779020.0     2024-09-27 08-07-18    1727395638.9791276 
 105.json    28.7 KiB    2024-Oct-01 18:37    1727779020.0     2024-09-27 08-07-20    1727395640.6323516 
 106.json    24.1 KiB    2024-Oct-01 18:40    1727779200.0     2024-09-27 08-07-21    1727395641.7525833 
 107.json    27.6 KiB    2024-Oct-01 18:37    1727779020.0     2024-09-27 08-07-22    1727395642.8075092 
 11.json     40.7 KiB    2024-Oct-01 18:39    1727779140.0     2024-09-27 08-07-23    1727395643.6783688 
 110.json    35.0 KiB    2024-Oct-01 18:38    1727779080.0     2024-09-27 08-07-24    1727395644.5767696 
 111.json    25.6 KiB    2024-Oct-01 18:38    1727779080.0     2024-09-27 08-07-25    1727395645.7910404 
 112.json    20.3 KiB    2024-Oct-01 18:37    1727779020.0     2024-09-27 08-07-26    1727395646.9692142 
 113.json    31.2 KiB    2024-Oct-01 18:37    1727779020.0     2024-09-27 08-07-28    1727395648.0771937 
 114.json    43.3 KiB    2024-Oct-01 18:38    1727779080.0     2024-09-27 08-07-29    1727395649.1902218 
 115.json    26.9 KiB    2024-Oct-01 18:38    1727779080.0     2024-09-27 08-07-30    1727395650.2842515 
 117.json    31.0 KiB    2024-Oct-01 18:37    1727779020.0     2024-09-27 08-07-31    1727395651.3549955 
 119.json    32.6 KiB    2024-Oct-01 18:40    1727779200.0     2024-09-27 08-07-32    1727395652.5337067 
 12.json     27.6 KiB    2024-Oct-01 18:41    1727779260.0     2024-09-27 08-07-33    1727395653.7471256 
 120.json    28.2 KiB    2024-Oct-01 18:40    1727779200.0     2024-09-27 08-07-35    1727395655.2803984 
 121.json    33.4 KiB    2024-Oct-01 18:38    1727779080.0     2024-09-27 08-07-36    1727395656.3765986 
 122.json    36.0 KiB    2024-Oct-01 18:37    1727779020.0     2024-09-27 08-07-37    1727395657.5573807 
 126.json    26.5 KiB    2024-Oct-01 18:39    1727779140.0     2024-09-27 08-07-38    1727395658.6492424 
 127.json    25.9 KiB    2024-Oct-01 18:37    1727779020.0     2024-09-27 08-07-39    1727395659.4879255 
 13.json     25.9 KiB    2024-Oct-01 18:38    1727779080.0     2024-09-27 08-07-40    1727395660.6835437 
 131.json    35.1 KiB    2024-Oct-01 18:40    1727779200.0     2024-09-27 08-07-41    1727395661.800185  
 133.json    19.8 KiB    2024-Oct-01 18:40    1727779200.0     2024-09-27 08-07-42    1727395662.8756146 
 134.json    34.6 KiB    2024-Oct-01 18:39    1727779140.0     2024-09-27 08-07-43    1727395663.9425328 
 136.json    24.9 KiB    2024-Oct-01 18:38    1727779080.0     2024-09-27 08-07-45    1727395665.2006972 
 14.json     28.3 KiB    2024-Oct-01 18:37    1727779020.0     2024-09-27 08-07-46    1727395666.0223682 
 141.json    21.6 KiB    2024-Oct-01 18:41    1727779260.0     2024-09-27 08-07-47    1727395667.0889018 
 142.json    22.6 KiB    2024-Oct-01 18:40    1727779200.0     2024-09-27 08-07-48    1727395668.2108548 
 143.json    33.2 KiB    2024-Oct-01 18:40    1727779200.0     2024-09-27 08-07-49    1727395669.5300822 
 145.json    35.6 KiB    2024-Oct-01 18:41    1727779260.0     2024-09-27 08-07-50    1727395670.6325288 
 147.json    32.2 KiB    2024-Oct-01 18:41    1727779260.0     2024-09-27 08-07-51     1727395671.72464  
 15.json     37.8 KiB    2024-Oct-01 18:41    1727779260.0     2024-09-27 08-07-52    1727395672.8332405 
 150.json    25.9 KiB    2024-Oct-01 18:39    1727779140.0     2024-09-27 08-07-53    1727395673.975945  
 154.json    21.3 KiB    2024-Oct-01 18:37    1727779020.0     2024-09-27 08-07-54    1727395674.8086262 
 157.json    43.7 KiB    2024-Oct-01 18:40    1727779200.0     2024-09-27 08-07-55    1727395675.9111612 
 16.json     34.3 KiB    2024-Oct-01 18:37    1727779020.0     2024-09-27 08-07-57    1727395677.2249095 
 161.json    20.3 KiB    2024-Oct-01 18:38    1727779080.0     2024-09-27 08-07-58    1727395678.3969202 
 163.json    18.8 KiB    2024-Oct-01 18:37    1727779020.0     2024-09-27 08-07-59    1727395679.5215745 
 164.json    26.1 KiB    2024-Oct-01 18:41    1727779260.0     2024-09-27 08-08-00    1727395680.328995  
 166.json    17.0 KiB    2024-Oct-01 18:38    1727779080.0     2024-09-27 08-08-01    1727395681.3967216 
 17.json     32.4 KiB    2024-Oct-01 18:39    1727779140.0     2024-09-27 08-08-02    1727395682.4669566 
 18.json     37.5 KiB    2024-Oct-01 18:41    1727779260.0     2024-09-27 08-08-03    1727395683.7137313 
 19.json     32.3 KiB    2024-Oct-01 18:39    1727779140.0     2024-09-27 08-08-04    1727395684.5916185 
  2.json     29.0 KiB    2024-Oct-01 18:38    1727779080.0     2024-09-27 08-08-05    1727395685.6610649 
 20.json     31.4 KiB    2024-Oct-01 18:37    1727779020.0     2024-09-27 08-08-06    1727395686.7298143 
 200.json    19.7 KiB    2024-Oct-01 18:37    1727779020.0     2024-09-27 08-08-07    1727395687.5894938 
 201.json    24.9 KiB    2024-Oct-01 18:37    1727779020.0     2024-09-27 08-08-08    1727395688.6885095 
 202.json    28.8 KiB    2024-Oct-01 18:38    1727779080.0     2024-09-27 08-08-09    1727395689.5655272 
 203.json    23.7 KiB    2024-Oct-01 18:37    1727779020.0     2024-09-27 08-08-10    1727395690.6872602 
 21.json     45.8 KiB    2024-Oct-01 18:41    1727779260.0     2024-09-27 08-08-11    1727395691.660694  
 22.json     40.6 KiB    2024-Oct-01 18:38    1727779080.0     2024-09-27 08-08-12    1727395692.765481  
 221.json    23.5 KiB    2024-Oct-01 18:40    1727779200.0     2024-09-27 08-08-13    1727395693.8328693 
 222.json    34.2 KiB    2024-Oct-01 18:37    1727779020.0     2024-09-27 08-08-15    1727395695.1231058 
 223.json    24.6 KiB    2024-Oct-01 18:40    1727779200.0     2024-09-27 08-08-16    1727395696.3136115 
 23.json     28.9 KiB    2024-Oct-01 18:41    1727779260.0     2024-09-27 08-08-17    1727395697.5195374 
 233.json    17.8 KiB    2024-Oct-01 18:40    1727779200.0     2024-09-27 08-08-18    1727395698.771302  
 234.json    24.9 KiB    2024-Oct-01 18:37    1727779020.0     2024-09-27 08-08-19    1727395699.7175448 
 235.json    31.7 KiB    2024-Oct-01 18:37    1727779020.0     2024-09-27 08-08-20    1727395700.736339  
 236.json    33.9 KiB    2024-Oct-01 18:41    1727779260.0     2024-09-27 08-08-22    1727395702.1124249 
 238.json    35.5 KiB    2024-Oct-01 18:40    1727779200.0     2024-09-27 08-08-23    1727395703.4171653 
 24.json     31.0 KiB    2024-Oct-01 18:39    1727779140.0     2024-09-27 08-08-24    1727395704.6227999 
 240.json    19.5 KiB    2024-Oct-01 18:38    1727779080.0     2024-09-27 08-08-25    1727395705.8350728 
 245.json    31.3 KiB    2024-Oct-01 18:37    1727779020.0     2024-09-27 08-08-26    1727395706.8007956 
 246.json    28.5 KiB    2024-Oct-01 18:40    1727779200.0     2024-09-27 08-08-28    1727395708.0764763 
 25.json     39.9 KiB    2024-Oct-01 18:40    1727779200.0     2024-09-27 08-08-29    1727395709.0250897 
 254.json    28.4 KiB    2024-Oct-01 18:39    1727779140.0     2024-09-27 08-08-29    1727395709.947591  
 26.json     20.0 KiB    2024-Oct-01 18:38    1727779080.0     2024-09-27 08-08-31    1727395711.1223903 
 266.json    28.8 KiB    2024-Oct-01 18:39    1727779140.0     2024-09-27 08-08-32    1727395712.0788944 
 267.json    31.3 KiB    2024-Oct-01 18:38    1727779080.0     2024-09-27 08-08-32    1727395712.9844582 
 268.json    21.1 KiB    2024-Oct-01 18:39    1727779140.0     2024-09-27 08-08-34    1727395714.311893  
 27.json     22.9 KiB    2024-Oct-01 18:40    1727779200.0     2024-09-27 08-08-35    1727395715.480511  
 28.json     36.2 KiB    2024-Oct-01 18:37    1727779020.0     2024-09-27 08-08-36    1727395716.7318375 
 29.json     32.7 KiB    2024-Oct-01 18:39    1727779140.0     2024-09-27 08-08-37    1727395717.9909241 
  3.json     25.5 KiB    2024-Oct-01 18:39    1727779140.0     2024-09-27 08-08-38    1727395718.920643  
 30.json     23.2 KiB    2024-Oct-01 18:39    1727779140.0     2024-09-27 08-08-40    1727395720.1706767 
 31.json     25.9 KiB    2024-Oct-01 18:40    1727779200.0     2024-09-27 08-08-41    1727395721.3475852 
 32.json     30.2 KiB    2024-Oct-01 18:39    1727779140.0     2024-09-27 08-08-42    1727395722.5827973 
 33.json     25.2 KiB    2024-Oct-01 18:39    1727779140.0     2024-09-27 08-08-43    1727395723.7744536 
 34.json     32.2 KiB    2024-Oct-01 18:37    1727779020.0     2024-09-27 08-08-44    1727395724.8682625 
 35.json     35.6 KiB    2024-Oct-01 18:37    1727779020.0     2024-09-27 08-08-45    1727395725.7596414 
 350.json    31.7 KiB    2024-Oct-01 18:39    1727779140.0     2024-09-27 08-08-46    1727395726.8466187 
 36.json     26.0 KiB    2024-Oct-01 18:41    1727779260.0     2024-09-27 08-08-47    1727395727.9350295 
 360.json    20.7 KiB    2024-Oct-01 18:39    1727779140.0     2024-09-27 08-08-48    1727395728.7605693 
 37.json     38.8 KiB    2024-Oct-01 18:41    1727779260.0     2024-09-27 08-08-49    1727395729.873595  
 38.json     24.0 KiB    2024-Oct-01 18:38    1727779080.0     2024-09-27 08-08-50    1727395730.9639976 
 39.json     34.2 KiB    2024-Oct-01 18:38    1727779080.0     2024-09-27 08-08-51    1727395731.8365517 
  4.json     31.2 KiB    2024-Oct-01 18:40    1727779200.0     2024-09-27 08-08-52    1727395732.9817512 
 40.json     36.6 KiB    2024-Oct-01 18:40    1727779200.0     2024-09-27 08-08-54    1727395734.0495124 
 41.json     28.1 KiB    2024-Oct-01 18:39    1727779140.0     2024-09-27 08-08-55    1727395735.158043  
 412.json    38.6 KiB    2024-Oct-01 18:37    1727779020.0     2024-09-27 08-08-56    1727395736.2429347 
 42.json     24.6 KiB    2024-Oct-01 18:39    1727779140.0     2024-09-27 08-08-57    1727395737.1254573 
 420.json    22.2 KiB    2024-Oct-01 18:38    1727779080.0     2024-09-27 08-08-58    1727395738.2343233 
 421.json    21.3 KiB    2024-Oct-01 18:40    1727779200.0     2024-09-27 08-08-59    1727395739.301705  
 427.json    19.7 KiB    2024-Oct-01 18:38    1727779080.0     2024-09-27 08-09-00    1727395740.411569  
 429.json    19.5 KiB    2024-Oct-01 18:40    1727779200.0     2024-09-27 08-09-01    1727395741.4989603 
 43.json     36.7 KiB    2024-Oct-01 18:41    1727779260.0     2024-09-27 08-09-02    1727395742.5771735 
 432.json    23.8 KiB    2024-Oct-01 18:40    1727779200.0     2024-09-27 08-09-03    1727395743.478112  
 44.json     19.5 KiB    2024-Oct-01 18:38    1727779080.0     2024-09-27 08-09-04    1727395744.5758579 
 45.json     35.9 KiB    2024-Oct-01 18:38    1727779080.0     2024-09-27 08-09-05    1727395745.6630037 
 48.json     19.3 KiB    2024-Oct-01 18:40    1727779200.0     2024-09-27 08-09-06    1727395746.515854  
 497.json    28.4 KiB    2024-Oct-01 18:40    1727779200.0     2024-09-27 08-09-07    1727395747.6305525 
 498.json    31.5 KiB    2024-Oct-01 18:40    1727779200.0     2024-09-27 08-09-08    1727395748.8280656 
  5.json     28.2 KiB    2024-Oct-01 18:39    1727779140.0     2024-09-27 08-09-09    1727395749.9346411 
 50.json     23.3 KiB    2024-Oct-01 18:40    1727779200.0     2024-09-27 08-09-17    1727395757.1005194 
 51.json     34.5 KiB    2024-Oct-01 18:38    1727779080.0     2024-09-27 08-09-18    1727395758.3815536 
 516.json    20.1 KiB    2024-Oct-01 18:40    1727779200.0     2024-09-27 08-09-19    1727395759.6431904 
 517.json    26.4 KiB    2024-Oct-01 18:37    1727779020.0     2024-09-27 08-09-20    1727395760.828986  
 518.json    24.5 KiB    2024-Oct-01 18:40    1727779200.0     2024-09-27 08-09-22    1727395762.0864449 
 523.json    22.8 KiB    2024-Oct-01 18:40    1727779200.0     2024-09-27 08-09-24    1727395764.0403306 
 526.json    19.7 KiB    2024-Oct-01 18:38    1727779080.0     2024-09-27 08-09-26    1727395766.1472423 
 53.json     36.3 KiB    2024-Oct-01 18:40    1727779200.0     2024-09-27 08-09-28    1727395768.0364578 
 54.json     31.1 KiB    2024-Oct-01 18:40    1727779200.0     2024-09-27 08-09-29    1727395769.405912  
 55.json     35.6 KiB    2024-Oct-01 18:38    1727779080.0     2024-09-27 08-09-30    1727395770.6273649 
 555.json    35.1 KiB    2024-Oct-01 18:38    1727779080.0     2024-09-27 08-09-31    1727395771.8301783 
 56.json     25.9 KiB    2024-Oct-01 18:41    1727779260.0     2024-09-27 08-09-33    1727395773.713804  
 57.json     24.4 KiB    2024-Oct-01 18:38    1727779080.0     2024-09-27 08-09-34    1727395774.8181202 
 58.json     32.3 KiB    2024-Oct-01 18:41    1727779260.0     2024-09-27 08-09-35    1727395775.7969398 
 59.json     30.0 KiB    2024-Oct-01 18:39    1727779140.0     2024-09-27 08-09-37    1727395777.2919755 
  6.json     21.2 KiB    2024-Oct-01 18:40    1727779200.0     2024-09-27 08-09-38    1727395778.5092752 
 60.json     23.1 KiB    2024-Oct-01 18:40    1727779200.0     2024-09-27 08-09-39    1727395779.7660608 
 61.json     27.5 KiB    2024-Oct-01 18:39    1727779140.0     2024-09-27 08-09-41    1727395781.0131166 
 62.json     22.2 KiB    2024-Oct-01 18:40    1727779200.0     2024-09-27 08-09-42    1727395782.7044785 
 63.json     30.8 KiB    2024-Oct-01 18:41    1727779260.0     2024-09-27 08-09-43    1727395783.9381132 
 64.json     41.9 KiB    2024-Oct-01 18:39    1727779140.0     2024-09-27 08-09-45    1727395785.1419783 
 67.json     37.4 KiB    2024-Oct-01 18:39    1727779140.0     2024-09-27 08-09-46    1727395786.348261  
 68.json     22.2 KiB    2024-Oct-01 18:39    1727779140.0     2024-09-27 08-09-47    1727395787.5554845 
 69.json     24.8 KiB    2024-Oct-01 18:41    1727779260.0     2024-09-27 08-09-48    1727395788.7732582 
  7.json     38.0 KiB    2024-Oct-01 18:39    1727779140.0     2024-09-27 08-09-50    1727395790.9298394 
 711.json    15.4 KiB    2024-Oct-01 18:39    1727779140.0     2024-09-27 08-09-51    1727395791.9543695 
 72.json     17.5 KiB    2024-Oct-01 18:41    1727779260.0     2024-09-27 08-09-53    1727395793.2071111 
 74.json     22.4 KiB    2024-Oct-01 18:40    1727779200.0     2024-09-27 08-09-54     1727395794.5052   
 75.json     30.8 KiB    2024-Oct-01 18:38    1727779080.0     2024-09-27 08-09-56    1727395796.3436124 
 76.json     34.5 KiB    2024-Oct-01 18:41    1727779260.0     2024-09-27 08-09-57    1727395797.6406424 
 77.json     18.9 KiB    2024-Oct-01 18:39    1727779140.0     2024-09-27 08-09-58    1727395798.8816614 
 777.json    32.1 KiB    2024-Oct-01 18:41    1727779260.0     2024-09-27 08-10-00    1727395800.1988208 
 78.json     28.1 KiB    2024-Oct-01 18:38    1727779080.0     2024-09-27 08-10-01    1727395801.3737645 
 79.json     27.8 KiB    2024-Oct-01 18:38    1727779080.0     2024-09-27 08-10-02    1727395802.5542471 
  8.json     30.5 KiB    2024-Oct-01 18:39    1727779140.0     2024-09-27 08-10-03     1727395803.82279  
 80.json     29.1 KiB    2024-Oct-01 18:38    1727779080.0     2024-09-27 08-10-05    1727395805.0017283 
 81.json     41.7 KiB    2024-Oct-01 18:37    1727779020.0     2024-09-27 08-10-06    1727395806.260274  
 82.json     31.4 KiB    2024-Oct-01 18:38    1727779080.0     2024-09-27 08-10-08    1727395808.5267038 
 83.json     24.2 KiB    2024-Oct-01 18:39    1727779140.0     2024-09-27 08-10-09    1727395809.741392  
 84.json     45.5 KiB    2024-Oct-01 18:41    1727779260.0     2024-09-27 08-10-10    1727395810.9745746 
 85.json     23.7 KiB    2024-Oct-01 18:40    1727779200.0     2024-09-27 08-10-12    1727395812.1396782 
 86.json     31.7 KiB    2024-Oct-01 18:37    1727779020.0     2024-09-27 08-10-13    1727395813.1707315 
 875.json    32.3 KiB    2024-Oct-01 18:40    1727779200.0     2024-09-27 08-10-14    1727395814.4394011 
 876.json    21.1 KiB    2024-Oct-01 18:37    1727779020.0     2024-09-27 08-10-15    1727395815.6622157 
 887.json    22.7 KiB    2024-Oct-01 18:40    1727779200.0     2024-09-27 08-10-16    1727395816.8558657 
 888.json    20.3 KiB    2024-Oct-01 18:40    1727779200.0     2024-09-27 08-10-17    1727395817.8893025 
 89.json     38.5 KiB    2024-Oct-01 18:41    1727779260.0     2024-09-27 08-10-19    1727395819.100563  
 893.json    13.6 KiB    2024-Oct-01 18:38    1727779080.0     2024-09-27 08-10-20    1727395820.4588647 
 895.json    16.6 KiB    2024-Oct-01 18:39    1727779140.0     2024-09-27 08-10-21    1727395821.643209  
 897.json    17.9 KiB    2024-Oct-01 18:41    1727779260.0     2024-09-27 08-10-23    1727395823.101835  
  9.json     28.8 KiB    2024-Oct-01 18:38    1727779080.0     2024-09-27 08-10-24    1727395824.4174225 
 90.json     29.7 KiB    2024-Oct-01 18:40    1727779200.0     2024-09-27 08-10-25    1727395825.580228  
 901.json    13.8 KiB    2024-Oct-01 18:37    1727779020.0     2024-09-27 08-10-26    1727395826.8121264 
 902.json    15.7 KiB    2024-Oct-01 18:41    1727779260.0     2024-09-27 08-10-27    1727395827.9847023 
 91.json     31.2 KiB    2024-Oct-01 18:40    1727779200.0     2024-09-27 08-10-29    1727395829.155746  
 910.json    36.9 KiB    2024-Oct-01 18:41    1727779260.0     2024-09-27 08-10-30    1727395830.4504547 
 92.json     39.2 KiB    2024-Oct-01 18:39    1727779140.0     2024-09-27 08-10-31    1727395831.8406007 
 950.json    16.8 KiB    2024-Oct-01 18:40    1727779200.0     2024-09-27 08-10-33    1727395833.0591154 
 96.json     36.6 KiB    2024-Oct-01 18:39    1727779140.0     2024-09-27 08-10-34    1727395834.324516  
 98.json     28.6 KiB    2024-Oct-01 18:39    1727779140.0     2024-09-27 08-10-35    1727395835.674889  
 99.json     41.6 KiB    2024-Oct-01 18:39    1727779140.0     2024-09-27 08-10-36    1727395836.7277846 
[2024-10-02 11-20-32][4/18][1/169]正在校对文件（Checking file）： https://raw.communitydragon.org/latest/plugins/rcp-be-lol-game-data/global/default/v1/champions/-1.json
[2024-10-02 11-20-33][4/18][2/169]正在校对文件（Checking file）： https://raw.communitydragon.org/latest/plugins/rcp-be-lol-game-data/global/default/v1/champions/1.json
[2024-10-02 11-20-39][4/18][3/169]正在校对文件（Checking file）： https://raw.communitydragon.org/latest/plugins/rcp-be-lol-game-data/global/default/v1/champions/10.json
[2024-10-02 11-20-40][4/18][4/169]正在校对文件（Checking file）： https://raw.communitydragon.org/latest/plugins/rcp-be-lol-game-data/global/default/v1/champions/101.json
[2024-10-02 11-20-47][4/18][5/169]正在校对文件（Checking file）： https://raw.communitydragon.org/latest/plugins/rcp-be-lol-game-data/global/default/v1/champions/102.json
违反协议导致读取中断！正在尝试第1次重新获取数据！
EOF occurred in violation of protocol! Trying to recapture the data with url: https://raw.communitydragon.org/latest/plugins/rcp-be-lol-game-data/global/default/v1/champions/102.json. Time(s) tried: 1
[2024-10-02 11-20-49][4/18][6/169]正在校对文件（Checking file）： https://raw.communitydragon.org/latest/plugins/rcp-be-lol-game-data/global/default/v1/champions/103.json
[2024-10-02 11-20-50][4/18][7/169]正在校对文件（Checking file）： https://raw.communitydragon.org/latest/plugins/rcp-be-lol-game-data/global/default/v1/champions/104.json
[2024-10-02 11-20-52][4/18][8/169]正在校对文件（Checking file）： https://raw.communitydragon.org/latest/plugins/rcp-be-lol-game-data/global/default/v1/champions/105.json
[2024-10-02 11-20-53][4/18][9/169]正在校对文件（Checking file）： https://raw.communitydragon.org/latest/plugins/rcp-be-lol-game-data/global/default/v1/champions/106.json
[2024-10-02 11-20-54][4/18][10/169]正在校对文件（Checking file）： https://raw.communitydragon.org/latest/plugins/rcp-be-lol-game-data/global/default/v1/champions/107.json
[2024-10-02 11-20-56][4/18][11/169]正在校对文件（Checking file）： https://raw.communitydragon.org/latest/plugins/rcp-be-lol-game-data/global/default/v1/champions/11.json
[2024-10-02 11-20-57][4/18][12/169]正在校对文件（Checking file）： https://raw.communitydragon.org/latest/plugins/rcp-be-lol-game-data/global/default/v1/champions/110.json
[2024-10-02 11-20-58][4/18][13/169]正在校对文件（Checking file）： https://raw.communitydragon.org/latest/plugins/rcp-be-lol-game-data/global/default/v1/champions/111.json
[2024-10-02 11-20-59][4/18][14/169]正在校对文件（Checking file）： https://raw.communitydragon.org/latest/plugins/rcp-be-lol-game-data/global/default/v1/champions/112.json
[2024-10-02 11-21-00][4/18][15/169]正在校对文件（Checking file）： https://raw.communitydragon.org/latest/plugins/rcp-be-lol-game-data/global/default/v1/champions/113.json
[2024-10-02 11-21-02][4/18][16/169]正在校对文件（Checking file）： https://raw.communitydragon.org/latest/plugins/rcp-be-lol-game-data/global/default/v1/champions/114.json
[2024-10-02 11-21-03][4/18][17/169]正在校对文件（Checking file）： https://raw.communitydragon.org/latest/plugins/rcp-be-lol-game-data/global/default/v1/champions/115.json
[2024-10-02 11-21-05][4/18][18/169]正在校对文件（Checking file）： https://raw.communitydragon.org/latest/plugins/rcp-be-lol-game-data/global/default/v1/champions/117.json
[2024-10-02 11-21-06][4/18][19/169]正在校对文件（Checking file）： https://raw.communitydragon.org/latest/plugins/rcp-be-lol-game-data/global/default/v1/champions/119.json
[2024-10-02 11-21-12][4/18][20/169]正在校对文件（Checking file）： https://raw.communitydragon.org/latest/plugins/rcp-be-lol-game-data/global/default/v1/champions/12.json
[2024-10-02 11-21-19][4/18][21/169]正在校对文件（Checking file）： https://raw.communitydragon.org/latest/plugins/rcp-be-lol-game-data/global/default/v1/champions/120.json
[2024-10-02 11-21-20][4/18][22/169]正在校对文件（Checking file）： https://raw.communitydragon.org/latest/plugins/rcp-be-lol-game-data/global/default/v1/champions/121.json
[2024-10-02 11-21-21][4/18][23/169]正在校对文件（Checking file）： https://raw.communitydragon.org/latest/plugins/rcp-be-lol-game-data/global/default/v1/champions/122.json
[2024-10-02 11-21-22][4/18][24/169]正在校对文件（Checking file）： https://raw.communitydragon.org/latest/plugins/rcp-be-lol-game-data/global/default/v1/champions/126.json
[2024-10-02 11-21-23][4/18][25/169]正在校对文件（Checking file）： https://raw.communitydragon.org/latest/plugins/rcp-be-lol-game-data/global/default/v1/champions/127.json
[2024-10-02 11-21-24][4/18][26/169]正在校对文件（Checking file）： https://raw.communitydragon.org/latest/plugins/rcp-be-lol-game-data/global/default/v1/champions/13.json
[2024-10-02 11-21-26][4/18][27/169]正在校对文件（Checking file）： https://raw.communitydragon.org/latest/plugins/rcp-be-lol-game-data/global/default/v1/champions/131.json
[2024-10-02 11-21-27][4/18][28/169]正在校对文件（Checking file）： https://raw.communitydragon.org/latest/plugins/rcp-be-lol-game-data/global/default/v1/champions/133.json
[2024-10-02 11-21-28][4/18][29/169]正在校对文件（Checking file）： https://raw.communitydragon.org/latest/plugins/rcp-be-lol-game-data/global/default/v1/champions/134.json
[2024-10-02 11-21-30][4/18][30/169]正在校对文件（Checking file）： https://raw.communitydragon.org/latest/plugins/rcp-be-lol-game-data/global/default/v1/champions/136.json
[2024-10-02 11-21-31][4/18][31/169]正在校对文件（Checking file）： https://raw.communitydragon.org/latest/plugins/rcp-be-lol-game-data/global/default/v1/champions/14.json
[2024-10-02 11-21-32][4/18][32/169]正在校对文件（Checking file）： https://raw.communitydragon.org/latest/plugins/rcp-be-lol-game-data/global/default/v1/champions/141.json
[2024-10-02 11-21-33][4/18][33/169]正在校对文件（Checking file）： https://raw.communitydragon.org/latest/plugins/rcp-be-lol-game-data/global/default/v1/champions/142.json
[2024-10-02 11-21-35][4/18][34/169]正在校对文件（Checking file）： https://raw.communitydragon.org/latest/plugins/rcp-be-lol-game-data/global/default/v1/champions/143.json
[2024-10-02 11-21-36][4/18][35/169]正在校对文件（Checking file）： https://raw.communitydragon.org/latest/plugins/rcp-be-lol-game-data/global/default/v1/champions/145.json
[2024-10-02 11-21-37][4/18][36/169]正在校对文件（Checking file）： https://raw.communitydragon.org/latest/plugins/rcp-be-lol-game-data/global/default/v1/champions/147.json
[2024-10-02 11-21-39][4/18][37/169]正在校对文件（Checking file）： https://raw.communitydragon.org/latest/plugins/rcp-be-lol-game-data/global/default/v1/champions/15.json
[2024-10-02 11-21-40][4/18][38/169]正在校对文件（Checking file）： https://raw.communitydragon.org/latest/plugins/rcp-be-lol-game-data/global/default/v1/champions/150.json
[2024-10-02 11-21-41][4/18][39/169]正在校对文件（Checking file）： https://raw.communitydragon.org/latest/plugins/rcp-be-lol-game-data/global/default/v1/champions/154.json
[2024-10-02 11-21-42][4/18][40/169]正在校对文件（Checking file）： https://raw.communitydragon.org/latest/plugins/rcp-be-lol-game-data/global/default/v1/champions/157.json
[2024-10-02 11-21-43][4/18][41/169]正在校对文件（Checking file）： https://raw.communitydragon.org/latest/plugins/rcp-be-lol-game-data/global/default/v1/champions/16.json
[2024-10-02 11-21-44][4/18][42/169]正在校对文件（Checking file）： https://raw.communitydragon.org/latest/plugins/rcp-be-lol-game-data/global/default/v1/champions/161.json
[2024-10-02 11-21-46][4/18][43/169]正在校对文件（Checking file）： https://raw.communitydragon.org/latest/plugins/rcp-be-lol-game-data/global/default/v1/champions/163.json
[2024-10-02 11-21-47][4/18][44/169]正在校对文件（Checking file）： https://raw.communitydragon.org/latest/plugins/rcp-be-lol-game-data/global/default/v1/champions/164.json
[2024-10-02 11-21-48][4/18][45/169]正在校对文件（Checking file）： https://raw.communitydragon.org/latest/plugins/rcp-be-lol-game-data/global/default/v1/champions/166.json
[2024-10-02 11-21-49][4/18][46/169]正在校对文件（Checking file）： https://raw.communitydragon.org/latest/plugins/rcp-be-lol-game-data/global/default/v1/champions/17.json
[2024-10-02 11-21-50][4/18][47/169]正在校对文件（Checking file）： https://raw.communitydragon.org/latest/plugins/rcp-be-lol-game-data/global/default/v1/champions/18.json
[2024-10-02 11-21-51][4/18][48/169]正在校对文件（Checking file）： https://raw.communitydragon.org/latest/plugins/rcp-be-lol-game-data/global/default/v1/champions/19.json
[2024-10-02 11-21-53][4/18][49/169]正在校对文件（Checking file）： https://raw.communitydragon.org/latest/plugins/rcp-be-lol-game-data/global/default/v1/champions/2.json
[2024-10-02 11-21-54][4/18][50/169]正在校对文件（Checking file）： https://raw.communitydragon.org/latest/plugins/rcp-be-lol-game-data/global/default/v1/champions/20.json
[2024-10-02 11-21-55][4/18][51/169]正在校对文件（Checking file）： https://raw.communitydragon.org/latest/plugins/rcp-be-lol-game-data/global/default/v1/champions/200.json
[2024-10-02 11-21-56][4/18][52/169]正在校对文件（Checking file）： https://raw.communitydragon.org/latest/plugins/rcp-be-lol-game-data/global/default/v1/champions/201.json
[2024-10-02 11-21-58][4/18][53/169]正在校对文件（Checking file）： https://raw.communitydragon.org/latest/plugins/rcp-be-lol-game-data/global/default/v1/champions/202.json
[2024-10-02 11-21-59][4/18][54/169]正在校对文件（Checking file）： https://raw.communitydragon.org/latest/plugins/rcp-be-lol-game-data/global/default/v1/champions/203.json
[2024-10-02 11-22-01][4/18][55/169]正在校对文件（Checking file）： https://raw.communitydragon.org/latest/plugins/rcp-be-lol-game-data/global/default/v1/champions/21.json
[2024-10-02 11-22-02][4/18][56/169]正在校对文件（Checking file）： https://raw.communitydragon.org/latest/plugins/rcp-be-lol-game-data/global/default/v1/champions/22.json
[2024-10-02 11-22-03][4/18][57/169]正在校对文件（Checking file）： https://raw.communitydragon.org/latest/plugins/rcp-be-lol-game-data/global/default/v1/champions/221.json
[2024-10-02 11-22-05][4/18][58/169]正在校对文件（Checking file）： https://raw.communitydragon.org/latest/plugins/rcp-be-lol-game-data/global/default/v1/champions/222.json
[2024-10-02 11-22-06][4/18][59/169]正在校对文件（Checking file）： https://raw.communitydragon.org/latest/plugins/rcp-be-lol-game-data/global/default/v1/champions/223.json
[2024-10-02 11-22-07][4/18][60/169]正在校对文件（Checking file）： https://raw.communitydragon.org/latest/plugins/rcp-be-lol-game-data/global/default/v1/champions/23.json
[2024-10-02 11-22-13][4/18][61/169]正在校对文件（Checking file）： https://raw.communitydragon.org/latest/plugins/rcp-be-lol-game-data/global/default/v1/champions/233.json
[2024-10-02 11-22-14][4/18][62/169]正在校对文件（Checking file）： https://raw.communitydragon.org/latest/plugins/rcp-be-lol-game-data/global/default/v1/champions/234.json
[2024-10-02 11-22-15][4/18][63/169]正在校对文件（Checking file）： https://raw.communitydragon.org/latest/plugins/rcp-be-lol-game-data/global/default/v1/champions/235.json
[2024-10-02 11-22-17][4/18][64/169]正在校对文件（Checking file）： https://raw.communitydragon.org/latest/plugins/rcp-be-lol-game-data/global/default/v1/champions/236.json
[2024-10-02 11-22-18][4/18][65/169]正在校对文件（Checking file）： https://raw.communitydragon.org/latest/plugins/rcp-be-lol-game-data/global/default/v1/champions/238.json
[2024-10-02 11-22-19][4/18][66/169]正在校对文件（Checking file）： https://raw.communitydragon.org/latest/plugins/rcp-be-lol-game-data/global/default/v1/champions/24.json
[2024-10-02 11-22-21][4/18][67/169]正在校对文件（Checking file）： https://raw.communitydragon.org/latest/plugins/rcp-be-lol-game-data/global/default/v1/champions/240.json
[2024-10-02 11-22-22][4/18][68/169]正在校对文件（Checking file）： https://raw.communitydragon.org/latest/plugins/rcp-be-lol-game-data/global/default/v1/champions/245.json
[2024-10-02 11-22-23][4/18][69/169]正在校对文件（Checking file）： https://raw.communitydragon.org/latest/plugins/rcp-be-lol-game-data/global/default/v1/champions/246.json
[2024-10-02 11-22-24][4/18][70/169]正在校对文件（Checking file）： https://raw.communitydragon.org/latest/plugins/rcp-be-lol-game-data/global/default/v1/champions/25.json
[2024-10-02 11-22-25][4/18][71/169]正在校对文件（Checking file）： https://raw.communitydragon.org/latest/plugins/rcp-be-lol-game-data/global/default/v1/champions/254.json
[2024-10-02 11-22-28][4/18][72/169]正在校对文件（Checking file）： https://raw.communitydragon.org/latest/plugins/rcp-be-lol-game-data/global/default/v1/champions/26.json
[2024-10-02 11-22-29][4/18][73/169]正在校对文件（Checking file）： https://raw.communitydragon.org/latest/plugins/rcp-be-lol-game-data/global/default/v1/champions/266.json
[2024-10-02 11-22-31][4/18][74/169]正在校对文件（Checking file）： https://raw.communitydragon.org/latest/plugins/rcp-be-lol-game-data/global/default/v1/champions/267.json
[2024-10-02 11-22-32][4/18][75/169]正在校对文件（Checking file）： https://raw.communitydragon.org/latest/plugins/rcp-be-lol-game-data/global/default/v1/champions/268.json
[2024-10-02 11-22-34][4/18][76/169]正在校对文件（Checking file）： https://raw.communitydragon.org/latest/plugins/rcp-be-lol-game-data/global/default/v1/champions/27.json
[2024-10-02 11-22-35][4/18][77/169]正在校对文件（Checking file）： https://raw.communitydragon.org/latest/plugins/rcp-be-lol-game-data/global/default/v1/champions/28.json
[2024-10-02 11-22-36][4/18][78/169]正在校对文件（Checking file）： https://raw.communitydragon.org/latest/plugins/rcp-be-lol-game-data/global/default/v1/champions/29.json
[2024-10-02 11-22-37][4/18][79/169]正在校对文件（Checking file）： https://raw.communitydragon.org/latest/plugins/rcp-be-lol-game-data/global/default/v1/champions/3.json
[2024-10-02 11-22-38][4/18][80/169]正在校对文件（Checking file）： https://raw.communitydragon.org/latest/plugins/rcp-be-lol-game-data/global/default/v1/champions/30.json
[2024-10-02 11-22-39][4/18][81/169]正在校对文件（Checking file）： https://raw.communitydragon.org/latest/plugins/rcp-be-lol-game-data/global/default/v1/champions/31.json
[2024-10-02 11-22-41][4/18][82/169]正在校对文件（Checking file）： https://raw.communitydragon.org/latest/plugins/rcp-be-lol-game-data/global/default/v1/champions/32.json
[2024-10-02 11-22-42][4/18][83/169]正在校对文件（Checking file）： https://raw.communitydragon.org/latest/plugins/rcp-be-lol-game-data/global/default/v1/champions/33.json
[2024-10-02 11-22-43][4/18][84/169]正在校对文件（Checking file）： https://raw.communitydragon.org/latest/plugins/rcp-be-lol-game-data/global/default/v1/champions/34.json
[2024-10-02 11-22-45][4/18][85/169]正在校对文件（Checking file）： https://raw.communitydragon.org/latest/plugins/rcp-be-lol-game-data/global/default/v1/champions/35.json
[2024-10-02 11-22-46][4/18][86/169]正在校对文件（Checking file）： https://raw.communitydragon.org/latest/plugins/rcp-be-lol-game-data/global/default/v1/champions/350.json
[2024-10-02 11-22-48][4/18][87/169]正在校对文件（Checking file）： https://raw.communitydragon.org/latest/plugins/rcp-be-lol-game-data/global/default/v1/champions/36.json
[2024-10-02 11-22-49][4/18][88/169]正在校对文件（Checking file）： https://raw.communitydragon.org/latest/plugins/rcp-be-lol-game-data/global/default/v1/champions/360.json
[2024-10-02 11-22-50][4/18][89/169]正在校对文件（Checking file）： https://raw.communitydragon.org/latest/plugins/rcp-be-lol-game-data/global/default/v1/champions/37.json
[2024-10-02 11-22-51][4/18][90/169]正在校对文件（Checking file）： https://raw.communitydragon.org/latest/plugins/rcp-be-lol-game-data/global/default/v1/champions/38.json
[2024-10-02 11-22-53][4/18][91/169]正在校对文件（Checking file）： https://raw.communitydragon.org/latest/plugins/rcp-be-lol-game-data/global/default/v1/champions/39.json
[2024-10-02 11-22-54][4/18][92/169]正在校对文件（Checking file）： https://raw.communitydragon.org/latest/plugins/rcp-be-lol-game-data/global/default/v1/champions/4.json
[2024-10-02 11-22-56][4/18][93/169]正在校对文件（Checking file）： https://raw.communitydragon.org/latest/plugins/rcp-be-lol-game-data/global/default/v1/champions/40.json
[2024-10-02 11-22-57][4/18][94/169]正在校对文件（Checking file）： https://raw.communitydragon.org/latest/plugins/rcp-be-lol-game-data/global/default/v1/champions/41.json
[2024-10-02 11-22-58][4/18][95/169]正在校对文件（Checking file）： https://raw.communitydragon.org/latest/plugins/rcp-be-lol-game-data/global/default/v1/champions/412.json
[2024-10-02 11-23-00][4/18][96/169]正在校对文件（Checking file）： https://raw.communitydragon.org/latest/plugins/rcp-be-lol-game-data/global/default/v1/champions/42.json
[2024-10-02 11-23-01][4/18][97/169]正在校对文件（Checking file）： https://raw.communitydragon.org/latest/plugins/rcp-be-lol-game-data/global/default/v1/champions/420.json
[2024-10-02 11-23-02][4/18][98/169]正在校对文件（Checking file）： https://raw.communitydragon.org/latest/plugins/rcp-be-lol-game-data/global/default/v1/champions/421.json
[2024-10-02 11-23-03][4/18][99/169]正在校对文件（Checking file）： https://raw.communitydragon.org/latest/plugins/rcp-be-lol-game-data/global/default/v1/champions/427.json
[2024-10-02 11-23-04][4/18][100/169]正在校对文件（Checking file）： https://raw.communitydragon.org/latest/plugins/rcp-be-lol-game-data/global/default/v1/champions/429.json
[2024-10-02 11-23-06][4/18][101/169]正在校对文件（Checking file）： https://raw.communitydragon.org/latest/plugins/rcp-be-lol-game-data/global/default/v1/champions/43.json
[2024-10-02 11-23-07][4/18][102/169]正在校对文件（Checking file）： https://raw.communitydragon.org/latest/plugins/rcp-be-lol-game-data/global/default/v1/champions/432.json
[2024-10-02 11-23-09][4/18][103/169]正在校对文件（Checking file）： https://raw.communitydragon.org/latest/plugins/rcp-be-lol-game-data/global/default/v1/champions/44.json
[2024-10-02 11-23-10][4/18][104/169]正在校对文件（Checking file）： https://raw.communitydragon.org/latest/plugins/rcp-be-lol-game-data/global/default/v1/champions/45.json
[2024-10-02 11-23-12][4/18][105/169]正在校对文件（Checking file）： https://raw.communitydragon.org/latest/plugins/rcp-be-lol-game-data/global/default/v1/champions/48.json
[2024-10-02 11-23-13][4/18][106/169]正在校对文件（Checking file）： https://raw.communitydragon.org/latest/plugins/rcp-be-lol-game-data/global/default/v1/champions/497.json
[2024-10-02 11-23-14][4/18][107/169]正在校对文件（Checking file）： https://raw.communitydragon.org/latest/plugins/rcp-be-lol-game-data/global/default/v1/champions/498.json
[2024-10-02 11-23-16][4/18][108/169]正在校对文件（Checking file）： https://raw.communitydragon.org/latest/plugins/rcp-be-lol-game-data/global/default/v1/champions/5.json
[2024-10-02 11-23-17][4/18][109/169]正在校对文件（Checking file）： https://raw.communitydragon.org/latest/plugins/rcp-be-lol-game-data/global/default/v1/champions/50.json
[2024-10-02 11-23-18][4/18][110/169]正在校对文件（Checking file）： https://raw.communitydragon.org/latest/plugins/rcp-be-lol-game-data/global/default/v1/champions/51.json
[2024-10-02 11-23-19][4/18][111/169]正在校对文件（Checking file）： https://raw.communitydragon.org/latest/plugins/rcp-be-lol-game-data/global/default/v1/champions/516.json
[2024-10-02 11-23-21][4/18][112/169]正在校对文件（Checking file）： https://raw.communitydragon.org/latest/plugins/rcp-be-lol-game-data/global/default/v1/champions/517.json
[2024-10-02 11-23-22][4/18][113/169]正在校对文件（Checking file）： https://raw.communitydragon.org/latest/plugins/rcp-be-lol-game-data/global/default/v1/champions/518.json
[2024-10-02 11-23-23][4/18][114/169]正在校对文件（Checking file）： https://raw.communitydragon.org/latest/plugins/rcp-be-lol-game-data/global/default/v1/champions/523.json
[2024-10-02 11-23-25][4/18][115/169]正在校对文件（Checking file）： https://raw.communitydragon.org/latest/plugins/rcp-be-lol-game-data/global/default/v1/champions/526.json
[2024-10-02 11-23-26][4/18][116/169]正在校对文件（Checking file）： https://raw.communitydragon.org/latest/plugins/rcp-be-lol-game-data/global/default/v1/champions/53.json
[2024-10-02 11-23-27][4/18][117/169]正在校对文件（Checking file）： https://raw.communitydragon.org/latest/plugins/rcp-be-lol-game-data/global/default/v1/champions/54.json
[2024-10-02 11-23-28][4/18][118/169]正在校对文件（Checking file）： https://raw.communitydragon.org/latest/plugins/rcp-be-lol-game-data/global/default/v1/champions/55.json
[2024-10-02 11-23-29][4/18][119/169]正在校对文件（Checking file）： https://raw.communitydragon.org/latest/plugins/rcp-be-lol-game-data/global/default/v1/champions/555.json
[2024-10-02 11-23-31][4/18][120/169]正在校对文件（Checking file）： https://raw.communitydragon.org/latest/plugins/rcp-be-lol-game-data/global/default/v1/champions/56.json
[2024-10-02 11-23-32][4/18][121/169]正在校对文件（Checking file）： https://raw.communitydragon.org/latest/plugins/rcp-be-lol-game-data/global/default/v1/champions/57.json
违反协议导致读取中断！正在尝试第1次重新获取数据！
EOF occurred in violation of protocol! Trying to recapture the data with url: https://raw.communitydragon.org/latest/plugins/rcp-be-lol-game-data/global/default/v1/champions/57.json. Time(s) tried: 1
[2024-10-02 11-23-33][4/18][122/169]正在校对文件（Checking file）： https://raw.communitydragon.org/latest/plugins/rcp-be-lol-game-data/global/default/v1/champions/58.json
[2024-10-02 11-23-34][4/18][123/169]正在校对文件（Checking file）： https://raw.communitydragon.org/latest/plugins/rcp-be-lol-game-data/global/default/v1/champions/59.json
[2024-10-02 11-23-36][4/18][124/169]正在校对文件（Checking file）： https://raw.communitydragon.org/latest/plugins/rcp-be-lol-game-data/global/default/v1/champions/6.json
[2024-10-02 11-23-37][4/18][125/169]正在校对文件（Checking file）： https://raw.communitydragon.org/latest/plugins/rcp-be-lol-game-data/global/default/v1/champions/60.json
[2024-10-02 11-23-39][4/18][126/169]正在校对文件（Checking file）： https://raw.communitydragon.org/latest/plugins/rcp-be-lol-game-data/global/default/v1/champions/61.json
[2024-10-02 11-23-40][4/18][127/169]正在校对文件（Checking file）： https://raw.communitydragon.org/latest/plugins/rcp-be-lol-game-data/global/default/v1/champions/62.json
[2024-10-02 11-23-41][4/18][128/169]正在校对文件（Checking file）： https://raw.communitydragon.org/latest/plugins/rcp-be-lol-game-data/global/default/v1/champions/63.json
[2024-10-02 11-23-42][4/18][129/169]正在校对文件（Checking file）： https://raw.communitydragon.org/latest/plugins/rcp-be-lol-game-data/global/default/v1/champions/64.json
[2024-10-02 11-23-43][4/18][130/169]正在校对文件（Checking file）： https://raw.communitydragon.org/latest/plugins/rcp-be-lol-game-data/global/default/v1/champions/67.json
[2024-10-02 11-23-45][4/18][131/169]正在校对文件（Checking file）： https://raw.communitydragon.org/latest/plugins/rcp-be-lol-game-data/global/default/v1/champions/68.json
[2024-10-02 11-23-46][4/18][132/169]正在校对文件（Checking file）： https://raw.communitydragon.org/latest/plugins/rcp-be-lol-game-data/global/default/v1/champions/69.json
[2024-10-02 11-23-47][4/18][133/169]正在校对文件（Checking file）： https://raw.communitydragon.org/latest/plugins/rcp-be-lol-game-data/global/default/v1/champions/7.json
[2024-10-02 11-23-48][4/18][134/169]正在校对文件（Checking file）： https://raw.communitydragon.org/latest/plugins/rcp-be-lol-game-data/global/default/v1/champions/711.json
[2024-10-02 11-23-50][4/18][135/169]正在校对文件（Checking file）： https://raw.communitydragon.org/latest/plugins/rcp-be-lol-game-data/global/default/v1/champions/72.json
[2024-10-02 11-23-51][4/18][136/169]正在校对文件（Checking file）： https://raw.communitydragon.org/latest/plugins/rcp-be-lol-game-data/global/default/v1/champions/74.json
[2024-10-02 11-23-53][4/18][137/169]正在校对文件（Checking file）： https://raw.communitydragon.org/latest/plugins/rcp-be-lol-game-data/global/default/v1/champions/75.json
[2024-10-02 11-23-55][4/18][138/169]正在校对文件（Checking file）： https://raw.communitydragon.org/latest/plugins/rcp-be-lol-game-data/global/default/v1/champions/76.json
[2024-10-02 11-24-01][4/18][139/169]正在校对文件（Checking file）： https://raw.communitydragon.org/latest/plugins/rcp-be-lol-game-data/global/default/v1/champions/77.json
[2024-10-02 11-24-03][4/18][140/169]正在校对文件（Checking file）： https://raw.communitydragon.org/latest/plugins/rcp-be-lol-game-data/global/default/v1/champions/777.json
[2024-10-02 11-24-04][4/18][141/169]正在校对文件（Checking file）： https://raw.communitydragon.org/latest/plugins/rcp-be-lol-game-data/global/default/v1/champions/78.json
[2024-10-02 11-24-05][4/18][142/169]正在校对文件（Checking file）： https://raw.communitydragon.org/latest/plugins/rcp-be-lol-game-data/global/default/v1/champions/79.json
[2024-10-02 11-24-06][4/18][143/169]正在校对文件（Checking file）： https://raw.communitydragon.org/latest/plugins/rcp-be-lol-game-data/global/default/v1/champions/8.json
[2024-10-02 11-24-08][4/18][144/169]正在校对文件（Checking file）： https://raw.communitydragon.org/latest/plugins/rcp-be-lol-game-data/global/default/v1/champions/80.json
[2024-10-02 11-24-09][4/18][145/169]正在校对文件（Checking file）： https://raw.communitydragon.org/latest/plugins/rcp-be-lol-game-data/global/default/v1/champions/81.json
[2024-10-02 11-24-10][4/18][146/169]正在校对文件（Checking file）： https://raw.communitydragon.org/latest/plugins/rcp-be-lol-game-data/global/default/v1/champions/82.json
[2024-10-02 11-24-12][4/18][147/169]正在校对文件（Checking file）： https://raw.communitydragon.org/latest/plugins/rcp-be-lol-game-data/global/default/v1/champions/83.json
[2024-10-02 11-24-13][4/18][148/169]正在校对文件（Checking file）： https://raw.communitydragon.org/latest/plugins/rcp-be-lol-game-data/global/default/v1/champions/84.json
[2024-10-02 11-24-14][4/18][149/169]正在校对文件（Checking file）： https://raw.communitydragon.org/latest/plugins/rcp-be-lol-game-data/global/default/v1/champions/85.json
[2024-10-02 11-24-15][4/18][150/169]正在校对文件（Checking file）： https://raw.communitydragon.org/latest/plugins/rcp-be-lol-game-data/global/default/v1/champions/86.json
[2024-10-02 11-24-16][4/18][151/169]正在校对文件（Checking file）： https://raw.communitydragon.org/latest/plugins/rcp-be-lol-game-data/global/default/v1/champions/875.json
[2024-10-02 11-24-18][4/18][152/169]正在校对文件（Checking file）： https://raw.communitydragon.org/latest/plugins/rcp-be-lol-game-data/global/default/v1/champions/876.json
[2024-10-02 11-24-19][4/18][153/169]正在校对文件（Checking file）： https://raw.communitydragon.org/latest/plugins/rcp-be-lol-game-data/global/default/v1/champions/887.json
[2024-10-02 11-24-20][4/18][154/169]正在校对文件（Checking file）： https://raw.communitydragon.org/latest/plugins/rcp-be-lol-game-data/global/default/v1/champions/888.json
[2024-10-02 11-24-21][4/18][155/169]正在校对文件（Checking file）： https://raw.communitydragon.org/latest/plugins/rcp-be-lol-game-data/global/default/v1/champions/89.json
[2024-10-02 11-24-23][4/18][156/169]正在校对文件（Checking file）： https://raw.communitydragon.org/latest/plugins/rcp-be-lol-game-data/global/default/v1/champions/893.json
[2024-10-02 11-24-29][4/18][157/169]正在校对文件（Checking file）： https://raw.communitydragon.org/latest/plugins/rcp-be-lol-game-data/global/default/v1/champions/895.json
[2024-10-02 11-24-30][4/18][158/169]正在校对文件（Checking file）： https://raw.communitydragon.org/latest/plugins/rcp-be-lol-game-data/global/default/v1/champions/897.json
[2024-10-02 11-24-32][4/18][159/169]正在校对文件（Checking file）： https://raw.communitydragon.org/latest/plugins/rcp-be-lol-game-data/global/default/v1/champions/9.json
[2024-10-02 11-24-33][4/18][160/169]正在校对文件（Checking file）： https://raw.communitydragon.org/latest/plugins/rcp-be-lol-game-data/global/default/v1/champions/90.json
[2024-10-02 11-24-34][4/18][161/169]正在校对文件（Checking file）： https://raw.communitydragon.org/latest/plugins/rcp-be-lol-game-data/global/default/v1/champions/901.json
[2024-10-02 11-24-36][4/18][162/169]正在校对文件（Checking file）： https://raw.communitydragon.org/latest/plugins/rcp-be-lol-game-data/global/default/v1/champions/902.json
[2024-10-02 11-24-37][4/18][163/169]正在校对文件（Checking file）： https://raw.communitydragon.org/latest/plugins/rcp-be-lol-game-data/global/default/v1/champions/91.json
[2024-10-02 11-24-38][4/18][164/169]正在校对文件（Checking file）： https://raw.communitydragon.org/latest/plugins/rcp-be-lol-game-data/global/default/v1/champions/910.json
[2024-10-02 11-24-39][4/18][165/169]正在校对文件（Checking file）： https://raw.communitydragon.org/latest/plugins/rcp-be-lol-game-data/global/default/v1/champions/92.json
[2024-10-02 11-24-41][4/18][166/169]正在校对文件（Checking file）： https://raw.communitydragon.org/latest/plugins/rcp-be-lol-game-data/global/default/v1/champions/950.json
[2024-10-02 11-24-42][4/18][167/169]正在校对文件（Checking file）： https://raw.communitydragon.org/latest/plugins/rcp-be-lol-game-data/global/default/v1/champions/96.json
[2024-10-02 11-24-43][4/18][168/169]正在校对文件（Checking file）： https://raw.communitydragon.org/latest/plugins/rcp-be-lol-game-data/global/default/v1/champions/98.json
[2024-10-02 11-24-44][4/18][169/169]正在校对文件（Checking file）： https://raw.communitydragon.org/latest/plugins/rcp-be-lol-game-data/global/default/v1/champions/99.json
[2024-10-02 11-24-46][5/18]正在检查文件夹（Checking the folder）：https://raw.communitydragon.org/latest/plugins/rcp-be-lol-game-data/global/default/v1/map-assets/
[2024-10-02 11-24-47]页面新文件列表如下：
New file list is as follows:
网页链接（URL)： https://raw.communitydragon.org/latest/plugins/rcp-be-lol-game-data/global/default/v1/map-assets/
      file            size           web_date         web_timestamp        local_date          local_timestamp   
 map-assets.json    115.5 KiB    2024-Oct-01 18:38    1727779080.0     2024-09-27 08-10-39    1727395839.3205717 
[2024-10-02 11-24-47][5/18][1/1]正在校对文件（Checking file）： https://raw.communitydragon.org/latest/plugins/rcp-be-lol-game-data/global/default/v1/map-assets/map-assets.json
[2024-10-02 11-24-48][6/18]正在检查文件夹（Checking the folder）：https://raw.communitydragon.org/latest/plugins/rcp-be-lol-game-data/global/default/v1/
[2024-10-02 11-24-49]页面新文件列表如下：
New file list is as follows:
网页链接（URL)： https://raw.communitydragon.org/latest/plugins/rcp-be-lol-game-data/global/default/v1/
                file                     size           web_date         web_timestamp        local_date          local_timestamp   
          challenges.json              604.3 KiB    2024-Oct-01 18:37    1727779020.0     2024-09-27 08-10-46    1727395846.5122113 
 champion-rune-recommendations.json    325.3 KiB    2024-Oct-01 18:37    1727779020.0     2024-09-27 08-10-48    1727395848.4024222 
       champion-summary.json           23.1 KiB     2024-Oct-01 18:37    1727779020.0     2024-09-27 08-10-49    1727395849.0951512 
     championperkstylemap.json         10.9 KiB     2024-Oct-01 18:40    1727779200.0     2024-09-27 08-10-50    1727395850.4819987 
        cherry-augments.json           45.3 KiB     2024-Oct-01 18:37    1727779020.0     2024-09-27 08-10-51    1727395851.5825298 
          companions.json              768.7 KiB    2024-Oct-01 18:38    1727779080.0     2024-09-27 08-10-53    1727395853.402923  
           event-hub.json              62.2 KiB     2024-Oct-01 18:38    1727779080.0     2024-09-27 08-10-54    1727395854.879321  
          event-shop.json              156.5 KiB    2024-Oct-01 18:38    1727779080.0     2024-09-27 08-10-56    1727395856.1213107 
        generic-assets.json            171.7 KiB    2024-Oct-01 18:37    1727779020.0     2024-09-27 08-10-57    1727395857.6955104 
             items.json                446.5 KiB    2024-Oct-01 18:39    1727779140.0     2024-09-27 08-10-59    1727395859.4878838 
             loot.json                  2.8 MiB     2024-Oct-01 18:38    1727779080.0     2024-09-27 08-11-01    1727395861.662266  
        lootmilestones.json            105.2 KiB    2024-Oct-01 18:40    1727779200.0     2024-09-27 08-11-03     1727395863.29242  
             maps.json                  1.4 KiB     2024-Oct-01 18:41    1727779260.0     2024-09-27 08-11-04    1727395864.3617873 
        mission-assets.json            21.1 KiB     2024-Oct-01 18:37    1727779020.0     2024-09-27 08-11-05    1727395865.508145  
        nexusfinishers.json               2 B       2024-Oct-01 18:37    1727779020.0     2024-09-27 08-11-06    1727395866.7497067 
             perks.json                93.5 KiB     2024-Oct-01 18:38    1727779080.0     2024-09-27 08-11-07    1727395867.4169106 
          perkstyles.json              17.2 KiB     2024-Oct-01 18:41    1727779260.0     2024-09-27 08-11-08    1727395868.0528636 
         profile-icons.json            321.3 KiB    2024-Oct-01 18:37    1727779020.0     2024-09-27 08-11-09    1727395869.5219157 
            queues.json                60.1 KiB     2024-Oct-01 18:40    1727779200.0     2024-09-27 08-11-10    1727395870.3691301 
            rewards.json               565.9 KiB    2024-Oct-01 18:37    1727779020.0     2024-09-27 08-11-12    1727395872.0016863 
           skinlines.json              51.6 KiB     2024-Oct-01 18:38    1727779080.0     2024-09-27 08-11-13    1727395873.534094  
             skins.json                 3.1 MiB     2024-Oct-01 18:39    1727779140.0     2024-09-27 08-11-14    1727395874.6512902 
          statstones.json               1.7 MiB     2024-Oct-01 18:37    1727779020.0     2024-09-27 08-11-18    1727395878.9261959 
    stylesheet-teamplanner.json          899 B      2024-Oct-01 18:37    1727779020.0     2024-09-27 08-11-20    1727395880.0424898 
          stylesheet.json              20.7 KiB     2024-Oct-01 18:37    1727779020.0     2024-09-27 08-11-21    1727395881.2113628 
       summoner-banners.json           28.6 KiB     2024-Oct-01 18:37    1727779020.0     2024-09-27 08-11-22    1727395882.3170547 
        summoner-emotes.json           330.5 KiB    2024-Oct-01 18:37    1727779020.0     2024-09-27 08-11-28    1727395888.0600893 
        summoner-icons.json             1.6 MiB     2024-Oct-01 18:37    1727779020.0     2024-09-27 08-11-29    1727395889.8274186 
        summoner-spells.json            7.2 KiB     2024-Oct-01 18:38    1727779080.0     2024-09-27 08-11-30    1727395890.8385484 
       summoner-trophies.json          22.1 KiB     2024-Oct-01 18:37    1727779020.0     2024-09-27 08-11-32    1727395892.0315192 
   tftchampions-teamplanner.json       52.8 KiB     2024-Oct-01 18:38    1727779080.0     2024-09-27 08-11-33    1727395893.4950478 
         tftchampions.json             78.0 KiB     2024-Oct-01 18:37    1727779020.0     2024-09-27 08-11-34    1727395894.3418388 
      tftcosmeticsdefault.json           25 B       2024-Oct-01 18:40    1727779200.0     2024-09-27 08-11-35    1727395895.1892257 
        tftdamageskins.json            69.5 KiB     2024-Oct-01 18:39    1727779140.0     2024-09-27 08-11-36    1727395896.2880225 
       tftgamevariations.json           4.0 KiB     2024-Oct-01 18:39    1727779140.0     2024-09-27 08-11-37    1727395897.3952036 
           tftitems.json               288.8 KiB    2024-Oct-01 18:40    1727779200.0     2024-09-27 08-11-39    1727395899.0515206 
          tftmapskins.json             31.8 KiB     2024-Oct-01 18:41    1727779260.0     2024-09-27 08-11-40    1727395900.1467292 
        tftpass-assets.json            17.8 KiB     2024-Oct-01 18:37    1727779020.0     2024-09-27 08-11-41    1727395901.0133517 
      tftpasswelcomedata.json            209 B      2024-Oct-01 18:37    1727779020.0     2024-09-27 08-11-42    1727395902.108792  
         tftplaybooks.json             54.3 KiB     2024-Oct-01 18:39    1727779140.0     2024-09-27 08-11-43    1727395903.2009802 
       tftregionportals.json            9.0 KiB     2024-Oct-01 18:41    1727779260.0     2024-09-27 08-11-44    1727395904.321934  
   tftrotationalshopitemdata.json      785.9 KiB    2024-Oct-01 18:37    1727779020.0     2024-09-27 08-11-45    1727395905.8667026 
            tftsets.json                3.5 KiB     2024-Oct-01 18:37    1727779020.0     2024-09-27 08-11-47    1727395907.1409602 
         tftskilltree.json              7.3 KiB     2024-Oct-01 18:37    1727779020.0     2024-09-27 08-11-48    1727395908.4655771 
           tfttraits.json              170.8 KiB    2024-Oct-01 18:37    1727779020.0     2024-09-27 08-11-50    1727395910.2455778 
    tfttrovesbannerrewards.json        684.6 KiB    2024-Oct-01 18:37    1727779020.0     2024-09-27 08-11-51    1727395911.783052  
       tfttrovesbanners.json            5.9 MiB     2024-Oct-01 18:37    1727779020.0     2024-09-27 08-11-55    1727395915.393442  
     tfttrovestablesnames.json         329.9 KiB    2024-Oct-01 18:37    1727779020.0     2024-09-27 08-11-56    1727395916.9305627 
        ward-skin-sets.json             3.4 KiB     2024-Oct-01 18:40    1727779200.0     2024-09-27 08-11-58    1727395918.066243  
          ward-skins.json              112.9 KiB    2024-Oct-01 18:40    1727779200.0     2024-09-27 08-11-59    1727395919.2080238 
[2024-10-02 11-24-49][6/18][1/50]正在校对文件（Checking file）： https://raw.communitydragon.org/latest/plugins/rcp-be-lol-game-data/global/default/v1/challenges.json
[2024-10-02 11-24-51][6/18][2/50]正在校对文件（Checking file）： https://raw.communitydragon.org/latest/plugins/rcp-be-lol-game-data/global/default/v1/champion-rune-recommendations.json
[2024-10-02 11-24-53][6/18][3/50]正在校对文件（Checking file）： https://raw.communitydragon.org/latest/plugins/rcp-be-lol-game-data/global/default/v1/champion-summary.json
[2024-10-02 11-24-54][6/18][4/50]正在校对文件（Checking file）： https://raw.communitydragon.org/latest/plugins/rcp-be-lol-game-data/global/default/v1/championperkstylemap.json
[2024-10-02 11-24-55][6/18][5/50]正在校对文件（Checking file）： https://raw.communitydragon.org/latest/plugins/rcp-be-lol-game-data/global/default/v1/cherry-augments.json
[2024-10-02 11-24-57][6/18][6/50]正在校对文件（Checking file）： https://raw.communitydragon.org/latest/plugins/rcp-be-lol-game-data/global/default/v1/companions.json
[2024-10-02 11-24-59][6/18][7/50]正在校对文件（Checking file）： https://raw.communitydragon.org/latest/plugins/rcp-be-lol-game-data/global/default/v1/event-hub.json
[2024-10-02 11-25-00][6/18][8/50]正在校对文件（Checking file）： https://raw.communitydragon.org/latest/plugins/rcp-be-lol-game-data/global/default/v1/event-shop.json
[2024-10-02 11-25-02][6/18][9/50]正在校对文件（Checking file）： https://raw.communitydragon.org/latest/plugins/rcp-be-lol-game-data/global/default/v1/generic-assets.json
[2024-10-02 11-25-03][6/18][10/50]正在校对文件（Checking file）： https://raw.communitydragon.org/latest/plugins/rcp-be-lol-game-data/global/default/v1/items.json
[2024-10-02 11-25-10][6/18][11/50]正在校对文件（Checking file）： https://raw.communitydragon.org/latest/plugins/rcp-be-lol-game-data/global/default/v1/loot.json
[2024-10-02 11-25-14][6/18][12/50]正在校对文件（Checking file）： https://raw.communitydragon.org/latest/plugins/rcp-be-lol-game-data/global/default/v1/lootmilestones.json
[2024-10-02 11-25-18][6/18][13/50]正在校对文件（Checking file）： https://raw.communitydragon.org/latest/plugins/rcp-be-lol-game-data/global/default/v1/maps.json
[2024-10-02 11-25-19][6/18][14/50]正在校对文件（Checking file）： https://raw.communitydragon.org/latest/plugins/rcp-be-lol-game-data/global/default/v1/mission-assets.json
[2024-10-02 11-25-20][6/18][15/50]正在校对文件（Checking file）： https://raw.communitydragon.org/latest/plugins/rcp-be-lol-game-data/global/default/v1/nexusfinishers.json
[2024-10-02 11-25-22][6/18][16/50]正在校对文件（Checking file）： https://raw.communitydragon.org/latest/plugins/rcp-be-lol-game-data/global/default/v1/perks.json
[2024-10-02 11-25-23][6/18][17/50]正在校对文件（Checking file）： https://raw.communitydragon.org/latest/plugins/rcp-be-lol-game-data/global/default/v1/perkstyles.json
[2024-10-02 11-25-25][6/18][18/50]正在校对文件（Checking file）： https://raw.communitydragon.org/latest/plugins/rcp-be-lol-game-data/global/default/v1/profile-icons.json
[2024-10-02 11-25-32][6/18][19/50]正在校对文件（Checking file）： https://raw.communitydragon.org/latest/plugins/rcp-be-lol-game-data/global/default/v1/queues.json
[2024-10-02 11-25-33][6/18][20/50]正在校对文件（Checking file）： https://raw.communitydragon.org/latest/plugins/rcp-be-lol-game-data/global/default/v1/rewards.json
[2024-10-02 11-25-35][6/18][21/50]正在校对文件（Checking file）： https://raw.communitydragon.org/latest/plugins/rcp-be-lol-game-data/global/default/v1/skinlines.json
[2024-10-02 11-25-36][6/18][22/50]正在校对文件（Checking file）： https://raw.communitydragon.org/latest/plugins/rcp-be-lol-game-data/global/default/v1/skins.json
[2024-10-02 11-25-38][6/18][23/50]正在校对文件（Checking file）： https://raw.communitydragon.org/latest/plugins/rcp-be-lol-game-data/global/default/v1/statstones.json
[2024-10-02 11-25-39][6/18][24/50]正在校对文件（Checking file）： https://raw.communitydragon.org/latest/plugins/rcp-be-lol-game-data/global/default/v1/stylesheet-teamplanner.json
违反协议导致读取中断！正在尝试第1次重新获取数据！
EOF occurred in violation of protocol! Trying to recapture the data with url: https://raw.communitydragon.org/latest/plugins/rcp-be-lol-game-data/global/default/v1/stylesheet-teamplanner.json. Time(s) tried: 1
[2024-10-02 11-25-41][6/18][25/50]正在校对文件（Checking file）： https://raw.communitydragon.org/latest/plugins/rcp-be-lol-game-data/global/default/v1/stylesheet.json
[2024-10-02 11-25-42][6/18][26/50]正在校对文件（Checking file）： https://raw.communitydragon.org/latest/plugins/rcp-be-lol-game-data/global/default/v1/summoner-banners.json
[2024-10-02 11-25-44][6/18][27/50]正在校对文件（Checking file）： https://raw.communitydragon.org/latest/plugins/rcp-be-lol-game-data/global/default/v1/summoner-emotes.json
[2024-10-02 11-25-45][6/18][28/50]正在校对文件（Checking file）： https://raw.communitydragon.org/latest/plugins/rcp-be-lol-game-data/global/default/v1/summoner-icons.json
[2024-10-02 11-25-47][6/18][29/50]正在校对文件（Checking file）： https://raw.communitydragon.org/latest/plugins/rcp-be-lol-game-data/global/default/v1/summoner-spells.json
[2024-10-02 11-25-49][6/18][30/50]正在校对文件（Checking file）： https://raw.communitydragon.org/latest/plugins/rcp-be-lol-game-data/global/default/v1/summoner-trophies.json
[2024-10-02 11-25-50][6/18][31/50]正在校对文件（Checking file）： https://raw.communitydragon.org/latest/plugins/rcp-be-lol-game-data/global/default/v1/tftchampions-teamplanner.json
[2024-10-02 11-25-51][6/18][32/50]正在校对文件（Checking file）： https://raw.communitydragon.org/latest/plugins/rcp-be-lol-game-data/global/default/v1/tftchampions.json
[2024-10-02 11-25-52][6/18][33/50]正在校对文件（Checking file）： https://raw.communitydragon.org/latest/plugins/rcp-be-lol-game-data/global/default/v1/tftcosmeticsdefault.json
[2024-10-02 11-25-54][6/18][34/50]正在校对文件（Checking file）： https://raw.communitydragon.org/latest/plugins/rcp-be-lol-game-data/global/default/v1/tftdamageskins.json
[2024-10-02 11-25-55][6/18][35/50]正在校对文件（Checking file）： https://raw.communitydragon.org/latest/plugins/rcp-be-lol-game-data/global/default/v1/tftgamevariations.json
[2024-10-02 11-25-56][6/18][36/50]正在校对文件（Checking file）： https://raw.communitydragon.org/latest/plugins/rcp-be-lol-game-data/global/default/v1/tftitems.json
[2024-10-02 11-25-58][6/18][37/50]正在校对文件（Checking file）： https://raw.communitydragon.org/latest/plugins/rcp-be-lol-game-data/global/default/v1/tftmapskins.json
[2024-10-02 11-25-59][6/18][38/50]正在校对文件（Checking file）： https://raw.communitydragon.org/latest/plugins/rcp-be-lol-game-data/global/default/v1/tftpass-assets.json
[2024-10-02 11-26-01][6/18][39/50]正在校对文件（Checking file）： https://raw.communitydragon.org/latest/plugins/rcp-be-lol-game-data/global/default/v1/tftpasswelcomedata.json
[2024-10-02 11-26-02][6/18][40/50]正在校对文件（Checking file）： https://raw.communitydragon.org/latest/plugins/rcp-be-lol-game-data/global/default/v1/tftplaybooks.json
[2024-10-02 11-26-04][6/18][41/50]正在校对文件（Checking file）： https://raw.communitydragon.org/latest/plugins/rcp-be-lol-game-data/global/default/v1/tftregionportals.json
[2024-10-02 11-26-05][6/18][42/50]正在校对文件（Checking file）： https://raw.communitydragon.org/latest/plugins/rcp-be-lol-game-data/global/default/v1/tftrotationalshopitemdata.json
[2024-10-02 11-26-07][6/18][43/50]正在校对文件（Checking file）： https://raw.communitydragon.org/latest/plugins/rcp-be-lol-game-data/global/default/v1/tftsets.json
[2024-10-02 11-26-09][6/18][44/50]正在校对文件（Checking file）： https://raw.communitydragon.org/latest/plugins/rcp-be-lol-game-data/global/default/v1/tftskilltree.json
[2024-10-02 11-26-10][6/18][45/50]正在校对文件（Checking file）： https://raw.communitydragon.org/latest/plugins/rcp-be-lol-game-data/global/default/v1/tfttraits.json
[2024-10-02 11-26-11][6/18][46/50]正在校对文件（Checking file）： https://raw.communitydragon.org/latest/plugins/rcp-be-lol-game-data/global/default/v1/tfttrovesbannerrewards.json
[2024-10-02 11-26-13][6/18][47/50]正在校对文件（Checking file）： https://raw.communitydragon.org/latest/plugins/rcp-be-lol-game-data/global/default/v1/tfttrovesbanners.json
[2024-10-02 11-26-16][6/18][48/50]正在校对文件（Checking file）： https://raw.communitydragon.org/latest/plugins/rcp-be-lol-game-data/global/default/v1/tfttrovestablesnames.json
[2024-10-02 11-26-18][6/18][49/50]正在校对文件（Checking file）： https://raw.communitydragon.org/latest/plugins/rcp-be-lol-game-data/global/default/v1/ward-skin-sets.json
[2024-10-02 11-26-20][6/18][50/50]正在校对文件（Checking file）： https://raw.communitydragon.org/latest/plugins/rcp-be-lol-game-data/global/default/v1/ward-skins.json
[2024-10-02 11-26-20][7/18]正在检查文件夹（Checking the folder）：https://raw.communitydragon.org/latest/plugins/rcp-be-lol-game-data/global/zh_cn/v1/champions/
[2024-10-02 11-26-22]页面新文件列表如下：
New file list is as follows:
网页链接（URL)： https://raw.communitydragon.org/latest/plugins/rcp-be-lol-game-data/global/zh_cn/v1/champions/
   file        size          web_date         web_timestamp        local_date          local_timestamp   
 18.json     39.8 KiB    2024-Oct-01 18:41    1727779260.0     2024-09-27 08-12-01    1727395921.7123795 
 20.json     32.9 KiB    2024-Oct-01 18:41    1727779260.0     2024-09-27 08-12-02    1727395922.6062393 
 221.json    24.7 KiB    2024-Oct-01 18:41    1727779260.0     2024-09-27 08-12-03    1727395923.7537067 
 234.json    26.3 KiB    2024-Oct-01 18:41    1727779260.0     2024-09-27 08-12-04    1727395924.7722735 
 35.json     37.5 KiB    2024-Oct-01 18:41    1727779260.0     2024-09-27 08-12-05    1727395925.8137188 
 37.json     41.7 KiB    2024-Oct-01 18:41    1727779260.0     2024-09-27 08-12-06    1727395926.910665  
 45.json     37.6 KiB    2024-Oct-01 18:41    1727779260.0     2024-09-27 08-12-08    1727395928.0462406 
 555.json    37.3 KiB    2024-Oct-01 18:41    1727779260.0     2024-09-27 08-12-09    1727395929.132675  
 58.json     34.6 KiB    2024-Oct-01 18:41    1727779260.0     2024-09-27 08-12-10    1727395930.4166913 
 60.json     24.8 KiB    2024-Oct-01 18:41    1727779260.0     2024-09-27 08-12-11    1727395931.4661458 
  8.json     32.3 KiB    2024-Oct-01 18:41    1727779260.0     2024-09-27 08-12-12    1727395932.6610847 
 897.json    18.5 KiB    2024-Oct-01 18:41    1727779260.0     2024-09-27 08-12-13    1727395933.518758  
 96.json     39.5 KiB    2024-Oct-01 18:41    1727779260.0     2024-09-27 08-12-14    1727395934.6737943 
[2024-10-02 11-26-22][7/18][1/13]正在校对文件（Checking file）： https://raw.communitydragon.org/latest/plugins/rcp-be-lol-game-data/global/zh_cn/v1/champions/18.json
[2024-10-02 11-26-23][7/18][2/13]正在校对文件（Checking file）： https://raw.communitydragon.org/latest/plugins/rcp-be-lol-game-data/global/zh_cn/v1/champions/20.json
[2024-10-02 11-26-25][7/18][3/13]正在校对文件（Checking file）： https://raw.communitydragon.org/latest/plugins/rcp-be-lol-game-data/global/zh_cn/v1/champions/221.json
[2024-10-02 11-26-26][7/18][4/13]正在校对文件（Checking file）： https://raw.communitydragon.org/latest/plugins/rcp-be-lol-game-data/global/zh_cn/v1/champions/234.json
[2024-10-02 11-26-27][7/18][5/13]正在校对文件（Checking file）： https://raw.communitydragon.org/latest/plugins/rcp-be-lol-game-data/global/zh_cn/v1/champions/35.json
[2024-10-02 11-26-30][7/18][6/13]正在校对文件（Checking file）： https://raw.communitydragon.org/latest/plugins/rcp-be-lol-game-data/global/zh_cn/v1/champions/37.json
[2024-10-02 11-26-31][7/18][7/13]正在校对文件（Checking file）： https://raw.communitydragon.org/latest/plugins/rcp-be-lol-game-data/global/zh_cn/v1/champions/45.json
[2024-10-02 11-26-34][7/18][8/13]正在校对文件（Checking file）： https://raw.communitydragon.org/latest/plugins/rcp-be-lol-game-data/global/zh_cn/v1/champions/555.json
[2024-10-02 11-26-35][7/18][9/13]正在校对文件（Checking file）： https://raw.communitydragon.org/latest/plugins/rcp-be-lol-game-data/global/zh_cn/v1/champions/58.json
[2024-10-02 11-26-36][7/18][10/13]正在校对文件（Checking file）： https://raw.communitydragon.org/latest/plugins/rcp-be-lol-game-data/global/zh_cn/v1/champions/60.json
[2024-10-02 11-26-38][7/18][11/13]正在校对文件（Checking file）： https://raw.communitydragon.org/latest/plugins/rcp-be-lol-game-data/global/zh_cn/v1/champions/8.json
[2024-10-02 11-26-39][7/18][12/13]正在校对文件（Checking file）： https://raw.communitydragon.org/latest/plugins/rcp-be-lol-game-data/global/zh_cn/v1/champions/897.json
[2024-10-02 11-26-40][7/18][13/13]正在校对文件（Checking file）： https://raw.communitydragon.org/latest/plugins/rcp-be-lol-game-data/global/zh_cn/v1/champions/96.json
[2024-10-02 11-26-42][8/18]正在检查文件夹（Checking the folder）：https://raw.communitydragon.org/latest/plugins/rcp-be-lol-game-data/global/zh_cn/v1/map-assets/
[2024-10-02 11-26-45]页面新文件列表如下：
New file list is as follows:
网页链接（URL)： https://raw.communitydragon.org/latest/plugins/rcp-be-lol-game-data/global/zh_cn/v1/map-assets/
      file            size           web_date         web_timestamp        local_date          local_timestamp   
 map-assets.json    116.2 KiB    2024-Oct-01 18:41    1727779260.0     2024-09-27 08-12-17    1727395937.2835097 
[2024-10-02 11-26-45][8/18][1/1]正在校对文件（Checking file）： https://raw.communitydragon.org/latest/plugins/rcp-be-lol-game-data/global/zh_cn/v1/map-assets/map-assets.json
[2024-10-02 11-26-47][9/18]正在检查文件夹（Checking the folder）：https://raw.communitydragon.org/latest/plugins/rcp-be-lol-game-data/global/zh_cn/v1/
[2024-10-02 11-26-48]页面新文件列表如下：
New file list is as follows:
网页链接（URL)： https://raw.communitydragon.org/latest/plugins/rcp-be-lol-game-data/global/zh_cn/v1/
              file                   size           web_date         web_timestamp        local_date          local_timestamp   
        challenges.json            610.8 KiB    2024-Oct-01 18:41    1727779260.0     2024-09-27 08-12-20    1727395940.1133378 
     champion-summary.json         24.0 KiB     2024-Oct-01 18:41    1727779260.0     2024-09-27 08-12-20    1727395940.9911127 
        companions.json            772.5 KiB    2024-Oct-01 18:41    1727779260.0     2024-09-27 08-12-22    1727395942.9125202 
         event-hub.json            62.8 KiB     2024-Oct-01 18:41    1727779260.0     2024-09-27 08-12-24    1727395944.0958948 
      generic-assets.json          171.7 KiB    2024-Oct-01 18:41    1727779260.0     2024-09-27 08-12-25    1727395945.5561073 
           items.json              446.1 KiB    2024-Oct-01 18:41    1727779260.0     2024-09-27 08-12-26    1727395946.902506  
           loot.json                2.8 MiB     2024-Oct-01 18:41    1727779260.0     2024-09-27 08-12-29    1727395949.3226132 
      mission-assets.json          21.1 KiB     2024-Oct-01 18:41    1727779260.0     2024-09-27 08-12-30    1727395950.457809  
      nexusfinishers.json             2 B       2024-Oct-01 18:41    1727779260.0     2024-09-27 08-12-31    1727395951.3613415 
           perks.json              95.8 KiB     2024-Oct-01 18:41    1727779260.0     2024-09-27 08-12-32    1727395952.653297  
        perkstyles.json            17.1 KiB     2024-Oct-01 18:41    1727779260.0     2024-09-27 08-12-33    1727395953.7723026 
       profile-icons.json          321.3 KiB    2024-Oct-01 18:41    1727779260.0     2024-09-27 08-12-35    1727395955.2156568 
          queues.json              63.0 KiB     2024-Oct-01 18:41    1727779260.0     2024-09-27 08-12-36    1727395956.5361505 
           skins.json               3.4 MiB     2024-Oct-01 18:41    1727779260.0     2024-09-27 08-12-39    1727395959.1201234 
        statstones.json             1.7 MiB     2024-Oct-01 18:41    1727779260.0     2024-09-27 08-12-41    1727395961.636832  
  stylesheet-teamplanner.json        899 B      2024-Oct-01 18:41    1727779260.0     2024-09-27 08-12-42    1727395962.5092494 
        stylesheet.json            20.7 KiB     2024-Oct-01 18:41    1727779260.0     2024-09-27 08-12-43    1727395963.6062315 
     summoner-banners.json         28.6 KiB     2024-Oct-01 18:41    1727779260.0     2024-09-27 08-12-44    1727395964.6921065 
      summoner-emotes.json         338.3 KiB    2024-Oct-01 18:41    1727779260.0     2024-09-27 08-12-46    1727395966.3798325 
      summoner-icons.json           1.5 MiB     2024-Oct-01 18:41    1727779260.0     2024-09-27 08-12-48    1727395968.7459755 
     summoner-trophies.json        22.1 KiB     2024-Oct-01 18:41    1727779260.0     2024-09-27 08-12-49    1727395969.8797042 
 tftchampions-teamplanner.json     53.5 KiB     2024-Oct-01 18:41    1727779260.0     2024-09-27 08-12-51    1727395971.0127137 
       tftchampions.json           78.8 KiB     2024-Oct-01 18:41    1727779260.0     2024-09-27 08-12-54    1727395974.9294634 
         tftitems.json             288.0 KiB    2024-Oct-01 18:41    1727779260.0     2024-09-27 08-12-57    1727395977.650587  
    tftpasswelcomedata.json          230 B      2024-Oct-01 18:41    1727779260.0     2024-09-27 08-12-58    1727395978.8485196 
 tftrotationalshopitemdata.json    786.1 KiB    2024-Oct-01 18:41    1727779260.0     2024-09-27 08-13-00    1727395980.8528783 
          tftsets.json              3.6 KiB     2024-Oct-01 18:41    1727779260.0     2024-09-27 08-13-02    1727395982.5252314 
       tftskilltree.json            7.6 KiB     2024-Oct-01 18:41    1727779260.0     2024-09-27 08-13-03    1727395983.4120822 
         tfttraits.json            173.9 KiB    2024-Oct-01 18:41    1727779260.0     2024-09-27 08-13-04    1727395984.9134936 
  tfttrovesbannerrewards.json      686.6 KiB    2024-Oct-01 18:41    1727779260.0     2024-09-27 08-13-06    1727395986.7659712 
     tfttrovesbanners.json          5.9 MiB     2024-Oct-01 18:41    1727779260.0     2024-09-27 08-13-11    1727395991.4560618 
   tfttrovestablesnames.json       340.6 KiB    2024-Oct-01 18:41    1727779260.0     2024-09-27 08-13-13    1727395993.098633  
        ward-skins.json            104.3 KiB    2024-Oct-01 18:41    1727779260.0     2024-09-27 08-13-14    1727395994.2637913 
[2024-10-02 11-26-48][9/18][1/33]正在校对文件（Checking file）： https://raw.communitydragon.org/latest/plugins/rcp-be-lol-game-data/global/zh_cn/v1/challenges.json
[2024-10-02 11-26-50][9/18][2/33]正在校对文件（Checking file）： https://raw.communitydragon.org/latest/plugins/rcp-be-lol-game-data/global/zh_cn/v1/champion-summary.json
[2024-10-02 11-26-51][9/18][3/33]正在校对文件（Checking file）： https://raw.communitydragon.org/latest/plugins/rcp-be-lol-game-data/global/zh_cn/v1/companions.json
[2024-10-02 11-26-53][9/18][4/33]正在校对文件（Checking file）： https://raw.communitydragon.org/latest/plugins/rcp-be-lol-game-data/global/zh_cn/v1/event-hub.json
[2024-10-02 11-26-55][9/18][5/33]正在校对文件（Checking file）： https://raw.communitydragon.org/latest/plugins/rcp-be-lol-game-data/global/zh_cn/v1/generic-assets.json
[2024-10-02 11-26-56][9/18][6/33]正在校对文件（Checking file）： https://raw.communitydragon.org/latest/plugins/rcp-be-lol-game-data/global/zh_cn/v1/items.json
[2024-10-02 11-26-58][9/18][7/33]正在校对文件（Checking file）： https://raw.communitydragon.org/latest/plugins/rcp-be-lol-game-data/global/zh_cn/v1/loot.json
[2024-10-02 11-27-00][9/18][8/33]正在校对文件（Checking file）： https://raw.communitydragon.org/latest/plugins/rcp-be-lol-game-data/global/zh_cn/v1/mission-assets.json
[2024-10-02 11-27-02][9/18][9/33]正在校对文件（Checking file）： https://raw.communitydragon.org/latest/plugins/rcp-be-lol-game-data/global/zh_cn/v1/nexusfinishers.json
[2024-10-02 11-27-03][9/18][10/33]正在校对文件（Checking file）： https://raw.communitydragon.org/latest/plugins/rcp-be-lol-game-data/global/zh_cn/v1/perks.json
[2024-10-02 11-27-05][9/18][11/33]正在校对文件（Checking file）： https://raw.communitydragon.org/latest/plugins/rcp-be-lol-game-data/global/zh_cn/v1/perkstyles.json
[2024-10-02 11-27-06][9/18][12/33]正在校对文件（Checking file）： https://raw.communitydragon.org/latest/plugins/rcp-be-lol-game-data/global/zh_cn/v1/profile-icons.json
[2024-10-02 11-27-07][9/18][13/33]正在校对文件（Checking file）： https://raw.communitydragon.org/latest/plugins/rcp-be-lol-game-data/global/zh_cn/v1/queues.json
[2024-10-02 11-27-08][9/18][14/33]正在校对文件（Checking file）： https://raw.communitydragon.org/latest/plugins/rcp-be-lol-game-data/global/zh_cn/v1/skins.json
[2024-10-02 11-27-11][9/18][15/33]正在校对文件（Checking file）： https://raw.communitydragon.org/latest/plugins/rcp-be-lol-game-data/global/zh_cn/v1/statstones.json
[2024-10-02 11-27-14][9/18][16/33]正在校对文件（Checking file）： https://raw.communitydragon.org/latest/plugins/rcp-be-lol-game-data/global/zh_cn/v1/stylesheet-teamplanner.json
[2024-10-02 11-27-15][9/18][17/33]正在校对文件（Checking file）： https://raw.communitydragon.org/latest/plugins/rcp-be-lol-game-data/global/zh_cn/v1/stylesheet.json
[2024-10-02 11-27-21][9/18][18/33]正在校对文件（Checking file）： https://raw.communitydragon.org/latest/plugins/rcp-be-lol-game-data/global/zh_cn/v1/summoner-banners.json
[2024-10-02 11-27-22][9/18][19/33]正在校对文件（Checking file）： https://raw.communitydragon.org/latest/plugins/rcp-be-lol-game-data/global/zh_cn/v1/summoner-emotes.json
[2024-10-02 11-27-24][9/18][20/33]正在校对文件（Checking file）： https://raw.communitydragon.org/latest/plugins/rcp-be-lol-game-data/global/zh_cn/v1/summoner-icons.json
[2024-10-02 11-27-26][9/18][21/33]正在校对文件（Checking file）： https://raw.communitydragon.org/latest/plugins/rcp-be-lol-game-data/global/zh_cn/v1/summoner-trophies.json
[2024-10-02 11-27-28][9/18][22/33]正在校对文件（Checking file）： https://raw.communitydragon.org/latest/plugins/rcp-be-lol-game-data/global/zh_cn/v1/tftchampions-teamplanner.json
[2024-10-02 11-27-29][9/18][23/33]正在校对文件（Checking file）： https://raw.communitydragon.org/latest/plugins/rcp-be-lol-game-data/global/zh_cn/v1/tftchampions.json
[2024-10-02 11-27-30][9/18][24/33]正在校对文件（Checking file）： https://raw.communitydragon.org/latest/plugins/rcp-be-lol-game-data/global/zh_cn/v1/tftitems.json
[2024-10-02 11-27-33][9/18][25/33]正在校对文件（Checking file）： https://raw.communitydragon.org/latest/plugins/rcp-be-lol-game-data/global/zh_cn/v1/tftpasswelcomedata.json
[2024-10-02 11-27-34][9/18][26/33]正在校对文件（Checking file）： https://raw.communitydragon.org/latest/plugins/rcp-be-lol-game-data/global/zh_cn/v1/tftrotationalshopitemdata.json
[2024-10-02 11-27-36][9/18][27/33]正在校对文件（Checking file）： https://raw.communitydragon.org/latest/plugins/rcp-be-lol-game-data/global/zh_cn/v1/tftsets.json
[2024-10-02 11-27-37][9/18][28/33]正在校对文件（Checking file）： https://raw.communitydragon.org/latest/plugins/rcp-be-lol-game-data/global/zh_cn/v1/tftskilltree.json
[2024-10-02 11-27-38][9/18][29/33]正在校对文件（Checking file）： https://raw.communitydragon.org/latest/plugins/rcp-be-lol-game-data/global/zh_cn/v1/tfttraits.json
[2024-10-02 11-27-40][9/18][30/33]正在校对文件（Checking file）： https://raw.communitydragon.org/latest/plugins/rcp-be-lol-game-data/global/zh_cn/v1/tfttrovesbannerrewards.json
[2024-10-02 11-27-42][9/18][31/33]正在校对文件（Checking file）： https://raw.communitydragon.org/latest/plugins/rcp-be-lol-game-data/global/zh_cn/v1/tfttrovesbanners.json
[2024-10-02 11-27-46][9/18][32/33]正在校对文件（Checking file）： https://raw.communitydragon.org/latest/plugins/rcp-be-lol-game-data/global/zh_cn/v1/tfttrovestablesnames.json
[2024-10-02 11-27-47][9/18][33/33]正在校对文件（Checking file）： https://raw.communitydragon.org/latest/plugins/rcp-be-lol-game-data/global/zh_cn/v1/ward-skins.json
[2024-10-02 11-27-49][10/18]正在检查文件夹（Checking the folder）：https://raw.communitydragon.org/pbe/
[2024-10-02 11-27-50]页面新文件列表如下：
New file list is as follows:
网页链接（URL)： https://raw.communitydragon.org/pbe/
             file                size        web_date         web_timestamp        local_date          local_timestamp   
 compat-version-metadata.json    59 B    2024-Oct-01 21:25    1727789100.0     2024-10-01 15-19-05    1727767145.7714376 
    content-metadata.json        61 B    2024-Oct-01 21:25    1727789100.0     2024-10-01 15-19-07    1727767147.2931511 
[2024-10-02 11-27-50][10/18][1/2]正在校对文件（Checking file）： https://raw.communitydragon.org/pbe/compat-version-metadata.json
[2024-10-02 11-27-52]已更新文件（Updated file）：离线数据（Offline Data）/cdragon/pbe/compat-version-metadata.json
[2024-10-02 11-27-52][10/18][2/2]正在校对文件（Checking file）： https://raw.communitydragon.org/pbe/content-metadata.json
[2024-10-02 11-27-52]已更新文件（Updated file）：离线数据（Offline Data）/cdragon/pbe/content-metadata.json
[2024-10-02 11-27-52][11/18]正在检查文件夹（Checking the folder）：https://raw.communitydragon.org/pbe/cdragon/arena/
[2024-10-02 11-27-53]页面新文件列表如下：
New file list is as follows:
网页链接（URL)： https://raw.communitydragon.org/pbe/cdragon/arena/
    file         size           web_date         web_timestamp        local_date          local_timestamp  
 en_us.json    176.5 KiB    2024-Oct-01 21:27    1727789220.0     2024-10-01 15-19-10    1727767150.072158 
 zh_cn.json    179.1 KiB    2024-Oct-01 21:27    1727789220.0     2024-10-01 15-19-12    1727767152.581194 
[2024-10-02 11-27-53][11/18][1/2]正在校对文件（Checking file）： https://raw.communitydragon.org/pbe/cdragon/arena/en_us.json
[2024-10-02 11-27-55][11/18][2/2]正在校对文件（Checking file）： https://raw.communitydragon.org/pbe/cdragon/arena/zh_cn.json
[2024-10-02 11-27-56][12/18]正在检查文件夹（Checking the folder）：https://raw.communitydragon.org/pbe/cdragon/tft/
[2024-10-02 11-27-58]页面新文件列表如下：
New file list is as follows:
网页链接（URL)： https://raw.communitydragon.org/pbe/cdragon/tft/
    file        size          web_date         web_timestamp        local_date          local_timestamp   
 en_us.json    7.1 MiB    2024-Oct-01 21:27    1727789220.0     2024-10-01 15-19-17    1727767157.0316916 
 zh_cn.json    7.1 MiB    2024-Oct-01 21:27    1727789220.0     2024-10-01 15-19-20    1727767160.4724946 
[2024-10-02 11-27-58][12/18][1/2]正在校对文件（Checking file）： https://raw.communitydragon.org/pbe/cdragon/tft/en_us.json
[2024-10-02 11-28-06]已更新文件（Updated file）：离线数据（Offline Data）/cdragon/pbe/cdragon/tft/en_us.json
[2024-10-02 11-28-06][12/18][2/2]正在校对文件（Checking file）： https://raw.communitydragon.org/pbe/cdragon/tft/zh_cn.json
[2024-10-02 11-28-11]已更新文件（Updated file）：离线数据（Offline Data）/cdragon/pbe/cdragon/tft/zh_cn.json
[2024-10-02 11-28-11][13/18]正在检查文件夹（Checking the folder）：https://raw.communitydragon.org/pbe/plugins/rcp-be-lol-game-data/global/default/v1/champions/
[2024-10-02 11-28-12]页面新文件列表如下：
New file list is as follows:
网页链接（URL)： https://raw.communitydragon.org/pbe/plugins/rcp-be-lol-game-data/global/default/v1/champions/
Empty DataFrame
Columns: [file, size, web_date, web_timestamp, local_date, local_timestamp]
Index: []
[2024-10-02 11-28-12][14/18]正在检查文件夹（Checking the folder）：https://raw.communitydragon.org/pbe/plugins/rcp-be-lol-game-data/global/default/v1/map-assets/
[2024-10-02 11-28-13]页面新文件列表如下：
New file list is as follows:
网页链接（URL)： https://raw.communitydragon.org/pbe/plugins/rcp-be-lol-game-data/global/default/v1/map-assets/
Empty DataFrame
Columns: [file, size, web_date, web_timestamp, local_date, local_timestamp]
Index: []
[2024-10-02 11-28-13][15/18]正在检查文件夹（Checking the folder）：https://raw.communitydragon.org/pbe/plugins/rcp-be-lol-game-data/global/default/v1/
[2024-10-02 11-28-14]页面新文件列表如下：
New file list is as follows:
网页链接（URL)： https://raw.communitydragon.org/pbe/plugins/rcp-be-lol-game-data/global/default/v1/
                file                     size           web_date         web_timestamp        local_date          local_timestamp   
 champion-rune-recommendations.json    323.1 KiB    2024-Oct-01 21:26    1727789160.0     2024-10-01 15-19-26    1727767166.4645624 
        generic-assets.json            172.1 KiB    2024-Oct-01 21:26    1727789160.0     2024-09-27 08-13-38    1727396018.6249626 
             items.json                446.6 KiB    2024-Oct-01 21:26    1727789160.0     2024-09-26 11-43-54    1727322234.6115005 
            queues.json                60.4 KiB     2024-Oct-01 21:26    1727789160.0     2024-09-19 14-50-27    1726728627.696022  
           tftitems.json               288.4 KiB    2024-Oct-01 21:26    1727789160.0     2024-09-25 14-59-05    1727247545.2320778 
         tftplaybooks.json             54.3 KiB     2024-Oct-01 21:26    1727789160.0     2024-09-11 12-09-41    1726027781.2776194 
           tfttraits.json              170.8 KiB    2024-Oct-01 21:26    1727789160.0     2024-09-19 14-50-31    1726728631.5406954 
[2024-10-02 11-28-14][15/18][1/7]正在校对文件（Checking file）： https://raw.communitydragon.org/pbe/plugins/rcp-be-lol-game-data/global/default/v1/champion-rune-recommendations.json
[2024-10-02 11-28-16]已更新文件（Updated file）：离线数据（Offline Data）/cdragon/pbe/plugins/rcp-be-lol-game-data/global/default/v1/champion-rune-recommendations.json
[2024-10-02 11-28-16][15/18][2/7]正在校对文件（Checking file）： https://raw.communitydragon.org/pbe/plugins/rcp-be-lol-game-data/global/default/v1/generic-assets.json
[2024-10-02 11-28-17]已更新文件（Updated file）：离线数据（Offline Data）/cdragon/pbe/plugins/rcp-be-lol-game-data/global/default/v1/generic-assets.json
[2024-10-02 11-28-17][15/18][3/7]正在校对文件（Checking file）： https://raw.communitydragon.org/pbe/plugins/rcp-be-lol-game-data/global/default/v1/items.json
[2024-10-02 11-28-19]已更新文件（Updated file）：离线数据（Offline Data）/cdragon/pbe/plugins/rcp-be-lol-game-data/global/default/v1/items.json
[2024-10-02 11-28-19][15/18][4/7]正在校对文件（Checking file）： https://raw.communitydragon.org/pbe/plugins/rcp-be-lol-game-data/global/default/v1/queues.json
[2024-10-02 11-28-20]已更新文件（Updated file）：离线数据（Offline Data）/cdragon/pbe/plugins/rcp-be-lol-game-data/global/default/v1/queues.json
[2024-10-02 11-28-20][15/18][5/7]正在校对文件（Checking file）： https://raw.communitydragon.org/pbe/plugins/rcp-be-lol-game-data/global/default/v1/tftitems.json
[2024-10-02 11-28-22]已更新文件（Updated file）：离线数据（Offline Data）/cdragon/pbe/plugins/rcp-be-lol-game-data/global/default/v1/tftitems.json
[2024-10-02 11-28-22][15/18][6/7]正在校对文件（Checking file）： https://raw.communitydragon.org/pbe/plugins/rcp-be-lol-game-data/global/default/v1/tftplaybooks.json
[2024-10-02 11-28-24]已更新文件（Updated file）：离线数据（Offline Data）/cdragon/pbe/plugins/rcp-be-lol-game-data/global/default/v1/tftplaybooks.json
[2024-10-02 11-28-24][15/18][7/7]正在校对文件（Checking file）： https://raw.communitydragon.org/pbe/plugins/rcp-be-lol-game-data/global/default/v1/tfttraits.json
[2024-10-02 11-28-25]已更新文件（Updated file）：离线数据（Offline Data）/cdragon/pbe/plugins/rcp-be-lol-game-data/global/default/v1/tfttraits.json
[2024-10-02 11-28-25][16/18]正在检查文件夹（Checking the folder）：https://raw.communitydragon.org/pbe/plugins/rcp-be-lol-game-data/global/zh_cn/v1/champions/
[2024-10-02 11-28-26]页面新文件列表如下：
New file list is as follows:
网页链接（URL)： https://raw.communitydragon.org/pbe/plugins/rcp-be-lol-game-data/global/zh_cn/v1/champions/
Empty DataFrame
Columns: [file, size, web_date, web_timestamp, local_date, local_timestamp]
Index: []
[2024-10-02 11-28-26][17/18]正在检查文件夹（Checking the folder）：https://raw.communitydragon.org/pbe/plugins/rcp-be-lol-game-data/global/zh_cn/v1/map-assets/
[2024-10-02 11-28-28]页面新文件列表如下：
New file list is as follows:
网页链接（URL)： https://raw.communitydragon.org/pbe/plugins/rcp-be-lol-game-data/global/zh_cn/v1/map-assets/
Empty DataFrame
Columns: [file, size, web_date, web_timestamp, local_date, local_timestamp]
Index: []
[2024-10-02 11-28-28][18/18]正在检查文件夹（Checking the folder）：https://raw.communitydragon.org/pbe/plugins/rcp-be-lol-game-data/global/zh_cn/v1/
[2024-10-02 11-28-29]页面新文件列表如下：
New file list is as follows:
网页链接（URL)： https://raw.communitydragon.org/pbe/plugins/rcp-be-lol-game-data/global/zh_cn/v1/
           file                 size           web_date         web_timestamp        local_date          local_timestamp   
    generic-assets.json       172.1 KiB    2024-Oct-01 21:26    1727789160.0     2024-09-27 08-14-02    1727396042.3762674 
        items.json            446.3 KiB    2024-Oct-01 21:26    1727789160.0     2024-10-01 15-19-53    1727767193.7718425 
        perks.json            95.2 KiB     2024-Oct-01 21:26    1727789160.0     2024-10-01 15-19-59    1727767199.4506564 
        queues.json           63.3 KiB     2024-Oct-01 21:26    1727789160.0     2024-09-19 14-50-56    1726728656.9850256 
   summoner-emotes.json       342.8 KiB    2024-Oct-01 21:26    1727789160.0     2024-10-01 15-20-06    1727767206.3230207 
       tftitems.json          287.5 KiB    2024-Oct-01 21:26    1727789160.0     2024-09-25 15-00-26    1727247626.297585  
     tftplaybooks.json        55.3 KiB     2024-Oct-01 21:26    1727789160.0     2024-09-05 11-37-26    1725507446.6879952 
      tfttraits.json          173.9 KiB    2024-Oct-01 21:26    1727789160.0     2024-09-19 14-51-01    1726728661.4221227 
 tfttrovestablesnames.json    342.7 KiB    2024-Oct-01 21:26    1727789160.0     2024-10-01 15-20-20    1727767220.8735082 
[2024-10-02 11-28-29][18/18][1/9]正在校对文件（Checking file）： https://raw.communitydragon.org/pbe/plugins/rcp-be-lol-game-data/global/zh_cn/v1/generic-assets.json
[2024-10-02 11-28-30]已更新文件（Updated file）：离线数据（Offline Data）/cdragon/pbe/plugins/rcp-be-lol-game-data/global/zh_cn/v1/generic-assets.json
[2024-10-02 11-28-30][18/18][2/9]正在校对文件（Checking file）： https://raw.communitydragon.org/pbe/plugins/rcp-be-lol-game-data/global/zh_cn/v1/items.json
[2024-10-02 11-28-32]已更新文件（Updated file）：离线数据（Offline Data）/cdragon/pbe/plugins/rcp-be-lol-game-data/global/zh_cn/v1/items.json
[2024-10-02 11-28-32][18/18][3/9]正在校对文件（Checking file）： https://raw.communitydragon.org/pbe/plugins/rcp-be-lol-game-data/global/zh_cn/v1/perks.json
[2024-10-02 11-28-33]已更新文件（Updated file）：离线数据（Offline Data）/cdragon/pbe/plugins/rcp-be-lol-game-data/global/zh_cn/v1/perks.json
[2024-10-02 11-28-33][18/18][4/9]正在校对文件（Checking file）： https://raw.communitydragon.org/pbe/plugins/rcp-be-lol-game-data/global/zh_cn/v1/queues.json
[2024-10-02 11-28-36]已更新文件（Updated file）：离线数据（Offline Data）/cdragon/pbe/plugins/rcp-be-lol-game-data/global/zh_cn/v1/queues.json
[2024-10-02 11-28-36][18/18][5/9]正在校对文件（Checking file）： https://raw.communitydragon.org/pbe/plugins/rcp-be-lol-game-data/global/zh_cn/v1/summoner-emotes.json
[2024-10-02 11-28-37]已更新文件（Updated file）：离线数据（Offline Data）/cdragon/pbe/plugins/rcp-be-lol-game-data/global/zh_cn/v1/summoner-emotes.json
[2024-10-02 11-28-37][18/18][6/9]正在校对文件（Checking file）： https://raw.communitydragon.org/pbe/plugins/rcp-be-lol-game-data/global/zh_cn/v1/tftitems.json
[2024-10-02 11-28-39]已更新文件（Updated file）：离线数据（Offline Data）/cdragon/pbe/plugins/rcp-be-lol-game-data/global/zh_cn/v1/tftitems.json
[2024-10-02 11-28-39][18/18][7/9]正在校对文件（Checking file）： https://raw.communitydragon.org/pbe/plugins/rcp-be-lol-game-data/global/zh_cn/v1/tftplaybooks.json
[2024-10-02 11-28-40]已更新文件（Updated file）：离线数据（Offline Data）/cdragon/pbe/plugins/rcp-be-lol-game-data/global/zh_cn/v1/tftplaybooks.json
[2024-10-02 11-28-40][18/18][8/9]正在校对文件（Checking file）： https://raw.communitydragon.org/pbe/plugins/rcp-be-lol-game-data/global/zh_cn/v1/tfttraits.json
[2024-10-02 11-28-42]已更新文件（Updated file）：离线数据（Offline Data）/cdragon/pbe/plugins/rcp-be-lol-game-data/global/zh_cn/v1/tfttraits.json
[2024-10-02 11-28-42][18/18][9/9]正在校对文件（Checking file）： https://raw.communitydragon.org/pbe/plugins/rcp-be-lol-game-data/global/zh_cn/v1/tfttrovestablesnames.json
[2024-10-02 11-28-43]已更新文件（Updated file）：离线数据（Offline Data）/cdragon/pbe/plugins/rcp-be-lol-game-data/global/zh_cn/v1/tfttrovestablesnames.json
已更新以下22个文件：
Updated the following 22 file(s):
https://raw.communitydragon.org/latest/compat-version-metadata.json
https://raw.communitydragon.org/latest/content-metadata.json
https://raw.communitydragon.org/pbe/compat-version-metadata.json
https://raw.communitydragon.org/pbe/content-metadata.json
https://raw.communitydragon.org/pbe/cdragon/tft/en_us.json
https://raw.communitydragon.org/pbe/cdragon/tft/zh_cn.json
https://raw.communitydragon.org/pbe/plugins/rcp-be-lol-game-data/global/default/v1/champion-rune-recommendations.json
https://raw.communitydragon.org/pbe/plugins/rcp-be-lol-game-data/global/default/v1/generic-assets.json
https://raw.communitydragon.org/pbe/plugins/rcp-be-lol-game-data/global/default/v1/items.json
https://raw.communitydragon.org/pbe/plugins/rcp-be-lol-game-data/global/default/v1/queues.json
https://raw.communitydragon.org/pbe/plugins/rcp-be-lol-game-data/global/default/v1/tftitems.json
https://raw.communitydragon.org/pbe/plugins/rcp-be-lol-game-data/global/default/v1/tftplaybooks.json
https://raw.communitydragon.org/pbe/plugins/rcp-be-lol-game-data/global/default/v1/tfttraits.json
https://raw.communitydragon.org/pbe/plugins/rcp-be-lol-game-data/global/zh_cn/v1/generic-assets.json
https://raw.communitydragon.org/pbe/plugins/rcp-be-lol-game-data/global/zh_cn/v1/items.json
https://raw.communitydragon.org/pbe/plugins/rcp-be-lol-game-data/global/zh_cn/v1/perks.json
https://raw.communitydragon.org/pbe/plugins/rcp-be-lol-game-data/global/zh_cn/v1/queues.json
https://raw.communitydragon.org/pbe/plugins/rcp-be-lol-game-data/global/zh_cn/v1/summoner-emotes.json
https://raw.communitydragon.org/pbe/plugins/rcp-be-lol-game-data/global/zh_cn/v1/tftitems.json
https://raw.communitydragon.org/pbe/plugins/rcp-be-lol-game-data/global/zh_cn/v1/tftplaybooks.json
https://raw.communitydragon.org/pbe/plugins/rcp-be-lol-game-data/global/zh_cn/v1/tfttraits.json
https://raw.communitydragon.org/pbe/plugins/rcp-be-lol-game-data/global/zh_cn/v1/tfttrovestablesnames.json

请选择要更新的数据资源，输入空字符串以退出程序：
Please select the data resource to update, or submit an empty string to exit the program:
1	CommunityDragon
2	DataDragon

[The program has exited!]
