请选择要更新的数据资源，输入空字符串以退出程序：
Please select the data resource to update, or submit an empty string to exit the program:
1	CommunityDragon
2	DataDragon
1
请选择更新模式：
Please select the update mode:
1	全局扫描（Global Scanning）
2	按修改时间更新（Updating According to Modification Time）
3	更新指定文件夹（Updating Specified Folders）

请选择一种方式指定修改时间：
Please select a method of specifying the modification time:
1	自动获取（Automatically get）
2	手动输入（Manually input）

[2024-07-28 09-34-43][1/18]正在检查文件夹（Checking the folder）：https://raw.communitydragon.org/latest/
[2024-07-28 09-34-44]页面新文件列表如下：
New file list is as follows:
网页链接（URL)： https://raw.communitydragon.org/latest/
Empty DataFrame
Columns: [file, size, web_date, web_timestamp, local_date, local_timestamp]
Index: []
[2024-07-28 09-34-44][2/18]正在检查文件夹（Checking the folder）：https://raw.communitydragon.org/latest/cdragon/arena/
[2024-07-28 09-34-45]页面新文件列表如下：
New file list is as follows:
网页链接（URL)： https://raw.communitydragon.org/latest/cdragon/arena/
Empty DataFrame
Columns: [file, size, web_date, web_timestamp, local_date, local_timestamp]
Index: []
[2024-07-28 09-34-45][3/18]正在检查文件夹（Checking the folder）：https://raw.communitydragon.org/latest/cdragon/tft/
[2024-07-28 09-34-47]页面新文件列表如下：
New file list is as follows:
网页链接（URL)： https://raw.communitydragon.org/latest/cdragon/tft/
Empty DataFrame
Columns: [file, size, web_date, web_timestamp, local_date, local_timestamp]
Index: []
[2024-07-28 09-34-47][4/18]正在检查文件夹（Checking the folder）：https://raw.communitydragon.org/latest/plugins/rcp-be-lol-game-data/global/default/v1/champions/
违反协议导致读取中断！正在尝试第1次重新获取数据！
EOF occurred in violation of protocol! Trying to recapture the data with url: https://raw.communitydragon.org/latest/plugins/rcp-be-lol-game-data/global/default/v1/champions/. Time(s) tried: 1
违反协议导致读取中断！正在尝试第2次重新获取数据！
EOF occurred in violation of protocol! Trying to recapture the data with url: https://raw.communitydragon.org/latest/plugins/rcp-be-lol-game-data/global/default/v1/champions/. Time(s) tried: 2
[2024-07-28 09-34-49]页面新文件列表如下：
New file list is as follows:
网页链接（URL)： https://raw.communitydragon.org/latest/plugins/rcp-be-lol-game-data/global/default/v1/champions/
Empty DataFrame
Columns: [file, size, web_date, web_timestamp, local_date, local_timestamp]
Index: []
[2024-07-28 09-34-49][5/18]正在检查文件夹（Checking the folder）：https://raw.communitydragon.org/latest/plugins/rcp-be-lol-game-data/global/default/v1/map-assets/
[2024-07-28 09-34-50]页面新文件列表如下：
New file list is as follows:
网页链接（URL)： https://raw.communitydragon.org/latest/plugins/rcp-be-lol-game-data/global/default/v1/map-assets/
Empty DataFrame
Columns: [file, size, web_date, web_timestamp, local_date, local_timestamp]
Index: []
[2024-07-28 09-34-50][6/18]正在检查文件夹（Checking the folder）：https://raw.communitydragon.org/latest/plugins/rcp-be-lol-game-data/global/default/v1/
[2024-07-28 09-34-52]页面新文件列表如下：
New file list is as follows:
网页链接（URL)： https://raw.communitydragon.org/latest/plugins/rcp-be-lol-game-data/global/default/v1/
Empty DataFrame
Columns: [file, size, web_date, web_timestamp, local_date, local_timestamp]
Index: []
[2024-07-28 09-34-52][7/18]正在检查文件夹（Checking the folder）：https://raw.communitydragon.org/latest/plugins/rcp-be-lol-game-data/global/zh_cn/v1/champions/
[2024-07-28 09-34-53]页面新文件列表如下：
New file list is as follows:
网页链接（URL)： https://raw.communitydragon.org/latest/plugins/rcp-be-lol-game-data/global/zh_cn/v1/champions/
Empty DataFrame
Columns: [file, size, web_date, web_timestamp, local_date, local_timestamp]
Index: []
[2024-07-28 09-34-53][8/18]正在检查文件夹（Checking the folder）：https://raw.communitydragon.org/latest/plugins/rcp-be-lol-game-data/global/zh_cn/v1/map-assets/
[2024-07-28 09-34-54]页面新文件列表如下：
New file list is as follows:
网页链接（URL)： https://raw.communitydragon.org/latest/plugins/rcp-be-lol-game-data/global/zh_cn/v1/map-assets/
Empty DataFrame
Columns: [file, size, web_date, web_timestamp, local_date, local_timestamp]
Index: []
[2024-07-28 09-34-54][9/18]正在检查文件夹（Checking the folder）：https://raw.communitydragon.org/latest/plugins/rcp-be-lol-game-data/global/zh_cn/v1/
违反协议导致读取中断！正在尝试第1次重新获取数据！
EOF occurred in violation of protocol! Trying to recapture the data with url: https://raw.communitydragon.org/latest/plugins/rcp-be-lol-game-data/global/zh_cn/v1/. Time(s) tried: 1
违反协议导致读取中断！正在尝试第2次重新获取数据！
EOF occurred in violation of protocol! Trying to recapture the data with url: https://raw.communitydragon.org/latest/plugins/rcp-be-lol-game-data/global/zh_cn/v1/. Time(s) tried: 2
违反协议导致读取中断！正在尝试第3次重新获取数据！
EOF occurred in violation of protocol! Trying to recapture the data with url: https://raw.communitydragon.org/latest/plugins/rcp-be-lol-game-data/global/zh_cn/v1/. Time(s) tried: 3
违反协议导致读取中断！正在尝试第4次重新获取数据！
EOF occurred in violation of protocol! Trying to recapture the data with url: https://raw.communitydragon.org/latest/plugins/rcp-be-lol-game-data/global/zh_cn/v1/. Time(s) tried: 4
违反协议导致读取中断！正在尝试第5次重新获取数据！
EOF occurred in violation of protocol! Trying to recapture the data with url: https://raw.communitydragon.org/latest/plugins/rcp-be-lol-game-data/global/zh_cn/v1/. Time(s) tried: 5
[2024-07-28 09-34-58]页面新文件列表如下：
New file list is as follows:
网页链接（URL)： https://raw.communitydragon.org/latest/plugins/rcp-be-lol-game-data/global/zh_cn/v1/
Empty DataFrame
Columns: [file, size, web_date, web_timestamp, local_date, local_timestamp]
Index: []
[2024-07-28 09-34-58][10/18]正在检查文件夹（Checking the folder）：https://raw.communitydragon.org/pbe/
违反协议导致读取中断！正在尝试第1次重新获取数据！
EOF occurred in violation of protocol! Trying to recapture the data with url: https://raw.communitydragon.org/pbe/. Time(s) tried: 1
[2024-07-28 09-34-59]页面新文件列表如下：
New file list is as follows:
网页链接（URL)： https://raw.communitydragon.org/pbe/
             file                size        web_date         web_timestamp        local_date          local_timestamp   
 compat-version-metadata.json    72 B    2024-Jul-27 15:28    1722065280.0     2024-07-27 11-08-01    1722049681.0100214 
    content-metadata.json        74 B    2024-Jul-27 15:28    1722065280.0     2024-07-27 11-08-02    1722049682.9814997 
[2024-07-28 09-34-59][10/18][1/2]正在校对文件（Checking file）： https://raw.communitydragon.org/pbe/compat-version-metadata.json
违反协议导致读取中断！正在尝试第1次重新获取数据！
EOF occurred in violation of protocol! Trying to recapture the data with url: https://raw.communitydragon.org/pbe/compat-version-metadata.json. Time(s) tried: 1
违反协议导致读取中断！正在尝试第2次重新获取数据！
EOF occurred in violation of protocol! Trying to recapture the data with url: https://raw.communitydragon.org/pbe/compat-version-metadata.json. Time(s) tried: 2
[2024-07-28 09-35-01][10/18][2/2]正在校对文件（Checking file）： https://raw.communitydragon.org/pbe/content-metadata.json
违反协议导致读取中断！正在尝试第1次重新获取数据！
EOF occurred in violation of protocol! Trying to recapture the data with url: https://raw.communitydragon.org/pbe/content-metadata.json. Time(s) tried: 1
[2024-07-28 09-35-03][11/18]正在检查文件夹（Checking the folder）：https://raw.communitydragon.org/pbe/cdragon/arena/
[2024-07-28 09-35-04]页面新文件列表如下：
New file list is as follows:
网页链接（URL)： https://raw.communitydragon.org/pbe/cdragon/arena/
    file         size           web_date         web_timestamp        local_date          local_timestamp   
 en_us.json    136.7 KiB    2024-Jul-27 15:31    1722065460.0     2024-07-19 11-35-47    1721360147.3243763 
 zh_cn.json    136.7 KiB    2024-Jul-27 15:31    1722065460.0     2024-07-19 11-35-48    1721360148.749488  
[2024-07-28 09-35-04][11/18][1/2]正在校对文件（Checking file）： https://raw.communitydragon.org/pbe/cdragon/arena/en_us.json
[2024-07-28 09-35-06]已更新文件（Updated file）：离线数据（Offline Data）/cdragon/pbe/cdragon/arena/en_us.json
[2024-07-28 09-35-06][11/18][2/2]正在校对文件（Checking file）： https://raw.communitydragon.org/pbe/cdragon/arena/zh_cn.json
[2024-07-28 09-35-07]已更新文件（Updated file）：离线数据（Offline Data）/cdragon/pbe/cdragon/arena/zh_cn.json
[2024-07-28 09-35-07][12/18]正在检查文件夹（Checking the folder）：https://raw.communitydragon.org/pbe/cdragon/tft/
[2024-07-28 09-35-08]页面新文件列表如下：
New file list is as follows:
网页链接（URL)： https://raw.communitydragon.org/pbe/cdragon/tft/
    file        size          web_date         web_timestamp        local_date          local_timestamp   
 en_us.json    4.9 MiB    2024-Jul-27 15:30    1722065400.0     2024-07-19 11-35-52    1721360152.6607945 
 zh_cn.json    4.9 MiB    2024-Jul-27 15:30    1722065400.0     2024-07-19 11-35-55    1721360155.943743  
[2024-07-28 09-35-08][12/18][1/2]正在校对文件（Checking file）： https://raw.communitydragon.org/pbe/cdragon/tft/en_us.json
[2024-07-28 09-35-11]已更新文件（Updated file）：离线数据（Offline Data）/cdragon/pbe/cdragon/tft/en_us.json
[2024-07-28 09-35-11][12/18][2/2]正在校对文件（Checking file）： https://raw.communitydragon.org/pbe/cdragon/tft/zh_cn.json
[2024-07-28 09-35-14]已更新文件（Updated file）：离线数据（Offline Data）/cdragon/pbe/cdragon/tft/zh_cn.json
[2024-07-28 09-35-14][13/18]正在检查文件夹（Checking the folder）：https://raw.communitydragon.org/pbe/plugins/rcp-be-lol-game-data/global/default/v1/champions/
[2024-07-28 09-35-15]页面新文件列表如下：
New file list is as follows:
网页链接（URL)： https://raw.communitydragon.org/pbe/plugins/rcp-be-lol-game-data/global/default/v1/champions/
   file         size          web_date         web_timestamp        local_date          local_timestamp   
 136.json     24.9 KiB    2024-Jul-27 15:30    1722065400.0     2024-07-27 11-08-13    1722049693.3721447 
 238.json     35.5 KiB    2024-Jul-27 15:30    1722065400.0     2024-07-27 11-08-14    1722049694.8762004 
 3152.json    7.6 KiB     2024-Jul-27 15:30    1722065400.0     2024-07-27 11-08-15    1722049695.984048  
  69.json     24.7 KiB    2024-Jul-27 15:30    1722065400.0     2024-07-27 11-08-17    1722049697.114845  
  72.json     17.5 KiB    2024-Jul-27 15:30    1722065400.0     2024-07-27 11-08-19    1722049699.7833478 
 777.json     32.1 KiB    2024-Jul-27 15:30    1722065400.0     2024-07-27 11-08-20    1722049700.997326  
  84.json     45.5 KiB    2024-Jul-27 15:30    1722065400.0     2024-07-27 11-08-22    1722049702.0878508 
  89.json     38.5 KiB    2024-Jul-27 15:30    1722065400.0     2024-07-27 11-08-23    1722049703.4131174 
 893.json     13.6 KiB    2024-Jul-27 15:30    1722065400.0     2024-07-27 11-08-24    1722049704.5076203 
[2024-07-28 09-35-15][13/18][1/9]正在校对文件（Checking file）： https://raw.communitydragon.org/pbe/plugins/rcp-be-lol-game-data/global/default/v1/champions/136.json
[2024-07-28 09-35-16][13/18][2/9]正在校对文件（Checking file）： https://raw.communitydragon.org/pbe/plugins/rcp-be-lol-game-data/global/default/v1/champions/238.json
[2024-07-28 09-35-19][13/18][3/9]正在校对文件（Checking file）： https://raw.communitydragon.org/pbe/plugins/rcp-be-lol-game-data/global/default/v1/champions/3152.json
[2024-07-28 09-35-24][13/18][4/9]正在校对文件（Checking file）： https://raw.communitydragon.org/pbe/plugins/rcp-be-lol-game-data/global/default/v1/champions/69.json
[2024-07-28 09-35-25][13/18][5/9]正在校对文件（Checking file）： https://raw.communitydragon.org/pbe/plugins/rcp-be-lol-game-data/global/default/v1/champions/72.json
[2024-07-28 09-35-26][13/18][6/9]正在校对文件（Checking file）： https://raw.communitydragon.org/pbe/plugins/rcp-be-lol-game-data/global/default/v1/champions/777.json
[2024-07-28 09-35-31][13/18][7/9]正在校对文件（Checking file）： https://raw.communitydragon.org/pbe/plugins/rcp-be-lol-game-data/global/default/v1/champions/84.json
[2024-07-28 09-35-32][13/18][8/9]正在校对文件（Checking file）： https://raw.communitydragon.org/pbe/plugins/rcp-be-lol-game-data/global/default/v1/champions/89.json
[2024-07-28 09-35-33][13/18][9/9]正在校对文件（Checking file）： https://raw.communitydragon.org/pbe/plugins/rcp-be-lol-game-data/global/default/v1/champions/893.json
[2024-07-28 09-35-35][14/18]正在检查文件夹（Checking the folder）：https://raw.communitydragon.org/pbe/plugins/rcp-be-lol-game-data/global/default/v1/map-assets/
[2024-07-28 09-35-36]页面新文件列表如下：
New file list is as follows:
网页链接（URL)： https://raw.communitydragon.org/pbe/plugins/rcp-be-lol-game-data/global/default/v1/map-assets/
Empty DataFrame
Columns: [file, size, web_date, web_timestamp, local_date, local_timestamp]
Index: []
[2024-07-28 09-35-36][15/18]正在检查文件夹（Checking the folder）：https://raw.communitydragon.org/pbe/plugins/rcp-be-lol-game-data/global/default/v1/
[2024-07-28 09-35-37]页面新文件列表如下：
New file list is as follows:
网页链接（URL)： https://raw.communitydragon.org/pbe/plugins/rcp-be-lol-game-data/global/default/v1/
                file                     size           web_date         web_timestamp        local_date          local_timestamp   
          challenges.json              592.5 KiB    2024-Jul-27 15:30    1722065400.0     2024-07-27 11-08-29    1722049709.0730643 
 champion-rune-recommendations.json    325.6 KiB    2024-Jul-27 15:30    1722065400.0     2024-07-27 11-08-30    1722049710.4822702 
        cherry-augments.json           45.3 KiB     2024-Jul-27 15:30    1722065400.0     2024-07-27 11-08-31    1722049711.859434  
          companions.json              747.7 KiB    2024-Jul-27 15:30    1722065400.0     2024-07-27 11-08-33    1722049713.723067  
           event-hub.json              51.8 KiB     2024-Jul-27 15:30    1722065400.0     2024-07-27 11-08-35    1722049715.1350036 
        generic-assets.json            175.2 KiB    2024-Jul-27 15:30    1722065400.0     2024-07-27 11-08-41    1722049721.0926495 
             items.json                441.8 KiB    2024-Jul-27 15:30    1722065400.0     2024-07-27 11-08-43    1722049723.502601  
             loot.json                  2.8 MiB     2024-Jul-27 15:30    1722065400.0     2024-07-27 11-08-46    1722049726.195876  
             perks.json                93.5 KiB     2024-Jul-27 15:30    1722065400.0     2024-07-27 11-08-48    1722049728.0336325 
            rewards.json               536.9 KiB    2024-Jul-27 15:30    1722065400.0     2024-07-27 11-08-49    1722049729.5291815 
          statstones.json               1.7 MiB     2024-Jul-27 15:30    1722065400.0     2024-07-27 11-08-51    1722049731.8316464 
        strawberry-hub.json            192.1 KiB    2024-Jul-27 15:30    1722065400.0     2024-07-27 11-08-53    1722049733.8113534 
          stylesheet.json              19.7 KiB     2024-Jul-27 15:30    1722065400.0     2024-07-27 11-08-55    1722049735.2125967 
        tftdamageskins.json            66.8 KiB     2024-Jul-27 15:30    1722065400.0     2024-07-27 11-08-56    1722049736.3085413 
           tftitems.json               317.1 KiB    2024-Jul-27 15:30    1722065400.0     2024-07-27 11-08-57    1722049737.9354722 
         tftplaybooks.json             54.4 KiB     2024-Jul-27 15:30    1722065400.0     2024-07-27 11-08-59    1722049739.240699  
   tftrotationalshopitemdata.json      748.5 KiB    2024-Jul-27 15:30    1722065400.0     2024-07-27 11-09-01    1722049741.0391634 
           tfttraits.json              161.9 KiB    2024-Jul-27 15:30    1722065400.0     2024-07-27 11-09-02    1722049742.6088922 
    tfttrovesbannerrewards.json        661.4 KiB    2024-Jul-27 15:30    1722065400.0     2024-07-27 11-09-04    1722049744.2018235 
     tfttrovestablesnames.json         315.9 KiB    2024-Jul-27 15:30    1722065400.0     2024-07-27 11-09-05    1722049745.8771052 
[2024-07-28 09-35-37][15/18][1/20]正在校对文件（Checking file）： https://raw.communitydragon.org/pbe/plugins/rcp-be-lol-game-data/global/default/v1/challenges.json
[2024-07-28 09-35-40][15/18][2/20]正在校对文件（Checking file）： https://raw.communitydragon.org/pbe/plugins/rcp-be-lol-game-data/global/default/v1/champion-rune-recommendations.json
[2024-07-28 09-35-42][15/18][3/20]正在校对文件（Checking file）： https://raw.communitydragon.org/pbe/plugins/rcp-be-lol-game-data/global/default/v1/cherry-augments.json
[2024-07-28 09-35-43][15/18][4/20]正在校对文件（Checking file）： https://raw.communitydragon.org/pbe/plugins/rcp-be-lol-game-data/global/default/v1/companions.json
[2024-07-28 09-35-45][15/18][5/20]正在校对文件（Checking file）： https://raw.communitydragon.org/pbe/plugins/rcp-be-lol-game-data/global/default/v1/event-hub.json
[2024-07-28 09-35-46][15/18][6/20]正在校对文件（Checking file）： https://raw.communitydragon.org/pbe/plugins/rcp-be-lol-game-data/global/default/v1/generic-assets.json
[2024-07-28 09-35-47][15/18][7/20]正在校对文件（Checking file）： https://raw.communitydragon.org/pbe/plugins/rcp-be-lol-game-data/global/default/v1/items.json
[2024-07-28 09-35-49][15/18][8/20]正在校对文件（Checking file）： https://raw.communitydragon.org/pbe/plugins/rcp-be-lol-game-data/global/default/v1/loot.json
[2024-07-28 09-35-51][15/18][9/20]正在校对文件（Checking file）： https://raw.communitydragon.org/pbe/plugins/rcp-be-lol-game-data/global/default/v1/perks.json
[2024-07-28 09-35-53][15/18][10/20]正在校对文件（Checking file）： https://raw.communitydragon.org/pbe/plugins/rcp-be-lol-game-data/global/default/v1/rewards.json
[2024-07-28 09-35-54][15/18][11/20]正在校对文件（Checking file）： https://raw.communitydragon.org/pbe/plugins/rcp-be-lol-game-data/global/default/v1/statstones.json
[2024-07-28 09-35-57][15/18][12/20]正在校对文件（Checking file）： https://raw.communitydragon.org/pbe/plugins/rcp-be-lol-game-data/global/default/v1/strawberry-hub.json
[2024-07-28 09-35-58][15/18][13/20]正在校对文件（Checking file）： https://raw.communitydragon.org/pbe/plugins/rcp-be-lol-game-data/global/default/v1/stylesheet.json
[2024-07-28 09-35-59][15/18][14/20]正在校对文件（Checking file）： https://raw.communitydragon.org/pbe/plugins/rcp-be-lol-game-data/global/default/v1/tftdamageskins.json
[2024-07-28 09-36-00][15/18][15/20]正在校对文件（Checking file）： https://raw.communitydragon.org/pbe/plugins/rcp-be-lol-game-data/global/default/v1/tftitems.json
[2024-07-28 09-36-02][15/18][16/20]正在校对文件（Checking file）： https://raw.communitydragon.org/pbe/plugins/rcp-be-lol-game-data/global/default/v1/tftplaybooks.json
[2024-07-28 09-36-03][15/18][17/20]正在校对文件（Checking file）： https://raw.communitydragon.org/pbe/plugins/rcp-be-lol-game-data/global/default/v1/tftrotationalshopitemdata.json
[2024-07-28 09-36-04][15/18][18/20]正在校对文件（Checking file）： https://raw.communitydragon.org/pbe/plugins/rcp-be-lol-game-data/global/default/v1/tfttraits.json
[2024-07-28 09-36-06][15/18][19/20]正在校对文件（Checking file）： https://raw.communitydragon.org/pbe/plugins/rcp-be-lol-game-data/global/default/v1/tfttrovesbannerrewards.json
[2024-07-28 09-36-07][15/18][20/20]正在校对文件（Checking file）： https://raw.communitydragon.org/pbe/plugins/rcp-be-lol-game-data/global/default/v1/tfttrovestablesnames.json
[2024-07-28 09-36-08][16/18]正在检查文件夹（Checking the folder）：https://raw.communitydragon.org/pbe/plugins/rcp-be-lol-game-data/global/zh_cn/v1/champions/
[2024-07-28 09-36-09]页面新文件列表如下：
New file list is as follows:
网页链接（URL)： https://raw.communitydragon.org/pbe/plugins/rcp-be-lol-game-data/global/zh_cn/v1/champions/
   file         size          web_date         web_timestamp        local_date          local_timestamp   
 121.json     35.5 KiB    2024-Jul-27 15:30    1722065400.0     2024-07-27 11-09-08    1722049748.4267647 
 136.json     25.9 KiB    2024-Jul-27 15:30    1722065400.0     2024-07-27 11-09-09    1722049749.5420663 
  14.json     29.4 KiB    2024-Jul-27 15:30    1722065400.0     2024-07-27 11-09-15    1722049755.266742  
 157.json     46.3 KiB    2024-Jul-27 15:30    1722065400.0     2024-07-27 11-09-16    1722049756.3406224 
 233.json     18.3 KiB    2024-Jul-27 15:30    1722065400.0     2024-07-27 11-09-17    1722049757.1869214 
 238.json     38.2 KiB    2024-Jul-27 15:30    1722065400.0     2024-07-27 11-09-18    1722049758.1417832 
 266.json     30.9 KiB    2024-Jul-27 15:30    1722065400.0     2024-07-27 11-09-20    1722049760.0955515 
 3152.json    7.6 KiB     2024-Jul-27 15:30    1722065400.0     2024-07-27 11-09-21    1722049761.275872  
 420.json     22.9 KiB    2024-Jul-27 15:30    1722065400.0     2024-07-27 11-09-22    1722049762.123277  
 498.json     33.3 KiB    2024-Jul-27 15:30    1722065400.0     2024-07-27 11-09-22    1722049762.9703798 
  69.json     25.9 KiB    2024-Jul-27 15:30    1722065400.0     2024-07-27 11-09-24    1722049764.0569246 
  72.json     18.0 KiB    2024-Jul-27 15:30    1722065400.0     2024-07-27 11-09-25    1722049765.1437788 
 777.json     34.1 KiB    2024-Jul-27 15:30    1722065400.0     2024-07-27 11-09-25    1722049765.8664887 
  89.json     41.4 KiB    2024-Jul-27 15:30    1722065400.0     2024-07-27 11-09-26    1722049766.8347628 
 893.json     13.7 KiB    2024-Jul-27 15:30    1722065400.0     2024-07-27 11-09-27    1722049767.942467  
  91.json     33.2 KiB    2024-Jul-27 15:30    1722065400.0     2024-07-27 11-09-28    1722049768.7175875 
[2024-07-28 09-36-09][16/18][1/16]正在校对文件（Checking file）： https://raw.communitydragon.org/pbe/plugins/rcp-be-lol-game-data/global/zh_cn/v1/champions/121.json
[2024-07-28 09-36-10][16/18][2/16]正在校对文件（Checking file）： https://raw.communitydragon.org/pbe/plugins/rcp-be-lol-game-data/global/zh_cn/v1/champions/136.json
[2024-07-28 09-36-11][16/18][3/16]正在校对文件（Checking file）： https://raw.communitydragon.org/pbe/plugins/rcp-be-lol-game-data/global/zh_cn/v1/champions/14.json
[2024-07-28 09-36-12][16/18][4/16]正在校对文件（Checking file）： https://raw.communitydragon.org/pbe/plugins/rcp-be-lol-game-data/global/zh_cn/v1/champions/157.json
[2024-07-28 09-36-14][16/18][5/16]正在校对文件（Checking file）： https://raw.communitydragon.org/pbe/plugins/rcp-be-lol-game-data/global/zh_cn/v1/champions/233.json
[2024-07-28 09-36-15][16/18][6/16]正在校对文件（Checking file）： https://raw.communitydragon.org/pbe/plugins/rcp-be-lol-game-data/global/zh_cn/v1/champions/238.json
[2024-07-28 09-36-15][16/18][7/16]正在校对文件（Checking file）： https://raw.communitydragon.org/pbe/plugins/rcp-be-lol-game-data/global/zh_cn/v1/champions/266.json
[2024-07-28 09-36-17][16/18][8/16]正在校对文件（Checking file）： https://raw.communitydragon.org/pbe/plugins/rcp-be-lol-game-data/global/zh_cn/v1/champions/3152.json
[2024-07-28 09-36-18][16/18][9/16]正在校对文件（Checking file）： https://raw.communitydragon.org/pbe/plugins/rcp-be-lol-game-data/global/zh_cn/v1/champions/420.json
[2024-07-28 09-36-19][16/18][10/16]正在校对文件（Checking file）： https://raw.communitydragon.org/pbe/plugins/rcp-be-lol-game-data/global/zh_cn/v1/champions/498.json
[2024-07-28 09-36-20][16/18][11/16]正在校对文件（Checking file）： https://raw.communitydragon.org/pbe/plugins/rcp-be-lol-game-data/global/zh_cn/v1/champions/69.json
[2024-07-28 09-36-21][16/18][12/16]正在校对文件（Checking file）： https://raw.communitydragon.org/pbe/plugins/rcp-be-lol-game-data/global/zh_cn/v1/champions/72.json
[2024-07-28 09-36-22][16/18][13/16]正在校对文件（Checking file）： https://raw.communitydragon.org/pbe/plugins/rcp-be-lol-game-data/global/zh_cn/v1/champions/777.json
[2024-07-28 09-36-23][16/18][14/16]正在校对文件（Checking file）： https://raw.communitydragon.org/pbe/plugins/rcp-be-lol-game-data/global/zh_cn/v1/champions/89.json
[2024-07-28 09-36-24][16/18][15/16]正在校对文件（Checking file）： https://raw.communitydragon.org/pbe/plugins/rcp-be-lol-game-data/global/zh_cn/v1/champions/893.json
[2024-07-28 09-36-25][16/18][16/16]正在校对文件（Checking file）： https://raw.communitydragon.org/pbe/plugins/rcp-be-lol-game-data/global/zh_cn/v1/champions/91.json
[2024-07-28 09-36-26][17/18]正在检查文件夹（Checking the folder）：https://raw.communitydragon.org/pbe/plugins/rcp-be-lol-game-data/global/zh_cn/v1/map-assets/
[2024-07-28 09-36-27]页面新文件列表如下：
New file list is as follows:
网页链接（URL)： https://raw.communitydragon.org/pbe/plugins/rcp-be-lol-game-data/global/zh_cn/v1/map-assets/
Empty DataFrame
Columns: [file, size, web_date, web_timestamp, local_date, local_timestamp]
Index: []
[2024-07-28 09-36-27][18/18]正在检查文件夹（Checking the folder）：https://raw.communitydragon.org/pbe/plugins/rcp-be-lol-game-data/global/zh_cn/v1/
[2024-07-28 09-36-28]页面新文件列表如下：
New file list is as follows:
网页链接（URL)： https://raw.communitydragon.org/pbe/plugins/rcp-be-lol-game-data/global/zh_cn/v1/
              file                   size           web_date         web_timestamp        local_date          local_timestamp   
        challenges.json            599.0 KiB    2024-Jul-27 15:30    1722065400.0     2024-07-27 11-09-32    1722049772.077668  
      cherry-augments.json         45.1 KiB     2024-Jul-27 15:30    1722065400.0     2024-07-27 11-09-33    1722049773.2178948 
        companions.json            751.0 KiB    2024-Jul-27 15:30    1722065400.0     2024-07-27 11-09-36    1722049776.378657  
         event-hub.json            52.3 KiB     2024-Jul-27 15:30    1722065400.0     2024-07-27 11-09-37    1722049777.8077252 
      generic-assets.json          175.2 KiB    2024-Jul-27 15:30    1722065400.0     2024-07-27 11-09-38    1722049778.8176866 
           items.json              440.6 KiB    2024-Jul-27 15:30    1722065400.0     2024-07-27 11-09-40     1722049780.43978  
           loot.json                2.8 MiB     2024-Jul-27 15:30    1722065400.0     2024-07-27 11-09-42    1722049782.6497056 
           perks.json              95.7 KiB     2024-Jul-27 15:30    1722065400.0     2024-07-27 11-09-44    1722049784.3282018 
           skins.json               3.4 MiB     2024-Jul-27 15:30    1722065400.0     2024-07-27 11-09-47    1722049787.0767865 
        statstones.json             1.7 MiB     2024-Jul-27 15:30    1722065400.0     2024-07-27 11-09-49    1722049789.985597  
      strawberry-hub.json          195.4 KiB    2024-Jul-27 15:30    1722065400.0     2024-07-27 11-09-51    1722049791.7228644 
        stylesheet.json            19.7 KiB     2024-Jul-27 15:30    1722065400.0     2024-07-27 11-09-52    1722049792.5207093 
      summoner-emotes.json         318.8 KiB    2024-Jul-27 15:30    1722065400.0     2024-07-27 11-09-53    1722049793.8246856 
      summoner-icons.json           1.4 MiB     2024-Jul-27 15:30    1722065400.0     2024-07-27 11-09-55    1722049795.5822177 
      tftdamageskins.json          66.9 KiB     2024-Jul-27 15:30    1722065400.0     2024-07-27 11-09-56    1722049796.4692318 
         tftitems.json             316.2 KiB    2024-Jul-27 15:30    1722065400.0     2024-07-27 11-09-57    1722049797.823669  
        tftmapskins.json           31.3 KiB     2024-Jul-27 15:30    1722065400.0     2024-07-27 11-09-59    1722049799.100045  
       tftplaybooks.json           55.5 KiB     2024-Jul-27 15:30    1722065400.0     2024-07-27 11-09-59    1722049799.875209  
 tftrotationalshopitemdata.json    748.6 KiB    2024-Jul-27 15:30    1722065400.0     2024-07-27 11-10-01    1722049801.6452684 
         tfttraits.json            164.7 KiB    2024-Jul-27 15:30    1722065400.0     2024-07-27 11-10-03    1722049803.0120442 
  tfttrovesbannerrewards.json      663.1 KiB    2024-Jul-27 15:30    1722065400.0     2024-07-27 11-10-05    1722049805.211877  
     tfttrovesbanners.json          6.1 MiB     2024-Jul-27 15:30    1722065400.0     2024-07-27 11-10-17    1722049817.0153093 
   tfttrovestablesnames.json       326.0 KiB    2024-Jul-27 15:30    1722065400.0     2024-07-27 11-10-18    1722049818.3689892 
[2024-07-28 09-36-28][18/18][1/23]正在校对文件（Checking file）： https://raw.communitydragon.org/pbe/plugins/rcp-be-lol-game-data/global/zh_cn/v1/challenges.json
[2024-07-28 09-36-30][18/18][2/23]正在校对文件（Checking file）： https://raw.communitydragon.org/pbe/plugins/rcp-be-lol-game-data/global/zh_cn/v1/cherry-augments.json
[2024-07-28 09-36-31][18/18][3/23]正在校对文件（Checking file）： https://raw.communitydragon.org/pbe/plugins/rcp-be-lol-game-data/global/zh_cn/v1/companions.json
[2024-07-28 09-36-33][18/18][4/23]正在校对文件（Checking file）： https://raw.communitydragon.org/pbe/plugins/rcp-be-lol-game-data/global/zh_cn/v1/event-hub.json
[2024-07-28 09-36-34][18/18][5/23]正在校对文件（Checking file）： https://raw.communitydragon.org/pbe/plugins/rcp-be-lol-game-data/global/zh_cn/v1/generic-assets.json
[2024-07-28 09-36-35][18/18][6/23]正在校对文件（Checking file）： https://raw.communitydragon.org/pbe/plugins/rcp-be-lol-game-data/global/zh_cn/v1/items.json
[2024-07-28 09-36-37][18/18][7/23]正在校对文件（Checking file）： https://raw.communitydragon.org/pbe/plugins/rcp-be-lol-game-data/global/zh_cn/v1/loot.json
[2024-07-28 09-36-40][18/18][8/23]正在校对文件（Checking file）： https://raw.communitydragon.org/pbe/plugins/rcp-be-lol-game-data/global/zh_cn/v1/perks.json
[2024-07-28 09-36-41][18/18][9/23]正在校对文件（Checking file）： https://raw.communitydragon.org/pbe/plugins/rcp-be-lol-game-data/global/zh_cn/v1/skins.json
[2024-07-28 09-36-45][18/18][10/23]正在校对文件（Checking file）： https://raw.communitydragon.org/pbe/plugins/rcp-be-lol-game-data/global/zh_cn/v1/statstones.json
[2024-07-28 09-36-47][18/18][11/23]正在校对文件（Checking file）： https://raw.communitydragon.org/pbe/plugins/rcp-be-lol-game-data/global/zh_cn/v1/strawberry-hub.json
[2024-07-28 09-36-49][18/18][12/23]正在校对文件（Checking file）： https://raw.communitydragon.org/pbe/plugins/rcp-be-lol-game-data/global/zh_cn/v1/stylesheet.json
[2024-07-28 09-36-50][18/18][13/23]正在校对文件（Checking file）： https://raw.communitydragon.org/pbe/plugins/rcp-be-lol-game-data/global/zh_cn/v1/summoner-emotes.json
[2024-07-28 09-36-52][18/18][14/23]正在校对文件（Checking file）： https://raw.communitydragon.org/pbe/plugins/rcp-be-lol-game-data/global/zh_cn/v1/summoner-icons.json
[2024-07-28 09-36-54][18/18][15/23]正在校对文件（Checking file）： https://raw.communitydragon.org/pbe/plugins/rcp-be-lol-game-data/global/zh_cn/v1/tftdamageskins.json
[2024-07-28 09-36-55][18/18][16/23]正在校对文件（Checking file）： https://raw.communitydragon.org/pbe/plugins/rcp-be-lol-game-data/global/zh_cn/v1/tftitems.json
[2024-07-28 09-36-57][18/18][17/23]正在校对文件（Checking file）： https://raw.communitydragon.org/pbe/plugins/rcp-be-lol-game-data/global/zh_cn/v1/tftmapskins.json
违反协议导致读取中断！正在尝试第1次重新获取数据！
EOF occurred in violation of protocol! Trying to recapture the data with url: https://raw.communitydragon.org/pbe/plugins/rcp-be-lol-game-data/global/zh_cn/v1/tftmapskins.json. Time(s) tried: 1
[2024-07-28 09-36-59][18/18][18/23]正在校对文件（Checking file）： https://raw.communitydragon.org/pbe/plugins/rcp-be-lol-game-data/global/zh_cn/v1/tftplaybooks.json
[2024-07-28 09-37-00][18/18][19/23]正在校对文件（Checking file）： https://raw.communitydragon.org/pbe/plugins/rcp-be-lol-game-data/global/zh_cn/v1/tftrotationalshopitemdata.json
[2024-07-28 09-37-02][18/18][20/23]正在校对文件（Checking file）： https://raw.communitydragon.org/pbe/plugins/rcp-be-lol-game-data/global/zh_cn/v1/tfttraits.json
[2024-07-28 09-37-03][18/18][21/23]正在校对文件（Checking file）： https://raw.communitydragon.org/pbe/plugins/rcp-be-lol-game-data/global/zh_cn/v1/tfttrovesbannerrewards.json
[2024-07-28 09-37-05][18/18][22/23]正在校对文件（Checking file）： https://raw.communitydragon.org/pbe/plugins/rcp-be-lol-game-data/global/zh_cn/v1/tfttrovesbanners.json
[2024-07-28 09-37-09][18/18][23/23]正在校对文件（Checking file）： https://raw.communitydragon.org/pbe/plugins/rcp-be-lol-game-data/global/zh_cn/v1/tfttrovestablesnames.json
已更新以下4个文件：
Updated the following 4 file(s):
https://raw.communitydragon.org/pbe/cdragon/arena/en_us.json
https://raw.communitydragon.org/pbe/cdragon/arena/zh_cn.json
https://raw.communitydragon.org/pbe/cdragon/tft/en_us.json
https://raw.communitydragon.org/pbe/cdragon/tft/zh_cn.json

请选择要更新的数据资源，输入空字符串以退出程序：
Please select the data resource to update, or submit an empty string to exit the program:
1	CommunityDragon
2	DataDragon

[The program has exited!]
