请选择要更新的数据资源，输入空字符串以退出程序：
Please select the data resource to update, or submit an empty string to exit the program:
1	CommunityDragon
2	DataDragon
1
请选择更新模式：
Please select the update mode:
1	全局扫描（Global Scanning）
2	按修改时间更新（Updating According to Modification Time）
3	更新指定文件夹（Updating Specified Folders）

请选择一种方式指定修改时间：
Please select a method of specifying the modification time:
1	自动获取（Automatically get）
2	手动输入（Manually input）

[2024-07-09 10-10-49][1/18]正在检查文件夹（Checking the folder）：https://raw.communitydragon.org/latest/
[2024-07-09 10-10-53]页面新文件列表如下：
New file list is as follows:
网页链接（URL)： https://raw.communitydragon.org/latest/
Empty DataFrame
Columns: [file, size, web_date, web_timestamp, local_date, local_timestamp]
Index: []
[2024-07-09 10-10-53][2/18]正在检查文件夹（Checking the folder）：https://raw.communitydragon.org/latest/cdragon/arena/
[2024-07-09 10-10-55]页面新文件列表如下：
New file list is as follows:
网页链接（URL)： https://raw.communitydragon.org/latest/cdragon/arena/
Empty DataFrame
Columns: [file, size, web_date, web_timestamp, local_date, local_timestamp]
Index: []
[2024-07-09 10-10-55][3/18]正在检查文件夹（Checking the folder）：https://raw.communitydragon.org/latest/cdragon/tft/
[2024-07-09 10-10-55]页面新文件列表如下：
New file list is as follows:
网页链接（URL)： https://raw.communitydragon.org/latest/cdragon/tft/
Empty DataFrame
Columns: [file, size, web_date, web_timestamp, local_date, local_timestamp]
Index: []
[2024-07-09 10-10-55][4/18]正在检查文件夹（Checking the folder）：https://raw.communitydragon.org/latest/plugins/rcp-be-lol-game-data/global/default/v1/champions/
[2024-07-09 10-10-56]页面新文件列表如下：
New file list is as follows:
网页链接（URL)： https://raw.communitydragon.org/latest/plugins/rcp-be-lol-game-data/global/default/v1/champions/
Empty DataFrame
Columns: [file, size, web_date, web_timestamp, local_date, local_timestamp]
Index: []
[2024-07-09 10-10-56][5/18]正在检查文件夹（Checking the folder）：https://raw.communitydragon.org/latest/plugins/rcp-be-lol-game-data/global/default/v1/map-assets/
违反协议导致读取中断！正在尝试第1次重新获取数据！
EOF occurred in violation of protocol! Trying to recapture the data with url: https://raw.communitydragon.org/latest/plugins/rcp-be-lol-game-data/global/default/v1/map-assets/. Time(s) tried: 1
[2024-07-09 10-10-58]页面新文件列表如下：
New file list is as follows:
网页链接（URL)： https://raw.communitydragon.org/latest/plugins/rcp-be-lol-game-data/global/default/v1/map-assets/
Empty DataFrame
Columns: [file, size, web_date, web_timestamp, local_date, local_timestamp]
Index: []
[2024-07-09 10-10-58][6/18]正在检查文件夹（Checking the folder）：https://raw.communitydragon.org/latest/plugins/rcp-be-lol-game-data/global/default/v1/
[2024-07-09 10-11-00]页面新文件列表如下：
New file list is as follows:
网页链接（URL)： https://raw.communitydragon.org/latest/plugins/rcp-be-lol-game-data/global/default/v1/
Empty DataFrame
Columns: [file, size, web_date, web_timestamp, local_date, local_timestamp]
Index: []
[2024-07-09 10-11-00][7/18]正在检查文件夹（Checking the folder）：https://raw.communitydragon.org/latest/plugins/rcp-be-lol-game-data/global/zh_cn/v1/champions/
[2024-07-09 10-11-02]页面新文件列表如下：
New file list is as follows:
网页链接（URL)： https://raw.communitydragon.org/latest/plugins/rcp-be-lol-game-data/global/zh_cn/v1/champions/
Empty DataFrame
Columns: [file, size, web_date, web_timestamp, local_date, local_timestamp]
Index: []
[2024-07-09 10-11-02][8/18]正在检查文件夹（Checking the folder）：https://raw.communitydragon.org/latest/plugins/rcp-be-lol-game-data/global/zh_cn/v1/map-assets/
[2024-07-09 10-11-03]页面新文件列表如下：
New file list is as follows:
网页链接（URL)： https://raw.communitydragon.org/latest/plugins/rcp-be-lol-game-data/global/zh_cn/v1/map-assets/
Empty DataFrame
Columns: [file, size, web_date, web_timestamp, local_date, local_timestamp]
Index: []
[2024-07-09 10-11-03][9/18]正在检查文件夹（Checking the folder）：https://raw.communitydragon.org/latest/plugins/rcp-be-lol-game-data/global/zh_cn/v1/
[2024-07-09 10-11-04]页面新文件列表如下：
New file list is as follows:
网页链接（URL)： https://raw.communitydragon.org/latest/plugins/rcp-be-lol-game-data/global/zh_cn/v1/
Empty DataFrame
Columns: [file, size, web_date, web_timestamp, local_date, local_timestamp]
Index: []
[2024-07-09 10-11-04][10/18]正在检查文件夹（Checking the folder）：https://raw.communitydragon.org/pbe/
[2024-07-09 10-11-05]页面新文件列表如下：
New file list is as follows:
网页链接（URL)： https://raw.communitydragon.org/pbe/
             file                size        web_date         web_timestamp        local_date          local_timestamp   
 compat-version-metadata.json    59 B    2024-Jul-08 20:44    1720442640.0     2024-06-29 12-02-42    1719633762.0952606 
    content-metadata.json        61 B    2024-Jul-08 20:44    1720442640.0     2024-06-29 12-02-42    1719633762.8762429 
[2024-07-09 10-11-05][10/18][1/2]正在校对文件（Checking file）： https://raw.communitydragon.org/pbe/compat-version-metadata.json
[2024-07-09 10-11-06]已更新文件（Updated file）：离线数据（Offline Data）/cdragon/pbe/compat-version-metadata.json
[2024-07-09 10-11-06][10/18][2/2]正在校对文件（Checking file）： https://raw.communitydragon.org/pbe/content-metadata.json
[2024-07-09 10-11-07]已更新文件（Updated file）：离线数据（Offline Data）/cdragon/pbe/content-metadata.json
[2024-07-09 10-11-07][11/18]正在检查文件夹（Checking the folder）：https://raw.communitydragon.org/pbe/cdragon/arena/
[2024-07-09 10-11-08]页面新文件列表如下：
New file list is as follows:
网页链接（URL)： https://raw.communitydragon.org/pbe/cdragon/arena/
    file         size           web_date         web_timestamp        local_date          local_timestamp   
 en_us.json    160.0 KiB    2024-Jul-08 20:46    1720442760.0     2024-06-29 12-02-45    1719633765.2940204 
 zh_cn.json    162.2 KiB    2024-Jul-08 20:46    1720442760.0     2024-06-29 12-02-46    1719633766.5350807 
[2024-07-09 10-11-08][11/18][1/2]正在校对文件（Checking file）： https://raw.communitydragon.org/pbe/cdragon/arena/en_us.json
[2024-07-09 10-11-09]已更新文件（Updated file）：离线数据（Offline Data）/cdragon/pbe/cdragon/arena/en_us.json
[2024-07-09 10-11-09][11/18][2/2]正在校对文件（Checking file）： https://raw.communitydragon.org/pbe/cdragon/arena/zh_cn.json
[2024-07-09 10-11-10]已更新文件（Updated file）：离线数据（Offline Data）/cdragon/pbe/cdragon/arena/zh_cn.json
[2024-07-09 10-11-10][12/18]正在检查文件夹（Checking the folder）：https://raw.communitydragon.org/pbe/cdragon/tft/
[2024-07-09 10-11-11]页面新文件列表如下：
New file list is as follows:
网页链接（URL)： https://raw.communitydragon.org/pbe/cdragon/tft/
    file        size          web_date         web_timestamp        local_date          local_timestamp   
 en_us.json    3.6 MiB    2024-Jul-08 20:46    1720442760.0     2024-06-29 12-02-49    1719633769.9696784 
 zh_cn.json    3.6 MiB    2024-Jul-08 20:46    1720442760.0     2024-06-29 12-02-52    1719633772.657309  
[2024-07-09 10-11-11][12/18][1/2]正在校对文件（Checking file）： https://raw.communitydragon.org/pbe/cdragon/tft/en_us.json
[2024-07-09 10-11-14]已更新文件（Updated file）：离线数据（Offline Data）/cdragon/pbe/cdragon/tft/en_us.json
[2024-07-09 10-11-14][12/18][2/2]正在校对文件（Checking file）： https://raw.communitydragon.org/pbe/cdragon/tft/zh_cn.json
[2024-07-09 10-11-16]已更新文件（Updated file）：离线数据（Offline Data）/cdragon/pbe/cdragon/tft/zh_cn.json
[2024-07-09 10-11-16][13/18]正在检查文件夹（Checking the folder）：https://raw.communitydragon.org/pbe/plugins/rcp-be-lol-game-data/global/default/v1/champions/
[2024-07-09 10-11-17]页面新文件列表如下：
New file list is as follows:
网页链接（URL)： https://raw.communitydragon.org/pbe/plugins/rcp-be-lol-game-data/global/default/v1/champions/
   file         size          web_date         web_timestamp        local_date          local_timestamp   
 3151.json    7.6 KiB     2024-Jul-08 20:46    1720442760.0     2024-06-28 11-00-18    1719543618.7537496 
 3153.json    7.8 KiB     2024-Jul-08 20:46    1720442760.0     2024-06-27 11-22-30    1719458550.612283  
 3156.json    8.0 KiB     2024-Jul-08 20:46    1720442760.0     2024-06-27 11-22-31     1719458551.81793  
 3678.json    7.9 KiB     2024-Jul-08 20:46    1720442760.0     2024-06-27 11-22-36    1719458556.704272  
  63.json     30.8 KiB    2024-Jul-08 20:46    1720442760.0     2024-06-24 14-27-07    1719210427.5450375 
[2024-07-09 10-11-17][13/18][1/5]正在校对文件（Checking file）： https://raw.communitydragon.org/pbe/plugins/rcp-be-lol-game-data/global/default/v1/champions/3151.json
[2024-07-09 10-11-18]已更新文件（Updated file）：离线数据（Offline Data）/cdragon/pbe/plugins/rcp-be-lol-game-data/global/default/v1/champions/3151.json
[2024-07-09 10-11-18][13/18][2/5]正在校对文件（Checking file）： https://raw.communitydragon.org/pbe/plugins/rcp-be-lol-game-data/global/default/v1/champions/3153.json
违反协议导致读取中断！正在尝试第1次重新获取数据！
EOF occurred in violation of protocol! Trying to recapture the data with url: https://raw.communitydragon.org/pbe/plugins/rcp-be-lol-game-data/global/default/v1/champions/3153.json. Time(s) tried: 1
[2024-07-09 10-11-19]已更新文件（Updated file）：离线数据（Offline Data）/cdragon/pbe/plugins/rcp-be-lol-game-data/global/default/v1/champions/3153.json
[2024-07-09 10-11-19][13/18][3/5]正在校对文件（Checking file）： https://raw.communitydragon.org/pbe/plugins/rcp-be-lol-game-data/global/default/v1/champions/3156.json
[2024-07-09 10-11-20]已更新文件（Updated file）：离线数据（Offline Data）/cdragon/pbe/plugins/rcp-be-lol-game-data/global/default/v1/champions/3156.json
[2024-07-09 10-11-20][13/18][4/5]正在校对文件（Checking file）： https://raw.communitydragon.org/pbe/plugins/rcp-be-lol-game-data/global/default/v1/champions/3678.json
[2024-07-09 10-11-21]已更新文件（Updated file）：离线数据（Offline Data）/cdragon/pbe/plugins/rcp-be-lol-game-data/global/default/v1/champions/3678.json
[2024-07-09 10-11-21][13/18][5/5]正在校对文件（Checking file）： https://raw.communitydragon.org/pbe/plugins/rcp-be-lol-game-data/global/default/v1/champions/63.json
[2024-07-09 10-11-22]已更新文件（Updated file）：离线数据（Offline Data）/cdragon/pbe/plugins/rcp-be-lol-game-data/global/default/v1/champions/63.json
[2024-07-09 10-11-22][14/18]正在检查文件夹（Checking the folder）：https://raw.communitydragon.org/pbe/plugins/rcp-be-lol-game-data/global/default/v1/map-assets/
[2024-07-09 10-11-24]页面新文件列表如下：
New file list is as follows:
网页链接（URL)： https://raw.communitydragon.org/pbe/plugins/rcp-be-lol-game-data/global/default/v1/map-assets/
Empty DataFrame
Columns: [file, size, web_date, web_timestamp, local_date, local_timestamp]
Index: []
[2024-07-09 10-11-24][15/18]正在检查文件夹（Checking the folder）：https://raw.communitydragon.org/pbe/plugins/rcp-be-lol-game-data/global/default/v1/
[2024-07-09 10-11-24]页面新文件列表如下：
New file list is as follows:
网页链接（URL)： https://raw.communitydragon.org/pbe/plugins/rcp-be-lol-game-data/global/default/v1/
                file                     size           web_date         web_timestamp        local_date          local_timestamp   
          challenges.json              592.4 KiB    2024-Jul-08 20:46    1720442760.0     2024-06-27 11-22-43    1719458563.4794984 
 champion-rune-recommendations.json    338.2 KiB    2024-Jul-08 20:46    1720442760.0     2024-06-29 12-03-00    1719633780.2143312 
        cherry-augments.json           43.3 KiB     2024-Jul-08 20:46    1720442760.0     2024-06-27 11-22-46    1719458566.602116  
             items.json                415.5 KiB    2024-Jul-08 20:46    1720442760.0     2024-06-28 11-00-31    1719543631.044073  
            rewards.json               523.0 KiB    2024-Jul-08 20:46    1720442760.0     2024-06-29 12-03-06    1719633786.8810236 
          statstones.json               1.7 MiB     2024-Jul-08 20:46    1720442760.0     2024-06-27 11-22-59    1719458579.3945663 
        strawberry-hub.json            190.9 KiB    2024-Jul-08 20:46    1720442760.0     2024-06-29 12-03-15    1719633795.4129977 
          tftmapskins.json             30.6 KiB     2024-Jul-08 20:46    1720442760.0     2024-06-24 14-28-44    1719210524.1994078 
           tfttraits.json              118.1 KiB    2024-Jul-08 20:46    1720442760.0     2024-06-28 11-00-39    1719543639.2932765 
          ward-skins.json              112.1 KiB    2024-Jul-08 20:46    1720442760.0     2024-06-24 14-29-01    1719210541.2855449 
[2024-07-09 10-11-24][15/18][1/10]正在校对文件（Checking file）： https://raw.communitydragon.org/pbe/plugins/rcp-be-lol-game-data/global/default/v1/challenges.json
[2024-07-09 10-11-28][15/18][2/10]正在校对文件（Checking file）： https://raw.communitydragon.org/pbe/plugins/rcp-be-lol-game-data/global/default/v1/champion-rune-recommendations.json
[2024-07-09 10-11-30]已更新文件（Updated file）：离线数据（Offline Data）/cdragon/pbe/plugins/rcp-be-lol-game-data/global/default/v1/champion-rune-recommendations.json
[2024-07-09 10-11-30][15/18][3/10]正在校对文件（Checking file）： https://raw.communitydragon.org/pbe/plugins/rcp-be-lol-game-data/global/default/v1/cherry-augments.json
[2024-07-09 10-11-32]已更新文件（Updated file）：离线数据（Offline Data）/cdragon/pbe/plugins/rcp-be-lol-game-data/global/default/v1/cherry-augments.json
[2024-07-09 10-11-32][15/18][4/10]正在校对文件（Checking file）： https://raw.communitydragon.org/pbe/plugins/rcp-be-lol-game-data/global/default/v1/items.json
[2024-07-09 10-11-36]已更新文件（Updated file）：离线数据（Offline Data）/cdragon/pbe/plugins/rcp-be-lol-game-data/global/default/v1/items.json
[2024-07-09 10-11-36][15/18][5/10]正在校对文件（Checking file）： https://raw.communitydragon.org/pbe/plugins/rcp-be-lol-game-data/global/default/v1/rewards.json
[2024-07-09 10-11-37]已更新文件（Updated file）：离线数据（Offline Data）/cdragon/pbe/plugins/rcp-be-lol-game-data/global/default/v1/rewards.json
[2024-07-09 10-11-37][15/18][6/10]正在校对文件（Checking file）： https://raw.communitydragon.org/pbe/plugins/rcp-be-lol-game-data/global/default/v1/statstones.json
[2024-07-09 10-11-39]已更新文件（Updated file）：离线数据（Offline Data）/cdragon/pbe/plugins/rcp-be-lol-game-data/global/default/v1/statstones.json
[2024-07-09 10-11-39][15/18][7/10]正在校对文件（Checking file）： https://raw.communitydragon.org/pbe/plugins/rcp-be-lol-game-data/global/default/v1/strawberry-hub.json
[2024-07-09 10-11-41]已更新文件（Updated file）：离线数据（Offline Data）/cdragon/pbe/plugins/rcp-be-lol-game-data/global/default/v1/strawberry-hub.json
[2024-07-09 10-11-41][15/18][8/10]正在校对文件（Checking file）： https://raw.communitydragon.org/pbe/plugins/rcp-be-lol-game-data/global/default/v1/tftmapskins.json
违反协议导致读取中断！正在尝试第1次重新获取数据！
EOF occurred in violation of protocol! Trying to recapture the data with url: https://raw.communitydragon.org/pbe/plugins/rcp-be-lol-game-data/global/default/v1/tftmapskins.json. Time(s) tried: 1
[2024-07-09 10-11-42]已更新文件（Updated file）：离线数据（Offline Data）/cdragon/pbe/plugins/rcp-be-lol-game-data/global/default/v1/tftmapskins.json
[2024-07-09 10-11-42][15/18][9/10]正在校对文件（Checking file）： https://raw.communitydragon.org/pbe/plugins/rcp-be-lol-game-data/global/default/v1/tfttraits.json
[2024-07-09 10-11-43]已更新文件（Updated file）：离线数据（Offline Data）/cdragon/pbe/plugins/rcp-be-lol-game-data/global/default/v1/tfttraits.json
[2024-07-09 10-11-43][15/18][10/10]正在校对文件（Checking file）： https://raw.communitydragon.org/pbe/plugins/rcp-be-lol-game-data/global/default/v1/ward-skins.json
[2024-07-09 10-11-44]已更新文件（Updated file）：离线数据（Offline Data）/cdragon/pbe/plugins/rcp-be-lol-game-data/global/default/v1/ward-skins.json
[2024-07-09 10-11-44][16/18]正在检查文件夹（Checking the folder）：https://raw.communitydragon.org/pbe/plugins/rcp-be-lol-game-data/global/zh_cn/v1/champions/
[2024-07-09 10-11-45]页面新文件列表如下：
New file list is as follows:
网页链接（URL)： https://raw.communitydragon.org/pbe/plugins/rcp-be-lol-game-data/global/zh_cn/v1/champions/
   file         size          web_date         web_timestamp        local_date          local_timestamp   
 147.json     33.9 KiB    2024-Jul-08 20:46    1720442760.0     2024-06-28 11-00-41    1719543641.5513713 
 154.json     22.3 KiB    2024-Jul-08 20:46    1720442760.0     2024-06-26 10-37-09    1719369429.1291578 
 200.json     19.9 KiB    2024-Jul-08 20:46    1720442760.0     2024-06-26 10-37-10    1719369430.215122  
  21.json     45.9 KiB    2024-Jul-08 20:46    1720442760.0     2024-06-28 11-00-42    1719543642.4588265 
 3151.json    7.6 KiB     2024-Jul-08 20:46    1720442760.0     2024-06-29 12-03-22    1719633802.8759716 
 3153.json    7.8 KiB     2024-Jul-08 20:46    1720442760.0     2024-06-29 12-03-24    1719633804.6363356 
 3156.json    8.1 KiB     2024-Jul-08 20:46    1720442760.0     2024-06-29 12-03-25    1719633805.7144115 
 350.json     33.7 KiB    2024-Jul-08 20:46    1720442760.0     2024-06-28 11-00-49    1719543649.7475586 
 3678.json    7.8 KiB     2024-Jul-08 20:46    1720442760.0     2024-06-29 12-03-28    1719633808.5012836 
 421.json     21.8 KiB    2024-Jul-08 20:46    1720442760.0     2024-06-26 10-37-22    1719369442.2326539 
 498.json     33.2 KiB    2024-Jul-08 20:46    1720442760.0     2024-06-26 10-37-22    1719369442.955379  
  63.json     32.8 KiB    2024-Jul-08 20:46    1720442760.0     2024-06-24 14-31-38    1719210698.0042565 
  68.json     22.8 KiB    2024-Jul-08 20:46    1720442760.0     2024-06-26 10-37-23    1719369443.7492757 
 893.json     13.4 KiB    2024-Jul-08 20:46    1720442760.0     2024-06-26 10-37-25    1719369445.7085898 
 902.json     16.0 KiB    2024-Jul-08 20:46    1720442760.0     2024-06-28 11-00-52    1719543652.1024065 
[2024-07-09 10-11-46][16/18][1/15]正在校对文件（Checking file）： https://raw.communitydragon.org/pbe/plugins/rcp-be-lol-game-data/global/zh_cn/v1/champions/147.json
[2024-07-09 10-11-46]已更新文件（Updated file）：离线数据（Offline Data）/cdragon/pbe/plugins/rcp-be-lol-game-data/global/zh_cn/v1/champions/147.json
[2024-07-09 10-11-46][16/18][2/15]正在校对文件（Checking file）： https://raw.communitydragon.org/pbe/plugins/rcp-be-lol-game-data/global/zh_cn/v1/champions/154.json
[2024-07-09 10-11-47]已更新文件（Updated file）：离线数据（Offline Data）/cdragon/pbe/plugins/rcp-be-lol-game-data/global/zh_cn/v1/champions/154.json
[2024-07-09 10-11-47][16/18][3/15]正在校对文件（Checking file）： https://raw.communitydragon.org/pbe/plugins/rcp-be-lol-game-data/global/zh_cn/v1/champions/200.json
[2024-07-09 10-11-49]已更新文件（Updated file）：离线数据（Offline Data）/cdragon/pbe/plugins/rcp-be-lol-game-data/global/zh_cn/v1/champions/200.json
[2024-07-09 10-11-49][16/18][4/15]正在校对文件（Checking file）： https://raw.communitydragon.org/pbe/plugins/rcp-be-lol-game-data/global/zh_cn/v1/champions/21.json
[2024-07-09 10-11-51]已更新文件（Updated file）：离线数据（Offline Data）/cdragon/pbe/plugins/rcp-be-lol-game-data/global/zh_cn/v1/champions/21.json
[2024-07-09 10-11-51][16/18][5/15]正在校对文件（Checking file）： https://raw.communitydragon.org/pbe/plugins/rcp-be-lol-game-data/global/zh_cn/v1/champions/3151.json
[2024-07-09 10-11-52]已更新文件（Updated file）：离线数据（Offline Data）/cdragon/pbe/plugins/rcp-be-lol-game-data/global/zh_cn/v1/champions/3151.json
[2024-07-09 10-11-52][16/18][6/15]正在校对文件（Checking file）： https://raw.communitydragon.org/pbe/plugins/rcp-be-lol-game-data/global/zh_cn/v1/champions/3153.json
[2024-07-09 10-11-53]已更新文件（Updated file）：离线数据（Offline Data）/cdragon/pbe/plugins/rcp-be-lol-game-data/global/zh_cn/v1/champions/3153.json
[2024-07-09 10-11-53][16/18][7/15]正在校对文件（Checking file）： https://raw.communitydragon.org/pbe/plugins/rcp-be-lol-game-data/global/zh_cn/v1/champions/3156.json
[2024-07-09 10-11-54]已更新文件（Updated file）：离线数据（Offline Data）/cdragon/pbe/plugins/rcp-be-lol-game-data/global/zh_cn/v1/champions/3156.json
[2024-07-09 10-11-54][16/18][8/15]正在校对文件（Checking file）： https://raw.communitydragon.org/pbe/plugins/rcp-be-lol-game-data/global/zh_cn/v1/champions/350.json
[2024-07-09 10-11-55]已更新文件（Updated file）：离线数据（Offline Data）/cdragon/pbe/plugins/rcp-be-lol-game-data/global/zh_cn/v1/champions/350.json
[2024-07-09 10-11-55][16/18][9/15]正在校对文件（Checking file）： https://raw.communitydragon.org/pbe/plugins/rcp-be-lol-game-data/global/zh_cn/v1/champions/3678.json
[2024-07-09 10-11-56]已更新文件（Updated file）：离线数据（Offline Data）/cdragon/pbe/plugins/rcp-be-lol-game-data/global/zh_cn/v1/champions/3678.json
[2024-07-09 10-11-56][16/18][10/15]正在校对文件（Checking file）： https://raw.communitydragon.org/pbe/plugins/rcp-be-lol-game-data/global/zh_cn/v1/champions/421.json
[2024-07-09 10-11-57]已更新文件（Updated file）：离线数据（Offline Data）/cdragon/pbe/plugins/rcp-be-lol-game-data/global/zh_cn/v1/champions/421.json
[2024-07-09 10-11-57][16/18][11/15]正在校对文件（Checking file）： https://raw.communitydragon.org/pbe/plugins/rcp-be-lol-game-data/global/zh_cn/v1/champions/498.json
[2024-07-09 10-11-58]已更新文件（Updated file）：离线数据（Offline Data）/cdragon/pbe/plugins/rcp-be-lol-game-data/global/zh_cn/v1/champions/498.json
[2024-07-09 10-11-58][16/18][12/15]正在校对文件（Checking file）： https://raw.communitydragon.org/pbe/plugins/rcp-be-lol-game-data/global/zh_cn/v1/champions/63.json
[2024-07-09 10-11-59]已更新文件（Updated file）：离线数据（Offline Data）/cdragon/pbe/plugins/rcp-be-lol-game-data/global/zh_cn/v1/champions/63.json
[2024-07-09 10-11-59][16/18][13/15]正在校对文件（Checking file）： https://raw.communitydragon.org/pbe/plugins/rcp-be-lol-game-data/global/zh_cn/v1/champions/68.json
[2024-07-09 10-12-00]已更新文件（Updated file）：离线数据（Offline Data）/cdragon/pbe/plugins/rcp-be-lol-game-data/global/zh_cn/v1/champions/68.json
[2024-07-09 10-12-00][16/18][14/15]正在校对文件（Checking file）： https://raw.communitydragon.org/pbe/plugins/rcp-be-lol-game-data/global/zh_cn/v1/champions/893.json
[2024-07-09 10-12-01]已更新文件（Updated file）：离线数据（Offline Data）/cdragon/pbe/plugins/rcp-be-lol-game-data/global/zh_cn/v1/champions/893.json
[2024-07-09 10-12-01][16/18][15/15]正在校对文件（Checking file）： https://raw.communitydragon.org/pbe/plugins/rcp-be-lol-game-data/global/zh_cn/v1/champions/902.json
[2024-07-09 10-12-02]已更新文件（Updated file）：离线数据（Offline Data）/cdragon/pbe/plugins/rcp-be-lol-game-data/global/zh_cn/v1/champions/902.json
[2024-07-09 10-12-02][17/18]正在检查文件夹（Checking the folder）：https://raw.communitydragon.org/pbe/plugins/rcp-be-lol-game-data/global/zh_cn/v1/map-assets/
[2024-07-09 10-12-02]页面新文件列表如下：
New file list is as follows:
网页链接（URL)： https://raw.communitydragon.org/pbe/plugins/rcp-be-lol-game-data/global/zh_cn/v1/map-assets/
Empty DataFrame
Columns: [file, size, web_date, web_timestamp, local_date, local_timestamp]
Index: []
[2024-07-09 10-12-02][18/18]正在检查文件夹（Checking the folder）：https://raw.communitydragon.org/pbe/plugins/rcp-be-lol-game-data/global/zh_cn/v1/
[2024-07-09 10-12-04]页面新文件列表如下：
New file list is as follows:
网页链接（URL)： https://raw.communitydragon.org/pbe/plugins/rcp-be-lol-game-data/global/zh_cn/v1/
              file                   size           web_date         web_timestamp        local_date          local_timestamp   
        challenges.json            598.9 KiB    2024-Jul-08 20:46    1720442760.0     2024-06-27 11-23-22    1719458602.686855  
     champion-summary.json         25.4 KiB     2024-Jul-08 20:46    1720442760.0     2024-06-27 11-23-23    1719458603.5917118 
      cherry-augments.json         43.0 KiB     2024-Jul-08 20:46    1720442760.0     2024-06-29 12-03-38     1719633818.07149  
        companions.json            740.0 KiB    2024-Jul-08 20:46    1720442760.0     2024-06-28 11-00-58    1719543658.4583993 
         event-hub.json            46.4 KiB     2024-Jul-08 20:46    1720442760.0     2024-06-29 12-03-38    1719633818.9914515 
           items.json              414.4 KiB    2024-Jul-08 20:46    1720442760.0     2024-06-29 12-03-42    1719633822.635052  
           loot.json                2.8 MiB     2024-Jul-08 20:46    1720442760.0     2024-06-29 12-03-47    1719633827.021113  
      lootmilestones.json          92.6 KiB     2024-Jul-08 20:46    1720442760.0     2024-06-27 11-23-31    1719458611.633498  
          queues.json              51.6 KiB     2024-Jul-08 20:46    1720442760.0     2024-06-28 11-01-03    1719543663.5842347 
         skinlines.json            50.8 KiB     2024-Jul-08 20:46    1720442760.0     2024-06-26 10-37-39    1719369459.0632095 
           skins.json               3.3 MiB     2024-Jul-08 20:46    1720442760.0     2024-06-28 11-01-05    1719543665.8737817 
        statstones.json             1.7 MiB     2024-Jul-08 20:46    1720442760.0     2024-06-27 11-23-41    1719458621.7639155 
      strawberry-hub.json          193.2 KiB    2024-Jul-08 20:46    1720442760.0     2024-06-29 12-03-48    1719633828.8922763 
      summoner-emotes.json         314.2 KiB    2024-Jul-08 20:46    1720442760.0     2024-06-26 10-37-47    1719369467.1528933 
      summoner-icons.json           1.4 MiB     2024-Jul-08 20:46    1720442760.0     2024-06-26 10-37-48    1719369468.7617784 
        tftmapskins.json           30.7 KiB     2024-Jul-08 20:46    1720442760.0     2024-06-24 14-33-04    1719210784.167776  
 tftrotationalshopitemdata.json    737.3 KiB    2024-Jul-08 20:46    1720442760.0     2024-06-29 12-03-50    1719633830.6961212 
         tfttraits.json            119.9 KiB    2024-Jul-08 20:46    1720442760.0     2024-06-28 11-01-11     1719543671.36214  
   tfttrovestablesnames.json       320.6 KiB    2024-Jul-08 20:46    1720442760.0     2024-06-26 10-37-56    1719369476.6709487 
        ward-skins.json            103.4 KiB    2024-Jul-08 20:46    1720442760.0     2024-06-24 14-33-21    1719210801.1825767 
[2024-07-09 10-12-04][18/18][1/20]正在校对文件（Checking file）： https://raw.communitydragon.org/pbe/plugins/rcp-be-lol-game-data/global/zh_cn/v1/challenges.json
[2024-07-09 10-12-06]已更新文件（Updated file）：离线数据（Offline Data）/cdragon/pbe/plugins/rcp-be-lol-game-data/global/zh_cn/v1/challenges.json
[2024-07-09 10-12-06][18/18][2/20]正在校对文件（Checking file）： https://raw.communitydragon.org/pbe/plugins/rcp-be-lol-game-data/global/zh_cn/v1/champion-summary.json
[2024-07-09 10-12-07]已更新文件（Updated file）：离线数据（Offline Data）/cdragon/pbe/plugins/rcp-be-lol-game-data/global/zh_cn/v1/champion-summary.json
[2024-07-09 10-12-07][18/18][3/20]正在校对文件（Checking file）： https://raw.communitydragon.org/pbe/plugins/rcp-be-lol-game-data/global/zh_cn/v1/cherry-augments.json
[2024-07-09 10-12-09]已更新文件（Updated file）：离线数据（Offline Data）/cdragon/pbe/plugins/rcp-be-lol-game-data/global/zh_cn/v1/cherry-augments.json
[2024-07-09 10-12-09][18/18][4/20]正在校对文件（Checking file）： https://raw.communitydragon.org/pbe/plugins/rcp-be-lol-game-data/global/zh_cn/v1/companions.json
[2024-07-09 10-12-14]已更新文件（Updated file）：离线数据（Offline Data）/cdragon/pbe/plugins/rcp-be-lol-game-data/global/zh_cn/v1/companions.json
[2024-07-09 10-12-14][18/18][5/20]正在校对文件（Checking file）： https://raw.communitydragon.org/pbe/plugins/rcp-be-lol-game-data/global/zh_cn/v1/event-hub.json
[2024-07-09 10-12-16]已更新文件（Updated file）：离线数据（Offline Data）/cdragon/pbe/plugins/rcp-be-lol-game-data/global/zh_cn/v1/event-hub.json
[2024-07-09 10-12-16][18/18][6/20]正在校对文件（Checking file）： https://raw.communitydragon.org/pbe/plugins/rcp-be-lol-game-data/global/zh_cn/v1/items.json
[2024-07-09 10-12-18]已更新文件（Updated file）：离线数据（Offline Data）/cdragon/pbe/plugins/rcp-be-lol-game-data/global/zh_cn/v1/items.json
[2024-07-09 10-12-18][18/18][7/20]正在校对文件（Checking file）： https://raw.communitydragon.org/pbe/plugins/rcp-be-lol-game-data/global/zh_cn/v1/loot.json
[2024-07-09 10-12-21]已更新文件（Updated file）：离线数据（Offline Data）/cdragon/pbe/plugins/rcp-be-lol-game-data/global/zh_cn/v1/loot.json
[2024-07-09 10-12-21][18/18][8/20]正在校对文件（Checking file）： https://raw.communitydragon.org/pbe/plugins/rcp-be-lol-game-data/global/zh_cn/v1/lootmilestones.json
[2024-07-09 10-12-23]已更新文件（Updated file）：离线数据（Offline Data）/cdragon/pbe/plugins/rcp-be-lol-game-data/global/zh_cn/v1/lootmilestones.json
[2024-07-09 10-12-23][18/18][9/20]正在校对文件（Checking file）： https://raw.communitydragon.org/pbe/plugins/rcp-be-lol-game-data/global/zh_cn/v1/queues.json
[2024-07-09 10-12-24]已更新文件（Updated file）：离线数据（Offline Data）/cdragon/pbe/plugins/rcp-be-lol-game-data/global/zh_cn/v1/queues.json
[2024-07-09 10-12-24][18/18][10/20]正在校对文件（Checking file）： https://raw.communitydragon.org/pbe/plugins/rcp-be-lol-game-data/global/zh_cn/v1/skinlines.json
[2024-07-09 10-12-26]已更新文件（Updated file）：离线数据（Offline Data）/cdragon/pbe/plugins/rcp-be-lol-game-data/global/zh_cn/v1/skinlines.json
[2024-07-09 10-12-26][18/18][11/20]正在校对文件（Checking file）： https://raw.communitydragon.org/pbe/plugins/rcp-be-lol-game-data/global/zh_cn/v1/skins.json
[2024-07-09 10-12-29]已更新文件（Updated file）：离线数据（Offline Data）/cdragon/pbe/plugins/rcp-be-lol-game-data/global/zh_cn/v1/skins.json
[2024-07-09 10-12-29][18/18][12/20]正在校对文件（Checking file）： https://raw.communitydragon.org/pbe/plugins/rcp-be-lol-game-data/global/zh_cn/v1/statstones.json
[2024-07-09 10-12-32]已更新文件（Updated file）：离线数据（Offline Data）/cdragon/pbe/plugins/rcp-be-lol-game-data/global/zh_cn/v1/statstones.json
[2024-07-09 10-12-32][18/18][13/20]正在校对文件（Checking file）： https://raw.communitydragon.org/pbe/plugins/rcp-be-lol-game-data/global/zh_cn/v1/strawberry-hub.json
[2024-07-09 10-12-35]已更新文件（Updated file）：离线数据（Offline Data）/cdragon/pbe/plugins/rcp-be-lol-game-data/global/zh_cn/v1/strawberry-hub.json
[2024-07-09 10-12-35][18/18][14/20]正在校对文件（Checking file）： https://raw.communitydragon.org/pbe/plugins/rcp-be-lol-game-data/global/zh_cn/v1/summoner-emotes.json
[2024-07-09 10-12-38]已更新文件（Updated file）：离线数据（Offline Data）/cdragon/pbe/plugins/rcp-be-lol-game-data/global/zh_cn/v1/summoner-emotes.json
[2024-07-09 10-12-38][18/18][15/20]正在校对文件（Checking file）： https://raw.communitydragon.org/pbe/plugins/rcp-be-lol-game-data/global/zh_cn/v1/summoner-icons.json
[2024-07-09 10-12-41]已更新文件（Updated file）：离线数据（Offline Data）/cdragon/pbe/plugins/rcp-be-lol-game-data/global/zh_cn/v1/summoner-icons.json
[2024-07-09 10-12-41][18/18][16/20]正在校对文件（Checking file）： https://raw.communitydragon.org/pbe/plugins/rcp-be-lol-game-data/global/zh_cn/v1/tftmapskins.json
[2024-07-09 10-12-42]已更新文件（Updated file）：离线数据（Offline Data）/cdragon/pbe/plugins/rcp-be-lol-game-data/global/zh_cn/v1/tftmapskins.json
[2024-07-09 10-12-42][18/18][17/20]正在校对文件（Checking file）： https://raw.communitydragon.org/pbe/plugins/rcp-be-lol-game-data/global/zh_cn/v1/tftrotationalshopitemdata.json
[2024-07-09 10-12-45]已更新文件（Updated file）：离线数据（Offline Data）/cdragon/pbe/plugins/rcp-be-lol-game-data/global/zh_cn/v1/tftrotationalshopitemdata.json
[2024-07-09 10-12-45][18/18][18/20]正在校对文件（Checking file）： https://raw.communitydragon.org/pbe/plugins/rcp-be-lol-game-data/global/zh_cn/v1/tfttraits.json
[2024-07-09 10-12-47]已更新文件（Updated file）：离线数据（Offline Data）/cdragon/pbe/plugins/rcp-be-lol-game-data/global/zh_cn/v1/tfttraits.json
[2024-07-09 10-12-47][18/18][19/20]正在校对文件（Checking file）： https://raw.communitydragon.org/pbe/plugins/rcp-be-lol-game-data/global/zh_cn/v1/tfttrovestablesnames.json
[2024-07-09 10-12-49]已更新文件（Updated file）：离线数据（Offline Data）/cdragon/pbe/plugins/rcp-be-lol-game-data/global/zh_cn/v1/tfttrovestablesnames.json
[2024-07-09 10-12-49][18/18][20/20]正在校对文件（Checking file）： https://raw.communitydragon.org/pbe/plugins/rcp-be-lol-game-data/global/zh_cn/v1/ward-skins.json
[2024-07-09 10-12-50]已更新文件（Updated file）：离线数据（Offline Data）/cdragon/pbe/plugins/rcp-be-lol-game-data/global/zh_cn/v1/ward-skins.json
已更新以下55个文件：
Updated the following 55 file(s):
https://raw.communitydragon.org/pbe/compat-version-metadata.json
https://raw.communitydragon.org/pbe/content-metadata.json
https://raw.communitydragon.org/pbe/cdragon/arena/en_us.json
https://raw.communitydragon.org/pbe/cdragon/arena/zh_cn.json
https://raw.communitydragon.org/pbe/cdragon/tft/en_us.json
https://raw.communitydragon.org/pbe/cdragon/tft/zh_cn.json
https://raw.communitydragon.org/pbe/plugins/rcp-be-lol-game-data/global/default/v1/champions/3151.json
https://raw.communitydragon.org/pbe/plugins/rcp-be-lol-game-data/global/default/v1/champions/3153.json
https://raw.communitydragon.org/pbe/plugins/rcp-be-lol-game-data/global/default/v1/champions/3156.json
https://raw.communitydragon.org/pbe/plugins/rcp-be-lol-game-data/global/default/v1/champions/3678.json
https://raw.communitydragon.org/pbe/plugins/rcp-be-lol-game-data/global/default/v1/champions/63.json
https://raw.communitydragon.org/pbe/plugins/rcp-be-lol-game-data/global/default/v1/champion-rune-recommendations.json
https://raw.communitydragon.org/pbe/plugins/rcp-be-lol-game-data/global/default/v1/cherry-augments.json
https://raw.communitydragon.org/pbe/plugins/rcp-be-lol-game-data/global/default/v1/items.json
https://raw.communitydragon.org/pbe/plugins/rcp-be-lol-game-data/global/default/v1/rewards.json
https://raw.communitydragon.org/pbe/plugins/rcp-be-lol-game-data/global/default/v1/statstones.json
https://raw.communitydragon.org/pbe/plugins/rcp-be-lol-game-data/global/default/v1/strawberry-hub.json
https://raw.communitydragon.org/pbe/plugins/rcp-be-lol-game-data/global/default/v1/tftmapskins.json
https://raw.communitydragon.org/pbe/plugins/rcp-be-lol-game-data/global/default/v1/tfttraits.json
https://raw.communitydragon.org/pbe/plugins/rcp-be-lol-game-data/global/default/v1/ward-skins.json
https://raw.communitydragon.org/pbe/plugins/rcp-be-lol-game-data/global/zh_cn/v1/champions/147.json
https://raw.communitydragon.org/pbe/plugins/rcp-be-lol-game-data/global/zh_cn/v1/champions/154.json
https://raw.communitydragon.org/pbe/plugins/rcp-be-lol-game-data/global/zh_cn/v1/champions/200.json
https://raw.communitydragon.org/pbe/plugins/rcp-be-lol-game-data/global/zh_cn/v1/champions/21.json
https://raw.communitydragon.org/pbe/plugins/rcp-be-lol-game-data/global/zh_cn/v1/champions/3151.json
https://raw.communitydragon.org/pbe/plugins/rcp-be-lol-game-data/global/zh_cn/v1/champions/3153.json
https://raw.communitydragon.org/pbe/plugins/rcp-be-lol-game-data/global/zh_cn/v1/champions/3156.json
https://raw.communitydragon.org/pbe/plugins/rcp-be-lol-game-data/global/zh_cn/v1/champions/350.json
https://raw.communitydragon.org/pbe/plugins/rcp-be-lol-game-data/global/zh_cn/v1/champions/3678.json
https://raw.communitydragon.org/pbe/plugins/rcp-be-lol-game-data/global/zh_cn/v1/champions/421.json
https://raw.communitydragon.org/pbe/plugins/rcp-be-lol-game-data/global/zh_cn/v1/champions/498.json
https://raw.communitydragon.org/pbe/plugins/rcp-be-lol-game-data/global/zh_cn/v1/champions/63.json
https://raw.communitydragon.org/pbe/plugins/rcp-be-lol-game-data/global/zh_cn/v1/champions/68.json
https://raw.communitydragon.org/pbe/plugins/rcp-be-lol-game-data/global/zh_cn/v1/champions/893.json
https://raw.communitydragon.org/pbe/plugins/rcp-be-lol-game-data/global/zh_cn/v1/champions/902.json
https://raw.communitydragon.org/pbe/plugins/rcp-be-lol-game-data/global/zh_cn/v1/challenges.json
https://raw.communitydragon.org/pbe/plugins/rcp-be-lol-game-data/global/zh_cn/v1/champion-summary.json
https://raw.communitydragon.org/pbe/plugins/rcp-be-lol-game-data/global/zh_cn/v1/cherry-augments.json
https://raw.communitydragon.org/pbe/plugins/rcp-be-lol-game-data/global/zh_cn/v1/companions.json
https://raw.communitydragon.org/pbe/plugins/rcp-be-lol-game-data/global/zh_cn/v1/event-hub.json
https://raw.communitydragon.org/pbe/plugins/rcp-be-lol-game-data/global/zh_cn/v1/items.json
https://raw.communitydragon.org/pbe/plugins/rcp-be-lol-game-data/global/zh_cn/v1/loot.json
https://raw.communitydragon.org/pbe/plugins/rcp-be-lol-game-data/global/zh_cn/v1/lootmilestones.json
https://raw.communitydragon.org/pbe/plugins/rcp-be-lol-game-data/global/zh_cn/v1/queues.json
https://raw.communitydragon.org/pbe/plugins/rcp-be-lol-game-data/global/zh_cn/v1/skinlines.json
https://raw.communitydragon.org/pbe/plugins/rcp-be-lol-game-data/global/zh_cn/v1/skins.json
https://raw.communitydragon.org/pbe/plugins/rcp-be-lol-game-data/global/zh_cn/v1/statstones.json
https://raw.communitydragon.org/pbe/plugins/rcp-be-lol-game-data/global/zh_cn/v1/strawberry-hub.json
https://raw.communitydragon.org/pbe/plugins/rcp-be-lol-game-data/global/zh_cn/v1/summoner-emotes.json
https://raw.communitydragon.org/pbe/plugins/rcp-be-lol-game-data/global/zh_cn/v1/summoner-icons.json
https://raw.communitydragon.org/pbe/plugins/rcp-be-lol-game-data/global/zh_cn/v1/tftmapskins.json
https://raw.communitydragon.org/pbe/plugins/rcp-be-lol-game-data/global/zh_cn/v1/tftrotationalshopitemdata.json
https://raw.communitydragon.org/pbe/plugins/rcp-be-lol-game-data/global/zh_cn/v1/tfttraits.json
https://raw.communitydragon.org/pbe/plugins/rcp-be-lol-game-data/global/zh_cn/v1/tfttrovestablesnames.json
https://raw.communitydragon.org/pbe/plugins/rcp-be-lol-game-data/global/zh_cn/v1/ward-skins.json

请选择要更新的数据资源，输入空字符串以退出程序：
Please select the data resource to update, or submit an empty string to exit the program:
1	CommunityDragon
2	DataDragon

[The program has exited!]
