请选择要更新的数据资源，输入空字符串以退出程序：
Please select the data resource to update, or submit an empty string to exit the program:
1	CommunityDragon
2	DataDragon
1
请选择更新模式：
Please select the update mode:
1	全局扫描（Global Scanning）
2	按修改时间更新（Updating According to Modification Time）
3	更新指定文件夹（Updating Specified Folders）

请选择一种方式指定修改时间：
Please select a method of specifying the modification time:
1	自动获取（Automatically get）
2	手动输入（Manually input）

[2024-07-25 12-07-17][1/18]正在检查文件夹（Checking the folder）：https://raw.communitydragon.org/latest/
[2024-07-25 12-07-17]页面新文件列表如下：
New file list is as follows:
网页链接（URL)： https://raw.communitydragon.org/latest/
Empty DataFrame
Columns: [file, size, web_date, web_timestamp, local_date, local_timestamp]
Index: []
[2024-07-25 12-07-17][2/18]正在检查文件夹（Checking the folder）：https://raw.communitydragon.org/latest/cdragon/arena/
[2024-07-25 12-07-19]页面新文件列表如下：
New file list is as follows:
网页链接（URL)： https://raw.communitydragon.org/latest/cdragon/arena/
Empty DataFrame
Columns: [file, size, web_date, web_timestamp, local_date, local_timestamp]
Index: []
[2024-07-25 12-07-19][3/18]正在检查文件夹（Checking the folder）：https://raw.communitydragon.org/latest/cdragon/tft/
[2024-07-25 12-07-20]页面新文件列表如下：
New file list is as follows:
网页链接（URL)： https://raw.communitydragon.org/latest/cdragon/tft/
Empty DataFrame
Columns: [file, size, web_date, web_timestamp, local_date, local_timestamp]
Index: []
[2024-07-25 12-07-20][4/18]正在检查文件夹（Checking the folder）：https://raw.communitydragon.org/latest/plugins/rcp-be-lol-game-data/global/default/v1/champions/
[2024-07-25 12-07-21]页面新文件列表如下：
New file list is as follows:
网页链接（URL)： https://raw.communitydragon.org/latest/plugins/rcp-be-lol-game-data/global/default/v1/champions/
Empty DataFrame
Columns: [file, size, web_date, web_timestamp, local_date, local_timestamp]
Index: []
[2024-07-25 12-07-21][5/18]正在检查文件夹（Checking the folder）：https://raw.communitydragon.org/latest/plugins/rcp-be-lol-game-data/global/default/v1/map-assets/
[2024-07-25 12-07-22]页面新文件列表如下：
New file list is as follows:
网页链接（URL)： https://raw.communitydragon.org/latest/plugins/rcp-be-lol-game-data/global/default/v1/map-assets/
Empty DataFrame
Columns: [file, size, web_date, web_timestamp, local_date, local_timestamp]
Index: []
[2024-07-25 12-07-22][6/18]正在检查文件夹（Checking the folder）：https://raw.communitydragon.org/latest/plugins/rcp-be-lol-game-data/global/default/v1/
[2024-07-25 12-07-23]页面新文件列表如下：
New file list is as follows:
网页链接（URL)： https://raw.communitydragon.org/latest/plugins/rcp-be-lol-game-data/global/default/v1/
Empty DataFrame
Columns: [file, size, web_date, web_timestamp, local_date, local_timestamp]
Index: []
[2024-07-25 12-07-23][7/18]正在检查文件夹（Checking the folder）：https://raw.communitydragon.org/latest/plugins/rcp-be-lol-game-data/global/zh_cn/v1/champions/
[2024-07-25 12-07-25]页面新文件列表如下：
New file list is as follows:
网页链接（URL)： https://raw.communitydragon.org/latest/plugins/rcp-be-lol-game-data/global/zh_cn/v1/champions/
Empty DataFrame
Columns: [file, size, web_date, web_timestamp, local_date, local_timestamp]
Index: []
[2024-07-25 12-07-25][8/18]正在检查文件夹（Checking the folder）：https://raw.communitydragon.org/latest/plugins/rcp-be-lol-game-data/global/zh_cn/v1/map-assets/
[2024-07-25 12-07-26]页面新文件列表如下：
New file list is as follows:
网页链接（URL)： https://raw.communitydragon.org/latest/plugins/rcp-be-lol-game-data/global/zh_cn/v1/map-assets/
Empty DataFrame
Columns: [file, size, web_date, web_timestamp, local_date, local_timestamp]
Index: []
[2024-07-25 12-07-26][9/18]正在检查文件夹（Checking the folder）：https://raw.communitydragon.org/latest/plugins/rcp-be-lol-game-data/global/zh_cn/v1/
[2024-07-25 12-07-27]页面新文件列表如下：
New file list is as follows:
网页链接（URL)： https://raw.communitydragon.org/latest/plugins/rcp-be-lol-game-data/global/zh_cn/v1/
Empty DataFrame
Columns: [file, size, web_date, web_timestamp, local_date, local_timestamp]
Index: []
[2024-07-25 12-07-27][10/18]正在检查文件夹（Checking the folder）：https://raw.communitydragon.org/pbe/
[2024-07-25 12-07-28]页面新文件列表如下：
New file list is as follows:
网页链接（URL)： https://raw.communitydragon.org/pbe/
             file                size        web_date         web_timestamp        local_date          local_timestamp   
 compat-version-metadata.json    59 B    2024-Jul-25 03:41    1721850060.0     2024-07-24 10-18-29    1721787509.3597639 
    content-metadata.json        61 B    2024-Jul-25 03:41    1721850060.0     2024-07-24 10-18-30    1721787510.3551085 
[2024-07-25 12-07-28][10/18][1/2]正在校对文件（Checking file）： https://raw.communitydragon.org/pbe/compat-version-metadata.json
[2024-07-25 12-07-29]已更新文件（Updated file）：离线数据（Offline Data）/cdragon/pbe/compat-version-metadata.json
[2024-07-25 12-07-29][10/18][2/2]正在校对文件（Checking file）： https://raw.communitydragon.org/pbe/content-metadata.json
[2024-07-25 12-07-30]已更新文件（Updated file）：离线数据（Offline Data）/cdragon/pbe/content-metadata.json
[2024-07-25 12-07-30][11/18]正在检查文件夹（Checking the folder）：https://raw.communitydragon.org/pbe/cdragon/arena/
[2024-07-25 12-07-31]页面新文件列表如下：
New file list is as follows:
网页链接（URL)： https://raw.communitydragon.org/pbe/cdragon/arena/
Empty DataFrame
Columns: [file, size, web_date, web_timestamp, local_date, local_timestamp]
Index: []
[2024-07-25 12-07-32][12/18]正在检查文件夹（Checking the folder）：https://raw.communitydragon.org/pbe/cdragon/tft/
[2024-07-25 12-07-33]页面新文件列表如下：
New file list is as follows:
网页链接（URL)： https://raw.communitydragon.org/pbe/cdragon/tft/
Empty DataFrame
Columns: [file, size, web_date, web_timestamp, local_date, local_timestamp]
Index: []
[2024-07-25 12-07-33][13/18]正在检查文件夹（Checking the folder）：https://raw.communitydragon.org/pbe/plugins/rcp-be-lol-game-data/global/default/v1/champions/
[2024-07-25 12-07-33]页面新文件列表如下：
New file list is as follows:
网页链接（URL)： https://raw.communitydragon.org/pbe/plugins/rcp-be-lol-game-data/global/default/v1/champions/
   file         size          web_date         web_timestamp        local_date          local_timestamp   
 136.json     24.9 KiB    2024-Jul-25 03:43    1721850180.0     2024-07-24 10-18-34    1721787514.8079221 
 238.json     35.5 KiB    2024-Jul-25 03:43    1721850180.0     2024-07-24 10-18-35    1721787515.8003047 
 3152.json    7.6 KiB     2024-Jul-25 03:43    1721850180.0     2024-07-11 10-42-24    1720665744.125689  
  69.json     24.7 KiB    2024-Jul-25 03:43    1721850180.0     2024-07-24 10-18-36    1721787516.818783  
  72.json     17.5 KiB    2024-Jul-25 03:43    1721850180.0     2024-07-19 11-36-02    1721360162.7158372 
 777.json     32.1 KiB    2024-Jul-25 03:43    1721850180.0     2024-07-24 10-18-37    1721787517.917295  
  84.json     45.5 KiB    2024-Jul-25 03:43    1721850180.0     2024-07-24 10-18-38    1721787518.6931598 
  89.json     38.5 KiB    2024-Jul-25 03:43    1721850180.0     2024-07-19 11-36-05    1721360165.1299458 
 893.json     13.6 KiB    2024-Jul-25 03:43    1721850180.0     2024-07-24 10-18-39    1721787519.7082205 
[2024-07-25 12-07-33][13/18][1/9]正在校对文件（Checking file）： https://raw.communitydragon.org/pbe/plugins/rcp-be-lol-game-data/global/default/v1/champions/136.json
[2024-07-25 12-07-34]已更新文件（Updated file）：离线数据（Offline Data）/cdragon/pbe/plugins/rcp-be-lol-game-data/global/default/v1/champions/136.json
[2024-07-25 12-07-34][13/18][2/9]正在校对文件（Checking file）： https://raw.communitydragon.org/pbe/plugins/rcp-be-lol-game-data/global/default/v1/champions/238.json
[2024-07-25 12-07-36][13/18][3/9]正在校对文件（Checking file）： https://raw.communitydragon.org/pbe/plugins/rcp-be-lol-game-data/global/default/v1/champions/3152.json
[2024-07-25 12-07-36]已更新文件（Updated file）：离线数据（Offline Data）/cdragon/pbe/plugins/rcp-be-lol-game-data/global/default/v1/champions/3152.json
[2024-07-25 12-07-36][13/18][4/9]正在校对文件（Checking file）： https://raw.communitydragon.org/pbe/plugins/rcp-be-lol-game-data/global/default/v1/champions/69.json
[2024-07-25 12-07-37][13/18][5/9]正在校对文件（Checking file）： https://raw.communitydragon.org/pbe/plugins/rcp-be-lol-game-data/global/default/v1/champions/72.json
[2024-07-25 12-07-38]已更新文件（Updated file）：离线数据（Offline Data）/cdragon/pbe/plugins/rcp-be-lol-game-data/global/default/v1/champions/72.json
[2024-07-25 12-07-38][13/18][6/9]正在校对文件（Checking file）： https://raw.communitydragon.org/pbe/plugins/rcp-be-lol-game-data/global/default/v1/champions/777.json
[2024-07-25 12-07-39][13/18][7/9]正在校对文件（Checking file）： https://raw.communitydragon.org/pbe/plugins/rcp-be-lol-game-data/global/default/v1/champions/84.json
[2024-07-25 12-07-40][13/18][8/9]正在校对文件（Checking file）： https://raw.communitydragon.org/pbe/plugins/rcp-be-lol-game-data/global/default/v1/champions/89.json
[2024-07-25 12-07-41]已更新文件（Updated file）：离线数据（Offline Data）/cdragon/pbe/plugins/rcp-be-lol-game-data/global/default/v1/champions/89.json
[2024-07-25 12-07-41][13/18][9/9]正在校对文件（Checking file）： https://raw.communitydragon.org/pbe/plugins/rcp-be-lol-game-data/global/default/v1/champions/893.json
[2024-07-25 12-07-42]已更新文件（Updated file）：离线数据（Offline Data）/cdragon/pbe/plugins/rcp-be-lol-game-data/global/default/v1/champions/893.json
[2024-07-25 12-07-42][14/18]正在检查文件夹（Checking the folder）：https://raw.communitydragon.org/pbe/plugins/rcp-be-lol-game-data/global/default/v1/map-assets/
[2024-07-25 12-07-43]页面新文件列表如下：
New file list is as follows:
网页链接（URL)： https://raw.communitydragon.org/pbe/plugins/rcp-be-lol-game-data/global/default/v1/map-assets/
Empty DataFrame
Columns: [file, size, web_date, web_timestamp, local_date, local_timestamp]
Index: []
[2024-07-25 12-07-43][15/18]正在检查文件夹（Checking the folder）：https://raw.communitydragon.org/pbe/plugins/rcp-be-lol-game-data/global/default/v1/
[2024-07-25 12-07-43]页面新文件列表如下：
New file list is as follows:
网页链接（URL)： https://raw.communitydragon.org/pbe/plugins/rcp-be-lol-game-data/global/default/v1/
                file                     size           web_date         web_timestamp        local_date          local_timestamp   
          challenges.json              592.5 KiB    2024-Jul-25 03:43    1721850180.0     2024-07-24 10-18-43    1721787523.1831276 
 champion-rune-recommendations.json    325.6 KiB    2024-Jul-25 03:43    1721850180.0     2024-07-24 10-18-44    1721787524.6690772 
        cherry-augments.json           45.3 KiB     2024-Jul-25 03:43    1721850180.0     2024-07-24 10-18-45    1721787525.4593573 
          companions.json              747.7 KiB    2024-Jul-25 03:43    1721850180.0     2024-07-24 10-18-47    1721787527.3572218 
           event-hub.json              51.8 KiB     2024-Jul-25 03:43    1721850180.0     2024-07-24 10-18-48    1721787528.4035294 
        generic-assets.json            175.2 KiB    2024-Jul-25 03:43    1721850180.0     2024-07-24 10-18-49    1721787529.745353  
             items.json                441.8 KiB    2024-Jul-25 03:43    1721850180.0     2024-07-24 10-18-51    1721787531.4270506 
             loot.json                  2.8 MiB     2024-Jul-25 03:43    1721850180.0     2024-07-24 10-18-53    1721787533.9971359 
             perks.json                93.5 KiB     2024-Jul-25 03:43    1721850180.0     2024-07-24 10-18-55    1721787535.183443  
            rewards.json               536.9 KiB    2024-Jul-25 03:43    1721850180.0     2024-07-24 10-18-56    1721787536.148076  
          statstones.json               1.7 MiB     2024-Jul-25 03:43    1721850180.0     2024-07-24 10-18-58    1721787538.4381099 
        strawberry-hub.json            192.1 KiB    2024-Jul-25 03:43    1721850180.0     2024-07-24 10-18-59    1721787539.9897923 
          stylesheet.json              19.7 KiB     2024-Jul-25 03:43    1721850180.0     2024-07-24 10-19-00    1721787540.9365182 
           tftitems.json               317.1 KiB    2024-Jul-25 03:43    1721850180.0     2024-07-24 10-19-02    1721787542.4989643 
         tftplaybooks.json             54.4 KiB     2024-Jul-25 03:43    1721850180.0     2024-07-19 11-36-27    1721360187.7283356 
   tftrotationalshopitemdata.json      748.5 KiB    2024-Jul-25 03:43    1721850180.0     2024-07-24 10-19-04    1721787544.1106298 
           tfttraits.json              161.9 KiB    2024-Jul-25 03:43    1721850180.0     2024-07-24 10-19-05    1721787545.1578605 
    tfttrovesbannerrewards.json        661.4 KiB    2024-Jul-25 03:43    1721850180.0     2024-07-24 10-19-06    1721787546.5010672 
     tfttrovestablesnames.json         315.9 KiB    2024-Jul-25 03:43    1721850180.0     2024-07-24 10-19-07    1721787547.5281055 
[2024-07-25 12-07-43][15/18][1/19]正在校对文件（Checking file）： https://raw.communitydragon.org/pbe/plugins/rcp-be-lol-game-data/global/default/v1/challenges.json
[2024-07-25 12-07-45][15/18][2/19]正在校对文件（Checking file）： https://raw.communitydragon.org/pbe/plugins/rcp-be-lol-game-data/global/default/v1/champion-rune-recommendations.json
[2024-07-25 12-07-46]已更新文件（Updated file）：离线数据（Offline Data）/cdragon/pbe/plugins/rcp-be-lol-game-data/global/default/v1/champion-rune-recommendations.json
[2024-07-25 12-07-46][15/18][3/19]正在校对文件（Checking file）： https://raw.communitydragon.org/pbe/plugins/rcp-be-lol-game-data/global/default/v1/cherry-augments.json
[2024-07-25 12-07-47][15/18][4/19]正在校对文件（Checking file）： https://raw.communitydragon.org/pbe/plugins/rcp-be-lol-game-data/global/default/v1/companions.json
[2024-07-25 12-07-48][15/18][5/19]正在校对文件（Checking file）： https://raw.communitydragon.org/pbe/plugins/rcp-be-lol-game-data/global/default/v1/event-hub.json
[2024-07-25 12-07-49][15/18][6/19]正在校对文件（Checking file）： https://raw.communitydragon.org/pbe/plugins/rcp-be-lol-game-data/global/default/v1/generic-assets.json
[2024-07-25 12-07-51][15/18][7/19]正在校对文件（Checking file）： https://raw.communitydragon.org/pbe/plugins/rcp-be-lol-game-data/global/default/v1/items.json
[2024-07-25 12-07-52]已更新文件（Updated file）：离线数据（Offline Data）/cdragon/pbe/plugins/rcp-be-lol-game-data/global/default/v1/items.json
[2024-07-25 12-07-52][15/18][8/19]正在校对文件（Checking file）： https://raw.communitydragon.org/pbe/plugins/rcp-be-lol-game-data/global/default/v1/loot.json
[2024-07-25 12-07-54][15/18][9/19]正在校对文件（Checking file）： https://raw.communitydragon.org/pbe/plugins/rcp-be-lol-game-data/global/default/v1/perks.json
[2024-07-25 12-07-55][15/18][10/19]正在校对文件（Checking file）： https://raw.communitydragon.org/pbe/plugins/rcp-be-lol-game-data/global/default/v1/rewards.json
[2024-07-25 12-07-57]已更新文件（Updated file）：离线数据（Offline Data）/cdragon/pbe/plugins/rcp-be-lol-game-data/global/default/v1/rewards.json
[2024-07-25 12-07-57][15/18][11/19]正在校对文件（Checking file）： https://raw.communitydragon.org/pbe/plugins/rcp-be-lol-game-data/global/default/v1/statstones.json
[2024-07-25 12-07-59][15/18][12/19]正在校对文件（Checking file）： https://raw.communitydragon.org/pbe/plugins/rcp-be-lol-game-data/global/default/v1/strawberry-hub.json
[2024-07-25 12-08-00]已更新文件（Updated file）：离线数据（Offline Data）/cdragon/pbe/plugins/rcp-be-lol-game-data/global/default/v1/strawberry-hub.json
[2024-07-25 12-08-00][15/18][13/19]正在校对文件（Checking file）： https://raw.communitydragon.org/pbe/plugins/rcp-be-lol-game-data/global/default/v1/stylesheet.json
[2024-07-25 12-08-01][15/18][14/19]正在校对文件（Checking file）： https://raw.communitydragon.org/pbe/plugins/rcp-be-lol-game-data/global/default/v1/tftitems.json
[2024-07-25 12-08-03]已更新文件（Updated file）：离线数据（Offline Data）/cdragon/pbe/plugins/rcp-be-lol-game-data/global/default/v1/tftitems.json
[2024-07-25 12-08-03][15/18][15/19]正在校对文件（Checking file）： https://raw.communitydragon.org/pbe/plugins/rcp-be-lol-game-data/global/default/v1/tftplaybooks.json
[2024-07-25 12-08-04]已更新文件（Updated file）：离线数据（Offline Data）/cdragon/pbe/plugins/rcp-be-lol-game-data/global/default/v1/tftplaybooks.json
[2024-07-25 12-08-04][15/18][16/19]正在校对文件（Checking file）： https://raw.communitydragon.org/pbe/plugins/rcp-be-lol-game-data/global/default/v1/tftrotationalshopitemdata.json
[2024-07-25 12-08-05][15/18][17/19]正在校对文件（Checking file）： https://raw.communitydragon.org/pbe/plugins/rcp-be-lol-game-data/global/default/v1/tfttraits.json
[2024-07-25 12-08-07]已更新文件（Updated file）：离线数据（Offline Data）/cdragon/pbe/plugins/rcp-be-lol-game-data/global/default/v1/tfttraits.json
[2024-07-25 12-08-07][15/18][18/19]正在校对文件（Checking file）： https://raw.communitydragon.org/pbe/plugins/rcp-be-lol-game-data/global/default/v1/tfttrovesbannerrewards.json
[2024-07-25 12-08-08][15/18][19/19]正在校对文件（Checking file）： https://raw.communitydragon.org/pbe/plugins/rcp-be-lol-game-data/global/default/v1/tfttrovestablesnames.json
[2024-07-25 12-08-09][16/18]正在检查文件夹（Checking the folder）：https://raw.communitydragon.org/pbe/plugins/rcp-be-lol-game-data/global/zh_cn/v1/champions/
违反协议导致读取中断！正在尝试第1次重新获取数据！
EOF occurred in violation of protocol! Trying to recapture the data with url: https://raw.communitydragon.org/pbe/plugins/rcp-be-lol-game-data/global/zh_cn/v1/champions/. Time(s) tried: 1
[2024-07-25 12-08-10]页面新文件列表如下：
New file list is as follows:
网页链接（URL)： https://raw.communitydragon.org/pbe/plugins/rcp-be-lol-game-data/global/zh_cn/v1/champions/
   file         size          web_date         web_timestamp        local_date          local_timestamp   
 121.json     35.5 KiB    2024-Jul-25 03:43    1721850180.0     2024-07-24 10-19-09    1721787549.7512825 
 136.json     25.9 KiB    2024-Jul-25 03:43    1721850180.0     2024-07-24 10-19-10    1721787550.4829364 
  14.json     29.4 KiB    2024-Jul-25 03:43    1721850180.0     2024-07-24 10-19-11    1721787551.393399  
 157.json     46.3 KiB    2024-Jul-25 03:43    1721850180.0     2024-07-24 10-19-12    1721787552.484101  
 233.json     18.3 KiB    2024-Jul-25 03:43    1721850180.0     2024-07-24 10-19-13    1721787553.5207129 
 238.json     38.2 KiB    2024-Jul-25 03:43    1721850180.0     2024-07-24 10-19-14    1721787554.246786  
 266.json     30.9 KiB    2024-Jul-25 03:43    1721850180.0     2024-07-24 10-19-15    1721787555.3952856 
 3152.json    7.6 KiB     2024-Jul-25 03:43    1721850180.0     2024-07-11 10-43-00    1720665780.8431797 
 420.json     22.9 KiB    2024-Jul-25 03:43    1721850180.0     2024-07-24 10-19-16    1721787556.1337585 
 498.json     33.3 KiB    2024-Jul-25 03:43    1721850180.0     2024-07-10 11-50-20    1720583420.4172168 
  69.json     25.9 KiB    2024-Jul-25 03:43    1721850180.0     2024-07-24 10-19-16    1721787556.9470973 
  72.json     18.0 KiB    2024-Jul-25 03:43    1721850180.0     2024-07-19 11-36-38    1721360198.8959956 
 777.json     34.1 KiB    2024-Jul-25 03:43    1721850180.0     2024-07-24 10-19-17    1721787557.6966844 
  89.json     41.4 KiB    2024-Jul-25 03:43    1721850180.0     2024-07-24 10-19-18    1721787558.5529702 
 893.json     13.7 KiB    2024-Jul-25 03:43    1721850180.0     2024-07-24 10-19-19    1721787559.6565745 
  91.json     33.2 KiB    2024-Jul-25 03:43    1721850180.0     2024-07-24 10-19-20    1721787560.7551126 
[2024-07-25 12-08-11][16/18][1/16]正在校对文件（Checking file）： https://raw.communitydragon.org/pbe/plugins/rcp-be-lol-game-data/global/zh_cn/v1/champions/121.json
[2024-07-25 12-08-11][16/18][2/16]正在校对文件（Checking file）： https://raw.communitydragon.org/pbe/plugins/rcp-be-lol-game-data/global/zh_cn/v1/champions/136.json
[2024-07-25 12-08-13]已更新文件（Updated file）：离线数据（Offline Data）/cdragon/pbe/plugins/rcp-be-lol-game-data/global/zh_cn/v1/champions/136.json
[2024-07-25 12-08-13][16/18][3/16]正在校对文件（Checking file）： https://raw.communitydragon.org/pbe/plugins/rcp-be-lol-game-data/global/zh_cn/v1/champions/14.json
[2024-07-25 12-08-14][16/18][4/16]正在校对文件（Checking file）： https://raw.communitydragon.org/pbe/plugins/rcp-be-lol-game-data/global/zh_cn/v1/champions/157.json
违反协议导致读取中断！正在尝试第1次重新获取数据！
EOF occurred in violation of protocol! Trying to recapture the data with url: https://raw.communitydragon.org/pbe/plugins/rcp-be-lol-game-data/global/zh_cn/v1/champions/157.json. Time(s) tried: 1
[2024-07-25 12-08-15][16/18][5/16]正在校对文件（Checking file）： https://raw.communitydragon.org/pbe/plugins/rcp-be-lol-game-data/global/zh_cn/v1/champions/233.json
[2024-07-25 12-08-16][16/18][6/16]正在校对文件（Checking file）： https://raw.communitydragon.org/pbe/plugins/rcp-be-lol-game-data/global/zh_cn/v1/champions/238.json
[2024-07-25 12-08-17][16/18][7/16]正在校对文件（Checking file）： https://raw.communitydragon.org/pbe/plugins/rcp-be-lol-game-data/global/zh_cn/v1/champions/266.json
[2024-07-25 12-08-18][16/18][8/16]正在校对文件（Checking file）： https://raw.communitydragon.org/pbe/plugins/rcp-be-lol-game-data/global/zh_cn/v1/champions/3152.json
[2024-07-25 12-08-19]已更新文件（Updated file）：离线数据（Offline Data）/cdragon/pbe/plugins/rcp-be-lol-game-data/global/zh_cn/v1/champions/3152.json
[2024-07-25 12-08-19][16/18][9/16]正在校对文件（Checking file）： https://raw.communitydragon.org/pbe/plugins/rcp-be-lol-game-data/global/zh_cn/v1/champions/420.json
[2024-07-25 12-08-20][16/18][10/16]正在校对文件（Checking file）： https://raw.communitydragon.org/pbe/plugins/rcp-be-lol-game-data/global/zh_cn/v1/champions/498.json
[2024-07-25 12-08-21]已更新文件（Updated file）：离线数据（Offline Data）/cdragon/pbe/plugins/rcp-be-lol-game-data/global/zh_cn/v1/champions/498.json
[2024-07-25 12-08-21][16/18][11/16]正在校对文件（Checking file）： https://raw.communitydragon.org/pbe/plugins/rcp-be-lol-game-data/global/zh_cn/v1/champions/69.json
[2024-07-25 12-08-22][16/18][12/16]正在校对文件（Checking file）： https://raw.communitydragon.org/pbe/plugins/rcp-be-lol-game-data/global/zh_cn/v1/champions/72.json
[2024-07-25 12-08-23]已更新文件（Updated file）：离线数据（Offline Data）/cdragon/pbe/plugins/rcp-be-lol-game-data/global/zh_cn/v1/champions/72.json
[2024-07-25 12-08-23][16/18][13/16]正在校对文件（Checking file）： https://raw.communitydragon.org/pbe/plugins/rcp-be-lol-game-data/global/zh_cn/v1/champions/777.json
违反协议导致读取中断！正在尝试第1次重新获取数据！
EOF occurred in violation of protocol! Trying to recapture the data with url: https://raw.communitydragon.org/pbe/plugins/rcp-be-lol-game-data/global/zh_cn/v1/champions/777.json. Time(s) tried: 1
违反协议导致读取中断！正在尝试第2次重新获取数据！
EOF occurred in violation of protocol! Trying to recapture the data with url: https://raw.communitydragon.org/pbe/plugins/rcp-be-lol-game-data/global/zh_cn/v1/champions/777.json. Time(s) tried: 2
违反协议导致读取中断！正在尝试第3次重新获取数据！
EOF occurred in violation of protocol! Trying to recapture the data with url: https://raw.communitydragon.org/pbe/plugins/rcp-be-lol-game-data/global/zh_cn/v1/champions/777.json. Time(s) tried: 3
[2024-07-25 12-08-25]已更新文件（Updated file）：离线数据（Offline Data）/cdragon/pbe/plugins/rcp-be-lol-game-data/global/zh_cn/v1/champions/777.json
[2024-07-25 12-08-25][16/18][14/16]正在校对文件（Checking file）： https://raw.communitydragon.org/pbe/plugins/rcp-be-lol-game-data/global/zh_cn/v1/champions/89.json
违反协议导致读取中断！正在尝试第1次重新获取数据！
EOF occurred in violation of protocol! Trying to recapture the data with url: https://raw.communitydragon.org/pbe/plugins/rcp-be-lol-game-data/global/zh_cn/v1/champions/89.json. Time(s) tried: 1
[2024-07-25 12-08-27]已更新文件（Updated file）：离线数据（Offline Data）/cdragon/pbe/plugins/rcp-be-lol-game-data/global/zh_cn/v1/champions/89.json
[2024-07-25 12-08-27][16/18][15/16]正在校对文件（Checking file）： https://raw.communitydragon.org/pbe/plugins/rcp-be-lol-game-data/global/zh_cn/v1/champions/893.json
[2024-07-25 12-08-27]已更新文件（Updated file）：离线数据（Offline Data）/cdragon/pbe/plugins/rcp-be-lol-game-data/global/zh_cn/v1/champions/893.json
[2024-07-25 12-08-27][16/18][16/16]正在校对文件（Checking file）： https://raw.communitydragon.org/pbe/plugins/rcp-be-lol-game-data/global/zh_cn/v1/champions/91.json
[2024-07-25 12-08-28][17/18]正在检查文件夹（Checking the folder）：https://raw.communitydragon.org/pbe/plugins/rcp-be-lol-game-data/global/zh_cn/v1/map-assets/
[2024-07-25 12-08-29]页面新文件列表如下：
New file list is as follows:
网页链接（URL)： https://raw.communitydragon.org/pbe/plugins/rcp-be-lol-game-data/global/zh_cn/v1/map-assets/
Empty DataFrame
Columns: [file, size, web_date, web_timestamp, local_date, local_timestamp]
Index: []
[2024-07-25 12-08-29][18/18]正在检查文件夹（Checking the folder）：https://raw.communitydragon.org/pbe/plugins/rcp-be-lol-game-data/global/zh_cn/v1/
违反协议导致读取中断！正在尝试第1次重新获取数据！
EOF occurred in violation of protocol! Trying to recapture the data with url: https://raw.communitydragon.org/pbe/plugins/rcp-be-lol-game-data/global/zh_cn/v1/. Time(s) tried: 1
违反协议导致读取中断！正在尝试第2次重新获取数据！
EOF occurred in violation of protocol! Trying to recapture the data with url: https://raw.communitydragon.org/pbe/plugins/rcp-be-lol-game-data/global/zh_cn/v1/. Time(s) tried: 2
[2024-07-25 12-08-31]页面新文件列表如下：
New file list is as follows:
网页链接（URL)： https://raw.communitydragon.org/pbe/plugins/rcp-be-lol-game-data/global/zh_cn/v1/
              file                   size           web_date         web_timestamp        local_date          local_timestamp   
        challenges.json            599.0 KiB    2024-Jul-25 03:43    1721850180.0     2024-07-24 10-19-24    1721787564.443999  
      cherry-augments.json         45.1 KiB     2024-Jul-25 03:43    1721850180.0     2024-07-24 10-19-25    1721787565.4593718 
        companions.json            751.0 KiB    2024-Jul-25 03:43    1721850180.0     2024-07-24 10-19-26    1721787566.9152243 
         event-hub.json            52.3 KiB     2024-Jul-25 03:43    1721850180.0     2024-07-24 10-19-27    1721787567.652586  
      generic-assets.json          175.2 KiB    2024-Jul-25 03:43    1721850180.0     2024-07-24 10-19-28    1721787568.6482606 
           items.json              440.6 KiB    2024-Jul-25 03:43    1721850180.0     2024-07-24 10-19-30    1721787570.2545316 
           loot.json                2.8 MiB     2024-Jul-25 03:43    1721850180.0     2024-07-24 10-19-32    1721787572.3577425 
           perks.json              95.7 KiB     2024-Jul-25 03:43    1721850180.0     2024-07-24 10-19-33    1721787573.1726646 
           skins.json               3.4 MiB     2024-Jul-25 03:43    1721850180.0     2024-07-24 10-19-35    1721787575.4471483 
        statstones.json             1.7 MiB     2024-Jul-25 03:43    1721850180.0     2024-07-24 10-19-37    1721787577.3357196 
      strawberry-hub.json          195.4 KiB    2024-Jul-25 03:43    1721850180.0     2024-07-24 10-19-38    1721787578.847155  
        stylesheet.json            19.7 KiB     2024-Jul-25 03:43    1721850180.0     2024-07-24 10-19-39    1721787579.928575  
      summoner-emotes.json         318.8 KiB    2024-Jul-25 03:43    1721850180.0     2024-07-24 10-19-41    1721787581.1821504 
      summoner-icons.json           1.4 MiB     2024-Jul-25 03:43    1721850180.0     2024-07-24 10-19-42    1721787582.7488613 
      tftdamageskins.json          66.9 KiB     2024-Jul-25 03:43    1721850180.0     2024-07-24 10-19-43    1721787583.8112295 
         tftitems.json             316.2 KiB    2024-Jul-25 03:43    1721850180.0     2024-07-24 10-19-45    1721787585.4091203 
        tftmapskins.json           31.3 KiB     2024-Jul-25 03:43    1721850180.0     2024-07-19 11-37-00    1721360220.422094  
       tftplaybooks.json           55.5 KiB     2024-Jul-25 03:43    1721850180.0     2024-07-24 10-19-46    1721787586.3009994 
 tftrotationalshopitemdata.json    748.6 KiB    2024-Jul-25 03:43    1721850180.0     2024-07-24 10-19-48    1721787588.2533143 
         tfttraits.json            164.7 KiB    2024-Jul-25 03:43    1721850180.0     2024-07-24 10-19-49    1721787589.5625863 
  tfttrovesbannerrewards.json      663.1 KiB    2024-Jul-25 03:43    1721850180.0     2024-07-24 10-19-51    1721787591.1605804 
     tfttrovesbanners.json          6.1 MiB     2024-Jul-25 03:43    1721850180.0     2024-07-24 10-19-54    1721787594.1236453 
   tfttrovestablesnames.json       326.0 KiB    2024-Jul-25 03:43    1721850180.0     2024-07-24 10-19-55    1721787595.188183  
[2024-07-25 12-08-31][18/18][1/23]正在校对文件（Checking file）： https://raw.communitydragon.org/pbe/plugins/rcp-be-lol-game-data/global/zh_cn/v1/challenges.json
违反协议导致读取中断！正在尝试第1次重新获取数据！
EOF occurred in violation of protocol! Trying to recapture the data with url: https://raw.communitydragon.org/pbe/plugins/rcp-be-lol-game-data/global/zh_cn/v1/challenges.json. Time(s) tried: 1
[2024-07-25 12-08-32][18/18][2/23]正在校对文件（Checking file）： https://raw.communitydragon.org/pbe/plugins/rcp-be-lol-game-data/global/zh_cn/v1/cherry-augments.json
违反协议导致读取中断！正在尝试第1次重新获取数据！
EOF occurred in violation of protocol! Trying to recapture the data with url: https://raw.communitydragon.org/pbe/plugins/rcp-be-lol-game-data/global/zh_cn/v1/cherry-augments.json. Time(s) tried: 1
违反协议导致读取中断！正在尝试第2次重新获取数据！
EOF occurred in violation of protocol! Trying to recapture the data with url: https://raw.communitydragon.org/pbe/plugins/rcp-be-lol-game-data/global/zh_cn/v1/cherry-augments.json. Time(s) tried: 2
违反协议导致读取中断！正在尝试第3次重新获取数据！
EOF occurred in violation of protocol! Trying to recapture the data with url: https://raw.communitydragon.org/pbe/plugins/rcp-be-lol-game-data/global/zh_cn/v1/cherry-augments.json. Time(s) tried: 3
违反协议导致读取中断！正在尝试第4次重新获取数据！
EOF occurred in violation of protocol! Trying to recapture the data with url: https://raw.communitydragon.org/pbe/plugins/rcp-be-lol-game-data/global/zh_cn/v1/cherry-augments.json. Time(s) tried: 4
违反协议导致读取中断！正在尝试第5次重新获取数据！
EOF occurred in violation of protocol! Trying to recapture the data with url: https://raw.communitydragon.org/pbe/plugins/rcp-be-lol-game-data/global/zh_cn/v1/cherry-augments.json. Time(s) tried: 5
文件https://raw.communitydragon.org/pbe/plugins/rcp-be-lol-game-data/global/zh_cn/v1/cherry-augments.json比对失败！请等待程序结束后手动比对。
File https://raw.communitydragon.org/pbe/plugins/rcp-be-lol-game-data/global/zh_cn/v1/cherry-augments.json check failed! Please check manually after the program execution finishes.
[2024-07-25 12-08-34][18/18][3/23]正在校对文件（Checking file）： https://raw.communitydragon.org/pbe/plugins/rcp-be-lol-game-data/global/zh_cn/v1/companions.json
违反协议导致读取中断！正在尝试第1次重新获取数据！
EOF occurred in violation of protocol! Trying to recapture the data with url: https://raw.communitydragon.org/pbe/plugins/rcp-be-lol-game-data/global/zh_cn/v1/companions.json. Time(s) tried: 1
违反协议导致读取中断！正在尝试第2次重新获取数据！
EOF occurred in violation of protocol! Trying to recapture the data with url: https://raw.communitydragon.org/pbe/plugins/rcp-be-lol-game-data/global/zh_cn/v1/companions.json. Time(s) tried: 2
违反协议导致读取中断！正在尝试第3次重新获取数据！
EOF occurred in violation of protocol! Trying to recapture the data with url: https://raw.communitydragon.org/pbe/plugins/rcp-be-lol-game-data/global/zh_cn/v1/companions.json. Time(s) tried: 3
[2024-07-25 12-08-37][18/18][4/23]正在校对文件（Checking file）： https://raw.communitydragon.org/pbe/plugins/rcp-be-lol-game-data/global/zh_cn/v1/event-hub.json
[2024-07-25 12-08-38][18/18][5/23]正在校对文件（Checking file）： https://raw.communitydragon.org/pbe/plugins/rcp-be-lol-game-data/global/zh_cn/v1/generic-assets.json
违反协议导致读取中断！正在尝试第1次重新获取数据！
EOF occurred in violation of protocol! Trying to recapture the data with url: https://raw.communitydragon.org/pbe/plugins/rcp-be-lol-game-data/global/zh_cn/v1/generic-assets.json. Time(s) tried: 1
违反协议导致读取中断！正在尝试第2次重新获取数据！
EOF occurred in violation of protocol! Trying to recapture the data with url: https://raw.communitydragon.org/pbe/plugins/rcp-be-lol-game-data/global/zh_cn/v1/generic-assets.json. Time(s) tried: 2
[2024-07-25 12-08-40][18/18][6/23]正在校对文件（Checking file）： https://raw.communitydragon.org/pbe/plugins/rcp-be-lol-game-data/global/zh_cn/v1/items.json
违反协议导致读取中断！正在尝试第1次重新获取数据！
EOF occurred in violation of protocol! Trying to recapture the data with url: https://raw.communitydragon.org/pbe/plugins/rcp-be-lol-game-data/global/zh_cn/v1/items.json. Time(s) tried: 1
违反协议导致读取中断！正在尝试第2次重新获取数据！
EOF occurred in violation of protocol! Trying to recapture the data with url: https://raw.communitydragon.org/pbe/plugins/rcp-be-lol-game-data/global/zh_cn/v1/items.json. Time(s) tried: 2
[2024-07-25 12-08-42]已更新文件（Updated file）：离线数据（Offline Data）/cdragon/pbe/plugins/rcp-be-lol-game-data/global/zh_cn/v1/items.json
[2024-07-25 12-08-42][18/18][7/23]正在校对文件（Checking file）： https://raw.communitydragon.org/pbe/plugins/rcp-be-lol-game-data/global/zh_cn/v1/loot.json
违反协议导致读取中断！正在尝试第1次重新获取数据！
EOF occurred in violation of protocol! Trying to recapture the data with url: https://raw.communitydragon.org/pbe/plugins/rcp-be-lol-game-data/global/zh_cn/v1/loot.json. Time(s) tried: 1
违反协议导致读取中断！正在尝试第2次重新获取数据！
EOF occurred in violation of protocol! Trying to recapture the data with url: https://raw.communitydragon.org/pbe/plugins/rcp-be-lol-game-data/global/zh_cn/v1/loot.json. Time(s) tried: 2
违反协议导致读取中断！正在尝试第3次重新获取数据！
EOF occurred in violation of protocol! Trying to recapture the data with url: https://raw.communitydragon.org/pbe/plugins/rcp-be-lol-game-data/global/zh_cn/v1/loot.json. Time(s) tried: 3
违反协议导致读取中断！正在尝试第4次重新获取数据！
EOF occurred in violation of protocol! Trying to recapture the data with url: https://raw.communitydragon.org/pbe/plugins/rcp-be-lol-game-data/global/zh_cn/v1/loot.json. Time(s) tried: 4
违反协议导致读取中断！正在尝试第5次重新获取数据！
EOF occurred in violation of protocol! Trying to recapture the data with url: https://raw.communitydragon.org/pbe/plugins/rcp-be-lol-game-data/global/zh_cn/v1/loot.json. Time(s) tried: 5
文件https://raw.communitydragon.org/pbe/plugins/rcp-be-lol-game-data/global/zh_cn/v1/loot.json比对失败！请等待程序结束后手动比对。
File https://raw.communitydragon.org/pbe/plugins/rcp-be-lol-game-data/global/zh_cn/v1/loot.json check failed! Please check manually after the program execution finishes.
[2024-07-25 12-08-44][18/18][8/23]正在校对文件（Checking file）： https://raw.communitydragon.org/pbe/plugins/rcp-be-lol-game-data/global/zh_cn/v1/perks.json
[2024-07-25 12-08-46][18/18][9/23]正在校对文件（Checking file）： https://raw.communitydragon.org/pbe/plugins/rcp-be-lol-game-data/global/zh_cn/v1/skins.json
[2024-07-25 12-08-49]已更新文件（Updated file）：离线数据（Offline Data）/cdragon/pbe/plugins/rcp-be-lol-game-data/global/zh_cn/v1/skins.json
[2024-07-25 12-08-49][18/18][10/23]正在校对文件（Checking file）： https://raw.communitydragon.org/pbe/plugins/rcp-be-lol-game-data/global/zh_cn/v1/statstones.json
违反协议导致读取中断！正在尝试第1次重新获取数据！
EOF occurred in violation of protocol! Trying to recapture the data with url: https://raw.communitydragon.org/pbe/plugins/rcp-be-lol-game-data/global/zh_cn/v1/statstones.json. Time(s) tried: 1
[2024-07-25 12-08-51][18/18][11/23]正在校对文件（Checking file）： https://raw.communitydragon.org/pbe/plugins/rcp-be-lol-game-data/global/zh_cn/v1/strawberry-hub.json
[2024-07-25 12-08-53]已更新文件（Updated file）：离线数据（Offline Data）/cdragon/pbe/plugins/rcp-be-lol-game-data/global/zh_cn/v1/strawberry-hub.json
[2024-07-25 12-08-53][18/18][12/23]正在校对文件（Checking file）： https://raw.communitydragon.org/pbe/plugins/rcp-be-lol-game-data/global/zh_cn/v1/stylesheet.json
违反协议导致读取中断！正在尝试第1次重新获取数据！
EOF occurred in violation of protocol! Trying to recapture the data with url: https://raw.communitydragon.org/pbe/plugins/rcp-be-lol-game-data/global/zh_cn/v1/stylesheet.json. Time(s) tried: 1
[2024-07-25 12-08-54][18/18][13/23]正在校对文件（Checking file）： https://raw.communitydragon.org/pbe/plugins/rcp-be-lol-game-data/global/zh_cn/v1/summoner-emotes.json
违反协议导致读取中断！正在尝试第1次重新获取数据！
EOF occurred in violation of protocol! Trying to recapture the data with url: https://raw.communitydragon.org/pbe/plugins/rcp-be-lol-game-data/global/zh_cn/v1/summoner-emotes.json. Time(s) tried: 1
[2024-07-25 12-08-56][18/18][14/23]正在校对文件（Checking file）： https://raw.communitydragon.org/pbe/plugins/rcp-be-lol-game-data/global/zh_cn/v1/summoner-icons.json
[2024-07-25 12-08-58]已更新文件（Updated file）：离线数据（Offline Data）/cdragon/pbe/plugins/rcp-be-lol-game-data/global/zh_cn/v1/summoner-icons.json
[2024-07-25 12-08-58][18/18][15/23]正在校对文件（Checking file）： https://raw.communitydragon.org/pbe/plugins/rcp-be-lol-game-data/global/zh_cn/v1/tftdamageskins.json
[2024-07-25 12-08-59]已更新文件（Updated file）：离线数据（Offline Data）/cdragon/pbe/plugins/rcp-be-lol-game-data/global/zh_cn/v1/tftdamageskins.json
[2024-07-25 12-08-59][18/18][16/23]正在校对文件（Checking file）： https://raw.communitydragon.org/pbe/plugins/rcp-be-lol-game-data/global/zh_cn/v1/tftitems.json
违反协议导致读取中断！正在尝试第1次重新获取数据！
EOF occurred in violation of protocol! Trying to recapture the data with url: https://raw.communitydragon.org/pbe/plugins/rcp-be-lol-game-data/global/zh_cn/v1/tftitems.json. Time(s) tried: 1
违反协议导致读取中断！正在尝试第2次重新获取数据！
EOF occurred in violation of protocol! Trying to recapture the data with url: https://raw.communitydragon.org/pbe/plugins/rcp-be-lol-game-data/global/zh_cn/v1/tftitems.json. Time(s) tried: 2
违反协议导致读取中断！正在尝试第3次重新获取数据！
EOF occurred in violation of protocol! Trying to recapture the data with url: https://raw.communitydragon.org/pbe/plugins/rcp-be-lol-game-data/global/zh_cn/v1/tftitems.json. Time(s) tried: 3
[2024-07-25 12-09-01]已更新文件（Updated file）：离线数据（Offline Data）/cdragon/pbe/plugins/rcp-be-lol-game-data/global/zh_cn/v1/tftitems.json
[2024-07-25 12-09-01][18/18][17/23]正在校对文件（Checking file）： https://raw.communitydragon.org/pbe/plugins/rcp-be-lol-game-data/global/zh_cn/v1/tftmapskins.json
违反协议导致读取中断！正在尝试第1次重新获取数据！
EOF occurred in violation of protocol! Trying to recapture the data with url: https://raw.communitydragon.org/pbe/plugins/rcp-be-lol-game-data/global/zh_cn/v1/tftmapskins.json. Time(s) tried: 1
[2024-07-25 12-09-02]已更新文件（Updated file）：离线数据（Offline Data）/cdragon/pbe/plugins/rcp-be-lol-game-data/global/zh_cn/v1/tftmapskins.json
[2024-07-25 12-09-02][18/18][18/23]正在校对文件（Checking file）： https://raw.communitydragon.org/pbe/plugins/rcp-be-lol-game-data/global/zh_cn/v1/tftplaybooks.json
[2024-07-25 12-09-03]已更新文件（Updated file）：离线数据（Offline Data）/cdragon/pbe/plugins/rcp-be-lol-game-data/global/zh_cn/v1/tftplaybooks.json
[2024-07-25 12-09-03][18/18][19/23]正在校对文件（Checking file）： https://raw.communitydragon.org/pbe/plugins/rcp-be-lol-game-data/global/zh_cn/v1/tftrotationalshopitemdata.json
违反协议导致读取中断！正在尝试第1次重新获取数据！
EOF occurred in violation of protocol! Trying to recapture the data with url: https://raw.communitydragon.org/pbe/plugins/rcp-be-lol-game-data/global/zh_cn/v1/tftrotationalshopitemdata.json. Time(s) tried: 1
[2024-07-25 12-09-05][18/18][20/23]正在校对文件（Checking file）： https://raw.communitydragon.org/pbe/plugins/rcp-be-lol-game-data/global/zh_cn/v1/tfttraits.json
违反协议导致读取中断！正在尝试第1次重新获取数据！
EOF occurred in violation of protocol! Trying to recapture the data with url: https://raw.communitydragon.org/pbe/plugins/rcp-be-lol-game-data/global/zh_cn/v1/tfttraits.json. Time(s) tried: 1
违反协议导致读取中断！正在尝试第2次重新获取数据！
EOF occurred in violation of protocol! Trying to recapture the data with url: https://raw.communitydragon.org/pbe/plugins/rcp-be-lol-game-data/global/zh_cn/v1/tfttraits.json. Time(s) tried: 2
[2024-07-25 12-09-07]已更新文件（Updated file）：离线数据（Offline Data）/cdragon/pbe/plugins/rcp-be-lol-game-data/global/zh_cn/v1/tfttraits.json
[2024-07-25 12-09-07][18/18][21/23]正在校对文件（Checking file）： https://raw.communitydragon.org/pbe/plugins/rcp-be-lol-game-data/global/zh_cn/v1/tfttrovesbannerrewards.json
[2024-07-25 12-09-10]已更新文件（Updated file）：离线数据（Offline Data）/cdragon/pbe/plugins/rcp-be-lol-game-data/global/zh_cn/v1/tfttrovesbannerrewards.json
[2024-07-25 12-09-10][18/18][22/23]正在校对文件（Checking file）： https://raw.communitydragon.org/pbe/plugins/rcp-be-lol-game-data/global/zh_cn/v1/tfttrovesbanners.json
[2024-07-25 12-09-14][18/18][23/23]正在校对文件（Checking file）： https://raw.communitydragon.org/pbe/plugins/rcp-be-lol-game-data/global/zh_cn/v1/tfttrovestablesnames.json
[2024-07-25 12-09-15]已更新文件（Updated file）：离线数据（Offline Data）/cdragon/pbe/plugins/rcp-be-lol-game-data/global/zh_cn/v1/tfttrovestablesnames.json
已更新以下32个文件：
Updated the following 32 file(s):
https://raw.communitydragon.org/pbe/compat-version-metadata.json
https://raw.communitydragon.org/pbe/content-metadata.json
https://raw.communitydragon.org/pbe/plugins/rcp-be-lol-game-data/global/default/v1/champions/136.json
https://raw.communitydragon.org/pbe/plugins/rcp-be-lol-game-data/global/default/v1/champions/3152.json
https://raw.communitydragon.org/pbe/plugins/rcp-be-lol-game-data/global/default/v1/champions/72.json
https://raw.communitydragon.org/pbe/plugins/rcp-be-lol-game-data/global/default/v1/champions/89.json
https://raw.communitydragon.org/pbe/plugins/rcp-be-lol-game-data/global/default/v1/champions/893.json
https://raw.communitydragon.org/pbe/plugins/rcp-be-lol-game-data/global/default/v1/champion-rune-recommendations.json
https://raw.communitydragon.org/pbe/plugins/rcp-be-lol-game-data/global/default/v1/items.json
https://raw.communitydragon.org/pbe/plugins/rcp-be-lol-game-data/global/default/v1/rewards.json
https://raw.communitydragon.org/pbe/plugins/rcp-be-lol-game-data/global/default/v1/strawberry-hub.json
https://raw.communitydragon.org/pbe/plugins/rcp-be-lol-game-data/global/default/v1/tftitems.json
https://raw.communitydragon.org/pbe/plugins/rcp-be-lol-game-data/global/default/v1/tftplaybooks.json
https://raw.communitydragon.org/pbe/plugins/rcp-be-lol-game-data/global/default/v1/tfttraits.json
https://raw.communitydragon.org/pbe/plugins/rcp-be-lol-game-data/global/zh_cn/v1/champions/136.json
https://raw.communitydragon.org/pbe/plugins/rcp-be-lol-game-data/global/zh_cn/v1/champions/3152.json
https://raw.communitydragon.org/pbe/plugins/rcp-be-lol-game-data/global/zh_cn/v1/champions/498.json
https://raw.communitydragon.org/pbe/plugins/rcp-be-lol-game-data/global/zh_cn/v1/champions/72.json
https://raw.communitydragon.org/pbe/plugins/rcp-be-lol-game-data/global/zh_cn/v1/champions/777.json
https://raw.communitydragon.org/pbe/plugins/rcp-be-lol-game-data/global/zh_cn/v1/champions/89.json
https://raw.communitydragon.org/pbe/plugins/rcp-be-lol-game-data/global/zh_cn/v1/champions/893.json
https://raw.communitydragon.org/pbe/plugins/rcp-be-lol-game-data/global/zh_cn/v1/items.json
https://raw.communitydragon.org/pbe/plugins/rcp-be-lol-game-data/global/zh_cn/v1/skins.json
https://raw.communitydragon.org/pbe/plugins/rcp-be-lol-game-data/global/zh_cn/v1/strawberry-hub.json
https://raw.communitydragon.org/pbe/plugins/rcp-be-lol-game-data/global/zh_cn/v1/summoner-icons.json
https://raw.communitydragon.org/pbe/plugins/rcp-be-lol-game-data/global/zh_cn/v1/tftdamageskins.json
https://raw.communitydragon.org/pbe/plugins/rcp-be-lol-game-data/global/zh_cn/v1/tftitems.json
https://raw.communitydragon.org/pbe/plugins/rcp-be-lol-game-data/global/zh_cn/v1/tftmapskins.json
https://raw.communitydragon.org/pbe/plugins/rcp-be-lol-game-data/global/zh_cn/v1/tftplaybooks.json
https://raw.communitydragon.org/pbe/plugins/rcp-be-lol-game-data/global/zh_cn/v1/tfttraits.json
https://raw.communitydragon.org/pbe/plugins/rcp-be-lol-game-data/global/zh_cn/v1/tfttrovesbannerrewards.json
https://raw.communitydragon.org/pbe/plugins/rcp-be-lol-game-data/global/zh_cn/v1/tfttrovestablesnames.json

以下2个文件比对失败。请重新比对！
The following 2 file(s) fail to be checked. Please check manually!
https://raw.communitydragon.org/pbe/plugins/rcp-be-lol-game-data/global/zh_cn/v1/cherry-augments.json
https://raw.communitydragon.org/pbe/plugins/rcp-be-lol-game-data/global/zh_cn/v1/loot.json

请选择要更新的数据资源，输入空字符串以退出程序：
Please select the data resource to update, or submit an empty string to exit the program:
1	CommunityDragon
2	DataDragon
1
请选择更新模式：
Please select the update mode:
1	全局扫描（Global Scanning）
2	按修改时间更新（Updating According to Modification Time）
3	更新指定文件夹（Updating Specified Folders）
3
[2024-07-25 12-09-33][1/18]正在检查文件夹（Checking the folder）：https://raw.communitydragon.org/latest/
[2024-07-25 12-09-35]页面文件列表如下：
File list is as follows:
网页链接（URL)： https://raw.communitydragon.org/latest/
             file                size        web_date         web_timestamp        local_date          local_timestamp  
 compat-version-metadata.json    72 B    2024-Jul-23 01:16    1721668560.0     2024-07-23 11-25-12    1721705112.803245 
    content-metadata.json        74 B    2024-Jul-23 01:16    1721668560.0     2024-07-23 11-25-13    1721705113.770712 
[2024-07-25 12-09-35][1/18][1/2]正在校对文件（Checking file）： https://raw.communitydragon.org/latest/compat-version-metadata.json
[2024-07-25 12-09-35][1/18][2/2]正在校对文件（Checking file）： https://raw.communitydragon.org/latest/content-metadata.json
[2024-07-25 12-09-36][2/18]正在检查文件夹（Checking the folder）：https://raw.communitydragon.org/latest/cdragon/arena/
违反协议导致读取中断！正在尝试第1次重新获取数据！
EOF occurred in violation of protocol! Trying to recapture the data with url: https://raw.communitydragon.org/latest/cdragon/arena/. Time(s) tried: 1
[2024-07-25 12-09-37]页面文件列表如下：
File list is as follows:
网页链接（URL)： https://raw.communitydragon.org/latest/cdragon/arena/
    file         size           web_date         web_timestamp        local_date          local_timestamp   
 en_us.json    160.0 KiB    2024-Jul-23 01:38    1721669880.0     2024-07-23 11-25-16    1721705116.0099473 
 zh_cn.json    162.2 KiB    2024-Jul-23 01:38    1721669880.0     2024-07-23 11-25-17    1721705117.246312  
[2024-07-25 12-09-37][2/18][1/2]正在校对文件（Checking file）： https://raw.communitydragon.org/latest/cdragon/arena/en_us.json
[2024-07-25 12-09-38][2/18][2/2]正在校对文件（Checking file）： https://raw.communitydragon.org/latest/cdragon/arena/zh_cn.json
[2024-07-25 12-09-39][3/18]正在检查文件夹（Checking the folder）：https://raw.communitydragon.org/latest/cdragon/tft/
