请选择要更新的数据资源，输入空字符串以退出程序：
Please select the data resource to update, or submit an empty string to exit the program:
1	CommunityDragon
2	DataDragon
1
请选择更新模式：
Please select the update mode:
1	全局扫描（Global Scanning）
2	按修改时间更新（Updating According to Modification Time）
3	更新指定文件夹（Updating Specified Folders）

请选择一种方式指定修改时间：
Please select a method of specifying the modification time:
1	自动获取（Automatically get）
2	手动输入（Manually input）

[2024-07-26 12-10-20][1/18]正在检查文件夹（Checking the folder）：https://raw.communitydragon.org/latest/
[2024-07-26 12-10-21]页面新文件列表如下：
New file list is as follows:
网页链接（URL)： https://raw.communitydragon.org/latest/
Empty DataFrame
Columns: [file, size, web_date, web_timestamp, local_date, local_timestamp]
Index: []
[2024-07-26 12-10-21][2/18]正在检查文件夹（Checking the folder）：https://raw.communitydragon.org/latest/cdragon/arena/
[2024-07-26 12-10-22]页面新文件列表如下：
New file list is as follows:
网页链接（URL)： https://raw.communitydragon.org/latest/cdragon/arena/
Empty DataFrame
Columns: [file, size, web_date, web_timestamp, local_date, local_timestamp]
Index: []
[2024-07-26 12-10-22][3/18]正在检查文件夹（Checking the folder）：https://raw.communitydragon.org/latest/cdragon/tft/
[2024-07-26 12-10-23]页面新文件列表如下：
New file list is as follows:
网页链接（URL)： https://raw.communitydragon.org/latest/cdragon/tft/
Empty DataFrame
Columns: [file, size, web_date, web_timestamp, local_date, local_timestamp]
Index: []
[2024-07-26 12-10-23][4/18]正在检查文件夹（Checking the folder）：https://raw.communitydragon.org/latest/plugins/rcp-be-lol-game-data/global/default/v1/champions/
[2024-07-26 12-10-24]页面新文件列表如下：
New file list is as follows:
网页链接（URL)： https://raw.communitydragon.org/latest/plugins/rcp-be-lol-game-data/global/default/v1/champions/
Empty DataFrame
Columns: [file, size, web_date, web_timestamp, local_date, local_timestamp]
Index: []
[2024-07-26 12-10-24][5/18]正在检查文件夹（Checking the folder）：https://raw.communitydragon.org/latest/plugins/rcp-be-lol-game-data/global/default/v1/map-assets/
[2024-07-26 12-10-26]页面新文件列表如下：
New file list is as follows:
网页链接（URL)： https://raw.communitydragon.org/latest/plugins/rcp-be-lol-game-data/global/default/v1/map-assets/
Empty DataFrame
Columns: [file, size, web_date, web_timestamp, local_date, local_timestamp]
Index: []
[2024-07-26 12-10-26][6/18]正在检查文件夹（Checking the folder）：https://raw.communitydragon.org/latest/plugins/rcp-be-lol-game-data/global/default/v1/
[2024-07-26 12-10-29]页面新文件列表如下：
New file list is as follows:
网页链接（URL)： https://raw.communitydragon.org/latest/plugins/rcp-be-lol-game-data/global/default/v1/
Empty DataFrame
Columns: [file, size, web_date, web_timestamp, local_date, local_timestamp]
Index: []
[2024-07-26 12-10-29][7/18]正在检查文件夹（Checking the folder）：https://raw.communitydragon.org/latest/plugins/rcp-be-lol-game-data/global/zh_cn/v1/champions/
[2024-07-26 12-10-30]页面新文件列表如下：
New file list is as follows:
网页链接（URL)： https://raw.communitydragon.org/latest/plugins/rcp-be-lol-game-data/global/zh_cn/v1/champions/
Empty DataFrame
Columns: [file, size, web_date, web_timestamp, local_date, local_timestamp]
Index: []
[2024-07-26 12-10-30][8/18]正在检查文件夹（Checking the folder）：https://raw.communitydragon.org/latest/plugins/rcp-be-lol-game-data/global/zh_cn/v1/map-assets/
[2024-07-26 12-10-31]页面新文件列表如下：
New file list is as follows:
网页链接（URL)： https://raw.communitydragon.org/latest/plugins/rcp-be-lol-game-data/global/zh_cn/v1/map-assets/
Empty DataFrame
Columns: [file, size, web_date, web_timestamp, local_date, local_timestamp]
Index: []
[2024-07-26 12-10-31][9/18]正在检查文件夹（Checking the folder）：https://raw.communitydragon.org/latest/plugins/rcp-be-lol-game-data/global/zh_cn/v1/
[2024-07-26 12-10-33]页面新文件列表如下：
New file list is as follows:
网页链接（URL)： https://raw.communitydragon.org/latest/plugins/rcp-be-lol-game-data/global/zh_cn/v1/
Empty DataFrame
Columns: [file, size, web_date, web_timestamp, local_date, local_timestamp]
Index: []
[2024-07-26 12-10-33][10/18]正在检查文件夹（Checking the folder）：https://raw.communitydragon.org/pbe/
[2024-07-26 12-10-34]页面新文件列表如下：
New file list is as follows:
网页链接（URL)： https://raw.communitydragon.org/pbe/
             file                size        web_date         web_timestamp        local_date          local_timestamp   
 compat-version-metadata.json    72 B    2024-Jul-26 03:41    1721936460.0     2024-07-25 12-07-29    1721880449.8744867 
    content-metadata.json        74 B    2024-Jul-26 03:41    1721936460.0     2024-07-25 12-07-30    1721880450.9063082 
[2024-07-26 12-10-34][10/18][1/2]正在校对文件（Checking file）： https://raw.communitydragon.org/pbe/compat-version-metadata.json
[2024-07-26 12-10-35]已更新文件（Updated file）：离线数据（Offline Data）/cdragon/pbe/compat-version-metadata.json
[2024-07-26 12-10-35][10/18][2/2]正在校对文件（Checking file）： https://raw.communitydragon.org/pbe/content-metadata.json
[2024-07-26 12-10-36]已更新文件（Updated file）：离线数据（Offline Data）/cdragon/pbe/content-metadata.json
[2024-07-26 12-10-36][11/18]正在检查文件夹（Checking the folder）：https://raw.communitydragon.org/pbe/cdragon/arena/
[2024-07-26 12-10-37]页面新文件列表如下：
New file list is as follows:
网页链接（URL)： https://raw.communitydragon.org/pbe/cdragon/arena/
Empty DataFrame
Columns: [file, size, web_date, web_timestamp, local_date, local_timestamp]
Index: []
[2024-07-26 12-10-37][12/18]正在检查文件夹（Checking the folder）：https://raw.communitydragon.org/pbe/cdragon/tft/
[2024-07-26 12-10-38]页面新文件列表如下：
New file list is as follows:
网页链接（URL)： https://raw.communitydragon.org/pbe/cdragon/tft/
Empty DataFrame
Columns: [file, size, web_date, web_timestamp, local_date, local_timestamp]
Index: []
[2024-07-26 12-10-39][13/18]正在检查文件夹（Checking the folder）：https://raw.communitydragon.org/pbe/plugins/rcp-be-lol-game-data/global/default/v1/champions/
[2024-07-26 12-10-40]页面新文件列表如下：
New file list is as follows:
网页链接（URL)： https://raw.communitydragon.org/pbe/plugins/rcp-be-lol-game-data/global/default/v1/champions/
   file         size          web_date         web_timestamp        local_date          local_timestamp   
 136.json     24.9 KiB    2024-Jul-26 03:43    1721936580.0     2024-07-25 12-07-34    1721880454.9269197 
 238.json     35.5 KiB    2024-Jul-26 03:43    1721936580.0     2024-07-25 12-07-36    1721880456.019244  
 3152.json    7.6 KiB     2024-Jul-26 03:43    1721936580.0     2024-07-25 12-07-36    1721880456.799477  
  69.json     24.7 KiB    2024-Jul-26 03:43    1721936580.0     2024-07-25 12-07-37    1721880457.574809  
  72.json     17.5 KiB    2024-Jul-26 03:43    1721936580.0     2024-07-25 12-07-38    1721880458.681748  
 777.json     32.1 KiB    2024-Jul-26 03:43    1721936580.0     2024-07-25 12-07-39    1721880459.4809494 
  84.json     45.5 KiB    2024-Jul-26 03:43    1721936580.0     2024-07-25 12-07-40    1721880460.6292038 
  89.json     38.5 KiB    2024-Jul-26 03:43    1721936580.0     2024-07-25 12-07-41    1721880461.4295192 
 893.json     13.6 KiB    2024-Jul-26 03:43    1721936580.0     2024-07-25 12-07-42    1721880462.2223086 
[2024-07-26 12-10-40][13/18][1/9]正在校对文件（Checking file）： https://raw.communitydragon.org/pbe/plugins/rcp-be-lol-game-data/global/default/v1/champions/136.json
[2024-07-26 12-10-42]已更新文件（Updated file）：离线数据（Offline Data）/cdragon/pbe/plugins/rcp-be-lol-game-data/global/default/v1/champions/136.json
[2024-07-26 12-10-42][13/18][2/9]正在校对文件（Checking file）： https://raw.communitydragon.org/pbe/plugins/rcp-be-lol-game-data/global/default/v1/champions/238.json
[2024-07-26 12-10-44][13/18][3/9]正在校对文件（Checking file）： https://raw.communitydragon.org/pbe/plugins/rcp-be-lol-game-data/global/default/v1/champions/3152.json
[2024-07-26 12-10-45][13/18][4/9]正在校对文件（Checking file）： https://raw.communitydragon.org/pbe/plugins/rcp-be-lol-game-data/global/default/v1/champions/69.json
[2024-07-26 12-10-46][13/18][5/9]正在校对文件（Checking file）： https://raw.communitydragon.org/pbe/plugins/rcp-be-lol-game-data/global/default/v1/champions/72.json
[2024-07-26 12-10-47][13/18][6/9]正在校对文件（Checking file）： https://raw.communitydragon.org/pbe/plugins/rcp-be-lol-game-data/global/default/v1/champions/777.json
[2024-07-26 12-10-48][13/18][7/9]正在校对文件（Checking file）： https://raw.communitydragon.org/pbe/plugins/rcp-be-lol-game-data/global/default/v1/champions/84.json
[2024-07-26 12-10-49][13/18][8/9]正在校对文件（Checking file）： https://raw.communitydragon.org/pbe/plugins/rcp-be-lol-game-data/global/default/v1/champions/89.json
[2024-07-26 12-10-50][13/18][9/9]正在校对文件（Checking file）： https://raw.communitydragon.org/pbe/plugins/rcp-be-lol-game-data/global/default/v1/champions/893.json
[2024-07-26 12-10-51][14/18]正在检查文件夹（Checking the folder）：https://raw.communitydragon.org/pbe/plugins/rcp-be-lol-game-data/global/default/v1/map-assets/
[2024-07-26 12-10-52]页面新文件列表如下：
New file list is as follows:
网页链接（URL)： https://raw.communitydragon.org/pbe/plugins/rcp-be-lol-game-data/global/default/v1/map-assets/
Empty DataFrame
Columns: [file, size, web_date, web_timestamp, local_date, local_timestamp]
Index: []
[2024-07-26 12-10-52][15/18]正在检查文件夹（Checking the folder）：https://raw.communitydragon.org/pbe/plugins/rcp-be-lol-game-data/global/default/v1/
[2024-07-26 12-10-53]页面新文件列表如下：
New file list is as follows:
网页链接（URL)： https://raw.communitydragon.org/pbe/plugins/rcp-be-lol-game-data/global/default/v1/
                file                     size           web_date         web_timestamp        local_date          local_timestamp   
          challenges.json              592.5 KiB    2024-Jul-26 03:43    1721936580.0     2024-07-25 12-07-45    1721880465.2059064 
 champion-rune-recommendations.json    325.6 KiB    2024-Jul-26 03:43    1721936580.0     2024-07-25 12-07-46    1721880466.3377872 
        cherry-augments.json           45.3 KiB     2024-Jul-26 03:43    1721936580.0     2024-07-25 12-07-47    1721880467.166522  
          companions.json              747.7 KiB    2024-Jul-26 03:43    1721936580.0     2024-07-25 12-07-48    1721880468.740219  
           event-hub.json              51.8 KiB     2024-Jul-26 03:43    1721936580.0     2024-07-25 12-07-49    1721880469.9254131 
        generic-assets.json            175.2 KiB    2024-Jul-26 03:43    1721936580.0     2024-07-25 12-07-51    1721880471.227358  
             items.json                441.8 KiB    2024-Jul-26 03:43    1721936580.0     2024-07-25 12-07-52    1721880472.6276114 
             loot.json                  2.8 MiB     2024-Jul-26 03:43    1721936580.0     2024-07-25 12-07-54    1721880474.7489834 
             perks.json                93.5 KiB     2024-Jul-26 03:43    1721936580.0     2024-07-25 12-07-55    1721880475.9119036 
            rewards.json               536.9 KiB    2024-Jul-26 03:43    1721936580.0     2024-07-25 12-07-57    1721880477.0569892 
          statstones.json               1.7 MiB     2024-Jul-26 03:43    1721936580.0     2024-07-25 12-07-59    1721880479.328965  
        strawberry-hub.json            192.1 KiB    2024-Jul-26 03:43    1721936580.0     2024-07-25 12-08-00    1721880480.8334613 
          stylesheet.json              19.7 KiB     2024-Jul-26 03:43    1721936580.0     2024-07-25 12-08-01    1721880481.7074134 
        tftdamageskins.json            66.8 KiB     2024-Jul-26 03:43    1721936580.0     2024-07-11 10-42-47    1720665767.0867262 
           tftitems.json               317.1 KiB    2024-Jul-26 03:43    1721936580.0     2024-07-25 12-08-03    1721880483.5098724 
         tftplaybooks.json             54.4 KiB     2024-Jul-26 03:43    1721936580.0     2024-07-25 12-08-04    1721880484.5563755 
   tftrotationalshopitemdata.json      748.5 KiB    2024-Jul-26 03:43    1721936580.0     2024-07-25 12-08-05    1721880485.8626819 
           tfttraits.json              161.9 KiB    2024-Jul-26 03:43    1721936580.0     2024-07-25 12-08-07    1721880487.0336053 
    tfttrovesbannerrewards.json        661.4 KiB    2024-Jul-26 03:43    1721936580.0     2024-07-25 12-08-08    1721880488.5194364 
     tfttrovestablesnames.json         315.9 KiB    2024-Jul-26 03:43    1721936580.0     2024-07-25 12-08-09    1721880489.7882376 
[2024-07-26 12-10-53][15/18][1/20]正在校对文件（Checking file）： https://raw.communitydragon.org/pbe/plugins/rcp-be-lol-game-data/global/default/v1/challenges.json
[2024-07-26 12-10-55][15/18][2/20]正在校对文件（Checking file）： https://raw.communitydragon.org/pbe/plugins/rcp-be-lol-game-data/global/default/v1/champion-rune-recommendations.json
[2024-07-26 12-10-56]已更新文件（Updated file）：离线数据（Offline Data）/cdragon/pbe/plugins/rcp-be-lol-game-data/global/default/v1/champion-rune-recommendations.json
[2024-07-26 12-10-56][15/18][3/20]正在校对文件（Checking file）： https://raw.communitydragon.org/pbe/plugins/rcp-be-lol-game-data/global/default/v1/cherry-augments.json
[2024-07-26 12-10-57][15/18][4/20]正在校对文件（Checking file）： https://raw.communitydragon.org/pbe/plugins/rcp-be-lol-game-data/global/default/v1/companions.json
[2024-07-26 12-10-59]已更新文件（Updated file）：离线数据（Offline Data）/cdragon/pbe/plugins/rcp-be-lol-game-data/global/default/v1/companions.json
[2024-07-26 12-10-59][15/18][5/20]正在校对文件（Checking file）： https://raw.communitydragon.org/pbe/plugins/rcp-be-lol-game-data/global/default/v1/event-hub.json
[2024-07-26 12-11-00][15/18][6/20]正在校对文件（Checking file）： https://raw.communitydragon.org/pbe/plugins/rcp-be-lol-game-data/global/default/v1/generic-assets.json
[2024-07-26 12-11-01][15/18][7/20]正在校对文件（Checking file）： https://raw.communitydragon.org/pbe/plugins/rcp-be-lol-game-data/global/default/v1/items.json
[2024-07-26 12-11-03][15/18][8/20]正在校对文件（Checking file）： https://raw.communitydragon.org/pbe/plugins/rcp-be-lol-game-data/global/default/v1/loot.json
[2024-07-26 12-11-05][15/18][9/20]正在校对文件（Checking file）： https://raw.communitydragon.org/pbe/plugins/rcp-be-lol-game-data/global/default/v1/perks.json
[2024-07-26 12-11-06]已更新文件（Updated file）：离线数据（Offline Data）/cdragon/pbe/plugins/rcp-be-lol-game-data/global/default/v1/perks.json
[2024-07-26 12-11-06][15/18][10/20]正在校对文件（Checking file）： https://raw.communitydragon.org/pbe/plugins/rcp-be-lol-game-data/global/default/v1/rewards.json
[2024-07-26 12-11-08][15/18][11/20]正在校对文件（Checking file）： https://raw.communitydragon.org/pbe/plugins/rcp-be-lol-game-data/global/default/v1/statstones.json
[2024-07-26 12-11-10][15/18][12/20]正在校对文件（Checking file）： https://raw.communitydragon.org/pbe/plugins/rcp-be-lol-game-data/global/default/v1/strawberry-hub.json
[2024-07-26 12-11-12][15/18][13/20]正在校对文件（Checking file）： https://raw.communitydragon.org/pbe/plugins/rcp-be-lol-game-data/global/default/v1/stylesheet.json
违反协议导致读取中断！正在尝试第1次重新获取数据！
EOF occurred in violation of protocol! Trying to recapture the data with url: https://raw.communitydragon.org/pbe/plugins/rcp-be-lol-game-data/global/default/v1/stylesheet.json. Time(s) tried: 1
[2024-07-26 12-11-14][15/18][14/20]正在校对文件（Checking file）： https://raw.communitydragon.org/pbe/plugins/rcp-be-lol-game-data/global/default/v1/tftdamageskins.json
[2024-07-26 12-11-15]已更新文件（Updated file）：离线数据（Offline Data）/cdragon/pbe/plugins/rcp-be-lol-game-data/global/default/v1/tftdamageskins.json
[2024-07-26 12-11-15][15/18][15/20]正在校对文件（Checking file）： https://raw.communitydragon.org/pbe/plugins/rcp-be-lol-game-data/global/default/v1/tftitems.json
[2024-07-26 12-11-17][15/18][16/20]正在校对文件（Checking file）： https://raw.communitydragon.org/pbe/plugins/rcp-be-lol-game-data/global/default/v1/tftplaybooks.json
[2024-07-26 12-11-18][15/18][17/20]正在校对文件（Checking file）： https://raw.communitydragon.org/pbe/plugins/rcp-be-lol-game-data/global/default/v1/tftrotationalshopitemdata.json
[2024-07-26 12-11-20][15/18][18/20]正在校对文件（Checking file）： https://raw.communitydragon.org/pbe/plugins/rcp-be-lol-game-data/global/default/v1/tfttraits.json
[2024-07-26 12-11-21][15/18][19/20]正在校对文件（Checking file）： https://raw.communitydragon.org/pbe/plugins/rcp-be-lol-game-data/global/default/v1/tfttrovesbannerrewards.json
[2024-07-26 12-11-25]已更新文件（Updated file）：离线数据（Offline Data）/cdragon/pbe/plugins/rcp-be-lol-game-data/global/default/v1/tfttrovesbannerrewards.json
[2024-07-26 12-11-25][15/18][20/20]正在校对文件（Checking file）： https://raw.communitydragon.org/pbe/plugins/rcp-be-lol-game-data/global/default/v1/tfttrovestablesnames.json
[2024-07-26 12-11-26][16/18]正在检查文件夹（Checking the folder）：https://raw.communitydragon.org/pbe/plugins/rcp-be-lol-game-data/global/zh_cn/v1/champions/
[2024-07-26 12-11-27]页面新文件列表如下：
New file list is as follows:
网页链接（URL)： https://raw.communitydragon.org/pbe/plugins/rcp-be-lol-game-data/global/zh_cn/v1/champions/
   file         size          web_date         web_timestamp        local_date          local_timestamp   
 121.json     35.5 KiB    2024-Jul-26 03:43    1721936580.0     2024-07-25 12-08-11    1721880491.8370075 
 136.json     25.9 KiB    2024-Jul-26 03:43    1721936580.0     2024-07-25 12-08-13    1721880493.3959117 
  14.json     29.4 KiB    2024-Jul-26 03:43    1721936580.0     2024-07-25 12-08-14    1721880494.1569352 
 157.json     46.3 KiB    2024-Jul-26 03:43    1721936580.0     2024-07-25 12-08-15    1721880495.5451467 
 233.json     18.3 KiB    2024-Jul-26 03:43    1721936580.0     2024-07-25 12-08-16    1721880496.5965545 
 238.json     38.2 KiB    2024-Jul-26 03:43    1721936580.0     2024-07-25 12-08-17    1721880497.613907  
 266.json     30.9 KiB    2024-Jul-26 03:43    1721936580.0     2024-07-25 12-08-18    1721880498.575774  
 3152.json    7.6 KiB     2024-Jul-26 03:43    1721936580.0     2024-07-25 12-08-19    1721880499.3320003 
 420.json     22.9 KiB    2024-Jul-26 03:43    1721936580.0     2024-07-25 12-08-20    1721880500.472999  
 498.json     33.3 KiB    2024-Jul-26 03:43    1721936580.0     2024-07-25 12-08-21    1721880501.3080559 
  69.json     25.9 KiB    2024-Jul-26 03:43    1721936580.0     2024-07-25 12-08-22    1721880502.1402755 
  72.json     18.0 KiB    2024-Jul-26 03:43    1721936580.0     2024-07-25 12-08-23    1721880503.1933708 
 777.json     34.1 KiB    2024-Jul-26 03:43    1721936580.0     2024-07-25 12-08-25    1721880505.654839  
  89.json     41.4 KiB    2024-Jul-26 03:43    1721936580.0     2024-07-25 12-08-27    1721880507.015908  
 893.json     13.7 KiB    2024-Jul-26 03:43    1721936580.0     2024-07-25 12-08-27    1721880507.840611  
  91.json     33.2 KiB    2024-Jul-26 03:43    1721936580.0     2024-07-25 12-08-28    1721880508.849826  
[2024-07-26 12-11-27][16/18][1/16]正在校对文件（Checking file）： https://raw.communitydragon.org/pbe/plugins/rcp-be-lol-game-data/global/zh_cn/v1/champions/121.json
[2024-07-26 12-11-29][16/18][2/16]正在校对文件（Checking file）： https://raw.communitydragon.org/pbe/plugins/rcp-be-lol-game-data/global/zh_cn/v1/champions/136.json
[2024-07-26 12-11-30]已更新文件（Updated file）：离线数据（Offline Data）/cdragon/pbe/plugins/rcp-be-lol-game-data/global/zh_cn/v1/champions/136.json
[2024-07-26 12-11-30][16/18][3/16]正在校对文件（Checking file）： https://raw.communitydragon.org/pbe/plugins/rcp-be-lol-game-data/global/zh_cn/v1/champions/14.json
[2024-07-26 12-11-31][16/18][4/16]正在校对文件（Checking file）： https://raw.communitydragon.org/pbe/plugins/rcp-be-lol-game-data/global/zh_cn/v1/champions/157.json
[2024-07-26 12-11-32][16/18][5/16]正在校对文件（Checking file）： https://raw.communitydragon.org/pbe/plugins/rcp-be-lol-game-data/global/zh_cn/v1/champions/233.json
[2024-07-26 12-11-33][16/18][6/16]正在校对文件（Checking file）： https://raw.communitydragon.org/pbe/plugins/rcp-be-lol-game-data/global/zh_cn/v1/champions/238.json
[2024-07-26 12-11-34][16/18][7/16]正在校对文件（Checking file）： https://raw.communitydragon.org/pbe/plugins/rcp-be-lol-game-data/global/zh_cn/v1/champions/266.json
[2024-07-26 12-11-35][16/18][8/16]正在校对文件（Checking file）： https://raw.communitydragon.org/pbe/plugins/rcp-be-lol-game-data/global/zh_cn/v1/champions/3152.json
[2024-07-26 12-11-36][16/18][9/16]正在校对文件（Checking file）： https://raw.communitydragon.org/pbe/plugins/rcp-be-lol-game-data/global/zh_cn/v1/champions/420.json
[2024-07-26 12-11-37][16/18][10/16]正在校对文件（Checking file）： https://raw.communitydragon.org/pbe/plugins/rcp-be-lol-game-data/global/zh_cn/v1/champions/498.json
[2024-07-26 12-11-38][16/18][11/16]正在校对文件（Checking file）： https://raw.communitydragon.org/pbe/plugins/rcp-be-lol-game-data/global/zh_cn/v1/champions/69.json
[2024-07-26 12-11-39][16/18][12/16]正在校对文件（Checking file）： https://raw.communitydragon.org/pbe/plugins/rcp-be-lol-game-data/global/zh_cn/v1/champions/72.json
[2024-07-26 12-11-40][16/18][13/16]正在校对文件（Checking file）： https://raw.communitydragon.org/pbe/plugins/rcp-be-lol-game-data/global/zh_cn/v1/champions/777.json
[2024-07-26 12-11-41][16/18][14/16]正在校对文件（Checking file）： https://raw.communitydragon.org/pbe/plugins/rcp-be-lol-game-data/global/zh_cn/v1/champions/89.json
违反协议导致读取中断！正在尝试第1次重新获取数据！
EOF occurred in violation of protocol! Trying to recapture the data with url: https://raw.communitydragon.org/pbe/plugins/rcp-be-lol-game-data/global/zh_cn/v1/champions/89.json. Time(s) tried: 1
[2024-07-26 12-11-42][16/18][15/16]正在校对文件（Checking file）： https://raw.communitydragon.org/pbe/plugins/rcp-be-lol-game-data/global/zh_cn/v1/champions/893.json
[2024-07-26 12-11-43][16/18][16/16]正在校对文件（Checking file）： https://raw.communitydragon.org/pbe/plugins/rcp-be-lol-game-data/global/zh_cn/v1/champions/91.json
[2024-07-26 12-11-44][17/18]正在检查文件夹（Checking the folder）：https://raw.communitydragon.org/pbe/plugins/rcp-be-lol-game-data/global/zh_cn/v1/map-assets/
[2024-07-26 12-11-45]页面新文件列表如下：
New file list is as follows:
网页链接（URL)： https://raw.communitydragon.org/pbe/plugins/rcp-be-lol-game-data/global/zh_cn/v1/map-assets/
Empty DataFrame
Columns: [file, size, web_date, web_timestamp, local_date, local_timestamp]
Index: []
[2024-07-26 12-11-45][18/18]正在检查文件夹（Checking the folder）：https://raw.communitydragon.org/pbe/plugins/rcp-be-lol-game-data/global/zh_cn/v1/
[2024-07-26 12-11-45]页面新文件列表如下：
New file list is as follows:
网页链接（URL)： https://raw.communitydragon.org/pbe/plugins/rcp-be-lol-game-data/global/zh_cn/v1/
              file                   size           web_date         web_timestamp        local_date          local_timestamp   
        challenges.json            599.0 KiB    2024-Jul-26 03:43    1721936580.0     2024-07-25 12-08-32    1721880512.9496703 
      cherry-augments.json         45.1 KiB     2024-Jul-26 03:43    1721936580.0     2024-07-25 12-11-01    1721880661.893742  
        companions.json            751.0 KiB    2024-Jul-26 03:43    1721936580.0     2024-07-25 12-08-37    1721880517.529832  
         event-hub.json            52.3 KiB     2024-Jul-26 03:43    1721936580.0     2024-07-25 12-08-38    1721880518.538081  
      generic-assets.json          175.2 KiB    2024-Jul-26 03:43    1721936580.0     2024-07-25 12-08-40    1721880520.3373368 
           items.json              440.6 KiB    2024-Jul-26 03:43    1721936580.0     2024-07-25 12-08-42     1721880522.65546  
           loot.json                2.8 MiB     2024-Jul-26 03:43    1721936580.0     2024-07-25 12-11-04    1721880664.2222548 
           perks.json              95.7 KiB     2024-Jul-26 03:43    1721936580.0     2024-07-25 12-08-46    1721880526.8551178 
           skins.json               3.4 MiB     2024-Jul-26 03:43    1721936580.0     2024-07-25 12-08-49    1721880529.536553  
        statstones.json             1.7 MiB     2024-Jul-26 03:43    1721936580.0     2024-07-25 12-08-51    1721880531.8329434 
      strawberry-hub.json          195.4 KiB    2024-Jul-26 03:43    1721936580.0     2024-07-25 12-08-53    1721880533.202276  
        stylesheet.json            19.7 KiB     2024-Jul-26 03:43    1721936580.0     2024-07-25 12-08-54    1721880534.6492171 
      summoner-emotes.json         318.8 KiB    2024-Jul-26 03:43    1721936580.0     2024-07-25 12-08-56    1721880536.392546  
      summoner-icons.json           1.4 MiB     2024-Jul-26 03:43    1721936580.0     2024-07-25 12-08-58    1721880538.0848434 
      tftdamageskins.json          66.9 KiB     2024-Jul-26 03:43    1721936580.0     2024-07-25 12-08-59    1721880539.0142207 
         tftitems.json             316.2 KiB    2024-Jul-26 03:43    1721936580.0     2024-07-25 12-09-01    1721880541.2747455 
        tftmapskins.json           31.3 KiB     2024-Jul-26 03:43    1721936580.0     2024-07-25 12-09-02    1721880542.6816044 
       tftplaybooks.json           55.5 KiB     2024-Jul-26 03:43    1721936580.0     2024-07-25 12-09-03    1721880543.6485908 
 tftrotationalshopitemdata.json    748.6 KiB    2024-Jul-26 03:43    1721936580.0     2024-07-25 12-09-05    1721880545.4999502 
         tfttraits.json            164.7 KiB    2024-Jul-26 03:43    1721936580.0     2024-07-25 12-09-07    1721880547.7447016 
  tfttrovesbannerrewards.json      663.1 KiB    2024-Jul-26 03:43    1721936580.0     2024-07-25 12-09-10    1721880550.7764888 
     tfttrovesbanners.json          6.1 MiB     2024-Jul-26 03:43    1721936580.0     2024-07-25 12-09-14    1721880554.1026006 
   tfttrovestablesnames.json       326.0 KiB    2024-Jul-26 03:43    1721936580.0     2024-07-25 12-09-15    1721880555.586559  
[2024-07-26 12-11-45][18/18][1/23]正在校对文件（Checking file）： https://raw.communitydragon.org/pbe/plugins/rcp-be-lol-game-data/global/zh_cn/v1/challenges.json
[2024-07-26 12-11-47][18/18][2/23]正在校对文件（Checking file）： https://raw.communitydragon.org/pbe/plugins/rcp-be-lol-game-data/global/zh_cn/v1/cherry-augments.json
违反协议导致读取中断！正在尝试第1次重新获取数据！
EOF occurred in violation of protocol! Trying to recapture the data with url: https://raw.communitydragon.org/pbe/plugins/rcp-be-lol-game-data/global/zh_cn/v1/cherry-augments.json. Time(s) tried: 1
[2024-07-26 12-11-49][18/18][3/23]正在校对文件（Checking file）： https://raw.communitydragon.org/pbe/plugins/rcp-be-lol-game-data/global/zh_cn/v1/companions.json
[2024-07-26 12-11-51]已更新文件（Updated file）：离线数据（Offline Data）/cdragon/pbe/plugins/rcp-be-lol-game-data/global/zh_cn/v1/companions.json
[2024-07-26 12-11-51][18/18][4/23]正在校对文件（Checking file）： https://raw.communitydragon.org/pbe/plugins/rcp-be-lol-game-data/global/zh_cn/v1/event-hub.json
违反协议导致读取中断！正在尝试第1次重新获取数据！
EOF occurred in violation of protocol! Trying to recapture the data with url: https://raw.communitydragon.org/pbe/plugins/rcp-be-lol-game-data/global/zh_cn/v1/event-hub.json. Time(s) tried: 1
[2024-07-26 12-11-52][18/18][5/23]正在校对文件（Checking file）： https://raw.communitydragon.org/pbe/plugins/rcp-be-lol-game-data/global/zh_cn/v1/generic-assets.json
[2024-07-26 12-11-53][18/18][6/23]正在校对文件（Checking file）： https://raw.communitydragon.org/pbe/plugins/rcp-be-lol-game-data/global/zh_cn/v1/items.json
[2024-07-26 12-11-55]已更新文件（Updated file）：离线数据（Offline Data）/cdragon/pbe/plugins/rcp-be-lol-game-data/global/zh_cn/v1/items.json
[2024-07-26 12-11-55][18/18][7/23]正在校对文件（Checking file）： https://raw.communitydragon.org/pbe/plugins/rcp-be-lol-game-data/global/zh_cn/v1/loot.json
[2024-07-26 12-11-57][18/18][8/23]正在校对文件（Checking file）： https://raw.communitydragon.org/pbe/plugins/rcp-be-lol-game-data/global/zh_cn/v1/perks.json
[2024-07-26 12-11-59]已更新文件（Updated file）：离线数据（Offline Data）/cdragon/pbe/plugins/rcp-be-lol-game-data/global/zh_cn/v1/perks.json
[2024-07-26 12-11-59][18/18][9/23]正在校对文件（Checking file）： https://raw.communitydragon.org/pbe/plugins/rcp-be-lol-game-data/global/zh_cn/v1/skins.json
[2024-07-26 12-12-01][18/18][10/23]正在校对文件（Checking file）： https://raw.communitydragon.org/pbe/plugins/rcp-be-lol-game-data/global/zh_cn/v1/statstones.json
违反协议导致读取中断！正在尝试第1次重新获取数据！
EOF occurred in violation of protocol! Trying to recapture the data with url: https://raw.communitydragon.org/pbe/plugins/rcp-be-lol-game-data/global/zh_cn/v1/statstones.json. Time(s) tried: 1
[2024-07-26 12-12-08][18/18][11/23]正在校对文件（Checking file）： https://raw.communitydragon.org/pbe/plugins/rcp-be-lol-game-data/global/zh_cn/v1/strawberry-hub.json
[2024-07-26 12-12-15][18/18][12/23]正在校对文件（Checking file）： https://raw.communitydragon.org/pbe/plugins/rcp-be-lol-game-data/global/zh_cn/v1/stylesheet.json
[2024-07-26 12-12-16][18/18][13/23]正在校对文件（Checking file）： https://raw.communitydragon.org/pbe/plugins/rcp-be-lol-game-data/global/zh_cn/v1/summoner-emotes.json
[2024-07-26 12-12-17][18/18][14/23]正在校对文件（Checking file）： https://raw.communitydragon.org/pbe/plugins/rcp-be-lol-game-data/global/zh_cn/v1/summoner-icons.json
违反协议导致读取中断！正在尝试第1次重新获取数据！
EOF occurred in violation of protocol! Trying to recapture the data with url: https://raw.communitydragon.org/pbe/plugins/rcp-be-lol-game-data/global/zh_cn/v1/summoner-icons.json. Time(s) tried: 1
[2024-07-26 12-12-21][18/18][15/23]正在校对文件（Checking file）： https://raw.communitydragon.org/pbe/plugins/rcp-be-lol-game-data/global/zh_cn/v1/tftdamageskins.json
[2024-07-26 12-12-22]已更新文件（Updated file）：离线数据（Offline Data）/cdragon/pbe/plugins/rcp-be-lol-game-data/global/zh_cn/v1/tftdamageskins.json
[2024-07-26 12-12-22][18/18][16/23]正在校对文件（Checking file）： https://raw.communitydragon.org/pbe/plugins/rcp-be-lol-game-data/global/zh_cn/v1/tftitems.json
[2024-07-26 12-12-23][18/18][17/23]正在校对文件（Checking file）： https://raw.communitydragon.org/pbe/plugins/rcp-be-lol-game-data/global/zh_cn/v1/tftmapskins.json
[2024-07-26 12-12-25][18/18][18/23]正在校对文件（Checking file）： https://raw.communitydragon.org/pbe/plugins/rcp-be-lol-game-data/global/zh_cn/v1/tftplaybooks.json
[2024-07-26 12-12-26][18/18][19/23]正在校对文件（Checking file）： https://raw.communitydragon.org/pbe/plugins/rcp-be-lol-game-data/global/zh_cn/v1/tftrotationalshopitemdata.json
违反协议导致读取中断！正在尝试第1次重新获取数据！
EOF occurred in violation of protocol! Trying to recapture the data with url: https://raw.communitydragon.org/pbe/plugins/rcp-be-lol-game-data/global/zh_cn/v1/tftrotationalshopitemdata.json. Time(s) tried: 1
[2024-07-26 12-12-28][18/18][20/23]正在校对文件（Checking file）： https://raw.communitydragon.org/pbe/plugins/rcp-be-lol-game-data/global/zh_cn/v1/tfttraits.json
[2024-07-26 12-12-29][18/18][21/23]正在校对文件（Checking file）： https://raw.communitydragon.org/pbe/plugins/rcp-be-lol-game-data/global/zh_cn/v1/tfttrovesbannerrewards.json
[2024-07-26 12-12-31]已更新文件（Updated file）：离线数据（Offline Data）/cdragon/pbe/plugins/rcp-be-lol-game-data/global/zh_cn/v1/tfttrovesbannerrewards.json
[2024-07-26 12-12-31][18/18][22/23]正在校对文件（Checking file）： https://raw.communitydragon.org/pbe/plugins/rcp-be-lol-game-data/global/zh_cn/v1/tfttrovesbanners.json
违反协议导致读取中断！正在尝试第1次重新获取数据！
EOF occurred in violation of protocol! Trying to recapture the data with url: https://raw.communitydragon.org/pbe/plugins/rcp-be-lol-game-data/global/zh_cn/v1/tfttrovesbanners.json. Time(s) tried: 1
[2024-07-26 12-12-35][18/18][23/23]正在校对文件（Checking file）： https://raw.communitydragon.org/pbe/plugins/rcp-be-lol-game-data/global/zh_cn/v1/tfttrovestablesnames.json
已更新以下14个文件：
Updated the following 14 file(s):
https://raw.communitydragon.org/pbe/compat-version-metadata.json
https://raw.communitydragon.org/pbe/content-metadata.json
https://raw.communitydragon.org/pbe/plugins/rcp-be-lol-game-data/global/default/v1/champions/136.json
https://raw.communitydragon.org/pbe/plugins/rcp-be-lol-game-data/global/default/v1/champion-rune-recommendations.json
https://raw.communitydragon.org/pbe/plugins/rcp-be-lol-game-data/global/default/v1/companions.json
https://raw.communitydragon.org/pbe/plugins/rcp-be-lol-game-data/global/default/v1/perks.json
https://raw.communitydragon.org/pbe/plugins/rcp-be-lol-game-data/global/default/v1/tftdamageskins.json
https://raw.communitydragon.org/pbe/plugins/rcp-be-lol-game-data/global/default/v1/tfttrovesbannerrewards.json
https://raw.communitydragon.org/pbe/plugins/rcp-be-lol-game-data/global/zh_cn/v1/champions/136.json
https://raw.communitydragon.org/pbe/plugins/rcp-be-lol-game-data/global/zh_cn/v1/companions.json
https://raw.communitydragon.org/pbe/plugins/rcp-be-lol-game-data/global/zh_cn/v1/items.json
https://raw.communitydragon.org/pbe/plugins/rcp-be-lol-game-data/global/zh_cn/v1/perks.json
https://raw.communitydragon.org/pbe/plugins/rcp-be-lol-game-data/global/zh_cn/v1/tftdamageskins.json
https://raw.communitydragon.org/pbe/plugins/rcp-be-lol-game-data/global/zh_cn/v1/tfttrovesbannerrewards.json

请选择要更新的数据资源，输入空字符串以退出程序：
Please select the data resource to update, or submit an empty string to exit the program:
1	CommunityDragon
2	DataDragon

[The program has exited!]
