请选择要更新的数据资源，输入空字符串以退出程序：
Please select the data resource to update, or submit an empty string to exit the program:
1	CommunityDragon
2	DataDragon
1
请选择更新模式：
Please select the update mode:
1	全局扫描（Global Scanning）
2	按修改时间更新（Updating According to Modification Time）
3	更新指定文件夹（Updating Specified Folders）

请选择一种方式指定修改时间：
Please select a method of specifying the modification time:
1	自动获取（Automatically get）
2	手动输入（Manually input）

[2024-12-24 17-41-07][1/18]正在检查文件夹（Checking the folder）：https://raw.communitydragon.org/latest/
[2024-12-24 17-41-08]页面新文件列表如下：
New file list is as follows:
网页链接（URL)： https://raw.communitydragon.org/latest/
Empty DataFrame
Columns: [file, size, web_date, web_timestamp, local_date, local_timestamp]
Index: []
[2024-12-24 17-41-08][2/18]正在检查文件夹（Checking the folder）：https://raw.communitydragon.org/latest/cdragon/arena/
[2024-12-24 17-41-09]页面新文件列表如下：
New file list is as follows:
网页链接（URL)： https://raw.communitydragon.org/latest/cdragon/arena/
Empty DataFrame
Columns: [file, size, web_date, web_timestamp, local_date, local_timestamp]
Index: []
[2024-12-24 17-41-09][3/18]正在检查文件夹（Checking the folder）：https://raw.communitydragon.org/latest/cdragon/tft/
[2024-12-24 17-41-10]页面新文件列表如下：
New file list is as follows:
网页链接（URL)： https://raw.communitydragon.org/latest/cdragon/tft/
Empty DataFrame
Columns: [file, size, web_date, web_timestamp, local_date, local_timestamp]
Index: []
[2024-12-24 17-41-10][4/18]正在检查文件夹（Checking the folder）：https://raw.communitydragon.org/latest/plugins/rcp-be-lol-game-data/global/default/v1/champions/
[2024-12-24 17-41-11]页面新文件列表如下：
New file list is as follows:
网页链接（URL)： https://raw.communitydragon.org/latest/plugins/rcp-be-lol-game-data/global/default/v1/champions/
Empty DataFrame
Columns: [file, size, web_date, web_timestamp, local_date, local_timestamp]
Index: []
[2024-12-24 17-41-11][5/18]正在检查文件夹（Checking the folder）：https://raw.communitydragon.org/latest/plugins/rcp-be-lol-game-data/global/default/v1/map-assets/
[2024-12-24 17-41-12]页面新文件列表如下：
New file list is as follows:
网页链接（URL)： https://raw.communitydragon.org/latest/plugins/rcp-be-lol-game-data/global/default/v1/map-assets/
Empty DataFrame
Columns: [file, size, web_date, web_timestamp, local_date, local_timestamp]
Index: []
[2024-12-24 17-41-12][6/18]正在检查文件夹（Checking the folder）：https://raw.communitydragon.org/latest/plugins/rcp-be-lol-game-data/global/default/v1/
[2024-12-24 17-41-13]页面新文件列表如下：
New file list is as follows:
网页链接（URL)： https://raw.communitydragon.org/latest/plugins/rcp-be-lol-game-data/global/default/v1/
Empty DataFrame
Columns: [file, size, web_date, web_timestamp, local_date, local_timestamp]
Index: []
[2024-12-24 17-41-13][7/18]正在检查文件夹（Checking the folder）：https://raw.communitydragon.org/latest/plugins/rcp-be-lol-game-data/global/zh_cn/v1/champions/
[2024-12-24 17-41-15]页面新文件列表如下：
New file list is as follows:
网页链接（URL)： https://raw.communitydragon.org/latest/plugins/rcp-be-lol-game-data/global/zh_cn/v1/champions/
Empty DataFrame
Columns: [file, size, web_date, web_timestamp, local_date, local_timestamp]
Index: []
[2024-12-24 17-41-15][8/18]正在检查文件夹（Checking the folder）：https://raw.communitydragon.org/latest/plugins/rcp-be-lol-game-data/global/zh_cn/v1/map-assets/
[2024-12-24 17-41-16]页面新文件列表如下：
New file list is as follows:
网页链接（URL)： https://raw.communitydragon.org/latest/plugins/rcp-be-lol-game-data/global/zh_cn/v1/map-assets/
Empty DataFrame
Columns: [file, size, web_date, web_timestamp, local_date, local_timestamp]
Index: []
[2024-12-24 17-41-16][9/18]正在检查文件夹（Checking the folder）：https://raw.communitydragon.org/latest/plugins/rcp-be-lol-game-data/global/zh_cn/v1/
[2024-12-24 17-41-17]页面新文件列表如下：
New file list is as follows:
网页链接（URL)： https://raw.communitydragon.org/latest/plugins/rcp-be-lol-game-data/global/zh_cn/v1/
Empty DataFrame
Columns: [file, size, web_date, web_timestamp, local_date, local_timestamp]
Index: []
[2024-12-24 17-41-17][10/18]正在检查文件夹（Checking the folder）：https://raw.communitydragon.org/pbe/
[2024-12-24 17-41-18]页面新文件列表如下：
New file list is as follows:
网页链接（URL)： https://raw.communitydragon.org/pbe/
Empty DataFrame
Columns: [file, size, web_date, web_timestamp, local_date, local_timestamp]
Index: []
[2024-12-24 17-41-18][11/18]正在检查文件夹（Checking the folder）：https://raw.communitydragon.org/pbe/cdragon/arena/
[2024-12-24 17-41-19]页面新文件列表如下：
New file list is as follows:
网页链接（URL)： https://raw.communitydragon.org/pbe/cdragon/arena/
Empty DataFrame
Columns: [file, size, web_date, web_timestamp, local_date, local_timestamp]
Index: []
[2024-12-24 17-41-19][12/18]正在检查文件夹（Checking the folder）：https://raw.communitydragon.org/pbe/cdragon/tft/
[2024-12-24 17-41-20]页面新文件列表如下：
New file list is as follows:
网页链接（URL)： https://raw.communitydragon.org/pbe/cdragon/tft/
Empty DataFrame
Columns: [file, size, web_date, web_timestamp, local_date, local_timestamp]
Index: []
[2024-12-24 17-41-20][13/18]正在检查文件夹（Checking the folder）：https://raw.communitydragon.org/pbe/plugins/rcp-be-lol-game-data/global/default/v1/champions/
[2024-12-24 17-41-21]页面新文件列表如下：
New file list is as follows:
网页链接（URL)： https://raw.communitydragon.org/pbe/plugins/rcp-be-lol-game-data/global/default/v1/champions/
Empty DataFrame
Columns: [file, size, web_date, web_timestamp, local_date, local_timestamp]
Index: []
[2024-12-24 17-41-21][14/18]正在检查文件夹（Checking the folder）：https://raw.communitydragon.org/pbe/plugins/rcp-be-lol-game-data/global/default/v1/map-assets/
[2024-12-24 17-41-22]页面新文件列表如下：
New file list is as follows:
网页链接（URL)： https://raw.communitydragon.org/pbe/plugins/rcp-be-lol-game-data/global/default/v1/map-assets/
Empty DataFrame
Columns: [file, size, web_date, web_timestamp, local_date, local_timestamp]
Index: []
[2024-12-24 17-41-22][15/18]正在检查文件夹（Checking the folder）：https://raw.communitydragon.org/pbe/plugins/rcp-be-lol-game-data/global/default/v1/
[2024-12-24 17-41-23]页面新文件列表如下：
New file list is as follows:
网页链接（URL)： https://raw.communitydragon.org/pbe/plugins/rcp-be-lol-game-data/global/default/v1/
Empty DataFrame
Columns: [file, size, web_date, web_timestamp, local_date, local_timestamp]
Index: []
[2024-12-24 17-41-24][16/18]正在检查文件夹（Checking the folder）：https://raw.communitydragon.org/pbe/plugins/rcp-be-lol-game-data/global/zh_cn/v1/champions/
[2024-12-24 17-41-25]页面新文件列表如下：
New file list is as follows:
网页链接（URL)： https://raw.communitydragon.org/pbe/plugins/rcp-be-lol-game-data/global/zh_cn/v1/champions/
Empty DataFrame
Columns: [file, size, web_date, web_timestamp, local_date, local_timestamp]
Index: []
[2024-12-24 17-41-25][17/18]正在检查文件夹（Checking the folder）：https://raw.communitydragon.org/pbe/plugins/rcp-be-lol-game-data/global/zh_cn/v1/map-assets/
[2024-12-24 17-41-26]页面新文件列表如下：
New file list is as follows:
网页链接（URL)： https://raw.communitydragon.org/pbe/plugins/rcp-be-lol-game-data/global/zh_cn/v1/map-assets/
Empty DataFrame
Columns: [file, size, web_date, web_timestamp, local_date, local_timestamp]
Index: []
[2024-12-24 17-41-26][18/18]正在检查文件夹（Checking the folder）：https://raw.communitydragon.org/pbe/plugins/rcp-be-lol-game-data/global/zh_cn/v1/
[2024-12-24 17-41-27]页面新文件列表如下：
New file list is as follows:
网页链接（URL)： https://raw.communitydragon.org/pbe/plugins/rcp-be-lol-game-data/global/zh_cn/v1/
Empty DataFrame
Columns: [file, size, web_date, web_timestamp, local_date, local_timestamp]
Index: []
请选择要更新的数据资源，输入空字符串以退出程序：
Please select the data resource to update, or submit an empty string to exit the program:
1	CommunityDragon
2	DataDragon

[The program has exited!]
