请选择要更新的数据资源，输入空字符串以退出程序：
Please select the data resource to update, or submit an empty string to exit the program:
1	CommunityDragon
2	DataDragon
1
请选择更新模式：
Please select the update mode:
1	全局扫描（Global Scanning）
2	按修改时间更新（Updating According to Modification Time）

请选择一种方式指定修改时间：
Please select a method of specifying the modification time:
1	自动获取（Automatically get）
2	手动输入（Manually input）

[2024-06-26 14-31-12][1/18]正在检查文件夹（Checking the folder）：https://raw.communitydragon.org/latest/
[2024-06-26 14-31-13]页面新文件列表如下：
New file list is as follows:
网页链接（URL)： https://raw.communitydragon.org/latest/
             file                size        web_date         web_timestamp        local_date          local_timestamp   
 compat-version-metadata.json    72 B    2024-Jun-26 06:07    1719353220.0     2024-06-24 15-53-01    1719215581.9733746 
    content-metadata.json        74 B    2024-Jun-26 06:07    1719353220.0     2024-06-24 15-53-02    1719215582.950028  
[2024-06-26 14-31-13][1/18][1/2]正在校对文件（Checking file）： https://raw.communitydragon.org/latest/compat-version-metadata.json
[2024-06-26 14-31-14]已更新文件（Updated file）：离线数据（Offline Data）/cdragon/latest/compat-version-metadata.json
[2024-06-26 14-31-14][1/18][2/2]正在校对文件（Checking file）： https://raw.communitydragon.org/latest/content-metadata.json
[2024-06-26 14-31-15]已更新文件（Updated file）：离线数据（Offline Data）/cdragon/latest/content-metadata.json
[2024-06-26 14-31-15][2/18]正在检查文件夹（Checking the folder）：https://raw.communitydragon.org/latest/cdragon/arena/
[2024-06-26 14-31-17]页面新文件列表如下：
New file list is as follows:
网页链接（URL)： https://raw.communitydragon.org/latest/cdragon/arena/
    file         size           web_date         web_timestamp        local_date          local_timestamp   
 en_us.json    159.8 KiB    2024-Jun-26 06:19    1719353940.0     2024-06-24 14-13-07    1719209587.434948  
 zh_cn.json    162.1 KiB    2024-Jun-26 06:19    1719353940.0     2024-06-24 14-13-08    1719209588.8319755 
[2024-06-26 14-31-17][2/18][1/2]正在校对文件（Checking file）： https://raw.communitydragon.org/latest/cdragon/arena/en_us.json
违反协议导致读取中断！正在尝试第1次重新获取数据！
EOF occurred in violation of protocol! Trying to recapture the data with url: https://raw.communitydragon.org/latest/cdragon/arena/en_us.json. Time(s) tried: 1
[2024-06-26 14-31-19]已更新文件（Updated file）：离线数据（Offline Data）/cdragon/latest/cdragon/arena/en_us.json
[2024-06-26 14-31-19][2/18][2/2]正在校对文件（Checking file）： https://raw.communitydragon.org/latest/cdragon/arena/zh_cn.json
[2024-06-26 14-31-20]已更新文件（Updated file）：离线数据（Offline Data）/cdragon/latest/cdragon/arena/zh_cn.json
[2024-06-26 14-31-20][3/18]正在检查文件夹（Checking the folder）：https://raw.communitydragon.org/latest/cdragon/tft/
违反协议导致读取中断！正在尝试第1次重新获取数据！
EOF occurred in violation of protocol! Trying to recapture the data with url: https://raw.communitydragon.org/latest/cdragon/tft/. Time(s) tried: 1
[2024-06-26 14-31-21]页面新文件列表如下：
New file list is as follows:
网页链接（URL)： https://raw.communitydragon.org/latest/cdragon/tft/
    file        size          web_date         web_timestamp        local_date          local_timestamp   
 en_us.json    8.2 MiB    2024-Jun-26 06:18    1719353880.0     2024-06-24 14-13-12    1719209592.8926213 
 zh_cn.json    8.3 MiB    2024-Jun-26 06:18    1719353880.0     2024-06-24 14-13-15    1719209595.965761  
[2024-06-26 14-31-21][3/18][1/2]正在校对文件（Checking file）： https://raw.communitydragon.org/latest/cdragon/tft/en_us.json
[2024-06-26 14-31-24]已更新文件（Updated file）：离线数据（Offline Data）/cdragon/latest/cdragon/tft/en_us.json
[2024-06-26 14-31-24][3/18][2/2]正在校对文件（Checking file）： https://raw.communitydragon.org/latest/cdragon/tft/zh_cn.json
[2024-06-26 14-31-27]已更新文件（Updated file）：离线数据（Offline Data）/cdragon/latest/cdragon/tft/zh_cn.json
[2024-06-26 14-31-27][4/18]正在检查文件夹（Checking the folder）：https://raw.communitydragon.org/latest/plugins/rcp-be-lol-game-data/global/default/v1/champions/
[2024-06-26 14-31-28]页面新文件列表如下：
New file list is as follows:
网页链接（URL)： https://raw.communitydragon.org/latest/plugins/rcp-be-lol-game-data/global/default/v1/champions/
   file        size          web_date         web_timestamp        local_date          local_timestamp   
 103.json    49.2 KiB    2024-Jun-26 06:15    1719353700.0     2024-06-24 14-13-23    1719209603.3115823 
 104.json    32.5 KiB    2024-Jun-26 06:15    1719353700.0     2024-06-24 14-13-24    1719209604.4206765 
 105.json    28.7 KiB    2024-Jun-26 06:15    1719353700.0     2024-06-24 14-13-25    1719209605.956211  
 110.json    35.0 KiB    2024-Jun-26 06:15    1719353700.0     2024-06-24 14-13-29    1719209609.8187072 
 127.json    25.9 KiB    2024-Jun-26 06:15    1719353700.0     2024-06-24 14-13-43    1719209623.735008  
 154.json    21.3 KiB    2024-Jun-26 06:15    1719353700.0     2024-06-24 14-13-58    1719209638.7280557 
 166.json    17.0 KiB    2024-Jun-26 06:15    1719353700.0     2024-06-24 14-14-04    1719209644.9277096 
  2.json     29.0 KiB    2024-Jun-26 06:15    1719353700.0     2024-06-24 14-14-09    1719209649.1023135 
 29.json     32.7 KiB    2024-Jun-26 06:15    1719353700.0     2024-06-24 14-14-42    1719209682.8314962 
 31.json     25.9 KiB    2024-Jun-26 06:15    1719353700.0     2024-06-24 14-14-46    1719209686.2298746 
 33.json     25.2 KiB    2024-Jun-26 06:15    1719353700.0     2024-06-24 14-14-48    1719209688.477377  
  4.json     31.2 KiB    2024-Jun-26 06:15    1719353700.0     2024-06-24 14-15-02    1719209702.584227  
 41.json     28.1 KiB    2024-Jun-26 06:15    1719353700.0     2024-06-24 14-15-05    1719209705.6916997 
 429.json    19.5 KiB    2024-Jun-26 06:15    1719353700.0     2024-06-24 14-15-16    1719209716.4273112 
 498.json    28.3 KiB    2024-Jun-26 06:15    1719353700.0     2024-06-24 14-15-28    1719209728.799349  
 516.json    20.1 KiB    2024-Jun-26 06:15    1719353700.0     2024-06-24 14-15-35    1719209735.9270515 
 68.json     22.2 KiB    2024-Jun-26 06:15    1719353700.0     2024-06-24 14-16-14    1719209774.9223633 
 72.json     17.9 KiB    2024-Jun-26 06:15    1719353700.0     2024-06-24 14-16-21    1719209781.3740718 
 777.json    32.1 KiB    2024-Jun-26 06:15    1719353700.0     2024-06-24 14-16-30    1719209790.8386807 
 78.json     28.1 KiB    2024-Jun-26 06:15    1719353700.0     2024-06-24 14-16-33    1719209793.5816653 
 902.json    15.6 KiB    2024-Jun-26 06:15    1719353700.0     2024-06-24 14-16-55    1719209815.4205744 
[2024-06-26 14-31-28][4/18][1/21]正在校对文件（Checking file）： https://raw.communitydragon.org/latest/plugins/rcp-be-lol-game-data/global/default/v1/champions/103.json
违反协议导致读取中断！正在尝试第1次重新获取数据！
EOF occurred in violation of protocol! Trying to recapture the data with url: https://raw.communitydragon.org/latest/plugins/rcp-be-lol-game-data/global/default/v1/champions/103.json. Time(s) tried: 1
违反协议导致读取中断！正在尝试第2次重新获取数据！
EOF occurred in violation of protocol! Trying to recapture the data with url: https://raw.communitydragon.org/latest/plugins/rcp-be-lol-game-data/global/default/v1/champions/103.json. Time(s) tried: 2
[2024-06-26 14-31-30]已更新文件（Updated file）：离线数据（Offline Data）/cdragon/latest/plugins/rcp-be-lol-game-data/global/default/v1/champions/103.json
[2024-06-26 14-31-30][4/18][2/21]正在校对文件（Checking file）： https://raw.communitydragon.org/latest/plugins/rcp-be-lol-game-data/global/default/v1/champions/104.json
违反协议导致读取中断！正在尝试第1次重新获取数据！
EOF occurred in violation of protocol! Trying to recapture the data with url: https://raw.communitydragon.org/latest/plugins/rcp-be-lol-game-data/global/default/v1/champions/104.json. Time(s) tried: 1
违反协议导致读取中断！正在尝试第2次重新获取数据！
EOF occurred in violation of protocol! Trying to recapture the data with url: https://raw.communitydragon.org/latest/plugins/rcp-be-lol-game-data/global/default/v1/champions/104.json. Time(s) tried: 2
[2024-06-26 14-31-32]已更新文件（Updated file）：离线数据（Offline Data）/cdragon/latest/plugins/rcp-be-lol-game-data/global/default/v1/champions/104.json
[2024-06-26 14-31-32][4/18][3/21]正在校对文件（Checking file）： https://raw.communitydragon.org/latest/plugins/rcp-be-lol-game-data/global/default/v1/champions/105.json
违反协议导致读取中断！正在尝试第1次重新获取数据！
EOF occurred in violation of protocol! Trying to recapture the data with url: https://raw.communitydragon.org/latest/plugins/rcp-be-lol-game-data/global/default/v1/champions/105.json. Time(s) tried: 1
[2024-06-26 14-31-34]已更新文件（Updated file）：离线数据（Offline Data）/cdragon/latest/plugins/rcp-be-lol-game-data/global/default/v1/champions/105.json
[2024-06-26 14-31-34][4/18][4/21]正在校对文件（Checking file）： https://raw.communitydragon.org/latest/plugins/rcp-be-lol-game-data/global/default/v1/champions/110.json
[2024-06-26 14-31-35]已更新文件（Updated file）：离线数据（Offline Data）/cdragon/latest/plugins/rcp-be-lol-game-data/global/default/v1/champions/110.json
[2024-06-26 14-31-35][4/18][5/21]正在校对文件（Checking file）： https://raw.communitydragon.org/latest/plugins/rcp-be-lol-game-data/global/default/v1/champions/127.json
违反协议导致读取中断！正在尝试第1次重新获取数据！
EOF occurred in violation of protocol! Trying to recapture the data with url: https://raw.communitydragon.org/latest/plugins/rcp-be-lol-game-data/global/default/v1/champions/127.json. Time(s) tried: 1
违反协议导致读取中断！正在尝试第2次重新获取数据！
EOF occurred in violation of protocol! Trying to recapture the data with url: https://raw.communitydragon.org/latest/plugins/rcp-be-lol-game-data/global/default/v1/champions/127.json. Time(s) tried: 2
[2024-06-26 14-31-36]已更新文件（Updated file）：离线数据（Offline Data）/cdragon/latest/plugins/rcp-be-lol-game-data/global/default/v1/champions/127.json
[2024-06-26 14-31-36][4/18][6/21]正在校对文件（Checking file）： https://raw.communitydragon.org/latest/plugins/rcp-be-lol-game-data/global/default/v1/champions/154.json
违反协议导致读取中断！正在尝试第1次重新获取数据！
EOF occurred in violation of protocol! Trying to recapture the data with url: https://raw.communitydragon.org/latest/plugins/rcp-be-lol-game-data/global/default/v1/champions/154.json. Time(s) tried: 1
违反协议导致读取中断！正在尝试第2次重新获取数据！
EOF occurred in violation of protocol! Trying to recapture the data with url: https://raw.communitydragon.org/latest/plugins/rcp-be-lol-game-data/global/default/v1/champions/154.json. Time(s) tried: 2
[2024-06-26 14-31-38]已更新文件（Updated file）：离线数据（Offline Data）/cdragon/latest/plugins/rcp-be-lol-game-data/global/default/v1/champions/154.json
[2024-06-26 14-31-38][4/18][7/21]正在校对文件（Checking file）： https://raw.communitydragon.org/latest/plugins/rcp-be-lol-game-data/global/default/v1/champions/166.json
[2024-06-26 14-31-39]已更新文件（Updated file）：离线数据（Offline Data）/cdragon/latest/plugins/rcp-be-lol-game-data/global/default/v1/champions/166.json
[2024-06-26 14-31-39][4/18][8/21]正在校对文件（Checking file）： https://raw.communitydragon.org/latest/plugins/rcp-be-lol-game-data/global/default/v1/champions/2.json
[2024-06-26 14-31-41]已更新文件（Updated file）：离线数据（Offline Data）/cdragon/latest/plugins/rcp-be-lol-game-data/global/default/v1/champions/2.json
[2024-06-26 14-31-41][4/18][9/21]正在校对文件（Checking file）： https://raw.communitydragon.org/latest/plugins/rcp-be-lol-game-data/global/default/v1/champions/29.json
[2024-06-26 14-31-43]已更新文件（Updated file）：离线数据（Offline Data）/cdragon/latest/plugins/rcp-be-lol-game-data/global/default/v1/champions/29.json
[2024-06-26 14-31-43][4/18][10/21]正在校对文件（Checking file）： https://raw.communitydragon.org/latest/plugins/rcp-be-lol-game-data/global/default/v1/champions/31.json
[2024-06-26 14-31-44]已更新文件（Updated file）：离线数据（Offline Data）/cdragon/latest/plugins/rcp-be-lol-game-data/global/default/v1/champions/31.json
[2024-06-26 14-31-44][4/18][11/21]正在校对文件（Checking file）： https://raw.communitydragon.org/latest/plugins/rcp-be-lol-game-data/global/default/v1/champions/33.json
[2024-06-26 14-31-47]已更新文件（Updated file）：离线数据（Offline Data）/cdragon/latest/plugins/rcp-be-lol-game-data/global/default/v1/champions/33.json
[2024-06-26 14-31-47][4/18][12/21]正在校对文件（Checking file）： https://raw.communitydragon.org/latest/plugins/rcp-be-lol-game-data/global/default/v1/champions/4.json
违反协议导致读取中断！正在尝试第1次重新获取数据！
EOF occurred in violation of protocol! Trying to recapture the data with url: https://raw.communitydragon.org/latest/plugins/rcp-be-lol-game-data/global/default/v1/champions/4.json. Time(s) tried: 1
违反协议导致读取中断！正在尝试第2次重新获取数据！
EOF occurred in violation of protocol! Trying to recapture the data with url: https://raw.communitydragon.org/latest/plugins/rcp-be-lol-game-data/global/default/v1/champions/4.json. Time(s) tried: 2
[2024-06-26 14-31-49]已更新文件（Updated file）：离线数据（Offline Data）/cdragon/latest/plugins/rcp-be-lol-game-data/global/default/v1/champions/4.json
[2024-06-26 14-31-49][4/18][13/21]正在校对文件（Checking file）： https://raw.communitydragon.org/latest/plugins/rcp-be-lol-game-data/global/default/v1/champions/41.json
[2024-06-26 14-31-49]已更新文件（Updated file）：离线数据（Offline Data）/cdragon/latest/plugins/rcp-be-lol-game-data/global/default/v1/champions/41.json
[2024-06-26 14-31-49][4/18][14/21]正在校对文件（Checking file）： https://raw.communitydragon.org/latest/plugins/rcp-be-lol-game-data/global/default/v1/champions/429.json
[2024-06-26 14-31-50]已更新文件（Updated file）：离线数据（Offline Data）/cdragon/latest/plugins/rcp-be-lol-game-data/global/default/v1/champions/429.json
[2024-06-26 14-31-50][4/18][15/21]正在校对文件（Checking file）： https://raw.communitydragon.org/latest/plugins/rcp-be-lol-game-data/global/default/v1/champions/498.json
[2024-06-26 14-31-51]已更新文件（Updated file）：离线数据（Offline Data）/cdragon/latest/plugins/rcp-be-lol-game-data/global/default/v1/champions/498.json
[2024-06-26 14-31-51][4/18][16/21]正在校对文件（Checking file）： https://raw.communitydragon.org/latest/plugins/rcp-be-lol-game-data/global/default/v1/champions/516.json
违反协议导致读取中断！正在尝试第1次重新获取数据！
EOF occurred in violation of protocol! Trying to recapture the data with url: https://raw.communitydragon.org/latest/plugins/rcp-be-lol-game-data/global/default/v1/champions/516.json. Time(s) tried: 1
[2024-06-26 14-31-53]已更新文件（Updated file）：离线数据（Offline Data）/cdragon/latest/plugins/rcp-be-lol-game-data/global/default/v1/champions/516.json
[2024-06-26 14-31-53][4/18][17/21]正在校对文件（Checking file）： https://raw.communitydragon.org/latest/plugins/rcp-be-lol-game-data/global/default/v1/champions/68.json
[2024-06-26 14-31-54]已更新文件（Updated file）：离线数据（Offline Data）/cdragon/latest/plugins/rcp-be-lol-game-data/global/default/v1/champions/68.json
[2024-06-26 14-31-54][4/18][18/21]正在校对文件（Checking file）： https://raw.communitydragon.org/latest/plugins/rcp-be-lol-game-data/global/default/v1/champions/72.json
[2024-06-26 14-31-55]已更新文件（Updated file）：离线数据（Offline Data）/cdragon/latest/plugins/rcp-be-lol-game-data/global/default/v1/champions/72.json
[2024-06-26 14-31-55][4/18][19/21]正在校对文件（Checking file）： https://raw.communitydragon.org/latest/plugins/rcp-be-lol-game-data/global/default/v1/champions/777.json
[2024-06-26 14-31-56]已更新文件（Updated file）：离线数据（Offline Data）/cdragon/latest/plugins/rcp-be-lol-game-data/global/default/v1/champions/777.json
[2024-06-26 14-31-56][4/18][20/21]正在校对文件（Checking file）： https://raw.communitydragon.org/latest/plugins/rcp-be-lol-game-data/global/default/v1/champions/78.json
[2024-06-26 14-31-57]已更新文件（Updated file）：离线数据（Offline Data）/cdragon/latest/plugins/rcp-be-lol-game-data/global/default/v1/champions/78.json
[2024-06-26 14-31-57][4/18][21/21]正在校对文件（Checking file）： https://raw.communitydragon.org/latest/plugins/rcp-be-lol-game-data/global/default/v1/champions/902.json
[2024-06-26 14-31-58]已更新文件（Updated file）：离线数据（Offline Data）/cdragon/latest/plugins/rcp-be-lol-game-data/global/default/v1/champions/902.json
[2024-06-26 14-31-58][5/18]正在检查文件夹（Checking the folder）：https://raw.communitydragon.org/latest/plugins/rcp-be-lol-game-data/global/default/v1/map-assets/
[2024-06-26 14-31-59]页面新文件列表如下：
New file list is as follows:
网页链接（URL)： https://raw.communitydragon.org/latest/plugins/rcp-be-lol-game-data/global/default/v1/map-assets/
      file            size           web_date         web_timestamp        local_date          local_timestamp   
 map-assets.json    106.4 KiB    2024-Jun-26 06:15    1719353700.0     2024-06-24 14-17-05    1719209825.2391446 
[2024-06-26 14-31-59][5/18][1/1]正在校对文件（Checking file）： https://raw.communitydragon.org/latest/plugins/rcp-be-lol-game-data/global/default/v1/map-assets/map-assets.json
[2024-06-26 14-32-00]已更新文件（Updated file）：离线数据（Offline Data）/cdragon/latest/plugins/rcp-be-lol-game-data/global/default/v1/map-assets/map-assets.json
[2024-06-26 14-32-00][6/18]正在检查文件夹（Checking the folder）：https://raw.communitydragon.org/latest/plugins/rcp-be-lol-game-data/global/default/v1/
[2024-06-26 14-32-01]页面新文件列表如下：
New file list is as follows:
网页链接（URL)： https://raw.communitydragon.org/latest/plugins/rcp-be-lol-game-data/global/default/v1/
                file                     size           web_date         web_timestamp        local_date          local_timestamp   
          challenges.json              586.2 KiB    2024-Jun-26 06:15    1719353700.0     2024-06-24 14-17-08    1719209828.212911  
 champion-rune-recommendations.json    317.5 KiB    2024-Jun-26 06:15    1719353700.0     2024-06-24 14-17-09    1719209829.7997322 
          companions.json              736.1 KiB    2024-Jun-26 06:15    1719353700.0     2024-06-24 14-17-15    1719209835.8141215 
           event-hub.json              33.1 KiB     2024-Jun-26 06:15    1719353700.0     2024-06-24 14-17-18    1719209838.044989  
        generic-assets.json            173.0 KiB    2024-Jun-26 06:15    1719353700.0     2024-06-24 14-17-20    1719209840.8975759 
             items.json                379.7 KiB    2024-Jun-26 06:15    1719353700.0     2024-06-24 14-17-23    1719209843.7000382 
             loot.json                  2.7 MiB     2024-Jun-26 06:15    1719353700.0     2024-06-24 14-17-26    1719209846.1877487 
        mission-assets.json            20.2 KiB     2024-Jun-26 06:15    1719353700.0     2024-06-24 14-17-29    1719209849.0242374 
             perks.json                93.5 KiB     2024-Jun-26 06:15    1719353700.0     2024-06-24 14-17-32    1719209852.4299195 
         profile-icons.json            315.3 KiB    2024-Jun-26 06:15    1719353700.0     2024-06-24 14-17-34    1719209854.398613  
            queues.json                48.5 KiB     2024-Jun-26 06:15    1719353700.0     2024-06-24 14-17-35    1719209855.1911027 
            rewards.json               449.1 KiB    2024-Jun-26 06:15    1719353700.0     2024-06-24 14-17-41    1719209861.268409  
           skinlines.json              51.1 KiB     2024-Jun-26 06:15    1719353700.0     2024-06-24 14-17-45    1719209865.2274084 
             skins.json                 3.1 MiB     2024-Jun-26 06:15    1719353700.0     2024-06-24 14-17-48    1719209868.4185932 
          statstones.json               1.7 MiB     2024-Jun-26 06:15    1719353700.0     2024-06-24 14-17-51    1719209871.2698061 
        summoner-emotes.json           305.3 KiB    2024-Jun-26 06:15    1719353700.0     2024-06-24 14-17-58    1719209878.1123407 
        summoner-icons.json             1.6 MiB     2024-Jun-26 06:15    1719353700.0     2024-06-24 14-18-01    1719209881.9602158 
           tftitems.json               575.6 KiB    2024-Jun-26 06:15    1719353700.0     2024-06-24 14-18-15    1719209895.9372625 
          tftmapskins.json             30.6 KiB     2024-Jun-26 06:15    1719353700.0     2024-06-24 14-18-17    1719209897.5726986 
        tftpass-assets.json             8.8 KiB     2024-Jun-26 06:15    1719353700.0     2024-06-24 14-18-19    1719209899.2558348 
         tftplaybooks.json             54.5 KiB     2024-Jun-26 06:15    1719353700.0     2024-06-24 14-18-22    1719209902.6374204 
   tftrotationalshopitemdata.json      380.8 KiB    2024-Jun-26 06:15    1719353700.0     2024-06-24 14-18-26    1719209906.9241083 
            tftsets.json                1.7 KiB     2024-Jun-26 06:15    1719353700.0     2024-06-24 14-18-28    1719209908.7437253 
           tfttraits.json              208.6 KiB    2024-Jun-26 06:15    1719353700.0     2024-06-24 14-18-30    1719209910.2855668 
    tfttrovesbannerrewards.json        649.0 KiB    2024-Jun-26 06:15    1719353700.0     2024-06-24 14-18-32    1719209912.5113926 
       tfttrovesbanners.json            6.1 MiB     2024-Jun-26 06:15    1719353700.0     2024-06-24 14-18-37    1719209917.3406906 
     tfttrovestablesnames.json         171.2 KiB    2024-Jun-26 06:15    1719353700.0     2024-06-24 14-18-39    1719209919.1484573 
           universes.json              34.2 KiB     2024-Jun-26 06:15    1719353700.0     2024-06-24 14-18-43    1719209923.6703458 
[2024-06-26 14-32-01][6/18][1/28]正在校对文件（Checking file）： https://raw.communitydragon.org/latest/plugins/rcp-be-lol-game-data/global/default/v1/challenges.json
[2024-06-26 14-32-03]已更新文件（Updated file）：离线数据（Offline Data）/cdragon/latest/plugins/rcp-be-lol-game-data/global/default/v1/challenges.json
[2024-06-26 14-32-03][6/18][2/28]正在校对文件（Checking file）： https://raw.communitydragon.org/latest/plugins/rcp-be-lol-game-data/global/default/v1/champion-rune-recommendations.json
[2024-06-26 14-32-04]已更新文件（Updated file）：离线数据（Offline Data）/cdragon/latest/plugins/rcp-be-lol-game-data/global/default/v1/champion-rune-recommendations.json
[2024-06-26 14-32-04][6/18][3/28]正在校对文件（Checking file）： https://raw.communitydragon.org/latest/plugins/rcp-be-lol-game-data/global/default/v1/companions.json
[2024-06-26 14-32-06]已更新文件（Updated file）：离线数据（Offline Data）/cdragon/latest/plugins/rcp-be-lol-game-data/global/default/v1/companions.json
[2024-06-26 14-32-06][6/18][4/28]正在校对文件（Checking file）： https://raw.communitydragon.org/latest/plugins/rcp-be-lol-game-data/global/default/v1/event-hub.json
[2024-06-26 14-32-07]已更新文件（Updated file）：离线数据（Offline Data）/cdragon/latest/plugins/rcp-be-lol-game-data/global/default/v1/event-hub.json
[2024-06-26 14-32-07][6/18][5/28]正在校对文件（Checking file）： https://raw.communitydragon.org/latest/plugins/rcp-be-lol-game-data/global/default/v1/generic-assets.json
违反协议导致读取中断！正在尝试第1次重新获取数据！
EOF occurred in violation of protocol! Trying to recapture the data with url: https://raw.communitydragon.org/latest/plugins/rcp-be-lol-game-data/global/default/v1/generic-assets.json. Time(s) tried: 1
违反协议导致读取中断！正在尝试第2次重新获取数据！
EOF occurred in violation of protocol! Trying to recapture the data with url: https://raw.communitydragon.org/latest/plugins/rcp-be-lol-game-data/global/default/v1/generic-assets.json. Time(s) tried: 2
违反协议导致读取中断！正在尝试第3次重新获取数据！
EOF occurred in violation of protocol! Trying to recapture the data with url: https://raw.communitydragon.org/latest/plugins/rcp-be-lol-game-data/global/default/v1/generic-assets.json. Time(s) tried: 3
[2024-06-26 14-32-10]已更新文件（Updated file）：离线数据（Offline Data）/cdragon/latest/plugins/rcp-be-lol-game-data/global/default/v1/generic-assets.json
[2024-06-26 14-32-10][6/18][6/28]正在校对文件（Checking file）： https://raw.communitydragon.org/latest/plugins/rcp-be-lol-game-data/global/default/v1/items.json
违反协议导致读取中断！正在尝试第1次重新获取数据！
EOF occurred in violation of protocol! Trying to recapture the data with url: https://raw.communitydragon.org/latest/plugins/rcp-be-lol-game-data/global/default/v1/items.json. Time(s) tried: 1
[2024-06-26 14-32-12]已更新文件（Updated file）：离线数据（Offline Data）/cdragon/latest/plugins/rcp-be-lol-game-data/global/default/v1/items.json
[2024-06-26 14-32-12][6/18][7/28]正在校对文件（Checking file）： https://raw.communitydragon.org/latest/plugins/rcp-be-lol-game-data/global/default/v1/loot.json
违反协议导致读取中断！正在尝试第1次重新获取数据！
EOF occurred in violation of protocol! Trying to recapture the data with url: https://raw.communitydragon.org/latest/plugins/rcp-be-lol-game-data/global/default/v1/loot.json. Time(s) tried: 1
[2024-06-26 14-32-15]已更新文件（Updated file）：离线数据（Offline Data）/cdragon/latest/plugins/rcp-be-lol-game-data/global/default/v1/loot.json
[2024-06-26 14-32-15][6/18][8/28]正在校对文件（Checking file）： https://raw.communitydragon.org/latest/plugins/rcp-be-lol-game-data/global/default/v1/mission-assets.json
[2024-06-26 14-32-16]已更新文件（Updated file）：离线数据（Offline Data）/cdragon/latest/plugins/rcp-be-lol-game-data/global/default/v1/mission-assets.json
[2024-06-26 14-32-16][6/18][9/28]正在校对文件（Checking file）： https://raw.communitydragon.org/latest/plugins/rcp-be-lol-game-data/global/default/v1/perks.json
[2024-06-26 14-32-16][6/18][10/28]正在校对文件（Checking file）： https://raw.communitydragon.org/latest/plugins/rcp-be-lol-game-data/global/default/v1/profile-icons.json
[2024-06-26 14-32-18]已更新文件（Updated file）：离线数据（Offline Data）/cdragon/latest/plugins/rcp-be-lol-game-data/global/default/v1/profile-icons.json
[2024-06-26 14-32-18][6/18][11/28]正在校对文件（Checking file）： https://raw.communitydragon.org/latest/plugins/rcp-be-lol-game-data/global/default/v1/queues.json
[2024-06-26 14-32-19]已更新文件（Updated file）：离线数据（Offline Data）/cdragon/latest/plugins/rcp-be-lol-game-data/global/default/v1/queues.json
[2024-06-26 14-32-19][6/18][12/28]正在校对文件（Checking file）： https://raw.communitydragon.org/latest/plugins/rcp-be-lol-game-data/global/default/v1/rewards.json
[2024-06-26 14-32-20]已更新文件（Updated file）：离线数据（Offline Data）/cdragon/latest/plugins/rcp-be-lol-game-data/global/default/v1/rewards.json
[2024-06-26 14-32-20][6/18][13/28]正在校对文件（Checking file）： https://raw.communitydragon.org/latest/plugins/rcp-be-lol-game-data/global/default/v1/skinlines.json
[2024-06-26 14-32-21]已更新文件（Updated file）：离线数据（Offline Data）/cdragon/latest/plugins/rcp-be-lol-game-data/global/default/v1/skinlines.json
[2024-06-26 14-32-21][6/18][14/28]正在校对文件（Checking file）： https://raw.communitydragon.org/latest/plugins/rcp-be-lol-game-data/global/default/v1/skins.json
[2024-06-26 14-32-24]已更新文件（Updated file）：离线数据（Offline Data）/cdragon/latest/plugins/rcp-be-lol-game-data/global/default/v1/skins.json
[2024-06-26 14-32-24][6/18][15/28]正在校对文件（Checking file）： https://raw.communitydragon.org/latest/plugins/rcp-be-lol-game-data/global/default/v1/statstones.json
[2024-06-26 14-32-26]已更新文件（Updated file）：离线数据（Offline Data）/cdragon/latest/plugins/rcp-be-lol-game-data/global/default/v1/statstones.json
[2024-06-26 14-32-26][6/18][16/28]正在校对文件（Checking file）： https://raw.communitydragon.org/latest/plugins/rcp-be-lol-game-data/global/default/v1/summoner-emotes.json
违反协议导致读取中断！正在尝试第1次重新获取数据！
EOF occurred in violation of protocol! Trying to recapture the data with url: https://raw.communitydragon.org/latest/plugins/rcp-be-lol-game-data/global/default/v1/summoner-emotes.json. Time(s) tried: 1
[2024-06-26 14-32-28]已更新文件（Updated file）：离线数据（Offline Data）/cdragon/latest/plugins/rcp-be-lol-game-data/global/default/v1/summoner-emotes.json
[2024-06-26 14-32-28][6/18][17/28]正在校对文件（Checking file）： https://raw.communitydragon.org/latest/plugins/rcp-be-lol-game-data/global/default/v1/summoner-icons.json
违反协议导致读取中断！正在尝试第1次重新获取数据！
EOF occurred in violation of protocol! Trying to recapture the data with url: https://raw.communitydragon.org/latest/plugins/rcp-be-lol-game-data/global/default/v1/summoner-icons.json. Time(s) tried: 1
[2024-06-26 14-32-30]已更新文件（Updated file）：离线数据（Offline Data）/cdragon/latest/plugins/rcp-be-lol-game-data/global/default/v1/summoner-icons.json
[2024-06-26 14-32-30][6/18][18/28]正在校对文件（Checking file）： https://raw.communitydragon.org/latest/plugins/rcp-be-lol-game-data/global/default/v1/tftitems.json
[2024-06-26 14-32-33]已更新文件（Updated file）：离线数据（Offline Data）/cdragon/latest/plugins/rcp-be-lol-game-data/global/default/v1/tftitems.json
[2024-06-26 14-32-33][6/18][19/28]正在校对文件（Checking file）： https://raw.communitydragon.org/latest/plugins/rcp-be-lol-game-data/global/default/v1/tftmapskins.json
[2024-06-26 14-32-34]已更新文件（Updated file）：离线数据（Offline Data）/cdragon/latest/plugins/rcp-be-lol-game-data/global/default/v1/tftmapskins.json
[2024-06-26 14-32-34][6/18][20/28]正在校对文件（Checking file）： https://raw.communitydragon.org/latest/plugins/rcp-be-lol-game-data/global/default/v1/tftpass-assets.json
[2024-06-26 14-32-35]已更新文件（Updated file）：离线数据（Offline Data）/cdragon/latest/plugins/rcp-be-lol-game-data/global/default/v1/tftpass-assets.json
[2024-06-26 14-32-35][6/18][21/28]正在校对文件（Checking file）： https://raw.communitydragon.org/latest/plugins/rcp-be-lol-game-data/global/default/v1/tftplaybooks.json
违反协议导致读取中断！正在尝试第1次重新获取数据！
EOF occurred in violation of protocol! Trying to recapture the data with url: https://raw.communitydragon.org/latest/plugins/rcp-be-lol-game-data/global/default/v1/tftplaybooks.json. Time(s) tried: 1
违反协议导致读取中断！正在尝试第2次重新获取数据！
EOF occurred in violation of protocol! Trying to recapture the data with url: https://raw.communitydragon.org/latest/plugins/rcp-be-lol-game-data/global/default/v1/tftplaybooks.json. Time(s) tried: 2
[2024-06-26 14-32-38]已更新文件（Updated file）：离线数据（Offline Data）/cdragon/latest/plugins/rcp-be-lol-game-data/global/default/v1/tftplaybooks.json
[2024-06-26 14-32-38][6/18][22/28]正在校对文件（Checking file）： https://raw.communitydragon.org/latest/plugins/rcp-be-lol-game-data/global/default/v1/tftrotationalshopitemdata.json
违反协议导致读取中断！正在尝试第1次重新获取数据！
EOF occurred in violation of protocol! Trying to recapture the data with url: https://raw.communitydragon.org/latest/plugins/rcp-be-lol-game-data/global/default/v1/tftrotationalshopitemdata.json. Time(s) tried: 1
[2024-06-26 14-32-40]已更新文件（Updated file）：离线数据（Offline Data）/cdragon/latest/plugins/rcp-be-lol-game-data/global/default/v1/tftrotationalshopitemdata.json
[2024-06-26 14-32-40][6/18][23/28]正在校对文件（Checking file）： https://raw.communitydragon.org/latest/plugins/rcp-be-lol-game-data/global/default/v1/tftsets.json
[2024-06-26 14-32-42]已更新文件（Updated file）：离线数据（Offline Data）/cdragon/latest/plugins/rcp-be-lol-game-data/global/default/v1/tftsets.json
[2024-06-26 14-32-42][6/18][24/28]正在校对文件（Checking file）： https://raw.communitydragon.org/latest/plugins/rcp-be-lol-game-data/global/default/v1/tfttraits.json
违反协议导致读取中断！正在尝试第1次重新获取数据！
EOF occurred in violation of protocol! Trying to recapture the data with url: https://raw.communitydragon.org/latest/plugins/rcp-be-lol-game-data/global/default/v1/tfttraits.json. Time(s) tried: 1
违反协议导致读取中断！正在尝试第2次重新获取数据！
EOF occurred in violation of protocol! Trying to recapture the data with url: https://raw.communitydragon.org/latest/plugins/rcp-be-lol-game-data/global/default/v1/tfttraits.json. Time(s) tried: 2
[2024-06-26 14-32-44]已更新文件（Updated file）：离线数据（Offline Data）/cdragon/latest/plugins/rcp-be-lol-game-data/global/default/v1/tfttraits.json
[2024-06-26 14-32-44][6/18][25/28]正在校对文件（Checking file）： https://raw.communitydragon.org/latest/plugins/rcp-be-lol-game-data/global/default/v1/tfttrovesbannerrewards.json
[2024-06-26 14-32-46]已更新文件（Updated file）：离线数据（Offline Data）/cdragon/latest/plugins/rcp-be-lol-game-data/global/default/v1/tfttrovesbannerrewards.json
[2024-06-26 14-32-46][6/18][26/28]正在校对文件（Checking file）： https://raw.communitydragon.org/latest/plugins/rcp-be-lol-game-data/global/default/v1/tfttrovesbanners.json
[2024-06-26 14-32-50]已更新文件（Updated file）：离线数据（Offline Data）/cdragon/latest/plugins/rcp-be-lol-game-data/global/default/v1/tfttrovesbanners.json
[2024-06-26 14-32-50][6/18][27/28]正在校对文件（Checking file）： https://raw.communitydragon.org/latest/plugins/rcp-be-lol-game-data/global/default/v1/tfttrovestablesnames.json
违反协议导致读取中断！正在尝试第1次重新获取数据！
EOF occurred in violation of protocol! Trying to recapture the data with url: https://raw.communitydragon.org/latest/plugins/rcp-be-lol-game-data/global/default/v1/tfttrovestablesnames.json. Time(s) tried: 1
[2024-06-26 14-32-52]已更新文件（Updated file）：离线数据（Offline Data）/cdragon/latest/plugins/rcp-be-lol-game-data/global/default/v1/tfttrovestablesnames.json
[2024-06-26 14-32-52][6/18][28/28]正在校对文件（Checking file）： https://raw.communitydragon.org/latest/plugins/rcp-be-lol-game-data/global/default/v1/universes.json
[2024-06-26 14-32-53]已更新文件（Updated file）：离线数据（Offline Data）/cdragon/latest/plugins/rcp-be-lol-game-data/global/default/v1/universes.json
[2024-06-26 14-32-53][7/18]正在检查文件夹（Checking the folder）：https://raw.communitydragon.org/latest/plugins/rcp-be-lol-game-data/global/zh_cn/v1/champions/
[2024-06-26 14-32-55]页面新文件列表如下：
New file list is as follows:
网页链接（URL)： https://raw.communitydragon.org/latest/plugins/rcp-be-lol-game-data/global/zh_cn/v1/champions/
   file        size          web_date         web_timestamp        local_date          local_timestamp   
 103.json    51.4 KiB    2024-Jun-26 06:15    1719353700.0     2024-06-24 14-18-59    1719209939.954426  
 104.json    34.7 KiB    2024-Jun-26 06:15    1719353700.0     2024-06-24 14-19-01    1719209941.773147  
 105.json    30.6 KiB    2024-Jun-26 06:15    1719353700.0     2024-06-24 14-19-03    1719209943.497757  
 110.json    37.1 KiB    2024-Jun-26 06:15    1719353700.0     2024-06-24 14-19-10    1719209950.0400138 
 127.json    27.2 KiB    2024-Jun-26 06:15    1719353700.0     2024-06-24 14-19-31    1719209971.9199085 
 154.json    22.3 KiB    2024-Jun-26 06:15    1719353700.0     2024-06-24 14-19-46    1719209986.7999265 
 166.json    17.6 KiB    2024-Jun-26 06:15    1719353700.0     2024-06-24 14-19-53    1719209993.9037132 
  2.json     31.5 KiB    2024-Jun-26 06:15    1719353700.0     2024-06-24 14-19-58    1719209998.183466  
 29.json     33.9 KiB    2024-Jun-26 06:15    1719353700.0     2024-06-24 14-20-32    1719210032.1959448 
 31.json     26.9 KiB    2024-Jun-26 06:15    1719353700.0     2024-06-24 14-20-37    1719210037.6510575 
 33.json     26.9 KiB    2024-Jun-26 06:15    1719353700.0     2024-06-24 14-20-41    1719210041.7957532 
 41.json     29.9 KiB    2024-Jun-26 06:15    1719353700.0     2024-06-24 14-21-03    1719210063.3030229 
 429.json    20.5 KiB    2024-Jun-26 06:15    1719353700.0     2024-06-24 14-21-12    1719210072.6820881 
 498.json    30.0 KiB    2024-Jun-26 06:15    1719353700.0     2024-06-24 14-21-24    1719210084.7603896 
 516.json    21.0 KiB    2024-Jun-26 06:15    1719353700.0     2024-06-24 14-21-31    1719210091.0355453 
 68.json     22.9 KiB    2024-Jun-26 06:15    1719353700.0     2024-06-24 14-22-02    1719210122.5343819 
 72.json     18.4 KiB    2024-Jun-26 06:15    1719353700.0     2024-06-24 14-22-08    1719210128.630878  
 777.json    34.2 KiB    2024-Jun-26 06:15    1719353700.0     2024-06-24 14-22-16    1719210136.7997816 
 78.json     30.5 KiB    2024-Jun-26 06:15    1719353700.0     2024-06-24 14-22-18    1719210138.1917217 
 902.json    15.9 KiB    2024-Jun-26 06:15    1719353700.0     2024-06-24 14-22-50    1719210170.5001254 
[2024-06-26 14-32-55][7/18][1/20]正在校对文件（Checking file）： https://raw.communitydragon.org/latest/plugins/rcp-be-lol-game-data/global/zh_cn/v1/champions/103.json
[2024-06-26 14-32-56]已更新文件（Updated file）：离线数据（Offline Data）/cdragon/latest/plugins/rcp-be-lol-game-data/global/zh_cn/v1/champions/103.json
[2024-06-26 14-32-56][7/18][2/20]正在校对文件（Checking file）： https://raw.communitydragon.org/latest/plugins/rcp-be-lol-game-data/global/zh_cn/v1/champions/104.json
违反协议导致读取中断！正在尝试第1次重新获取数据！
EOF occurred in violation of protocol! Trying to recapture the data with url: https://raw.communitydragon.org/latest/plugins/rcp-be-lol-game-data/global/zh_cn/v1/champions/104.json. Time(s) tried: 1
[2024-06-26 14-32-58]已更新文件（Updated file）：离线数据（Offline Data）/cdragon/latest/plugins/rcp-be-lol-game-data/global/zh_cn/v1/champions/104.json
[2024-06-26 14-32-58][7/18][3/20]正在校对文件（Checking file）： https://raw.communitydragon.org/latest/plugins/rcp-be-lol-game-data/global/zh_cn/v1/champions/105.json
[2024-06-26 14-33-00]已更新文件（Updated file）：离线数据（Offline Data）/cdragon/latest/plugins/rcp-be-lol-game-data/global/zh_cn/v1/champions/105.json
[2024-06-26 14-33-00][7/18][4/20]正在校对文件（Checking file）： https://raw.communitydragon.org/latest/plugins/rcp-be-lol-game-data/global/zh_cn/v1/champions/110.json
[2024-06-26 14-33-01]已更新文件（Updated file）：离线数据（Offline Data）/cdragon/latest/plugins/rcp-be-lol-game-data/global/zh_cn/v1/champions/110.json
[2024-06-26 14-33-01][7/18][5/20]正在校对文件（Checking file）： https://raw.communitydragon.org/latest/plugins/rcp-be-lol-game-data/global/zh_cn/v1/champions/127.json
违反协议导致读取中断！正在尝试第1次重新获取数据！
EOF occurred in violation of protocol! Trying to recapture the data with url: https://raw.communitydragon.org/latest/plugins/rcp-be-lol-game-data/global/zh_cn/v1/champions/127.json. Time(s) tried: 1
[2024-06-26 14-33-03]已更新文件（Updated file）：离线数据（Offline Data）/cdragon/latest/plugins/rcp-be-lol-game-data/global/zh_cn/v1/champions/127.json
[2024-06-26 14-33-03][7/18][6/20]正在校对文件（Checking file）： https://raw.communitydragon.org/latest/plugins/rcp-be-lol-game-data/global/zh_cn/v1/champions/154.json
[2024-06-26 14-33-05]已更新文件（Updated file）：离线数据（Offline Data）/cdragon/latest/plugins/rcp-be-lol-game-data/global/zh_cn/v1/champions/154.json
[2024-06-26 14-33-05][7/18][7/20]正在校对文件（Checking file）： https://raw.communitydragon.org/latest/plugins/rcp-be-lol-game-data/global/zh_cn/v1/champions/166.json
[2024-06-26 14-33-06]已更新文件（Updated file）：离线数据（Offline Data）/cdragon/latest/plugins/rcp-be-lol-game-data/global/zh_cn/v1/champions/166.json
[2024-06-26 14-33-06][7/18][8/20]正在校对文件（Checking file）： https://raw.communitydragon.org/latest/plugins/rcp-be-lol-game-data/global/zh_cn/v1/champions/2.json
[2024-06-26 14-33-07]已更新文件（Updated file）：离线数据（Offline Data）/cdragon/latest/plugins/rcp-be-lol-game-data/global/zh_cn/v1/champions/2.json
[2024-06-26 14-33-07][7/18][9/20]正在校对文件（Checking file）： https://raw.communitydragon.org/latest/plugins/rcp-be-lol-game-data/global/zh_cn/v1/champions/29.json
[2024-06-26 14-33-08]已更新文件（Updated file）：离线数据（Offline Data）/cdragon/latest/plugins/rcp-be-lol-game-data/global/zh_cn/v1/champions/29.json
[2024-06-26 14-33-08][7/18][10/20]正在校对文件（Checking file）： https://raw.communitydragon.org/latest/plugins/rcp-be-lol-game-data/global/zh_cn/v1/champions/31.json
违反协议导致读取中断！正在尝试第1次重新获取数据！
EOF occurred in violation of protocol! Trying to recapture the data with url: https://raw.communitydragon.org/latest/plugins/rcp-be-lol-game-data/global/zh_cn/v1/champions/31.json. Time(s) tried: 1
违反协议导致读取中断！正在尝试第2次重新获取数据！
EOF occurred in violation of protocol! Trying to recapture the data with url: https://raw.communitydragon.org/latest/plugins/rcp-be-lol-game-data/global/zh_cn/v1/champions/31.json. Time(s) tried: 2
[2024-06-26 14-33-11]已更新文件（Updated file）：离线数据（Offline Data）/cdragon/latest/plugins/rcp-be-lol-game-data/global/zh_cn/v1/champions/31.json
[2024-06-26 14-33-11][7/18][11/20]正在校对文件（Checking file）： https://raw.communitydragon.org/latest/plugins/rcp-be-lol-game-data/global/zh_cn/v1/champions/33.json
违反协议导致读取中断！正在尝试第1次重新获取数据！
EOF occurred in violation of protocol! Trying to recapture the data with url: https://raw.communitydragon.org/latest/plugins/rcp-be-lol-game-data/global/zh_cn/v1/champions/33.json. Time(s) tried: 1
[2024-06-26 14-33-12]已更新文件（Updated file）：离线数据（Offline Data）/cdragon/latest/plugins/rcp-be-lol-game-data/global/zh_cn/v1/champions/33.json
[2024-06-26 14-33-12][7/18][12/20]正在校对文件（Checking file）： https://raw.communitydragon.org/latest/plugins/rcp-be-lol-game-data/global/zh_cn/v1/champions/41.json
[2024-06-26 14-33-13]已更新文件（Updated file）：离线数据（Offline Data）/cdragon/latest/plugins/rcp-be-lol-game-data/global/zh_cn/v1/champions/41.json
[2024-06-26 14-33-13][7/18][13/20]正在校对文件（Checking file）： https://raw.communitydragon.org/latest/plugins/rcp-be-lol-game-data/global/zh_cn/v1/champions/429.json
[2024-06-26 14-33-15]已更新文件（Updated file）：离线数据（Offline Data）/cdragon/latest/plugins/rcp-be-lol-game-data/global/zh_cn/v1/champions/429.json
[2024-06-26 14-33-15][7/18][14/20]正在校对文件（Checking file）： https://raw.communitydragon.org/latest/plugins/rcp-be-lol-game-data/global/zh_cn/v1/champions/498.json
违反协议导致读取中断！正在尝试第1次重新获取数据！
EOF occurred in violation of protocol! Trying to recapture the data with url: https://raw.communitydragon.org/latest/plugins/rcp-be-lol-game-data/global/zh_cn/v1/champions/498.json. Time(s) tried: 1
[2024-06-26 14-33-17]已更新文件（Updated file）：离线数据（Offline Data）/cdragon/latest/plugins/rcp-be-lol-game-data/global/zh_cn/v1/champions/498.json
[2024-06-26 14-33-17][7/18][15/20]正在校对文件（Checking file）： https://raw.communitydragon.org/latest/plugins/rcp-be-lol-game-data/global/zh_cn/v1/champions/516.json
违反协议导致读取中断！正在尝试第1次重新获取数据！
EOF occurred in violation of protocol! Trying to recapture the data with url: https://raw.communitydragon.org/latest/plugins/rcp-be-lol-game-data/global/zh_cn/v1/champions/516.json. Time(s) tried: 1
[2024-06-26 14-33-19]已更新文件（Updated file）：离线数据（Offline Data）/cdragon/latest/plugins/rcp-be-lol-game-data/global/zh_cn/v1/champions/516.json
[2024-06-26 14-33-19][7/18][16/20]正在校对文件（Checking file）： https://raw.communitydragon.org/latest/plugins/rcp-be-lol-game-data/global/zh_cn/v1/champions/68.json
违反协议导致读取中断！正在尝试第1次重新获取数据！
EOF occurred in violation of protocol! Trying to recapture the data with url: https://raw.communitydragon.org/latest/plugins/rcp-be-lol-game-data/global/zh_cn/v1/champions/68.json. Time(s) tried: 1
[2024-06-26 14-33-21]已更新文件（Updated file）：离线数据（Offline Data）/cdragon/latest/plugins/rcp-be-lol-game-data/global/zh_cn/v1/champions/68.json
[2024-06-26 14-33-21][7/18][17/20]正在校对文件（Checking file）： https://raw.communitydragon.org/latest/plugins/rcp-be-lol-game-data/global/zh_cn/v1/champions/72.json
[2024-06-26 14-33-22]已更新文件（Updated file）：离线数据（Offline Data）/cdragon/latest/plugins/rcp-be-lol-game-data/global/zh_cn/v1/champions/72.json
[2024-06-26 14-33-22][7/18][18/20]正在校对文件（Checking file）： https://raw.communitydragon.org/latest/plugins/rcp-be-lol-game-data/global/zh_cn/v1/champions/777.json
[2024-06-26 14-33-23]已更新文件（Updated file）：离线数据（Offline Data）/cdragon/latest/plugins/rcp-be-lol-game-data/global/zh_cn/v1/champions/777.json
[2024-06-26 14-33-23][7/18][19/20]正在校对文件（Checking file）： https://raw.communitydragon.org/latest/plugins/rcp-be-lol-game-data/global/zh_cn/v1/champions/78.json
[2024-06-26 14-33-25]已更新文件（Updated file）：离线数据（Offline Data）/cdragon/latest/plugins/rcp-be-lol-game-data/global/zh_cn/v1/champions/78.json
[2024-06-26 14-33-25][7/18][20/20]正在校对文件（Checking file）： https://raw.communitydragon.org/latest/plugins/rcp-be-lol-game-data/global/zh_cn/v1/champions/902.json
[2024-06-26 14-33-26]已更新文件（Updated file）：离线数据（Offline Data）/cdragon/latest/plugins/rcp-be-lol-game-data/global/zh_cn/v1/champions/902.json
[2024-06-26 14-33-26][8/18]正在检查文件夹（Checking the folder）：https://raw.communitydragon.org/latest/plugins/rcp-be-lol-game-data/global/zh_cn/v1/map-assets/
[2024-06-26 14-33-27]页面新文件列表如下：
New file list is as follows:
网页链接（URL)： https://raw.communitydragon.org/latest/plugins/rcp-be-lol-game-data/global/zh_cn/v1/map-assets/
      file            size           web_date         web_timestamp        local_date          local_timestamp  
 map-assets.json    107.1 KiB    2024-Jun-26 06:15    1719353700.0     2024-06-24 14-23-05    1719210185.471275 
[2024-06-26 14-33-27][8/18][1/1]正在校对文件（Checking file）： https://raw.communitydragon.org/latest/plugins/rcp-be-lol-game-data/global/zh_cn/v1/map-assets/map-assets.json
[2024-06-26 14-33-29]已更新文件（Updated file）：离线数据（Offline Data）/cdragon/latest/plugins/rcp-be-lol-game-data/global/zh_cn/v1/map-assets/map-assets.json
[2024-06-26 14-33-29][9/18]正在检查文件夹（Checking the folder）：https://raw.communitydragon.org/latest/plugins/rcp-be-lol-game-data/global/zh_cn/v1/
[2024-06-26 14-33-30]页面新文件列表如下：
New file list is as follows:
网页链接（URL)： https://raw.communitydragon.org/latest/plugins/rcp-be-lol-game-data/global/zh_cn/v1/
Empty DataFrame
Columns: [file, size, web_date, web_timestamp, local_date, local_timestamp]
Index: []
[2024-06-26 14-33-30][10/18]正在检查文件夹（Checking the folder）：https://raw.communitydragon.org/pbe/
[2024-06-26 14-33-32]页面新文件列表如下：
New file list is as follows:
网页链接（URL)： https://raw.communitydragon.org/pbe/
Empty DataFrame
Columns: [file, size, web_date, web_timestamp, local_date, local_timestamp]
Index: []
[2024-06-26 14-33-32][11/18]正在检查文件夹（Checking the folder）：https://raw.communitydragon.org/pbe/cdragon/arena/
[2024-06-26 14-33-33]页面新文件列表如下：
New file list is as follows:
网页链接（URL)： https://raw.communitydragon.org/pbe/cdragon/arena/
Empty DataFrame
Columns: [file, size, web_date, web_timestamp, local_date, local_timestamp]
Index: []
[2024-06-26 14-33-33][12/18]正在检查文件夹（Checking the folder）：https://raw.communitydragon.org/pbe/cdragon/tft/
[2024-06-26 14-33-35]页面新文件列表如下：
New file list is as follows:
网页链接（URL)： https://raw.communitydragon.org/pbe/cdragon/tft/
Empty DataFrame
Columns: [file, size, web_date, web_timestamp, local_date, local_timestamp]
Index: []
[2024-06-26 14-33-35][13/18]正在检查文件夹（Checking the folder）：https://raw.communitydragon.org/pbe/plugins/rcp-be-lol-game-data/global/default/v1/champions/
[2024-06-26 14-33-37]页面新文件列表如下：
New file list is as follows:
网页链接（URL)： https://raw.communitydragon.org/pbe/plugins/rcp-be-lol-game-data/global/default/v1/champions/
Empty DataFrame
Columns: [file, size, web_date, web_timestamp, local_date, local_timestamp]
Index: []
[2024-06-26 14-33-37][14/18]正在检查文件夹（Checking the folder）：https://raw.communitydragon.org/pbe/plugins/rcp-be-lol-game-data/global/default/v1/map-assets/
[2024-06-26 14-33-38]页面新文件列表如下：
New file list is as follows:
网页链接（URL)： https://raw.communitydragon.org/pbe/plugins/rcp-be-lol-game-data/global/default/v1/map-assets/
Empty DataFrame
Columns: [file, size, web_date, web_timestamp, local_date, local_timestamp]
Index: []
[2024-06-26 14-33-38][15/18]正在检查文件夹（Checking the folder）：https://raw.communitydragon.org/pbe/plugins/rcp-be-lol-game-data/global/default/v1/
[2024-06-26 14-33-39]页面新文件列表如下：
New file list is as follows:
网页链接（URL)： https://raw.communitydragon.org/pbe/plugins/rcp-be-lol-game-data/global/default/v1/
Empty DataFrame
Columns: [file, size, web_date, web_timestamp, local_date, local_timestamp]
Index: []
[2024-06-26 14-33-39][16/18]正在检查文件夹（Checking the folder）：https://raw.communitydragon.org/pbe/plugins/rcp-be-lol-game-data/global/zh_cn/v1/champions/
[2024-06-26 14-33-40]页面新文件列表如下：
New file list is as follows:
网页链接（URL)： https://raw.communitydragon.org/pbe/plugins/rcp-be-lol-game-data/global/zh_cn/v1/champions/
Empty DataFrame
Columns: [file, size, web_date, web_timestamp, local_date, local_timestamp]
Index: []
[2024-06-26 14-33-40][17/18]正在检查文件夹（Checking the folder）：https://raw.communitydragon.org/pbe/plugins/rcp-be-lol-game-data/global/zh_cn/v1/map-assets/
[2024-06-26 14-33-41]页面新文件列表如下：
New file list is as follows:
网页链接（URL)： https://raw.communitydragon.org/pbe/plugins/rcp-be-lol-game-data/global/zh_cn/v1/map-assets/
Empty DataFrame
Columns: [file, size, web_date, web_timestamp, local_date, local_timestamp]
Index: []
[2024-06-26 14-33-41][18/18]正在检查文件夹（Checking the folder）：https://raw.communitydragon.org/pbe/plugins/rcp-be-lol-game-data/global/zh_cn/v1/
[2024-06-26 14-33-42]页面新文件列表如下：
New file list is as follows:
网页链接（URL)： https://raw.communitydragon.org/pbe/plugins/rcp-be-lol-game-data/global/zh_cn/v1/
Empty DataFrame
Columns: [file, size, web_date, web_timestamp, local_date, local_timestamp]
Index: []
已更新以下76个文件：
Updated the following 76 file(s):
https://raw.communitydragon.org/latest/compat-version-metadata.json
https://raw.communitydragon.org/latest/content-metadata.json
https://raw.communitydragon.org/latest/cdragon/arena/en_us.json
https://raw.communitydragon.org/latest/cdragon/arena/zh_cn.json
https://raw.communitydragon.org/latest/cdragon/tft/en_us.json
https://raw.communitydragon.org/latest/cdragon/tft/zh_cn.json
https://raw.communitydragon.org/latest/plugins/rcp-be-lol-game-data/global/default/v1/champions/103.json
https://raw.communitydragon.org/latest/plugins/rcp-be-lol-game-data/global/default/v1/champions/104.json
https://raw.communitydragon.org/latest/plugins/rcp-be-lol-game-data/global/default/v1/champions/105.json
https://raw.communitydragon.org/latest/plugins/rcp-be-lol-game-data/global/default/v1/champions/110.json
https://raw.communitydragon.org/latest/plugins/rcp-be-lol-game-data/global/default/v1/champions/127.json
https://raw.communitydragon.org/latest/plugins/rcp-be-lol-game-data/global/default/v1/champions/154.json
https://raw.communitydragon.org/latest/plugins/rcp-be-lol-game-data/global/default/v1/champions/166.json
https://raw.communitydragon.org/latest/plugins/rcp-be-lol-game-data/global/default/v1/champions/2.json
https://raw.communitydragon.org/latest/plugins/rcp-be-lol-game-data/global/default/v1/champions/29.json
https://raw.communitydragon.org/latest/plugins/rcp-be-lol-game-data/global/default/v1/champions/31.json
https://raw.communitydragon.org/latest/plugins/rcp-be-lol-game-data/global/default/v1/champions/33.json
https://raw.communitydragon.org/latest/plugins/rcp-be-lol-game-data/global/default/v1/champions/4.json
https://raw.communitydragon.org/latest/plugins/rcp-be-lol-game-data/global/default/v1/champions/41.json
https://raw.communitydragon.org/latest/plugins/rcp-be-lol-game-data/global/default/v1/champions/429.json
https://raw.communitydragon.org/latest/plugins/rcp-be-lol-game-data/global/default/v1/champions/498.json
https://raw.communitydragon.org/latest/plugins/rcp-be-lol-game-data/global/default/v1/champions/516.json
https://raw.communitydragon.org/latest/plugins/rcp-be-lol-game-data/global/default/v1/champions/68.json
https://raw.communitydragon.org/latest/plugins/rcp-be-lol-game-data/global/default/v1/champions/72.json
https://raw.communitydragon.org/latest/plugins/rcp-be-lol-game-data/global/default/v1/champions/777.json
https://raw.communitydragon.org/latest/plugins/rcp-be-lol-game-data/global/default/v1/champions/78.json
https://raw.communitydragon.org/latest/plugins/rcp-be-lol-game-data/global/default/v1/champions/902.json
https://raw.communitydragon.org/latest/plugins/rcp-be-lol-game-data/global/default/v1/map-assets/map-assets.json
https://raw.communitydragon.org/latest/plugins/rcp-be-lol-game-data/global/default/v1/challenges.json
https://raw.communitydragon.org/latest/plugins/rcp-be-lol-game-data/global/default/v1/champion-rune-recommendations.json
https://raw.communitydragon.org/latest/plugins/rcp-be-lol-game-data/global/default/v1/companions.json
https://raw.communitydragon.org/latest/plugins/rcp-be-lol-game-data/global/default/v1/event-hub.json
https://raw.communitydragon.org/latest/plugins/rcp-be-lol-game-data/global/default/v1/generic-assets.json
https://raw.communitydragon.org/latest/plugins/rcp-be-lol-game-data/global/default/v1/items.json
https://raw.communitydragon.org/latest/plugins/rcp-be-lol-game-data/global/default/v1/loot.json
https://raw.communitydragon.org/latest/plugins/rcp-be-lol-game-data/global/default/v1/mission-assets.json
https://raw.communitydragon.org/latest/plugins/rcp-be-lol-game-data/global/default/v1/profile-icons.json
https://raw.communitydragon.org/latest/plugins/rcp-be-lol-game-data/global/default/v1/queues.json
https://raw.communitydragon.org/latest/plugins/rcp-be-lol-game-data/global/default/v1/rewards.json
https://raw.communitydragon.org/latest/plugins/rcp-be-lol-game-data/global/default/v1/skinlines.json
https://raw.communitydragon.org/latest/plugins/rcp-be-lol-game-data/global/default/v1/skins.json
https://raw.communitydragon.org/latest/plugins/rcp-be-lol-game-data/global/default/v1/statstones.json
https://raw.communitydragon.org/latest/plugins/rcp-be-lol-game-data/global/default/v1/summoner-emotes.json
https://raw.communitydragon.org/latest/plugins/rcp-be-lol-game-data/global/default/v1/summoner-icons.json
https://raw.communitydragon.org/latest/plugins/rcp-be-lol-game-data/global/default/v1/tftitems.json
https://raw.communitydragon.org/latest/plugins/rcp-be-lol-game-data/global/default/v1/tftmapskins.json
https://raw.communitydragon.org/latest/plugins/rcp-be-lol-game-data/global/default/v1/tftpass-assets.json
https://raw.communitydragon.org/latest/plugins/rcp-be-lol-game-data/global/default/v1/tftplaybooks.json
https://raw.communitydragon.org/latest/plugins/rcp-be-lol-game-data/global/default/v1/tftrotationalshopitemdata.json
https://raw.communitydragon.org/latest/plugins/rcp-be-lol-game-data/global/default/v1/tftsets.json
https://raw.communitydragon.org/latest/plugins/rcp-be-lol-game-data/global/default/v1/tfttraits.json
https://raw.communitydragon.org/latest/plugins/rcp-be-lol-game-data/global/default/v1/tfttrovesbannerrewards.json
https://raw.communitydragon.org/latest/plugins/rcp-be-lol-game-data/global/default/v1/tfttrovesbanners.json
https://raw.communitydragon.org/latest/plugins/rcp-be-lol-game-data/global/default/v1/tfttrovestablesnames.json
https://raw.communitydragon.org/latest/plugins/rcp-be-lol-game-data/global/default/v1/universes.json
https://raw.communitydragon.org/latest/plugins/rcp-be-lol-game-data/global/zh_cn/v1/champions/103.json
https://raw.communitydragon.org/latest/plugins/rcp-be-lol-game-data/global/zh_cn/v1/champions/104.json
https://raw.communitydragon.org/latest/plugins/rcp-be-lol-game-data/global/zh_cn/v1/champions/105.json
https://raw.communitydragon.org/latest/plugins/rcp-be-lol-game-data/global/zh_cn/v1/champions/110.json
https://raw.communitydragon.org/latest/plugins/rcp-be-lol-game-data/global/zh_cn/v1/champions/127.json
https://raw.communitydragon.org/latest/plugins/rcp-be-lol-game-data/global/zh_cn/v1/champions/154.json
https://raw.communitydragon.org/latest/plugins/rcp-be-lol-game-data/global/zh_cn/v1/champions/166.json
https://raw.communitydragon.org/latest/plugins/rcp-be-lol-game-data/global/zh_cn/v1/champions/2.json
https://raw.communitydragon.org/latest/plugins/rcp-be-lol-game-data/global/zh_cn/v1/champions/29.json
https://raw.communitydragon.org/latest/plugins/rcp-be-lol-game-data/global/zh_cn/v1/champions/31.json
https://raw.communitydragon.org/latest/plugins/rcp-be-lol-game-data/global/zh_cn/v1/champions/33.json
https://raw.communitydragon.org/latest/plugins/rcp-be-lol-game-data/global/zh_cn/v1/champions/41.json
https://raw.communitydragon.org/latest/plugins/rcp-be-lol-game-data/global/zh_cn/v1/champions/429.json
https://raw.communitydragon.org/latest/plugins/rcp-be-lol-game-data/global/zh_cn/v1/champions/498.json
https://raw.communitydragon.org/latest/plugins/rcp-be-lol-game-data/global/zh_cn/v1/champions/516.json
https://raw.communitydragon.org/latest/plugins/rcp-be-lol-game-data/global/zh_cn/v1/champions/68.json
https://raw.communitydragon.org/latest/plugins/rcp-be-lol-game-data/global/zh_cn/v1/champions/72.json
https://raw.communitydragon.org/latest/plugins/rcp-be-lol-game-data/global/zh_cn/v1/champions/777.json
https://raw.communitydragon.org/latest/plugins/rcp-be-lol-game-data/global/zh_cn/v1/champions/78.json
https://raw.communitydragon.org/latest/plugins/rcp-be-lol-game-data/global/zh_cn/v1/champions/902.json
https://raw.communitydragon.org/latest/plugins/rcp-be-lol-game-data/global/zh_cn/v1/map-assets/map-assets.json

请选择要更新的数据资源，输入空字符串以退出程序：
Please select the data resource to update, or submit an empty string to exit the program:
1	CommunityDragon
2	DataDragon

[The program has exited!]
