请选择要更新的数据资源，输入空字符串以退出程序：
Please select the data resource to update, or submit an empty string to exit the program:
1	CommunityDragon
2	DataDragon
1
请选择更新模式：
Please select the update mode:
1	全局扫描（Global Scanning）
2	按修改时间更新（Updating According to Modification Time）
3	更新指定文件夹（Updating Specified Folders）

请选择一种方式指定修改时间：
Please select a method of specifying the modification time:
1	自动获取（Automatically get）
2	手动输入（Manually input）

[2024-07-18 10-37-43][1/18]正在检查文件夹（Checking the folder）：https://raw.communitydragon.org/latest/
[2024-07-18 10-37-44]页面新文件列表如下：
New file list is as follows:
网页链接（URL)： https://raw.communitydragon.org/latest/
             file                size        web_date         web_timestamp        local_date          local_timestamp   
 compat-version-metadata.json    72 B    2024-Jul-18 01:17    1721236620.0     2024-07-02 10-51-14    1719888674.0816567 
    content-metadata.json        74 B    2024-Jul-18 01:17    1721236620.0     2024-07-02 10-51-15    1719888675.3266745 
[2024-07-18 10-37-44][1/18][1/2]正在校对文件（Checking file）： https://raw.communitydragon.org/latest/compat-version-metadata.json
违反协议导致读取中断！正在尝试第1次重新获取数据！
EOF occurred in violation of protocol! Trying to recapture the data with url: https://raw.communitydragon.org/latest/compat-version-metadata.json. Time(s) tried: 1
[2024-07-18 10-37-46]已更新文件（Updated file）：离线数据（Offline Data）/cdragon/latest/compat-version-metadata.json
[2024-07-18 10-37-46][1/18][2/2]正在校对文件（Checking file）： https://raw.communitydragon.org/latest/content-metadata.json
[2024-07-18 10-37-46]已更新文件（Updated file）：离线数据（Offline Data）/cdragon/latest/content-metadata.json
[2024-07-18 10-37-46][2/18]正在检查文件夹（Checking the folder）：https://raw.communitydragon.org/latest/cdragon/arena/
[2024-07-18 10-37-48]页面新文件列表如下：
New file list is as follows:
网页链接（URL)： https://raw.communitydragon.org/latest/cdragon/arena/
    file         size           web_date         web_timestamp        local_date          local_timestamp   
 en_us.json    160.0 KiB    2024-Jul-18 01:37    1721237820.0     2024-07-02 10-51-18    1719888678.0130434 
 zh_cn.json    162.2 KiB    2024-Jul-18 01:37    1721237820.0     2024-07-02 10-51-19    1719888679.5843313 
[2024-07-18 10-37-48][2/18][1/2]正在校对文件（Checking file）： https://raw.communitydragon.org/latest/cdragon/arena/en_us.json
违反协议导致读取中断！正在尝试第1次重新获取数据！
EOF occurred in violation of protocol! Trying to recapture the data with url: https://raw.communitydragon.org/latest/cdragon/arena/en_us.json. Time(s) tried: 1
[2024-07-18 10-37-49]已更新文件（Updated file）：离线数据（Offline Data）/cdragon/latest/cdragon/arena/en_us.json
[2024-07-18 10-37-49][2/18][2/2]正在校对文件（Checking file）： https://raw.communitydragon.org/latest/cdragon/arena/zh_cn.json
[2024-07-18 10-37-51]已更新文件（Updated file）：离线数据（Offline Data）/cdragon/latest/cdragon/arena/zh_cn.json
[2024-07-18 10-37-51][3/18]正在检查文件夹（Checking the folder）：https://raw.communitydragon.org/latest/cdragon/tft/
[2024-07-18 10-37-51]页面新文件列表如下：
New file list is as follows:
网页链接（URL)： https://raw.communitydragon.org/latest/cdragon/tft/
    file        size          web_date         web_timestamp        local_date          local_timestamp   
 en_us.json    3.6 MiB    2024-Jul-18 01:37    1721237820.0     2024-07-02 10-51-22    1719888682.9226758 
 zh_cn.json    3.6 MiB    2024-Jul-18 01:37    1721237820.0     2024-07-02 10-51-25    1719888685.7413964 
[2024-07-18 10-37-51][3/18][1/2]正在校对文件（Checking file）： https://raw.communitydragon.org/latest/cdragon/tft/en_us.json
违反协议导致读取中断！正在尝试第1次重新获取数据！
EOF occurred in violation of protocol! Trying to recapture the data with url: https://raw.communitydragon.org/latest/cdragon/tft/en_us.json. Time(s) tried: 1
[2024-07-18 10-37-54]已更新文件（Updated file）：离线数据（Offline Data）/cdragon/latest/cdragon/tft/en_us.json
[2024-07-18 10-37-54][3/18][2/2]正在校对文件（Checking file）： https://raw.communitydragon.org/latest/cdragon/tft/zh_cn.json
[2024-07-18 10-37-56]已更新文件（Updated file）：离线数据（Offline Data）/cdragon/latest/cdragon/tft/zh_cn.json
[2024-07-18 10-37-56][4/18]正在检查文件夹（Checking the folder）：https://raw.communitydragon.org/latest/plugins/rcp-be-lol-game-data/global/default/v1/champions/
[2024-07-18 10-37-58]页面新文件列表如下：
New file list is as follows:
网页链接（URL)： https://raw.communitydragon.org/latest/plugins/rcp-be-lol-game-data/global/default/v1/champions/
   file         size          web_date         web_timestamp        local_date          local_timestamp   
 101.json     23.0 KiB    2024-Jul-18 01:37    1721237820.0     2024-06-24 14-13-21    1719209601.2727766 
 120.json     28.2 KiB    2024-Jul-18 01:37    1721237820.0     2024-06-24 14-13-39    1719209619.6177921 
 136.json     24.9 KiB    2024-Jul-18 01:37    1721237820.0     2024-06-24 14-13-48    1719209628.8941765 
  14.json     28.2 KiB    2024-Jul-18 01:37    1721237820.0     2024-06-24 14-13-49    1719209629.942148  
 147.json     32.2 KiB    2024-Jul-18 01:37    1721237820.0     2024-06-24 14-13-55    1719209635.1783507 
 154.json     21.3 KiB    2024-Jul-18 01:37    1721237820.0     2024-07-02 10-51-33    1719888693.9638872 
  18.json     37.5 KiB    2024-Jul-18 01:37    1721237820.0     2024-06-24 14-14-07    1719209647.0513287 
 200.json     19.7 KiB    2024-Jul-18 01:37    1721237820.0     2024-06-24 14-14-14     1719209654.18603  
 203.json     23.7 KiB    2024-Jul-18 01:37    1721237820.0     2024-06-24 14-14-17    1719209657.4263206 
  21.json     42.9 KiB    2024-Jul-18 01:37    1721237820.0     2024-06-24 14-14-18    1719209658.4717584 
  24.json     31.0 KiB    2024-Jul-18 01:37    1721237820.0     2024-06-24 14-14-29    1719209669.7966318 
  31.json     25.9 KiB    2024-Jul-18 01:37    1721237820.0     2024-07-02 10-51-38    1719888698.9684255 
 3147.json    7.9 KiB     2024-Jul-18 01:37    1721237820.0     1970-01-01 08-00-00           0.0         
 3151.json    7.6 KiB     2024-Jul-18 01:37    1721237820.0     1970-01-01 08-00-00           0.0         
 3152.json    7.6 KiB     2024-Jul-18 01:37    1721237820.0     1970-01-01 08-00-00           0.0         
 3153.json    7.8 KiB     2024-Jul-18 01:37    1721237820.0     1970-01-01 08-00-00           0.0         
 3156.json    8.0 KiB     2024-Jul-18 01:37    1721237820.0     1970-01-01 08-00-00           0.0         
 3157.json    7.6 KiB     2024-Jul-18 01:37    1721237820.0     1970-01-01 08-00-00           0.0         
 3159.json    8.0 KiB     2024-Jul-18 01:37    1721237820.0     1970-01-01 08-00-00           0.0         
  33.json     25.2 KiB    2024-Jul-18 01:37    1721237820.0     2024-07-02 10-51-41    1719888701.7609649 
 350.json     31.7 KiB    2024-Jul-18 01:37    1721237820.0     2024-06-24 14-14-52    1719209692.8571017 
 3678.json    7.9 KiB     2024-Jul-18 01:37    1721237820.0     1970-01-01 08-00-00           0.0         
 3947.json    8.3 KiB     2024-Jul-18 01:37    1721237820.0     1970-01-01 08-00-00           0.0         
 421.json     21.3 KiB    2024-Jul-18 01:37    1721237820.0     2024-06-24 14-15-13    1719209713.2623944 
 498.json     31.5 KiB    2024-Jul-18 01:37    1721237820.0     2024-07-02 10-51-45    1719888705.0298445 
  63.json     30.8 KiB    2024-Jul-18 01:37    1721237820.0     2024-06-24 14-16-09    1719209769.758086  
  68.json     22.2 KiB    2024-Jul-18 01:37    1721237820.0     2024-07-02 10-51-47    1719888707.2686336 
  72.json     17.5 KiB    2024-Jul-18 01:37    1721237820.0     2024-07-02 10-51-48    1719888708.3030183 
  84.json     45.6 KiB    2024-Jul-18 01:37    1721237820.0     2024-06-24 14-16-41     1719209801.31651  
 893.json     13.5 KiB    2024-Jul-18 01:37    1721237820.0     1970-01-01 08-00-00           0.0         
 902.json     15.7 KiB    2024-Jul-18 01:37    1721237820.0     2024-07-02 10-51-51    1719888711.5384693 
[2024-07-18 10-37-58][4/18][1/31]正在校对文件（Checking file）： https://raw.communitydragon.org/latest/plugins/rcp-be-lol-game-data/global/default/v1/champions/101.json
违反协议导致读取中断！正在尝试第1次重新获取数据！
EOF occurred in violation of protocol! Trying to recapture the data with url: https://raw.communitydragon.org/latest/plugins/rcp-be-lol-game-data/global/default/v1/champions/101.json. Time(s) tried: 1
[2024-07-18 10-37-59]已更新文件（Updated file）：离线数据（Offline Data）/cdragon/latest/plugins/rcp-be-lol-game-data/global/default/v1/champions/101.json
[2024-07-18 10-37-59][4/18][2/31]正在校对文件（Checking file）： https://raw.communitydragon.org/latest/plugins/rcp-be-lol-game-data/global/default/v1/champions/120.json
[2024-07-18 10-37-59]已更新文件（Updated file）：离线数据（Offline Data）/cdragon/latest/plugins/rcp-be-lol-game-data/global/default/v1/champions/120.json
[2024-07-18 10-37-59][4/18][3/31]正在校对文件（Checking file）： https://raw.communitydragon.org/latest/plugins/rcp-be-lol-game-data/global/default/v1/champions/136.json
违反协议导致读取中断！正在尝试第1次重新获取数据！
EOF occurred in violation of protocol! Trying to recapture the data with url: https://raw.communitydragon.org/latest/plugins/rcp-be-lol-game-data/global/default/v1/champions/136.json. Time(s) tried: 1
[2024-07-18 10-38-01]已更新文件（Updated file）：离线数据（Offline Data）/cdragon/latest/plugins/rcp-be-lol-game-data/global/default/v1/champions/136.json
[2024-07-18 10-38-01][4/18][4/31]正在校对文件（Checking file）： https://raw.communitydragon.org/latest/plugins/rcp-be-lol-game-data/global/default/v1/champions/14.json
违反协议导致读取中断！正在尝试第1次重新获取数据！
EOF occurred in violation of protocol! Trying to recapture the data with url: https://raw.communitydragon.org/latest/plugins/rcp-be-lol-game-data/global/default/v1/champions/14.json. Time(s) tried: 1
[2024-07-18 10-38-02]已更新文件（Updated file）：离线数据（Offline Data）/cdragon/latest/plugins/rcp-be-lol-game-data/global/default/v1/champions/14.json
[2024-07-18 10-38-02][4/18][5/31]正在校对文件（Checking file）： https://raw.communitydragon.org/latest/plugins/rcp-be-lol-game-data/global/default/v1/champions/147.json
[2024-07-18 10-38-04]已更新文件（Updated file）：离线数据（Offline Data）/cdragon/latest/plugins/rcp-be-lol-game-data/global/default/v1/champions/147.json
[2024-07-18 10-38-04][4/18][6/31]正在校对文件（Checking file）： https://raw.communitydragon.org/latest/plugins/rcp-be-lol-game-data/global/default/v1/champions/154.json
违反协议导致读取中断！正在尝试第1次重新获取数据！
EOF occurred in violation of protocol! Trying to recapture the data with url: https://raw.communitydragon.org/latest/plugins/rcp-be-lol-game-data/global/default/v1/champions/154.json. Time(s) tried: 1
[2024-07-18 10-38-05]已更新文件（Updated file）：离线数据（Offline Data）/cdragon/latest/plugins/rcp-be-lol-game-data/global/default/v1/champions/154.json
[2024-07-18 10-38-05][4/18][7/31]正在校对文件（Checking file）： https://raw.communitydragon.org/latest/plugins/rcp-be-lol-game-data/global/default/v1/champions/18.json
违反协议导致读取中断！正在尝试第1次重新获取数据！
EOF occurred in violation of protocol! Trying to recapture the data with url: https://raw.communitydragon.org/latest/plugins/rcp-be-lol-game-data/global/default/v1/champions/18.json. Time(s) tried: 1
[2024-07-18 10-38-07]已更新文件（Updated file）：离线数据（Offline Data）/cdragon/latest/plugins/rcp-be-lol-game-data/global/default/v1/champions/18.json
[2024-07-18 10-38-07][4/18][8/31]正在校对文件（Checking file）： https://raw.communitydragon.org/latest/plugins/rcp-be-lol-game-data/global/default/v1/champions/200.json
[2024-07-18 10-38-08]已更新文件（Updated file）：离线数据（Offline Data）/cdragon/latest/plugins/rcp-be-lol-game-data/global/default/v1/champions/200.json
[2024-07-18 10-38-08][4/18][9/31]正在校对文件（Checking file）： https://raw.communitydragon.org/latest/plugins/rcp-be-lol-game-data/global/default/v1/champions/203.json
违反协议导致读取中断！正在尝试第1次重新获取数据！
EOF occurred in violation of protocol! Trying to recapture the data with url: https://raw.communitydragon.org/latest/plugins/rcp-be-lol-game-data/global/default/v1/champions/203.json. Time(s) tried: 1
[2024-07-18 10-38-09]已更新文件（Updated file）：离线数据（Offline Data）/cdragon/latest/plugins/rcp-be-lol-game-data/global/default/v1/champions/203.json
[2024-07-18 10-38-09][4/18][10/31]正在校对文件（Checking file）： https://raw.communitydragon.org/latest/plugins/rcp-be-lol-game-data/global/default/v1/champions/21.json
违反协议导致读取中断！正在尝试第1次重新获取数据！
EOF occurred in violation of protocol! Trying to recapture the data with url: https://raw.communitydragon.org/latest/plugins/rcp-be-lol-game-data/global/default/v1/champions/21.json. Time(s) tried: 1
违反协议导致读取中断！正在尝试第2次重新获取数据！
EOF occurred in violation of protocol! Trying to recapture the data with url: https://raw.communitydragon.org/latest/plugins/rcp-be-lol-game-data/global/default/v1/champions/21.json. Time(s) tried: 2
[2024-07-18 10-38-11]已更新文件（Updated file）：离线数据（Offline Data）/cdragon/latest/plugins/rcp-be-lol-game-data/global/default/v1/champions/21.json
[2024-07-18 10-38-11][4/18][11/31]正在校对文件（Checking file）： https://raw.communitydragon.org/latest/plugins/rcp-be-lol-game-data/global/default/v1/champions/24.json
违反协议导致读取中断！正在尝试第1次重新获取数据！
EOF occurred in violation of protocol! Trying to recapture the data with url: https://raw.communitydragon.org/latest/plugins/rcp-be-lol-game-data/global/default/v1/champions/24.json. Time(s) tried: 1
[2024-07-18 10-38-12]已更新文件（Updated file）：离线数据（Offline Data）/cdragon/latest/plugins/rcp-be-lol-game-data/global/default/v1/champions/24.json
[2024-07-18 10-38-12][4/18][12/31]正在校对文件（Checking file）： https://raw.communitydragon.org/latest/plugins/rcp-be-lol-game-data/global/default/v1/champions/31.json
[2024-07-18 10-38-14]已更新文件（Updated file）：离线数据（Offline Data）/cdragon/latest/plugins/rcp-be-lol-game-data/global/default/v1/champions/31.json
[2024-07-18 10-38-14][4/18][13/31]正在校对文件（Checking file）： https://raw.communitydragon.org/latest/plugins/rcp-be-lol-game-data/global/default/v1/champions/3147.json
[2024-07-18 10-38-15]已添加文件（Added file）：离线数据（Offline Data）/cdragon/latest/plugins/rcp-be-lol-game-data/global/default/v1/champions/3147.json
[2024-07-18 10-38-15][4/18][14/31]正在校对文件（Checking file）： https://raw.communitydragon.org/latest/plugins/rcp-be-lol-game-data/global/default/v1/champions/3151.json
[2024-07-18 10-38-16]已添加文件（Added file）：离线数据（Offline Data）/cdragon/latest/plugins/rcp-be-lol-game-data/global/default/v1/champions/3151.json
[2024-07-18 10-38-16][4/18][15/31]正在校对文件（Checking file）： https://raw.communitydragon.org/latest/plugins/rcp-be-lol-game-data/global/default/v1/champions/3152.json
违反协议导致读取中断！正在尝试第1次重新获取数据！
EOF occurred in violation of protocol! Trying to recapture the data with url: https://raw.communitydragon.org/latest/plugins/rcp-be-lol-game-data/global/default/v1/champions/3152.json. Time(s) tried: 1
[2024-07-18 10-38-17]已添加文件（Added file）：离线数据（Offline Data）/cdragon/latest/plugins/rcp-be-lol-game-data/global/default/v1/champions/3152.json
[2024-07-18 10-38-17][4/18][16/31]正在校对文件（Checking file）： https://raw.communitydragon.org/latest/plugins/rcp-be-lol-game-data/global/default/v1/champions/3153.json
[2024-07-18 10-38-18]已添加文件（Added file）：离线数据（Offline Data）/cdragon/latest/plugins/rcp-be-lol-game-data/global/default/v1/champions/3153.json
[2024-07-18 10-38-18][4/18][17/31]正在校对文件（Checking file）： https://raw.communitydragon.org/latest/plugins/rcp-be-lol-game-data/global/default/v1/champions/3156.json
[2024-07-18 10-38-19]已添加文件（Added file）：离线数据（Offline Data）/cdragon/latest/plugins/rcp-be-lol-game-data/global/default/v1/champions/3156.json
[2024-07-18 10-38-19][4/18][18/31]正在校对文件（Checking file）： https://raw.communitydragon.org/latest/plugins/rcp-be-lol-game-data/global/default/v1/champions/3157.json
[2024-07-18 10-38-20]已添加文件（Added file）：离线数据（Offline Data）/cdragon/latest/plugins/rcp-be-lol-game-data/global/default/v1/champions/3157.json
[2024-07-18 10-38-20][4/18][19/31]正在校对文件（Checking file）： https://raw.communitydragon.org/latest/plugins/rcp-be-lol-game-data/global/default/v1/champions/3159.json
[2024-07-18 10-38-21]已添加文件（Added file）：离线数据（Offline Data）/cdragon/latest/plugins/rcp-be-lol-game-data/global/default/v1/champions/3159.json
[2024-07-18 10-38-21][4/18][20/31]正在校对文件（Checking file）： https://raw.communitydragon.org/latest/plugins/rcp-be-lol-game-data/global/default/v1/champions/33.json
[2024-07-18 10-38-22]已更新文件（Updated file）：离线数据（Offline Data）/cdragon/latest/plugins/rcp-be-lol-game-data/global/default/v1/champions/33.json
[2024-07-18 10-38-22][4/18][21/31]正在校对文件（Checking file）： https://raw.communitydragon.org/latest/plugins/rcp-be-lol-game-data/global/default/v1/champions/350.json
[2024-07-18 10-38-23]已更新文件（Updated file）：离线数据（Offline Data）/cdragon/latest/plugins/rcp-be-lol-game-data/global/default/v1/champions/350.json
[2024-07-18 10-38-23][4/18][22/31]正在校对文件（Checking file）： https://raw.communitydragon.org/latest/plugins/rcp-be-lol-game-data/global/default/v1/champions/3678.json
[2024-07-18 10-38-24]已添加文件（Added file）：离线数据（Offline Data）/cdragon/latest/plugins/rcp-be-lol-game-data/global/default/v1/champions/3678.json
[2024-07-18 10-38-24][4/18][23/31]正在校对文件（Checking file）： https://raw.communitydragon.org/latest/plugins/rcp-be-lol-game-data/global/default/v1/champions/3947.json
[2024-07-18 10-38-26]已添加文件（Added file）：离线数据（Offline Data）/cdragon/latest/plugins/rcp-be-lol-game-data/global/default/v1/champions/3947.json
[2024-07-18 10-38-26][4/18][24/31]正在校对文件（Checking file）： https://raw.communitydragon.org/latest/plugins/rcp-be-lol-game-data/global/default/v1/champions/421.json
违反协议导致读取中断！正在尝试第1次重新获取数据！
EOF occurred in violation of protocol! Trying to recapture the data with url: https://raw.communitydragon.org/latest/plugins/rcp-be-lol-game-data/global/default/v1/champions/421.json. Time(s) tried: 1
违反协议导致读取中断！正在尝试第2次重新获取数据！
EOF occurred in violation of protocol! Trying to recapture the data with url: https://raw.communitydragon.org/latest/plugins/rcp-be-lol-game-data/global/default/v1/champions/421.json. Time(s) tried: 2
[2024-07-18 10-38-27]已更新文件（Updated file）：离线数据（Offline Data）/cdragon/latest/plugins/rcp-be-lol-game-data/global/default/v1/champions/421.json
[2024-07-18 10-38-27][4/18][25/31]正在校对文件（Checking file）： https://raw.communitydragon.org/latest/plugins/rcp-be-lol-game-data/global/default/v1/champions/498.json
违反协议导致读取中断！正在尝试第1次重新获取数据！
EOF occurred in violation of protocol! Trying to recapture the data with url: https://raw.communitydragon.org/latest/plugins/rcp-be-lol-game-data/global/default/v1/champions/498.json. Time(s) tried: 1
违反协议导致读取中断！正在尝试第2次重新获取数据！
EOF occurred in violation of protocol! Trying to recapture the data with url: https://raw.communitydragon.org/latest/plugins/rcp-be-lol-game-data/global/default/v1/champions/498.json. Time(s) tried: 2
违反协议导致读取中断！正在尝试第3次重新获取数据！
EOF occurred in violation of protocol! Trying to recapture the data with url: https://raw.communitydragon.org/latest/plugins/rcp-be-lol-game-data/global/default/v1/champions/498.json. Time(s) tried: 3
违反协议导致读取中断！正在尝试第4次重新获取数据！
EOF occurred in violation of protocol! Trying to recapture the data with url: https://raw.communitydragon.org/latest/plugins/rcp-be-lol-game-data/global/default/v1/champions/498.json. Time(s) tried: 4
[2024-07-18 10-38-32]已更新文件（Updated file）：离线数据（Offline Data）/cdragon/latest/plugins/rcp-be-lol-game-data/global/default/v1/champions/498.json
[2024-07-18 10-38-32][4/18][26/31]正在校对文件（Checking file）： https://raw.communitydragon.org/latest/plugins/rcp-be-lol-game-data/global/default/v1/champions/63.json
[2024-07-18 10-38-32]已更新文件（Updated file）：离线数据（Offline Data）/cdragon/latest/plugins/rcp-be-lol-game-data/global/default/v1/champions/63.json
[2024-07-18 10-38-32][4/18][27/31]正在校对文件（Checking file）： https://raw.communitydragon.org/latest/plugins/rcp-be-lol-game-data/global/default/v1/champions/68.json
[2024-07-18 10-38-36]已更新文件（Updated file）：离线数据（Offline Data）/cdragon/latest/plugins/rcp-be-lol-game-data/global/default/v1/champions/68.json
[2024-07-18 10-38-36][4/18][28/31]正在校对文件（Checking file）： https://raw.communitydragon.org/latest/plugins/rcp-be-lol-game-data/global/default/v1/champions/72.json
违反协议导致读取中断！正在尝试第1次重新获取数据！
EOF occurred in violation of protocol! Trying to recapture the data with url: https://raw.communitydragon.org/latest/plugins/rcp-be-lol-game-data/global/default/v1/champions/72.json. Time(s) tried: 1
[2024-07-18 10-38-38]已更新文件（Updated file）：离线数据（Offline Data）/cdragon/latest/plugins/rcp-be-lol-game-data/global/default/v1/champions/72.json
[2024-07-18 10-38-38][4/18][29/31]正在校对文件（Checking file）： https://raw.communitydragon.org/latest/plugins/rcp-be-lol-game-data/global/default/v1/champions/84.json
[2024-07-18 10-38-39]已更新文件（Updated file）：离线数据（Offline Data）/cdragon/latest/plugins/rcp-be-lol-game-data/global/default/v1/champions/84.json
[2024-07-18 10-38-39][4/18][30/31]正在校对文件（Checking file）： https://raw.communitydragon.org/latest/plugins/rcp-be-lol-game-data/global/default/v1/champions/893.json
[2024-07-18 10-38-40]已添加文件（Added file）：离线数据（Offline Data）/cdragon/latest/plugins/rcp-be-lol-game-data/global/default/v1/champions/893.json
[2024-07-18 10-38-40][4/18][31/31]正在校对文件（Checking file）： https://raw.communitydragon.org/latest/plugins/rcp-be-lol-game-data/global/default/v1/champions/902.json
违反协议导致读取中断！正在尝试第1次重新获取数据！
EOF occurred in violation of protocol! Trying to recapture the data with url: https://raw.communitydragon.org/latest/plugins/rcp-be-lol-game-data/global/default/v1/champions/902.json. Time(s) tried: 1
[2024-07-18 10-38-42]已更新文件（Updated file）：离线数据（Offline Data）/cdragon/latest/plugins/rcp-be-lol-game-data/global/default/v1/champions/902.json
[2024-07-18 10-38-42][5/18]正在检查文件夹（Checking the folder）：https://raw.communitydragon.org/latest/plugins/rcp-be-lol-game-data/global/default/v1/map-assets/
[2024-07-18 10-38-45]页面新文件列表如下：
New file list is as follows:
网页链接（URL)： https://raw.communitydragon.org/latest/plugins/rcp-be-lol-game-data/global/default/v1/map-assets/
      file            size           web_date         web_timestamp        local_date          local_timestamp   
 map-assets.json    111.4 KiB    2024-Jul-18 01:37    1721237820.0     2024-07-02 10-51-53    1719888713.4826748 
[2024-07-18 10-38-45][5/18][1/1]正在校对文件（Checking file）： https://raw.communitydragon.org/latest/plugins/rcp-be-lol-game-data/global/default/v1/map-assets/map-assets.json
[2024-07-18 10-38-46]已更新文件（Updated file）：离线数据（Offline Data）/cdragon/latest/plugins/rcp-be-lol-game-data/global/default/v1/map-assets/map-assets.json
[2024-07-18 10-38-46][6/18]正在检查文件夹（Checking the folder）：https://raw.communitydragon.org/latest/plugins/rcp-be-lol-game-data/global/default/v1/
违反协议导致读取中断！正在尝试第1次重新获取数据！
EOF occurred in violation of protocol! Trying to recapture the data with url: https://raw.communitydragon.org/latest/plugins/rcp-be-lol-game-data/global/default/v1/. Time(s) tried: 1
违反协议导致读取中断！正在尝试第2次重新获取数据！
EOF occurred in violation of protocol! Trying to recapture the data with url: https://raw.communitydragon.org/latest/plugins/rcp-be-lol-game-data/global/default/v1/. Time(s) tried: 2
[2024-07-18 10-38-49]页面新文件列表如下：
New file list is as follows:
网页链接（URL)： https://raw.communitydragon.org/latest/plugins/rcp-be-lol-game-data/global/default/v1/
                file                     size           web_date         web_timestamp        local_date          local_timestamp   
          challenges.json              592.5 KiB    2024-Jul-18 01:37    1721237820.0     2024-07-02 10-51-56    1719888716.2672334 
 champion-rune-recommendations.json    337.7 KiB    2024-Jul-18 01:37    1721237820.0     2024-07-02 10-51-57    1719888717.757671  
       champion-summary.json           24.4 KiB     2024-Jul-18 01:37    1721237820.0     2024-06-24 14-17-10    1719209830.5472882 
     championperkstylemap.json         10.9 KiB     2024-Jul-18 01:37    1721237820.0     2024-06-24 14-17-11    1719209831.6013186 
        cherry-augments.json           43.3 KiB     2024-Jul-18 01:37    1721237820.0     2024-06-24 14-17-13    1719209833.179829  
          companions.json              736.7 KiB    2024-Jul-18 01:37    1721237820.0     2024-07-02 10-51-59    1719888719.6300242 
           event-hub.json              46.0 KiB     2024-Jul-18 01:37    1721237820.0     2024-07-02 10-52-00    1719888720.6330352 
        generic-assets.json            174.2 KiB    2024-Jul-18 01:37    1721237820.0     2024-07-02 10-52-01    1719888721.845152  
             items.json                415.1 KiB    2024-Jul-18 01:37    1721237820.0     2024-07-02 10-52-03    1719888723.1911616 
             loot.json                  2.7 MiB     2024-Jul-18 01:37    1721237820.0     2024-07-02 10-52-05    1719888725.6131327 
        lootmilestones.json            92.4 KiB     2024-Jul-18 01:37    1721237820.0     2024-06-24 14-17-27    1719209847.0131526 
             maps.json                  1.4 KiB     2024-Jul-18 01:37    1721237820.0     2024-06-24 14-17-27    1719209847.9795601 
        mission-assets.json            20.7 KiB     2024-Jul-18 01:37    1721237820.0     2024-07-02 10-52-06    1719888726.722453  
             perks.json                93.5 KiB     2024-Jul-18 01:37    1721237820.0     2024-07-02 10-52-08    1719888728.076342  
         profile-icons.json            316.7 KiB    2024-Jul-18 01:37    1721237820.0     2024-07-02 10-52-09    1719888729.4433327 
            queues.json                49.2 KiB     2024-Jul-18 01:37    1721237820.0     2024-07-02 10-52-10    1719888730.4118204 
            rewards.json               523.4 KiB    2024-Jul-18 01:37    1721237820.0     2024-07-02 10-52-11    1719888731.6133902 
           skinlines.json              51.5 KiB     2024-Jul-18 01:37    1721237820.0     2024-07-02 10-52-13    1719888733.0669334 
             skins.json                 3.1 MiB     2024-Jul-18 01:37    1721237820.0     2024-07-02 10-52-15    1719888735.5404027 
          statstones.json               1.7 MiB     2024-Jul-18 01:37    1721237820.0     2024-07-02 10-52-18    1719888738.2456594 
        strawberry-hub.json            192.3 KiB    2024-Jul-18 01:37    1721237820.0     2024-06-24 14-17-52    1719209872.7313614 
          stylesheet.json              19.4 KiB     2024-Jul-18 01:37    1721237820.0     2024-06-24 14-17-54    1719209874.4874992 
        summoner-emotes.json           306.8 KiB    2024-Jul-18 01:37    1721237820.0     2024-07-02 10-52-19    1719888739.5464692 
        summoner-icons.json             1.6 MiB     2024-Jul-18 01:37    1721237820.0     2024-07-02 10-52-21    1719888741.4807308 
        tftdamageskins.json            66.8 KiB     2024-Jul-18 01:37    1721237820.0     2024-06-24 14-18-11    1719209891.8091133 
          tftmapskins.json             30.6 KiB     2024-Jul-18 01:37    1721237820.0     2024-07-02 10-52-24    1719888744.267268  
       tftregionportals.json            8.3 KiB     2024-Jul-18 01:37    1721237820.0     2024-06-24 14-18-24    1719209904.6978261 
   tftrotationalshopitemdata.json      738.2 KiB    2024-Jul-18 01:37    1721237820.0     2024-07-02 10-52-27    1719888747.9584303 
           tfttraits.json              118.1 KiB    2024-Jul-18 01:37    1721237820.0     2024-07-02 10-52-30    1719888750.338699  
    tfttrovesbannerrewards.json        651.3 KiB    2024-Jul-18 01:37    1721237820.0     2024-07-02 10-52-31    1719888751.935327  
       tfttrovesbanners.json            6.1 MiB     2024-Jul-18 01:37    1721237820.0     2024-07-02 10-52-35    1719888755.182377  
     tfttrovestablesnames.json         311.2 KiB    2024-Jul-18 01:37    1721237820.0     2024-07-02 10-52-36    1719888756.5483253 
           universes.json              34.3 KiB     2024-Jul-18 01:37    1721237820.0     2024-07-02 10-52-38    1719888758.2072768 
          ward-skins.json              112.1 KiB    2024-Jul-18 01:37    1721237820.0     2024-06-24 14-18-46    1719209926.7168188 
[2024-07-18 10-38-49][6/18][1/34]正在校对文件（Checking file）： https://raw.communitydragon.org/latest/plugins/rcp-be-lol-game-data/global/default/v1/challenges.json
[2024-07-18 10-38-50]已更新文件（Updated file）：离线数据（Offline Data）/cdragon/latest/plugins/rcp-be-lol-game-data/global/default/v1/challenges.json
[2024-07-18 10-38-50][6/18][2/34]正在校对文件（Checking file）： https://raw.communitydragon.org/latest/plugins/rcp-be-lol-game-data/global/default/v1/champion-rune-recommendations.json
[2024-07-18 10-38-52]已更新文件（Updated file）：离线数据（Offline Data）/cdragon/latest/plugins/rcp-be-lol-game-data/global/default/v1/champion-rune-recommendations.json
[2024-07-18 10-38-52][6/18][3/34]正在校对文件（Checking file）： https://raw.communitydragon.org/latest/plugins/rcp-be-lol-game-data/global/default/v1/champion-summary.json
[2024-07-18 10-38-55]已更新文件（Updated file）：离线数据（Offline Data）/cdragon/latest/plugins/rcp-be-lol-game-data/global/default/v1/champion-summary.json
[2024-07-18 10-38-55][6/18][4/34]正在校对文件（Checking file）： https://raw.communitydragon.org/latest/plugins/rcp-be-lol-game-data/global/default/v1/championperkstylemap.json
违反协议导致读取中断！正在尝试第1次重新获取数据！
EOF occurred in violation of protocol! Trying to recapture the data with url: https://raw.communitydragon.org/latest/plugins/rcp-be-lol-game-data/global/default/v1/championperkstylemap.json. Time(s) tried: 1
[2024-07-18 10-38-56]已更新文件（Updated file）：离线数据（Offline Data）/cdragon/latest/plugins/rcp-be-lol-game-data/global/default/v1/championperkstylemap.json
[2024-07-18 10-38-56][6/18][5/34]正在校对文件（Checking file）： https://raw.communitydragon.org/latest/plugins/rcp-be-lol-game-data/global/default/v1/cherry-augments.json
[2024-07-18 10-38-57]已更新文件（Updated file）：离线数据（Offline Data）/cdragon/latest/plugins/rcp-be-lol-game-data/global/default/v1/cherry-augments.json
[2024-07-18 10-38-57][6/18][6/34]正在校对文件（Checking file）： https://raw.communitydragon.org/latest/plugins/rcp-be-lol-game-data/global/default/v1/companions.json
[2024-07-18 10-39-01]已更新文件（Updated file）：离线数据（Offline Data）/cdragon/latest/plugins/rcp-be-lol-game-data/global/default/v1/companions.json
[2024-07-18 10-39-01][6/18][7/34]正在校对文件（Checking file）： https://raw.communitydragon.org/latest/plugins/rcp-be-lol-game-data/global/default/v1/event-hub.json
违反协议导致读取中断！正在尝试第1次重新获取数据！
EOF occurred in violation of protocol! Trying to recapture the data with url: https://raw.communitydragon.org/latest/plugins/rcp-be-lol-game-data/global/default/v1/event-hub.json. Time(s) tried: 1
[2024-07-18 10-39-02]已更新文件（Updated file）：离线数据（Offline Data）/cdragon/latest/plugins/rcp-be-lol-game-data/global/default/v1/event-hub.json
[2024-07-18 10-39-02][6/18][8/34]正在校对文件（Checking file）： https://raw.communitydragon.org/latest/plugins/rcp-be-lol-game-data/global/default/v1/generic-assets.json
[2024-07-18 10-39-04]已更新文件（Updated file）：离线数据（Offline Data）/cdragon/latest/plugins/rcp-be-lol-game-data/global/default/v1/generic-assets.json
[2024-07-18 10-39-04][6/18][9/34]正在校对文件（Checking file）： https://raw.communitydragon.org/latest/plugins/rcp-be-lol-game-data/global/default/v1/items.json
[2024-07-18 10-39-06]已更新文件（Updated file）：离线数据（Offline Data）/cdragon/latest/plugins/rcp-be-lol-game-data/global/default/v1/items.json
[2024-07-18 10-39-06][6/18][10/34]正在校对文件（Checking file）： https://raw.communitydragon.org/latest/plugins/rcp-be-lol-game-data/global/default/v1/loot.json
[2024-07-18 10-39-08]已更新文件（Updated file）：离线数据（Offline Data）/cdragon/latest/plugins/rcp-be-lol-game-data/global/default/v1/loot.json
[2024-07-18 10-39-08][6/18][11/34]正在校对文件（Checking file）： https://raw.communitydragon.org/latest/plugins/rcp-be-lol-game-data/global/default/v1/lootmilestones.json
[2024-07-18 10-39-09]已更新文件（Updated file）：离线数据（Offline Data）/cdragon/latest/plugins/rcp-be-lol-game-data/global/default/v1/lootmilestones.json
[2024-07-18 10-39-09][6/18][12/34]正在校对文件（Checking file）： https://raw.communitydragon.org/latest/plugins/rcp-be-lol-game-data/global/default/v1/maps.json
[2024-07-18 10-39-10]已更新文件（Updated file）：离线数据（Offline Data）/cdragon/latest/plugins/rcp-be-lol-game-data/global/default/v1/maps.json
[2024-07-18 10-39-10][6/18][13/34]正在校对文件（Checking file）： https://raw.communitydragon.org/latest/plugins/rcp-be-lol-game-data/global/default/v1/mission-assets.json
[2024-07-18 10-39-11]已更新文件（Updated file）：离线数据（Offline Data）/cdragon/latest/plugins/rcp-be-lol-game-data/global/default/v1/mission-assets.json
[2024-07-18 10-39-11][6/18][14/34]正在校对文件（Checking file）： https://raw.communitydragon.org/latest/plugins/rcp-be-lol-game-data/global/default/v1/perks.json
[2024-07-18 10-39-12]已更新文件（Updated file）：离线数据（Offline Data）/cdragon/latest/plugins/rcp-be-lol-game-data/global/default/v1/perks.json
[2024-07-18 10-39-12][6/18][15/34]正在校对文件（Checking file）： https://raw.communitydragon.org/latest/plugins/rcp-be-lol-game-data/global/default/v1/profile-icons.json
[2024-07-18 10-39-13]已更新文件（Updated file）：离线数据（Offline Data）/cdragon/latest/plugins/rcp-be-lol-game-data/global/default/v1/profile-icons.json
[2024-07-18 10-39-13][6/18][16/34]正在校对文件（Checking file）： https://raw.communitydragon.org/latest/plugins/rcp-be-lol-game-data/global/default/v1/queues.json
[2024-07-18 10-39-14]已更新文件（Updated file）：离线数据（Offline Data）/cdragon/latest/plugins/rcp-be-lol-game-data/global/default/v1/queues.json
[2024-07-18 10-39-14][6/18][17/34]正在校对文件（Checking file）： https://raw.communitydragon.org/latest/plugins/rcp-be-lol-game-data/global/default/v1/rewards.json
违反协议导致读取中断！正在尝试第1次重新获取数据！
EOF occurred in violation of protocol! Trying to recapture the data with url: https://raw.communitydragon.org/latest/plugins/rcp-be-lol-game-data/global/default/v1/rewards.json. Time(s) tried: 1
[2024-07-18 10-39-16]已更新文件（Updated file）：离线数据（Offline Data）/cdragon/latest/plugins/rcp-be-lol-game-data/global/default/v1/rewards.json
[2024-07-18 10-39-16][6/18][18/34]正在校对文件（Checking file）： https://raw.communitydragon.org/latest/plugins/rcp-be-lol-game-data/global/default/v1/skinlines.json
[2024-07-18 10-39-18]已更新文件（Updated file）：离线数据（Offline Data）/cdragon/latest/plugins/rcp-be-lol-game-data/global/default/v1/skinlines.json
[2024-07-18 10-39-18][6/18][19/34]正在校对文件（Checking file）： https://raw.communitydragon.org/latest/plugins/rcp-be-lol-game-data/global/default/v1/skins.json
[2024-07-18 10-39-20]已更新文件（Updated file）：离线数据（Offline Data）/cdragon/latest/plugins/rcp-be-lol-game-data/global/default/v1/skins.json
[2024-07-18 10-39-20][6/18][20/34]正在校对文件（Checking file）： https://raw.communitydragon.org/latest/plugins/rcp-be-lol-game-data/global/default/v1/statstones.json
[2024-07-18 10-39-23]已更新文件（Updated file）：离线数据（Offline Data）/cdragon/latest/plugins/rcp-be-lol-game-data/global/default/v1/statstones.json
[2024-07-18 10-39-23][6/18][21/34]正在校对文件（Checking file）： https://raw.communitydragon.org/latest/plugins/rcp-be-lol-game-data/global/default/v1/strawberry-hub.json
[2024-07-18 10-39-25]已更新文件（Updated file）：离线数据（Offline Data）/cdragon/latest/plugins/rcp-be-lol-game-data/global/default/v1/strawberry-hub.json
[2024-07-18 10-39-25][6/18][22/34]正在校对文件（Checking file）： https://raw.communitydragon.org/latest/plugins/rcp-be-lol-game-data/global/default/v1/stylesheet.json
[2024-07-18 10-39-26]已更新文件（Updated file）：离线数据（Offline Data）/cdragon/latest/plugins/rcp-be-lol-game-data/global/default/v1/stylesheet.json
[2024-07-18 10-39-26][6/18][23/34]正在校对文件（Checking file）： https://raw.communitydragon.org/latest/plugins/rcp-be-lol-game-data/global/default/v1/summoner-emotes.json
违反协议导致读取中断！正在尝试第1次重新获取数据！
EOF occurred in violation of protocol! Trying to recapture the data with url: https://raw.communitydragon.org/latest/plugins/rcp-be-lol-game-data/global/default/v1/summoner-emotes.json. Time(s) tried: 1
[2024-07-18 10-39-29]已更新文件（Updated file）：离线数据（Offline Data）/cdragon/latest/plugins/rcp-be-lol-game-data/global/default/v1/summoner-emotes.json
[2024-07-18 10-39-29][6/18][24/34]正在校对文件（Checking file）： https://raw.communitydragon.org/latest/plugins/rcp-be-lol-game-data/global/default/v1/summoner-icons.json
[2024-07-18 10-39-31]已更新文件（Updated file）：离线数据（Offline Data）/cdragon/latest/plugins/rcp-be-lol-game-data/global/default/v1/summoner-icons.json
[2024-07-18 10-39-31][6/18][25/34]正在校对文件（Checking file）： https://raw.communitydragon.org/latest/plugins/rcp-be-lol-game-data/global/default/v1/tftdamageskins.json
违反协议导致读取中断！正在尝试第1次重新获取数据！
EOF occurred in violation of protocol! Trying to recapture the data with url: https://raw.communitydragon.org/latest/plugins/rcp-be-lol-game-data/global/default/v1/tftdamageskins.json. Time(s) tried: 1
违反协议导致读取中断！正在尝试第2次重新获取数据！
EOF occurred in violation of protocol! Trying to recapture the data with url: https://raw.communitydragon.org/latest/plugins/rcp-be-lol-game-data/global/default/v1/tftdamageskins.json. Time(s) tried: 2
违反协议导致读取中断！正在尝试第3次重新获取数据！
EOF occurred in violation of protocol! Trying to recapture the data with url: https://raw.communitydragon.org/latest/plugins/rcp-be-lol-game-data/global/default/v1/tftdamageskins.json. Time(s) tried: 3
[2024-07-18 10-39-33]已更新文件（Updated file）：离线数据（Offline Data）/cdragon/latest/plugins/rcp-be-lol-game-data/global/default/v1/tftdamageskins.json
[2024-07-18 10-39-33][6/18][26/34]正在校对文件（Checking file）： https://raw.communitydragon.org/latest/plugins/rcp-be-lol-game-data/global/default/v1/tftmapskins.json
[2024-07-18 10-39-34]已更新文件（Updated file）：离线数据（Offline Data）/cdragon/latest/plugins/rcp-be-lol-game-data/global/default/v1/tftmapskins.json
[2024-07-18 10-39-34][6/18][27/34]正在校对文件（Checking file）： https://raw.communitydragon.org/latest/plugins/rcp-be-lol-game-data/global/default/v1/tftregionportals.json
违反协议导致读取中断！正在尝试第1次重新获取数据！
EOF occurred in violation of protocol! Trying to recapture the data with url: https://raw.communitydragon.org/latest/plugins/rcp-be-lol-game-data/global/default/v1/tftregionportals.json. Time(s) tried: 1
[2024-07-18 10-39-36]已更新文件（Updated file）：离线数据（Offline Data）/cdragon/latest/plugins/rcp-be-lol-game-data/global/default/v1/tftregionportals.json
[2024-07-18 10-39-36][6/18][28/34]正在校对文件（Checking file）： https://raw.communitydragon.org/latest/plugins/rcp-be-lol-game-data/global/default/v1/tftrotationalshopitemdata.json
[2024-07-18 10-39-37]已更新文件（Updated file）：离线数据（Offline Data）/cdragon/latest/plugins/rcp-be-lol-game-data/global/default/v1/tftrotationalshopitemdata.json
[2024-07-18 10-39-37][6/18][29/34]正在校对文件（Checking file）： https://raw.communitydragon.org/latest/plugins/rcp-be-lol-game-data/global/default/v1/tfttraits.json
违反协议导致读取中断！正在尝试第1次重新获取数据！
EOF occurred in violation of protocol! Trying to recapture the data with url: https://raw.communitydragon.org/latest/plugins/rcp-be-lol-game-data/global/default/v1/tfttraits.json. Time(s) tried: 1
[2024-07-18 10-39-39]已更新文件（Updated file）：离线数据（Offline Data）/cdragon/latest/plugins/rcp-be-lol-game-data/global/default/v1/tfttraits.json
[2024-07-18 10-39-39][6/18][30/34]正在校对文件（Checking file）： https://raw.communitydragon.org/latest/plugins/rcp-be-lol-game-data/global/default/v1/tfttrovesbannerrewards.json
[2024-07-18 10-39-41]已更新文件（Updated file）：离线数据（Offline Data）/cdragon/latest/plugins/rcp-be-lol-game-data/global/default/v1/tfttrovesbannerrewards.json
[2024-07-18 10-39-41][6/18][31/34]正在校对文件（Checking file）： https://raw.communitydragon.org/latest/plugins/rcp-be-lol-game-data/global/default/v1/tfttrovesbanners.json
违反协议导致读取中断！正在尝试第1次重新获取数据！
EOF occurred in violation of protocol! Trying to recapture the data with url: https://raw.communitydragon.org/latest/plugins/rcp-be-lol-game-data/global/default/v1/tfttrovesbanners.json. Time(s) tried: 1
[2024-07-18 10-39-45]已更新文件（Updated file）：离线数据（Offline Data）/cdragon/latest/plugins/rcp-be-lol-game-data/global/default/v1/tfttrovesbanners.json
[2024-07-18 10-39-45][6/18][32/34]正在校对文件（Checking file）： https://raw.communitydragon.org/latest/plugins/rcp-be-lol-game-data/global/default/v1/tfttrovestablesnames.json
[2024-07-18 10-39-46]已更新文件（Updated file）：离线数据（Offline Data）/cdragon/latest/plugins/rcp-be-lol-game-data/global/default/v1/tfttrovestablesnames.json
[2024-07-18 10-39-46][6/18][33/34]正在校对文件（Checking file）： https://raw.communitydragon.org/latest/plugins/rcp-be-lol-game-data/global/default/v1/universes.json
[2024-07-18 10-39-47]已更新文件（Updated file）：离线数据（Offline Data）/cdragon/latest/plugins/rcp-be-lol-game-data/global/default/v1/universes.json
[2024-07-18 10-39-47][6/18][34/34]正在校对文件（Checking file）： https://raw.communitydragon.org/latest/plugins/rcp-be-lol-game-data/global/default/v1/ward-skins.json
[2024-07-18 10-39-50]已更新文件（Updated file）：离线数据（Offline Data）/cdragon/latest/plugins/rcp-be-lol-game-data/global/default/v1/ward-skins.json
[2024-07-18 10-39-50][7/18]正在检查文件夹（Checking the folder）：https://raw.communitydragon.org/latest/plugins/rcp-be-lol-game-data/global/zh_cn/v1/champions/
违反协议导致读取中断！正在尝试第1次重新获取数据！
EOF occurred in violation of protocol! Trying to recapture the data with url: https://raw.communitydragon.org/latest/plugins/rcp-be-lol-game-data/global/zh_cn/v1/champions/. Time(s) tried: 1
违反协议导致读取中断！正在尝试第2次重新获取数据！
EOF occurred in violation of protocol! Trying to recapture the data with url: https://raw.communitydragon.org/latest/plugins/rcp-be-lol-game-data/global/zh_cn/v1/champions/. Time(s) tried: 2
[2024-07-18 10-39-52]页面新文件列表如下：
New file list is as follows:
网页链接（URL)： https://raw.communitydragon.org/latest/plugins/rcp-be-lol-game-data/global/zh_cn/v1/champions/
   file         size          web_date         web_timestamp        local_date          local_timestamp   
 101.json     24.2 KiB    2024-Jul-18 01:37    1721237820.0     2024-06-24 14-18-55    1719209935.1215398 
 120.json     29.7 KiB    2024-Jul-18 01:37    1721237820.0     2024-06-24 14-19-24    1719209964.8421838 
 136.json     25.9 KiB    2024-Jul-18 01:37    1721237820.0     2024-06-24 14-19-37    1719209977.238068  
  14.json     29.3 KiB    2024-Jul-18 01:37    1721237820.0     2024-06-24 14-19-38    1719209978.2713816 
 147.json     34.1 KiB    2024-Jul-18 01:37    1721237820.0     2024-06-24 14-19-43    1719209983.5010538 
 154.json     22.3 KiB    2024-Jul-18 01:37    1721237820.0     2024-07-02 10-52-45    1719888765.2054198 
  18.json     39.8 KiB    2024-Jul-18 01:37    1721237820.0     2024-06-24 14-19-56    1719209996.0557058 
 200.json     20.0 KiB    2024-Jul-18 01:37    1721237820.0     2024-06-24 14-20-00    1719210000.4312558 
 203.json     24.7 KiB    2024-Jul-18 01:37    1721237820.0     2024-06-24 14-20-03    1719210003.7528834 
  21.json     45.9 KiB    2024-Jul-18 01:37    1721237820.0     2024-06-24 14-20-04    1719210004.8652072 
  24.json     33.9 KiB    2024-Jul-18 01:37    1721237820.0     2024-06-24 14-20-17    1719210017.2944202 
  31.json     26.9 KiB    2024-Jul-18 01:37    1721237820.0     2024-07-02 10-52-49    1719888769.334601  
 3147.json    7.8 KiB     2024-Jul-18 01:37    1721237820.0     1970-01-01 08-00-00           0.0         
 3151.json    7.6 KiB     2024-Jul-18 01:37    1721237820.0     1970-01-01 08-00-00           0.0         
 3152.json    7.6 KiB     2024-Jul-18 01:37    1721237820.0     1970-01-01 08-00-00           0.0         
 3153.json    7.8 KiB     2024-Jul-18 01:37    1721237820.0     1970-01-01 08-00-00           0.0         
 3156.json    8.1 KiB     2024-Jul-18 01:37    1721237820.0     1970-01-01 08-00-00           0.0         
 3157.json    7.5 KiB     2024-Jul-18 01:37    1721237820.0     1970-01-01 08-00-00           0.0         
 3159.json    8.0 KiB     2024-Jul-18 01:37    1721237820.0     1970-01-01 08-00-00           0.0         
  33.json     26.9 KiB    2024-Jul-18 01:37    1721237820.0     2024-07-02 10-52-50    1719888770.2630465 
 350.json     33.8 KiB    2024-Jul-18 01:37    1721237820.0     2024-06-24 14-20-48    1719210048.074203  
 3678.json    7.8 KiB     2024-Jul-18 01:37    1721237820.0     1970-01-01 08-00-00           0.0         
 3947.json    8.2 KiB     2024-Jul-18 01:37    1721237820.0     1970-01-01 08-00-00           0.0         
 421.json     21.9 KiB    2024-Jul-18 01:37    1721237820.0     2024-06-24 14-21-09    1719210069.6304233 
 498.json     33.3 KiB    2024-Jul-18 01:37    1721237820.0     2024-07-02 10-52-53    1719888773.156515  
  63.json     32.8 KiB    2024-Jul-18 01:37    1721237820.0     2024-06-24 14-21-57    1719210117.454993  
  68.json     22.8 KiB    2024-Jul-18 01:37    1721237820.0     2024-07-02 10-52-55    1719888775.286454  
  72.json     18.0 KiB    2024-Jul-18 01:37    1721237820.0     2024-07-02 10-52-56    1719888776.3916883 
  84.json     49.0 KiB    2024-Jul-18 01:37    1721237820.0     2024-06-24 14-22-29    1719210149.1565049 
 893.json     13.7 KiB    2024-Jul-18 01:37    1721237820.0     1970-01-01 08-00-00           0.0         
 902.json     16.0 KiB    2024-Jul-18 01:37    1721237820.0     2024-07-02 10-52-59    1719888779.1907177 
[2024-07-18 10-39-52][7/18][1/31]正在校对文件（Checking file）： https://raw.communitydragon.org/latest/plugins/rcp-be-lol-game-data/global/zh_cn/v1/champions/101.json
[2024-07-18 10-39-54]已更新文件（Updated file）：离线数据（Offline Data）/cdragon/latest/plugins/rcp-be-lol-game-data/global/zh_cn/v1/champions/101.json
[2024-07-18 10-39-54][7/18][2/31]正在校对文件（Checking file）： https://raw.communitydragon.org/latest/plugins/rcp-be-lol-game-data/global/zh_cn/v1/champions/120.json
违反协议导致读取中断！正在尝试第1次重新获取数据！
EOF occurred in violation of protocol! Trying to recapture the data with url: https://raw.communitydragon.org/latest/plugins/rcp-be-lol-game-data/global/zh_cn/v1/champions/120.json. Time(s) tried: 1
[2024-07-18 10-39-56]已更新文件（Updated file）：离线数据（Offline Data）/cdragon/latest/plugins/rcp-be-lol-game-data/global/zh_cn/v1/champions/120.json
[2024-07-18 10-39-56][7/18][3/31]正在校对文件（Checking file）： https://raw.communitydragon.org/latest/plugins/rcp-be-lol-game-data/global/zh_cn/v1/champions/136.json
违反协议导致读取中断！正在尝试第1次重新获取数据！
EOF occurred in violation of protocol! Trying to recapture the data with url: https://raw.communitydragon.org/latest/plugins/rcp-be-lol-game-data/global/zh_cn/v1/champions/136.json. Time(s) tried: 1
[2024-07-18 10-39-57]已更新文件（Updated file）：离线数据（Offline Data）/cdragon/latest/plugins/rcp-be-lol-game-data/global/zh_cn/v1/champions/136.json
[2024-07-18 10-39-57][7/18][4/31]正在校对文件（Checking file）： https://raw.communitydragon.org/latest/plugins/rcp-be-lol-game-data/global/zh_cn/v1/champions/14.json
[2024-07-18 10-39-59]已更新文件（Updated file）：离线数据（Offline Data）/cdragon/latest/plugins/rcp-be-lol-game-data/global/zh_cn/v1/champions/14.json
[2024-07-18 10-39-59][7/18][5/31]正在校对文件（Checking file）： https://raw.communitydragon.org/latest/plugins/rcp-be-lol-game-data/global/zh_cn/v1/champions/147.json
[2024-07-18 10-40-00]已更新文件（Updated file）：离线数据（Offline Data）/cdragon/latest/plugins/rcp-be-lol-game-data/global/zh_cn/v1/champions/147.json
[2024-07-18 10-40-00][7/18][6/31]正在校对文件（Checking file）： https://raw.communitydragon.org/latest/plugins/rcp-be-lol-game-data/global/zh_cn/v1/champions/154.json
违反协议导致读取中断！正在尝试第1次重新获取数据！
EOF occurred in violation of protocol! Trying to recapture the data with url: https://raw.communitydragon.org/latest/plugins/rcp-be-lol-game-data/global/zh_cn/v1/champions/154.json. Time(s) tried: 1
违反协议导致读取中断！正在尝试第2次重新获取数据！
EOF occurred in violation of protocol! Trying to recapture the data with url: https://raw.communitydragon.org/latest/plugins/rcp-be-lol-game-data/global/zh_cn/v1/champions/154.json. Time(s) tried: 2
[2024-07-18 10-40-02]已更新文件（Updated file）：离线数据（Offline Data）/cdragon/latest/plugins/rcp-be-lol-game-data/global/zh_cn/v1/champions/154.json
[2024-07-18 10-40-02][7/18][7/31]正在校对文件（Checking file）： https://raw.communitydragon.org/latest/plugins/rcp-be-lol-game-data/global/zh_cn/v1/champions/18.json
[2024-07-18 10-40-03]已更新文件（Updated file）：离线数据（Offline Data）/cdragon/latest/plugins/rcp-be-lol-game-data/global/zh_cn/v1/champions/18.json
[2024-07-18 10-40-03][7/18][8/31]正在校对文件（Checking file）： https://raw.communitydragon.org/latest/plugins/rcp-be-lol-game-data/global/zh_cn/v1/champions/200.json
[2024-07-18 10-40-04]已更新文件（Updated file）：离线数据（Offline Data）/cdragon/latest/plugins/rcp-be-lol-game-data/global/zh_cn/v1/champions/200.json
[2024-07-18 10-40-04][7/18][9/31]正在校对文件（Checking file）： https://raw.communitydragon.org/latest/plugins/rcp-be-lol-game-data/global/zh_cn/v1/champions/203.json
[2024-07-18 10-40-05]已更新文件（Updated file）：离线数据（Offline Data）/cdragon/latest/plugins/rcp-be-lol-game-data/global/zh_cn/v1/champions/203.json
[2024-07-18 10-40-05][7/18][10/31]正在校对文件（Checking file）： https://raw.communitydragon.org/latest/plugins/rcp-be-lol-game-data/global/zh_cn/v1/champions/21.json
违反协议导致读取中断！正在尝试第1次重新获取数据！
EOF occurred in violation of protocol! Trying to recapture the data with url: https://raw.communitydragon.org/latest/plugins/rcp-be-lol-game-data/global/zh_cn/v1/champions/21.json. Time(s) tried: 1
[2024-07-18 10-40-06]已更新文件（Updated file）：离线数据（Offline Data）/cdragon/latest/plugins/rcp-be-lol-game-data/global/zh_cn/v1/champions/21.json
[2024-07-18 10-40-06][7/18][11/31]正在校对文件（Checking file）： https://raw.communitydragon.org/latest/plugins/rcp-be-lol-game-data/global/zh_cn/v1/champions/24.json
[2024-07-18 10-40-07]已更新文件（Updated file）：离线数据（Offline Data）/cdragon/latest/plugins/rcp-be-lol-game-data/global/zh_cn/v1/champions/24.json
[2024-07-18 10-40-07][7/18][12/31]正在校对文件（Checking file）： https://raw.communitydragon.org/latest/plugins/rcp-be-lol-game-data/global/zh_cn/v1/champions/31.json
[2024-07-18 10-40-08]已更新文件（Updated file）：离线数据（Offline Data）/cdragon/latest/plugins/rcp-be-lol-game-data/global/zh_cn/v1/champions/31.json
[2024-07-18 10-40-08][7/18][13/31]正在校对文件（Checking file）： https://raw.communitydragon.org/latest/plugins/rcp-be-lol-game-data/global/zh_cn/v1/champions/3147.json
[2024-07-18 10-40-10]已添加文件（Added file）：离线数据（Offline Data）/cdragon/latest/plugins/rcp-be-lol-game-data/global/zh_cn/v1/champions/3147.json
[2024-07-18 10-40-10][7/18][14/31]正在校对文件（Checking file）： https://raw.communitydragon.org/latest/plugins/rcp-be-lol-game-data/global/zh_cn/v1/champions/3151.json
[2024-07-18 10-40-11]已添加文件（Added file）：离线数据（Offline Data）/cdragon/latest/plugins/rcp-be-lol-game-data/global/zh_cn/v1/champions/3151.json
[2024-07-18 10-40-11][7/18][15/31]正在校对文件（Checking file）： https://raw.communitydragon.org/latest/plugins/rcp-be-lol-game-data/global/zh_cn/v1/champions/3152.json
[2024-07-18 10-40-12]已添加文件（Added file）：离线数据（Offline Data）/cdragon/latest/plugins/rcp-be-lol-game-data/global/zh_cn/v1/champions/3152.json
[2024-07-18 10-40-12][7/18][16/31]正在校对文件（Checking file）： https://raw.communitydragon.org/latest/plugins/rcp-be-lol-game-data/global/zh_cn/v1/champions/3153.json
[2024-07-18 10-40-13]已添加文件（Added file）：离线数据（Offline Data）/cdragon/latest/plugins/rcp-be-lol-game-data/global/zh_cn/v1/champions/3153.json
[2024-07-18 10-40-13][7/18][17/31]正在校对文件（Checking file）： https://raw.communitydragon.org/latest/plugins/rcp-be-lol-game-data/global/zh_cn/v1/champions/3156.json
[2024-07-18 10-40-14]已添加文件（Added file）：离线数据（Offline Data）/cdragon/latest/plugins/rcp-be-lol-game-data/global/zh_cn/v1/champions/3156.json
[2024-07-18 10-40-14][7/18][18/31]正在校对文件（Checking file）： https://raw.communitydragon.org/latest/plugins/rcp-be-lol-game-data/global/zh_cn/v1/champions/3157.json
[2024-07-18 10-40-15]已添加文件（Added file）：离线数据（Offline Data）/cdragon/latest/plugins/rcp-be-lol-game-data/global/zh_cn/v1/champions/3157.json
[2024-07-18 10-40-15][7/18][19/31]正在校对文件（Checking file）： https://raw.communitydragon.org/latest/plugins/rcp-be-lol-game-data/global/zh_cn/v1/champions/3159.json
[2024-07-18 10-40-16]已添加文件（Added file）：离线数据（Offline Data）/cdragon/latest/plugins/rcp-be-lol-game-data/global/zh_cn/v1/champions/3159.json
[2024-07-18 10-40-16][7/18][20/31]正在校对文件（Checking file）： https://raw.communitydragon.org/latest/plugins/rcp-be-lol-game-data/global/zh_cn/v1/champions/33.json
[2024-07-18 10-40-17]已更新文件（Updated file）：离线数据（Offline Data）/cdragon/latest/plugins/rcp-be-lol-game-data/global/zh_cn/v1/champions/33.json
[2024-07-18 10-40-17][7/18][21/31]正在校对文件（Checking file）： https://raw.communitydragon.org/latest/plugins/rcp-be-lol-game-data/global/zh_cn/v1/champions/350.json
违反协议导致读取中断！正在尝试第1次重新获取数据！
EOF occurred in violation of protocol! Trying to recapture the data with url: https://raw.communitydragon.org/latest/plugins/rcp-be-lol-game-data/global/zh_cn/v1/champions/350.json. Time(s) tried: 1
[2024-07-18 10-40-18]已更新文件（Updated file）：离线数据（Offline Data）/cdragon/latest/plugins/rcp-be-lol-game-data/global/zh_cn/v1/champions/350.json
[2024-07-18 10-40-18][7/18][22/31]正在校对文件（Checking file）： https://raw.communitydragon.org/latest/plugins/rcp-be-lol-game-data/global/zh_cn/v1/champions/3678.json
[2024-07-18 10-40-19]已添加文件（Added file）：离线数据（Offline Data）/cdragon/latest/plugins/rcp-be-lol-game-data/global/zh_cn/v1/champions/3678.json
[2024-07-18 10-40-19][7/18][23/31]正在校对文件（Checking file）： https://raw.communitydragon.org/latest/plugins/rcp-be-lol-game-data/global/zh_cn/v1/champions/3947.json
[2024-07-18 10-40-20]已添加文件（Added file）：离线数据（Offline Data）/cdragon/latest/plugins/rcp-be-lol-game-data/global/zh_cn/v1/champions/3947.json
[2024-07-18 10-40-20][7/18][24/31]正在校对文件（Checking file）： https://raw.communitydragon.org/latest/plugins/rcp-be-lol-game-data/global/zh_cn/v1/champions/421.json
违反协议导致读取中断！正在尝试第1次重新获取数据！
EOF occurred in violation of protocol! Trying to recapture the data with url: https://raw.communitydragon.org/latest/plugins/rcp-be-lol-game-data/global/zh_cn/v1/champions/421.json. Time(s) tried: 1
违反协议导致读取中断！正在尝试第2次重新获取数据！
EOF occurred in violation of protocol! Trying to recapture the data with url: https://raw.communitydragon.org/latest/plugins/rcp-be-lol-game-data/global/zh_cn/v1/champions/421.json. Time(s) tried: 2
违反协议导致读取中断！正在尝试第3次重新获取数据！
EOF occurred in violation of protocol! Trying to recapture the data with url: https://raw.communitydragon.org/latest/plugins/rcp-be-lol-game-data/global/zh_cn/v1/champions/421.json. Time(s) tried: 3
[2024-07-18 10-40-23]已更新文件（Updated file）：离线数据（Offline Data）/cdragon/latest/plugins/rcp-be-lol-game-data/global/zh_cn/v1/champions/421.json
[2024-07-18 10-40-23][7/18][25/31]正在校对文件（Checking file）： https://raw.communitydragon.org/latest/plugins/rcp-be-lol-game-data/global/zh_cn/v1/champions/498.json
违反协议导致读取中断！正在尝试第1次重新获取数据！
EOF occurred in violation of protocol! Trying to recapture the data with url: https://raw.communitydragon.org/latest/plugins/rcp-be-lol-game-data/global/zh_cn/v1/champions/498.json. Time(s) tried: 1
[2024-07-18 10-40-24]已更新文件（Updated file）：离线数据（Offline Data）/cdragon/latest/plugins/rcp-be-lol-game-data/global/zh_cn/v1/champions/498.json
[2024-07-18 10-40-24][7/18][26/31]正在校对文件（Checking file）： https://raw.communitydragon.org/latest/plugins/rcp-be-lol-game-data/global/zh_cn/v1/champions/63.json
[2024-07-18 10-40-25]已更新文件（Updated file）：离线数据（Offline Data）/cdragon/latest/plugins/rcp-be-lol-game-data/global/zh_cn/v1/champions/63.json
[2024-07-18 10-40-25][7/18][27/31]正在校对文件（Checking file）： https://raw.communitydragon.org/latest/plugins/rcp-be-lol-game-data/global/zh_cn/v1/champions/68.json
违反协议导致读取中断！正在尝试第1次重新获取数据！
EOF occurred in violation of protocol! Trying to recapture the data with url: https://raw.communitydragon.org/latest/plugins/rcp-be-lol-game-data/global/zh_cn/v1/champions/68.json. Time(s) tried: 1
违反协议导致读取中断！正在尝试第2次重新获取数据！
EOF occurred in violation of protocol! Trying to recapture the data with url: https://raw.communitydragon.org/latest/plugins/rcp-be-lol-game-data/global/zh_cn/v1/champions/68.json. Time(s) tried: 2
[2024-07-18 10-40-27]已更新文件（Updated file）：离线数据（Offline Data）/cdragon/latest/plugins/rcp-be-lol-game-data/global/zh_cn/v1/champions/68.json
[2024-07-18 10-40-27][7/18][28/31]正在校对文件（Checking file）： https://raw.communitydragon.org/latest/plugins/rcp-be-lol-game-data/global/zh_cn/v1/champions/72.json
违反协议导致读取中断！正在尝试第1次重新获取数据！
EOF occurred in violation of protocol! Trying to recapture the data with url: https://raw.communitydragon.org/latest/plugins/rcp-be-lol-game-data/global/zh_cn/v1/champions/72.json. Time(s) tried: 1
[2024-07-18 10-40-29]已更新文件（Updated file）：离线数据（Offline Data）/cdragon/latest/plugins/rcp-be-lol-game-data/global/zh_cn/v1/champions/72.json
[2024-07-18 10-40-29][7/18][29/31]正在校对文件（Checking file）： https://raw.communitydragon.org/latest/plugins/rcp-be-lol-game-data/global/zh_cn/v1/champions/84.json
[2024-07-18 10-40-30]已更新文件（Updated file）：离线数据（Offline Data）/cdragon/latest/plugins/rcp-be-lol-game-data/global/zh_cn/v1/champions/84.json
[2024-07-18 10-40-30][7/18][30/31]正在校对文件（Checking file）： https://raw.communitydragon.org/latest/plugins/rcp-be-lol-game-data/global/zh_cn/v1/champions/893.json
[2024-07-18 10-40-31]已添加文件（Added file）：离线数据（Offline Data）/cdragon/latest/plugins/rcp-be-lol-game-data/global/zh_cn/v1/champions/893.json
[2024-07-18 10-40-31][7/18][31/31]正在校对文件（Checking file）： https://raw.communitydragon.org/latest/plugins/rcp-be-lol-game-data/global/zh_cn/v1/champions/902.json
[2024-07-18 10-40-32]已更新文件（Updated file）：离线数据（Offline Data）/cdragon/latest/plugins/rcp-be-lol-game-data/global/zh_cn/v1/champions/902.json
[2024-07-18 10-40-32][8/18]正在检查文件夹（Checking the folder）：https://raw.communitydragon.org/latest/plugins/rcp-be-lol-game-data/global/zh_cn/v1/map-assets/
[2024-07-18 10-40-34]页面新文件列表如下：
New file list is as follows:
网页链接（URL)： https://raw.communitydragon.org/latest/plugins/rcp-be-lol-game-data/global/zh_cn/v1/map-assets/
      file            size           web_date         web_timestamp        local_date          local_timestamp   
 map-assets.json    112.1 KiB    2024-Jul-18 01:37    1721237820.0     2024-07-02 10-53-00    1719888780.9272046 
[2024-07-18 10-40-34][8/18][1/1]正在校对文件（Checking file）： https://raw.communitydragon.org/latest/plugins/rcp-be-lol-game-data/global/zh_cn/v1/map-assets/map-assets.json
[2024-07-18 10-40-35]已更新文件（Updated file）：离线数据（Offline Data）/cdragon/latest/plugins/rcp-be-lol-game-data/global/zh_cn/v1/map-assets/map-assets.json
[2024-07-18 10-40-35][9/18]正在检查文件夹（Checking the folder）：https://raw.communitydragon.org/latest/plugins/rcp-be-lol-game-data/global/zh_cn/v1/
违反协议导致读取中断！正在尝试第1次重新获取数据！
EOF occurred in violation of protocol! Trying to recapture the data with url: https://raw.communitydragon.org/latest/plugins/rcp-be-lol-game-data/global/zh_cn/v1/. Time(s) tried: 1
违反协议导致读取中断！正在尝试第2次重新获取数据！
EOF occurred in violation of protocol! Trying to recapture the data with url: https://raw.communitydragon.org/latest/plugins/rcp-be-lol-game-data/global/zh_cn/v1/. Time(s) tried: 2
[2024-07-18 10-40-37]页面新文件列表如下：
New file list is as follows:
网页链接（URL)： https://raw.communitydragon.org/latest/plugins/rcp-be-lol-game-data/global/zh_cn/v1/
              file                   size           web_date         web_timestamp        local_date          local_timestamp   
        challenges.json            599.0 KiB    2024-Jul-18 01:37    1721237820.0     2024-07-02 10-53-03    1719888783.7961438 
     champion-summary.json         25.4 KiB     2024-Jul-18 01:37    1721237820.0     2024-06-24 14-23-11    1719210191.186559  
      cherry-augments.json         43.0 KiB     2024-Jul-18 01:37    1721237820.0     2024-06-24 14-23-12    1719210192.9204974 
        companions.json            740.0 KiB    2024-Jul-18 01:37    1721237820.0     2024-07-02 10-53-05    1719888785.6859555 
         event-hub.json            46.4 KiB     2024-Jul-18 01:37    1721237820.0     2024-07-02 10-53-06    1719888786.6331954 
      generic-assets.json          174.2 KiB    2024-Jul-18 01:37    1721237820.0     2024-07-02 10-53-08    1719888788.207164  
           items.json              414.0 KiB    2024-Jul-18 01:37    1721237820.0     2024-07-02 10-53-10    1719888790.4837844 
           loot.json                2.8 MiB     2024-Jul-18 01:37    1721237820.0     2024-07-02 10-53-12    1719888792.4511256 
      lootmilestones.json          92.6 KiB     2024-Jul-18 01:37    1721237820.0     2024-06-24 14-23-35    1719210215.0632553 
           maps.json                1.4 KiB     2024-Jul-18 01:37    1721237820.0     2024-06-24 14-23-36    1719210216.8617673 
      mission-assets.json          20.7 KiB     2024-Jul-18 01:37    1721237820.0     2024-07-02 10-53-13    1719888793.214519  
           perks.json              95.7 KiB     2024-Jul-18 01:37    1721237820.0     2024-07-02 10-53-14    1719888794.618804  
       profile-icons.json          316.7 KiB    2024-Jul-18 01:37    1721237820.0     2024-07-02 10-53-16    1719888796.1839743 
          queues.json              51.6 KiB     2024-Jul-18 01:37    1721237820.0     2024-07-02 10-53-17    1719888797.7792923 
         skinlines.json            50.8 KiB     2024-Jul-18 01:37    1721237820.0     2024-07-02 10-53-19    1719888799.3470957 
           skins.json               3.3 MiB     2024-Jul-18 01:37    1721237820.0     2024-07-02 10-53-22    1719888802.0836134 
        statstones.json             1.7 MiB     2024-Jul-18 01:37    1721237820.0     2024-07-02 10-53-24    1719888804.4625342 
      strawberry-hub.json          195.6 KiB    2024-Jul-18 01:37    1721237820.0     2024-06-24 14-24-03    1719210243.7832112 
        stylesheet.json            19.4 KiB     2024-Jul-18 01:37    1721237820.0     2024-06-24 14-24-05    1719210245.4820294 
      summoner-emotes.json         314.2 KiB    2024-Jul-18 01:37    1721237820.0     2024-07-02 10-53-26    1719888806.1462069 
      summoner-icons.json           1.4 MiB     2024-Jul-18 01:37    1721237820.0     2024-07-02 10-53-28    1719888808.1845753 
      tftdamageskins.json          66.9 KiB     2024-Jul-18 01:37    1721237820.0     2024-06-24 14-24-26    1719210266.3340983 
        tftmapskins.json           30.7 KiB     2024-Jul-18 01:37    1721237820.0     2024-07-02 10-53-31    1719888811.4929073 
     tftregionportals.json          8.3 KiB     2024-Jul-18 01:37    1721237820.0     2024-07-02 10-53-33    1719888813.7260654 
 tftrotationalshopitemdata.json    738.2 KiB    2024-Jul-18 01:37    1721237820.0     2024-07-02 10-53-35    1719888815.0202336 
         tfttraits.json            119.9 KiB    2024-Jul-18 01:37    1721237820.0     2024-07-02 10-53-37    1719888817.4738503 
  tfttrovesbannerrewards.json      653.1 KiB    2024-Jul-18 01:37    1721237820.0     2024-07-02 10-53-39    1719888819.1383688 
     tfttrovesbanners.json          6.1 MiB     2024-Jul-18 01:37    1721237820.0     2024-07-02 10-53-42    1719888822.877643  
   tfttrovestablesnames.json       321.2 KiB    2024-Jul-18 01:37    1721237820.0     2024-07-02 10-53-44    1719888824.238479  
         universes.json            33.8 KiB     2024-Jul-18 01:37    1721237820.0     2024-07-02 10-53-45    1719888825.9657185 
        ward-skins.json            103.5 KiB    2024-Jul-18 01:37    1721237820.0     2024-06-24 14-24-55    1719210295.4278185 
[2024-07-18 10-40-37][9/18][1/31]正在校对文件（Checking file）： https://raw.communitydragon.org/latest/plugins/rcp-be-lol-game-data/global/zh_cn/v1/challenges.json
违反协议导致读取中断！正在尝试第1次重新获取数据！
EOF occurred in violation of protocol! Trying to recapture the data with url: https://raw.communitydragon.org/latest/plugins/rcp-be-lol-game-data/global/zh_cn/v1/challenges.json. Time(s) tried: 1
[2024-07-18 10-40-39]已更新文件（Updated file）：离线数据（Offline Data）/cdragon/latest/plugins/rcp-be-lol-game-data/global/zh_cn/v1/challenges.json
[2024-07-18 10-40-39][9/18][2/31]正在校对文件（Checking file）： https://raw.communitydragon.org/latest/plugins/rcp-be-lol-game-data/global/zh_cn/v1/champion-summary.json
[2024-07-18 10-40-41]已更新文件（Updated file）：离线数据（Offline Data）/cdragon/latest/plugins/rcp-be-lol-game-data/global/zh_cn/v1/champion-summary.json
[2024-07-18 10-40-41][9/18][3/31]正在校对文件（Checking file）： https://raw.communitydragon.org/latest/plugins/rcp-be-lol-game-data/global/zh_cn/v1/cherry-augments.json
违反协议导致读取中断！正在尝试第1次重新获取数据！
EOF occurred in violation of protocol! Trying to recapture the data with url: https://raw.communitydragon.org/latest/plugins/rcp-be-lol-game-data/global/zh_cn/v1/cherry-augments.json. Time(s) tried: 1
违反协议导致读取中断！正在尝试第2次重新获取数据！
EOF occurred in violation of protocol! Trying to recapture the data with url: https://raw.communitydragon.org/latest/plugins/rcp-be-lol-game-data/global/zh_cn/v1/cherry-augments.json. Time(s) tried: 2
违反协议导致读取中断！正在尝试第3次重新获取数据！
EOF occurred in violation of protocol! Trying to recapture the data with url: https://raw.communitydragon.org/latest/plugins/rcp-be-lol-game-data/global/zh_cn/v1/cherry-augments.json. Time(s) tried: 3
[2024-07-18 10-40-43]已更新文件（Updated file）：离线数据（Offline Data）/cdragon/latest/plugins/rcp-be-lol-game-data/global/zh_cn/v1/cherry-augments.json
[2024-07-18 10-40-43][9/18][4/31]正在校对文件（Checking file）： https://raw.communitydragon.org/latest/plugins/rcp-be-lol-game-data/global/zh_cn/v1/companions.json
[2024-07-18 10-40-46]已更新文件（Updated file）：离线数据（Offline Data）/cdragon/latest/plugins/rcp-be-lol-game-data/global/zh_cn/v1/companions.json
[2024-07-18 10-40-46][9/18][5/31]正在校对文件（Checking file）： https://raw.communitydragon.org/latest/plugins/rcp-be-lol-game-data/global/zh_cn/v1/event-hub.json
[2024-07-18 10-40-47]已更新文件（Updated file）：离线数据（Offline Data）/cdragon/latest/plugins/rcp-be-lol-game-data/global/zh_cn/v1/event-hub.json
[2024-07-18 10-40-47][9/18][6/31]正在校对文件（Checking file）： https://raw.communitydragon.org/latest/plugins/rcp-be-lol-game-data/global/zh_cn/v1/generic-assets.json
[2024-07-18 10-40-49]已更新文件（Updated file）：离线数据（Offline Data）/cdragon/latest/plugins/rcp-be-lol-game-data/global/zh_cn/v1/generic-assets.json
[2024-07-18 10-40-49][9/18][7/31]正在校对文件（Checking file）： https://raw.communitydragon.org/latest/plugins/rcp-be-lol-game-data/global/zh_cn/v1/items.json
[2024-07-18 10-40-51]已更新文件（Updated file）：离线数据（Offline Data）/cdragon/latest/plugins/rcp-be-lol-game-data/global/zh_cn/v1/items.json
[2024-07-18 10-40-51][9/18][8/31]正在校对文件（Checking file）： https://raw.communitydragon.org/latest/plugins/rcp-be-lol-game-data/global/zh_cn/v1/loot.json
[2024-07-18 10-40-54]已更新文件（Updated file）：离线数据（Offline Data）/cdragon/latest/plugins/rcp-be-lol-game-data/global/zh_cn/v1/loot.json
[2024-07-18 10-40-54][9/18][9/31]正在校对文件（Checking file）： https://raw.communitydragon.org/latest/plugins/rcp-be-lol-game-data/global/zh_cn/v1/lootmilestones.json
[2024-07-18 10-40-55]已更新文件（Updated file）：离线数据（Offline Data）/cdragon/latest/plugins/rcp-be-lol-game-data/global/zh_cn/v1/lootmilestones.json
[2024-07-18 10-40-55][9/18][10/31]正在校对文件（Checking file）： https://raw.communitydragon.org/latest/plugins/rcp-be-lol-game-data/global/zh_cn/v1/maps.json
违反协议导致读取中断！正在尝试第1次重新获取数据！
EOF occurred in violation of protocol! Trying to recapture the data with url: https://raw.communitydragon.org/latest/plugins/rcp-be-lol-game-data/global/zh_cn/v1/maps.json. Time(s) tried: 1
[2024-07-18 10-40-57]已更新文件（Updated file）：离线数据（Offline Data）/cdragon/latest/plugins/rcp-be-lol-game-data/global/zh_cn/v1/maps.json
[2024-07-18 10-40-57][9/18][11/31]正在校对文件（Checking file）： https://raw.communitydragon.org/latest/plugins/rcp-be-lol-game-data/global/zh_cn/v1/mission-assets.json
[2024-07-18 10-40-58]已更新文件（Updated file）：离线数据（Offline Data）/cdragon/latest/plugins/rcp-be-lol-game-data/global/zh_cn/v1/mission-assets.json
[2024-07-18 10-40-58][9/18][12/31]正在校对文件（Checking file）： https://raw.communitydragon.org/latest/plugins/rcp-be-lol-game-data/global/zh_cn/v1/perks.json
违反协议导致读取中断！正在尝试第1次重新获取数据！
EOF occurred in violation of protocol! Trying to recapture the data with url: https://raw.communitydragon.org/latest/plugins/rcp-be-lol-game-data/global/zh_cn/v1/perks.json. Time(s) tried: 1
[2024-07-18 10-40-59]已更新文件（Updated file）：离线数据（Offline Data）/cdragon/latest/plugins/rcp-be-lol-game-data/global/zh_cn/v1/perks.json
[2024-07-18 10-40-59][9/18][13/31]正在校对文件（Checking file）： https://raw.communitydragon.org/latest/plugins/rcp-be-lol-game-data/global/zh_cn/v1/profile-icons.json
违反协议导致读取中断！正在尝试第1次重新获取数据！
EOF occurred in violation of protocol! Trying to recapture the data with url: https://raw.communitydragon.org/latest/plugins/rcp-be-lol-game-data/global/zh_cn/v1/profile-icons.json. Time(s) tried: 1
[2024-07-18 10-41-01]已更新文件（Updated file）：离线数据（Offline Data）/cdragon/latest/plugins/rcp-be-lol-game-data/global/zh_cn/v1/profile-icons.json
[2024-07-18 10-41-01][9/18][14/31]正在校对文件（Checking file）： https://raw.communitydragon.org/latest/plugins/rcp-be-lol-game-data/global/zh_cn/v1/queues.json
[2024-07-18 10-41-03]已更新文件（Updated file）：离线数据（Offline Data）/cdragon/latest/plugins/rcp-be-lol-game-data/global/zh_cn/v1/queues.json
[2024-07-18 10-41-03][9/18][15/31]正在校对文件（Checking file）： https://raw.communitydragon.org/latest/plugins/rcp-be-lol-game-data/global/zh_cn/v1/skinlines.json
[2024-07-18 10-41-04]已更新文件（Updated file）：离线数据（Offline Data）/cdragon/latest/plugins/rcp-be-lol-game-data/global/zh_cn/v1/skinlines.json
[2024-07-18 10-41-04][9/18][16/31]正在校对文件（Checking file）： https://raw.communitydragon.org/latest/plugins/rcp-be-lol-game-data/global/zh_cn/v1/skins.json
[2024-07-18 10-41-06]已更新文件（Updated file）：离线数据（Offline Data）/cdragon/latest/plugins/rcp-be-lol-game-data/global/zh_cn/v1/skins.json
[2024-07-18 10-41-06][9/18][17/31]正在校对文件（Checking file）： https://raw.communitydragon.org/latest/plugins/rcp-be-lol-game-data/global/zh_cn/v1/statstones.json
[2024-07-18 10-41-09]已更新文件（Updated file）：离线数据（Offline Data）/cdragon/latest/plugins/rcp-be-lol-game-data/global/zh_cn/v1/statstones.json
[2024-07-18 10-41-09][9/18][18/31]正在校对文件（Checking file）： https://raw.communitydragon.org/latest/plugins/rcp-be-lol-game-data/global/zh_cn/v1/strawberry-hub.json
[2024-07-18 10-41-10]已更新文件（Updated file）：离线数据（Offline Data）/cdragon/latest/plugins/rcp-be-lol-game-data/global/zh_cn/v1/strawberry-hub.json
[2024-07-18 10-41-10][9/18][19/31]正在校对文件（Checking file）： https://raw.communitydragon.org/latest/plugins/rcp-be-lol-game-data/global/zh_cn/v1/stylesheet.json
[2024-07-18 10-41-11]已更新文件（Updated file）：离线数据（Offline Data）/cdragon/latest/plugins/rcp-be-lol-game-data/global/zh_cn/v1/stylesheet.json
[2024-07-18 10-41-11][9/18][20/31]正在校对文件（Checking file）： https://raw.communitydragon.org/latest/plugins/rcp-be-lol-game-data/global/zh_cn/v1/summoner-emotes.json
违反协议导致读取中断！正在尝试第1次重新获取数据！
EOF occurred in violation of protocol! Trying to recapture the data with url: https://raw.communitydragon.org/latest/plugins/rcp-be-lol-game-data/global/zh_cn/v1/summoner-emotes.json. Time(s) tried: 1
[2024-07-18 10-41-13]已更新文件（Updated file）：离线数据（Offline Data）/cdragon/latest/plugins/rcp-be-lol-game-data/global/zh_cn/v1/summoner-emotes.json
[2024-07-18 10-41-13][9/18][21/31]正在校对文件（Checking file）： https://raw.communitydragon.org/latest/plugins/rcp-be-lol-game-data/global/zh_cn/v1/summoner-icons.json
违反协议导致读取中断！正在尝试第1次重新获取数据！
EOF occurred in violation of protocol! Trying to recapture the data with url: https://raw.communitydragon.org/latest/plugins/rcp-be-lol-game-data/global/zh_cn/v1/summoner-icons.json. Time(s) tried: 1
违反协议导致读取中断！正在尝试第2次重新获取数据！
EOF occurred in violation of protocol! Trying to recapture the data with url: https://raw.communitydragon.org/latest/plugins/rcp-be-lol-game-data/global/zh_cn/v1/summoner-icons.json. Time(s) tried: 2
[2024-07-18 10-41-16]已更新文件（Updated file）：离线数据（Offline Data）/cdragon/latest/plugins/rcp-be-lol-game-data/global/zh_cn/v1/summoner-icons.json
[2024-07-18 10-41-16][9/18][22/31]正在校对文件（Checking file）： https://raw.communitydragon.org/latest/plugins/rcp-be-lol-game-data/global/zh_cn/v1/tftdamageskins.json
[2024-07-18 10-41-17]已更新文件（Updated file）：离线数据（Offline Data）/cdragon/latest/plugins/rcp-be-lol-game-data/global/zh_cn/v1/tftdamageskins.json
[2024-07-18 10-41-17][9/18][23/31]正在校对文件（Checking file）： https://raw.communitydragon.org/latest/plugins/rcp-be-lol-game-data/global/zh_cn/v1/tftmapskins.json
[2024-07-18 10-41-18]已更新文件（Updated file）：离线数据（Offline Data）/cdragon/latest/plugins/rcp-be-lol-game-data/global/zh_cn/v1/tftmapskins.json
[2024-07-18 10-41-18][9/18][24/31]正在校对文件（Checking file）： https://raw.communitydragon.org/latest/plugins/rcp-be-lol-game-data/global/zh_cn/v1/tftregionportals.json
违反协议导致读取中断！正在尝试第1次重新获取数据！
EOF occurred in violation of protocol! Trying to recapture the data with url: https://raw.communitydragon.org/latest/plugins/rcp-be-lol-game-data/global/zh_cn/v1/tftregionportals.json. Time(s) tried: 1
[2024-07-18 10-41-20]已更新文件（Updated file）：离线数据（Offline Data）/cdragon/latest/plugins/rcp-be-lol-game-data/global/zh_cn/v1/tftregionportals.json
[2024-07-18 10-41-20][9/18][25/31]正在校对文件（Checking file）： https://raw.communitydragon.org/latest/plugins/rcp-be-lol-game-data/global/zh_cn/v1/tftrotationalshopitemdata.json
[2024-07-18 10-41-21]已更新文件（Updated file）：离线数据（Offline Data）/cdragon/latest/plugins/rcp-be-lol-game-data/global/zh_cn/v1/tftrotationalshopitemdata.json
[2024-07-18 10-41-21][9/18][26/31]正在校对文件（Checking file）： https://raw.communitydragon.org/latest/plugins/rcp-be-lol-game-data/global/zh_cn/v1/tfttraits.json
[2024-07-18 10-41-23]已更新文件（Updated file）：离线数据（Offline Data）/cdragon/latest/plugins/rcp-be-lol-game-data/global/zh_cn/v1/tfttraits.json
[2024-07-18 10-41-23][9/18][27/31]正在校对文件（Checking file）： https://raw.communitydragon.org/latest/plugins/rcp-be-lol-game-data/global/zh_cn/v1/tfttrovesbannerrewards.json
[2024-07-18 10-41-24]已更新文件（Updated file）：离线数据（Offline Data）/cdragon/latest/plugins/rcp-be-lol-game-data/global/zh_cn/v1/tfttrovesbannerrewards.json
[2024-07-18 10-41-24][9/18][28/31]正在校对文件（Checking file）： https://raw.communitydragon.org/latest/plugins/rcp-be-lol-game-data/global/zh_cn/v1/tfttrovesbanners.json
违反协议导致读取中断！正在尝试第1次重新获取数据！
EOF occurred in violation of protocol! Trying to recapture the data with url: https://raw.communitydragon.org/latest/plugins/rcp-be-lol-game-data/global/zh_cn/v1/tfttrovesbanners.json. Time(s) tried: 1
[2024-07-18 10-41-28]已更新文件（Updated file）：离线数据（Offline Data）/cdragon/latest/plugins/rcp-be-lol-game-data/global/zh_cn/v1/tfttrovesbanners.json
[2024-07-18 10-41-28][9/18][29/31]正在校对文件（Checking file）： https://raw.communitydragon.org/latest/plugins/rcp-be-lol-game-data/global/zh_cn/v1/tfttrovestablesnames.json
[2024-07-18 10-41-29]已更新文件（Updated file）：离线数据（Offline Data）/cdragon/latest/plugins/rcp-be-lol-game-data/global/zh_cn/v1/tfttrovestablesnames.json
[2024-07-18 10-41-29][9/18][30/31]正在校对文件（Checking file）： https://raw.communitydragon.org/latest/plugins/rcp-be-lol-game-data/global/zh_cn/v1/universes.json
[2024-07-18 10-41-31]已更新文件（Updated file）：离线数据（Offline Data）/cdragon/latest/plugins/rcp-be-lol-game-data/global/zh_cn/v1/universes.json
[2024-07-18 10-41-31][9/18][31/31]正在校对文件（Checking file）： https://raw.communitydragon.org/latest/plugins/rcp-be-lol-game-data/global/zh_cn/v1/ward-skins.json
[2024-07-18 10-41-32]已更新文件（Updated file）：离线数据（Offline Data）/cdragon/latest/plugins/rcp-be-lol-game-data/global/zh_cn/v1/ward-skins.json
[2024-07-18 10-41-32][10/18]正在检查文件夹（Checking the folder）：https://raw.communitydragon.org/pbe/
[2024-07-18 10-41-34]页面新文件列表如下：
New file list is as follows:
网页链接（URL)： https://raw.communitydragon.org/pbe/
Empty DataFrame
Columns: [file, size, web_date, web_timestamp, local_date, local_timestamp]
Index: []
[2024-07-18 10-41-34][11/18]正在检查文件夹（Checking the folder）：https://raw.communitydragon.org/pbe/cdragon/arena/
[2024-07-18 10-41-35]页面新文件列表如下：
New file list is as follows:
网页链接（URL)： https://raw.communitydragon.org/pbe/cdragon/arena/
Empty DataFrame
Columns: [file, size, web_date, web_timestamp, local_date, local_timestamp]
Index: []
[2024-07-18 10-41-35][12/18]正在检查文件夹（Checking the folder）：https://raw.communitydragon.org/pbe/cdragon/tft/
[2024-07-18 10-41-36]页面新文件列表如下：
New file list is as follows:
网页链接（URL)： https://raw.communitydragon.org/pbe/cdragon/tft/
Empty DataFrame
Columns: [file, size, web_date, web_timestamp, local_date, local_timestamp]
Index: []
[2024-07-18 10-41-36][13/18]正在检查文件夹（Checking the folder）：https://raw.communitydragon.org/pbe/plugins/rcp-be-lol-game-data/global/default/v1/champions/
[2024-07-18 10-41-37]页面新文件列表如下：
New file list is as follows:
网页链接（URL)： https://raw.communitydragon.org/pbe/plugins/rcp-be-lol-game-data/global/default/v1/champions/
Empty DataFrame
Columns: [file, size, web_date, web_timestamp, local_date, local_timestamp]
Index: []
[2024-07-18 10-41-37][14/18]正在检查文件夹（Checking the folder）：https://raw.communitydragon.org/pbe/plugins/rcp-be-lol-game-data/global/default/v1/map-assets/
[2024-07-18 10-41-38]页面新文件列表如下：
New file list is as follows:
网页链接（URL)： https://raw.communitydragon.org/pbe/plugins/rcp-be-lol-game-data/global/default/v1/map-assets/
Empty DataFrame
Columns: [file, size, web_date, web_timestamp, local_date, local_timestamp]
Index: []
[2024-07-18 10-41-38][15/18]正在检查文件夹（Checking the folder）：https://raw.communitydragon.org/pbe/plugins/rcp-be-lol-game-data/global/default/v1/
违反协议导致读取中断！正在尝试第1次重新获取数据！
EOF occurred in violation of protocol! Trying to recapture the data with url: https://raw.communitydragon.org/pbe/plugins/rcp-be-lol-game-data/global/default/v1/. Time(s) tried: 1
[2024-07-18 10-41-40]页面新文件列表如下：
New file list is as follows:
网页链接（URL)： https://raw.communitydragon.org/pbe/plugins/rcp-be-lol-game-data/global/default/v1/
Empty DataFrame
Columns: [file, size, web_date, web_timestamp, local_date, local_timestamp]
Index: []
[2024-07-18 10-41-40][16/18]正在检查文件夹（Checking the folder）：https://raw.communitydragon.org/pbe/plugins/rcp-be-lol-game-data/global/zh_cn/v1/champions/
[2024-07-18 10-41-41]页面新文件列表如下：
New file list is as follows:
网页链接（URL)： https://raw.communitydragon.org/pbe/plugins/rcp-be-lol-game-data/global/zh_cn/v1/champions/
Empty DataFrame
Columns: [file, size, web_date, web_timestamp, local_date, local_timestamp]
Index: []
[2024-07-18 10-41-41][17/18]正在检查文件夹（Checking the folder）：https://raw.communitydragon.org/pbe/plugins/rcp-be-lol-game-data/global/zh_cn/v1/map-assets/
[2024-07-18 10-41-42]页面新文件列表如下：
New file list is as follows:
网页链接（URL)： https://raw.communitydragon.org/pbe/plugins/rcp-be-lol-game-data/global/zh_cn/v1/map-assets/
Empty DataFrame
Columns: [file, size, web_date, web_timestamp, local_date, local_timestamp]
Index: []
[2024-07-18 10-41-42][18/18]正在检查文件夹（Checking the folder）：https://raw.communitydragon.org/pbe/plugins/rcp-be-lol-game-data/global/zh_cn/v1/
违反协议导致读取中断！正在尝试第1次重新获取数据！
EOF occurred in violation of protocol! Trying to recapture the data with url: https://raw.communitydragon.org/pbe/plugins/rcp-be-lol-game-data/global/zh_cn/v1/. Time(s) tried: 1
[2024-07-18 10-41-43]页面新文件列表如下：
New file list is as follows:
网页链接（URL)： https://raw.communitydragon.org/pbe/plugins/rcp-be-lol-game-data/global/zh_cn/v1/
Empty DataFrame
Columns: [file, size, web_date, web_timestamp, local_date, local_timestamp]
Index: []
已更新以下115个文件：
Updated the following 115 file(s):
https://raw.communitydragon.org/latest/compat-version-metadata.json
https://raw.communitydragon.org/latest/content-metadata.json
https://raw.communitydragon.org/latest/cdragon/arena/en_us.json
https://raw.communitydragon.org/latest/cdragon/arena/zh_cn.json
https://raw.communitydragon.org/latest/cdragon/tft/en_us.json
https://raw.communitydragon.org/latest/cdragon/tft/zh_cn.json
https://raw.communitydragon.org/latest/plugins/rcp-be-lol-game-data/global/default/v1/champions/101.json
https://raw.communitydragon.org/latest/plugins/rcp-be-lol-game-data/global/default/v1/champions/120.json
https://raw.communitydragon.org/latest/plugins/rcp-be-lol-game-data/global/default/v1/champions/136.json
https://raw.communitydragon.org/latest/plugins/rcp-be-lol-game-data/global/default/v1/champions/14.json
https://raw.communitydragon.org/latest/plugins/rcp-be-lol-game-data/global/default/v1/champions/147.json
https://raw.communitydragon.org/latest/plugins/rcp-be-lol-game-data/global/default/v1/champions/154.json
https://raw.communitydragon.org/latest/plugins/rcp-be-lol-game-data/global/default/v1/champions/18.json
https://raw.communitydragon.org/latest/plugins/rcp-be-lol-game-data/global/default/v1/champions/200.json
https://raw.communitydragon.org/latest/plugins/rcp-be-lol-game-data/global/default/v1/champions/203.json
https://raw.communitydragon.org/latest/plugins/rcp-be-lol-game-data/global/default/v1/champions/21.json
https://raw.communitydragon.org/latest/plugins/rcp-be-lol-game-data/global/default/v1/champions/24.json
https://raw.communitydragon.org/latest/plugins/rcp-be-lol-game-data/global/default/v1/champions/31.json
https://raw.communitydragon.org/latest/plugins/rcp-be-lol-game-data/global/default/v1/champions/33.json
https://raw.communitydragon.org/latest/plugins/rcp-be-lol-game-data/global/default/v1/champions/350.json
https://raw.communitydragon.org/latest/plugins/rcp-be-lol-game-data/global/default/v1/champions/421.json
https://raw.communitydragon.org/latest/plugins/rcp-be-lol-game-data/global/default/v1/champions/498.json
https://raw.communitydragon.org/latest/plugins/rcp-be-lol-game-data/global/default/v1/champions/63.json
https://raw.communitydragon.org/latest/plugins/rcp-be-lol-game-data/global/default/v1/champions/68.json
https://raw.communitydragon.org/latest/plugins/rcp-be-lol-game-data/global/default/v1/champions/72.json
https://raw.communitydragon.org/latest/plugins/rcp-be-lol-game-data/global/default/v1/champions/84.json
https://raw.communitydragon.org/latest/plugins/rcp-be-lol-game-data/global/default/v1/champions/902.json
https://raw.communitydragon.org/latest/plugins/rcp-be-lol-game-data/global/default/v1/map-assets/map-assets.json
https://raw.communitydragon.org/latest/plugins/rcp-be-lol-game-data/global/default/v1/challenges.json
https://raw.communitydragon.org/latest/plugins/rcp-be-lol-game-data/global/default/v1/champion-rune-recommendations.json
https://raw.communitydragon.org/latest/plugins/rcp-be-lol-game-data/global/default/v1/champion-summary.json
https://raw.communitydragon.org/latest/plugins/rcp-be-lol-game-data/global/default/v1/championperkstylemap.json
https://raw.communitydragon.org/latest/plugins/rcp-be-lol-game-data/global/default/v1/cherry-augments.json
https://raw.communitydragon.org/latest/plugins/rcp-be-lol-game-data/global/default/v1/companions.json
https://raw.communitydragon.org/latest/plugins/rcp-be-lol-game-data/global/default/v1/event-hub.json
https://raw.communitydragon.org/latest/plugins/rcp-be-lol-game-data/global/default/v1/generic-assets.json
https://raw.communitydragon.org/latest/plugins/rcp-be-lol-game-data/global/default/v1/items.json
https://raw.communitydragon.org/latest/plugins/rcp-be-lol-game-data/global/default/v1/loot.json
https://raw.communitydragon.org/latest/plugins/rcp-be-lol-game-data/global/default/v1/lootmilestones.json
https://raw.communitydragon.org/latest/plugins/rcp-be-lol-game-data/global/default/v1/maps.json
https://raw.communitydragon.org/latest/plugins/rcp-be-lol-game-data/global/default/v1/mission-assets.json
https://raw.communitydragon.org/latest/plugins/rcp-be-lol-game-data/global/default/v1/perks.json
https://raw.communitydragon.org/latest/plugins/rcp-be-lol-game-data/global/default/v1/profile-icons.json
https://raw.communitydragon.org/latest/plugins/rcp-be-lol-game-data/global/default/v1/queues.json
https://raw.communitydragon.org/latest/plugins/rcp-be-lol-game-data/global/default/v1/rewards.json
https://raw.communitydragon.org/latest/plugins/rcp-be-lol-game-data/global/default/v1/skinlines.json
https://raw.communitydragon.org/latest/plugins/rcp-be-lol-game-data/global/default/v1/skins.json
https://raw.communitydragon.org/latest/plugins/rcp-be-lol-game-data/global/default/v1/statstones.json
https://raw.communitydragon.org/latest/plugins/rcp-be-lol-game-data/global/default/v1/strawberry-hub.json
https://raw.communitydragon.org/latest/plugins/rcp-be-lol-game-data/global/default/v1/stylesheet.json
https://raw.communitydragon.org/latest/plugins/rcp-be-lol-game-data/global/default/v1/summoner-emotes.json
https://raw.communitydragon.org/latest/plugins/rcp-be-lol-game-data/global/default/v1/summoner-icons.json
https://raw.communitydragon.org/latest/plugins/rcp-be-lol-game-data/global/default/v1/tftdamageskins.json
https://raw.communitydragon.org/latest/plugins/rcp-be-lol-game-data/global/default/v1/tftmapskins.json
https://raw.communitydragon.org/latest/plugins/rcp-be-lol-game-data/global/default/v1/tftregionportals.json
https://raw.communitydragon.org/latest/plugins/rcp-be-lol-game-data/global/default/v1/tftrotationalshopitemdata.json
https://raw.communitydragon.org/latest/plugins/rcp-be-lol-game-data/global/default/v1/tfttraits.json
https://raw.communitydragon.org/latest/plugins/rcp-be-lol-game-data/global/default/v1/tfttrovesbannerrewards.json
https://raw.communitydragon.org/latest/plugins/rcp-be-lol-game-data/global/default/v1/tfttrovesbanners.json
https://raw.communitydragon.org/latest/plugins/rcp-be-lol-game-data/global/default/v1/tfttrovestablesnames.json
https://raw.communitydragon.org/latest/plugins/rcp-be-lol-game-data/global/default/v1/universes.json
https://raw.communitydragon.org/latest/plugins/rcp-be-lol-game-data/global/default/v1/ward-skins.json
https://raw.communitydragon.org/latest/plugins/rcp-be-lol-game-data/global/zh_cn/v1/champions/101.json
https://raw.communitydragon.org/latest/plugins/rcp-be-lol-game-data/global/zh_cn/v1/champions/120.json
https://raw.communitydragon.org/latest/plugins/rcp-be-lol-game-data/global/zh_cn/v1/champions/136.json
https://raw.communitydragon.org/latest/plugins/rcp-be-lol-game-data/global/zh_cn/v1/champions/14.json
https://raw.communitydragon.org/latest/plugins/rcp-be-lol-game-data/global/zh_cn/v1/champions/147.json
https://raw.communitydragon.org/latest/plugins/rcp-be-lol-game-data/global/zh_cn/v1/champions/154.json
https://raw.communitydragon.org/latest/plugins/rcp-be-lol-game-data/global/zh_cn/v1/champions/18.json
https://raw.communitydragon.org/latest/plugins/rcp-be-lol-game-data/global/zh_cn/v1/champions/200.json
https://raw.communitydragon.org/latest/plugins/rcp-be-lol-game-data/global/zh_cn/v1/champions/203.json
https://raw.communitydragon.org/latest/plugins/rcp-be-lol-game-data/global/zh_cn/v1/champions/21.json
https://raw.communitydragon.org/latest/plugins/rcp-be-lol-game-data/global/zh_cn/v1/champions/24.json
https://raw.communitydragon.org/latest/plugins/rcp-be-lol-game-data/global/zh_cn/v1/champions/31.json
https://raw.communitydragon.org/latest/plugins/rcp-be-lol-game-data/global/zh_cn/v1/champions/33.json
https://raw.communitydragon.org/latest/plugins/rcp-be-lol-game-data/global/zh_cn/v1/champions/350.json
https://raw.communitydragon.org/latest/plugins/rcp-be-lol-game-data/global/zh_cn/v1/champions/421.json
https://raw.communitydragon.org/latest/plugins/rcp-be-lol-game-data/global/zh_cn/v1/champions/498.json
https://raw.communitydragon.org/latest/plugins/rcp-be-lol-game-data/global/zh_cn/v1/champions/63.json
https://raw.communitydragon.org/latest/plugins/rcp-be-lol-game-data/global/zh_cn/v1/champions/68.json
https://raw.communitydragon.org/latest/plugins/rcp-be-lol-game-data/global/zh_cn/v1/champions/72.json
https://raw.communitydragon.org/latest/plugins/rcp-be-lol-game-data/global/zh_cn/v1/champions/84.json
https://raw.communitydragon.org/latest/plugins/rcp-be-lol-game-data/global/zh_cn/v1/champions/902.json
https://raw.communitydragon.org/latest/plugins/rcp-be-lol-game-data/global/zh_cn/v1/map-assets/map-assets.json
https://raw.communitydragon.org/latest/plugins/rcp-be-lol-game-data/global/zh_cn/v1/challenges.json
https://raw.communitydragon.org/latest/plugins/rcp-be-lol-game-data/global/zh_cn/v1/champion-summary.json
https://raw.communitydragon.org/latest/plugins/rcp-be-lol-game-data/global/zh_cn/v1/cherry-augments.json
https://raw.communitydragon.org/latest/plugins/rcp-be-lol-game-data/global/zh_cn/v1/companions.json
https://raw.communitydragon.org/latest/plugins/rcp-be-lol-game-data/global/zh_cn/v1/event-hub.json
https://raw.communitydragon.org/latest/plugins/rcp-be-lol-game-data/global/zh_cn/v1/generic-assets.json
https://raw.communitydragon.org/latest/plugins/rcp-be-lol-game-data/global/zh_cn/v1/items.json
https://raw.communitydragon.org/latest/plugins/rcp-be-lol-game-data/global/zh_cn/v1/loot.json
https://raw.communitydragon.org/latest/plugins/rcp-be-lol-game-data/global/zh_cn/v1/lootmilestones.json
https://raw.communitydragon.org/latest/plugins/rcp-be-lol-game-data/global/zh_cn/v1/maps.json
https://raw.communitydragon.org/latest/plugins/rcp-be-lol-game-data/global/zh_cn/v1/mission-assets.json
https://raw.communitydragon.org/latest/plugins/rcp-be-lol-game-data/global/zh_cn/v1/perks.json
https://raw.communitydragon.org/latest/plugins/rcp-be-lol-game-data/global/zh_cn/v1/profile-icons.json
https://raw.communitydragon.org/latest/plugins/rcp-be-lol-game-data/global/zh_cn/v1/queues.json
https://raw.communitydragon.org/latest/plugins/rcp-be-lol-game-data/global/zh_cn/v1/skinlines.json
https://raw.communitydragon.org/latest/plugins/rcp-be-lol-game-data/global/zh_cn/v1/skins.json
https://raw.communitydragon.org/latest/plugins/rcp-be-lol-game-data/global/zh_cn/v1/statstones.json
https://raw.communitydragon.org/latest/plugins/rcp-be-lol-game-data/global/zh_cn/v1/strawberry-hub.json
https://raw.communitydragon.org/latest/plugins/rcp-be-lol-game-data/global/zh_cn/v1/stylesheet.json
https://raw.communitydragon.org/latest/plugins/rcp-be-lol-game-data/global/zh_cn/v1/summoner-emotes.json
https://raw.communitydragon.org/latest/plugins/rcp-be-lol-game-data/global/zh_cn/v1/summoner-icons.json
https://raw.communitydragon.org/latest/plugins/rcp-be-lol-game-data/global/zh_cn/v1/tftdamageskins.json
https://raw.communitydragon.org/latest/plugins/rcp-be-lol-game-data/global/zh_cn/v1/tftmapskins.json
https://raw.communitydragon.org/latest/plugins/rcp-be-lol-game-data/global/zh_cn/v1/tftregionportals.json
https://raw.communitydragon.org/latest/plugins/rcp-be-lol-game-data/global/zh_cn/v1/tftrotationalshopitemdata.json
https://raw.communitydragon.org/latest/plugins/rcp-be-lol-game-data/global/zh_cn/v1/tfttraits.json
https://raw.communitydragon.org/latest/plugins/rcp-be-lol-game-data/global/zh_cn/v1/tfttrovesbannerrewards.json
https://raw.communitydragon.org/latest/plugins/rcp-be-lol-game-data/global/zh_cn/v1/tfttrovesbanners.json
https://raw.communitydragon.org/latest/plugins/rcp-be-lol-game-data/global/zh_cn/v1/tfttrovestablesnames.json
https://raw.communitydragon.org/latest/plugins/rcp-be-lol-game-data/global/zh_cn/v1/universes.json
https://raw.communitydragon.org/latest/plugins/rcp-be-lol-game-data/global/zh_cn/v1/ward-skins.json

已添加以下20个文件：
Added the following 20 file(s):
https://raw.communitydragon.org/latest/plugins/rcp-be-lol-game-data/global/default/v1/champions/3147.json
https://raw.communitydragon.org/latest/plugins/rcp-be-lol-game-data/global/default/v1/champions/3151.json
https://raw.communitydragon.org/latest/plugins/rcp-be-lol-game-data/global/default/v1/champions/3152.json
https://raw.communitydragon.org/latest/plugins/rcp-be-lol-game-data/global/default/v1/champions/3153.json
https://raw.communitydragon.org/latest/plugins/rcp-be-lol-game-data/global/default/v1/champions/3156.json
https://raw.communitydragon.org/latest/plugins/rcp-be-lol-game-data/global/default/v1/champions/3157.json
https://raw.communitydragon.org/latest/plugins/rcp-be-lol-game-data/global/default/v1/champions/3159.json
https://raw.communitydragon.org/latest/plugins/rcp-be-lol-game-data/global/default/v1/champions/3678.json
https://raw.communitydragon.org/latest/plugins/rcp-be-lol-game-data/global/default/v1/champions/3947.json
https://raw.communitydragon.org/latest/plugins/rcp-be-lol-game-data/global/default/v1/champions/893.json
https://raw.communitydragon.org/latest/plugins/rcp-be-lol-game-data/global/zh_cn/v1/champions/3147.json
https://raw.communitydragon.org/latest/plugins/rcp-be-lol-game-data/global/zh_cn/v1/champions/3151.json
https://raw.communitydragon.org/latest/plugins/rcp-be-lol-game-data/global/zh_cn/v1/champions/3152.json
https://raw.communitydragon.org/latest/plugins/rcp-be-lol-game-data/global/zh_cn/v1/champions/3153.json
https://raw.communitydragon.org/latest/plugins/rcp-be-lol-game-data/global/zh_cn/v1/champions/3156.json
https://raw.communitydragon.org/latest/plugins/rcp-be-lol-game-data/global/zh_cn/v1/champions/3157.json
https://raw.communitydragon.org/latest/plugins/rcp-be-lol-game-data/global/zh_cn/v1/champions/3159.json
https://raw.communitydragon.org/latest/plugins/rcp-be-lol-game-data/global/zh_cn/v1/champions/3678.json
https://raw.communitydragon.org/latest/plugins/rcp-be-lol-game-data/global/zh_cn/v1/champions/3947.json
https://raw.communitydragon.org/latest/plugins/rcp-be-lol-game-data/global/zh_cn/v1/champions/893.json

请选择要更新的数据资源，输入空字符串以退出程序：
Please select the data resource to update, or submit an empty string to exit the program:
1	CommunityDragon
2	DataDragon

[The program has exited!]
