请选择要更新的数据资源，输入空字符串以退出程序：
Please select the data resource to update, or submit an empty string to exit the program:
1	CommunityDragon
2	DataDragon
1
请选择更新模式：
Please select the update mode:
1	全局扫描（Global Scanning）
2	按修改时间更新（Updating According to Modification Time）

请选择一种方式指定修改时间：
Please select a method of specifying the modification time:
1	自动获取（Automatically get）
2	手动输入（Manually input）

[2024-06-27 11-19-06][1/18]正在检查文件夹（Checking the folder）：https://raw.communitydragon.org/latest/
[2024-06-27 11-19-07]页面新文件列表如下：
New file list is as follows:
网页链接（URL)： https://raw.communitydragon.org/latest/
             file                size        web_date         web_timestamp        local_date          local_timestamp   
 compat-version-metadata.json    72 B    2024-Jun-27 01:15    1719422100.0     2024-06-26 14-31-14    1719383474.850303  
    content-metadata.json        74 B    2024-Jun-27 01:15    1719422100.0     2024-06-26 14-31-15    1719383475.8845296 
[2024-06-27 11-19-07][1/18][1/2]正在校对文件（Checking file）： https://raw.communitydragon.org/latest/compat-version-metadata.json
[2024-06-27 11-19-08][1/18][2/2]正在校对文件（Checking file）： https://raw.communitydragon.org/latest/content-metadata.json
[2024-06-27 11-19-09][2/18]正在检查文件夹（Checking the folder）：https://raw.communitydragon.org/latest/cdragon/arena/
[2024-06-27 11-19-10]页面新文件列表如下：
New file list is as follows:
网页链接（URL)： https://raw.communitydragon.org/latest/cdragon/arena/
    file         size           web_date         web_timestamp        local_date          local_timestamp   
 en_us.json    159.8 KiB    2024-Jun-27 01:26    1719422760.0     2024-06-26 14-31-19    1719383479.3238876 
 zh_cn.json    162.1 KiB    2024-Jun-27 01:26    1719422760.0     2024-06-26 14-31-20    1719383480.8696396 
[2024-06-27 11-19-10][2/18][1/2]正在校对文件（Checking file）： https://raw.communitydragon.org/latest/cdragon/arena/en_us.json
[2024-06-27 11-19-12][2/18][2/2]正在校对文件（Checking file）： https://raw.communitydragon.org/latest/cdragon/arena/zh_cn.json
[2024-06-27 11-19-13][3/18]正在检查文件夹（Checking the folder）：https://raw.communitydragon.org/latest/cdragon/tft/
[2024-06-27 11-19-13]页面新文件列表如下：
New file list is as follows:
网页链接（URL)： https://raw.communitydragon.org/latest/cdragon/tft/
    file        size          web_date         web_timestamp        local_date          local_timestamp   
 en_us.json    8.2 MiB    2024-Jun-27 01:25    1719422700.0     2024-06-26 14-31-24    1719383484.6515405 
 zh_cn.json    8.3 MiB    2024-Jun-27 01:25    1719422700.0     2024-06-26 14-31-27    1719383487.6143372 
[2024-06-27 11-19-13][3/18][1/2]正在校对文件（Checking file）： https://raw.communitydragon.org/latest/cdragon/tft/en_us.json
违反协议导致读取中断！正在尝试第1次重新获取数据！
EOF occurred in violation of protocol! Trying to recapture the data with url: https://raw.communitydragon.org/latest/cdragon/tft/en_us.json. Time(s) tried: 1
[2024-06-27 11-19-15][3/18][2/2]正在校对文件（Checking file）： https://raw.communitydragon.org/latest/cdragon/tft/zh_cn.json
[2024-06-27 11-19-18][4/18]正在检查文件夹（Checking the folder）：https://raw.communitydragon.org/latest/plugins/rcp-be-lol-game-data/global/default/v1/champions/
[2024-06-27 11-19-19]页面新文件列表如下：
New file list is as follows:
网页链接（URL)： https://raw.communitydragon.org/latest/plugins/rcp-be-lol-game-data/global/default/v1/champions/
   file        size          web_date         web_timestamp        local_date          local_timestamp   
 103.json    49.2 KiB    2024-Jun-27 01:25    1719422700.0     2024-06-26 14-31-30    1719383490.6731641 
 104.json    32.5 KiB    2024-Jun-27 01:25    1719422700.0     2024-06-26 14-31-32    1719383492.5827117 
 105.json    28.7 KiB    2024-Jun-27 01:25    1719422700.0     2024-06-26 14-31-34    1719383494.0190213 
 110.json    35.0 KiB    2024-Jun-27 01:25    1719422700.0     2024-06-26 14-31-35    1719383495.1319854 
 127.json    25.9 KiB    2024-Jun-27 01:25    1719422700.0     2024-06-26 14-31-36    1719383496.9363017 
 154.json    21.3 KiB    2024-Jun-27 01:25    1719422700.0     2024-06-26 14-31-38    1719383498.831991  
 166.json    17.0 KiB    2024-Jun-27 01:25    1719422700.0     2024-06-26 14-31-39    1719383499.9153397 
  2.json     29.0 KiB    2024-Jun-27 01:25    1719422700.0     2024-06-26 14-31-41    1719383501.627877  
 29.json     32.7 KiB    2024-Jun-27 01:25    1719422700.0     2024-06-26 14-31-43    1719383503.336997  
 31.json     25.9 KiB    2024-Jun-27 01:25    1719422700.0     2024-06-26 14-31-44    1719383504.9686358 
 33.json     25.2 KiB    2024-Jun-27 01:25    1719422700.0     2024-06-26 14-31-47    1719383507.337071  
  4.json     31.2 KiB    2024-Jun-27 01:25    1719422700.0     2024-06-26 14-31-49    1719383509.207981  
 41.json     28.1 KiB    2024-Jun-27 01:25    1719422700.0     2024-06-26 14-31-49    1719383509.9795265 
 429.json    19.5 KiB    2024-Jun-27 01:25    1719422700.0     2024-06-26 14-31-50    1719383510.9879854 
 498.json    28.3 KiB    2024-Jun-27 01:25    1719422700.0     2024-06-26 14-31-51    1719383511.9013698 
 516.json    20.1 KiB    2024-Jun-27 01:25    1719422700.0     2024-06-26 14-31-53    1719383513.3069153 
 68.json     22.2 KiB    2024-Jun-27 01:25    1719422700.0     2024-06-26 14-31-54    1719383514.1821563 
 72.json     17.9 KiB    2024-Jun-27 01:25    1719422700.0     2024-06-26 14-31-55    1719383515.215053  
 777.json    32.1 KiB    2024-Jun-27 01:25    1719422700.0     2024-06-26 14-31-56    1719383516.2709348 
 78.json     28.1 KiB    2024-Jun-27 01:25    1719422700.0     2024-06-26 14-31-57    1719383517.3358786 
 902.json    15.6 KiB    2024-Jun-27 01:25    1719422700.0     2024-06-26 14-31-58    1719383518.2654545 
[2024-06-27 11-19-19][4/18][1/21]正在校对文件（Checking file）： https://raw.communitydragon.org/latest/plugins/rcp-be-lol-game-data/global/default/v1/champions/103.json
[2024-06-27 11-19-20][4/18][2/21]正在校对文件（Checking file）： https://raw.communitydragon.org/latest/plugins/rcp-be-lol-game-data/global/default/v1/champions/104.json
[2024-06-27 11-19-21][4/18][3/21]正在校对文件（Checking file）： https://raw.communitydragon.org/latest/plugins/rcp-be-lol-game-data/global/default/v1/champions/105.json
[2024-06-27 11-19-22][4/18][4/21]正在校对文件（Checking file）： https://raw.communitydragon.org/latest/plugins/rcp-be-lol-game-data/global/default/v1/champions/110.json
[2024-06-27 11-19-24][4/18][5/21]正在校对文件（Checking file）： https://raw.communitydragon.org/latest/plugins/rcp-be-lol-game-data/global/default/v1/champions/127.json
[2024-06-27 11-19-25][4/18][6/21]正在校对文件（Checking file）： https://raw.communitydragon.org/latest/plugins/rcp-be-lol-game-data/global/default/v1/champions/154.json
[2024-06-27 11-19-26][4/18][7/21]正在校对文件（Checking file）： https://raw.communitydragon.org/latest/plugins/rcp-be-lol-game-data/global/default/v1/champions/166.json
[2024-06-27 11-19-27][4/18][8/21]正在校对文件（Checking file）： https://raw.communitydragon.org/latest/plugins/rcp-be-lol-game-data/global/default/v1/champions/2.json
[2024-06-27 11-19-28][4/18][9/21]正在校对文件（Checking file）： https://raw.communitydragon.org/latest/plugins/rcp-be-lol-game-data/global/default/v1/champions/29.json
[2024-06-27 11-19-29][4/18][10/21]正在校对文件（Checking file）： https://raw.communitydragon.org/latest/plugins/rcp-be-lol-game-data/global/default/v1/champions/31.json
[2024-06-27 11-19-30][4/18][11/21]正在校对文件（Checking file）： https://raw.communitydragon.org/latest/plugins/rcp-be-lol-game-data/global/default/v1/champions/33.json
[2024-06-27 11-19-31][4/18][12/21]正在校对文件（Checking file）： https://raw.communitydragon.org/latest/plugins/rcp-be-lol-game-data/global/default/v1/champions/4.json
[2024-06-27 11-19-33][4/18][13/21]正在校对文件（Checking file）： https://raw.communitydragon.org/latest/plugins/rcp-be-lol-game-data/global/default/v1/champions/41.json
[2024-06-27 11-19-34][4/18][14/21]正在校对文件（Checking file）： https://raw.communitydragon.org/latest/plugins/rcp-be-lol-game-data/global/default/v1/champions/429.json
[2024-06-27 11-19-35][4/18][15/21]正在校对文件（Checking file）： https://raw.communitydragon.org/latest/plugins/rcp-be-lol-game-data/global/default/v1/champions/498.json
[2024-06-27 11-19-36][4/18][16/21]正在校对文件（Checking file）： https://raw.communitydragon.org/latest/plugins/rcp-be-lol-game-data/global/default/v1/champions/516.json
[2024-06-27 11-19-37][4/18][17/21]正在校对文件（Checking file）： https://raw.communitydragon.org/latest/plugins/rcp-be-lol-game-data/global/default/v1/champions/68.json
[2024-06-27 11-19-38][4/18][18/21]正在校对文件（Checking file）： https://raw.communitydragon.org/latest/plugins/rcp-be-lol-game-data/global/default/v1/champions/72.json
[2024-06-27 11-19-39][4/18][19/21]正在校对文件（Checking file）： https://raw.communitydragon.org/latest/plugins/rcp-be-lol-game-data/global/default/v1/champions/777.json
[2024-06-27 11-19-40][4/18][20/21]正在校对文件（Checking file）： https://raw.communitydragon.org/latest/plugins/rcp-be-lol-game-data/global/default/v1/champions/78.json
[2024-06-27 11-19-41][4/18][21/21]正在校对文件（Checking file）： https://raw.communitydragon.org/latest/plugins/rcp-be-lol-game-data/global/default/v1/champions/902.json
[2024-06-27 11-19-42][5/18]正在检查文件夹（Checking the folder）：https://raw.communitydragon.org/latest/plugins/rcp-be-lol-game-data/global/default/v1/map-assets/
[2024-06-27 11-19-43]页面新文件列表如下：
New file list is as follows:
网页链接（URL)： https://raw.communitydragon.org/latest/plugins/rcp-be-lol-game-data/global/default/v1/map-assets/
      file            size           web_date         web_timestamp        local_date          local_timestamp   
 map-assets.json    106.4 KiB    2024-Jun-27 01:25    1719422700.0     2024-06-26 14-32-00    1719383520.3973362 
[2024-06-27 11-19-43][5/18][1/1]正在校对文件（Checking file）： https://raw.communitydragon.org/latest/plugins/rcp-be-lol-game-data/global/default/v1/map-assets/map-assets.json
[2024-06-27 11-19-44][6/18]正在检查文件夹（Checking the folder）：https://raw.communitydragon.org/latest/plugins/rcp-be-lol-game-data/global/default/v1/
[2024-06-27 11-19-45]页面新文件列表如下：
New file list is as follows:
网页链接（URL)： https://raw.communitydragon.org/latest/plugins/rcp-be-lol-game-data/global/default/v1/
                file                     size           web_date         web_timestamp        local_date          local_timestamp   
          challenges.json              586.2 KiB    2024-Jun-27 01:25    1719422700.0     2024-06-26 14-32-03    1719383523.2251647 
 champion-rune-recommendations.json    317.5 KiB    2024-Jun-27 01:25    1719422700.0     2024-06-26 14-32-04    1719383524.7225096 
          companions.json              736.1 KiB    2024-Jun-27 01:25    1719422700.0     2024-06-26 14-32-06    1719383526.5143902 
           event-hub.json              33.1 KiB     2024-Jun-27 01:25    1719422700.0     2024-06-26 14-32-07    1719383527.4907973 
        generic-assets.json            173.0 KiB    2024-Jun-27 01:25    1719422700.0     2024-06-26 14-32-10    1719383530.1179557 
             items.json                379.7 KiB    2024-Jun-27 01:25    1719422700.0     2024-06-26 14-32-12    1719383532.2872381 
             loot.json                  2.7 MiB     2024-Jun-27 01:25    1719422700.0     2024-06-26 14-32-15    1719383535.0853305 
        mission-assets.json            20.2 KiB     2024-Jun-27 01:25    1719422700.0     2024-06-26 14-32-16    1719383536.1067536 
             perks.json                93.5 KiB     2024-Jun-27 01:25    1719422700.0     2024-06-26 14-32-16    1719383536.7097218 
         profile-icons.json            315.3 KiB    2024-Jun-27 01:25    1719422700.0     2024-06-26 14-32-18    1719383538.173515  
            queues.json                48.5 KiB     2024-Jun-27 01:25    1719422700.0     2024-06-26 14-32-19    1719383539.2008796 
            rewards.json               449.1 KiB    2024-Jun-27 01:25    1719422700.0     2024-06-26 14-32-20    1719383540.408658  
           skinlines.json              51.1 KiB     2024-Jun-27 01:25    1719422700.0     2024-06-26 14-32-21    1719383541.727311  
             skins.json                 3.1 MiB     2024-Jun-27 01:25    1719422700.0     2024-06-26 14-32-24    1719383544.0304193 
          statstones.json               1.7 MiB     2024-Jun-27 01:25    1719422700.0     2024-06-26 14-32-26    1719383546.3142035 
        summoner-emotes.json           305.3 KiB    2024-Jun-27 01:25    1719422700.0     2024-06-26 14-32-28    1719383548.3002765 
        summoner-icons.json             1.6 MiB     2024-Jun-27 01:25    1719422700.0     2024-06-26 14-32-30    1719383550.7572052 
           tftitems.json               575.6 KiB    2024-Jun-27 01:25    1719422700.0     2024-06-26 14-32-33    1719383553.0978947 
          tftmapskins.json             30.6 KiB     2024-Jun-27 01:25    1719422700.0     2024-06-26 14-32-34    1719383554.6090205 
        tftpass-assets.json             8.8 KiB     2024-Jun-27 01:25    1719422700.0     2024-06-26 14-32-35    1719383555.9006214 
         tftplaybooks.json             54.5 KiB     2024-Jun-27 01:25    1719422700.0     2024-06-26 14-32-38    1719383558.607686  
   tftrotationalshopitemdata.json      380.8 KiB    2024-Jun-27 01:25    1719422700.0     2024-06-26 14-32-40    1719383560.9557998 
            tftsets.json                1.7 KiB     2024-Jun-27 01:25    1719422700.0     2024-06-26 14-32-42    1719383562.204353  
           tfttraits.json              208.6 KiB    2024-Jun-27 01:25    1719422700.0     2024-06-26 14-32-44    1719383564.9414277 
    tfttrovesbannerrewards.json        649.0 KiB    2024-Jun-27 01:25    1719422700.0     2024-06-26 14-32-46    1719383566.9164298 
       tfttrovesbanners.json            6.1 MiB     2024-Jun-27 01:25    1719422700.0     2024-06-26 14-32-50    1719383570.776499  
     tfttrovestablesnames.json         171.2 KiB    2024-Jun-27 01:25    1719422700.0     2024-06-26 14-32-52    1719383572.756376  
           universes.json              34.2 KiB     2024-Jun-27 01:25    1719422700.0     2024-06-26 14-32-53    1719383573.997722  
[2024-06-27 11-19-45][6/18][1/28]正在校对文件（Checking file）： https://raw.communitydragon.org/latest/plugins/rcp-be-lol-game-data/global/default/v1/challenges.json
[2024-06-27 11-19-47][6/18][2/28]正在校对文件（Checking file）： https://raw.communitydragon.org/latest/plugins/rcp-be-lol-game-data/global/default/v1/champion-rune-recommendations.json
[2024-06-27 11-19-48][6/18][3/28]正在校对文件（Checking file）： https://raw.communitydragon.org/latest/plugins/rcp-be-lol-game-data/global/default/v1/companions.json
[2024-06-27 11-19-50][6/18][4/28]正在校对文件（Checking file）： https://raw.communitydragon.org/latest/plugins/rcp-be-lol-game-data/global/default/v1/event-hub.json
[2024-06-27 11-19-51][6/18][5/28]正在校对文件（Checking file）： https://raw.communitydragon.org/latest/plugins/rcp-be-lol-game-data/global/default/v1/generic-assets.json
[2024-06-27 11-19-52][6/18][6/28]正在校对文件（Checking file）： https://raw.communitydragon.org/latest/plugins/rcp-be-lol-game-data/global/default/v1/items.json
[2024-06-27 11-19-54][6/18][7/28]正在校对文件（Checking file）： https://raw.communitydragon.org/latest/plugins/rcp-be-lol-game-data/global/default/v1/loot.json
[2024-06-27 11-19-57][6/18][8/28]正在校对文件（Checking file）： https://raw.communitydragon.org/latest/plugins/rcp-be-lol-game-data/global/default/v1/mission-assets.json
[2024-06-27 11-19-58][6/18][9/28]正在校对文件（Checking file）： https://raw.communitydragon.org/latest/plugins/rcp-be-lol-game-data/global/default/v1/perks.json
[2024-06-27 11-20-00]已更新文件（Updated file）：离线数据（Offline Data）/cdragon/latest/plugins/rcp-be-lol-game-data/global/default/v1/perks.json
[2024-06-27 11-20-00][6/18][10/28]正在校对文件（Checking file）： https://raw.communitydragon.org/latest/plugins/rcp-be-lol-game-data/global/default/v1/profile-icons.json
[2024-06-27 11-20-01][6/18][11/28]正在校对文件（Checking file）： https://raw.communitydragon.org/latest/plugins/rcp-be-lol-game-data/global/default/v1/queues.json
[2024-06-27 11-20-03][6/18][12/28]正在校对文件（Checking file）： https://raw.communitydragon.org/latest/plugins/rcp-be-lol-game-data/global/default/v1/rewards.json
[2024-06-27 11-20-04][6/18][13/28]正在校对文件（Checking file）： https://raw.communitydragon.org/latest/plugins/rcp-be-lol-game-data/global/default/v1/skinlines.json
[2024-06-27 11-20-05][6/18][14/28]正在校对文件（Checking file）： https://raw.communitydragon.org/latest/plugins/rcp-be-lol-game-data/global/default/v1/skins.json
[2024-06-27 11-20-08][6/18][15/28]正在校对文件（Checking file）： https://raw.communitydragon.org/latest/plugins/rcp-be-lol-game-data/global/default/v1/statstones.json
[2024-06-27 11-20-11][6/18][16/28]正在校对文件（Checking file）： https://raw.communitydragon.org/latest/plugins/rcp-be-lol-game-data/global/default/v1/summoner-emotes.json
[2024-06-27 11-20-13][6/18][17/28]正在校对文件（Checking file）： https://raw.communitydragon.org/latest/plugins/rcp-be-lol-game-data/global/default/v1/summoner-icons.json
[2024-06-27 11-20-14][6/18][18/28]正在校对文件（Checking file）： https://raw.communitydragon.org/latest/plugins/rcp-be-lol-game-data/global/default/v1/tftitems.json
无法连接到代理！正在尝试第1次重新获取数据！
Cannot connect to proxy! Trying to recapture the data with url: https://raw.communitydragon.org/latest/plugins/rcp-be-lol-game-data/global/default/v1/tftitems.json. Time(s) tried: 1
[2024-06-27 11-20-21][6/18][19/28]正在校对文件（Checking file）： https://raw.communitydragon.org/latest/plugins/rcp-be-lol-game-data/global/default/v1/tftmapskins.json
[2024-06-27 11-20-23][6/18][20/28]正在校对文件（Checking file）： https://raw.communitydragon.org/latest/plugins/rcp-be-lol-game-data/global/default/v1/tftpass-assets.json
[2024-06-27 11-20-24][6/18][21/28]正在校对文件（Checking file）： https://raw.communitydragon.org/latest/plugins/rcp-be-lol-game-data/global/default/v1/tftplaybooks.json
[2024-06-27 11-20-25][6/18][22/28]正在校对文件（Checking file）： https://raw.communitydragon.org/latest/plugins/rcp-be-lol-game-data/global/default/v1/tftrotationalshopitemdata.json
[2024-06-27 11-20-27][6/18][23/28]正在校对文件（Checking file）： https://raw.communitydragon.org/latest/plugins/rcp-be-lol-game-data/global/default/v1/tftsets.json
[2024-06-27 11-20-27][6/18][24/28]正在校对文件（Checking file）： https://raw.communitydragon.org/latest/plugins/rcp-be-lol-game-data/global/default/v1/tfttraits.json
[2024-06-27 11-20-29][6/18][25/28]正在校对文件（Checking file）： https://raw.communitydragon.org/latest/plugins/rcp-be-lol-game-data/global/default/v1/tfttrovesbannerrewards.json
[2024-06-27 11-20-31][6/18][26/28]正在校对文件（Checking file）： https://raw.communitydragon.org/latest/plugins/rcp-be-lol-game-data/global/default/v1/tfttrovesbanners.json
[2024-06-27 11-20-35][6/18][27/28]正在校对文件（Checking file）： https://raw.communitydragon.org/latest/plugins/rcp-be-lol-game-data/global/default/v1/tfttrovestablesnames.json
[2024-06-27 11-20-36][6/18][28/28]正在校对文件（Checking file）： https://raw.communitydragon.org/latest/plugins/rcp-be-lol-game-data/global/default/v1/universes.json
[2024-06-27 11-20-38][7/18]正在检查文件夹（Checking the folder）：https://raw.communitydragon.org/latest/plugins/rcp-be-lol-game-data/global/zh_cn/v1/champions/
违反协议导致读取中断！正在尝试第1次重新获取数据！
EOF occurred in violation of protocol! Trying to recapture the data with url: https://raw.communitydragon.org/latest/plugins/rcp-be-lol-game-data/global/zh_cn/v1/champions/. Time(s) tried: 1
[2024-06-27 11-20-40]页面新文件列表如下：
New file list is as follows:
网页链接（URL)： https://raw.communitydragon.org/latest/plugins/rcp-be-lol-game-data/global/zh_cn/v1/champions/
   file        size          web_date         web_timestamp        local_date          local_timestamp   
 103.json    51.4 KiB    2024-Jun-27 01:25    1719422700.0     2024-06-26 14-32-56    1719383576.7379847 
 104.json    34.7 KiB    2024-Jun-27 01:25    1719422700.0     2024-06-26 14-32-58    1719383578.6737907 
 105.json    30.6 KiB    2024-Jun-27 01:25    1719422700.0     2024-06-26 14-33-00    1719383580.0387247 
 110.json    37.1 KiB    2024-Jun-27 01:25    1719422700.0     2024-06-26 14-33-01    1719383581.3478768 
 127.json    27.2 KiB    2024-Jun-27 01:25    1719422700.0     2024-06-26 14-33-03    1719383583.6159399 
 154.json    22.3 KiB    2024-Jun-27 01:25    1719422700.0     2024-06-26 14-33-05    1719383585.096886  
 166.json    17.6 KiB    2024-Jun-27 01:25    1719422700.0     2024-06-26 14-33-06    1719383586.3681552 
  2.json     31.5 KiB    2024-Jun-27 01:25    1719422700.0     2024-06-26 14-33-07    1719383587.555941  
 29.json     33.9 KiB    2024-Jun-27 01:25    1719422700.0     2024-06-26 14-33-08    1719383588.8290243 
 31.json     26.9 KiB    2024-Jun-27 01:25    1719422700.0     2024-06-26 14-33-11    1719383591.0386515 
 33.json     26.9 KiB    2024-Jun-27 01:25    1719422700.0     2024-06-26 14-33-12    1719383592.8970702 
 41.json     29.9 KiB    2024-Jun-27 01:25    1719422700.0     2024-06-26 14-33-13    1719383593.9766958 
 429.json    20.5 KiB    2024-Jun-27 01:25    1719422700.0     2024-06-26 14-33-15    1719383595.381719  
 498.json    30.0 KiB    2024-Jun-27 01:25    1719422700.0     2024-06-26 14-33-17    1719383597.4958198 
 516.json    21.0 KiB    2024-Jun-27 01:25    1719422700.0     2024-06-26 14-33-19    1719383599.348038  
 68.json     22.9 KiB    2024-Jun-27 01:25    1719422700.0     2024-06-26 14-33-21    1719383601.0556245 
 72.json     18.4 KiB    2024-Jun-27 01:25    1719422700.0     2024-06-26 14-33-22    1719383602.7639773 
 777.json    34.2 KiB    2024-Jun-27 01:25    1719422700.0     2024-06-26 14-33-23    1719383603.9587681 
 78.json     30.5 KiB    2024-Jun-27 01:25    1719422700.0     2024-06-26 14-33-25    1719383605.2695272 
 902.json    15.9 KiB    2024-Jun-27 01:25    1719422700.0     2024-06-26 14-33-26    1719383606.5558882 
[2024-06-27 11-20-40][7/18][1/20]正在校对文件（Checking file）： https://raw.communitydragon.org/latest/plugins/rcp-be-lol-game-data/global/zh_cn/v1/champions/103.json
[2024-06-27 11-20-41][7/18][2/20]正在校对文件（Checking file）： https://raw.communitydragon.org/latest/plugins/rcp-be-lol-game-data/global/zh_cn/v1/champions/104.json
[2024-06-27 11-20-43][7/18][3/20]正在校对文件（Checking file）： https://raw.communitydragon.org/latest/plugins/rcp-be-lol-game-data/global/zh_cn/v1/champions/105.json
[2024-06-27 11-20-44][7/18][4/20]正在校对文件（Checking file）： https://raw.communitydragon.org/latest/plugins/rcp-be-lol-game-data/global/zh_cn/v1/champions/110.json
[2024-06-27 11-20-46][7/18][5/20]正在校对文件（Checking file）： https://raw.communitydragon.org/latest/plugins/rcp-be-lol-game-data/global/zh_cn/v1/champions/127.json
[2024-06-27 11-20-47][7/18][6/20]正在校对文件（Checking file）： https://raw.communitydragon.org/latest/plugins/rcp-be-lol-game-data/global/zh_cn/v1/champions/154.json
[2024-06-27 11-20-48][7/18][7/20]正在校对文件（Checking file）： https://raw.communitydragon.org/latest/plugins/rcp-be-lol-game-data/global/zh_cn/v1/champions/166.json
[2024-06-27 11-20-50][7/18][8/20]正在校对文件（Checking file）： https://raw.communitydragon.org/latest/plugins/rcp-be-lol-game-data/global/zh_cn/v1/champions/2.json
[2024-06-27 11-20-51][7/18][9/20]正在校对文件（Checking file）： https://raw.communitydragon.org/latest/plugins/rcp-be-lol-game-data/global/zh_cn/v1/champions/29.json
[2024-06-27 11-20-52][7/18][10/20]正在校对文件（Checking file）： https://raw.communitydragon.org/latest/plugins/rcp-be-lol-game-data/global/zh_cn/v1/champions/31.json
[2024-06-27 11-20-53][7/18][11/20]正在校对文件（Checking file）： https://raw.communitydragon.org/latest/plugins/rcp-be-lol-game-data/global/zh_cn/v1/champions/33.json
[2024-06-27 11-20-55][7/18][12/20]正在校对文件（Checking file）： https://raw.communitydragon.org/latest/plugins/rcp-be-lol-game-data/global/zh_cn/v1/champions/41.json
[2024-06-27 11-20-57][7/18][13/20]正在校对文件（Checking file）： https://raw.communitydragon.org/latest/plugins/rcp-be-lol-game-data/global/zh_cn/v1/champions/429.json
[2024-06-27 11-20-58][7/18][14/20]正在校对文件（Checking file）： https://raw.communitydragon.org/latest/plugins/rcp-be-lol-game-data/global/zh_cn/v1/champions/498.json
[2024-06-27 11-21-00][7/18][15/20]正在校对文件（Checking file）： https://raw.communitydragon.org/latest/plugins/rcp-be-lol-game-data/global/zh_cn/v1/champions/516.json
[2024-06-27 11-21-01][7/18][16/20]正在校对文件（Checking file）： https://raw.communitydragon.org/latest/plugins/rcp-be-lol-game-data/global/zh_cn/v1/champions/68.json
[2024-06-27 11-21-04][7/18][17/20]正在校对文件（Checking file）： https://raw.communitydragon.org/latest/plugins/rcp-be-lol-game-data/global/zh_cn/v1/champions/72.json
[2024-06-27 11-21-06][7/18][18/20]正在校对文件（Checking file）： https://raw.communitydragon.org/latest/plugins/rcp-be-lol-game-data/global/zh_cn/v1/champions/777.json
[2024-06-27 11-21-07][7/18][19/20]正在校对文件（Checking file）： https://raw.communitydragon.org/latest/plugins/rcp-be-lol-game-data/global/zh_cn/v1/champions/78.json
[2024-06-27 11-21-08][7/18][20/20]正在校对文件（Checking file）： https://raw.communitydragon.org/latest/plugins/rcp-be-lol-game-data/global/zh_cn/v1/champions/902.json
[2024-06-27 11-21-10][8/18]正在检查文件夹（Checking the folder）：https://raw.communitydragon.org/latest/plugins/rcp-be-lol-game-data/global/zh_cn/v1/map-assets/
[2024-06-27 11-21-11]页面新文件列表如下：
New file list is as follows:
网页链接（URL)： https://raw.communitydragon.org/latest/plugins/rcp-be-lol-game-data/global/zh_cn/v1/map-assets/
      file            size           web_date         web_timestamp        local_date          local_timestamp   
 map-assets.json    107.1 KiB    2024-Jun-27 01:25    1719422700.0     2024-06-26 14-33-29    1719383609.4483147 
[2024-06-27 11-21-11][8/18][1/1]正在校对文件（Checking file）： https://raw.communitydragon.org/latest/plugins/rcp-be-lol-game-data/global/zh_cn/v1/map-assets/map-assets.json
[2024-06-27 11-21-12][9/18]正在检查文件夹（Checking the folder）：https://raw.communitydragon.org/latest/plugins/rcp-be-lol-game-data/global/zh_cn/v1/
违反协议导致读取中断！正在尝试第1次重新获取数据！
EOF occurred in violation of protocol! Trying to recapture the data with url: https://raw.communitydragon.org/latest/plugins/rcp-be-lol-game-data/global/zh_cn/v1/. Time(s) tried: 1
[2024-06-27 11-21-14]页面新文件列表如下：
New file list is as follows:
网页链接（URL)： https://raw.communitydragon.org/latest/plugins/rcp-be-lol-game-data/global/zh_cn/v1/
              file                   size           web_date         web_timestamp        local_date          local_timestamp   
        challenges.json            592.5 KiB    2024-Jun-27 01:25    1719422700.0     2024-06-24 14-23-09    1719210189.649817  
        companions.json            739.4 KiB    2024-Jun-27 01:25    1719422700.0     2024-06-24 14-23-16    1719210196.8996613 
         event-hub.json            33.4 KiB     2024-Jun-27 01:25    1719422700.0     2024-06-24 14-23-19    1719210199.7878168 
      generic-assets.json          173.0 KiB    2024-Jun-27 01:25    1719422700.0     2024-06-24 14-23-23    1719210203.8877106 
           items.json              378.5 KiB    2024-Jun-27 01:25    1719422700.0     2024-06-24 14-23-29    1719210209.1846616 
           loot.json                2.8 MiB     2024-Jun-27 01:25    1719422700.0     2024-06-24 14-23-33    1719210213.2327495 
      mission-assets.json          20.2 KiB     2024-Jun-27 01:25    1719422700.0     2024-06-24 14-23-38    1719210218.6898618 
           perks.json              95.7 KiB     2024-Jun-27 01:25    1719422700.0     2024-06-24 14-23-44    1719210224.4186654 
       profile-icons.json          315.3 KiB    2024-Jun-27 01:25    1719422700.0     2024-06-24 14-23-48     1719210228.77371  
          queues.json              50.8 KiB     2024-Jun-27 01:25    1719422700.0     2024-06-24 14-23-50    1719210230.7255785 
         skinlines.json            50.4 KiB     2024-Jun-27 01:25    1719422700.0     2024-06-24 14-23-54    1719210234.7716942 
           skins.json               3.3 MiB     2024-Jun-27 01:25    1719422700.0     2024-06-24 14-23-58    1719210238.7496767 
        statstones.json             1.7 MiB     2024-Jun-27 01:25    1719422700.0     2024-06-24 14-24-01    1719210241.8654957 
      summoner-emotes.json         312.7 KiB    2024-Jun-27 01:25    1719422700.0     2024-06-24 14-24-09    1719210249.583163  
      summoner-icons.json           1.4 MiB     2024-Jun-27 01:25    1719422700.0     2024-06-24 14-24-14    1719210254.6003273 
         tftitems.json             573.5 KiB    2024-Jun-27 01:25    1719422700.0     2024-06-24 14-24-30    1719210270.6998198 
        tftmapskins.json           30.7 KiB     2024-Jun-27 01:25    1719422700.0     2024-06-24 14-24-32    1719210272.135365  
       tftplaybooks.json           55.7 KiB     2024-Jun-27 01:25    1719422700.0     2024-06-24 14-24-36    1719210276.0506635 
     tftregionportals.json         24.8 KiB     2024-Jun-27 01:25    1719422700.0     2024-06-24 14-24-37    1719210277.8761218 
 tftrotationalshopitemdata.json    381.7 KiB    2024-Jun-27 01:25    1719422700.0     2024-06-24 14-24-39    1719210279.781099  
          tftsets.json              1.7 KiB     2024-Jun-27 01:25    1719422700.0     2024-06-24 14-24-42    1719210282.174497  
         tfttraits.json            212.3 KiB    2024-Jun-27 01:25    1719422700.0     2024-06-24 14-24-44    1719210284.126409  
  tfttrovesbannerrewards.json      650.7 KiB    2024-Jun-27 01:25    1719422700.0     2024-06-24 14-24-45    1719210285.6820154 
     tfttrovesbanners.json          6.1 MiB     2024-Jun-27 01:25    1719422700.0     2024-06-24 14-24-48    1719210288.9699154 
   tfttrovestablesnames.json       172.9 KiB    2024-Jun-27 01:25    1719422700.0     2024-06-24 14-24-50    1719210290.3938642 
         universes.json            33.8 KiB     2024-Jun-27 01:25    1719422700.0     2024-06-24 14-24-53    1719210293.2546413 
[2024-06-27 11-21-14][9/18][1/26]正在校对文件（Checking file）： https://raw.communitydragon.org/latest/plugins/rcp-be-lol-game-data/global/zh_cn/v1/challenges.json
[2024-06-27 11-21-16]已更新文件（Updated file）：离线数据（Offline Data）/cdragon/latest/plugins/rcp-be-lol-game-data/global/zh_cn/v1/challenges.json
[2024-06-27 11-21-16][9/18][2/26]正在校对文件（Checking file）： https://raw.communitydragon.org/latest/plugins/rcp-be-lol-game-data/global/zh_cn/v1/companions.json
违反协议导致读取中断！正在尝试第1次重新获取数据！
EOF occurred in violation of protocol! Trying to recapture the data with url: https://raw.communitydragon.org/latest/plugins/rcp-be-lol-game-data/global/zh_cn/v1/companions.json. Time(s) tried: 1
[2024-06-27 11-21-19]已更新文件（Updated file）：离线数据（Offline Data）/cdragon/latest/plugins/rcp-be-lol-game-data/global/zh_cn/v1/companions.json
[2024-06-27 11-21-19][9/18][3/26]正在校对文件（Checking file）： https://raw.communitydragon.org/latest/plugins/rcp-be-lol-game-data/global/zh_cn/v1/event-hub.json
[2024-06-27 11-21-21]已更新文件（Updated file）：离线数据（Offline Data）/cdragon/latest/plugins/rcp-be-lol-game-data/global/zh_cn/v1/event-hub.json
[2024-06-27 11-21-21][9/18][4/26]正在校对文件（Checking file）： https://raw.communitydragon.org/latest/plugins/rcp-be-lol-game-data/global/zh_cn/v1/generic-assets.json
[2024-06-27 11-21-23]已更新文件（Updated file）：离线数据（Offline Data）/cdragon/latest/plugins/rcp-be-lol-game-data/global/zh_cn/v1/generic-assets.json
[2024-06-27 11-21-23][9/18][5/26]正在校对文件（Checking file）： https://raw.communitydragon.org/latest/plugins/rcp-be-lol-game-data/global/zh_cn/v1/items.json
[2024-06-27 11-21-25]已更新文件（Updated file）：离线数据（Offline Data）/cdragon/latest/plugins/rcp-be-lol-game-data/global/zh_cn/v1/items.json
[2024-06-27 11-21-25][9/18][6/26]正在校对文件（Checking file）： https://raw.communitydragon.org/latest/plugins/rcp-be-lol-game-data/global/zh_cn/v1/loot.json
[2024-06-27 11-21-27]已更新文件（Updated file）：离线数据（Offline Data）/cdragon/latest/plugins/rcp-be-lol-game-data/global/zh_cn/v1/loot.json
[2024-06-27 11-21-27][9/18][7/26]正在校对文件（Checking file）： https://raw.communitydragon.org/latest/plugins/rcp-be-lol-game-data/global/zh_cn/v1/mission-assets.json
[2024-06-27 11-21-28]已更新文件（Updated file）：离线数据（Offline Data）/cdragon/latest/plugins/rcp-be-lol-game-data/global/zh_cn/v1/mission-assets.json
[2024-06-27 11-21-28][9/18][8/26]正在校对文件（Checking file）： https://raw.communitydragon.org/latest/plugins/rcp-be-lol-game-data/global/zh_cn/v1/perks.json
[2024-06-27 11-21-32]已更新文件（Updated file）：离线数据（Offline Data）/cdragon/latest/plugins/rcp-be-lol-game-data/global/zh_cn/v1/perks.json
[2024-06-27 11-21-32][9/18][9/26]正在校对文件（Checking file）： https://raw.communitydragon.org/latest/plugins/rcp-be-lol-game-data/global/zh_cn/v1/profile-icons.json
[2024-06-27 11-21-33]已更新文件（Updated file）：离线数据（Offline Data）/cdragon/latest/plugins/rcp-be-lol-game-data/global/zh_cn/v1/profile-icons.json
[2024-06-27 11-21-33][9/18][10/26]正在校对文件（Checking file）： https://raw.communitydragon.org/latest/plugins/rcp-be-lol-game-data/global/zh_cn/v1/queues.json
[2024-06-27 11-21-34]已更新文件（Updated file）：离线数据（Offline Data）/cdragon/latest/plugins/rcp-be-lol-game-data/global/zh_cn/v1/queues.json
[2024-06-27 11-21-34][9/18][11/26]正在校对文件（Checking file）： https://raw.communitydragon.org/latest/plugins/rcp-be-lol-game-data/global/zh_cn/v1/skinlines.json
[2024-06-27 11-21-36]已更新文件（Updated file）：离线数据（Offline Data）/cdragon/latest/plugins/rcp-be-lol-game-data/global/zh_cn/v1/skinlines.json
[2024-06-27 11-21-36][9/18][12/26]正在校对文件（Checking file）： https://raw.communitydragon.org/latest/plugins/rcp-be-lol-game-data/global/zh_cn/v1/skins.json
[2024-06-27 11-21-39]已更新文件（Updated file）：离线数据（Offline Data）/cdragon/latest/plugins/rcp-be-lol-game-data/global/zh_cn/v1/skins.json
[2024-06-27 11-21-39][9/18][13/26]正在校对文件（Checking file）： https://raw.communitydragon.org/latest/plugins/rcp-be-lol-game-data/global/zh_cn/v1/statstones.json
违反协议导致读取中断！正在尝试第1次重新获取数据！
EOF occurred in violation of protocol! Trying to recapture the data with url: https://raw.communitydragon.org/latest/plugins/rcp-be-lol-game-data/global/zh_cn/v1/statstones.json. Time(s) tried: 1
[2024-06-27 11-21-42]已更新文件（Updated file）：离线数据（Offline Data）/cdragon/latest/plugins/rcp-be-lol-game-data/global/zh_cn/v1/statstones.json
[2024-06-27 11-21-42][9/18][14/26]正在校对文件（Checking file）： https://raw.communitydragon.org/latest/plugins/rcp-be-lol-game-data/global/zh_cn/v1/summoner-emotes.json
[2024-06-27 11-21-44]已更新文件（Updated file）：离线数据（Offline Data）/cdragon/latest/plugins/rcp-be-lol-game-data/global/zh_cn/v1/summoner-emotes.json
[2024-06-27 11-21-44][9/18][15/26]正在校对文件（Checking file）： https://raw.communitydragon.org/latest/plugins/rcp-be-lol-game-data/global/zh_cn/v1/summoner-icons.json
[2024-06-27 11-21-46]已更新文件（Updated file）：离线数据（Offline Data）/cdragon/latest/plugins/rcp-be-lol-game-data/global/zh_cn/v1/summoner-icons.json
[2024-06-27 11-21-46][9/18][16/26]正在校对文件（Checking file）： https://raw.communitydragon.org/latest/plugins/rcp-be-lol-game-data/global/zh_cn/v1/tftitems.json
[2024-06-27 11-21-48]已更新文件（Updated file）：离线数据（Offline Data）/cdragon/latest/plugins/rcp-be-lol-game-data/global/zh_cn/v1/tftitems.json
[2024-06-27 11-21-48][9/18][17/26]正在校对文件（Checking file）： https://raw.communitydragon.org/latest/plugins/rcp-be-lol-game-data/global/zh_cn/v1/tftmapskins.json
[2024-06-27 11-21-50]已更新文件（Updated file）：离线数据（Offline Data）/cdragon/latest/plugins/rcp-be-lol-game-data/global/zh_cn/v1/tftmapskins.json
[2024-06-27 11-21-50][9/18][18/26]正在校对文件（Checking file）： https://raw.communitydragon.org/latest/plugins/rcp-be-lol-game-data/global/zh_cn/v1/tftplaybooks.json
[2024-06-27 11-21-51]已更新文件（Updated file）：离线数据（Offline Data）/cdragon/latest/plugins/rcp-be-lol-game-data/global/zh_cn/v1/tftplaybooks.json
[2024-06-27 11-21-51][9/18][19/26]正在校对文件（Checking file）： https://raw.communitydragon.org/latest/plugins/rcp-be-lol-game-data/global/zh_cn/v1/tftregionportals.json
[2024-06-27 11-21-53]已更新文件（Updated file）：离线数据（Offline Data）/cdragon/latest/plugins/rcp-be-lol-game-data/global/zh_cn/v1/tftregionportals.json
[2024-06-27 11-21-53][9/18][20/26]正在校对文件（Checking file）： https://raw.communitydragon.org/latest/plugins/rcp-be-lol-game-data/global/zh_cn/v1/tftrotationalshopitemdata.json
[2024-06-27 11-21-54]已更新文件（Updated file）：离线数据（Offline Data）/cdragon/latest/plugins/rcp-be-lol-game-data/global/zh_cn/v1/tftrotationalshopitemdata.json
[2024-06-27 11-21-54][9/18][21/26]正在校对文件（Checking file）： https://raw.communitydragon.org/latest/plugins/rcp-be-lol-game-data/global/zh_cn/v1/tftsets.json
[2024-06-27 11-21-56]已更新文件（Updated file）：离线数据（Offline Data）/cdragon/latest/plugins/rcp-be-lol-game-data/global/zh_cn/v1/tftsets.json
[2024-06-27 11-21-56][9/18][22/26]正在校对文件（Checking file）： https://raw.communitydragon.org/latest/plugins/rcp-be-lol-game-data/global/zh_cn/v1/tfttraits.json
[2024-06-27 11-21-57]已更新文件（Updated file）：离线数据（Offline Data）/cdragon/latest/plugins/rcp-be-lol-game-data/global/zh_cn/v1/tfttraits.json
[2024-06-27 11-21-57][9/18][23/26]正在校对文件（Checking file）： https://raw.communitydragon.org/latest/plugins/rcp-be-lol-game-data/global/zh_cn/v1/tfttrovesbannerrewards.json
[2024-06-27 11-21-59]已更新文件（Updated file）：离线数据（Offline Data）/cdragon/latest/plugins/rcp-be-lol-game-data/global/zh_cn/v1/tfttrovesbannerrewards.json
[2024-06-27 11-21-59][9/18][24/26]正在校对文件（Checking file）： https://raw.communitydragon.org/latest/plugins/rcp-be-lol-game-data/global/zh_cn/v1/tfttrovesbanners.json
[2024-06-27 11-22-03]已更新文件（Updated file）：离线数据（Offline Data）/cdragon/latest/plugins/rcp-be-lol-game-data/global/zh_cn/v1/tfttrovesbanners.json
[2024-06-27 11-22-03][9/18][25/26]正在校对文件（Checking file）： https://raw.communitydragon.org/latest/plugins/rcp-be-lol-game-data/global/zh_cn/v1/tfttrovestablesnames.json
违反协议导致读取中断！正在尝试第1次重新获取数据！
EOF occurred in violation of protocol! Trying to recapture the data with url: https://raw.communitydragon.org/latest/plugins/rcp-be-lol-game-data/global/zh_cn/v1/tfttrovestablesnames.json. Time(s) tried: 1
[2024-06-27 11-22-05]已更新文件（Updated file）：离线数据（Offline Data）/cdragon/latest/plugins/rcp-be-lol-game-data/global/zh_cn/v1/tfttrovestablesnames.json
[2024-06-27 11-22-05][9/18][26/26]正在校对文件（Checking file）： https://raw.communitydragon.org/latest/plugins/rcp-be-lol-game-data/global/zh_cn/v1/universes.json
[2024-06-27 11-22-07]已更新文件（Updated file）：离线数据（Offline Data）/cdragon/latest/plugins/rcp-be-lol-game-data/global/zh_cn/v1/universes.json
[2024-06-27 11-22-07][10/18]正在检查文件夹（Checking the folder）：https://raw.communitydragon.org/pbe/
[2024-06-27 11-22-08]页面新文件列表如下：
New file list is as follows:
网页链接（URL)： https://raw.communitydragon.org/pbe/
             file                size        web_date         web_timestamp        local_date          local_timestamp   
 compat-version-metadata.json    59 B    2024-Jun-26 21:27    1719408420.0     2024-06-26 10-35-44    1719369344.084033  
    content-metadata.json        61 B    2024-Jun-26 21:27    1719408420.0     2024-06-26 10-35-45    1719369345.0550594 
[2024-06-27 11-22-08][10/18][1/2]正在校对文件（Checking file）： https://raw.communitydragon.org/pbe/compat-version-metadata.json
[2024-06-27 11-22-09]已更新文件（Updated file）：离线数据（Offline Data）/cdragon/pbe/compat-version-metadata.json
[2024-06-27 11-22-09][10/18][2/2]正在校对文件（Checking file）： https://raw.communitydragon.org/pbe/content-metadata.json
[2024-06-27 11-22-11]已更新文件（Updated file）：离线数据（Offline Data）/cdragon/pbe/content-metadata.json
[2024-06-27 11-22-11][11/18]正在检查文件夹（Checking the folder）：https://raw.communitydragon.org/pbe/cdragon/arena/
[2024-06-27 11-22-12]页面新文件列表如下：
New file list is as follows:
网页链接（URL)： https://raw.communitydragon.org/pbe/cdragon/arena/
    file         size           web_date         web_timestamp        local_date          local_timestamp   
 en_us.json    160.0 KiB    2024-Jun-26 21:29    1719408540.0     2024-06-26 10-35-47    1719369347.824299  
 zh_cn.json    162.2 KiB    2024-Jun-26 21:29    1719408540.0     2024-06-26 10-35-49    1719369349.1381094 
[2024-06-27 11-22-12][11/18][1/2]正在校对文件（Checking file）： https://raw.communitydragon.org/pbe/cdragon/arena/en_us.json
[2024-06-27 11-22-13]已更新文件（Updated file）：离线数据（Offline Data）/cdragon/pbe/cdragon/arena/en_us.json
[2024-06-27 11-22-13][11/18][2/2]正在校对文件（Checking file）： https://raw.communitydragon.org/pbe/cdragon/arena/zh_cn.json
[2024-06-27 11-22-15]已更新文件（Updated file）：离线数据（Offline Data）/cdragon/pbe/cdragon/arena/zh_cn.json
[2024-06-27 11-22-15][12/18]正在检查文件夹（Checking the folder）：https://raw.communitydragon.org/pbe/cdragon/tft/
[2024-06-27 11-22-16]页面新文件列表如下：
New file list is as follows:
网页链接（URL)： https://raw.communitydragon.org/pbe/cdragon/tft/
    file        size          web_date         web_timestamp        local_date          local_timestamp   
 en_us.json    6.6 MiB    2024-Jun-26 21:28    1719408480.0     2024-06-26 10-35-53    1719369353.1672802 
 zh_cn.json    6.7 MiB    2024-Jun-26 21:28    1719408480.0     2024-06-26 10-35-56    1719369356.5817327 
[2024-06-27 11-22-16][12/18][1/2]正在校对文件（Checking file）： https://raw.communitydragon.org/pbe/cdragon/tft/en_us.json
违反协议导致读取中断！正在尝试第1次重新获取数据！
EOF occurred in violation of protocol! Trying to recapture the data with url: https://raw.communitydragon.org/pbe/cdragon/tft/en_us.json. Time(s) tried: 1
[2024-06-27 11-22-20]已更新文件（Updated file）：离线数据（Offline Data）/cdragon/pbe/cdragon/tft/en_us.json
[2024-06-27 11-22-20][12/18][2/2]正在校对文件（Checking file）： https://raw.communitydragon.org/pbe/cdragon/tft/zh_cn.json
[2024-06-27 11-22-24]已更新文件（Updated file）：离线数据（Offline Data）/cdragon/pbe/cdragon/tft/zh_cn.json
[2024-06-27 11-22-24][13/18]正在检查文件夹（Checking the folder）：https://raw.communitydragon.org/pbe/plugins/rcp-be-lol-game-data/global/default/v1/champions/
违反协议导致读取中断！正在尝试第1次重新获取数据！
EOF occurred in violation of protocol! Trying to recapture the data with url: https://raw.communitydragon.org/pbe/plugins/rcp-be-lol-game-data/global/default/v1/champions/. Time(s) tried: 1
[2024-06-27 11-22-25]页面新文件列表如下：
New file list is as follows:
网页链接（URL)： https://raw.communitydragon.org/pbe/plugins/rcp-be-lol-game-data/global/default/v1/champions/
   file         size          web_date         web_timestamp        local_date          local_timestamp   
  21.json     42.9 KiB    2024-Jun-26 21:28    1719408480.0     2024-06-26 10-36-05    1719369365.8616881 
 3151.json    7.6 KiB     2024-Jun-26 21:28    1719408480.0     2024-06-26 10-36-08    1719369368.9734786 
 3152.json    7.6 KiB     2024-Jun-26 21:28    1719408480.0     2024-06-26 10-36-10    1719369370.2608652 
 3153.json    7.8 KiB     2024-Jun-26 21:28    1719408480.0     2024-06-26 10-36-11    1719369371.570883  
 3156.json    8.0 KiB     2024-Jun-26 21:28    1719408480.0     2024-06-26 10-36-12    1719369372.7865505 
 3157.json    7.6 KiB     2024-Jun-26 21:28    1719408480.0     2024-06-26 10-36-13    1719369373.7774422 
 350.json     31.7 KiB    2024-Jun-26 21:28    1719408480.0     2024-06-26 10-36-18    1719369378.0546174 
 3678.json    7.9 KiB     2024-Jun-26 21:28    1719408480.0     2024-06-26 10-36-19    1719369379.705778  
[2024-06-27 11-22-26][13/18][1/8]正在校对文件（Checking file）： https://raw.communitydragon.org/pbe/plugins/rcp-be-lol-game-data/global/default/v1/champions/21.json
[2024-06-27 11-22-27]已更新文件（Updated file）：离线数据（Offline Data）/cdragon/pbe/plugins/rcp-be-lol-game-data/global/default/v1/champions/21.json
[2024-06-27 11-22-27][13/18][2/8]正在校对文件（Checking file）： https://raw.communitydragon.org/pbe/plugins/rcp-be-lol-game-data/global/default/v1/champions/3151.json
[2024-06-27 11-22-28]已更新文件（Updated file）：离线数据（Offline Data）/cdragon/pbe/plugins/rcp-be-lol-game-data/global/default/v1/champions/3151.json
[2024-06-27 11-22-28][13/18][3/8]正在校对文件（Checking file）： https://raw.communitydragon.org/pbe/plugins/rcp-be-lol-game-data/global/default/v1/champions/3152.json
[2024-06-27 11-22-29]已更新文件（Updated file）：离线数据（Offline Data）/cdragon/pbe/plugins/rcp-be-lol-game-data/global/default/v1/champions/3152.json
[2024-06-27 11-22-29][13/18][4/8]正在校对文件（Checking file）： https://raw.communitydragon.org/pbe/plugins/rcp-be-lol-game-data/global/default/v1/champions/3153.json
[2024-06-27 11-22-30]已更新文件（Updated file）：离线数据（Offline Data）/cdragon/pbe/plugins/rcp-be-lol-game-data/global/default/v1/champions/3153.json
[2024-06-27 11-22-30][13/18][5/8]正在校对文件（Checking file）： https://raw.communitydragon.org/pbe/plugins/rcp-be-lol-game-data/global/default/v1/champions/3156.json
[2024-06-27 11-22-31]已更新文件（Updated file）：离线数据（Offline Data）/cdragon/pbe/plugins/rcp-be-lol-game-data/global/default/v1/champions/3156.json
[2024-06-27 11-22-31][13/18][6/8]正在校对文件（Checking file）： https://raw.communitydragon.org/pbe/plugins/rcp-be-lol-game-data/global/default/v1/champions/3157.json
违反协议导致读取中断！正在尝试第1次重新获取数据！
EOF occurred in violation of protocol! Trying to recapture the data with url: https://raw.communitydragon.org/pbe/plugins/rcp-be-lol-game-data/global/default/v1/champions/3157.json. Time(s) tried: 1
[2024-06-27 11-22-33]已更新文件（Updated file）：离线数据（Offline Data）/cdragon/pbe/plugins/rcp-be-lol-game-data/global/default/v1/champions/3157.json
[2024-06-27 11-22-33][13/18][7/8]正在校对文件（Checking file）： https://raw.communitydragon.org/pbe/plugins/rcp-be-lol-game-data/global/default/v1/champions/350.json
[2024-06-27 11-22-34]已更新文件（Updated file）：离线数据（Offline Data）/cdragon/pbe/plugins/rcp-be-lol-game-data/global/default/v1/champions/350.json
[2024-06-27 11-22-34][13/18][8/8]正在校对文件（Checking file）： https://raw.communitydragon.org/pbe/plugins/rcp-be-lol-game-data/global/default/v1/champions/3678.json
[2024-06-27 11-22-36]已更新文件（Updated file）：离线数据（Offline Data）/cdragon/pbe/plugins/rcp-be-lol-game-data/global/default/v1/champions/3678.json
[2024-06-27 11-22-36][14/18]正在检查文件夹（Checking the folder）：https://raw.communitydragon.org/pbe/plugins/rcp-be-lol-game-data/global/default/v1/map-assets/
[2024-06-27 11-22-38]页面新文件列表如下：
New file list is as follows:
网页链接（URL)： https://raw.communitydragon.org/pbe/plugins/rcp-be-lol-game-data/global/default/v1/map-assets/
      file            size           web_date         web_timestamp        local_date          local_timestamp   
 map-assets.json    111.4 KiB    2024-Jun-26 21:28    1719408480.0     2024-06-26 10-36-29    1719369389.8844583 
[2024-06-27 11-22-38][14/18][1/1]正在校对文件（Checking file）： https://raw.communitydragon.org/pbe/plugins/rcp-be-lol-game-data/global/default/v1/map-assets/map-assets.json
[2024-06-27 11-22-39]已更新文件（Updated file）：离线数据（Offline Data）/cdragon/pbe/plugins/rcp-be-lol-game-data/global/default/v1/map-assets/map-assets.json
[2024-06-27 11-22-39][15/18]正在检查文件夹（Checking the folder）：https://raw.communitydragon.org/pbe/plugins/rcp-be-lol-game-data/global/default/v1/
[2024-06-27 11-22-41]页面新文件列表如下：
New file list is as follows:
网页链接（URL)： https://raw.communitydragon.org/pbe/plugins/rcp-be-lol-game-data/global/default/v1/
                file                     size           web_date         web_timestamp        local_date          local_timestamp   
          challenges.json              592.4 KiB    2024-Jun-26 21:28    1719408480.0     2024-06-24 14-27-49    1719210469.136149  
 champion-rune-recommendations.json    335.5 KiB    2024-Jun-26 21:28    1719408480.0     2024-06-26 10-36-32    1719369392.0060377 
        cherry-augments.json           43.3 KiB     2024-Jun-26 21:28    1719408480.0     2024-06-26 10-36-34    1719369394.7306821 
           event-hub.json              45.1 KiB     2024-Jun-26 21:28    1719408480.0     2024-06-24 14-27-57    1719210477.5307064 
             loot.json                  2.7 MiB     2024-Jun-26 21:28    1719408480.0     2024-06-26 10-36-39    1719369399.2687364 
        lootmilestones.json            92.4 KiB     2024-Jun-26 21:28    1719408480.0     2024-06-24 14-28-05    1719210485.383385  
        mission-assets.json            20.7 KiB     2024-Jun-26 21:28    1719408480.0     2024-06-24 14-28-08    1719210488.3020558 
            rewards.json               519.3 KiB    2024-Jun-26 21:28    1719408480.0     2024-06-26 10-36-43    1719369403.8443074 
             skins.json                 3.1 MiB     2024-Jun-26 21:28    1719408480.0     2024-06-26 10-36-47    1719369407.3791738 
          statstones.json               1.7 MiB     2024-Jun-26 21:28    1719408480.0     2024-06-26 10-36-49    1719369409.7177658 
        strawberry-hub.json            185.9 KiB    2024-Jun-26 21:28    1719408480.0     2024-06-26 10-36-51    1719369411.2322161 
           tfttraits.json              170.4 KiB    2024-Jun-26 21:28    1719408480.0     2024-06-24 14-28-51    1719210531.2070134 
[2024-06-27 11-22-41][15/18][1/12]正在校对文件（Checking file）： https://raw.communitydragon.org/pbe/plugins/rcp-be-lol-game-data/global/default/v1/challenges.json
[2024-06-27 11-22-43]已更新文件（Updated file）：离线数据（Offline Data）/cdragon/pbe/plugins/rcp-be-lol-game-data/global/default/v1/challenges.json
[2024-06-27 11-22-43][15/18][2/12]正在校对文件（Checking file）： https://raw.communitydragon.org/pbe/plugins/rcp-be-lol-game-data/global/default/v1/champion-rune-recommendations.json
[2024-06-27 11-22-45]已更新文件（Updated file）：离线数据（Offline Data）/cdragon/pbe/plugins/rcp-be-lol-game-data/global/default/v1/champion-rune-recommendations.json
[2024-06-27 11-22-45][15/18][3/12]正在校对文件（Checking file）： https://raw.communitydragon.org/pbe/plugins/rcp-be-lol-game-data/global/default/v1/cherry-augments.json
[2024-06-27 11-22-46]已更新文件（Updated file）：离线数据（Offline Data）/cdragon/pbe/plugins/rcp-be-lol-game-data/global/default/v1/cherry-augments.json
[2024-06-27 11-22-46][15/18][4/12]正在校对文件（Checking file）： https://raw.communitydragon.org/pbe/plugins/rcp-be-lol-game-data/global/default/v1/event-hub.json
[2024-06-27 11-22-47]已更新文件（Updated file）：离线数据（Offline Data）/cdragon/pbe/plugins/rcp-be-lol-game-data/global/default/v1/event-hub.json
[2024-06-27 11-22-47][15/18][5/12]正在校对文件（Checking file）： https://raw.communitydragon.org/pbe/plugins/rcp-be-lol-game-data/global/default/v1/loot.json
[2024-06-27 11-22-50]已更新文件（Updated file）：离线数据（Offline Data）/cdragon/pbe/plugins/rcp-be-lol-game-data/global/default/v1/loot.json
[2024-06-27 11-22-50][15/18][6/12]正在校对文件（Checking file）： https://raw.communitydragon.org/pbe/plugins/rcp-be-lol-game-data/global/default/v1/lootmilestones.json
[2024-06-27 11-22-51]已更新文件（Updated file）：离线数据（Offline Data）/cdragon/pbe/plugins/rcp-be-lol-game-data/global/default/v1/lootmilestones.json
[2024-06-27 11-22-51][15/18][7/12]正在校对文件（Checking file）： https://raw.communitydragon.org/pbe/plugins/rcp-be-lol-game-data/global/default/v1/mission-assets.json
[2024-06-27 11-22-52]已更新文件（Updated file）：离线数据（Offline Data）/cdragon/pbe/plugins/rcp-be-lol-game-data/global/default/v1/mission-assets.json
[2024-06-27 11-22-52][15/18][8/12]正在校对文件（Checking file）： https://raw.communitydragon.org/pbe/plugins/rcp-be-lol-game-data/global/default/v1/rewards.json
[2024-06-27 11-22-54]已更新文件（Updated file）：离线数据（Offline Data）/cdragon/pbe/plugins/rcp-be-lol-game-data/global/default/v1/rewards.json
[2024-06-27 11-22-54][15/18][9/12]正在校对文件（Checking file）： https://raw.communitydragon.org/pbe/plugins/rcp-be-lol-game-data/global/default/v1/skins.json
[2024-06-27 11-22-56]已更新文件（Updated file）：离线数据（Offline Data）/cdragon/pbe/plugins/rcp-be-lol-game-data/global/default/v1/skins.json
[2024-06-27 11-22-56][15/18][10/12]正在校对文件（Checking file）： https://raw.communitydragon.org/pbe/plugins/rcp-be-lol-game-data/global/default/v1/statstones.json
[2024-06-27 11-22-59]已更新文件（Updated file）：离线数据（Offline Data）/cdragon/pbe/plugins/rcp-be-lol-game-data/global/default/v1/statstones.json
[2024-06-27 11-22-59][15/18][11/12]正在校对文件（Checking file）： https://raw.communitydragon.org/pbe/plugins/rcp-be-lol-game-data/global/default/v1/strawberry-hub.json
[2024-06-27 11-23-01]已更新文件（Updated file）：离线数据（Offline Data）/cdragon/pbe/plugins/rcp-be-lol-game-data/global/default/v1/strawberry-hub.json
[2024-06-27 11-23-01][15/18][12/12]正在校对文件（Checking file）： https://raw.communitydragon.org/pbe/plugins/rcp-be-lol-game-data/global/default/v1/tfttraits.json
[2024-06-27 11-23-02]已更新文件（Updated file）：离线数据（Offline Data）/cdragon/pbe/plugins/rcp-be-lol-game-data/global/default/v1/tfttraits.json
[2024-06-27 11-23-02][16/18]正在检查文件夹（Checking the folder）：https://raw.communitydragon.org/pbe/plugins/rcp-be-lol-game-data/global/zh_cn/v1/champions/
[2024-06-27 11-23-03]页面新文件列表如下：
New file list is as follows:
网页链接（URL)： https://raw.communitydragon.org/pbe/plugins/rcp-be-lol-game-data/global/zh_cn/v1/champions/
   file         size          web_date         web_timestamp        local_date          local_timestamp   
  21.json     45.6 KiB    2024-Jun-26 21:28    1719408480.0     2024-06-26 10-37-11    1719369431.0006177 
 3147.json    7.8 KiB     2024-Jun-26 21:28    1719408480.0     2024-06-26 10-37-12    1719369432.1247272 
 3151.json    7.5 KiB     2024-Jun-26 21:28    1719408480.0     2024-06-26 10-37-12    1719369432.864229  
 3152.json    7.4 KiB     2024-Jun-26 21:28    1719408480.0     2024-06-26 10-37-13    1719369433.7206738 
 3153.json    7.8 KiB     2024-Jun-26 21:28    1719408480.0     2024-06-26 10-37-14    1719369434.4982827 
 3156.json    8.0 KiB     2024-Jun-26 21:28    1719408480.0     2024-06-26 10-37-15    1719369435.3969932 
 3157.json    7.5 KiB     2024-Jun-26 21:28    1719408480.0     2024-06-26 10-37-16    1719369436.4404948 
 3159.json    7.5 KiB     2024-Jun-26 21:28    1719408480.0     2024-06-26 10-37-17    1719369437.4387388 
 350.json     32.4 KiB    2024-Jun-26 21:28    1719408480.0     2024-06-26 10-37-19    1719369439.4226744 
 3678.json    7.8 KiB     2024-Jun-26 21:28    1719408480.0     2024-06-26 10-37-20    1719369440.4724376 
 3947.json    8.2 KiB     2024-Jun-26 21:28    1719408480.0     2024-06-26 10-37-21     1719369441.48875  
[2024-06-27 11-23-03][16/18][1/11]正在校对文件（Checking file）： https://raw.communitydragon.org/pbe/plugins/rcp-be-lol-game-data/global/zh_cn/v1/champions/21.json
[2024-06-27 11-23-04]已更新文件（Updated file）：离线数据（Offline Data）/cdragon/pbe/plugins/rcp-be-lol-game-data/global/zh_cn/v1/champions/21.json
[2024-06-27 11-23-04][16/18][2/11]正在校对文件（Checking file）： https://raw.communitydragon.org/pbe/plugins/rcp-be-lol-game-data/global/zh_cn/v1/champions/3147.json
[2024-06-27 11-23-06]已更新文件（Updated file）：离线数据（Offline Data）/cdragon/pbe/plugins/rcp-be-lol-game-data/global/zh_cn/v1/champions/3147.json
[2024-06-27 11-23-06][16/18][3/11]正在校对文件（Checking file）： https://raw.communitydragon.org/pbe/plugins/rcp-be-lol-game-data/global/zh_cn/v1/champions/3151.json
[2024-06-27 11-23-07]已更新文件（Updated file）：离线数据（Offline Data）/cdragon/pbe/plugins/rcp-be-lol-game-data/global/zh_cn/v1/champions/3151.json
[2024-06-27 11-23-07][16/18][4/11]正在校对文件（Checking file）： https://raw.communitydragon.org/pbe/plugins/rcp-be-lol-game-data/global/zh_cn/v1/champions/3152.json
[2024-06-27 11-23-08]已更新文件（Updated file）：离线数据（Offline Data）/cdragon/pbe/plugins/rcp-be-lol-game-data/global/zh_cn/v1/champions/3152.json
[2024-06-27 11-23-08][16/18][5/11]正在校对文件（Checking file）： https://raw.communitydragon.org/pbe/plugins/rcp-be-lol-game-data/global/zh_cn/v1/champions/3153.json
[2024-06-27 11-23-09]已更新文件（Updated file）：离线数据（Offline Data）/cdragon/pbe/plugins/rcp-be-lol-game-data/global/zh_cn/v1/champions/3153.json
[2024-06-27 11-23-09][16/18][6/11]正在校对文件（Checking file）： https://raw.communitydragon.org/pbe/plugins/rcp-be-lol-game-data/global/zh_cn/v1/champions/3156.json
[2024-06-27 11-23-10]已更新文件（Updated file）：离线数据（Offline Data）/cdragon/pbe/plugins/rcp-be-lol-game-data/global/zh_cn/v1/champions/3156.json
[2024-06-27 11-23-10][16/18][7/11]正在校对文件（Checking file）： https://raw.communitydragon.org/pbe/plugins/rcp-be-lol-game-data/global/zh_cn/v1/champions/3157.json
[2024-06-27 11-23-12]已更新文件（Updated file）：离线数据（Offline Data）/cdragon/pbe/plugins/rcp-be-lol-game-data/global/zh_cn/v1/champions/3157.json
[2024-06-27 11-23-12][16/18][8/11]正在校对文件（Checking file）： https://raw.communitydragon.org/pbe/plugins/rcp-be-lol-game-data/global/zh_cn/v1/champions/3159.json
[2024-06-27 11-23-13]已更新文件（Updated file）：离线数据（Offline Data）/cdragon/pbe/plugins/rcp-be-lol-game-data/global/zh_cn/v1/champions/3159.json
[2024-06-27 11-23-13][16/18][9/11]正在校对文件（Checking file）： https://raw.communitydragon.org/pbe/plugins/rcp-be-lol-game-data/global/zh_cn/v1/champions/350.json
[2024-06-27 11-23-15]已更新文件（Updated file）：离线数据（Offline Data）/cdragon/pbe/plugins/rcp-be-lol-game-data/global/zh_cn/v1/champions/350.json
[2024-06-27 11-23-15][16/18][10/11]正在校对文件（Checking file）： https://raw.communitydragon.org/pbe/plugins/rcp-be-lol-game-data/global/zh_cn/v1/champions/3678.json
[2024-06-27 11-23-16]已更新文件（Updated file）：离线数据（Offline Data）/cdragon/pbe/plugins/rcp-be-lol-game-data/global/zh_cn/v1/champions/3678.json
[2024-06-27 11-23-16][16/18][11/11]正在校对文件（Checking file）： https://raw.communitydragon.org/pbe/plugins/rcp-be-lol-game-data/global/zh_cn/v1/champions/3947.json
[2024-06-27 11-23-17]已更新文件（Updated file）：离线数据（Offline Data）/cdragon/pbe/plugins/rcp-be-lol-game-data/global/zh_cn/v1/champions/3947.json
[2024-06-27 11-23-17][17/18]正在检查文件夹（Checking the folder）：https://raw.communitydragon.org/pbe/plugins/rcp-be-lol-game-data/global/zh_cn/v1/map-assets/
[2024-06-27 11-23-18]页面新文件列表如下：
New file list is as follows:
网页链接（URL)： https://raw.communitydragon.org/pbe/plugins/rcp-be-lol-game-data/global/zh_cn/v1/map-assets/
      file            size           web_date         web_timestamp        local_date          local_timestamp   
 map-assets.json    112.1 KiB    2024-Jun-26 21:28    1719408480.0     2024-06-26 10-37-27    1719369447.8425238 
[2024-06-27 11-23-18][17/18][1/1]正在校对文件（Checking file）： https://raw.communitydragon.org/pbe/plugins/rcp-be-lol-game-data/global/zh_cn/v1/map-assets/map-assets.json
[2024-06-27 11-23-20]已更新文件（Updated file）：离线数据（Offline Data）/cdragon/pbe/plugins/rcp-be-lol-game-data/global/zh_cn/v1/map-assets/map-assets.json
[2024-06-27 11-23-20][18/18]正在检查文件夹（Checking the folder）：https://raw.communitydragon.org/pbe/plugins/rcp-be-lol-game-data/global/zh_cn/v1/
[2024-06-27 11-23-21]页面新文件列表如下：
New file list is as follows:
网页链接（URL)： https://raw.communitydragon.org/pbe/plugins/rcp-be-lol-game-data/global/zh_cn/v1/
         file               size           web_date         web_timestamp        local_date          local_timestamp   
    challenges.json       599.2 KiB    2024-Jun-26 21:28    1719408480.0     2024-06-26 10-37-30    1719369450.4660277 
 champion-summary.json    25.4 KiB     2024-Jun-26 21:28    1719408480.0     2024-06-26 10-37-31    1719369451.5106206 
 cherry-augments.json     43.0 KiB     2024-Jun-26 21:28    1719408480.0     2024-06-26 10-37-32    1719369452.4974954 
    event-hub.json        45.4 KiB     2024-Jun-26 21:28    1719408480.0     2024-06-24 14-32-25    1719210745.7781265 
      items.json          414.4 KiB    2024-Jun-26 21:28    1719408480.0     2024-06-26 10-37-34    1719369454.9425774 
       loot.json           2.8 MiB     2024-Jun-26 21:28    1719408480.0     2024-06-24 14-32-32    1719210752.7066174 
  lootmilestones.json     92.6 KiB     2024-Jun-26 21:28    1719408480.0     2024-06-24 14-32-33    1719210753.576555  
       maps.json           1.4 KiB     2024-Jun-26 21:28    1719408480.0     2024-06-26 10-37-35    1719369455.6862442 
  mission-assets.json     20.7 KiB     2024-Jun-26 21:28    1719408480.0     2024-06-24 14-32-35    1719210755.319039  
      queues.json         52.1 KiB     2024-Jun-26 21:28    1719408480.0     2024-06-26 10-37-37    1719369457.7159426 
      skins.json           3.3 MiB     2024-Jun-26 21:28    1719408480.0     2024-06-26 10-37-41    1719369461.6605108 
    statstones.json        1.7 MiB     2024-Jun-26 21:28    1719408480.0     2024-06-26 10-37-43    1719369463.569134  
  strawberry-hub.json     190.0 KiB    2024-Jun-26 21:28    1719408480.0     2024-06-26 10-37-44    1719369464.747083  
    tfttraits.json        173.4 KiB    2024-Jun-26 21:28    1719408480.0     2024-06-24 14-33-10    1719210790.5585423 
[2024-06-27 11-23-21][18/18][1/14]正在校对文件（Checking file）： https://raw.communitydragon.org/pbe/plugins/rcp-be-lol-game-data/global/zh_cn/v1/challenges.json
[2024-06-27 11-23-22]已更新文件（Updated file）：离线数据（Offline Data）/cdragon/pbe/plugins/rcp-be-lol-game-data/global/zh_cn/v1/challenges.json
[2024-06-27 11-23-22][18/18][2/14]正在校对文件（Checking file）： https://raw.communitydragon.org/pbe/plugins/rcp-be-lol-game-data/global/zh_cn/v1/champion-summary.json
[2024-06-27 11-23-23]已更新文件（Updated file）：离线数据（Offline Data）/cdragon/pbe/plugins/rcp-be-lol-game-data/global/zh_cn/v1/champion-summary.json
[2024-06-27 11-23-23][18/18][3/14]正在校对文件（Checking file）： https://raw.communitydragon.org/pbe/plugins/rcp-be-lol-game-data/global/zh_cn/v1/cherry-augments.json
[2024-06-27 11-23-24]已更新文件（Updated file）：离线数据（Offline Data）/cdragon/pbe/plugins/rcp-be-lol-game-data/global/zh_cn/v1/cherry-augments.json
[2024-06-27 11-23-24][18/18][4/14]正在校对文件（Checking file）： https://raw.communitydragon.org/pbe/plugins/rcp-be-lol-game-data/global/zh_cn/v1/event-hub.json
[2024-06-27 11-23-26]已更新文件（Updated file）：离线数据（Offline Data）/cdragon/pbe/plugins/rcp-be-lol-game-data/global/zh_cn/v1/event-hub.json
[2024-06-27 11-23-26][18/18][5/14]正在校对文件（Checking file）： https://raw.communitydragon.org/pbe/plugins/rcp-be-lol-game-data/global/zh_cn/v1/items.json
[2024-06-27 11-23-28]已更新文件（Updated file）：离线数据（Offline Data）/cdragon/pbe/plugins/rcp-be-lol-game-data/global/zh_cn/v1/items.json
[2024-06-27 11-23-28][18/18][6/14]正在校对文件（Checking file）： https://raw.communitydragon.org/pbe/plugins/rcp-be-lol-game-data/global/zh_cn/v1/loot.json
[2024-06-27 11-23-30]已更新文件（Updated file）：离线数据（Offline Data）/cdragon/pbe/plugins/rcp-be-lol-game-data/global/zh_cn/v1/loot.json
[2024-06-27 11-23-30][18/18][7/14]正在校对文件（Checking file）： https://raw.communitydragon.org/pbe/plugins/rcp-be-lol-game-data/global/zh_cn/v1/lootmilestones.json
[2024-06-27 11-23-31]已更新文件（Updated file）：离线数据（Offline Data）/cdragon/pbe/plugins/rcp-be-lol-game-data/global/zh_cn/v1/lootmilestones.json
[2024-06-27 11-23-31][18/18][8/14]正在校对文件（Checking file）： https://raw.communitydragon.org/pbe/plugins/rcp-be-lol-game-data/global/zh_cn/v1/maps.json
[2024-06-27 11-23-32]已更新文件（Updated file）：离线数据（Offline Data）/cdragon/pbe/plugins/rcp-be-lol-game-data/global/zh_cn/v1/maps.json
[2024-06-27 11-23-32][18/18][9/14]正在校对文件（Checking file）： https://raw.communitydragon.org/pbe/plugins/rcp-be-lol-game-data/global/zh_cn/v1/mission-assets.json
[2024-06-27 11-23-33]已更新文件（Updated file）：离线数据（Offline Data）/cdragon/pbe/plugins/rcp-be-lol-game-data/global/zh_cn/v1/mission-assets.json
[2024-06-27 11-23-33][18/18][10/14]正在校对文件（Checking file）： https://raw.communitydragon.org/pbe/plugins/rcp-be-lol-game-data/global/zh_cn/v1/queues.json
[2024-06-27 11-23-35]已更新文件（Updated file）：离线数据（Offline Data）/cdragon/pbe/plugins/rcp-be-lol-game-data/global/zh_cn/v1/queues.json
[2024-06-27 11-23-35][18/18][11/14]正在校对文件（Checking file）： https://raw.communitydragon.org/pbe/plugins/rcp-be-lol-game-data/global/zh_cn/v1/skins.json
[2024-06-27 11-23-38]已更新文件（Updated file）：离线数据（Offline Data）/cdragon/pbe/plugins/rcp-be-lol-game-data/global/zh_cn/v1/skins.json
[2024-06-27 11-23-38][18/18][12/14]正在校对文件（Checking file）： https://raw.communitydragon.org/pbe/plugins/rcp-be-lol-game-data/global/zh_cn/v1/statstones.json
[2024-06-27 11-23-41]已更新文件（Updated file）：离线数据（Offline Data）/cdragon/pbe/plugins/rcp-be-lol-game-data/global/zh_cn/v1/statstones.json
[2024-06-27 11-23-41][18/18][13/14]正在校对文件（Checking file）： https://raw.communitydragon.org/pbe/plugins/rcp-be-lol-game-data/global/zh_cn/v1/strawberry-hub.json
[2024-06-27 11-23-43]已更新文件（Updated file）：离线数据（Offline Data）/cdragon/pbe/plugins/rcp-be-lol-game-data/global/zh_cn/v1/strawberry-hub.json
[2024-06-27 11-23-43][18/18][14/14]正在校对文件（Checking file）： https://raw.communitydragon.org/pbe/plugins/rcp-be-lol-game-data/global/zh_cn/v1/tfttraits.json
[2024-06-27 11-23-45]已更新文件（Updated file）：离线数据（Offline Data）/cdragon/pbe/plugins/rcp-be-lol-game-data/global/zh_cn/v1/tfttraits.json
已更新以下80个文件：
Updated the following 80 file(s):
https://raw.communitydragon.org/latest/plugins/rcp-be-lol-game-data/global/default/v1/perks.json
https://raw.communitydragon.org/latest/plugins/rcp-be-lol-game-data/global/zh_cn/v1/challenges.json
https://raw.communitydragon.org/latest/plugins/rcp-be-lol-game-data/global/zh_cn/v1/companions.json
https://raw.communitydragon.org/latest/plugins/rcp-be-lol-game-data/global/zh_cn/v1/event-hub.json
https://raw.communitydragon.org/latest/plugins/rcp-be-lol-game-data/global/zh_cn/v1/generic-assets.json
https://raw.communitydragon.org/latest/plugins/rcp-be-lol-game-data/global/zh_cn/v1/items.json
https://raw.communitydragon.org/latest/plugins/rcp-be-lol-game-data/global/zh_cn/v1/loot.json
https://raw.communitydragon.org/latest/plugins/rcp-be-lol-game-data/global/zh_cn/v1/mission-assets.json
https://raw.communitydragon.org/latest/plugins/rcp-be-lol-game-data/global/zh_cn/v1/perks.json
https://raw.communitydragon.org/latest/plugins/rcp-be-lol-game-data/global/zh_cn/v1/profile-icons.json
https://raw.communitydragon.org/latest/plugins/rcp-be-lol-game-data/global/zh_cn/v1/queues.json
https://raw.communitydragon.org/latest/plugins/rcp-be-lol-game-data/global/zh_cn/v1/skinlines.json
https://raw.communitydragon.org/latest/plugins/rcp-be-lol-game-data/global/zh_cn/v1/skins.json
https://raw.communitydragon.org/latest/plugins/rcp-be-lol-game-data/global/zh_cn/v1/statstones.json
https://raw.communitydragon.org/latest/plugins/rcp-be-lol-game-data/global/zh_cn/v1/summoner-emotes.json
https://raw.communitydragon.org/latest/plugins/rcp-be-lol-game-data/global/zh_cn/v1/summoner-icons.json
https://raw.communitydragon.org/latest/plugins/rcp-be-lol-game-data/global/zh_cn/v1/tftitems.json
https://raw.communitydragon.org/latest/plugins/rcp-be-lol-game-data/global/zh_cn/v1/tftmapskins.json
https://raw.communitydragon.org/latest/plugins/rcp-be-lol-game-data/global/zh_cn/v1/tftplaybooks.json
https://raw.communitydragon.org/latest/plugins/rcp-be-lol-game-data/global/zh_cn/v1/tftregionportals.json
https://raw.communitydragon.org/latest/plugins/rcp-be-lol-game-data/global/zh_cn/v1/tftrotationalshopitemdata.json
https://raw.communitydragon.org/latest/plugins/rcp-be-lol-game-data/global/zh_cn/v1/tftsets.json
https://raw.communitydragon.org/latest/plugins/rcp-be-lol-game-data/global/zh_cn/v1/tfttraits.json
https://raw.communitydragon.org/latest/plugins/rcp-be-lol-game-data/global/zh_cn/v1/tfttrovesbannerrewards.json
https://raw.communitydragon.org/latest/plugins/rcp-be-lol-game-data/global/zh_cn/v1/tfttrovesbanners.json
https://raw.communitydragon.org/latest/plugins/rcp-be-lol-game-data/global/zh_cn/v1/tfttrovestablesnames.json
https://raw.communitydragon.org/latest/plugins/rcp-be-lol-game-data/global/zh_cn/v1/universes.json
https://raw.communitydragon.org/pbe/compat-version-metadata.json
https://raw.communitydragon.org/pbe/content-metadata.json
https://raw.communitydragon.org/pbe/cdragon/arena/en_us.json
https://raw.communitydragon.org/pbe/cdragon/arena/zh_cn.json
https://raw.communitydragon.org/pbe/cdragon/tft/en_us.json
https://raw.communitydragon.org/pbe/cdragon/tft/zh_cn.json
https://raw.communitydragon.org/pbe/plugins/rcp-be-lol-game-data/global/default/v1/champions/21.json
https://raw.communitydragon.org/pbe/plugins/rcp-be-lol-game-data/global/default/v1/champions/3151.json
https://raw.communitydragon.org/pbe/plugins/rcp-be-lol-game-data/global/default/v1/champions/3152.json
https://raw.communitydragon.org/pbe/plugins/rcp-be-lol-game-data/global/default/v1/champions/3153.json
https://raw.communitydragon.org/pbe/plugins/rcp-be-lol-game-data/global/default/v1/champions/3156.json
https://raw.communitydragon.org/pbe/plugins/rcp-be-lol-game-data/global/default/v1/champions/3157.json
https://raw.communitydragon.org/pbe/plugins/rcp-be-lol-game-data/global/default/v1/champions/350.json
https://raw.communitydragon.org/pbe/plugins/rcp-be-lol-game-data/global/default/v1/champions/3678.json
https://raw.communitydragon.org/pbe/plugins/rcp-be-lol-game-data/global/default/v1/map-assets/map-assets.json
https://raw.communitydragon.org/pbe/plugins/rcp-be-lol-game-data/global/default/v1/challenges.json
https://raw.communitydragon.org/pbe/plugins/rcp-be-lol-game-data/global/default/v1/champion-rune-recommendations.json
https://raw.communitydragon.org/pbe/plugins/rcp-be-lol-game-data/global/default/v1/cherry-augments.json
https://raw.communitydragon.org/pbe/plugins/rcp-be-lol-game-data/global/default/v1/event-hub.json
https://raw.communitydragon.org/pbe/plugins/rcp-be-lol-game-data/global/default/v1/loot.json
https://raw.communitydragon.org/pbe/plugins/rcp-be-lol-game-data/global/default/v1/lootmilestones.json
https://raw.communitydragon.org/pbe/plugins/rcp-be-lol-game-data/global/default/v1/mission-assets.json
https://raw.communitydragon.org/pbe/plugins/rcp-be-lol-game-data/global/default/v1/rewards.json
https://raw.communitydragon.org/pbe/plugins/rcp-be-lol-game-data/global/default/v1/skins.json
https://raw.communitydragon.org/pbe/plugins/rcp-be-lol-game-data/global/default/v1/statstones.json
https://raw.communitydragon.org/pbe/plugins/rcp-be-lol-game-data/global/default/v1/strawberry-hub.json
https://raw.communitydragon.org/pbe/plugins/rcp-be-lol-game-data/global/default/v1/tfttraits.json
https://raw.communitydragon.org/pbe/plugins/rcp-be-lol-game-data/global/zh_cn/v1/champions/21.json
https://raw.communitydragon.org/pbe/plugins/rcp-be-lol-game-data/global/zh_cn/v1/champions/3147.json
https://raw.communitydragon.org/pbe/plugins/rcp-be-lol-game-data/global/zh_cn/v1/champions/3151.json
https://raw.communitydragon.org/pbe/plugins/rcp-be-lol-game-data/global/zh_cn/v1/champions/3152.json
https://raw.communitydragon.org/pbe/plugins/rcp-be-lol-game-data/global/zh_cn/v1/champions/3153.json
https://raw.communitydragon.org/pbe/plugins/rcp-be-lol-game-data/global/zh_cn/v1/champions/3156.json
https://raw.communitydragon.org/pbe/plugins/rcp-be-lol-game-data/global/zh_cn/v1/champions/3157.json
https://raw.communitydragon.org/pbe/plugins/rcp-be-lol-game-data/global/zh_cn/v1/champions/3159.json
https://raw.communitydragon.org/pbe/plugins/rcp-be-lol-game-data/global/zh_cn/v1/champions/350.json
https://raw.communitydragon.org/pbe/plugins/rcp-be-lol-game-data/global/zh_cn/v1/champions/3678.json
https://raw.communitydragon.org/pbe/plugins/rcp-be-lol-game-data/global/zh_cn/v1/champions/3947.json
https://raw.communitydragon.org/pbe/plugins/rcp-be-lol-game-data/global/zh_cn/v1/map-assets/map-assets.json
https://raw.communitydragon.org/pbe/plugins/rcp-be-lol-game-data/global/zh_cn/v1/challenges.json
https://raw.communitydragon.org/pbe/plugins/rcp-be-lol-game-data/global/zh_cn/v1/champion-summary.json
https://raw.communitydragon.org/pbe/plugins/rcp-be-lol-game-data/global/zh_cn/v1/cherry-augments.json
https://raw.communitydragon.org/pbe/plugins/rcp-be-lol-game-data/global/zh_cn/v1/event-hub.json
https://raw.communitydragon.org/pbe/plugins/rcp-be-lol-game-data/global/zh_cn/v1/items.json
https://raw.communitydragon.org/pbe/plugins/rcp-be-lol-game-data/global/zh_cn/v1/loot.json
https://raw.communitydragon.org/pbe/plugins/rcp-be-lol-game-data/global/zh_cn/v1/lootmilestones.json
https://raw.communitydragon.org/pbe/plugins/rcp-be-lol-game-data/global/zh_cn/v1/maps.json
https://raw.communitydragon.org/pbe/plugins/rcp-be-lol-game-data/global/zh_cn/v1/mission-assets.json
https://raw.communitydragon.org/pbe/plugins/rcp-be-lol-game-data/global/zh_cn/v1/queues.json
https://raw.communitydragon.org/pbe/plugins/rcp-be-lol-game-data/global/zh_cn/v1/skins.json
https://raw.communitydragon.org/pbe/plugins/rcp-be-lol-game-data/global/zh_cn/v1/statstones.json
https://raw.communitydragon.org/pbe/plugins/rcp-be-lol-game-data/global/zh_cn/v1/strawberry-hub.json
https://raw.communitydragon.org/pbe/plugins/rcp-be-lol-game-data/global/zh_cn/v1/tfttraits.json

请选择要更新的数据资源，输入空字符串以退出程序：
Please select the data resource to update, or submit an empty string to exit the program:
1	CommunityDragon
2	DataDragon

[The program has exited!]
