请选择要更新的数据资源，输入空字符串以退出程序：
Please select the data resource to update, or submit an empty string to exit the program:
1	CommunityDragon
2	DataDragon
[2025-12-20 12-42-48]1
请选择要更新的数据资源：
Please select the data resources to update:
☆1	主要文件（默认）【Major files (by default)】
2	自行指定（Specify manually）
[2025-12-20 12-42-48]
请选择更新模式：
Please select the update mode:
1	全局扫描（Global Scan）
☆2	按修改时间更新（默认）【Updating According to Modification Time (by default)】
[2025-12-20 12-42-48]
请选择一种方式指定修改时间：
Please select a method of specifying the modification time:
☆1	自动获取（默认）【Automatically get (by default)】
2	手动输入（Manually input）
[2025-12-20 12-42-48]
[2025-12-20 12-42-48][1/18]正在检查文件夹（Checking the folder）：https://raw.communitydragon.org/latest/
[2025-12-20 12-42-49]页面新文件列表如下：
New file list is as follows: 
             file                  size           web_date          web_timestamp        local_date          local_timestamp  
 compat-version-metadata.json    72 Bytes    2025-12-20 11-45-55    1766202355.0     2025-12-20 10-01-57    1766196117.945379 
    content-metadata.json        74 Bytes    2025-12-20 11-45-55    1766202355.0     2025-12-20 10-01-58    1766196118.551745 
[2025-12-20 12-42-49][1/18][1/2]正在校对文件（Checking file）： https://raw.communitydragon.org/latest/compat-version-metadata.json
[2025-12-20 12-42-50][1/18][2/2]正在校对文件（Checking file）： https://raw.communitydragon.org/latest/content-metadata.json
[2025-12-20 12-42-50][2/18]正在检查文件夹（Checking the folder）：https://raw.communitydragon.org/latest/cdragon/arena/
[2025-12-20 12-42-50]页面新文件列表如下：
New file list is as follows: 
    file         size            web_date          web_timestamp        local_date          local_timestamp   
 en_us.json    235.2 KiB    2025-12-20 12-04-02    1766203442.0     2025-12-20 10-01-59    1766196119.2178752 
 zh_cn.json    238.3 KiB    2025-12-20 12-04-03    1766203443.0     2025-12-20 10-02-00    1766196120.4600081 
[2025-12-20 12-42-50][2/18][1/2]正在校对文件（Checking file）： https://raw.communitydragon.org/latest/cdragon/arena/en_us.json
[2025-12-20 12-42-54][2/18][2/2]正在校对文件（Checking file）： https://raw.communitydragon.org/latest/cdragon/arena/zh_cn.json
[2025-12-20 12-42-56][3/18]正在检查文件夹（Checking the folder）：https://raw.communitydragon.org/latest/cdragon/tft/
[2025-12-20 12-42-56]页面新文件列表如下：
New file list is as follows: 
    file         size           web_date          web_timestamp        local_date          local_timestamp   
 en_us.json    20.6 MiB    2025-12-20 12-03-41    1766203421.0     2025-12-20 10-02-06    1766196126.2260318 
 zh_cn.json    20.6 MiB    2025-12-20 12-03-45    1766203425.0     2025-12-20 10-02-14    1766196134.9339452 
[2025-12-20 12-42-56][3/18][1/2]正在校对文件（Checking file）： https://raw.communitydragon.org/latest/cdragon/tft/en_us.json
[2025-12-20 12-42-57][3/18][2/2]正在校对文件（Checking file）： https://raw.communitydragon.org/latest/cdragon/tft/zh_cn.json
[2025-12-20 12-43-00][4/18]正在检查文件夹（Checking the folder）：https://raw.communitydragon.org/latest/plugins/rcp-be-lol-game-data/global/default/v1/champions/
[2025-12-20 12-43-01]页面新文件列表如下：
New file list is as follows: 
   file        size           web_date          web_timestamp        local_date          local_timestamp   
  1.json     44.6 KiB    2025-12-20 12-01-09    1766203269.0     2025-12-20 10-02-16    1766196136.448371  
 10.json     57.4 KiB    2025-12-20 12-01-45    1766203305.0     2025-12-20 10-02-17    1766196137.8688369 
 101.json    28.5 KiB    2025-12-20 12-01-28    1766203288.0     2025-12-20 10-02-19    1766196139.262604  
 102.json    27.6 KiB    2025-12-20 12-01-20    1766203280.0     2025-12-20 10-02-21    1766196141.084341  
 103.json    71.4 KiB    2025-12-20 12-01-43    1766203303.0     2025-12-20 10-02-28    1766196148.7052362 
 104.json    42.1 KiB    2025-12-20 12-01-10    1766203270.0     2025-12-20 10-02-29    1766196149.3121204 
 105.json    36.0 KiB    2025-12-20 12-01-16    1766203276.0     2025-12-20 10-02-32    1766196152.905651  
 106.json    33.5 KiB    2025-12-20 12-01-43    1766203303.0     2025-12-20 10-02-35    1766196155.6600845 
 107.json    36.4 KiB    2025-12-20 12-01-16    1766203276.0     2025-12-20 10-02-36    1766196156.2760987 
 11.json     84.1 KiB    2025-12-20 12-01-32    1766203292.0     2025-12-20 10-02-36    1766196156.7181861 
 110.json    51.9 KiB    2025-12-20 12-01-17    1766203277.0     2025-12-20 10-02-37    1766196157.6429474 
 111.json    31.9 KiB    2025-12-20 12-01-19    1766203279.0     2025-12-20 10-02-39    1766196159.1325173 
 112.json    31.4 KiB    2025-12-20 12-01-16    1766203276.0     2025-12-20 10-02-39    1766196159.8488276 
 113.json    40.3 KiB    2025-12-20 12-01-16    1766203276.0     2025-12-20 10-02-40    1766196160.2849517 
 114.json    88.6 KiB    2025-12-20 12-01-22    1766203282.0     2025-12-20 10-02-40    1766196160.9858103 
 115.json    34.2 KiB    2025-12-20 12-01-19    1766203279.0     2025-12-20 10-02-43    1766196163.467988  
 117.json    41.8 KiB    2025-12-20 12-01-14    1766203274.0     2025-12-20 10-02-45    1766196165.752707  
 119.json    77.1 KiB    2025-12-20 12-01-41    1766203301.0     2025-12-20 10-02-46    1766196166.7086666 
 12.json     38.0 KiB    2025-12-20 12-01-48    1766203308.0     2025-12-20 10-02-47    1766196167.2365353 
 120.json    39.7 KiB    2025-12-20 12-01-44    1766203304.0     2025-12-20 10-02-47    1766196167.9016397 
 121.json    45.9 KiB    2025-12-20 12-01-21    1766203281.0     2025-12-20 10-02-48    1766196168.8696363 
 122.json    53.3 KiB    2025-12-20 12-01-17    1766203277.0     2025-12-20 10-02-49    1766196169.5361958 
 126.json    34.3 KiB    2025-12-20 12-01-31    1766203291.0     2025-12-20 10-02-50    1766196170.4877965 
 127.json    38.2 KiB    2025-12-20 12-01-16    1766203276.0     2025-12-20 10-02-51    1766196171.181942  
 13.json     35.1 KiB    2025-12-20 12-01-19    1766203279.0     2025-12-20 10-02-51    1766196171.8269646 
 131.json    52.8 KiB    2025-12-20 12-01-35    1766203295.0     2025-12-20 10-02-52    1766196172.2713253 
 133.json    23.9 KiB    2025-12-20 12-01-42    1766203302.0     2025-12-20 10-02-52    1766196172.6503847 
 134.json    50.7 KiB    2025-12-20 12-01-31    1766203291.0     2025-12-20 10-02-53    1766196173.296641  
 136.json    31.9 KiB    2025-12-20 12-01-19    1766203279.0     2025-12-20 10-02-54    1766196174.0360308 
 14.json     38.3 KiB    2025-12-20 12-01-15    1766203275.0     2025-12-20 10-02-54    1766196174.821567  
 141.json    29.3 KiB    2025-12-20 12-01-48    1766203308.0     2025-12-20 10-02-55    1766196175.6601336 
 142.json    35.1 KiB    2025-12-20 12-01-41    1766203301.0     2025-12-20 10-02-56    1766196176.6454067 
 143.json    49.8 KiB    2025-12-20 12-01-45    1766203305.0     2025-12-20 10-02-57    1766196177.393496  
 145.json    58.4 KiB    2025-12-20 12-01-46    1766203306.0     2025-12-20 10-02-58    1766196178.133169  
 147.json    45.4 KiB    2025-12-20 12-01-47    1766203307.0     2025-12-20 10-02-58    1766196178.9371252 
 15.json     51.6 KiB    2025-12-20 12-01-46    1766203306.0     2025-12-20 10-02-59    1766196179.8016706 
 150.json    35.3 KiB    2025-12-20 12-01-32    1766203292.0     2025-12-20 10-03-00    1766196180.828439  
 154.json    27.2 KiB    2025-12-20 12-01-17    1766203277.0     2025-12-20 10-03-01    1766196181.2953558 
 157.json    61.6 KiB    2025-12-20 12-01-39    1766203299.0     2025-12-20 10-03-02    1766196182.3705192 
 16.json     48.2 KiB    2025-12-20 12-01-16    1766203276.0     2025-12-20 10-03-05    1766196185.4574811 
 161.json    25.4 KiB    2025-12-20 12-01-19    1766203279.0     2025-12-20 10-03-06    1766196186.0708954 
 163.json    23.4 KiB    2025-12-20 12-01-15    1766203275.0     2025-12-20 10-03-06    1766196186.5155795 
 164.json    34.5 KiB    2025-12-20 12-01-47    1766203307.0     2025-12-20 10-03-07    1766196187.7454705 
 166.json    20.8 KiB    2025-12-20 12-01-22    1766203282.0     2025-12-20 10-03-08    1766196188.1632497 
 17.json     46.9 KiB    2025-12-20 12-01-29    1766203289.0     2025-12-20 10-03-09    1766196189.2154748 
 18.json     54.0 KiB    2025-12-20 12-01-47    1766203307.0     2025-12-20 10-03-09    1766196189.7139187 
 19.json     42.8 KiB    2025-12-20 12-01-24    1766203284.0     2025-12-20 10-03-10    1766196190.3088982 
  2.json     38.1 KiB    2025-12-20 12-01-23    1766203283.0     2025-12-20 10-03-11    1766196191.087527  
 20.json     40.7 KiB    2025-12-20 12-01-10    1766203270.0     2025-12-20 10-03-11    1766196191.5880554 
 200.json    25.0 KiB    2025-12-20 12-01-14    1766203274.0     2025-12-20 10-03-12    1766196192.2513914 
 201.json    36.9 KiB    2025-12-20 12-01-17    1766203277.0     2025-12-20 10-03-12    1766196192.9339197 
 202.json    42.0 KiB    2025-12-20 12-01-21    1766203281.0     2025-12-20 10-03-13    1766196193.845067  
 203.json    34.3 KiB    2025-12-20 12-01-09    1766203269.0     2025-12-20 10-03-14    1766196194.5469942 
 21.json     57.2 KiB    2025-12-20 12-01-46    1766203306.0     2025-12-20 10-03-15    1766196195.2341082 
 22.json     58.3 KiB    2025-12-20 12-01-18    1766203278.0     2025-12-20 10-03-15    1766196195.938881  
 221.json    34.5 KiB    2025-12-20 12-01-41    1766203301.0     2025-12-20 10-03-16    1766196196.5817766 
 222.json    50.5 KiB    2025-12-20 12-01-16    1766203276.0     2025-12-20 10-03-17    1766196197.2582555 
 223.json    31.5 KiB    2025-12-20 12-01-42    1766203302.0     2025-12-20 10-03-17    1766196197.9449224 
 23.json     41.0 KiB    2025-12-20 12-01-46    1766203306.0     2025-12-20 10-03-18    1766196198.6239939 
 233.json    21.6 KiB    2025-12-20 12-01-37    1766203297.0     2025-12-20 10-03-19    1766196199.2801843 
 234.json    32.9 KiB    2025-12-20 12-01-14    1766203274.0     2025-12-20 10-03-19    1766196199.956218  
 235.json    47.4 KiB    2025-12-20 12-01-12    1766203272.0     2025-12-20 10-03-22    1766196202.3783255 
 236.json    52.0 KiB    2025-12-20 12-01-48    1766203308.0     2025-12-20 10-03-24    1766196204.4725723 
 238.json    52.1 KiB    2025-12-20 12-01-45    1766203305.0     2025-12-20 10-03-25    1766196205.5347497 
 24.json     37.7 KiB    2025-12-20 12-01-31    1766203291.0     2025-12-20 10-03-25    1766196205.9787428 
 240.json    24.2 KiB    2025-12-20 12-01-22    1766203282.0     2025-12-20 10-03-26    1766196206.636338  
 245.json    44.6 KiB    2025-12-20 12-01-16    1766203276.0     2025-12-20 10-03-27    1766196207.112517  
 246.json    38.9 KiB    2025-12-20 12-01-45    1766203305.0     2025-12-20 10-03-27    1766196207.895812  
 25.json     57.3 KiB    2025-12-20 12-01-43    1766203303.0     2025-12-20 10-03-28    1766196208.395736  
 254.json    39.6 KiB    2025-12-20 12-01-32    1766203292.0     2025-12-20 10-03-29    1766196209.089123  
 26.json     28.5 KiB    2025-12-20 12-01-22    1766203282.0     2025-12-20 10-03-29    1766196209.775978  
 266.json    35.6 KiB    2025-12-20 12-01-31    1766203291.0     2025-12-20 10-03-30    1766196210.7376144 
 267.json    47.2 KiB    2025-12-20 12-01-19    1766203279.0     2025-12-20 10-03-31    1766196211.1979854 
 268.json    26.1 KiB    2025-12-20 12-01-25    1766203285.0     2025-12-20 10-03-31    1766196211.592209  
 27.json     28.8 KiB    2025-12-20 12-01-45    1766203305.0     2025-12-20 10-03-32    1766196212.3332186 
 28.json     49.0 KiB    2025-12-20 12-01-09    1766203269.0     2025-12-20 10-03-33    1766196213.208364  
 29.json     43.9 KiB    2025-12-20 12-01-25    1766203285.0     2025-12-20 10-03-33    1766196213.9055204 
  3.json     32.7 KiB    2025-12-20 12-01-24    1766203284.0     2025-12-20 10-03-34    1766196214.3293235 
 30.json     33.3 KiB    2025-12-20 12-01-31    1766203291.0     2025-12-20 10-03-35    1766196215.044844  
 31.json     32.7 KiB    2025-12-20 12-01-39    1766203299.0     2025-12-20 10-03-35    1766196215.7815607 
 32.json     43.5 KiB    2025-12-20 12-01-24    1766203284.0     2025-12-20 10-03-36    1766196216.5428593 
 33.json     30.3 KiB    2025-12-20 12-01-32    1766203292.0     2025-12-20 10-03-37    1766196217.2152407 
 34.json     42.9 KiB    2025-12-20 12-01-15    1766203275.0     2025-12-20 10-03-37    1766196217.6651554 
 35.json     50.3 KiB    2025-12-20 12-01-16    1766203276.0     2025-12-20 10-03-38    1766196218.7191544 
 350.json    47.3 KiB    2025-12-20 12-01-26    1766203286.0     2025-12-20 10-03-41    1766196221.3855352 
 36.json     30.8 KiB    2025-12-20 12-01-48    1766203308.0     2025-12-20 10-03-42    1766196222.4461055 
 360.json    28.4 KiB    2025-12-20 12-01-30    1766203290.0     2025-12-20 10-03-43    1766196223.1302612 
 37.json     77.8 KiB    2025-12-20 12-01-48    1766203308.0     2025-12-20 10-03-43    1766196223.932897  
 38.json     29.3 KiB    2025-12-20 12-01-22    1766203282.0     2025-12-20 10-03-44    1766196224.641764  
 39.json     48.0 KiB    2025-12-20 12-01-19    1766203279.0     2025-12-20 10-03-45    1766196225.147034  
  4.json     67.7 KiB    2025-12-20 12-01-35    1766203295.0     2025-12-20 10-04-04    1766196244.995972  
 40.json     49.4 KiB    2025-12-20 12-01-41    1766203301.0     2025-12-20 10-04-05    1766196245.8103154 
 41.json     35.1 KiB    2025-12-20 12-01-29    1766203289.0     2025-12-20 10-04-06    1766196246.497332  
 412.json    50.6 KiB    2025-12-20 12-01-16    1766203276.0     2025-12-20 10-04-07    1766196247.874021  
 42.json     35.0 KiB    2025-12-20 12-01-25    1766203285.0     2025-12-20 10-04-09    1766196249.0205584 
 420.json    28.9 KiB    2025-12-20 12-01-21    1766203281.0     2025-12-20 10-04-09    1766196249.6775281 
 421.json    27.9 KiB    2025-12-20 12-01-39    1766203299.0     2025-12-20 10-04-10    1766196250.365919  
 427.json    26.4 KiB    2025-12-20 12-01-22    1766203282.0     2025-12-20 10-04-11    1766196251.6177156 
 429.json    28.1 KiB    2025-12-20 12-01-42    1766203302.0     2025-12-20 10-04-12    1766196252.7044907 
 43.json     53.2 KiB    2025-12-20 12-01-48    1766203308.0     2025-12-20 10-04-13    1766196253.6818855 
 432.json    35.0 KiB    2025-12-20 12-01-41    1766203301.0     2025-12-20 10-04-14    1766196254.7221808 
 44.json     28.4 KiB    2025-12-20 12-01-19    1766203279.0     2025-12-20 10-04-17    1766196257.5452766 
 45.json     47.3 KiB    2025-12-20 12-01-17    1766203277.0     2025-12-20 10-04-19    1766196259.0090468 
 48.json     26.8 KiB    2025-12-20 12-01-44    1766203304.0     2025-12-20 10-04-19    1766196259.7161603 
 497.json    42.2 KiB    2025-12-20 12-01-37    1766203297.0     2025-12-20 10-04-20    1766196260.7346451 
 498.json    46.2 KiB    2025-12-20 12-01-40    1766203300.0     2025-12-20 10-04-22    1766196262.1157038 
  5.json     41.2 KiB    2025-12-20 12-01-31    1766203291.0     2025-12-20 10-04-22    1766196262.736611  
 50.json     34.3 KiB    2025-12-20 12-01-44    1766203304.0     2025-12-20 10-04-23     1766196263.55489  
 51.json     46.7 KiB    2025-12-20 12-01-21    1766203281.0     2025-12-20 10-04-24    1766196264.4347434 
 516.json    25.3 KiB    2025-12-20 12-01-44    1766203304.0     2025-12-20 10-04-25    1766196265.4155185 
 517.json    40.2 KiB    2025-12-20 12-01-17    1766203277.0     2025-12-20 10-04-26    1766196266.3795285 
 518.json    37.1 KiB    2025-12-20 12-01-46    1766203306.0     2025-12-20 10-04-27    1766196267.3796046 
 523.json    31.6 KiB    2025-12-20 12-01-43    1766203303.0     2025-12-20 10-04-28    1766196268.674572  
 526.json    26.6 KiB    2025-12-20 12-01-17    1766203277.0     2025-12-20 10-04-29    1766196269.490183  
 53.json     48.1 KiB    2025-12-20 12-01-45    1766203305.0     2025-12-20 10-04-30    1766196270.3306625 
 54.json     43.3 KiB    2025-12-20 12-01-41    1766203301.0     2025-12-20 10-04-31    1766196271.6149118 
 55.json     52.0 KiB    2025-12-20 12-01-19    1766203279.0     2025-12-20 10-04-33    1766196273.406873  
 555.json    54.9 KiB    2025-12-20 12-01-21    1766203281.0     2025-12-20 10-04-35    1766196275.3062885 
 56.json     31.8 KiB    2025-12-20 12-01-47    1766203307.0     2025-12-20 10-04-36    1766196276.170124  
 57.json     30.2 KiB    2025-12-20 12-01-18    1766203278.0     2025-12-20 10-04-36    1766196276.9720695 
 58.json     44.7 KiB    2025-12-20 12-01-47    1766203307.0     2025-12-20 10-04-37    1766196277.7082677 
 59.json     44.3 KiB    2025-12-20 12-01-24    1766203284.0     2025-12-20 10-04-38    1766196278.2137516 
  6.json     30.9 KiB    2025-12-20 12-01-35    1766203295.0     2025-12-20 10-04-38    1766196278.9510736 
 60.json     30.8 KiB    2025-12-20 12-01-35    1766203295.0     2025-12-20 10-04-39    1766196279.7255945 
 61.json     34.1 KiB    2025-12-20 12-01-24    1766203284.0     2025-12-20 10-04-40    1766196280.4881525 
 62.json     31.7 KiB    2025-12-20 12-01-39    1766203299.0     2025-12-20 10-04-41    1766196281.1834867 
 63.json     40.4 KiB    2025-12-20 12-01-48    1766203308.0     2025-12-20 10-04-42    1766196282.6626804 
 64.json     57.6 KiB    2025-12-20 12-01-25    1766203285.0     2025-12-20 10-04-43    1766196283.441396  
 67.json     55.0 KiB    2025-12-20 12-01-25    1766203285.0     2025-12-20 10-04-44    1766196284.241277  
 68.json     27.8 KiB    2025-12-20 12-01-29    1766203289.0     2025-12-20 10-04-45    1766196285.2425444 
 69.json     32.8 KiB    2025-12-20 12-01-47    1766203307.0     2025-12-20 10-04-47    1766196287.3038523 
  7.json     49.4 KiB    2025-12-20 12-01-24    1766203284.0     2025-12-20 10-04-47    1766196287.8779347 
 711.json    23.5 KiB    2025-12-20 12-01-33    1766203293.0     2025-12-20 10-04-48    1766196288.5868804 
 72.json     21.1 KiB    2025-12-20 12-01-47    1766203307.0     2025-12-20 10-04-53    1766196293.5825093 
 74.json     28.5 KiB    2025-12-20 12-01-40    1766203300.0     2025-12-20 10-04-54    1766196294.659229  
 75.json     44.4 KiB    2025-12-20 12-01-21    1766203281.0     2025-12-20 10-04-55    1766196295.161675  
 76.json     49.2 KiB    2025-12-20 12-01-46    1766203306.0     2025-12-20 10-05-03    1766196303.6468434 
 77.json     20.8 KiB    2025-12-20 12-01-24    1766203284.0     2025-12-20 10-05-05    1766196305.533462  
 777.json    49.9 KiB    2025-12-20 12-01-47    1766203307.0     2025-12-20 10-05-06    1766196306.2375672 
 78.json     35.1 KiB    2025-12-20 12-01-17    1766203277.0     2025-12-20 10-05-06    1766196306.9706533 
 79.json     38.2 KiB    2025-12-20 12-01-19    1766203279.0     2025-12-20 10-05-07    1766196307.7415593 
 799.json    14.9 KiB    2025-12-20 12-01-35    1766203295.0     2025-12-20 10-05-08    1766196308.673215  
  8.json     40.1 KiB    2025-12-20 12-01-30    1766203290.0     2025-12-20 10-05-09    1766196309.574874  
 80.json     39.8 KiB    2025-12-20 12-01-22    1766203282.0     2025-12-20 10-05-10    1766196310.2673366 
 800.json    17.3 KiB    2025-12-20 12-01-45    1766203305.0     2025-12-20 10-05-11    1766196311.2597592 
 804.json    14.9 KiB    2025-12-20 12-01-44    1766203304.0     2025-12-20 10-05-11    1766196311.9076734 
 81.json     58.4 KiB    2025-12-20 12-01-16    1766203276.0     2025-12-20 10-05-12    1766196312.6848767 
 82.json     44.7 KiB    2025-12-20 12-01-19    1766203279.0     2025-12-20 10-05-13    1766196313.4808042 
 83.json     40.9 KiB    2025-12-20 12-01-28    1766203288.0     2025-12-20 10-05-14    1766196314.201759  
 84.json     66.6 KiB    2025-12-20 12-01-46    1766203306.0     2025-12-20 10-05-15    1766196315.2540262 
 85.json     29.3 KiB    2025-12-20 12-01-41    1766203301.0     2025-12-20 10-05-16    1766196316.0115724 
 86.json     43.9 KiB    2025-12-20 12-01-17    1766203277.0     2025-12-20 10-05-16    1766196316.7643528 
 875.json    53.0 KiB    2025-12-20 12-01-40    1766203300.0     2025-12-20 10-05-17    1766196317.5688677 
 876.json    32.4 KiB    2025-12-20 12-01-09    1766203269.0     2025-12-20 10-05-17    1766196317.9888055 
 887.json    34.2 KiB    2025-12-20 12-01-37    1766203297.0     2025-12-20 10-05-18    1766196318.707082  
 888.json    27.5 KiB    2025-12-20 12-01-40    1766203300.0     2025-12-20 10-05-19    1766196319.3552742 
 89.json     49.4 KiB    2025-12-20 12-01-48    1766203308.0     2025-12-20 10-05-20    1766196320.3823166 
 893.json    20.1 KiB    2025-12-20 12-01-20    1766203280.0     2025-12-20 10-05-22    1766196322.0852406 
 895.json    25.0 KiB    2025-12-20 12-01-30    1766203290.0     2025-12-20 10-05-22    1766196322.8871832 
 897.json    21.2 KiB    2025-12-20 12-01-46    1766203306.0     2025-12-20 10-05-23    1766196323.8128266 
  9.json     41.2 KiB    2025-12-20 12-01-17    1766203277.0     2025-12-20 10-05-24    1766196324.572561  
 90.json     42.4 KiB    2025-12-20 12-01-41    1766203301.0     2025-12-20 10-05-25    1766196325.3816817 
 901.json    20.5 KiB    2025-12-20 12-01-17    1766203277.0     2025-12-20 10-05-26    1766196326.3963013 
 902.json    24.0 KiB    2025-12-20 12-01-46    1766203306.0     2025-12-20 10-05-27    1766196327.1280534 
 904.json    14.5 KiB    2025-12-20 12-01-09    1766203269.0     2025-12-20 10-05-27    1766196327.8015752 
 91.json     42.8 KiB    2025-12-20 12-01-44    1766203304.0     2025-12-20 10-05-30    1766196330.3154426 
 910.json    44.1 KiB    2025-12-20 12-01-46    1766203306.0     2025-12-20 10-05-31    1766196331.1142764 
 92.json     52.3 KiB    2025-12-20 12-01-23    1766203283.0     2025-12-20 10-05-32    1766196332.1595833 
 950.json    24.4 KiB    2025-12-20 12-01-43    1766203303.0     2025-12-20 10-05-33    1766196333.0388868 
 96.json     70.4 KiB    2025-12-20 12-01-25    1766203285.0     2025-12-20 10-05-34    1766196334.0627723 
 98.json     38.6 KiB    2025-12-20 12-01-30    1766203290.0     2025-12-20 10-05-35    1766196335.1376958 
 99.json     59.6 KiB    2025-12-20 12-01-24    1766203284.0     2025-12-20 10-05-36     1766196336.01878  
[2025-12-20 12-43-01][4/18][1/172]正在校对文件（Checking file）： https://raw.communitydragon.org/latest/plugins/rcp-be-lol-game-data/global/default/v1/champions/1.json
[2025-12-20 12-43-01][4/18][2/172]正在校对文件（Checking file）： https://raw.communitydragon.org/latest/plugins/rcp-be-lol-game-data/global/default/v1/champions/10.json
[2025-12-20 12-43-01][4/18][3/172]正在校对文件（Checking file）： https://raw.communitydragon.org/latest/plugins/rcp-be-lol-game-data/global/default/v1/champions/101.json
[2025-12-20 12-43-01][4/18][4/172]正在校对文件（Checking file）： https://raw.communitydragon.org/latest/plugins/rcp-be-lol-game-data/global/default/v1/champions/102.json
[2025-12-20 12-43-01][4/18][5/172]正在校对文件（Checking file）： https://raw.communitydragon.org/latest/plugins/rcp-be-lol-game-data/global/default/v1/champions/103.json
[2025-12-20 12-43-01][4/18][6/172]正在校对文件（Checking file）： https://raw.communitydragon.org/latest/plugins/rcp-be-lol-game-data/global/default/v1/champions/104.json
[2025-12-20 12-43-01][4/18][7/172]正在校对文件（Checking file）： https://raw.communitydragon.org/latest/plugins/rcp-be-lol-game-data/global/default/v1/champions/105.json
[2025-12-20 12-43-01][4/18][8/172]正在校对文件（Checking file）： https://raw.communitydragon.org/latest/plugins/rcp-be-lol-game-data/global/default/v1/champions/106.json
[2025-12-20 12-43-01][4/18][9/172]正在校对文件（Checking file）： https://raw.communitydragon.org/latest/plugins/rcp-be-lol-game-data/global/default/v1/champions/107.json
[2025-12-20 12-43-01][4/18][10/172]正在校对文件（Checking file）： https://raw.communitydragon.org/latest/plugins/rcp-be-lol-game-data/global/default/v1/champions/11.json
[2025-12-20 12-43-02][4/18][11/172]正在校对文件（Checking file）： https://raw.communitydragon.org/latest/plugins/rcp-be-lol-game-data/global/default/v1/champions/110.json
[2025-12-20 12-43-02][4/18][12/172]正在校对文件（Checking file）： https://raw.communitydragon.org/latest/plugins/rcp-be-lol-game-data/global/default/v1/champions/111.json
[2025-12-20 12-43-02][4/18][13/172]正在校对文件（Checking file）： https://raw.communitydragon.org/latest/plugins/rcp-be-lol-game-data/global/default/v1/champions/112.json
[2025-12-20 12-43-02][4/18][14/172]正在校对文件（Checking file）： https://raw.communitydragon.org/latest/plugins/rcp-be-lol-game-data/global/default/v1/champions/113.json
[2025-12-20 12-43-02][4/18][15/172]正在校对文件（Checking file）： https://raw.communitydragon.org/latest/plugins/rcp-be-lol-game-data/global/default/v1/champions/114.json
[2025-12-20 12-43-02][4/18][16/172]正在校对文件（Checking file）： https://raw.communitydragon.org/latest/plugins/rcp-be-lol-game-data/global/default/v1/champions/115.json
[2025-12-20 12-43-02][4/18][17/172]正在校对文件（Checking file）： https://raw.communitydragon.org/latest/plugins/rcp-be-lol-game-data/global/default/v1/champions/117.json
[2025-12-20 12-43-02][4/18][18/172]正在校对文件（Checking file）： https://raw.communitydragon.org/latest/plugins/rcp-be-lol-game-data/global/default/v1/champions/119.json
[2025-12-20 12-43-02][4/18][19/172]正在校对文件（Checking file）： https://raw.communitydragon.org/latest/plugins/rcp-be-lol-game-data/global/default/v1/champions/12.json
[2025-12-20 12-43-02][4/18][20/172]正在校对文件（Checking file）： https://raw.communitydragon.org/latest/plugins/rcp-be-lol-game-data/global/default/v1/champions/120.json
[2025-12-20 12-43-02][4/18][21/172]正在校对文件（Checking file）： https://raw.communitydragon.org/latest/plugins/rcp-be-lol-game-data/global/default/v1/champions/121.json
[2025-12-20 12-43-02][4/18][22/172]正在校对文件（Checking file）： https://raw.communitydragon.org/latest/plugins/rcp-be-lol-game-data/global/default/v1/champions/122.json
[2025-12-20 12-43-03][4/18][23/172]正在校对文件（Checking file）： https://raw.communitydragon.org/latest/plugins/rcp-be-lol-game-data/global/default/v1/champions/126.json
[2025-12-20 12-43-03][4/18][24/172]正在校对文件（Checking file）： https://raw.communitydragon.org/latest/plugins/rcp-be-lol-game-data/global/default/v1/champions/127.json
[2025-12-20 12-43-03][4/18][25/172]正在校对文件（Checking file）： https://raw.communitydragon.org/latest/plugins/rcp-be-lol-game-data/global/default/v1/champions/13.json
[2025-12-20 12-43-03][4/18][26/172]正在校对文件（Checking file）： https://raw.communitydragon.org/latest/plugins/rcp-be-lol-game-data/global/default/v1/champions/131.json
[2025-12-20 12-43-03][4/18][27/172]正在校对文件（Checking file）： https://raw.communitydragon.org/latest/plugins/rcp-be-lol-game-data/global/default/v1/champions/133.json
[2025-12-20 12-43-03][4/18][28/172]正在校对文件（Checking file）： https://raw.communitydragon.org/latest/plugins/rcp-be-lol-game-data/global/default/v1/champions/134.json
[2025-12-20 12-43-03][4/18][29/172]正在校对文件（Checking file）： https://raw.communitydragon.org/latest/plugins/rcp-be-lol-game-data/global/default/v1/champions/136.json
[2025-12-20 12-43-03][4/18][30/172]正在校对文件（Checking file）： https://raw.communitydragon.org/latest/plugins/rcp-be-lol-game-data/global/default/v1/champions/14.json
[2025-12-20 12-43-03][4/18][31/172]正在校对文件（Checking file）： https://raw.communitydragon.org/latest/plugins/rcp-be-lol-game-data/global/default/v1/champions/141.json
[2025-12-20 12-43-04][4/18][32/172]正在校对文件（Checking file）： https://raw.communitydragon.org/latest/plugins/rcp-be-lol-game-data/global/default/v1/champions/142.json
[2025-12-20 12-43-04][4/18][33/172]正在校对文件（Checking file）： https://raw.communitydragon.org/latest/plugins/rcp-be-lol-game-data/global/default/v1/champions/143.json
[2025-12-20 12-43-04][4/18][34/172]正在校对文件（Checking file）： https://raw.communitydragon.org/latest/plugins/rcp-be-lol-game-data/global/default/v1/champions/145.json
[2025-12-20 12-43-04][4/18][35/172]正在校对文件（Checking file）： https://raw.communitydragon.org/latest/plugins/rcp-be-lol-game-data/global/default/v1/champions/147.json
[2025-12-20 12-43-04][4/18][36/172]正在校对文件（Checking file）： https://raw.communitydragon.org/latest/plugins/rcp-be-lol-game-data/global/default/v1/champions/15.json
[2025-12-20 12-43-04][4/18][37/172]正在校对文件（Checking file）： https://raw.communitydragon.org/latest/plugins/rcp-be-lol-game-data/global/default/v1/champions/150.json
[2025-12-20 12-43-04][4/18][38/172]正在校对文件（Checking file）： https://raw.communitydragon.org/latest/plugins/rcp-be-lol-game-data/global/default/v1/champions/154.json
[2025-12-20 12-43-04][4/18][39/172]正在校对文件（Checking file）： https://raw.communitydragon.org/latest/plugins/rcp-be-lol-game-data/global/default/v1/champions/157.json
[2025-12-20 12-43-04][4/18][40/172]正在校对文件（Checking file）： https://raw.communitydragon.org/latest/plugins/rcp-be-lol-game-data/global/default/v1/champions/16.json
[2025-12-20 12-43-05][4/18][41/172]正在校对文件（Checking file）： https://raw.communitydragon.org/latest/plugins/rcp-be-lol-game-data/global/default/v1/champions/161.json
[2025-12-20 12-43-05][4/18][42/172]正在校对文件（Checking file）： https://raw.communitydragon.org/latest/plugins/rcp-be-lol-game-data/global/default/v1/champions/163.json
[2025-12-20 12-43-05][4/18][43/172]正在校对文件（Checking file）： https://raw.communitydragon.org/latest/plugins/rcp-be-lol-game-data/global/default/v1/champions/164.json
[2025-12-20 12-43-05][4/18][44/172]正在校对文件（Checking file）： https://raw.communitydragon.org/latest/plugins/rcp-be-lol-game-data/global/default/v1/champions/166.json
[2025-12-20 12-43-05][4/18][45/172]正在校对文件（Checking file）： https://raw.communitydragon.org/latest/plugins/rcp-be-lol-game-data/global/default/v1/champions/17.json
[2025-12-20 12-43-05][4/18][46/172]正在校对文件（Checking file）： https://raw.communitydragon.org/latest/plugins/rcp-be-lol-game-data/global/default/v1/champions/18.json
[2025-12-20 12-43-05][4/18][47/172]正在校对文件（Checking file）： https://raw.communitydragon.org/latest/plugins/rcp-be-lol-game-data/global/default/v1/champions/19.json
[2025-12-20 12-43-05][4/18][48/172]正在校对文件（Checking file）： https://raw.communitydragon.org/latest/plugins/rcp-be-lol-game-data/global/default/v1/champions/2.json
[2025-12-20 12-43-05][4/18][49/172]正在校对文件（Checking file）： https://raw.communitydragon.org/latest/plugins/rcp-be-lol-game-data/global/default/v1/champions/20.json
[2025-12-20 12-43-05][4/18][50/172]正在校对文件（Checking file）： https://raw.communitydragon.org/latest/plugins/rcp-be-lol-game-data/global/default/v1/champions/200.json
[2025-12-20 12-43-05][4/18][51/172]正在校对文件（Checking file）： https://raw.communitydragon.org/latest/plugins/rcp-be-lol-game-data/global/default/v1/champions/201.json
[2025-12-20 12-43-05][4/18][52/172]正在校对文件（Checking file）： https://raw.communitydragon.org/latest/plugins/rcp-be-lol-game-data/global/default/v1/champions/202.json
[2025-12-20 12-43-06][4/18][53/172]正在校对文件（Checking file）： https://raw.communitydragon.org/latest/plugins/rcp-be-lol-game-data/global/default/v1/champions/203.json
[2025-12-20 12-43-06][4/18][54/172]正在校对文件（Checking file）： https://raw.communitydragon.org/latest/plugins/rcp-be-lol-game-data/global/default/v1/champions/21.json
[2025-12-20 12-43-06][4/18][55/172]正在校对文件（Checking file）： https://raw.communitydragon.org/latest/plugins/rcp-be-lol-game-data/global/default/v1/champions/22.json
[2025-12-20 12-43-06][4/18][56/172]正在校对文件（Checking file）： https://raw.communitydragon.org/latest/plugins/rcp-be-lol-game-data/global/default/v1/champions/221.json
[2025-12-20 12-43-06][4/18][57/172]正在校对文件（Checking file）： https://raw.communitydragon.org/latest/plugins/rcp-be-lol-game-data/global/default/v1/champions/222.json
[2025-12-20 12-43-06][4/18][58/172]正在校对文件（Checking file）： https://raw.communitydragon.org/latest/plugins/rcp-be-lol-game-data/global/default/v1/champions/223.json
[2025-12-20 12-43-06][4/18][59/172]正在校对文件（Checking file）： https://raw.communitydragon.org/latest/plugins/rcp-be-lol-game-data/global/default/v1/champions/23.json
[2025-12-20 12-43-06][4/18][60/172]正在校对文件（Checking file）： https://raw.communitydragon.org/latest/plugins/rcp-be-lol-game-data/global/default/v1/champions/233.json
[2025-12-20 12-43-06][4/18][61/172]正在校对文件（Checking file）： https://raw.communitydragon.org/latest/plugins/rcp-be-lol-game-data/global/default/v1/champions/234.json
[2025-12-20 12-43-06][4/18][62/172]正在校对文件（Checking file）： https://raw.communitydragon.org/latest/plugins/rcp-be-lol-game-data/global/default/v1/champions/235.json
[2025-12-20 12-43-06][4/18][63/172]正在校对文件（Checking file）： https://raw.communitydragon.org/latest/plugins/rcp-be-lol-game-data/global/default/v1/champions/236.json
[2025-12-20 12-43-06][4/18][64/172]正在校对文件（Checking file）： https://raw.communitydragon.org/latest/plugins/rcp-be-lol-game-data/global/default/v1/champions/238.json
[2025-12-20 12-43-07][4/18][65/172]正在校对文件（Checking file）： https://raw.communitydragon.org/latest/plugins/rcp-be-lol-game-data/global/default/v1/champions/24.json
[2025-12-20 12-43-07][4/18][66/172]正在校对文件（Checking file）： https://raw.communitydragon.org/latest/plugins/rcp-be-lol-game-data/global/default/v1/champions/240.json
[2025-12-20 12-43-07][4/18][67/172]正在校对文件（Checking file）： https://raw.communitydragon.org/latest/plugins/rcp-be-lol-game-data/global/default/v1/champions/245.json
[2025-12-20 12-43-07][4/18][68/172]正在校对文件（Checking file）： https://raw.communitydragon.org/latest/plugins/rcp-be-lol-game-data/global/default/v1/champions/246.json
[2025-12-20 12-43-07][4/18][69/172]正在校对文件（Checking file）： https://raw.communitydragon.org/latest/plugins/rcp-be-lol-game-data/global/default/v1/champions/25.json
[2025-12-20 12-43-07][4/18][70/172]正在校对文件（Checking file）： https://raw.communitydragon.org/latest/plugins/rcp-be-lol-game-data/global/default/v1/champions/254.json
[2025-12-20 12-43-07][4/18][71/172]正在校对文件（Checking file）： https://raw.communitydragon.org/latest/plugins/rcp-be-lol-game-data/global/default/v1/champions/26.json
[2025-12-20 12-43-07][4/18][72/172]正在校对文件（Checking file）： https://raw.communitydragon.org/latest/plugins/rcp-be-lol-game-data/global/default/v1/champions/266.json
[2025-12-20 12-43-07][4/18][73/172]正在校对文件（Checking file）： https://raw.communitydragon.org/latest/plugins/rcp-be-lol-game-data/global/default/v1/champions/267.json
[2025-12-20 12-43-07][4/18][74/172]正在校对文件（Checking file）： https://raw.communitydragon.org/latest/plugins/rcp-be-lol-game-data/global/default/v1/champions/268.json
[2025-12-20 12-43-07][4/18][75/172]正在校对文件（Checking file）： https://raw.communitydragon.org/latest/plugins/rcp-be-lol-game-data/global/default/v1/champions/27.json
[2025-12-20 12-43-16][4/18][76/172]正在校对文件（Checking file）： https://raw.communitydragon.org/latest/plugins/rcp-be-lol-game-data/global/default/v1/champions/28.json
[2025-12-20 12-43-16][4/18][77/172]正在校对文件（Checking file）： https://raw.communitydragon.org/latest/plugins/rcp-be-lol-game-data/global/default/v1/champions/29.json
[2025-12-20 12-43-17][4/18][78/172]正在校对文件（Checking file）： https://raw.communitydragon.org/latest/plugins/rcp-be-lol-game-data/global/default/v1/champions/3.json
[2025-12-20 12-43-17][4/18][79/172]正在校对文件（Checking file）： https://raw.communitydragon.org/latest/plugins/rcp-be-lol-game-data/global/default/v1/champions/30.json
[2025-12-20 12-43-17][4/18][80/172]正在校对文件（Checking file）： https://raw.communitydragon.org/latest/plugins/rcp-be-lol-game-data/global/default/v1/champions/31.json
[2025-12-20 12-43-17][4/18][81/172]正在校对文件（Checking file）： https://raw.communitydragon.org/latest/plugins/rcp-be-lol-game-data/global/default/v1/champions/32.json
[2025-12-20 12-43-17][4/18][82/172]正在校对文件（Checking file）： https://raw.communitydragon.org/latest/plugins/rcp-be-lol-game-data/global/default/v1/champions/33.json
[2025-12-20 12-43-17][4/18][83/172]正在校对文件（Checking file）： https://raw.communitydragon.org/latest/plugins/rcp-be-lol-game-data/global/default/v1/champions/34.json
[2025-12-20 12-43-17][4/18][84/172]正在校对文件（Checking file）： https://raw.communitydragon.org/latest/plugins/rcp-be-lol-game-data/global/default/v1/champions/35.json
[2025-12-20 12-43-17][4/18][85/172]正在校对文件（Checking file）： https://raw.communitydragon.org/latest/plugins/rcp-be-lol-game-data/global/default/v1/champions/350.json
[2025-12-20 12-43-17][4/18][86/172]正在校对文件（Checking file）： https://raw.communitydragon.org/latest/plugins/rcp-be-lol-game-data/global/default/v1/champions/36.json
[2025-12-20 12-43-17][4/18][87/172]正在校对文件（Checking file）： https://raw.communitydragon.org/latest/plugins/rcp-be-lol-game-data/global/default/v1/champions/360.json
[2025-12-20 12-43-17][4/18][88/172]正在校对文件（Checking file）： https://raw.communitydragon.org/latest/plugins/rcp-be-lol-game-data/global/default/v1/champions/37.json
[2025-12-20 12-43-18][4/18][89/172]正在校对文件（Checking file）： https://raw.communitydragon.org/latest/plugins/rcp-be-lol-game-data/global/default/v1/champions/38.json
[2025-12-20 12-43-18][4/18][90/172]正在校对文件（Checking file）： https://raw.communitydragon.org/latest/plugins/rcp-be-lol-game-data/global/default/v1/champions/39.json
[2025-12-20 12-43-18][4/18][91/172]正在校对文件（Checking file）： https://raw.communitydragon.org/latest/plugins/rcp-be-lol-game-data/global/default/v1/champions/4.json
[2025-12-20 12-43-18][4/18][92/172]正在校对文件（Checking file）： https://raw.communitydragon.org/latest/plugins/rcp-be-lol-game-data/global/default/v1/champions/40.json
[2025-12-20 12-43-18][4/18][93/172]正在校对文件（Checking file）： https://raw.communitydragon.org/latest/plugins/rcp-be-lol-game-data/global/default/v1/champions/41.json
[2025-12-20 12-43-18][4/18][94/172]正在校对文件（Checking file）： https://raw.communitydragon.org/latest/plugins/rcp-be-lol-game-data/global/default/v1/champions/412.json
[2025-12-20 12-43-18][4/18][95/172]正在校对文件（Checking file）： https://raw.communitydragon.org/latest/plugins/rcp-be-lol-game-data/global/default/v1/champions/42.json
[2025-12-20 12-43-18][4/18][96/172]正在校对文件（Checking file）： https://raw.communitydragon.org/latest/plugins/rcp-be-lol-game-data/global/default/v1/champions/420.json
[2025-12-20 12-43-18][4/18][97/172]正在校对文件（Checking file）： https://raw.communitydragon.org/latest/plugins/rcp-be-lol-game-data/global/default/v1/champions/421.json
[2025-12-20 12-43-18][4/18][98/172]正在校对文件（Checking file）： https://raw.communitydragon.org/latest/plugins/rcp-be-lol-game-data/global/default/v1/champions/427.json
[2025-12-20 12-43-19][4/18][99/172]正在校对文件（Checking file）： https://raw.communitydragon.org/latest/plugins/rcp-be-lol-game-data/global/default/v1/champions/429.json
[2025-12-20 12-43-19][4/18][100/172]正在校对文件（Checking file）： https://raw.communitydragon.org/latest/plugins/rcp-be-lol-game-data/global/default/v1/champions/43.json
[2025-12-20 12-43-19][4/18][101/172]正在校对文件（Checking file）： https://raw.communitydragon.org/latest/plugins/rcp-be-lol-game-data/global/default/v1/champions/432.json
[2025-12-20 12-43-19][4/18][102/172]正在校对文件（Checking file）： https://raw.communitydragon.org/latest/plugins/rcp-be-lol-game-data/global/default/v1/champions/44.json
[2025-12-20 12-43-19][4/18][103/172]正在校对文件（Checking file）： https://raw.communitydragon.org/latest/plugins/rcp-be-lol-game-data/global/default/v1/champions/45.json
[2025-12-20 12-43-19][4/18][104/172]正在校对文件（Checking file）： https://raw.communitydragon.org/latest/plugins/rcp-be-lol-game-data/global/default/v1/champions/48.json
[2025-12-20 12-43-20][4/18][105/172]正在校对文件（Checking file）： https://raw.communitydragon.org/latest/plugins/rcp-be-lol-game-data/global/default/v1/champions/497.json
[2025-12-20 12-43-20][4/18][106/172]正在校对文件（Checking file）： https://raw.communitydragon.org/latest/plugins/rcp-be-lol-game-data/global/default/v1/champions/498.json
[2025-12-20 12-43-20][4/18][107/172]正在校对文件（Checking file）： https://raw.communitydragon.org/latest/plugins/rcp-be-lol-game-data/global/default/v1/champions/5.json
[2025-12-20 12-43-20][4/18][108/172]正在校对文件（Checking file）： https://raw.communitydragon.org/latest/plugins/rcp-be-lol-game-data/global/default/v1/champions/50.json
[2025-12-20 12-43-20][4/18][109/172]正在校对文件（Checking file）： https://raw.communitydragon.org/latest/plugins/rcp-be-lol-game-data/global/default/v1/champions/51.json
[2025-12-20 12-43-20][4/18][110/172]正在校对文件（Checking file）： https://raw.communitydragon.org/latest/plugins/rcp-be-lol-game-data/global/default/v1/champions/516.json
[2025-12-20 12-43-20][4/18][111/172]正在校对文件（Checking file）： https://raw.communitydragon.org/latest/plugins/rcp-be-lol-game-data/global/default/v1/champions/517.json
[2025-12-20 12-43-20][4/18][112/172]正在校对文件（Checking file）： https://raw.communitydragon.org/latest/plugins/rcp-be-lol-game-data/global/default/v1/champions/518.json
[2025-12-20 12-43-20][4/18][113/172]正在校对文件（Checking file）： https://raw.communitydragon.org/latest/plugins/rcp-be-lol-game-data/global/default/v1/champions/523.json
[2025-12-20 12-43-20][4/18][114/172]正在校对文件（Checking file）： https://raw.communitydragon.org/latest/plugins/rcp-be-lol-game-data/global/default/v1/champions/526.json
[2025-12-20 12-43-21][4/18][115/172]正在校对文件（Checking file）： https://raw.communitydragon.org/latest/plugins/rcp-be-lol-game-data/global/default/v1/champions/53.json
[2025-12-20 12-43-21][4/18][116/172]正在校对文件（Checking file）： https://raw.communitydragon.org/latest/plugins/rcp-be-lol-game-data/global/default/v1/champions/54.json
[2025-12-20 12-43-21][4/18][117/172]正在校对文件（Checking file）： https://raw.communitydragon.org/latest/plugins/rcp-be-lol-game-data/global/default/v1/champions/55.json
[2025-12-20 12-43-21][4/18][118/172]正在校对文件（Checking file）： https://raw.communitydragon.org/latest/plugins/rcp-be-lol-game-data/global/default/v1/champions/555.json
[2025-12-20 12-43-21][4/18][119/172]正在校对文件（Checking file）： https://raw.communitydragon.org/latest/plugins/rcp-be-lol-game-data/global/default/v1/champions/56.json
[2025-12-20 12-43-22][4/18][120/172]正在校对文件（Checking file）： https://raw.communitydragon.org/latest/plugins/rcp-be-lol-game-data/global/default/v1/champions/57.json
[2025-12-20 12-43-22][4/18][121/172]正在校对文件（Checking file）： https://raw.communitydragon.org/latest/plugins/rcp-be-lol-game-data/global/default/v1/champions/58.json
[2025-12-20 12-43-22][4/18][122/172]正在校对文件（Checking file）： https://raw.communitydragon.org/latest/plugins/rcp-be-lol-game-data/global/default/v1/champions/59.json
[2025-12-20 12-43-22][4/18][123/172]正在校对文件（Checking file）： https://raw.communitydragon.org/latest/plugins/rcp-be-lol-game-data/global/default/v1/champions/6.json
[2025-12-20 12-43-23][4/18][124/172]正在校对文件（Checking file）： https://raw.communitydragon.org/latest/plugins/rcp-be-lol-game-data/global/default/v1/champions/60.json
[2025-12-20 12-43-23][4/18][125/172]正在校对文件（Checking file）： https://raw.communitydragon.org/latest/plugins/rcp-be-lol-game-data/global/default/v1/champions/61.json
[2025-12-20 12-43-23][4/18][126/172]正在校对文件（Checking file）： https://raw.communitydragon.org/latest/plugins/rcp-be-lol-game-data/global/default/v1/champions/62.json
[2025-12-20 12-43-23][4/18][127/172]正在校对文件（Checking file）： https://raw.communitydragon.org/latest/plugins/rcp-be-lol-game-data/global/default/v1/champions/63.json
[2025-12-20 12-43-24][4/18][128/172]正在校对文件（Checking file）： https://raw.communitydragon.org/latest/plugins/rcp-be-lol-game-data/global/default/v1/champions/64.json
[2025-12-20 12-43-25][4/18][129/172]正在校对文件（Checking file）： https://raw.communitydragon.org/latest/plugins/rcp-be-lol-game-data/global/default/v1/champions/67.json
[2025-12-20 12-43-26][4/18][130/172]正在校对文件（Checking file）： https://raw.communitydragon.org/latest/plugins/rcp-be-lol-game-data/global/default/v1/champions/68.json
[2025-12-20 12-43-26][4/18][131/172]正在校对文件（Checking file）： https://raw.communitydragon.org/latest/plugins/rcp-be-lol-game-data/global/default/v1/champions/69.json
[2025-12-20 12-43-26][4/18][132/172]正在校对文件（Checking file）： https://raw.communitydragon.org/latest/plugins/rcp-be-lol-game-data/global/default/v1/champions/7.json
[2025-12-20 12-43-26][4/18][133/172]正在校对文件（Checking file）： https://raw.communitydragon.org/latest/plugins/rcp-be-lol-game-data/global/default/v1/champions/711.json
[2025-12-20 12-43-26][4/18][134/172]正在校对文件（Checking file）： https://raw.communitydragon.org/latest/plugins/rcp-be-lol-game-data/global/default/v1/champions/72.json
[2025-12-20 12-43-26][4/18][135/172]正在校对文件（Checking file）： https://raw.communitydragon.org/latest/plugins/rcp-be-lol-game-data/global/default/v1/champions/74.json
[2025-12-20 12-43-27][4/18][136/172]正在校对文件（Checking file）： https://raw.communitydragon.org/latest/plugins/rcp-be-lol-game-data/global/default/v1/champions/75.json
[2025-12-20 12-43-27][4/18][137/172]正在校对文件（Checking file）： https://raw.communitydragon.org/latest/plugins/rcp-be-lol-game-data/global/default/v1/champions/76.json
[2025-12-20 12-43-27][4/18][138/172]正在校对文件（Checking file）： https://raw.communitydragon.org/latest/plugins/rcp-be-lol-game-data/global/default/v1/champions/77.json
[2025-12-20 12-43-27][4/18][139/172]正在校对文件（Checking file）： https://raw.communitydragon.org/latest/plugins/rcp-be-lol-game-data/global/default/v1/champions/777.json
[2025-12-20 12-43-27][4/18][140/172]正在校对文件（Checking file）： https://raw.communitydragon.org/latest/plugins/rcp-be-lol-game-data/global/default/v1/champions/78.json
[2025-12-20 12-43-27][4/18][141/172]正在校对文件（Checking file）： https://raw.communitydragon.org/latest/plugins/rcp-be-lol-game-data/global/default/v1/champions/79.json
[2025-12-20 12-43-28][4/18][142/172]正在校对文件（Checking file）： https://raw.communitydragon.org/latest/plugins/rcp-be-lol-game-data/global/default/v1/champions/799.json
[2025-12-20 12-43-28][4/18][143/172]正在校对文件（Checking file）： https://raw.communitydragon.org/latest/plugins/rcp-be-lol-game-data/global/default/v1/champions/8.json
[2025-12-20 12-43-29][4/18][144/172]正在校对文件（Checking file）： https://raw.communitydragon.org/latest/plugins/rcp-be-lol-game-data/global/default/v1/champions/80.json
[2025-12-20 12-43-29][4/18][145/172]正在校对文件（Checking file）： https://raw.communitydragon.org/latest/plugins/rcp-be-lol-game-data/global/default/v1/champions/800.json
[2025-12-20 12-43-29][4/18][146/172]正在校对文件（Checking file）： https://raw.communitydragon.org/latest/plugins/rcp-be-lol-game-data/global/default/v1/champions/804.json
[2025-12-20 12-43-29][4/18][147/172]正在校对文件（Checking file）： https://raw.communitydragon.org/latest/plugins/rcp-be-lol-game-data/global/default/v1/champions/81.json
[2025-12-20 12-43-29][4/18][148/172]正在校对文件（Checking file）： https://raw.communitydragon.org/latest/plugins/rcp-be-lol-game-data/global/default/v1/champions/82.json
[2025-12-20 12-43-30][4/18][149/172]正在校对文件（Checking file）： https://raw.communitydragon.org/latest/plugins/rcp-be-lol-game-data/global/default/v1/champions/83.json
[2025-12-20 12-43-30][4/18][150/172]正在校对文件（Checking file）： https://raw.communitydragon.org/latest/plugins/rcp-be-lol-game-data/global/default/v1/champions/84.json
[2025-12-20 12-43-30][4/18][151/172]正在校对文件（Checking file）： https://raw.communitydragon.org/latest/plugins/rcp-be-lol-game-data/global/default/v1/champions/85.json
[2025-12-20 12-43-30][4/18][152/172]正在校对文件（Checking file）： https://raw.communitydragon.org/latest/plugins/rcp-be-lol-game-data/global/default/v1/champions/86.json
[2025-12-20 12-43-30][4/18][153/172]正在校对文件（Checking file）： https://raw.communitydragon.org/latest/plugins/rcp-be-lol-game-data/global/default/v1/champions/875.json
[2025-12-20 12-43-30][4/18][154/172]正在校对文件（Checking file）： https://raw.communitydragon.org/latest/plugins/rcp-be-lol-game-data/global/default/v1/champions/876.json
[2025-12-20 12-43-30][4/18][155/172]正在校对文件（Checking file）： https://raw.communitydragon.org/latest/plugins/rcp-be-lol-game-data/global/default/v1/champions/887.json
[2025-12-20 12-43-30][4/18][156/172]正在校对文件（Checking file）： https://raw.communitydragon.org/latest/plugins/rcp-be-lol-game-data/global/default/v1/champions/888.json
[2025-12-20 12-43-30][4/18][157/172]正在校对文件（Checking file）： https://raw.communitydragon.org/latest/plugins/rcp-be-lol-game-data/global/default/v1/champions/89.json
[2025-12-20 12-43-30][4/18][158/172]正在校对文件（Checking file）： https://raw.communitydragon.org/latest/plugins/rcp-be-lol-game-data/global/default/v1/champions/893.json
[2025-12-20 12-43-31][4/18][159/172]正在校对文件（Checking file）： https://raw.communitydragon.org/latest/plugins/rcp-be-lol-game-data/global/default/v1/champions/895.json
[2025-12-20 12-43-31][4/18][160/172]正在校对文件（Checking file）： https://raw.communitydragon.org/latest/plugins/rcp-be-lol-game-data/global/default/v1/champions/897.json
[2025-12-20 12-43-31][4/18][161/172]正在校对文件（Checking file）： https://raw.communitydragon.org/latest/plugins/rcp-be-lol-game-data/global/default/v1/champions/9.json
[2025-12-20 12-43-31][4/18][162/172]正在校对文件（Checking file）： https://raw.communitydragon.org/latest/plugins/rcp-be-lol-game-data/global/default/v1/champions/90.json
[2025-12-20 12-43-31][4/18][163/172]正在校对文件（Checking file）： https://raw.communitydragon.org/latest/plugins/rcp-be-lol-game-data/global/default/v1/champions/901.json
[2025-12-20 12-43-31][4/18][164/172]正在校对文件（Checking file）： https://raw.communitydragon.org/latest/plugins/rcp-be-lol-game-data/global/default/v1/champions/902.json
[2025-12-20 12-43-31][4/18][165/172]正在校对文件（Checking file）： https://raw.communitydragon.org/latest/plugins/rcp-be-lol-game-data/global/default/v1/champions/904.json
[2025-12-20 12-43-31][4/18][166/172]正在校对文件（Checking file）： https://raw.communitydragon.org/latest/plugins/rcp-be-lol-game-data/global/default/v1/champions/91.json
[2025-12-20 12-43-31][4/18][167/172]正在校对文件（Checking file）： https://raw.communitydragon.org/latest/plugins/rcp-be-lol-game-data/global/default/v1/champions/910.json
[2025-12-20 12-43-31][4/18][168/172]正在校对文件（Checking file）： https://raw.communitydragon.org/latest/plugins/rcp-be-lol-game-data/global/default/v1/champions/92.json
[2025-12-20 12-43-31][4/18][169/172]正在校对文件（Checking file）： https://raw.communitydragon.org/latest/plugins/rcp-be-lol-game-data/global/default/v1/champions/950.json
[2025-12-20 12-43-31][4/18][170/172]正在校对文件（Checking file）： https://raw.communitydragon.org/latest/plugins/rcp-be-lol-game-data/global/default/v1/champions/96.json
[2025-12-20 12-43-32][4/18][171/172]正在校对文件（Checking file）： https://raw.communitydragon.org/latest/plugins/rcp-be-lol-game-data/global/default/v1/champions/98.json
[2025-12-20 12-43-32][4/18][172/172]正在校对文件（Checking file）： https://raw.communitydragon.org/latest/plugins/rcp-be-lol-game-data/global/default/v1/champions/99.json
[2025-12-20 12-43-32][5/18]正在检查文件夹（Checking the folder）：https://raw.communitydragon.org/latest/plugins/rcp-be-lol-game-data/global/default/v1/map-assets/
[2025-12-20 12-43-32]页面新文件列表如下：
New file list is as follows: 
      file            size            web_date          web_timestamp        local_date          local_timestamp   
 map-assets.json    184.8 KiB    2025-12-20 12-01-19    1766203279.0     2025-12-20 10-05-40    1766196340.1536405 
[2025-12-20 12-43-32][5/18][1/1]正在校对文件（Checking file）： https://raw.communitydragon.org/latest/plugins/rcp-be-lol-game-data/global/default/v1/map-assets/map-assets.json
[2025-12-20 12-43-32][6/18]正在检查文件夹（Checking the folder）：https://raw.communitydragon.org/latest/plugins/rcp-be-lol-game-data/global/default/v1/
[2025-12-20 12-43-32]页面新文件列表如下：
New file list is as follows: 
                file                     size            web_date          web_timestamp        local_date          local_timestamp   
       achievementtitles.json          103.9 KiB    2025-12-20 12-00-52    1766203252.0     2025-12-20 10-05-42    1766196342.4632232 
          challenges.json              615.1 KiB    2025-12-20 12-00-52    1766203252.0     2025-12-20 10-05-45    1766196345.6055458 
 champion-rune-recommendations.json    350.5 KiB    2025-12-20 12-01-08    1766203268.0     2025-12-20 10-05-46    1766196346.681559  
        cherry-augments.json           76.5 KiB     2025-12-20 12-01-14    1766203274.0     2025-12-20 10-05-47     1766196347.46425  
          companions.json              965.3 KiB    2025-12-20 12-01-22    1766203282.0     2025-12-20 10-05-51    1766196351.948644  
     csssheet-teamplanner.json         71.3 KiB     2025-12-20 12-01-05    1766203265.0     2025-12-20 10-05-52    1766196352.624206  
        generic-assets.json            234.1 KiB    2025-12-20 12-00-52    1766203252.0     2025-12-20 10-05-53    1766196353.7028418 
             items.json                501.0 KiB    2025-12-20 12-01-34    1766203294.0     2025-12-20 10-05-55    1766196355.0268016 
             loot.json                  3.0 MiB     2025-12-20 12-01-22    1766203282.0     2025-12-20 10-06-06    1766196366.293181  
        mission-assets.json            43.6 KiB     2025-12-20 12-01-09    1766203269.0     2025-12-20 10-06-07    1766196367.079528  
         nachobanners.json             24.7 KiB     2025-12-20 12-01-20    1766203280.0     2025-12-20 10-06-07    1766196367.8204892 
          objectives.json              60.3 KiB     2025-12-20 12-00-52    1766203252.0     2025-12-20 10-06-08    1766196368.533375  
             perks.json                96.4 KiB     2025-12-20 12-01-21    1766203281.0     2025-12-20 10-06-09    1766196369.9943266 
         profile-icons.json            344.6 KiB    2025-12-20 12-00-50    1766203250.0     2025-12-20 10-06-11    1766196371.9523044 
            queues.json                252.2 KiB    2025-12-20 12-01-40    1766203300.0     2025-12-20 10-06-13    1766196373.557434  
            rewards.json                1.0 MiB     2025-12-20 12-00-51    1766203251.0     2025-12-20 10-06-15    1766196375.329263  
         skinaugments.json             19.6 KiB     2025-12-20 12-00-57    1766203257.0     2025-12-20 10-06-17    1766196377.271605  
          skinborders.json             18.5 KiB     2025-12-20 12-00-59    1766203259.0     2025-12-20 10-06-18    1766196378.6184633 
           skinlines.json              56.6 KiB     2025-12-20 12-01-17    1766203277.0     2025-12-20 10-06-19    1766196379.6736972 
             skins.json                 5.1 MiB     2025-12-20 12-01-31    1766203291.0     2025-12-20 10-06-33    1766196393.6875298 
          statstones.json               1.8 MiB     2025-12-20 12-01-13    1766203273.0     2025-12-20 10-06-37    1766196397.9220202 
          stylesheet.json              27.4 KiB     2025-12-20 12-00-57    1766203257.0     2025-12-20 10-06-39    1766196399.5827446 
        summoner-emotes.json           565.5 KiB    2025-12-20 12-00-59    1766203259.0     2025-12-20 10-06-41    1766196401.4200945 
        summoner-icons.json             1.9 MiB     2025-12-20 12-00-59    1766203259.0     2025-12-20 10-06-47    1766196407.0319052 
    tftcapmissioncollection.json       235.8 KiB    2025-12-20 12-00-50    1766203250.0     2025-12-20 10-06-48    1766196408.1328728 
   tftchampions-teamplanner.json       77.0 KiB     2025-12-20 12-01-19    1766203279.0     2025-12-20 10-06-48    1766196408.6071935 
         tftchampions.json             157.7 KiB    2025-12-20 12-01-13    1766203273.0     2025-12-20 10-06-49    1766196409.2901852 
     tftchemtechstoredata.json         10.2 KiB     2025-12-20 12-00-52    1766203252.0     2025-12-20 10-06-49    1766196409.9337983 
        tftcontentdata.json            730.5 KiB    2025-12-20 12-01-21    1766203281.0     2025-12-20 10-06-52    1766196412.1103797 
        tftdamageskins.json            93.1 KiB     2025-12-20 12-01-25    1766203285.0     2025-12-20 10-06-52    1766196412.9649034 
       tfteventpvebuddy.json            2 Bytes     2025-12-20 12-01-17    1766203277.0     2025-12-20 10-06-54    1766196414.957545  
        tfteventpvehub.json             2 Bytes     2025-12-20 12-01-25    1766203285.0     2025-12-20 10-06-55    1766196415.6906793 
           tftitems.json               769.9 KiB    2025-12-20 12-01-44    1766203304.0     2025-12-20 10-06-57    1766196417.935042  
        tftjourneytrack.json            2 Bytes     2025-12-20 12-00-53    1766203253.0     2025-12-20 10-06-58    1766196418.8154862 
          tftmapskins.json             41.0 KiB     2025-12-20 12-01-48    1766203308.0     2025-12-20 10-06-59    1766196419.470615  
        tftpass-assets.json            47.1 KiB     2025-12-20 12-00-52    1766203252.0     2025-12-20 10-07-00    1766196420.1107893 
      tftpasswelcomedata.json          201 Bytes    2025-12-20 12-00-50    1766203250.0     2025-12-20 10-07-00    1766196420.984689  
         tftplaybooks.json             37.8 KiB     2025-12-20 12-01-30    1766203290.0     2025-12-20 10-07-01    1766196421.4632406 
       tftregionportals.json           22.0 KiB     2025-12-20 12-01-48    1766203308.0     2025-12-20 10-07-02    1766196422.1464703 
   tftrotationalshopitemdata.json       2.0 MiB     2025-12-20 12-01-05    1766203265.0     2025-12-20 10-07-06    1766196426.7992866 
            tftsets.json                5.9 KiB     2025-12-20 12-01-15    1766203275.0     2025-12-20 10-07-08    1766196428.099421  
           tfttraits.json              415.7 KiB    2025-12-20 12-01-17    1766203277.0     2025-12-20 10-07-10    1766196430.243007  
    tfttrovesbannerrewards.json        848.9 KiB    2025-12-20 12-00-54    1766203254.0     2025-12-20 10-07-12    1766196432.5601552 
       tfttrovesbanners.json           80.6 KiB     2025-12-20 12-00-53    1766203253.0     2025-12-20 10-07-13    1766196433.2500565 
     tfttrovestablesnames.json         391.7 KiB    2025-12-20 12-00-50    1766203250.0     2025-12-20 10-07-14    1766196434.9786997 
         tftzoomskins.json             15.8 KiB     2025-12-20 12-01-07    1766203267.0     2025-12-20 10-07-15    1766196435.7699437 
           universes.json              35.1 KiB     2025-12-20 12-00-57    1766203257.0     2025-12-20 10-07-16    1766196436.7477915 
[2025-12-20 12-43-32][6/18][1/47]正在校对文件（Checking file）： https://raw.communitydragon.org/latest/plugins/rcp-be-lol-game-data/global/default/v1/achievementtitles.json
[2025-12-20 12-43-33][6/18][2/47]正在校对文件（Checking file）： https://raw.communitydragon.org/latest/plugins/rcp-be-lol-game-data/global/default/v1/challenges.json
[2025-12-20 12-43-33][6/18][3/47]正在校对文件（Checking file）： https://raw.communitydragon.org/latest/plugins/rcp-be-lol-game-data/global/default/v1/champion-rune-recommendations.json
[2025-12-20 12-43-33][6/18][4/47]正在校对文件（Checking file）： https://raw.communitydragon.org/latest/plugins/rcp-be-lol-game-data/global/default/v1/cherry-augments.json
[2025-12-20 12-43-33][6/18][5/47]正在校对文件（Checking file）： https://raw.communitydragon.org/latest/plugins/rcp-be-lol-game-data/global/default/v1/companions.json
[2025-12-20 12-43-33][6/18][6/47]正在校对文件（Checking file）： https://raw.communitydragon.org/latest/plugins/rcp-be-lol-game-data/global/default/v1/csssheet-teamplanner.json
[2025-12-20 12-43-33][6/18][7/47]正在校对文件（Checking file）： https://raw.communitydragon.org/latest/plugins/rcp-be-lol-game-data/global/default/v1/generic-assets.json
[2025-12-20 12-43-33][6/18][8/47]正在校对文件（Checking file）： https://raw.communitydragon.org/latest/plugins/rcp-be-lol-game-data/global/default/v1/items.json
[2025-12-20 12-43-33][6/18][9/47]正在校对文件（Checking file）： https://raw.communitydragon.org/latest/plugins/rcp-be-lol-game-data/global/default/v1/loot.json
[2025-12-20 12-43-34][6/18][10/47]正在校对文件（Checking file）： https://raw.communitydragon.org/latest/plugins/rcp-be-lol-game-data/global/default/v1/mission-assets.json
[2025-12-20 12-43-34][6/18][11/47]正在校对文件（Checking file）： https://raw.communitydragon.org/latest/plugins/rcp-be-lol-game-data/global/default/v1/nachobanners.json
[2025-12-20 12-43-34][6/18][12/47]正在校对文件（Checking file）： https://raw.communitydragon.org/latest/plugins/rcp-be-lol-game-data/global/default/v1/objectives.json
[2025-12-20 12-43-34][6/18][13/47]正在校对文件（Checking file）： https://raw.communitydragon.org/latest/plugins/rcp-be-lol-game-data/global/default/v1/perks.json
[2025-12-20 12-43-34][6/18][14/47]正在校对文件（Checking file）： https://raw.communitydragon.org/latest/plugins/rcp-be-lol-game-data/global/default/v1/profile-icons.json
[2025-12-20 12-43-34][6/18][15/47]正在校对文件（Checking file）： https://raw.communitydragon.org/latest/plugins/rcp-be-lol-game-data/global/default/v1/queues.json
[2025-12-20 12-43-34][6/18][16/47]正在校对文件（Checking file）： https://raw.communitydragon.org/latest/plugins/rcp-be-lol-game-data/global/default/v1/rewards.json
[2025-12-20 12-43-34][6/18][17/47]正在校对文件（Checking file）： https://raw.communitydragon.org/latest/plugins/rcp-be-lol-game-data/global/default/v1/skinaugments.json
[2025-12-20 12-43-34][6/18][18/47]正在校对文件（Checking file）： https://raw.communitydragon.org/latest/plugins/rcp-be-lol-game-data/global/default/v1/skinborders.json
[2025-12-20 12-43-34][6/18][19/47]正在校对文件（Checking file）： https://raw.communitydragon.org/latest/plugins/rcp-be-lol-game-data/global/default/v1/skinlines.json
[2025-12-20 12-43-34][6/18][20/47]正在校对文件（Checking file）： https://raw.communitydragon.org/latest/plugins/rcp-be-lol-game-data/global/default/v1/skins.json
[2025-12-20 12-43-37][6/18][21/47]正在校对文件（Checking file）： https://raw.communitydragon.org/latest/plugins/rcp-be-lol-game-data/global/default/v1/statstones.json
[2025-12-20 12-43-38][6/18][22/47]正在校对文件（Checking file）： https://raw.communitydragon.org/latest/plugins/rcp-be-lol-game-data/global/default/v1/stylesheet.json
[2025-12-20 12-43-38][6/18][23/47]正在校对文件（Checking file）： https://raw.communitydragon.org/latest/plugins/rcp-be-lol-game-data/global/default/v1/summoner-emotes.json
[2025-12-20 12-43-38][6/18][24/47]正在校对文件（Checking file）： https://raw.communitydragon.org/latest/plugins/rcp-be-lol-game-data/global/default/v1/summoner-icons.json
[2025-12-20 12-43-40][6/18][25/47]正在校对文件（Checking file）： https://raw.communitydragon.org/latest/plugins/rcp-be-lol-game-data/global/default/v1/tftcapmissioncollection.json
[2025-12-20 12-43-40][6/18][26/47]正在校对文件（Checking file）： https://raw.communitydragon.org/latest/plugins/rcp-be-lol-game-data/global/default/v1/tftchampions-teamplanner.json
[2025-12-20 12-43-40][6/18][27/47]正在校对文件（Checking file）： https://raw.communitydragon.org/latest/plugins/rcp-be-lol-game-data/global/default/v1/tftchampions.json
[2025-12-20 12-43-40][6/18][28/47]正在校对文件（Checking file）： https://raw.communitydragon.org/latest/plugins/rcp-be-lol-game-data/global/default/v1/tftchemtechstoredata.json
[2025-12-20 12-43-40][6/18][29/47]正在校对文件（Checking file）： https://raw.communitydragon.org/latest/plugins/rcp-be-lol-game-data/global/default/v1/tftcontentdata.json
[2025-12-20 12-43-40][6/18][30/47]正在校对文件（Checking file）： https://raw.communitydragon.org/latest/plugins/rcp-be-lol-game-data/global/default/v1/tftdamageskins.json
[2025-12-20 12-43-40][6/18][31/47]正在校对文件（Checking file）： https://raw.communitydragon.org/latest/plugins/rcp-be-lol-game-data/global/default/v1/tfteventpvebuddy.json
[2025-12-20 12-43-40][6/18][32/47]正在校对文件（Checking file）： https://raw.communitydragon.org/latest/plugins/rcp-be-lol-game-data/global/default/v1/tfteventpvehub.json
[2025-12-20 12-43-40][6/18][33/47]正在校对文件（Checking file）： https://raw.communitydragon.org/latest/plugins/rcp-be-lol-game-data/global/default/v1/tftitems.json
[2025-12-20 12-43-41][6/18][34/47]正在校对文件（Checking file）： https://raw.communitydragon.org/latest/plugins/rcp-be-lol-game-data/global/default/v1/tftjourneytrack.json
[2025-12-20 12-43-41][6/18][35/47]正在校对文件（Checking file）： https://raw.communitydragon.org/latest/plugins/rcp-be-lol-game-data/global/default/v1/tftmapskins.json
[2025-12-20 12-43-41][6/18][36/47]正在校对文件（Checking file）： https://raw.communitydragon.org/latest/plugins/rcp-be-lol-game-data/global/default/v1/tftpass-assets.json
[2025-12-20 12-43-41][6/18][37/47]正在校对文件（Checking file）： https://raw.communitydragon.org/latest/plugins/rcp-be-lol-game-data/global/default/v1/tftpasswelcomedata.json
[2025-12-20 12-43-41][6/18][38/47]正在校对文件（Checking file）： https://raw.communitydragon.org/latest/plugins/rcp-be-lol-game-data/global/default/v1/tftplaybooks.json
[2025-12-20 12-43-41][6/18][39/47]正在校对文件（Checking file）： https://raw.communitydragon.org/latest/plugins/rcp-be-lol-game-data/global/default/v1/tftregionportals.json
[2025-12-20 12-43-41][6/18][40/47]正在校对文件（Checking file）： https://raw.communitydragon.org/latest/plugins/rcp-be-lol-game-data/global/default/v1/tftrotationalshopitemdata.json
[2025-12-20 12-43-42][6/18][41/47]正在校对文件（Checking file）： https://raw.communitydragon.org/latest/plugins/rcp-be-lol-game-data/global/default/v1/tftsets.json
[2025-12-20 12-43-42][6/18][42/47]正在校对文件（Checking file）： https://raw.communitydragon.org/latest/plugins/rcp-be-lol-game-data/global/default/v1/tfttraits.json
[2025-12-20 12-43-42][6/18][43/47]正在校对文件（Checking file）： https://raw.communitydragon.org/latest/plugins/rcp-be-lol-game-data/global/default/v1/tfttrovesbannerrewards.json
[2025-12-20 12-43-42][6/18][44/47]正在校对文件（Checking file）： https://raw.communitydragon.org/latest/plugins/rcp-be-lol-game-data/global/default/v1/tfttrovesbanners.json
[2025-12-20 12-43-42][6/18][45/47]正在校对文件（Checking file）： https://raw.communitydragon.org/latest/plugins/rcp-be-lol-game-data/global/default/v1/tfttrovestablesnames.json
[2025-12-20 12-43-42][6/18][46/47]正在校对文件（Checking file）： https://raw.communitydragon.org/latest/plugins/rcp-be-lol-game-data/global/default/v1/tftzoomskins.json
[2025-12-20 12-43-42][6/18][47/47]正在校对文件（Checking file）： https://raw.communitydragon.org/latest/plugins/rcp-be-lol-game-data/global/default/v1/universes.json
[2025-12-20 12-43-42][7/18]正在检查文件夹（Checking the folder）：https://raw.communitydragon.org/latest/plugins/rcp-be-lol-game-data/global/zh_cn/v1/champions/
[2025-12-20 12-43-43]页面新文件列表如下：
New file list is as follows: 
   file        size           web_date          web_timestamp        local_date          local_timestamp   
 103.json    72.4 KiB    2025-12-20 12-02-56    1766203376.0     2025-12-20 10-07-19    1766196439.4592419 
 112.json    32.1 KiB    2025-12-20 12-02-57    1766203377.0     2025-12-20 10-07-20    1766196440.4039779 
 113.json    41.8 KiB    2025-12-20 12-02-57    1766203377.0     2025-12-20 10-07-22    1766196442.7307246 
 114.json    92.5 KiB    2025-12-20 12-02-57    1766203377.0     2025-12-20 10-07-24    1766196444.678084  
 119.json    79.7 KiB    2025-12-20 12-02-56    1766203376.0     2025-12-20 10-07-26    1766196446.0627017 
 121.json    47.2 KiB    2025-12-20 12-02-57    1766203377.0     2025-12-20 10-07-26    1766196446.9525964 
 143.json    51.2 KiB    2025-12-20 12-02-57    1766203377.0     2025-12-20 10-07-28    1766196448.1636043 
 221.json    35.7 KiB    2025-12-20 12-02-56    1766203376.0     2025-12-20 10-07-29    1766196449.2914574 
 222.json    53.0 KiB    2025-12-20 12-02-57    1766203377.0     2025-12-20 10-07-30    1766196450.2810595 
 236.json    55.1 KiB    2025-12-20 12-02-56    1766203376.0     2025-12-20 10-07-31    1766196451.2696636 
 267.json    49.2 KiB    2025-12-20 12-02-57    1766203377.0     2025-12-20 10-07-32    1766196452.065298  
  4.json     70.3 KiB    2025-12-20 12-02-57    1766203377.0     2025-12-20 10-07-33    1766196453.4433053 
  7.json     51.3 KiB    2025-12-20 12-02-57    1766203377.0     2025-12-20 10-07-35     1766196455.38909  
 800.json    17.5 KiB    2025-12-20 12-02-57    1766203377.0     2025-12-20 10-07-36    1766196456.460871  
 901.json    20.9 KiB    2025-12-20 12-02-57    1766203377.0     2025-12-20 10-07-37    1766196457.014583  
 902.json    24.3 KiB    2025-12-20 12-02-57    1766203377.0     2025-12-20 10-07-37    1766196457.8491404 
 904.json    14.6 KiB    2025-12-20 12-02-57    1766203377.0     2025-12-20 10-07-39    1766196459.0168927 
[2025-12-20 12-43-43][7/18][1/17]正在校对文件（Checking file）： https://raw.communitydragon.org/latest/plugins/rcp-be-lol-game-data/global/zh_cn/v1/champions/103.json
[2025-12-20 12-43-43][7/18][2/17]正在校对文件（Checking file）： https://raw.communitydragon.org/latest/plugins/rcp-be-lol-game-data/global/zh_cn/v1/champions/112.json
[2025-12-20 12-43-44][7/18][3/17]正在校对文件（Checking file）： https://raw.communitydragon.org/latest/plugins/rcp-be-lol-game-data/global/zh_cn/v1/champions/113.json
[2025-12-20 12-43-44][7/18][4/17]正在校对文件（Checking file）： https://raw.communitydragon.org/latest/plugins/rcp-be-lol-game-data/global/zh_cn/v1/champions/114.json
[2025-12-20 12-43-45][7/18][5/17]正在校对文件（Checking file）： https://raw.communitydragon.org/latest/plugins/rcp-be-lol-game-data/global/zh_cn/v1/champions/119.json
[2025-12-20 12-43-45][7/18][6/17]正在校对文件（Checking file）： https://raw.communitydragon.org/latest/plugins/rcp-be-lol-game-data/global/zh_cn/v1/champions/121.json
[2025-12-20 12-43-46][7/18][7/17]正在校对文件（Checking file）： https://raw.communitydragon.org/latest/plugins/rcp-be-lol-game-data/global/zh_cn/v1/champions/143.json
[2025-12-20 12-43-47][7/18][8/17]正在校对文件（Checking file）： https://raw.communitydragon.org/latest/plugins/rcp-be-lol-game-data/global/zh_cn/v1/champions/221.json
[2025-12-20 12-43-47][7/18][9/17]正在校对文件（Checking file）： https://raw.communitydragon.org/latest/plugins/rcp-be-lol-game-data/global/zh_cn/v1/champions/222.json
[2025-12-20 12-43-48][7/18][10/17]正在校对文件（Checking file）： https://raw.communitydragon.org/latest/plugins/rcp-be-lol-game-data/global/zh_cn/v1/champions/236.json
[2025-12-20 12-43-49][7/18][11/17]正在校对文件（Checking file）： https://raw.communitydragon.org/latest/plugins/rcp-be-lol-game-data/global/zh_cn/v1/champions/267.json
[2025-12-20 12-43-50][7/18][12/17]正在校对文件（Checking file）： https://raw.communitydragon.org/latest/plugins/rcp-be-lol-game-data/global/zh_cn/v1/champions/4.json
[2025-12-20 12-43-50][7/18][13/17]正在校对文件（Checking file）： https://raw.communitydragon.org/latest/plugins/rcp-be-lol-game-data/global/zh_cn/v1/champions/7.json
[2025-12-20 12-43-51][7/18][14/17]正在校对文件（Checking file）： https://raw.communitydragon.org/latest/plugins/rcp-be-lol-game-data/global/zh_cn/v1/champions/800.json
[2025-12-20 12-43-51][7/18][15/17]正在校对文件（Checking file）： https://raw.communitydragon.org/latest/plugins/rcp-be-lol-game-data/global/zh_cn/v1/champions/901.json
[2025-12-20 12-43-52][7/18][16/17]正在校对文件（Checking file）： https://raw.communitydragon.org/latest/plugins/rcp-be-lol-game-data/global/zh_cn/v1/champions/902.json
[2025-12-20 12-43-52][7/18][17/17]正在校对文件（Checking file）： https://raw.communitydragon.org/latest/plugins/rcp-be-lol-game-data/global/zh_cn/v1/champions/904.json
[2025-12-20 12-43-53][8/18]正在检查文件夹（Checking the folder）：https://raw.communitydragon.org/latest/plugins/rcp-be-lol-game-data/global/zh_cn/v1/map-assets/
[2025-12-20 12-43-54]页面新文件列表如下：
New file list is as follows: 
      file            size            web_date          web_timestamp        local_date         local_timestamp  
 map-assets.json    186.2 KiB    2025-12-20 12-02-57    1766203377.0     2025-12-20 10-07-41    1766196461.57386 
[2025-12-20 12-43-54][8/18][1/1]正在校对文件（Checking file）： https://raw.communitydragon.org/latest/plugins/rcp-be-lol-game-data/global/zh_cn/v1/map-assets/map-assets.json
[2025-12-20 12-43-54][9/18]正在检查文件夹（Checking the folder）：https://raw.communitydragon.org/latest/plugins/rcp-be-lol-game-data/global/zh_cn/v1/
[2025-12-20 12-43-56]页面新文件列表如下：
New file list is as follows: 
              file                   size            web_date          web_timestamp        local_date          local_timestamp   
     achievementtitles.json        104.4 KiB    2025-12-20 12-02-57    1766203377.0     2025-12-20 10-07-43    1766196463.7052877 
        challenges.json            621.7 KiB    2025-12-20 12-02-57    1766203377.0     2025-12-20 10-07-45    1766196465.0356784 
     champion-summary.json         41.8 KiB     2025-12-20 12-02-57    1766203377.0     2025-12-20 10-07-45    1766196465.533412  
      cherry-augments.json         76.3 KiB     2025-12-20 12-02-56    1766203376.0     2025-12-20 10-07-46    1766196466.3002646 
        companions.json            971.2 KiB    2025-12-20 12-02-57    1766203377.0     2025-12-20 10-07-48    1766196468.2586124 
      generic-assets.json          234.1 KiB    2025-12-20 12-02-57    1766203377.0     2025-12-20 10-07-49    1766196469.1578095 
           items.json              500.9 KiB    2025-12-20 12-02-56    1766203376.0     2025-12-20 10-07-50     1766196470.7867   
           loot.json                3.0 MiB     2025-12-20 12-02-56    1766203376.0     2025-12-20 10-07-54    1766196474.3719118 
      mission-assets.json          43.6 KiB     2025-12-20 12-02-57    1766203377.0     2025-12-20 10-07-55    1766196475.072057  
       nachobanners.json           24.6 KiB     2025-12-20 12-02-57    1766203377.0     2025-12-20 10-07-55    1766196475.7037363 
        objectives.json            60.4 KiB     2025-12-20 12-02-57    1766203377.0     2025-12-20 10-07-56    1766196476.4294245 
           perks.json              98.8 KiB     2025-12-20 12-02-56    1766203376.0     2025-12-20 10-07-57    1766196477.1406336 
       profile-icons.json          344.6 KiB    2025-12-20 12-02-57    1766203377.0     2025-12-20 10-07-58    1766196478.4607835 
          queues.json              256.7 KiB    2025-12-20 12-02-57    1766203377.0     2025-12-20 10-07-59    1766196479.5279908 
        skinborders.json           19.0 KiB     2025-12-20 12-02-57    1766203377.0     2025-12-20 10-08-00     1766196480.18137  
         skinlines.json            56.0 KiB     2025-12-20 12-02-56    1766203376.0     2025-12-20 10-08-01    1766196481.2353702 
           skins.json               5.3 MiB     2025-12-20 12-02-56    1766203376.0     2025-12-20 10-08-14    1766196494.2834628 
        statstones.json             1.8 MiB     2025-12-20 12-02-57    1766203377.0     2025-12-20 10-08-18    1766196498.0808153 
        stylesheet.json            27.4 KiB     2025-12-20 12-02-57    1766203377.0     2025-12-20 10-08-18    1766196498.5319684 
      summoner-emotes.json         573.8 KiB    2025-12-20 12-02-57    1766203377.0     2025-12-20 10-08-20     1766196500.36208  
      summoner-icons.json           1.8 MiB     2025-12-20 12-02-56    1766203376.0     2025-12-20 10-08-22    1766196502.9836318 
  tftcapmissioncollection.json     246.6 KiB    2025-12-20 12-02-56    1766203376.0     2025-12-20 10-08-24    1766196504.0059164 
 tftchampions-teamplanner.json     78.0 KiB     2025-12-20 12-02-57    1766203377.0     2025-12-20 10-08-25     1766196505.08882  
       tftchampions.json           159.2 KiB    2025-12-20 12-02-57    1766203377.0     2025-12-20 10-08-25    1766196505.8706057 
   tftchemtechstoredata.json       11.3 KiB     2025-12-20 12-02-57    1766203377.0     2025-12-20 10-08-26    1766196506.4355254 
      tftcontentdata.json          730.5 KiB    2025-12-20 12-02-56    1766203376.0     2025-12-20 10-08-28    1766196508.1456735 
      tftdamageskins.json          94.4 KiB     2025-12-20 12-02-57    1766203377.0     2025-12-20 10-08-28    1766196508.9022932 
     tfteventpvebuddy.json          2 Bytes     2025-12-20 12-02-57    1766203377.0     2025-12-20 10-08-29    1766196509.7670968 
      tfteventpvehub.json           2 Bytes     2025-12-20 12-02-56    1766203376.0     2025-12-20 10-08-30    1766196510.406141  
         tftitems.json             769.9 KiB    2025-12-20 12-02-57    1766203377.0     2025-12-20 10-08-33    1766196513.4047253 
      tftjourneytrack.json          2 Bytes     2025-12-20 12-02-56    1766203376.0     2025-12-20 10-08-35    1766196515.732439  
        tftmapskins.json           41.2 KiB     2025-12-20 12-02-57    1766203377.0     2025-12-20 10-08-38    1766196518.0632184 
    tftpasswelcomedata.json        212 Bytes    2025-12-20 12-02-57    1766203377.0     2025-12-20 10-08-39    1766196519.0512154 
       tftplaybooks.json           38.8 KiB     2025-12-20 12-02-56    1766203376.0     2025-12-20 10-08-41    1766196521.5617583 
     tftregionportals.json         22.1 KiB     2025-12-20 12-02-57    1766203377.0     2025-12-20 10-08-43    1766196523.6605597 
 tftrotationalshopitemdata.json     2.0 MiB     2025-12-20 12-02-57    1766203377.0     2025-12-20 10-08-46    1766196526.894448  
          tftsets.json              6.1 KiB     2025-12-20 12-02-57    1766203377.0     2025-12-20 10-08-47    1766196527.5334828 
         tfttraits.json            425.1 KiB    2025-12-20 12-02-57    1766203377.0     2025-12-20 10-08-49    1766196529.0469234 
  tfttrovesbannerrewards.json      852.9 KiB    2025-12-20 12-02-57    1766203377.0     2025-12-20 10-08-51    1766196531.115297  
     tfttrovesbanners.json         80.6 KiB     2025-12-20 12-02-57    1766203377.0     2025-12-20 10-08-51    1766196531.7579286 
   tfttrovestablesnames.json       404.9 KiB    2025-12-20 12-02-57    1766203377.0     2025-12-20 10-08-52    1766196532.9206016 
       tftzoomskins.json           15.8 KiB     2025-12-20 12-02-57    1766203377.0     2025-12-20 10-08-53    1766196533.5742905 
         universes.json            34.7 KiB     2025-12-20 12-02-57    1766203377.0     2025-12-20 10-08-54    1766196534.5548725 
[2025-12-20 12-43-56][9/18][1/43]正在校对文件（Checking file）： https://raw.communitydragon.org/latest/plugins/rcp-be-lol-game-data/global/zh_cn/v1/achievementtitles.json
[2025-12-20 12-43-57][9/18][2/43]正在校对文件（Checking file）： https://raw.communitydragon.org/latest/plugins/rcp-be-lol-game-data/global/zh_cn/v1/challenges.json
[2025-12-20 12-43-58][9/18][3/43]正在校对文件（Checking file）： https://raw.communitydragon.org/latest/plugins/rcp-be-lol-game-data/global/zh_cn/v1/champion-summary.json
[2025-12-20 12-43-58][9/18][4/43]正在校对文件（Checking file）： https://raw.communitydragon.org/latest/plugins/rcp-be-lol-game-data/global/zh_cn/v1/cherry-augments.json
[2025-12-20 12-43-59][9/18][5/43]正在校对文件（Checking file）： https://raw.communitydragon.org/latest/plugins/rcp-be-lol-game-data/global/zh_cn/v1/companions.json
[2025-12-20 12-44-00][9/18][6/43]正在校对文件（Checking file）： https://raw.communitydragon.org/latest/plugins/rcp-be-lol-game-data/global/zh_cn/v1/generic-assets.json
[2025-12-20 12-44-01][9/18][7/43]正在校对文件（Checking file）： https://raw.communitydragon.org/latest/plugins/rcp-be-lol-game-data/global/zh_cn/v1/items.json
[2025-12-20 12-44-02][9/18][8/43]正在校对文件（Checking file）： https://raw.communitydragon.org/latest/plugins/rcp-be-lol-game-data/global/zh_cn/v1/loot.json
[2025-12-20 12-44-04][9/18][9/43]正在校对文件（Checking file）： https://raw.communitydragon.org/latest/plugins/rcp-be-lol-game-data/global/zh_cn/v1/mission-assets.json
[2025-12-20 12-44-05][9/18][10/43]正在校对文件（Checking file）： https://raw.communitydragon.org/latest/plugins/rcp-be-lol-game-data/global/zh_cn/v1/nachobanners.json
[2025-12-20 12-44-07][9/18][11/43]正在校对文件（Checking file）： https://raw.communitydragon.org/latest/plugins/rcp-be-lol-game-data/global/zh_cn/v1/objectives.json
[2025-12-20 12-44-08][9/18][12/43]正在校对文件（Checking file）： https://raw.communitydragon.org/latest/plugins/rcp-be-lol-game-data/global/zh_cn/v1/perks.json
[2025-12-20 12-44-08][9/18][13/43]正在校对文件（Checking file）： https://raw.communitydragon.org/latest/plugins/rcp-be-lol-game-data/global/zh_cn/v1/profile-icons.json
[2025-12-20 12-44-09][9/18][14/43]正在校对文件（Checking file）： https://raw.communitydragon.org/latest/plugins/rcp-be-lol-game-data/global/zh_cn/v1/queues.json
[2025-12-20 12-44-10][9/18][15/43]正在校对文件（Checking file）： https://raw.communitydragon.org/latest/plugins/rcp-be-lol-game-data/global/zh_cn/v1/skinborders.json
[2025-12-20 12-44-10][9/18][16/43]正在校对文件（Checking file）： https://raw.communitydragon.org/latest/plugins/rcp-be-lol-game-data/global/zh_cn/v1/skinlines.json
[2025-12-20 12-44-11][9/18][17/43]正在校对文件（Checking file）： https://raw.communitydragon.org/latest/plugins/rcp-be-lol-game-data/global/zh_cn/v1/skins.json
[2025-12-20 12-44-14][9/18][18/43]正在校对文件（Checking file）： https://raw.communitydragon.org/latest/plugins/rcp-be-lol-game-data/global/zh_cn/v1/statstones.json
[2025-12-20 12-44-15][9/18][19/43]正在校对文件（Checking file）： https://raw.communitydragon.org/latest/plugins/rcp-be-lol-game-data/global/zh_cn/v1/stylesheet.json
[2025-12-20 12-44-16][9/18][20/43]正在校对文件（Checking file）： https://raw.communitydragon.org/latest/plugins/rcp-be-lol-game-data/global/zh_cn/v1/summoner-emotes.json
[2025-12-20 12-44-17][9/18][21/43]正在校对文件（Checking file）： https://raw.communitydragon.org/latest/plugins/rcp-be-lol-game-data/global/zh_cn/v1/summoner-icons.json
[2025-12-20 12-44-19][9/18][22/43]正在校对文件（Checking file）： https://raw.communitydragon.org/latest/plugins/rcp-be-lol-game-data/global/zh_cn/v1/tftcapmissioncollection.json
[2025-12-20 12-44-19][9/18][23/43]正在校对文件（Checking file）： https://raw.communitydragon.org/latest/plugins/rcp-be-lol-game-data/global/zh_cn/v1/tftchampions-teamplanner.json
[2025-12-20 12-44-21][9/18][24/43]正在校对文件（Checking file）： https://raw.communitydragon.org/latest/plugins/rcp-be-lol-game-data/global/zh_cn/v1/tftchampions.json
[2025-12-20 12-44-22][9/18][25/43]正在校对文件（Checking file）： https://raw.communitydragon.org/latest/plugins/rcp-be-lol-game-data/global/zh_cn/v1/tftchemtechstoredata.json
[2025-12-20 12-44-23][9/18][26/43]正在校对文件（Checking file）： https://raw.communitydragon.org/latest/plugins/rcp-be-lol-game-data/global/zh_cn/v1/tftcontentdata.json
[2025-12-20 12-44-24][9/18][27/43]正在校对文件（Checking file）： https://raw.communitydragon.org/latest/plugins/rcp-be-lol-game-data/global/zh_cn/v1/tftdamageskins.json
[2025-12-20 12-44-25][9/18][28/43]正在校对文件（Checking file）： https://raw.communitydragon.org/latest/plugins/rcp-be-lol-game-data/global/zh_cn/v1/tfteventpvebuddy.json
[2025-12-20 12-44-25][9/18][29/43]正在校对文件（Checking file）： https://raw.communitydragon.org/latest/plugins/rcp-be-lol-game-data/global/zh_cn/v1/tfteventpvehub.json
[2025-12-20 12-44-26][9/18][30/43]正在校对文件（Checking file）： https://raw.communitydragon.org/latest/plugins/rcp-be-lol-game-data/global/zh_cn/v1/tftitems.json
[2025-12-20 12-44-27][9/18][31/43]正在校对文件（Checking file）： https://raw.communitydragon.org/latest/plugins/rcp-be-lol-game-data/global/zh_cn/v1/tftjourneytrack.json
[2025-12-20 12-44-27][9/18][32/43]正在校对文件（Checking file）： https://raw.communitydragon.org/latest/plugins/rcp-be-lol-game-data/global/zh_cn/v1/tftmapskins.json
[2025-12-20 12-44-28][9/18][33/43]正在校对文件（Checking file）： https://raw.communitydragon.org/latest/plugins/rcp-be-lol-game-data/global/zh_cn/v1/tftpasswelcomedata.json
[2025-12-20 12-44-29][9/18][34/43]正在校对文件（Checking file）： https://raw.communitydragon.org/latest/plugins/rcp-be-lol-game-data/global/zh_cn/v1/tftplaybooks.json
[2025-12-20 12-44-29][9/18][35/43]正在校对文件（Checking file）： https://raw.communitydragon.org/latest/plugins/rcp-be-lol-game-data/global/zh_cn/v1/tftregionportals.json
[2025-12-20 12-44-29][9/18][36/43]正在校对文件（Checking file）： https://raw.communitydragon.org/latest/plugins/rcp-be-lol-game-data/global/zh_cn/v1/tftrotationalshopitemdata.json
[2025-12-20 12-44-31][9/18][37/43]正在校对文件（Checking file）： https://raw.communitydragon.org/latest/plugins/rcp-be-lol-game-data/global/zh_cn/v1/tftsets.json
[2025-12-20 12-44-31][9/18][38/43]正在校对文件（Checking file）： https://raw.communitydragon.org/latest/plugins/rcp-be-lol-game-data/global/zh_cn/v1/tfttraits.json
[2025-12-20 12-44-33][9/18][39/43]正在校对文件（Checking file）： https://raw.communitydragon.org/latest/plugins/rcp-be-lol-game-data/global/zh_cn/v1/tfttrovesbannerrewards.json
[2025-12-20 12-44-34][9/18][40/43]正在校对文件（Checking file）： https://raw.communitydragon.org/latest/plugins/rcp-be-lol-game-data/global/zh_cn/v1/tfttrovesbanners.json
[2025-12-20 12-44-35][9/18][41/43]正在校对文件（Checking file）： https://raw.communitydragon.org/latest/plugins/rcp-be-lol-game-data/global/zh_cn/v1/tfttrovestablesnames.json
[2025-12-20 12-44-36][9/18][42/43]正在校对文件（Checking file）： https://raw.communitydragon.org/latest/plugins/rcp-be-lol-game-data/global/zh_cn/v1/tftzoomskins.json
[2025-12-20 12-44-39][9/18][43/43]正在校对文件（Checking file）： https://raw.communitydragon.org/latest/plugins/rcp-be-lol-game-data/global/zh_cn/v1/universes.json
[2025-12-20 12-44-40][10/18]正在检查文件夹（Checking the folder）：https://raw.communitydragon.org/pbe/
[2025-12-20 12-44-41]页面新文件列表如下：
New file list is as follows: 
             file                  size           web_date          web_timestamp        local_date          local_timestamp   
 compat-version-metadata.json    70 Bytes    2025-12-20 10-16-41    1766197001.0     2025-12-19 11-27-21    1766114841.644563  
    content-metadata.json        72 Bytes    2025-12-20 10-16-41    1766197001.0     2025-12-19 11-27-21    1766114841.9981072 
[2025-12-20 12-44-41][10/18][1/2]正在校对文件（Checking file）： https://raw.communitydragon.org/pbe/compat-version-metadata.json
[2025-12-20 12-44-41]已更新文件（Updated file）：离线数据（Offline Data）/cdragon/pbe/compat-version-metadata.json
[2025-12-20 12-44-41][10/18][2/2]正在校对文件（Checking file）： https://raw.communitydragon.org/pbe/content-metadata.json
[2025-12-20 12-44-42]已更新文件（Updated file）：离线数据（Offline Data）/cdragon/pbe/content-metadata.json
[2025-12-20 12-44-42][11/18]正在检查文件夹（Checking the folder）：https://raw.communitydragon.org/pbe/cdragon/arena/
[2025-12-20 12-44-42]页面新文件列表如下：
New file list is as follows: 
    file         size            web_date          web_timestamp        local_date          local_timestamp   
 en_us.json    247.4 KiB    2025-12-20 10-18-30    1766197110.0     2025-12-19 11-27-23    1766114843.2968109 
 zh_cn.json    250.8 KiB    2025-12-20 10-18-37    1766197117.0     2025-12-19 11-27-24    1766114844.165086  
[2025-12-20 12-44-42][11/18][1/2]正在校对文件（Checking file）： https://raw.communitydragon.org/pbe/cdragon/arena/en_us.json
[2025-12-20 12-44-43][11/18][2/2]正在校对文件（Checking file）： https://raw.communitydragon.org/pbe/cdragon/arena/zh_cn.json
[2025-12-20 12-44-43][12/18]正在检查文件夹（Checking the folder）：https://raw.communitydragon.org/pbe/cdragon/tft/
[2025-12-20 12-44-44]页面新文件列表如下：
New file list is as follows: 
    file         size           web_date          web_timestamp        local_date          local_timestamp   
 en_us.json    20.6 MiB    2025-12-20 10-17-37    1766197057.0     2025-12-19 11-27-26    1766114846.9224584 
 zh_cn.json    20.6 MiB    2025-12-20 10-17-47    1766197067.0     2025-12-19 11-27-28    1766114848.7868993 
[2025-12-20 12-44-44][12/18][1/2]正在校对文件（Checking file）： https://raw.communitydragon.org/pbe/cdragon/tft/en_us.json
[2025-12-20 12-44-46]已更新文件（Updated file）：离线数据（Offline Data）/cdragon/pbe/cdragon/tft/en_us.json
[2025-12-20 12-44-46][12/18][2/2]正在校对文件（Checking file）： https://raw.communitydragon.org/pbe/cdragon/tft/zh_cn.json
[2025-12-20 12-44-47]已更新文件（Updated file）：离线数据（Offline Data）/cdragon/pbe/cdragon/tft/zh_cn.json
[2025-12-20 12-44-47][13/18]正在检查文件夹（Checking the folder）：https://raw.communitydragon.org/pbe/plugins/rcp-be-lol-game-data/global/default/v1/champions/
[2025-12-20 12-44-48]页面新文件列表如下：
New file list is as follows: 
Empty DataFrame
Columns: [file, size, web_date, web_timestamp, local_date, local_timestamp]
Index: []
[2025-12-20 12-44-48][14/18]正在检查文件夹（Checking the folder）：https://raw.communitydragon.org/pbe/plugins/rcp-be-lol-game-data/global/default/v1/map-assets/
[2025-12-20 12-44-48]页面新文件列表如下：
New file list is as follows: 
Empty DataFrame
Columns: [file, size, web_date, web_timestamp, local_date, local_timestamp]
Index: []
[2025-12-20 12-44-48][15/18]正在检查文件夹（Checking the folder）：https://raw.communitydragon.org/pbe/plugins/rcp-be-lol-game-data/global/default/v1/
[2025-12-20 12-44-48]页面新文件列表如下：
New file list is as follows: 
      file            size            web_date          web_timestamp        local_date          local_timestamp   
 event-hub.json     125.4 KiB    2025-12-20 10-17-00    1766197020.0     2025-12-12 11-41-28    1765510888.8346803 
 objectives.json    41.9 KiB     2025-12-20 10-17-00    1766197020.0     2025-12-13 11-48-19    1765597699.7866178 
 ward-skins.json    129.8 KiB    2025-12-20 10-17-00    1766197020.0     2025-12-04 11-36-01    1764819361.4140074 
[2025-12-20 12-44-49][15/18][1/3]正在校对文件（Checking file）： https://raw.communitydragon.org/pbe/plugins/rcp-be-lol-game-data/global/default/v1/event-hub.json
[2025-12-20 12-44-49]已更新文件（Updated file）：离线数据（Offline Data）/cdragon/pbe/plugins/rcp-be-lol-game-data/global/default/v1/event-hub.json
[2025-12-20 12-44-49][15/18][2/3]正在校对文件（Checking file）： https://raw.communitydragon.org/pbe/plugins/rcp-be-lol-game-data/global/default/v1/objectives.json
[2025-12-20 12-44-49]已更新文件（Updated file）：离线数据（Offline Data）/cdragon/pbe/plugins/rcp-be-lol-game-data/global/default/v1/objectives.json
[2025-12-20 12-44-49][15/18][3/3]正在校对文件（Checking file）： https://raw.communitydragon.org/pbe/plugins/rcp-be-lol-game-data/global/default/v1/ward-skins.json
[2025-12-20 12-44-50]已更新文件（Updated file）：离线数据（Offline Data）/cdragon/pbe/plugins/rcp-be-lol-game-data/global/default/v1/ward-skins.json
[2025-12-20 12-44-50][16/18]正在检查文件夹（Checking the folder）：https://raw.communitydragon.org/pbe/plugins/rcp-be-lol-game-data/global/zh_cn/v1/champions/
[2025-12-20 12-44-50]页面新文件列表如下：
New file list is as follows: 
Empty DataFrame
Columns: [file, size, web_date, web_timestamp, local_date, local_timestamp]
Index: []
[2025-12-20 12-44-50][17/18]正在检查文件夹（Checking the folder）：https://raw.communitydragon.org/pbe/plugins/rcp-be-lol-game-data/global/zh_cn/v1/map-assets/
[2025-12-20 12-44-50]页面新文件列表如下：
New file list is as follows: 
Empty DataFrame
Columns: [file, size, web_date, web_timestamp, local_date, local_timestamp]
Index: []
[2025-12-20 12-44-50][18/18]正在检查文件夹（Checking the folder）：https://raw.communitydragon.org/pbe/plugins/rcp-be-lol-game-data/global/zh_cn/v1/
[2025-12-20 12-44-51]页面新文件列表如下：
New file list is as follows: 
      file            size            web_date          web_timestamp        local_date          local_timestamp   
 event-hub.json     124.7 KiB    2025-12-20 10-17-04    1766197024.0     2025-12-12 11-41-49    1765510909.102344  
 objectives.json    42.0 KiB     2025-12-20 10-17-04    1766197024.0     2025-12-13 11-48-23    1765597703.588449  
 ward-skins.json    121.2 KiB    2025-12-20 10-17-04    1766197024.0     2025-12-06 12-13-54    1764994434.2867928 
[2025-12-20 12-44-51][18/18][1/3]正在校对文件（Checking file）： https://raw.communitydragon.org/pbe/plugins/rcp-be-lol-game-data/global/zh_cn/v1/event-hub.json
[2025-12-20 12-44-51]已更新文件（Updated file）：离线数据（Offline Data）/cdragon/pbe/plugins/rcp-be-lol-game-data/global/zh_cn/v1/event-hub.json
[2025-12-20 12-44-51][18/18][2/3]正在校对文件（Checking file）： https://raw.communitydragon.org/pbe/plugins/rcp-be-lol-game-data/global/zh_cn/v1/objectives.json
[2025-12-20 12-44-51]已更新文件（Updated file）：离线数据（Offline Data）/cdragon/pbe/plugins/rcp-be-lol-game-data/global/zh_cn/v1/objectives.json
[2025-12-20 12-44-51][18/18][3/3]正在校对文件（Checking file）： https://raw.communitydragon.org/pbe/plugins/rcp-be-lol-game-data/global/zh_cn/v1/ward-skins.json
[2025-12-20 12-44-52]已更新文件（Updated file）：离线数据（Offline Data）/cdragon/pbe/plugins/rcp-be-lol-game-data/global/zh_cn/v1/ward-skins.json
已更新以下10个文件：
Updated the following 10 file(s):
https://raw.communitydragon.org/pbe/compat-version-metadata.json
https://raw.communitydragon.org/pbe/content-metadata.json
https://raw.communitydragon.org/pbe/cdragon/tft/en_us.json
https://raw.communitydragon.org/pbe/cdragon/tft/zh_cn.json
https://raw.communitydragon.org/pbe/plugins/rcp-be-lol-game-data/global/default/v1/event-hub.json
https://raw.communitydragon.org/pbe/plugins/rcp-be-lol-game-data/global/default/v1/objectives.json
https://raw.communitydragon.org/pbe/plugins/rcp-be-lol-game-data/global/default/v1/ward-skins.json
https://raw.communitydragon.org/pbe/plugins/rcp-be-lol-game-data/global/zh_cn/v1/event-hub.json
https://raw.communitydragon.org/pbe/plugins/rcp-be-lol-game-data/global/zh_cn/v1/objectives.json
https://raw.communitydragon.org/pbe/plugins/rcp-be-lol-game-data/global/zh_cn/v1/ward-skins.json

请选择要更新的数据资源，输入空字符串以退出程序：
Please select the data resource to update, or submit an empty string to exit the program:
1	CommunityDragon
2	DataDragon
[2025-12-20 12-54-45]
[The program has exited!]
