请选择要更新的数据资源，输入空字符串以退出程序：
Please select the data resource to update, or submit an empty string to exit the program:
1	CommunityDragon
2	DataDragon
[2025-11-14 12-05-11]1
请选择要更新的数据资源：
Please select the data resources to update:
☆1	主要文件（默认）【Major files (by default)】
2	自行指定（Specify manually）
[2025-11-14 12-05-12]
请选择更新模式：
Please select the update mode:
1	全局扫描（Global Scan）
☆2	按修改时间更新（默认）【Updating According to Modification Time (by default)】
[2025-11-14 12-05-12]
请选择一种方式指定修改时间：
Please select a method of specifying the modification time:
☆1	自动获取（默认）【Automatically get (by default)】
2	手动输入（Manually input）
[2025-11-14 12-05-12]
[2025-11-14 12-05-12][1/18]正在检查文件夹（Checking the folder）：https://raw.communitydragon.org/latest/
[2025-11-14 12-05-13]页面新文件列表如下：
New file list is as follows: 
Empty DataFrame
Columns: [file, size, web_date, web_timestamp, local_date, local_timestamp]
Index: []
[2025-11-14 12-05-13][2/18]正在检查文件夹（Checking the folder）：https://raw.communitydragon.org/latest/cdragon/arena/
[2025-11-14 12-05-13]页面新文件列表如下：
New file list is as follows: 
Empty DataFrame
Columns: [file, size, web_date, web_timestamp, local_date, local_timestamp]
Index: []
[2025-11-14 12-05-13][3/18]正在检查文件夹（Checking the folder）：https://raw.communitydragon.org/latest/cdragon/tft/
[2025-11-14 12-05-13]页面新文件列表如下：
New file list is as follows: 
Empty DataFrame
Columns: [file, size, web_date, web_timestamp, local_date, local_timestamp]
Index: []
[2025-11-14 12-05-13][4/18]正在检查文件夹（Checking the folder）：https://raw.communitydragon.org/latest/plugins/rcp-be-lol-game-data/global/default/v1/champions/
[2025-11-14 12-05-14]页面新文件列表如下：
New file list is as follows: 
Empty DataFrame
Columns: [file, size, web_date, web_timestamp, local_date, local_timestamp]
Index: []
[2025-11-14 12-05-14][5/18]正在检查文件夹（Checking the folder）：https://raw.communitydragon.org/latest/plugins/rcp-be-lol-game-data/global/default/v1/map-assets/
[2025-11-14 12-05-14]页面新文件列表如下：
New file list is as follows: 
Empty DataFrame
Columns: [file, size, web_date, web_timestamp, local_date, local_timestamp]
Index: []
[2025-11-14 12-05-14][6/18]正在检查文件夹（Checking the folder）：https://raw.communitydragon.org/latest/plugins/rcp-be-lol-game-data/global/default/v1/
[2025-11-14 12-05-15]页面新文件列表如下：
New file list is as follows: 
Empty DataFrame
Columns: [file, size, web_date, web_timestamp, local_date, local_timestamp]
Index: []
[2025-11-14 12-05-15][7/18]正在检查文件夹（Checking the folder）：https://raw.communitydragon.org/latest/plugins/rcp-be-lol-game-data/global/zh_cn/v1/champions/
[2025-11-14 12-05-15]页面新文件列表如下：
New file list is as follows: 
Empty DataFrame
Columns: [file, size, web_date, web_timestamp, local_date, local_timestamp]
Index: []
[2025-11-14 12-05-15][8/18]正在检查文件夹（Checking the folder）：https://raw.communitydragon.org/latest/plugins/rcp-be-lol-game-data/global/zh_cn/v1/map-assets/
[2025-11-14 12-05-17]页面新文件列表如下：
New file list is as follows: 
Empty DataFrame
Columns: [file, size, web_date, web_timestamp, local_date, local_timestamp]
Index: []
[2025-11-14 12-05-17][9/18]正在检查文件夹（Checking the folder）：https://raw.communitydragon.org/latest/plugins/rcp-be-lol-game-data/global/zh_cn/v1/
[2025-11-14 12-05-17]页面新文件列表如下：
New file list is as follows: 
Empty DataFrame
Columns: [file, size, web_date, web_timestamp, local_date, local_timestamp]
Index: []
[2025-11-14 12-05-17][10/18]正在检查文件夹（Checking the folder）：https://raw.communitydragon.org/pbe/
[2025-11-14 12-05-18]页面新文件列表如下：
New file list is as follows: 
             file                  size           web_date          web_timestamp        local_date          local_timestamp   
 compat-version-metadata.json    72 Bytes    2025-11-14 05-10-29    1763068229.0     2025-11-13 12-06-02    1763006762.286122  
    content-metadata.json        74 Bytes    2025-11-14 05-10-29    1763068229.0     2025-11-13 12-06-02    1763006762.4819639 
[2025-11-14 12-05-18][10/18][1/2]正在校对文件（Checking file）： https://raw.communitydragon.org/pbe/compat-version-metadata.json
[2025-11-14 12-05-18]已更新文件（Updated file）：离线数据（Offline Data）/cdragon/pbe/compat-version-metadata.json
[2025-11-14 12-05-18][10/18][2/2]正在校对文件（Checking file）： https://raw.communitydragon.org/pbe/content-metadata.json
[2025-11-14 12-05-18]已更新文件（Updated file）：离线数据（Offline Data）/cdragon/pbe/content-metadata.json
[2025-11-14 12-05-18][11/18]正在检查文件夹（Checking the folder）：https://raw.communitydragon.org/pbe/cdragon/arena/
[2025-11-14 12-05-19]页面新文件列表如下：
New file list is as follows: 
    file         size            web_date          web_timestamp        local_date          local_timestamp   
 en_us.json    235.1 KiB    2025-11-14 05-12-50    1763068370.0     2025-11-13 12-06-02    1763006762.9975336 
 zh_cn.json    238.3 KiB    2025-11-14 05-12-51    1763068371.0     2025-11-13 12-06-03    1763006763.224866  
[2025-11-14 12-05-19][11/18][1/2]正在校对文件（Checking file）： https://raw.communitydragon.org/pbe/cdragon/arena/en_us.json
[2025-11-14 12-05-20][11/18][2/2]正在校对文件（Checking file）： https://raw.communitydragon.org/pbe/cdragon/arena/zh_cn.json
[2025-11-14 12-05-20][12/18]正在检查文件夹（Checking the folder）：https://raw.communitydragon.org/pbe/cdragon/tft/
[2025-11-14 12-05-20]页面新文件列表如下：
New file list is as follows: 
    file         size           web_date          web_timestamp        local_date          local_timestamp   
 en_us.json    21.6 MiB    2025-11-14 05-12-31    1763068351.0     2025-11-13 12-06-05    1763006765.2715728 
 zh_cn.json    21.7 MiB    2025-11-14 05-12-34    1763068354.0     2025-11-13 12-06-06    1763006766.481154  
[2025-11-14 12-05-20][12/18][1/2]正在校对文件（Checking file）： https://raw.communitydragon.org/pbe/cdragon/tft/en_us.json
[2025-11-14 12-05-23]已更新文件（Updated file）：离线数据（Offline Data）/cdragon/pbe/cdragon/tft/en_us.json
[2025-11-14 12-05-23][12/18][2/2]正在校对文件（Checking file）： https://raw.communitydragon.org/pbe/cdragon/tft/zh_cn.json
[2025-11-14 12-05-24]已更新文件（Updated file）：离线数据（Offline Data）/cdragon/pbe/cdragon/tft/zh_cn.json
[2025-11-14 12-05-24][13/18]正在检查文件夹（Checking the folder）：https://raw.communitydragon.org/pbe/plugins/rcp-be-lol-game-data/global/default/v1/champions/
[2025-11-14 12-05-25]页面新文件列表如下：
New file list is as follows: 
   file        size           web_date          web_timestamp        local_date          local_timestamp   
 107.json    36.0 KiB    2025-11-14 05-11-57    1763068317.0     2025-11-06 13-17-00    1762406220.0548868 
[2025-11-14 12-05-25][13/18][1/1]正在校对文件（Checking file）： https://raw.communitydragon.org/pbe/plugins/rcp-be-lol-game-data/global/default/v1/champions/107.json
[2025-11-14 12-05-25]已更新文件（Updated file）：离线数据（Offline Data）/cdragon/pbe/plugins/rcp-be-lol-game-data/global/default/v1/champions/107.json
[2025-11-14 12-05-25][14/18]正在检查文件夹（Checking the folder）：https://raw.communitydragon.org/pbe/plugins/rcp-be-lol-game-data/global/default/v1/map-assets/
[2025-11-14 12-05-26]页面新文件列表如下：
New file list is as follows: 
Empty DataFrame
Columns: [file, size, web_date, web_timestamp, local_date, local_timestamp]
Index: []
[2025-11-14 12-05-26][15/18]正在检查文件夹（Checking the folder）：https://raw.communitydragon.org/pbe/plugins/rcp-be-lol-game-data/global/default/v1/
[2025-11-14 12-05-26]页面新文件列表如下：
New file list is as follows: 
              file                   size            web_date          web_timestamp        local_date          local_timestamp   
        companions.json            958.2 KiB    2025-11-14 05-11-57    1763068317.0     2025-11-13 12-06-09     1763006769.55474  
         event-hub.json            121.4 KiB    2025-11-14 05-11-57    1763068317.0     2025-11-13 12-06-09    1763006769.7815137 
           loot.json                3.0 MiB     2025-11-14 05-11-57    1763068317.0     2025-11-13 12-06-10    1763006770.2054236 
      tftcontentdata.json          719.4 KiB    2025-11-14 05-11-57    1763068317.0     2025-11-13 12-06-11    1763006771.6797323 
 tftrotationalshopitemdata.json     1.9 MiB     2025-11-14 05-11-57    1763068317.0     2025-11-13 12-06-11    1763006771.9684634 
  tfttrovesbannerrewards.json      838.8 KiB    2025-11-14 05-11-57    1763068317.0     2025-11-13 12-06-12    1763006772.445724  
   tfttrovestablesnames.json       385.9 KiB    2025-11-14 05-11-57    1763068317.0     2025-11-13 12-06-12    1763006772.9274821 
[2025-11-14 12-05-26][15/18][1/7]正在校对文件（Checking file）： https://raw.communitydragon.org/pbe/plugins/rcp-be-lol-game-data/global/default/v1/companions.json
[2025-11-14 12-05-26]已更新文件（Updated file）：离线数据（Offline Data）/cdragon/pbe/plugins/rcp-be-lol-game-data/global/default/v1/companions.json
[2025-11-14 12-05-26][15/18][2/7]正在校对文件（Checking file）： https://raw.communitydragon.org/pbe/plugins/rcp-be-lol-game-data/global/default/v1/event-hub.json
[2025-11-14 12-05-27]已更新文件（Updated file）：离线数据（Offline Data）/cdragon/pbe/plugins/rcp-be-lol-game-data/global/default/v1/event-hub.json
[2025-11-14 12-05-27][15/18][3/7]正在校对文件（Checking file）： https://raw.communitydragon.org/pbe/plugins/rcp-be-lol-game-data/global/default/v1/loot.json
[2025-11-14 12-05-27]已更新文件（Updated file）：离线数据（Offline Data）/cdragon/pbe/plugins/rcp-be-lol-game-data/global/default/v1/loot.json
[2025-11-14 12-05-27][15/18][4/7]正在校对文件（Checking file）： https://raw.communitydragon.org/pbe/plugins/rcp-be-lol-game-data/global/default/v1/tftcontentdata.json
[2025-11-14 12-05-28]已更新文件（Updated file）：离线数据（Offline Data）/cdragon/pbe/plugins/rcp-be-lol-game-data/global/default/v1/tftcontentdata.json
[2025-11-14 12-05-28][15/18][5/7]正在校对文件（Checking file）： https://raw.communitydragon.org/pbe/plugins/rcp-be-lol-game-data/global/default/v1/tftrotationalshopitemdata.json
[2025-11-14 12-05-28]已更新文件（Updated file）：离线数据（Offline Data）/cdragon/pbe/plugins/rcp-be-lol-game-data/global/default/v1/tftrotationalshopitemdata.json
[2025-11-14 12-05-28][15/18][6/7]正在校对文件（Checking file）： https://raw.communitydragon.org/pbe/plugins/rcp-be-lol-game-data/global/default/v1/tfttrovesbannerrewards.json
[2025-11-14 12-05-29]已更新文件（Updated file）：离线数据（Offline Data）/cdragon/pbe/plugins/rcp-be-lol-game-data/global/default/v1/tfttrovesbannerrewards.json
[2025-11-14 12-05-29][15/18][7/7]正在校对文件（Checking file）： https://raw.communitydragon.org/pbe/plugins/rcp-be-lol-game-data/global/default/v1/tfttrovestablesnames.json
[2025-11-14 12-05-29]已更新文件（Updated file）：离线数据（Offline Data）/cdragon/pbe/plugins/rcp-be-lol-game-data/global/default/v1/tfttrovestablesnames.json
[2025-11-14 12-05-29][16/18]正在检查文件夹（Checking the folder）：https://raw.communitydragon.org/pbe/plugins/rcp-be-lol-game-data/global/zh_cn/v1/champions/
[2025-11-14 12-05-29]页面新文件列表如下：
New file list is as follows: 
   file        size           web_date          web_timestamp        local_date          local_timestamp   
 107.json    37.2 KiB    2025-11-14 05-12-03    1763068323.0     2025-11-06 13-17-05    1762406225.4866676 
[2025-11-14 12-05-29][16/18][1/1]正在校对文件（Checking file）： https://raw.communitydragon.org/pbe/plugins/rcp-be-lol-game-data/global/zh_cn/v1/champions/107.json
[2025-11-14 12-05-30]已更新文件（Updated file）：离线数据（Offline Data）/cdragon/pbe/plugins/rcp-be-lol-game-data/global/zh_cn/v1/champions/107.json
[2025-11-14 12-05-30][17/18]正在检查文件夹（Checking the folder）：https://raw.communitydragon.org/pbe/plugins/rcp-be-lol-game-data/global/zh_cn/v1/map-assets/
[2025-11-14 12-05-30]页面新文件列表如下：
New file list is as follows: 
Empty DataFrame
Columns: [file, size, web_date, web_timestamp, local_date, local_timestamp]
Index: []
[2025-11-14 12-05-30][18/18]正在检查文件夹（Checking the folder）：https://raw.communitydragon.org/pbe/plugins/rcp-be-lol-game-data/global/zh_cn/v1/
[2025-11-14 12-05-30]页面新文件列表如下：
New file list is as follows: 
              file                   size            web_date          web_timestamp        local_date          local_timestamp   
        companions.json            964.0 KiB    2025-11-14 05-12-03    1763068323.0     2025-11-13 12-06-18    1763006778.0913115 
         event-hub.json            120.7 KiB    2025-11-14 05-12-03    1763068323.0     2025-11-12 08-15-14    1762906514.9663577 
           loot.json                3.0 MiB     2025-11-14 05-12-02    1763068322.0     2025-11-13 12-06-18     1763006778.56854  
      tftcontentdata.json          719.4 KiB    2025-11-14 05-12-03    1763068323.0     2025-11-13 12-06-20    1763006780.4282057 
 tftrotationalshopitemdata.json     2.0 MiB     2025-11-14 05-12-03    1763068323.0     2025-11-13 12-06-20    1763006780.7678027 
  tfttrovesbannerrewards.json      842.6 KiB    2025-11-14 05-12-03    1763068323.0     2025-11-13 12-06-21    1763006781.264272  
   tfttrovestablesnames.json       398.9 KiB    2025-11-14 05-12-03    1763068323.0     2025-11-13 12-06-21    1763006781.4881024 
[2025-11-14 12-05-30][18/18][1/7]正在校对文件（Checking file）： https://raw.communitydragon.org/pbe/plugins/rcp-be-lol-game-data/global/zh_cn/v1/companions.json
[2025-11-14 12-05-31]已更新文件（Updated file）：离线数据（Offline Data）/cdragon/pbe/plugins/rcp-be-lol-game-data/global/zh_cn/v1/companions.json
[2025-11-14 12-05-31][18/18][2/7]正在校对文件（Checking file）： https://raw.communitydragon.org/pbe/plugins/rcp-be-lol-game-data/global/zh_cn/v1/event-hub.json
[2025-11-14 12-05-31]已更新文件（Updated file）：离线数据（Offline Data）/cdragon/pbe/plugins/rcp-be-lol-game-data/global/zh_cn/v1/event-hub.json
[2025-11-14 12-05-31][18/18][3/7]正在校对文件（Checking file）： https://raw.communitydragon.org/pbe/plugins/rcp-be-lol-game-data/global/zh_cn/v1/loot.json
[2025-11-14 12-05-32]已更新文件（Updated file）：离线数据（Offline Data）/cdragon/pbe/plugins/rcp-be-lol-game-data/global/zh_cn/v1/loot.json
[2025-11-14 12-05-32][18/18][4/7]正在校对文件（Checking file）： https://raw.communitydragon.org/pbe/plugins/rcp-be-lol-game-data/global/zh_cn/v1/tftcontentdata.json
[2025-11-14 12-05-33]已更新文件（Updated file）：离线数据（Offline Data）/cdragon/pbe/plugins/rcp-be-lol-game-data/global/zh_cn/v1/tftcontentdata.json
[2025-11-14 12-05-33][18/18][5/7]正在校对文件（Checking file）： https://raw.communitydragon.org/pbe/plugins/rcp-be-lol-game-data/global/zh_cn/v1/tftrotationalshopitemdata.json
[2025-11-14 12-05-33]已更新文件（Updated file）：离线数据（Offline Data）/cdragon/pbe/plugins/rcp-be-lol-game-data/global/zh_cn/v1/tftrotationalshopitemdata.json
[2025-11-14 12-05-33][18/18][6/7]正在校对文件（Checking file）： https://raw.communitydragon.org/pbe/plugins/rcp-be-lol-game-data/global/zh_cn/v1/tfttrovesbannerrewards.json
[2025-11-14 12-05-34]已更新文件（Updated file）：离线数据（Offline Data）/cdragon/pbe/plugins/rcp-be-lol-game-data/global/zh_cn/v1/tfttrovesbannerrewards.json
[2025-11-14 12-05-34][18/18][7/7]正在校对文件（Checking file）： https://raw.communitydragon.org/pbe/plugins/rcp-be-lol-game-data/global/zh_cn/v1/tfttrovestablesnames.json
[2025-11-14 12-05-34]已更新文件（Updated file）：离线数据（Offline Data）/cdragon/pbe/plugins/rcp-be-lol-game-data/global/zh_cn/v1/tfttrovestablesnames.json
已更新以下20个文件：
Updated the following 20 file(s):
https://raw.communitydragon.org/pbe/compat-version-metadata.json
https://raw.communitydragon.org/pbe/content-metadata.json
https://raw.communitydragon.org/pbe/cdragon/tft/en_us.json
https://raw.communitydragon.org/pbe/cdragon/tft/zh_cn.json
https://raw.communitydragon.org/pbe/plugins/rcp-be-lol-game-data/global/default/v1/champions/107.json
https://raw.communitydragon.org/pbe/plugins/rcp-be-lol-game-data/global/default/v1/companions.json
https://raw.communitydragon.org/pbe/plugins/rcp-be-lol-game-data/global/default/v1/event-hub.json
https://raw.communitydragon.org/pbe/plugins/rcp-be-lol-game-data/global/default/v1/loot.json
https://raw.communitydragon.org/pbe/plugins/rcp-be-lol-game-data/global/default/v1/tftcontentdata.json
https://raw.communitydragon.org/pbe/plugins/rcp-be-lol-game-data/global/default/v1/tftrotationalshopitemdata.json
https://raw.communitydragon.org/pbe/plugins/rcp-be-lol-game-data/global/default/v1/tfttrovesbannerrewards.json
https://raw.communitydragon.org/pbe/plugins/rcp-be-lol-game-data/global/default/v1/tfttrovestablesnames.json
https://raw.communitydragon.org/pbe/plugins/rcp-be-lol-game-data/global/zh_cn/v1/champions/107.json
https://raw.communitydragon.org/pbe/plugins/rcp-be-lol-game-data/global/zh_cn/v1/companions.json
https://raw.communitydragon.org/pbe/plugins/rcp-be-lol-game-data/global/zh_cn/v1/event-hub.json
https://raw.communitydragon.org/pbe/plugins/rcp-be-lol-game-data/global/zh_cn/v1/loot.json
https://raw.communitydragon.org/pbe/plugins/rcp-be-lol-game-data/global/zh_cn/v1/tftcontentdata.json
https://raw.communitydragon.org/pbe/plugins/rcp-be-lol-game-data/global/zh_cn/v1/tftrotationalshopitemdata.json
https://raw.communitydragon.org/pbe/plugins/rcp-be-lol-game-data/global/zh_cn/v1/tfttrovesbannerrewards.json
https://raw.communitydragon.org/pbe/plugins/rcp-be-lol-game-data/global/zh_cn/v1/tfttrovestablesnames.json

请选择要更新的数据资源，输入空字符串以退出程序：
Please select the data resource to update, or submit an empty string to exit the program:
1	CommunityDragon
2	DataDragon
[2025-11-14 12-05-57]
[The program has exited!]
