请选择要更新的数据资源，输入空字符串以退出程序：
Please select the data resource to update, or submit an empty string to exit the program:
1	CommunityDragon
2	DataDragon
[2025-08-13 12-58-57]1
请选择要更新的数据资源：
Please select the data resources to update:
☆1	主要文件（默认）【Major files (by default)】
2	自行指定（Specify manually）
[2025-08-13 12-58-58]
请选择更新模式：
Please select the update mode:
1	全局扫描（Global Scan）
☆2	按修改时间更新（默认）【Updating According to Modification Time (by default)】
[2025-08-13 12-58-58]
请选择一种方式指定修改时间：
Please select a method of specifying the modification time:
☆1	自动获取（默认）【Automatically get (by default)】
2	手动输入（Manually input）
[2025-08-13 12-58-58]
[2025-08-13 12-58-58][1/18]正在检查文件夹（Checking the folder）：https://raw.communitydragon.org/latest/
[2025-08-13 12-58-58]页面新文件列表如下：
New file list is as follows: 
Empty DataFrame
Columns: [file, size, web_date, web_timestamp, local_date, local_timestamp]
Index: []
[2025-08-13 12-58-58][2/18]正在检查文件夹（Checking the folder）：https://raw.communitydragon.org/latest/cdragon/arena/
[2025-08-13 12-58-59]页面新文件列表如下：
New file list is as follows: 
Empty DataFrame
Columns: [file, size, web_date, web_timestamp, local_date, local_timestamp]
Index: []
[2025-08-13 12-58-59][3/18]正在检查文件夹（Checking the folder）：https://raw.communitydragon.org/latest/cdragon/tft/
[2025-08-13 12-58-59]页面新文件列表如下：
New file list is as follows: 
Empty DataFrame
Columns: [file, size, web_date, web_timestamp, local_date, local_timestamp]
Index: []
[2025-08-13 12-58-59][4/18]正在检查文件夹（Checking the folder）：https://raw.communitydragon.org/latest/plugins/rcp-be-lol-game-data/global/default/v1/champions/
[2025-08-13 12-59-00]页面新文件列表如下：
New file list is as follows: 
Empty DataFrame
Columns: [file, size, web_date, web_timestamp, local_date, local_timestamp]
Index: []
[2025-08-13 12-59-00][5/18]正在检查文件夹（Checking the folder）：https://raw.communitydragon.org/latest/plugins/rcp-be-lol-game-data/global/default/v1/map-assets/
[2025-08-13 12-59-01]页面新文件列表如下：
New file list is as follows: 
Empty DataFrame
Columns: [file, size, web_date, web_timestamp, local_date, local_timestamp]
Index: []
[2025-08-13 12-59-01][6/18]正在检查文件夹（Checking the folder）：https://raw.communitydragon.org/latest/plugins/rcp-be-lol-game-data/global/default/v1/
[2025-08-13 12-59-01]页面新文件列表如下：
New file list is as follows: 
         file             size        web_date         web_timestamp        local_date         local_timestamp 
 tfteventpvebuddy.json    92 B    2025-Jul-30 06:58    1753829880.0     1970-01-01 08-00-00           0        
  tfteventpvehub.json     90 B    2025-Jul-30 06:58    1753829880.0     1970-01-01 08-00-00           0        
[2025-08-13 12-59-01][6/18][1/2]正在校对文件（Checking file）： https://raw.communitydragon.org/latest/plugins/rcp-be-lol-game-data/global/default/v1/tfteventpvebuddy.json
文件https://raw.communitydragon.org/latest/plugins/rcp-be-lol-game-data/global/default/v1/tfteventpvebuddy.json不存在！
File https://raw.communitydragon.org/latest/plugins/rcp-be-lol-game-data/global/default/v1/tfteventpvebuddy.json not found!
[2025-08-13 12-59-02][6/18][2/2]正在校对文件（Checking file）： https://raw.communitydragon.org/latest/plugins/rcp-be-lol-game-data/global/default/v1/tfteventpvehub.json
文件https://raw.communitydragon.org/latest/plugins/rcp-be-lol-game-data/global/default/v1/tfteventpvehub.json不存在！
File https://raw.communitydragon.org/latest/plugins/rcp-be-lol-game-data/global/default/v1/tfteventpvehub.json not found!
[2025-08-13 12-59-03][7/18]正在检查文件夹（Checking the folder）：https://raw.communitydragon.org/latest/plugins/rcp-be-lol-game-data/global/zh_cn/v1/champions/
[2025-08-13 12-59-04]页面新文件列表如下：
New file list is as follows: 
Empty DataFrame
Columns: [file, size, web_date, web_timestamp, local_date, local_timestamp]
Index: []
[2025-08-13 12-59-04][8/18]正在检查文件夹（Checking the folder）：https://raw.communitydragon.org/latest/plugins/rcp-be-lol-game-data/global/zh_cn/v1/map-assets/
[2025-08-13 12-59-05]页面新文件列表如下：
New file list is as follows: 
Empty DataFrame
Columns: [file, size, web_date, web_timestamp, local_date, local_timestamp]
Index: []
[2025-08-13 12-59-05][9/18]正在检查文件夹（Checking the folder）：https://raw.communitydragon.org/latest/plugins/rcp-be-lol-game-data/global/zh_cn/v1/
[2025-08-13 12-59-06]页面新文件列表如下：
New file list is as follows: 
         file             size        web_date         web_timestamp        local_date         local_timestamp 
 tfteventpvebuddy.json    90 B    2025-Jul-30 06:58    1753829880.0     1970-01-01 08-00-00           0        
  tfteventpvehub.json     88 B    2025-Jul-30 06:58    1753829880.0     1970-01-01 08-00-00           0        
[2025-08-13 12-59-06][9/18][1/2]正在校对文件（Checking file）： https://raw.communitydragon.org/latest/plugins/rcp-be-lol-game-data/global/zh_cn/v1/tfteventpvebuddy.json
文件https://raw.communitydragon.org/latest/plugins/rcp-be-lol-game-data/global/zh_cn/v1/tfteventpvebuddy.json不存在！
File https://raw.communitydragon.org/latest/plugins/rcp-be-lol-game-data/global/zh_cn/v1/tfteventpvebuddy.json not found!
[2025-08-13 12-59-07][9/18][2/2]正在校对文件（Checking file）： https://raw.communitydragon.org/latest/plugins/rcp-be-lol-game-data/global/zh_cn/v1/tfteventpvehub.json
文件https://raw.communitydragon.org/latest/plugins/rcp-be-lol-game-data/global/zh_cn/v1/tfteventpvehub.json不存在！
File https://raw.communitydragon.org/latest/plugins/rcp-be-lol-game-data/global/zh_cn/v1/tfteventpvehub.json not found!
[2025-08-13 12-59-08][10/18]正在检查文件夹（Checking the folder）：https://raw.communitydragon.org/pbe/
[2025-08-13 12-59-09]页面新文件列表如下：
New file list is as follows: 
             file                size        web_date         web_timestamp        local_date          local_timestamp   
 compat-version-metadata.json    62 B    2025-Aug-13 00:53    1755017580.0     2025-08-12 10-54-29    1754967269.2882564 
    content-metadata.json        64 B    2025-Aug-13 00:53    1755017580.0     2025-08-12 10-54-30    1754967270.1831696 
[2025-08-13 12-59-09][10/18][1/2]正在校对文件（Checking file）： https://raw.communitydragon.org/pbe/compat-version-metadata.json
[2025-08-13 12-59-10]已更新文件（Updated file）：离线数据（Offline Data）/cdragon/pbe/compat-version-metadata.json
[2025-08-13 12-59-10][10/18][2/2]正在校对文件（Checking file）： https://raw.communitydragon.org/pbe/content-metadata.json
[2025-08-13 12-59-11]已更新文件（Updated file）：离线数据（Offline Data）/cdragon/pbe/content-metadata.json
[2025-08-13 12-59-11][11/18]正在检查文件夹（Checking the folder）：https://raw.communitydragon.org/pbe/cdragon/arena/
[2025-08-13 12-59-12]页面新文件列表如下：
New file list is as follows: 
    file         size           web_date         web_timestamp        local_date          local_timestamp  
 en_us.json    232.8 KiB    2025-Aug-13 00:55    1755017700.0     2025-08-12 10-54-32    1754967272.23157  
 zh_cn.json    236.0 KiB    2025-Aug-13 00:55    1755017700.0     2025-08-12 10-54-33    1754967273.282606 
[2025-08-13 12-59-12][11/18][1/2]正在校对文件（Checking file）： https://raw.communitydragon.org/pbe/cdragon/arena/en_us.json
[2025-08-13 12-59-13]已更新文件（Updated file）：离线数据（Offline Data）/cdragon/pbe/cdragon/arena/en_us.json
[2025-08-13 12-59-13][11/18][2/2]正在校对文件（Checking file）： https://raw.communitydragon.org/pbe/cdragon/arena/zh_cn.json
[2025-08-13 12-59-14]已更新文件（Updated file）：离线数据（Offline Data）/cdragon/pbe/cdragon/arena/zh_cn.json
[2025-08-13 12-59-14][12/18]正在检查文件夹（Checking the folder）：https://raw.communitydragon.org/pbe/cdragon/tft/
[2025-08-13 12-59-15]页面新文件列表如下：
New file list is as follows: 
    file         size          web_date         web_timestamp        local_date          local_timestamp  
 en_us.json    18.7 MiB    2025-Aug-13 00:55    1755017700.0     2025-08-12 10-54-37    1754967277.448804 
 zh_cn.json    18.8 MiB    2025-Aug-13 00:55    1755017700.0     2025-08-12 10-54-41    1754967281.65408  
[2025-08-13 12-59-15][12/18][1/2]正在校对文件（Checking file）： https://raw.communitydragon.org/pbe/cdragon/tft/en_us.json
[2025-08-13 12-59-19]已更新文件（Updated file）：离线数据（Offline Data）/cdragon/pbe/cdragon/tft/en_us.json
[2025-08-13 12-59-19][12/18][2/2]正在校对文件（Checking file）： https://raw.communitydragon.org/pbe/cdragon/tft/zh_cn.json
[2025-08-13 12-59-22]已更新文件（Updated file）：离线数据（Offline Data）/cdragon/pbe/cdragon/tft/zh_cn.json
[2025-08-13 12-59-22][13/18]正在检查文件夹（Checking the folder）：https://raw.communitydragon.org/pbe/plugins/rcp-be-lol-game-data/global/default/v1/champions/
[2025-08-13 12-59-22]页面新文件列表如下：
New file list is as follows: 
    file         size          web_date         web_timestamp        local_date          local_timestamp   
  112.json     26.8 KiB    2025-Aug-12 22:06    1755007560.0     2025-08-02 11-46-32    1754106392.7432842 
  117.json     41.4 KiB    2025-Aug-12 22:06    1755007560.0     2025-08-08 00-28-26    1754584106.0158863 
  12.json      37.5 KiB    2025-Aug-12 22:06    1755007560.0     2025-08-02 11-46-37    1754106397.3873212 
  136.json     31.5 KiB    2025-Aug-12 22:06    1755007560.0     2025-08-02 11-46-45    1754106405.0341659 
  202.json     41.6 KiB    2025-Aug-12 22:06    1755007560.0     2025-08-02 11-47-04    1754106424.1722977 
  23.json      40.4 KiB    2025-Aug-12 22:06    1755007560.0     2025-08-02 11-47-10    1754106430.183532  
  266.json     35.4 KiB    2025-Aug-12 22:06    1755007560.0     2025-08-02 11-47-19    1754106439.7913978 
   5.json      36.6 KiB    2025-Aug-12 22:06    1755007560.0     2025-08-06 11-35-49     1754451349.23782  
  59.json      43.2 KiB    2025-Aug-12 22:06    1755007560.0     2025-08-02 11-48-01    1754106481.656556  
 66600.json    9.6 KiB     2025-Aug-12 22:06    1755007560.0     1970-01-01 08-00-00           0.0         
 66602.json    9.0 KiB     2025-Aug-12 22:06    1755007560.0     1970-01-01 08-00-00           0.0         
 66603.json    8.8 KiB     2025-Aug-12 22:06    1755007560.0     1970-01-01 08-00-00           0.0         
 66604.json    9.0 KiB     2025-Aug-12 22:06    1755007560.0     1970-01-01 08-00-00           0.0         
 66605.json    8.9 KiB     2025-Aug-12 22:06    1755007560.0     1970-01-01 08-00-00           0.0         
 66606.json    9.3 KiB     2025-Aug-12 22:06    1755007560.0     1970-01-01 08-00-00           0.0         
 66607.json    9.0 KiB     2025-Aug-12 22:06    1755007560.0     1970-01-01 08-00-00           0.0         
 66608.json    10.7 KiB    2025-Aug-12 22:06    1755007560.0     1970-01-01 08-00-00           0.0         
 66609.json    9.6 KiB     2025-Aug-12 22:06    1755007560.0     1970-01-01 08-00-00           0.0         
 66610.json    9.5 KiB     2025-Aug-12 22:06    1755007560.0     1970-01-01 08-00-00           0.0         
 66611.json    9.7 KiB     2025-Aug-12 22:06    1755007560.0     1970-01-01 08-00-00           0.0         
 66612.json    9.6 KiB     2025-Aug-12 22:06    1755007560.0     1970-01-01 08-00-00           0.0         
 66613.json    9.7 KiB     2025-Aug-12 22:06    1755007560.0     1970-01-01 08-00-00           0.0         
 66614.json    9.8 KiB     2025-Aug-12 22:06    1755007560.0     1970-01-01 08-00-00           0.0         
 66615.json    9.4 KiB     2025-Aug-12 22:06    1755007560.0     1970-01-01 08-00-00           0.0         
 66616.json    10.1 KiB    2025-Aug-12 22:06    1755007560.0     1970-01-01 08-00-00           0.0         
 66617.json    9.9 KiB     2025-Aug-12 22:06    1755007560.0     1970-01-01 08-00-00           0.0         
 66618.json    9.5 KiB     2025-Aug-12 22:06    1755007560.0     1970-01-01 08-00-00           0.0         
 66619.json    9.4 KiB     2025-Aug-12 22:06    1755007560.0     1970-01-01 08-00-00           0.0         
  86.json      43.1 KiB    2025-Aug-12 22:06    1755007560.0     2025-08-02 11-48-24    1754106504.7331426 
  893.json     15.7 KiB    2025-Aug-12 22:06    1755007560.0     2025-08-02 11-48-29    1754106509.3775115 
[2025-08-13 12-59-22][13/18][1/30]正在校对文件（Checking file）： https://raw.communitydragon.org/pbe/plugins/rcp-be-lol-game-data/global/default/v1/champions/112.json
[2025-08-13 12-59-23]已更新文件（Updated file）：离线数据（Offline Data）/cdragon/pbe/plugins/rcp-be-lol-game-data/global/default/v1/champions/112.json
[2025-08-13 12-59-23][13/18][2/30]正在校对文件（Checking file）： https://raw.communitydragon.org/pbe/plugins/rcp-be-lol-game-data/global/default/v1/champions/117.json
[2025-08-13 12-59-25]已更新文件（Updated file）：离线数据（Offline Data）/cdragon/pbe/plugins/rcp-be-lol-game-data/global/default/v1/champions/117.json
[2025-08-13 12-59-25][13/18][3/30]正在校对文件（Checking file）： https://raw.communitydragon.org/pbe/plugins/rcp-be-lol-game-data/global/default/v1/champions/12.json
[2025-08-13 12-59-25]已更新文件（Updated file）：离线数据（Offline Data）/cdragon/pbe/plugins/rcp-be-lol-game-data/global/default/v1/champions/12.json
[2025-08-13 12-59-25][13/18][4/30]正在校对文件（Checking file）： https://raw.communitydragon.org/pbe/plugins/rcp-be-lol-game-data/global/default/v1/champions/136.json
[2025-08-13 12-59-26]已更新文件（Updated file）：离线数据（Offline Data）/cdragon/pbe/plugins/rcp-be-lol-game-data/global/default/v1/champions/136.json
[2025-08-13 12-59-26][13/18][5/30]正在校对文件（Checking file）： https://raw.communitydragon.org/pbe/plugins/rcp-be-lol-game-data/global/default/v1/champions/202.json
[2025-08-13 12-59-27]已更新文件（Updated file）：离线数据（Offline Data）/cdragon/pbe/plugins/rcp-be-lol-game-data/global/default/v1/champions/202.json
[2025-08-13 12-59-27][13/18][6/30]正在校对文件（Checking file）： https://raw.communitydragon.org/pbe/plugins/rcp-be-lol-game-data/global/default/v1/champions/23.json
[2025-08-13 12-59-28]已更新文件（Updated file）：离线数据（Offline Data）/cdragon/pbe/plugins/rcp-be-lol-game-data/global/default/v1/champions/23.json
[2025-08-13 12-59-28][13/18][7/30]正在校对文件（Checking file）： https://raw.communitydragon.org/pbe/plugins/rcp-be-lol-game-data/global/default/v1/champions/266.json
[2025-08-13 12-59-29]已更新文件（Updated file）：离线数据（Offline Data）/cdragon/pbe/plugins/rcp-be-lol-game-data/global/default/v1/champions/266.json
[2025-08-13 12-59-29][13/18][8/30]正在校对文件（Checking file）： https://raw.communitydragon.org/pbe/plugins/rcp-be-lol-game-data/global/default/v1/champions/5.json
[2025-08-13 12-59-30]已更新文件（Updated file）：离线数据（Offline Data）/cdragon/pbe/plugins/rcp-be-lol-game-data/global/default/v1/champions/5.json
[2025-08-13 12-59-30][13/18][9/30]正在校对文件（Checking file）： https://raw.communitydragon.org/pbe/plugins/rcp-be-lol-game-data/global/default/v1/champions/59.json
[2025-08-13 12-59-31]已更新文件（Updated file）：离线数据（Offline Data）/cdragon/pbe/plugins/rcp-be-lol-game-data/global/default/v1/champions/59.json
[2025-08-13 12-59-31][13/18][10/30]正在校对文件（Checking file）： https://raw.communitydragon.org/pbe/plugins/rcp-be-lol-game-data/global/default/v1/champions/66600.json
[2025-08-13 12-59-32]已添加文件（Added file）：离线数据（Offline Data）/cdragon/pbe/plugins/rcp-be-lol-game-data/global/default/v1/champions/66600.json
[2025-08-13 12-59-32][13/18][11/30]正在校对文件（Checking file）： https://raw.communitydragon.org/pbe/plugins/rcp-be-lol-game-data/global/default/v1/champions/66602.json
[2025-08-13 12-59-33]已添加文件（Added file）：离线数据（Offline Data）/cdragon/pbe/plugins/rcp-be-lol-game-data/global/default/v1/champions/66602.json
[2025-08-13 12-59-33][13/18][12/30]正在校对文件（Checking file）： https://raw.communitydragon.org/pbe/plugins/rcp-be-lol-game-data/global/default/v1/champions/66603.json
[2025-08-13 12-59-34]已添加文件（Added file）：离线数据（Offline Data）/cdragon/pbe/plugins/rcp-be-lol-game-data/global/default/v1/champions/66603.json
[2025-08-13 12-59-34][13/18][13/30]正在校对文件（Checking file）： https://raw.communitydragon.org/pbe/plugins/rcp-be-lol-game-data/global/default/v1/champions/66604.json
[2025-08-13 12-59-34]已添加文件（Added file）：离线数据（Offline Data）/cdragon/pbe/plugins/rcp-be-lol-game-data/global/default/v1/champions/66604.json
[2025-08-13 12-59-34][13/18][14/30]正在校对文件（Checking file）： https://raw.communitydragon.org/pbe/plugins/rcp-be-lol-game-data/global/default/v1/champions/66605.json
[2025-08-13 12-59-35]已添加文件（Added file）：离线数据（Offline Data）/cdragon/pbe/plugins/rcp-be-lol-game-data/global/default/v1/champions/66605.json
[2025-08-13 12-59-35][13/18][15/30]正在校对文件（Checking file）： https://raw.communitydragon.org/pbe/plugins/rcp-be-lol-game-data/global/default/v1/champions/66606.json
[2025-08-13 12-59-36]已添加文件（Added file）：离线数据（Offline Data）/cdragon/pbe/plugins/rcp-be-lol-game-data/global/default/v1/champions/66606.json
[2025-08-13 12-59-36][13/18][16/30]正在校对文件（Checking file）： https://raw.communitydragon.org/pbe/plugins/rcp-be-lol-game-data/global/default/v1/champions/66607.json
[2025-08-13 12-59-37]已添加文件（Added file）：离线数据（Offline Data）/cdragon/pbe/plugins/rcp-be-lol-game-data/global/default/v1/champions/66607.json
[2025-08-13 12-59-37][13/18][17/30]正在校对文件（Checking file）： https://raw.communitydragon.org/pbe/plugins/rcp-be-lol-game-data/global/default/v1/champions/66608.json
[2025-08-13 12-59-38]已添加文件（Added file）：离线数据（Offline Data）/cdragon/pbe/plugins/rcp-be-lol-game-data/global/default/v1/champions/66608.json
[2025-08-13 12-59-38][13/18][18/30]正在校对文件（Checking file）： https://raw.communitydragon.org/pbe/plugins/rcp-be-lol-game-data/global/default/v1/champions/66609.json
[2025-08-13 12-59-39]已添加文件（Added file）：离线数据（Offline Data）/cdragon/pbe/plugins/rcp-be-lol-game-data/global/default/v1/champions/66609.json
[2025-08-13 12-59-39][13/18][19/30]正在校对文件（Checking file）： https://raw.communitydragon.org/pbe/plugins/rcp-be-lol-game-data/global/default/v1/champions/66610.json
[2025-08-13 12-59-40]已添加文件（Added file）：离线数据（Offline Data）/cdragon/pbe/plugins/rcp-be-lol-game-data/global/default/v1/champions/66610.json
[2025-08-13 12-59-40][13/18][20/30]正在校对文件（Checking file）： https://raw.communitydragon.org/pbe/plugins/rcp-be-lol-game-data/global/default/v1/champions/66611.json
[2025-08-13 12-59-41]已添加文件（Added file）：离线数据（Offline Data）/cdragon/pbe/plugins/rcp-be-lol-game-data/global/default/v1/champions/66611.json
[2025-08-13 12-59-41][13/18][21/30]正在校对文件（Checking file）： https://raw.communitydragon.org/pbe/plugins/rcp-be-lol-game-data/global/default/v1/champions/66612.json
[2025-08-13 12-59-42]已添加文件（Added file）：离线数据（Offline Data）/cdragon/pbe/plugins/rcp-be-lol-game-data/global/default/v1/champions/66612.json
[2025-08-13 12-59-42][13/18][22/30]正在校对文件（Checking file）： https://raw.communitydragon.org/pbe/plugins/rcp-be-lol-game-data/global/default/v1/champions/66613.json
[2025-08-13 12-59-42]已添加文件（Added file）：离线数据（Offline Data）/cdragon/pbe/plugins/rcp-be-lol-game-data/global/default/v1/champions/66613.json
[2025-08-13 12-59-42][13/18][23/30]正在校对文件（Checking file）： https://raw.communitydragon.org/pbe/plugins/rcp-be-lol-game-data/global/default/v1/champions/66614.json
[2025-08-13 12-59-43]已添加文件（Added file）：离线数据（Offline Data）/cdragon/pbe/plugins/rcp-be-lol-game-data/global/default/v1/champions/66614.json
[2025-08-13 12-59-43][13/18][24/30]正在校对文件（Checking file）： https://raw.communitydragon.org/pbe/plugins/rcp-be-lol-game-data/global/default/v1/champions/66615.json
[2025-08-13 12-59-44]已添加文件（Added file）：离线数据（Offline Data）/cdragon/pbe/plugins/rcp-be-lol-game-data/global/default/v1/champions/66615.json
[2025-08-13 12-59-44][13/18][25/30]正在校对文件（Checking file）： https://raw.communitydragon.org/pbe/plugins/rcp-be-lol-game-data/global/default/v1/champions/66616.json
[2025-08-13 12-59-45]已添加文件（Added file）：离线数据（Offline Data）/cdragon/pbe/plugins/rcp-be-lol-game-data/global/default/v1/champions/66616.json
[2025-08-13 12-59-45][13/18][26/30]正在校对文件（Checking file）： https://raw.communitydragon.org/pbe/plugins/rcp-be-lol-game-data/global/default/v1/champions/66617.json
[2025-08-13 12-59-46]已添加文件（Added file）：离线数据（Offline Data）/cdragon/pbe/plugins/rcp-be-lol-game-data/global/default/v1/champions/66617.json
[2025-08-13 12-59-46][13/18][27/30]正在校对文件（Checking file）： https://raw.communitydragon.org/pbe/plugins/rcp-be-lol-game-data/global/default/v1/champions/66618.json
[2025-08-13 12-59-46]已添加文件（Added file）：离线数据（Offline Data）/cdragon/pbe/plugins/rcp-be-lol-game-data/global/default/v1/champions/66618.json
[2025-08-13 12-59-46][13/18][28/30]正在校对文件（Checking file）： https://raw.communitydragon.org/pbe/plugins/rcp-be-lol-game-data/global/default/v1/champions/66619.json
[2025-08-13 12-59-47]已添加文件（Added file）：离线数据（Offline Data）/cdragon/pbe/plugins/rcp-be-lol-game-data/global/default/v1/champions/66619.json
[2025-08-13 12-59-47][13/18][29/30]正在校对文件（Checking file）： https://raw.communitydragon.org/pbe/plugins/rcp-be-lol-game-data/global/default/v1/champions/86.json
[2025-08-13 12-59-48]已更新文件（Updated file）：离线数据（Offline Data）/cdragon/pbe/plugins/rcp-be-lol-game-data/global/default/v1/champions/86.json
[2025-08-13 12-59-48][13/18][30/30]正在校对文件（Checking file）： https://raw.communitydragon.org/pbe/plugins/rcp-be-lol-game-data/global/default/v1/champions/893.json
[2025-08-13 12-59-49]已更新文件（Updated file）：离线数据（Offline Data）/cdragon/pbe/plugins/rcp-be-lol-game-data/global/default/v1/champions/893.json
[2025-08-13 12-59-49][14/18]正在检查文件夹（Checking the folder）：https://raw.communitydragon.org/pbe/plugins/rcp-be-lol-game-data/global/default/v1/map-assets/
[2025-08-13 12-59-57]页面新文件列表如下：
New file list is as follows: 
      file            size           web_date         web_timestamp        local_date          local_timestamp   
 map-assets.json    162.5 KiB    2025-Aug-12 22:06    1755007560.0     2025-08-08 00-28-31    1754584111.8869565 
[2025-08-13 12-59-57][14/18][1/1]正在校对文件（Checking file）： https://raw.communitydragon.org/pbe/plugins/rcp-be-lol-game-data/global/default/v1/map-assets/map-assets.json
[2025-08-13 12-59-58]已更新文件（Updated file）：离线数据（Offline Data）/cdragon/pbe/plugins/rcp-be-lol-game-data/global/default/v1/map-assets/map-assets.json
[2025-08-13 12-59-58][15/18]正在检查文件夹（Checking the folder）：https://raw.communitydragon.org/pbe/plugins/rcp-be-lol-game-data/global/default/v1/
[2025-08-13 12-59-59]页面新文件列表如下：
New file list is as follows: 
                file                     size           web_date         web_timestamp        local_date          local_timestamp   
       achievementtitles.json          101.2 KiB    2025-Aug-12 22:06    1755007560.0     2025-07-16 19-05-23    1752663923.738633  
          challenges.json              611.9 KiB    2025-Aug-12 22:06    1755007560.0     2025-06-28 16-13-32    1751098412.891711  
 champion-rune-recommendations.json    345.7 KiB    2025-Aug-12 22:06    1755007560.0     2025-08-08 00-28-46    1754584126.624463  
       champion-summary.json           42.1 KiB     2025-Aug-12 22:06    1755007560.0     2025-07-10 16-02-26    1752134546.9954903 
     championperkstylemap.json         13.5 KiB     2025-Aug-12 22:06    1755007560.0     2025-06-25 08-43-38    1750812218.566331  
        cherry-augments.json           50.6 KiB     2025-Aug-12 22:06    1755007560.0     2025-06-25 08-43-39    1750812219.396224  
         cherry-lobby.json             11.4 KiB     2025-Aug-12 22:06    1755007560.0     2025-03-05 12-52-34    1741150354.6887283 
          companions.json              942.3 KiB    2025-Aug-12 22:06    1755007560.0     2025-08-01 10-38-49    1754015929.1099982 
           event-hub.json              121.5 KiB    2025-Aug-12 22:06    1755007560.0     2025-07-16 19-05-28    1752663928.7880712 
        generic-assets.json            212.0 KiB    2025-Aug-12 22:06    1755007560.0     2025-08-02 11-48-44    1754106524.973756  
             items.json                495.2 KiB    2025-Aug-12 22:06    1755007560.0     2025-08-08 00-28-48    1754584128.1128416 
             loot.json                  2.9 MiB     2025-Aug-12 22:06    1755007560.0     2025-08-01 10-38-51    1754015931.6029525 
          objectives.json              85.2 KiB     2025-Aug-12 22:06    1755007560.0     2025-08-02 11-48-45    1754106525.574234  
         profile-icons.json            335.8 KiB    2025-Aug-12 22:06    1755007560.0     2025-07-16 19-05-34    1752663934.1298358 
            queues.json                103.9 KiB    2025-Aug-12 22:06    1755007560.0     2025-06-25 08-43-48    1750812228.621266  
            regalia.json               26.1 KiB     2025-Aug-12 22:06    1755007560.0     2025-06-21 12-10-18    1750479018.162944  
            rewards.json               955.8 KiB    2025-Aug-12 22:06    1755007560.0     2025-07-30 06-23-43    1753827823.442199  
           skinlines.json              55.5 KiB     2025-Aug-12 22:06    1755007560.0     2025-06-25 08-43-51    1750812231.0364773 
             skins.json                 4.9 MiB     2025-Aug-12 22:06    1755007560.0     2025-08-02 11-48-48    1754106528.177598  
          statstones.json               1.7 MiB     2025-Aug-12 22:06    1755007560.0     2025-07-16 19-05-39    1752663939.4134395 
        summoner-emotes.json           474.4 KiB    2025-Aug-12 22:06    1755007560.0     2025-07-30 06-23-48    1753827828.0355546 
        summoner-icons.json             1.9 MiB     2025-Aug-12 22:06    1755007560.0     2025-07-16 19-05-43    1752663943.6691923 
        summoner-spells.json            7.6 KiB     2025-Aug-12 22:06    1755007560.0     2025-04-30 06-34-05    1745966045.8107893 
     tftchemtechstoredata.json          5.3 KiB     2025-Aug-12 22:06    1755007560.0     2025-07-16 19-05-47    1752663947.936987  
        tftcontentdata.json            694.6 KiB    2025-Aug-12 22:06    1755007560.0     2025-08-01 10-38-54    1754015934.5786405 
          tftmapskins.json             38.6 KiB     2025-Aug-12 22:06    1755007560.0     2025-07-30 06-23-52    1753827832.5973246 
   tftrotationalshopitemdata.json       1.9 MiB     2025-Aug-12 22:06    1755007560.0     2025-08-01 10-38-57    1754015937.5513773 
           tfttraits.json              454.0 KiB    2025-Aug-12 22:06    1755007560.0     2025-08-08 00-28-49    1754584129.9813457 
    tfttrovesbannerrewards.json        821.0 KiB    2025-Aug-12 22:06    1755007560.0     2025-08-01 10-39-01    1754015941.4597766 
       tfttrovesbanners.json           94.0 KiB     2025-Aug-12 22:06    1755007560.0     2025-07-30 06-23-58    1753827838.3126028 
     tfttrovestablesnames.json         372.4 KiB    2025-Aug-12 22:06    1755007560.0     2025-08-01 10-39-03    1754015943.1929927 
         tftzoomskins.json             11.5 KiB     2025-Aug-12 22:06    1755007560.0     2025-07-30 06-24-00    1753827840.0041716 
           universes.json              34.8 KiB     2025-Aug-12 22:06    1755007560.0     2025-06-25 08-44-12    1750812252.580888  
          ward-skins.json              128.8 KiB    2025-Aug-12 22:06    1755007560.0     2025-06-02 12-45-58    1748839558.612271  
[2025-08-13 12-59-59][15/18][1/34]正在校对文件（Checking file）： https://raw.communitydragon.org/pbe/plugins/rcp-be-lol-game-data/global/default/v1/achievementtitles.json
[2025-08-13 13-00-00]已更新文件（Updated file）：离线数据（Offline Data）/cdragon/pbe/plugins/rcp-be-lol-game-data/global/default/v1/achievementtitles.json
[2025-08-13 13-00-00][15/18][2/34]正在校对文件（Checking file）： https://raw.communitydragon.org/pbe/plugins/rcp-be-lol-game-data/global/default/v1/challenges.json
[2025-08-13 13-00-01]已更新文件（Updated file）：离线数据（Offline Data）/cdragon/pbe/plugins/rcp-be-lol-game-data/global/default/v1/challenges.json
[2025-08-13 13-00-01][15/18][3/34]正在校对文件（Checking file）： https://raw.communitydragon.org/pbe/plugins/rcp-be-lol-game-data/global/default/v1/champion-rune-recommendations.json
[2025-08-13 13-00-03]已更新文件（Updated file）：离线数据（Offline Data）/cdragon/pbe/plugins/rcp-be-lol-game-data/global/default/v1/champion-rune-recommendations.json
[2025-08-13 13-00-03][15/18][4/34]正在校对文件（Checking file）： https://raw.communitydragon.org/pbe/plugins/rcp-be-lol-game-data/global/default/v1/champion-summary.json
[2025-08-13 13-00-04]已更新文件（Updated file）：离线数据（Offline Data）/cdragon/pbe/plugins/rcp-be-lol-game-data/global/default/v1/champion-summary.json
[2025-08-13 13-00-04][15/18][5/34]正在校对文件（Checking file）： https://raw.communitydragon.org/pbe/plugins/rcp-be-lol-game-data/global/default/v1/championperkstylemap.json
[2025-08-13 13-00-04]已更新文件（Updated file）：离线数据（Offline Data）/cdragon/pbe/plugins/rcp-be-lol-game-data/global/default/v1/championperkstylemap.json
[2025-08-13 13-00-04][15/18][6/34]正在校对文件（Checking file）： https://raw.communitydragon.org/pbe/plugins/rcp-be-lol-game-data/global/default/v1/cherry-augments.json
[2025-08-13 13-00-05]已更新文件（Updated file）：离线数据（Offline Data）/cdragon/pbe/plugins/rcp-be-lol-game-data/global/default/v1/cherry-augments.json
[2025-08-13 13-00-05][15/18][7/34]正在校对文件（Checking file）： https://raw.communitydragon.org/pbe/plugins/rcp-be-lol-game-data/global/default/v1/cherry-lobby.json
[2025-08-13 13-00-06]已更新文件（Updated file）：离线数据（Offline Data）/cdragon/pbe/plugins/rcp-be-lol-game-data/global/default/v1/cherry-lobby.json
[2025-08-13 13-00-06][15/18][8/34]正在校对文件（Checking file）： https://raw.communitydragon.org/pbe/plugins/rcp-be-lol-game-data/global/default/v1/companions.json
[2025-08-13 13-00-08]已更新文件（Updated file）：离线数据（Offline Data）/cdragon/pbe/plugins/rcp-be-lol-game-data/global/default/v1/companions.json
[2025-08-13 13-00-08][15/18][9/34]正在校对文件（Checking file）： https://raw.communitydragon.org/pbe/plugins/rcp-be-lol-game-data/global/default/v1/event-hub.json
[2025-08-13 13-00-09]已更新文件（Updated file）：离线数据（Offline Data）/cdragon/pbe/plugins/rcp-be-lol-game-data/global/default/v1/event-hub.json
[2025-08-13 13-00-09][15/18][10/34]正在校对文件（Checking file）： https://raw.communitydragon.org/pbe/plugins/rcp-be-lol-game-data/global/default/v1/generic-assets.json
[2025-08-13 13-00-10]已更新文件（Updated file）：离线数据（Offline Data）/cdragon/pbe/plugins/rcp-be-lol-game-data/global/default/v1/generic-assets.json
[2025-08-13 13-00-10][15/18][11/34]正在校对文件（Checking file）： https://raw.communitydragon.org/pbe/plugins/rcp-be-lol-game-data/global/default/v1/items.json
[2025-08-13 13-00-11]已更新文件（Updated file）：离线数据（Offline Data）/cdragon/pbe/plugins/rcp-be-lol-game-data/global/default/v1/items.json
[2025-08-13 13-00-11][15/18][12/34]正在校对文件（Checking file）： https://raw.communitydragon.org/pbe/plugins/rcp-be-lol-game-data/global/default/v1/loot.json
[2025-08-13 13-00-13]已更新文件（Updated file）：离线数据（Offline Data）/cdragon/pbe/plugins/rcp-be-lol-game-data/global/default/v1/loot.json
[2025-08-13 13-00-13][15/18][13/34]正在校对文件（Checking file）： https://raw.communitydragon.org/pbe/plugins/rcp-be-lol-game-data/global/default/v1/objectives.json
[2025-08-13 13-00-15]已更新文件（Updated file）：离线数据（Offline Data）/cdragon/pbe/plugins/rcp-be-lol-game-data/global/default/v1/objectives.json
[2025-08-13 13-00-15][15/18][14/34]正在校对文件（Checking file）： https://raw.communitydragon.org/pbe/plugins/rcp-be-lol-game-data/global/default/v1/profile-icons.json
[2025-08-13 13-00-15]已更新文件（Updated file）：离线数据（Offline Data）/cdragon/pbe/plugins/rcp-be-lol-game-data/global/default/v1/profile-icons.json
[2025-08-13 13-00-15][15/18][15/34]正在校对文件（Checking file）： https://raw.communitydragon.org/pbe/plugins/rcp-be-lol-game-data/global/default/v1/queues.json
[2025-08-13 13-00-16]已更新文件（Updated file）：离线数据（Offline Data）/cdragon/pbe/plugins/rcp-be-lol-game-data/global/default/v1/queues.json
[2025-08-13 13-00-16][15/18][16/34]正在校对文件（Checking file）： https://raw.communitydragon.org/pbe/plugins/rcp-be-lol-game-data/global/default/v1/regalia.json
[2025-08-13 13-00-17]已更新文件（Updated file）：离线数据（Offline Data）/cdragon/pbe/plugins/rcp-be-lol-game-data/global/default/v1/regalia.json
[2025-08-13 13-00-17][15/18][17/34]正在校对文件（Checking file）： https://raw.communitydragon.org/pbe/plugins/rcp-be-lol-game-data/global/default/v1/rewards.json
[2025-08-13 13-00-19]已更新文件（Updated file）：离线数据（Offline Data）/cdragon/pbe/plugins/rcp-be-lol-game-data/global/default/v1/rewards.json
[2025-08-13 13-00-19][15/18][18/34]正在校对文件（Checking file）： https://raw.communitydragon.org/pbe/plugins/rcp-be-lol-game-data/global/default/v1/skinlines.json
[2025-08-13 13-00-20]已更新文件（Updated file）：离线数据（Offline Data）/cdragon/pbe/plugins/rcp-be-lol-game-data/global/default/v1/skinlines.json
[2025-08-13 13-00-20][15/18][19/34]正在校对文件（Checking file）： https://raw.communitydragon.org/pbe/plugins/rcp-be-lol-game-data/global/default/v1/skins.json
[2025-08-13 13-00-22]已更新文件（Updated file）：离线数据（Offline Data）/cdragon/pbe/plugins/rcp-be-lol-game-data/global/default/v1/skins.json
[2025-08-13 13-00-22][15/18][20/34]正在校对文件（Checking file）： https://raw.communitydragon.org/pbe/plugins/rcp-be-lol-game-data/global/default/v1/statstones.json
[2025-08-13 13-00-24]已更新文件（Updated file）：离线数据（Offline Data）/cdragon/pbe/plugins/rcp-be-lol-game-data/global/default/v1/statstones.json
[2025-08-13 13-00-24][15/18][21/34]正在校对文件（Checking file）： https://raw.communitydragon.org/pbe/plugins/rcp-be-lol-game-data/global/default/v1/summoner-emotes.json
[2025-08-13 13-00-26]已更新文件（Updated file）：离线数据（Offline Data）/cdragon/pbe/plugins/rcp-be-lol-game-data/global/default/v1/summoner-emotes.json
[2025-08-13 13-00-26][15/18][22/34]正在校对文件（Checking file）： https://raw.communitydragon.org/pbe/plugins/rcp-be-lol-game-data/global/default/v1/summoner-icons.json
[2025-08-13 13-00-28]已更新文件（Updated file）：离线数据（Offline Data）/cdragon/pbe/plugins/rcp-be-lol-game-data/global/default/v1/summoner-icons.json
[2025-08-13 13-00-28][15/18][23/34]正在校对文件（Checking file）： https://raw.communitydragon.org/pbe/plugins/rcp-be-lol-game-data/global/default/v1/summoner-spells.json
[2025-08-13 13-00-29]已更新文件（Updated file）：离线数据（Offline Data）/cdragon/pbe/plugins/rcp-be-lol-game-data/global/default/v1/summoner-spells.json
[2025-08-13 13-00-29][15/18][24/34]正在校对文件（Checking file）： https://raw.communitydragon.org/pbe/plugins/rcp-be-lol-game-data/global/default/v1/tftchemtechstoredata.json
[2025-08-13 13-00-30]已更新文件（Updated file）：离线数据（Offline Data）/cdragon/pbe/plugins/rcp-be-lol-game-data/global/default/v1/tftchemtechstoredata.json
[2025-08-13 13-00-30][15/18][25/34]正在校对文件（Checking file）： https://raw.communitydragon.org/pbe/plugins/rcp-be-lol-game-data/global/default/v1/tftcontentdata.json
[2025-08-13 13-00-31]已更新文件（Updated file）：离线数据（Offline Data）/cdragon/pbe/plugins/rcp-be-lol-game-data/global/default/v1/tftcontentdata.json
[2025-08-13 13-00-31][15/18][26/34]正在校对文件（Checking file）： https://raw.communitydragon.org/pbe/plugins/rcp-be-lol-game-data/global/default/v1/tftmapskins.json
[2025-08-13 13-00-32]已更新文件（Updated file）：离线数据（Offline Data）/cdragon/pbe/plugins/rcp-be-lol-game-data/global/default/v1/tftmapskins.json
[2025-08-13 13-00-32][15/18][27/34]正在校对文件（Checking file）： https://raw.communitydragon.org/pbe/plugins/rcp-be-lol-game-data/global/default/v1/tftrotationalshopitemdata.json
[2025-08-13 13-00-34]已更新文件（Updated file）：离线数据（Offline Data）/cdragon/pbe/plugins/rcp-be-lol-game-data/global/default/v1/tftrotationalshopitemdata.json
[2025-08-13 13-00-34][15/18][28/34]正在校对文件（Checking file）： https://raw.communitydragon.org/pbe/plugins/rcp-be-lol-game-data/global/default/v1/tfttraits.json
[2025-08-13 13-00-36]已更新文件（Updated file）：离线数据（Offline Data）/cdragon/pbe/plugins/rcp-be-lol-game-data/global/default/v1/tfttraits.json
[2025-08-13 13-00-36][15/18][29/34]正在校对文件（Checking file）： https://raw.communitydragon.org/pbe/plugins/rcp-be-lol-game-data/global/default/v1/tfttrovesbannerrewards.json
[2025-08-13 13-00-38]已更新文件（Updated file）：离线数据（Offline Data）/cdragon/pbe/plugins/rcp-be-lol-game-data/global/default/v1/tfttrovesbannerrewards.json
[2025-08-13 13-00-38][15/18][30/34]正在校对文件（Checking file）： https://raw.communitydragon.org/pbe/plugins/rcp-be-lol-game-data/global/default/v1/tfttrovesbanners.json
[2025-08-13 13-00-39]已更新文件（Updated file）：离线数据（Offline Data）/cdragon/pbe/plugins/rcp-be-lol-game-data/global/default/v1/tfttrovesbanners.json
[2025-08-13 13-00-39][15/18][31/34]正在校对文件（Checking file）： https://raw.communitydragon.org/pbe/plugins/rcp-be-lol-game-data/global/default/v1/tfttrovestablesnames.json
[2025-08-13 13-00-41]已更新文件（Updated file）：离线数据（Offline Data）/cdragon/pbe/plugins/rcp-be-lol-game-data/global/default/v1/tfttrovestablesnames.json
[2025-08-13 13-00-41][15/18][32/34]正在校对文件（Checking file）： https://raw.communitydragon.org/pbe/plugins/rcp-be-lol-game-data/global/default/v1/tftzoomskins.json
[2025-08-13 13-00-41]已更新文件（Updated file）：离线数据（Offline Data）/cdragon/pbe/plugins/rcp-be-lol-game-data/global/default/v1/tftzoomskins.json
[2025-08-13 13-00-41][15/18][33/34]正在校对文件（Checking file）： https://raw.communitydragon.org/pbe/plugins/rcp-be-lol-game-data/global/default/v1/universes.json
[2025-08-13 13-00-43]已更新文件（Updated file）：离线数据（Offline Data）/cdragon/pbe/plugins/rcp-be-lol-game-data/global/default/v1/universes.json
[2025-08-13 13-00-43][15/18][34/34]正在校对文件（Checking file）： https://raw.communitydragon.org/pbe/plugins/rcp-be-lol-game-data/global/default/v1/ward-skins.json
[2025-08-13 13-00-44]已更新文件（Updated file）：离线数据（Offline Data）/cdragon/pbe/plugins/rcp-be-lol-game-data/global/default/v1/ward-skins.json
[2025-08-13 13-00-44][16/18]正在检查文件夹（Checking the folder）：https://raw.communitydragon.org/pbe/plugins/rcp-be-lol-game-data/global/zh_cn/v1/champions/
[2025-08-13 13-00-45]页面新文件列表如下：
New file list is as follows: 
   file        size          web_date         web_timestamp        local_date          local_timestamp   
 112.json    27.8 KiB    2025-Aug-12 22:07    1755007620.0     2025-08-02 11-49-02    1754106542.731807  
 117.json    43.4 KiB    2025-Aug-12 22:07    1755007620.0     2025-08-08 00-28-52    1754584132.892859  
 12.json     39.4 KiB    2025-Aug-12 22:07    1755007620.0     2025-08-02 11-49-08    1754106548.099298  
 136.json    32.5 KiB    2025-Aug-12 22:07    1755007620.0     2025-08-02 11-49-15    1754106555.5621588 
 202.json    43.7 KiB    2025-Aug-12 22:07    1755007620.0     2025-08-02 11-49-34    1754106574.4422293 
 23.json     42.4 KiB    2025-Aug-12 22:07    1755007620.0     2025-08-02 11-49-40    1754106580.6901207 
 266.json    37.5 KiB    2025-Aug-12 22:07    1755007620.0     2025-08-02 11-49-51    1754106591.8430827 
  5.json     37.6 KiB    2025-Aug-12 22:07    1755007620.0     2025-08-06 11-36-00    1754451360.2650187 
 59.json     46.3 KiB    2025-Aug-12 22:07    1755007620.0     2025-08-02 11-50-33    1754106633.2033544 
 86.json     45.4 KiB    2025-Aug-12 22:07    1755007620.0     2025-08-02 11-50-54    1754106654.8053212 
 893.json    15.8 KiB    2025-Aug-12 22:07    1755007620.0     2025-08-02 11-50-59    1754106659.5201423 
[2025-08-13 13-00-45][16/18][1/11]正在校对文件（Checking file）： https://raw.communitydragon.org/pbe/plugins/rcp-be-lol-game-data/global/zh_cn/v1/champions/112.json
[2025-08-13 13-00-46]已更新文件（Updated file）：离线数据（Offline Data）/cdragon/pbe/plugins/rcp-be-lol-game-data/global/zh_cn/v1/champions/112.json
[2025-08-13 13-00-46][16/18][2/11]正在校对文件（Checking file）： https://raw.communitydragon.org/pbe/plugins/rcp-be-lol-game-data/global/zh_cn/v1/champions/117.json
[2025-08-13 13-00-47]已更新文件（Updated file）：离线数据（Offline Data）/cdragon/pbe/plugins/rcp-be-lol-game-data/global/zh_cn/v1/champions/117.json
[2025-08-13 13-00-47][16/18][3/11]正在校对文件（Checking file）： https://raw.communitydragon.org/pbe/plugins/rcp-be-lol-game-data/global/zh_cn/v1/champions/12.json
[2025-08-13 13-00-48]已更新文件（Updated file）：离线数据（Offline Data）/cdragon/pbe/plugins/rcp-be-lol-game-data/global/zh_cn/v1/champions/12.json
[2025-08-13 13-00-48][16/18][4/11]正在校对文件（Checking file）： https://raw.communitydragon.org/pbe/plugins/rcp-be-lol-game-data/global/zh_cn/v1/champions/136.json
[2025-08-13 13-00-48]已更新文件（Updated file）：离线数据（Offline Data）/cdragon/pbe/plugins/rcp-be-lol-game-data/global/zh_cn/v1/champions/136.json
[2025-08-13 13-00-48][16/18][5/11]正在校对文件（Checking file）： https://raw.communitydragon.org/pbe/plugins/rcp-be-lol-game-data/global/zh_cn/v1/champions/202.json
[2025-08-13 13-00-50]已更新文件（Updated file）：离线数据（Offline Data）/cdragon/pbe/plugins/rcp-be-lol-game-data/global/zh_cn/v1/champions/202.json
[2025-08-13 13-00-50][16/18][6/11]正在校对文件（Checking file）： https://raw.communitydragon.org/pbe/plugins/rcp-be-lol-game-data/global/zh_cn/v1/champions/23.json
[2025-08-13 13-00-51]已更新文件（Updated file）：离线数据（Offline Data）/cdragon/pbe/plugins/rcp-be-lol-game-data/global/zh_cn/v1/champions/23.json
[2025-08-13 13-00-51][16/18][7/11]正在校对文件（Checking file）： https://raw.communitydragon.org/pbe/plugins/rcp-be-lol-game-data/global/zh_cn/v1/champions/266.json
[2025-08-13 13-00-58]已更新文件（Updated file）：离线数据（Offline Data）/cdragon/pbe/plugins/rcp-be-lol-game-data/global/zh_cn/v1/champions/266.json
[2025-08-13 13-00-58][16/18][8/11]正在校对文件（Checking file）： https://raw.communitydragon.org/pbe/plugins/rcp-be-lol-game-data/global/zh_cn/v1/champions/5.json
[2025-08-13 13-00-59]已更新文件（Updated file）：离线数据（Offline Data）/cdragon/pbe/plugins/rcp-be-lol-game-data/global/zh_cn/v1/champions/5.json
[2025-08-13 13-00-59][16/18][9/11]正在校对文件（Checking file）： https://raw.communitydragon.org/pbe/plugins/rcp-be-lol-game-data/global/zh_cn/v1/champions/59.json
[2025-08-13 13-01-00]已更新文件（Updated file）：离线数据（Offline Data）/cdragon/pbe/plugins/rcp-be-lol-game-data/global/zh_cn/v1/champions/59.json
[2025-08-13 13-01-00][16/18][10/11]正在校对文件（Checking file）： https://raw.communitydragon.org/pbe/plugins/rcp-be-lol-game-data/global/zh_cn/v1/champions/86.json
[2025-08-13 13-01-01]已更新文件（Updated file）：离线数据（Offline Data）/cdragon/pbe/plugins/rcp-be-lol-game-data/global/zh_cn/v1/champions/86.json
[2025-08-13 13-01-01][16/18][11/11]正在校对文件（Checking file）： https://raw.communitydragon.org/pbe/plugins/rcp-be-lol-game-data/global/zh_cn/v1/champions/893.json
[2025-08-13 13-01-02]已更新文件（Updated file）：离线数据（Offline Data）/cdragon/pbe/plugins/rcp-be-lol-game-data/global/zh_cn/v1/champions/893.json
[2025-08-13 13-01-02][17/18]正在检查文件夹（Checking the folder）：https://raw.communitydragon.org/pbe/plugins/rcp-be-lol-game-data/global/zh_cn/v1/map-assets/
[2025-08-13 13-01-03]页面新文件列表如下：
New file list is as follows: 
      file            size           web_date         web_timestamp        local_date          local_timestamp   
 map-assets.json    163.8 KiB    2025-Aug-12 22:07    1755007620.0     2025-08-08 00-29-04    1754584144.4364936 
[2025-08-13 13-01-03][17/18][1/1]正在校对文件（Checking file）： https://raw.communitydragon.org/pbe/plugins/rcp-be-lol-game-data/global/zh_cn/v1/map-assets/map-assets.json
[2025-08-13 13-01-04]已更新文件（Updated file）：离线数据（Offline Data）/cdragon/pbe/plugins/rcp-be-lol-game-data/global/zh_cn/v1/map-assets/map-assets.json
[2025-08-13 13-01-04][18/18]正在检查文件夹（Checking the folder）：https://raw.communitydragon.org/pbe/plugins/rcp-be-lol-game-data/global/zh_cn/v1/
[2025-08-13 13-01-05]页面新文件列表如下：
New file list is as follows: 
              file                   size           web_date         web_timestamp        local_date          local_timestamp   
     achievementtitles.json        101.7 KiB    2025-Aug-12 22:07    1755007620.0     2025-07-16 19-07-03    1752664023.4493487 
        challenges.json            618.5 KiB    2025-Aug-12 22:07    1755007620.0     2025-07-08 10-06-42    1751940402.110071  
     champion-summary.json         41.6 KiB     2025-Aug-12 22:07    1755007620.0     2025-07-10 16-03-31    1752134611.2120855 
      cherry-augments.json         50.4 KiB     2025-Aug-12 22:07    1755007620.0     2025-06-27 14-46-38    1751006798.9098165 
       cherry-lobby.json           11.6 KiB     2025-Aug-12 22:07    1755007620.0     2025-03-05 12-53-25    1741150405.5511968 
        companions.json            947.5 KiB    2025-Aug-12 22:07    1755007620.0     2025-08-02 11-51-12    1754106672.702251  
         event-hub.json            121.0 KiB    2025-Aug-12 22:07    1755007620.0     2025-07-16 19-07-05    1752664025.528428  
      generic-assets.json          212.0 KiB    2025-Aug-12 22:07    1755007620.0     2025-08-02 11-51-13    1754106673.9513886 
           items.json              495.0 KiB    2025-Aug-12 22:07    1755007620.0     2025-08-08 00-29-08    1754584148.8566265 
           loot.json                3.0 MiB     2025-Aug-12 22:07    1755007620.0     2025-08-02 11-51-16    1754106676.0558424 
        objectives.json            85.3 KiB     2025-Aug-12 22:07    1755007620.0     2025-08-02 11-51-17    1754106677.2205908 
       profile-icons.json          335.8 KiB    2025-Aug-12 22:07    1755007620.0     2025-07-16 19-07-10    1752664030.5464396 
          queues.json              107.4 KiB    2025-Aug-12 22:07    1755007620.0     2025-06-25 08-44-32    1750812272.7571726 
          regalia.json             26.1 KiB     2025-Aug-12 22:07    1755007620.0     2025-06-21 12-15-22     1750479322.16527  
         skinlines.json            54.8 KiB     2025-Aug-12 22:07    1755007620.0     2025-06-27 14-46-42    1751006802.817986  
           skins.json               5.2 MiB     2025-Aug-12 22:07    1755007620.0     2025-08-08 11-01-37    1754622097.5769937 
        statstones.json             1.8 MiB     2025-Aug-12 22:07    1755007620.0     2025-07-16 19-07-15    1752664035.6205256 
      summoner-emotes.json         482.5 KiB    2025-Aug-12 22:07    1755007620.0     2025-07-30 06-26-25    1753827985.6488776 
      summoner-icons.json           1.8 MiB     2025-Aug-12 22:07    1755007620.0     2025-07-23 13-08-25    1753247305.6823192 
      summoner-spells.json          7.7 KiB     2025-Aug-12 22:07    1755007620.0     2025-04-30 06-34-57    1745966097.9696105 
   tftchemtechstoredata.json        5.7 KiB     2025-Aug-12 22:07    1755007620.0     2025-07-23 13-08-26    1753247306.7705417 
      tftcontentdata.json          694.6 KiB    2025-Aug-12 22:07    1755007620.0     2025-08-01 10-39-22    1754015962.0534444 
        tftmapskins.json           38.6 KiB     2025-Aug-12 22:07    1755007620.0     2025-07-30 06-26-29    1753827989.7426126 
 tftrotationalshopitemdata.json     1.9 MiB     2025-Aug-12 22:07    1755007620.0     2025-08-02 11-51-23    1754106683.4331622 
         tfttraits.json            464.0 KiB    2025-Aug-12 22:07    1755007620.0     2025-08-08 11-01-38    1754622098.9751718 
  tfttrovesbannerrewards.json      824.4 KiB    2025-Aug-12 22:07    1755007620.0     2025-07-30 06-26-36    1753827996.6432817 
     tfttrovesbanners.json         93.9 KiB     2025-Aug-12 22:07    1755007620.0     2025-07-30 06-26-37    1753827997.5163364 
   tfttrovestablesnames.json       385.0 KiB    2025-Aug-12 22:07    1755007620.0     2025-07-30 06-26-39    1753827999.4392548 
       tftzoomskins.json           11.5 KiB     2025-Aug-12 22:07    1755007620.0     2025-07-30 06-26-41    1753828001.1767013 
         universes.json            34.4 KiB     2025-Aug-12 22:07    1755007620.0     2025-06-25 08-44-56    1750812296.497207  
        ward-skins.json            120.3 KiB    2025-Aug-12 22:07    1755007620.0     2025-06-06 18-08-20    1749204500.817136  
[2025-08-13 13-01-05][18/18][1/31]正在校对文件（Checking file）： https://raw.communitydragon.org/pbe/plugins/rcp-be-lol-game-data/global/zh_cn/v1/achievementtitles.json
[2025-08-13 13-01-07]已更新文件（Updated file）：离线数据（Offline Data）/cdragon/pbe/plugins/rcp-be-lol-game-data/global/zh_cn/v1/achievementtitles.json
[2025-08-13 13-01-07][18/18][2/31]正在校对文件（Checking file）： https://raw.communitydragon.org/pbe/plugins/rcp-be-lol-game-data/global/zh_cn/v1/challenges.json
[2025-08-13 13-01-09]已更新文件（Updated file）：离线数据（Offline Data）/cdragon/pbe/plugins/rcp-be-lol-game-data/global/zh_cn/v1/challenges.json
[2025-08-13 13-01-09][18/18][3/31]正在校对文件（Checking file）： https://raw.communitydragon.org/pbe/plugins/rcp-be-lol-game-data/global/zh_cn/v1/champion-summary.json
[2025-08-13 13-01-10]已更新文件（Updated file）：离线数据（Offline Data）/cdragon/pbe/plugins/rcp-be-lol-game-data/global/zh_cn/v1/champion-summary.json
[2025-08-13 13-01-10][18/18][4/31]正在校对文件（Checking file）： https://raw.communitydragon.org/pbe/plugins/rcp-be-lol-game-data/global/zh_cn/v1/cherry-augments.json
[2025-08-13 13-01-11]已更新文件（Updated file）：离线数据（Offline Data）/cdragon/pbe/plugins/rcp-be-lol-game-data/global/zh_cn/v1/cherry-augments.json
[2025-08-13 13-01-11][18/18][5/31]正在校对文件（Checking file）： https://raw.communitydragon.org/pbe/plugins/rcp-be-lol-game-data/global/zh_cn/v1/cherry-lobby.json
[2025-08-13 13-01-12]已更新文件（Updated file）：离线数据（Offline Data）/cdragon/pbe/plugins/rcp-be-lol-game-data/global/zh_cn/v1/cherry-lobby.json
[2025-08-13 13-01-12][18/18][6/31]正在校对文件（Checking file）： https://raw.communitydragon.org/pbe/plugins/rcp-be-lol-game-data/global/zh_cn/v1/companions.json
[2025-08-13 13-01-16]已更新文件（Updated file）：离线数据（Offline Data）/cdragon/pbe/plugins/rcp-be-lol-game-data/global/zh_cn/v1/companions.json
[2025-08-13 13-01-16][18/18][7/31]正在校对文件（Checking file）： https://raw.communitydragon.org/pbe/plugins/rcp-be-lol-game-data/global/zh_cn/v1/event-hub.json
[2025-08-13 13-01-19]已更新文件（Updated file）：离线数据（Offline Data）/cdragon/pbe/plugins/rcp-be-lol-game-data/global/zh_cn/v1/event-hub.json
[2025-08-13 13-01-19][18/18][8/31]正在校对文件（Checking file）： https://raw.communitydragon.org/pbe/plugins/rcp-be-lol-game-data/global/zh_cn/v1/generic-assets.json
[2025-08-13 13-01-21]已更新文件（Updated file）：离线数据（Offline Data）/cdragon/pbe/plugins/rcp-be-lol-game-data/global/zh_cn/v1/generic-assets.json
[2025-08-13 13-01-21][18/18][9/31]正在校对文件（Checking file）： https://raw.communitydragon.org/pbe/plugins/rcp-be-lol-game-data/global/zh_cn/v1/items.json
[2025-08-13 13-01-22]已更新文件（Updated file）：离线数据（Offline Data）/cdragon/pbe/plugins/rcp-be-lol-game-data/global/zh_cn/v1/items.json
[2025-08-13 13-01-22][18/18][10/31]正在校对文件（Checking file）： https://raw.communitydragon.org/pbe/plugins/rcp-be-lol-game-data/global/zh_cn/v1/loot.json
[2025-08-13 13-01-25]已更新文件（Updated file）：离线数据（Offline Data）/cdragon/pbe/plugins/rcp-be-lol-game-data/global/zh_cn/v1/loot.json
[2025-08-13 13-01-25][18/18][11/31]正在校对文件（Checking file）： https://raw.communitydragon.org/pbe/plugins/rcp-be-lol-game-data/global/zh_cn/v1/objectives.json
[2025-08-13 13-01-26]已更新文件（Updated file）：离线数据（Offline Data）/cdragon/pbe/plugins/rcp-be-lol-game-data/global/zh_cn/v1/objectives.json
[2025-08-13 13-01-26][18/18][12/31]正在校对文件（Checking file）： https://raw.communitydragon.org/pbe/plugins/rcp-be-lol-game-data/global/zh_cn/v1/profile-icons.json
[2025-08-13 13-01-28]已更新文件（Updated file）：离线数据（Offline Data）/cdragon/pbe/plugins/rcp-be-lol-game-data/global/zh_cn/v1/profile-icons.json
[2025-08-13 13-01-28][18/18][13/31]正在校对文件（Checking file）： https://raw.communitydragon.org/pbe/plugins/rcp-be-lol-game-data/global/zh_cn/v1/queues.json
[2025-08-13 13-01-29]已更新文件（Updated file）：离线数据（Offline Data）/cdragon/pbe/plugins/rcp-be-lol-game-data/global/zh_cn/v1/queues.json
[2025-08-13 13-01-29][18/18][14/31]正在校对文件（Checking file）： https://raw.communitydragon.org/pbe/plugins/rcp-be-lol-game-data/global/zh_cn/v1/regalia.json
[2025-08-13 13-01-30]已更新文件（Updated file）：离线数据（Offline Data）/cdragon/pbe/plugins/rcp-be-lol-game-data/global/zh_cn/v1/regalia.json
[2025-08-13 13-01-30][18/18][15/31]正在校对文件（Checking file）： https://raw.communitydragon.org/pbe/plugins/rcp-be-lol-game-data/global/zh_cn/v1/skinlines.json
[2025-08-13 13-01-31]已更新文件（Updated file）：离线数据（Offline Data）/cdragon/pbe/plugins/rcp-be-lol-game-data/global/zh_cn/v1/skinlines.json
[2025-08-13 13-01-31][18/18][16/31]正在校对文件（Checking file）： https://raw.communitydragon.org/pbe/plugins/rcp-be-lol-game-data/global/zh_cn/v1/skins.json
[2025-08-13 13-01-34]已更新文件（Updated file）：离线数据（Offline Data）/cdragon/pbe/plugins/rcp-be-lol-game-data/global/zh_cn/v1/skins.json
[2025-08-13 13-01-34][18/18][17/31]正在校对文件（Checking file）： https://raw.communitydragon.org/pbe/plugins/rcp-be-lol-game-data/global/zh_cn/v1/statstones.json
[2025-08-13 13-01-36]已更新文件（Updated file）：离线数据（Offline Data）/cdragon/pbe/plugins/rcp-be-lol-game-data/global/zh_cn/v1/statstones.json
[2025-08-13 13-01-36][18/18][18/31]正在校对文件（Checking file）： https://raw.communitydragon.org/pbe/plugins/rcp-be-lol-game-data/global/zh_cn/v1/summoner-emotes.json
[2025-08-13 13-01-39]已更新文件（Updated file）：离线数据（Offline Data）/cdragon/pbe/plugins/rcp-be-lol-game-data/global/zh_cn/v1/summoner-emotes.json
[2025-08-13 13-01-39][18/18][19/31]正在校对文件（Checking file）： https://raw.communitydragon.org/pbe/plugins/rcp-be-lol-game-data/global/zh_cn/v1/summoner-icons.json
[2025-08-13 13-01-43]已更新文件（Updated file）：离线数据（Offline Data）/cdragon/pbe/plugins/rcp-be-lol-game-data/global/zh_cn/v1/summoner-icons.json
[2025-08-13 13-01-43][18/18][20/31]正在校对文件（Checking file）： https://raw.communitydragon.org/pbe/plugins/rcp-be-lol-game-data/global/zh_cn/v1/summoner-spells.json
[2025-08-13 13-01-44]已更新文件（Updated file）：离线数据（Offline Data）/cdragon/pbe/plugins/rcp-be-lol-game-data/global/zh_cn/v1/summoner-spells.json
[2025-08-13 13-01-44][18/18][21/31]正在校对文件（Checking file）： https://raw.communitydragon.org/pbe/plugins/rcp-be-lol-game-data/global/zh_cn/v1/tftchemtechstoredata.json
[2025-08-13 13-01-45]已更新文件（Updated file）：离线数据（Offline Data）/cdragon/pbe/plugins/rcp-be-lol-game-data/global/zh_cn/v1/tftchemtechstoredata.json
[2025-08-13 13-01-45][18/18][22/31]正在校对文件（Checking file）： https://raw.communitydragon.org/pbe/plugins/rcp-be-lol-game-data/global/zh_cn/v1/tftcontentdata.json
[2025-08-13 13-01-47]已更新文件（Updated file）：离线数据（Offline Data）/cdragon/pbe/plugins/rcp-be-lol-game-data/global/zh_cn/v1/tftcontentdata.json
[2025-08-13 13-01-47][18/18][23/31]正在校对文件（Checking file）： https://raw.communitydragon.org/pbe/plugins/rcp-be-lol-game-data/global/zh_cn/v1/tftmapskins.json
[2025-08-13 13-01-48]已更新文件（Updated file）：离线数据（Offline Data）/cdragon/pbe/plugins/rcp-be-lol-game-data/global/zh_cn/v1/tftmapskins.json
[2025-08-13 13-01-48][18/18][24/31]正在校对文件（Checking file）： https://raw.communitydragon.org/pbe/plugins/rcp-be-lol-game-data/global/zh_cn/v1/tftrotationalshopitemdata.json
[2025-08-13 13-01-50]已更新文件（Updated file）：离线数据（Offline Data）/cdragon/pbe/plugins/rcp-be-lol-game-data/global/zh_cn/v1/tftrotationalshopitemdata.json
[2025-08-13 13-01-50][18/18][25/31]正在校对文件（Checking file）： https://raw.communitydragon.org/pbe/plugins/rcp-be-lol-game-data/global/zh_cn/v1/tfttraits.json
[2025-08-13 13-01-52]已更新文件（Updated file）：离线数据（Offline Data）/cdragon/pbe/plugins/rcp-be-lol-game-data/global/zh_cn/v1/tfttraits.json
[2025-08-13 13-01-52][18/18][26/31]正在校对文件（Checking file）： https://raw.communitydragon.org/pbe/plugins/rcp-be-lol-game-data/global/zh_cn/v1/tfttrovesbannerrewards.json
[2025-08-13 13-01-53]已更新文件（Updated file）：离线数据（Offline Data）/cdragon/pbe/plugins/rcp-be-lol-game-data/global/zh_cn/v1/tfttrovesbannerrewards.json
[2025-08-13 13-01-53][18/18][27/31]正在校对文件（Checking file）： https://raw.communitydragon.org/pbe/plugins/rcp-be-lol-game-data/global/zh_cn/v1/tfttrovesbanners.json
[2025-08-13 13-01-54]已更新文件（Updated file）：离线数据（Offline Data）/cdragon/pbe/plugins/rcp-be-lol-game-data/global/zh_cn/v1/tfttrovesbanners.json
[2025-08-13 13-01-54][18/18][28/31]正在校对文件（Checking file）： https://raw.communitydragon.org/pbe/plugins/rcp-be-lol-game-data/global/zh_cn/v1/tfttrovestablesnames.json
[2025-08-13 13-01-56]已更新文件（Updated file）：离线数据（Offline Data）/cdragon/pbe/plugins/rcp-be-lol-game-data/global/zh_cn/v1/tfttrovestablesnames.json
[2025-08-13 13-01-56][18/18][29/31]正在校对文件（Checking file）： https://raw.communitydragon.org/pbe/plugins/rcp-be-lol-game-data/global/zh_cn/v1/tftzoomskins.json
[2025-08-13 13-01-57]已更新文件（Updated file）：离线数据（Offline Data）/cdragon/pbe/plugins/rcp-be-lol-game-data/global/zh_cn/v1/tftzoomskins.json
[2025-08-13 13-01-57][18/18][30/31]正在校对文件（Checking file）： https://raw.communitydragon.org/pbe/plugins/rcp-be-lol-game-data/global/zh_cn/v1/universes.json
[2025-08-13 13-01-58]已更新文件（Updated file）：离线数据（Offline Data）/cdragon/pbe/plugins/rcp-be-lol-game-data/global/zh_cn/v1/universes.json
[2025-08-13 13-01-58][18/18][31/31]正在校对文件（Checking file）： https://raw.communitydragon.org/pbe/plugins/rcp-be-lol-game-data/global/zh_cn/v1/ward-skins.json
[2025-08-13 13-01-59]已更新文件（Updated file）：离线数据（Offline Data）/cdragon/pbe/plugins/rcp-be-lol-game-data/global/zh_cn/v1/ward-skins.json
已更新以下95个文件：
Updated the following 95 file(s):
https://raw.communitydragon.org/pbe/compat-version-metadata.json
https://raw.communitydragon.org/pbe/content-metadata.json
https://raw.communitydragon.org/pbe/cdragon/arena/en_us.json
https://raw.communitydragon.org/pbe/cdragon/arena/zh_cn.json
https://raw.communitydragon.org/pbe/cdragon/tft/en_us.json
https://raw.communitydragon.org/pbe/cdragon/tft/zh_cn.json
https://raw.communitydragon.org/pbe/plugins/rcp-be-lol-game-data/global/default/v1/champions/112.json
https://raw.communitydragon.org/pbe/plugins/rcp-be-lol-game-data/global/default/v1/champions/117.json
https://raw.communitydragon.org/pbe/plugins/rcp-be-lol-game-data/global/default/v1/champions/12.json
https://raw.communitydragon.org/pbe/plugins/rcp-be-lol-game-data/global/default/v1/champions/136.json
https://raw.communitydragon.org/pbe/plugins/rcp-be-lol-game-data/global/default/v1/champions/202.json
https://raw.communitydragon.org/pbe/plugins/rcp-be-lol-game-data/global/default/v1/champions/23.json
https://raw.communitydragon.org/pbe/plugins/rcp-be-lol-game-data/global/default/v1/champions/266.json
https://raw.communitydragon.org/pbe/plugins/rcp-be-lol-game-data/global/default/v1/champions/5.json
https://raw.communitydragon.org/pbe/plugins/rcp-be-lol-game-data/global/default/v1/champions/59.json
https://raw.communitydragon.org/pbe/plugins/rcp-be-lol-game-data/global/default/v1/champions/86.json
https://raw.communitydragon.org/pbe/plugins/rcp-be-lol-game-data/global/default/v1/champions/893.json
https://raw.communitydragon.org/pbe/plugins/rcp-be-lol-game-data/global/default/v1/map-assets/map-assets.json
https://raw.communitydragon.org/pbe/plugins/rcp-be-lol-game-data/global/default/v1/achievementtitles.json
https://raw.communitydragon.org/pbe/plugins/rcp-be-lol-game-data/global/default/v1/challenges.json
https://raw.communitydragon.org/pbe/plugins/rcp-be-lol-game-data/global/default/v1/champion-rune-recommendations.json
https://raw.communitydragon.org/pbe/plugins/rcp-be-lol-game-data/global/default/v1/champion-summary.json
https://raw.communitydragon.org/pbe/plugins/rcp-be-lol-game-data/global/default/v1/championperkstylemap.json
https://raw.communitydragon.org/pbe/plugins/rcp-be-lol-game-data/global/default/v1/cherry-augments.json
https://raw.communitydragon.org/pbe/plugins/rcp-be-lol-game-data/global/default/v1/cherry-lobby.json
https://raw.communitydragon.org/pbe/plugins/rcp-be-lol-game-data/global/default/v1/companions.json
https://raw.communitydragon.org/pbe/plugins/rcp-be-lol-game-data/global/default/v1/event-hub.json
https://raw.communitydragon.org/pbe/plugins/rcp-be-lol-game-data/global/default/v1/generic-assets.json
https://raw.communitydragon.org/pbe/plugins/rcp-be-lol-game-data/global/default/v1/items.json
https://raw.communitydragon.org/pbe/plugins/rcp-be-lol-game-data/global/default/v1/loot.json
https://raw.communitydragon.org/pbe/plugins/rcp-be-lol-game-data/global/default/v1/objectives.json
https://raw.communitydragon.org/pbe/plugins/rcp-be-lol-game-data/global/default/v1/profile-icons.json
https://raw.communitydragon.org/pbe/plugins/rcp-be-lol-game-data/global/default/v1/queues.json
https://raw.communitydragon.org/pbe/plugins/rcp-be-lol-game-data/global/default/v1/regalia.json
https://raw.communitydragon.org/pbe/plugins/rcp-be-lol-game-data/global/default/v1/rewards.json
https://raw.communitydragon.org/pbe/plugins/rcp-be-lol-game-data/global/default/v1/skinlines.json
https://raw.communitydragon.org/pbe/plugins/rcp-be-lol-game-data/global/default/v1/skins.json
https://raw.communitydragon.org/pbe/plugins/rcp-be-lol-game-data/global/default/v1/statstones.json
https://raw.communitydragon.org/pbe/plugins/rcp-be-lol-game-data/global/default/v1/summoner-emotes.json
https://raw.communitydragon.org/pbe/plugins/rcp-be-lol-game-data/global/default/v1/summoner-icons.json
https://raw.communitydragon.org/pbe/plugins/rcp-be-lol-game-data/global/default/v1/summoner-spells.json
https://raw.communitydragon.org/pbe/plugins/rcp-be-lol-game-data/global/default/v1/tftchemtechstoredata.json
https://raw.communitydragon.org/pbe/plugins/rcp-be-lol-game-data/global/default/v1/tftcontentdata.json
https://raw.communitydragon.org/pbe/plugins/rcp-be-lol-game-data/global/default/v1/tftmapskins.json
https://raw.communitydragon.org/pbe/plugins/rcp-be-lol-game-data/global/default/v1/tftrotationalshopitemdata.json
https://raw.communitydragon.org/pbe/plugins/rcp-be-lol-game-data/global/default/v1/tfttraits.json
https://raw.communitydragon.org/pbe/plugins/rcp-be-lol-game-data/global/default/v1/tfttrovesbannerrewards.json
https://raw.communitydragon.org/pbe/plugins/rcp-be-lol-game-data/global/default/v1/tfttrovesbanners.json
https://raw.communitydragon.org/pbe/plugins/rcp-be-lol-game-data/global/default/v1/tfttrovestablesnames.json
https://raw.communitydragon.org/pbe/plugins/rcp-be-lol-game-data/global/default/v1/tftzoomskins.json
https://raw.communitydragon.org/pbe/plugins/rcp-be-lol-game-data/global/default/v1/universes.json
https://raw.communitydragon.org/pbe/plugins/rcp-be-lol-game-data/global/default/v1/ward-skins.json
https://raw.communitydragon.org/pbe/plugins/rcp-be-lol-game-data/global/zh_cn/v1/champions/112.json
https://raw.communitydragon.org/pbe/plugins/rcp-be-lol-game-data/global/zh_cn/v1/champions/117.json
https://raw.communitydragon.org/pbe/plugins/rcp-be-lol-game-data/global/zh_cn/v1/champions/12.json
https://raw.communitydragon.org/pbe/plugins/rcp-be-lol-game-data/global/zh_cn/v1/champions/136.json
https://raw.communitydragon.org/pbe/plugins/rcp-be-lol-game-data/global/zh_cn/v1/champions/202.json
https://raw.communitydragon.org/pbe/plugins/rcp-be-lol-game-data/global/zh_cn/v1/champions/23.json
https://raw.communitydragon.org/pbe/plugins/rcp-be-lol-game-data/global/zh_cn/v1/champions/266.json
https://raw.communitydragon.org/pbe/plugins/rcp-be-lol-game-data/global/zh_cn/v1/champions/5.json
https://raw.communitydragon.org/pbe/plugins/rcp-be-lol-game-data/global/zh_cn/v1/champions/59.json
https://raw.communitydragon.org/pbe/plugins/rcp-be-lol-game-data/global/zh_cn/v1/champions/86.json
https://raw.communitydragon.org/pbe/plugins/rcp-be-lol-game-data/global/zh_cn/v1/champions/893.json
https://raw.communitydragon.org/pbe/plugins/rcp-be-lol-game-data/global/zh_cn/v1/map-assets/map-assets.json
https://raw.communitydragon.org/pbe/plugins/rcp-be-lol-game-data/global/zh_cn/v1/achievementtitles.json
https://raw.communitydragon.org/pbe/plugins/rcp-be-lol-game-data/global/zh_cn/v1/challenges.json
https://raw.communitydragon.org/pbe/plugins/rcp-be-lol-game-data/global/zh_cn/v1/champion-summary.json
https://raw.communitydragon.org/pbe/plugins/rcp-be-lol-game-data/global/zh_cn/v1/cherry-augments.json
https://raw.communitydragon.org/pbe/plugins/rcp-be-lol-game-data/global/zh_cn/v1/cherry-lobby.json
https://raw.communitydragon.org/pbe/plugins/rcp-be-lol-game-data/global/zh_cn/v1/companions.json
https://raw.communitydragon.org/pbe/plugins/rcp-be-lol-game-data/global/zh_cn/v1/event-hub.json
https://raw.communitydragon.org/pbe/plugins/rcp-be-lol-game-data/global/zh_cn/v1/generic-assets.json
https://raw.communitydragon.org/pbe/plugins/rcp-be-lol-game-data/global/zh_cn/v1/items.json
https://raw.communitydragon.org/pbe/plugins/rcp-be-lol-game-data/global/zh_cn/v1/loot.json
https://raw.communitydragon.org/pbe/plugins/rcp-be-lol-game-data/global/zh_cn/v1/objectives.json
https://raw.communitydragon.org/pbe/plugins/rcp-be-lol-game-data/global/zh_cn/v1/profile-icons.json
https://raw.communitydragon.org/pbe/plugins/rcp-be-lol-game-data/global/zh_cn/v1/queues.json
https://raw.communitydragon.org/pbe/plugins/rcp-be-lol-game-data/global/zh_cn/v1/regalia.json
https://raw.communitydragon.org/pbe/plugins/rcp-be-lol-game-data/global/zh_cn/v1/skinlines.json
https://raw.communitydragon.org/pbe/plugins/rcp-be-lol-game-data/global/zh_cn/v1/skins.json
https://raw.communitydragon.org/pbe/plugins/rcp-be-lol-game-data/global/zh_cn/v1/statstones.json
https://raw.communitydragon.org/pbe/plugins/rcp-be-lol-game-data/global/zh_cn/v1/summoner-emotes.json
https://raw.communitydragon.org/pbe/plugins/rcp-be-lol-game-data/global/zh_cn/v1/summoner-icons.json
https://raw.communitydragon.org/pbe/plugins/rcp-be-lol-game-data/global/zh_cn/v1/summoner-spells.json
https://raw.communitydragon.org/pbe/plugins/rcp-be-lol-game-data/global/zh_cn/v1/tftchemtechstoredata.json
https://raw.communitydragon.org/pbe/plugins/rcp-be-lol-game-data/global/zh_cn/v1/tftcontentdata.json
https://raw.communitydragon.org/pbe/plugins/rcp-be-lol-game-data/global/zh_cn/v1/tftmapskins.json
https://raw.communitydragon.org/pbe/plugins/rcp-be-lol-game-data/global/zh_cn/v1/tftrotationalshopitemdata.json
https://raw.communitydragon.org/pbe/plugins/rcp-be-lol-game-data/global/zh_cn/v1/tfttraits.json
https://raw.communitydragon.org/pbe/plugins/rcp-be-lol-game-data/global/zh_cn/v1/tfttrovesbannerrewards.json
https://raw.communitydragon.org/pbe/plugins/rcp-be-lol-game-data/global/zh_cn/v1/tfttrovesbanners.json
https://raw.communitydragon.org/pbe/plugins/rcp-be-lol-game-data/global/zh_cn/v1/tfttrovestablesnames.json
https://raw.communitydragon.org/pbe/plugins/rcp-be-lol-game-data/global/zh_cn/v1/tftzoomskins.json
https://raw.communitydragon.org/pbe/plugins/rcp-be-lol-game-data/global/zh_cn/v1/universes.json
https://raw.communitydragon.org/pbe/plugins/rcp-be-lol-game-data/global/zh_cn/v1/ward-skins.json

已添加以下19个文件：
Added the following 19 file(s):
https://raw.communitydragon.org/pbe/plugins/rcp-be-lol-game-data/global/default/v1/champions/66600.json
https://raw.communitydragon.org/pbe/plugins/rcp-be-lol-game-data/global/default/v1/champions/66602.json
https://raw.communitydragon.org/pbe/plugins/rcp-be-lol-game-data/global/default/v1/champions/66603.json
https://raw.communitydragon.org/pbe/plugins/rcp-be-lol-game-data/global/default/v1/champions/66604.json
https://raw.communitydragon.org/pbe/plugins/rcp-be-lol-game-data/global/default/v1/champions/66605.json
https://raw.communitydragon.org/pbe/plugins/rcp-be-lol-game-data/global/default/v1/champions/66606.json
https://raw.communitydragon.org/pbe/plugins/rcp-be-lol-game-data/global/default/v1/champions/66607.json
https://raw.communitydragon.org/pbe/plugins/rcp-be-lol-game-data/global/default/v1/champions/66608.json
https://raw.communitydragon.org/pbe/plugins/rcp-be-lol-game-data/global/default/v1/champions/66609.json
https://raw.communitydragon.org/pbe/plugins/rcp-be-lol-game-data/global/default/v1/champions/66610.json
https://raw.communitydragon.org/pbe/plugins/rcp-be-lol-game-data/global/default/v1/champions/66611.json
https://raw.communitydragon.org/pbe/plugins/rcp-be-lol-game-data/global/default/v1/champions/66612.json
https://raw.communitydragon.org/pbe/plugins/rcp-be-lol-game-data/global/default/v1/champions/66613.json
https://raw.communitydragon.org/pbe/plugins/rcp-be-lol-game-data/global/default/v1/champions/66614.json
https://raw.communitydragon.org/pbe/plugins/rcp-be-lol-game-data/global/default/v1/champions/66615.json
https://raw.communitydragon.org/pbe/plugins/rcp-be-lol-game-data/global/default/v1/champions/66616.json
https://raw.communitydragon.org/pbe/plugins/rcp-be-lol-game-data/global/default/v1/champions/66617.json
https://raw.communitydragon.org/pbe/plugins/rcp-be-lol-game-data/global/default/v1/champions/66618.json
https://raw.communitydragon.org/pbe/plugins/rcp-be-lol-game-data/global/default/v1/champions/66619.json

请选择要更新的数据资源，输入空字符串以退出程序：
Please select the data resource to update, or submit an empty string to exit the program:
1	CommunityDragon
2	DataDragon
[2025-08-13 13-04-00]
[The program has exited!]
