请选择要更新的数据资源，输入空字符串以退出程序：
Please select the data resource to update, or submit an empty string to exit the program:
1	CommunityDragon
2	DataDragon
[2025-11-11 10-18-20]1
请选择要更新的数据资源：
Please select the data resources to update:
☆1	主要文件（默认）【Major files (by default)】
2	自行指定（Specify manually）
[2025-11-11 10-18-21]
请选择更新模式：
Please select the update mode:
1	全局扫描（Global Scan）
☆2	按修改时间更新（默认）【Updating According to Modification Time (by default)】
[2025-11-11 10-18-21]
请选择一种方式指定修改时间：
Please select a method of specifying the modification time:
☆1	自动获取（默认）【Automatically get (by default)】
2	手动输入（Manually input）
[2025-11-11 10-18-21]
[2025-11-11 10-18-21][1/18]正在检查文件夹（Checking the folder）：https://raw.communitydragon.org/latest/
[2025-11-11 10-18-28]页面新文件列表如下：
New file list is as follows: 
Empty DataFrame
Columns: [file, size, web_date, web_timestamp, local_date, local_timestamp]
Index: []
[2025-11-11 10-18-28][2/18]正在检查文件夹（Checking the folder）：https://raw.communitydragon.org/latest/cdragon/arena/
[2025-11-11 10-18-28]页面新文件列表如下：
New file list is as follows: 
Empty DataFrame
Columns: [file, size, web_date, web_timestamp, local_date, local_timestamp]
Index: []
[2025-11-11 10-18-28][3/18]正在检查文件夹（Checking the folder）：https://raw.communitydragon.org/latest/cdragon/tft/
[2025-11-11 10-18-28]页面新文件列表如下：
New file list is as follows: 
Empty DataFrame
Columns: [file, size, web_date, web_timestamp, local_date, local_timestamp]
Index: []
[2025-11-11 10-18-28][4/18]正在检查文件夹（Checking the folder）：https://raw.communitydragon.org/latest/plugins/rcp-be-lol-game-data/global/default/v1/champions/
[2025-11-11 10-18-29]页面新文件列表如下：
New file list is as follows: 
Empty DataFrame
Columns: [file, size, web_date, web_timestamp, local_date, local_timestamp]
Index: []
[2025-11-11 10-18-29][5/18]正在检查文件夹（Checking the folder）：https://raw.communitydragon.org/latest/plugins/rcp-be-lol-game-data/global/default/v1/map-assets/
[2025-11-11 10-18-29]页面新文件列表如下：
New file list is as follows: 
Empty DataFrame
Columns: [file, size, web_date, web_timestamp, local_date, local_timestamp]
Index: []
[2025-11-11 10-18-29][6/18]正在检查文件夹（Checking the folder）：https://raw.communitydragon.org/latest/plugins/rcp-be-lol-game-data/global/default/v1/
[2025-11-11 10-18-30]页面新文件列表如下：
New file list is as follows: 
Empty DataFrame
Columns: [file, size, web_date, web_timestamp, local_date, local_timestamp]
Index: []
[2025-11-11 10-18-30][7/18]正在检查文件夹（Checking the folder）：https://raw.communitydragon.org/latest/plugins/rcp-be-lol-game-data/global/zh_cn/v1/champions/
[2025-11-11 10-18-30]页面新文件列表如下：
New file list is as follows: 
Empty DataFrame
Columns: [file, size, web_date, web_timestamp, local_date, local_timestamp]
Index: []
[2025-11-11 10-18-30][8/18]正在检查文件夹（Checking the folder）：https://raw.communitydragon.org/latest/plugins/rcp-be-lol-game-data/global/zh_cn/v1/map-assets/
[2025-11-11 10-18-31]页面新文件列表如下：
New file list is as follows: 
Empty DataFrame
Columns: [file, size, web_date, web_timestamp, local_date, local_timestamp]
Index: []
[2025-11-11 10-18-31][9/18]正在检查文件夹（Checking the folder）：https://raw.communitydragon.org/latest/plugins/rcp-be-lol-game-data/global/zh_cn/v1/
[2025-11-11 10-18-31]页面新文件列表如下：
New file list is as follows: 
Empty DataFrame
Columns: [file, size, web_date, web_timestamp, local_date, local_timestamp]
Index: []
[2025-11-11 10-18-31][10/18]正在检查文件夹（Checking the folder）：https://raw.communitydragon.org/pbe/
[2025-11-11 10-18-32]页面新文件列表如下：
New file list is as follows: 
             file                  size           web_date          web_timestamp        local_date          local_timestamp   
 compat-version-metadata.json    62 Bytes    2025-11-11 06-50-21    1762815021.0     2025-11-08 13-01-52    1762578112.5452847 
    content-metadata.json        64 Bytes    2025-11-11 06-50-21    1762815021.0     2025-11-08 13-01-53    1762578113.1353593 
[2025-11-11 10-18-32][10/18][1/2]正在校对文件（Checking file）： https://raw.communitydragon.org/pbe/compat-version-metadata.json
[2025-11-11 10-18-32]已更新文件（Updated file）：离线数据（Offline Data）/cdragon/pbe/compat-version-metadata.json
[2025-11-11 10-18-32][10/18][2/2]正在校对文件（Checking file）： https://raw.communitydragon.org/pbe/content-metadata.json
[2025-11-11 10-18-32]已更新文件（Updated file）：离线数据（Offline Data）/cdragon/pbe/content-metadata.json
[2025-11-11 10-18-32][11/18]正在检查文件夹（Checking the folder）：https://raw.communitydragon.org/pbe/cdragon/arena/
[2025-11-11 10-18-33]页面新文件列表如下：
New file list is as follows: 
    file         size            web_date          web_timestamp        local_date          local_timestamp   
 en_us.json    232.8 KiB    2025-11-11 06-53-08    1762815188.0     2025-11-08 13-01-54    1762578114.1136675 
 zh_cn.json    236.0 KiB    2025-11-11 06-53-09    1762815189.0     2025-11-08 13-01-54    1762578114.4831333 
[2025-11-11 10-18-33][11/18][1/2]正在校对文件（Checking file）： https://raw.communitydragon.org/pbe/cdragon/arena/en_us.json
[2025-11-11 10-18-33][11/18][2/2]正在校对文件（Checking file）： https://raw.communitydragon.org/pbe/cdragon/arena/zh_cn.json
[2025-11-11 10-18-34][12/18]正在检查文件夹（Checking the folder）：https://raw.communitydragon.org/pbe/cdragon/tft/
[2025-11-11 10-18-34]页面新文件列表如下：
New file list is as follows: 
    file         size           web_date          web_timestamp        local_date          local_timestamp  
 en_us.json    21.6 MiB    2025-11-11 06-52-47    1762815167.0     2025-11-08 13-01-57    1762578117.350345 
 zh_cn.json    21.7 MiB    2025-11-11 06-52-52    1762815172.0     2025-11-08 13-01-59    1762578119.122989 
[2025-11-11 10-18-34][12/18][1/2]正在校对文件（Checking file）： https://raw.communitydragon.org/pbe/cdragon/tft/en_us.json
[2025-11-11 10-18-37]已更新文件（Updated file）：离线数据（Offline Data）/cdragon/pbe/cdragon/tft/en_us.json
[2025-11-11 10-18-37][12/18][2/2]正在校对文件（Checking file）： https://raw.communitydragon.org/pbe/cdragon/tft/zh_cn.json
[2025-11-11 10-18-40][13/18]正在检查文件夹（Checking the folder）：https://raw.communitydragon.org/pbe/plugins/rcp-be-lol-game-data/global/default/v1/champions/
[2025-11-11 10-18-40]页面新文件列表如下：
New file list is as follows: 
   file        size           web_date          web_timestamp        local_date         local_timestamp 
 904.json    14.0 KiB    2025-11-11 06-52-15    1762815135.0     1970-01-01 08-00-00           0        
[2025-11-11 10-18-41][13/18][1/1]正在校对文件（Checking file）： https://raw.communitydragon.org/pbe/plugins/rcp-be-lol-game-data/global/default/v1/champions/904.json
[2025-11-11 10-18-41]已添加文件（Added file）：离线数据（Offline Data）/cdragon/pbe/plugins/rcp-be-lol-game-data/global/default/v1/champions/904.json
[2025-11-11 10-18-41][14/18]正在检查文件夹（Checking the folder）：https://raw.communitydragon.org/pbe/plugins/rcp-be-lol-game-data/global/default/v1/map-assets/
[2025-11-11 10-18-41]页面新文件列表如下：
New file list is as follows: 
Empty DataFrame
Columns: [file, size, web_date, web_timestamp, local_date, local_timestamp]
Index: []
[2025-11-11 10-18-41][15/18]正在检查文件夹（Checking the folder）：https://raw.communitydragon.org/pbe/plugins/rcp-be-lol-game-data/global/default/v1/
[2025-11-11 10-18-42]页面新文件列表如下：
New file list is as follows: 
                file                     size            web_date          web_timestamp        local_date          local_timestamp   
 champion-rune-recommendations.json    344.5 KiB    2025-11-11 06-52-15    1762815135.0     2025-11-08 13-02-04    1762578124.9560845 
       champion-summary.json           42.3 KiB     2025-11-11 06-52-15    1762815135.0     2025-08-13 13-00-04    1755061204.190161  
     championperkstylemap.json         13.6 KiB     2025-11-11 06-52-16    1762815136.0     2025-08-13 13-00-04    1755061204.8421295 
        cherry-augments.json           74.5 KiB     2025-11-11 06-52-15    1762815135.0     2025-11-08 13-02-05    1762578125.2979696 
             items.json                501.0 KiB    2025-11-11 06-52-15    1762815135.0     2025-11-05 11-27-29    1762313249.829167  
             loot.json                  3.0 MiB     2025-11-11 06-52-15    1762815135.0     2025-10-30 12-09-52    1761797392.3112702 
            queues.json                251.2 KiB    2025-11-11 06-52-15    1762815135.0     2025-11-08 13-02-05    1762578125.6647382 
             skins.json                 5.0 MiB     2025-11-11 06-52-15    1762815135.0     2025-11-08 13-02-07    1762578127.5610974 
          statstones.json               1.8 MiB     2025-11-11 06-52-15    1762815135.0     2025-08-13 13-00-24    1755061224.6893492 
           tfttraits.json              436.4 KiB    2025-11-11 06-52-15    1762815135.0     2025-11-08 13-02-08    1762578128.4433792 
[2025-11-11 10-18-42][15/18][1/10]正在校对文件（Checking file）： https://raw.communitydragon.org/pbe/plugins/rcp-be-lol-game-data/global/default/v1/champion-rune-recommendations.json
[2025-11-11 10-18-42]已更新文件（Updated file）：离线数据（Offline Data）/cdragon/pbe/plugins/rcp-be-lol-game-data/global/default/v1/champion-rune-recommendations.json
[2025-11-11 10-18-42][15/18][2/10]正在校对文件（Checking file）： https://raw.communitydragon.org/pbe/plugins/rcp-be-lol-game-data/global/default/v1/champion-summary.json
[2025-11-11 10-18-43]已更新文件（Updated file）：离线数据（Offline Data）/cdragon/pbe/plugins/rcp-be-lol-game-data/global/default/v1/champion-summary.json
[2025-11-11 10-18-43][15/18][3/10]正在校对文件（Checking file）： https://raw.communitydragon.org/pbe/plugins/rcp-be-lol-game-data/global/default/v1/championperkstylemap.json
[2025-11-11 10-18-43]已更新文件（Updated file）：离线数据（Offline Data）/cdragon/pbe/plugins/rcp-be-lol-game-data/global/default/v1/championperkstylemap.json
[2025-11-11 10-18-43][15/18][4/10]正在校对文件（Checking file）： https://raw.communitydragon.org/pbe/plugins/rcp-be-lol-game-data/global/default/v1/cherry-augments.json
[2025-11-11 10-18-44]已更新文件（Updated file）：离线数据（Offline Data）/cdragon/pbe/plugins/rcp-be-lol-game-data/global/default/v1/cherry-augments.json
[2025-11-11 10-18-44][15/18][5/10]正在校对文件（Checking file）： https://raw.communitydragon.org/pbe/plugins/rcp-be-lol-game-data/global/default/v1/items.json
[2025-11-11 10-18-44]已更新文件（Updated file）：离线数据（Offline Data）/cdragon/pbe/plugins/rcp-be-lol-game-data/global/default/v1/items.json
[2025-11-11 10-18-44][15/18][6/10]正在校对文件（Checking file）： https://raw.communitydragon.org/pbe/plugins/rcp-be-lol-game-data/global/default/v1/loot.json
[2025-11-11 10-18-46]已更新文件（Updated file）：离线数据（Offline Data）/cdragon/pbe/plugins/rcp-be-lol-game-data/global/default/v1/loot.json
[2025-11-11 10-18-46][15/18][7/10]正在校对文件（Checking file）： https://raw.communitydragon.org/pbe/plugins/rcp-be-lol-game-data/global/default/v1/queues.json
[2025-11-11 10-18-46]已更新文件（Updated file）：离线数据（Offline Data）/cdragon/pbe/plugins/rcp-be-lol-game-data/global/default/v1/queues.json
[2025-11-11 10-18-46][15/18][8/10]正在校对文件（Checking file）： https://raw.communitydragon.org/pbe/plugins/rcp-be-lol-game-data/global/default/v1/skins.json
[2025-11-11 10-18-48]已更新文件（Updated file）：离线数据（Offline Data）/cdragon/pbe/plugins/rcp-be-lol-game-data/global/default/v1/skins.json
[2025-11-11 10-18-48][15/18][9/10]正在校对文件（Checking file）： https://raw.communitydragon.org/pbe/plugins/rcp-be-lol-game-data/global/default/v1/statstones.json
[2025-11-11 10-18-49]已更新文件（Updated file）：离线数据（Offline Data）/cdragon/pbe/plugins/rcp-be-lol-game-data/global/default/v1/statstones.json
[2025-11-11 10-18-49][15/18][10/10]正在校对文件（Checking file）： https://raw.communitydragon.org/pbe/plugins/rcp-be-lol-game-data/global/default/v1/tfttraits.json
[2025-11-11 10-18-49]已更新文件（Updated file）：离线数据（Offline Data）/cdragon/pbe/plugins/rcp-be-lol-game-data/global/default/v1/tfttraits.json
[2025-11-11 10-18-49][16/18]正在检查文件夹（Checking the folder）：https://raw.communitydragon.org/pbe/plugins/rcp-be-lol-game-data/global/zh_cn/v1/champions/
[2025-11-11 10-18-49]页面新文件列表如下：
New file list is as follows: 
   file        size           web_date          web_timestamp        local_date         local_timestamp 
 904.json    14.2 KiB    2025-11-11 06-52-20    1762815140.0     1970-01-01 08-00-00           0        
[2025-11-11 10-18-49][16/18][1/1]正在校对文件（Checking file）： https://raw.communitydragon.org/pbe/plugins/rcp-be-lol-game-data/global/zh_cn/v1/champions/904.json
[2025-11-11 10-18-50]已添加文件（Added file）：离线数据（Offline Data）/cdragon/pbe/plugins/rcp-be-lol-game-data/global/zh_cn/v1/champions/904.json
[2025-11-11 10-18-50][17/18]正在检查文件夹（Checking the folder）：https://raw.communitydragon.org/pbe/plugins/rcp-be-lol-game-data/global/zh_cn/v1/map-assets/
[2025-11-11 10-18-50]页面新文件列表如下：
New file list is as follows: 
Empty DataFrame
Columns: [file, size, web_date, web_timestamp, local_date, local_timestamp]
Index: []
[2025-11-11 10-18-50][18/18]正在检查文件夹（Checking the folder）：https://raw.communitydragon.org/pbe/plugins/rcp-be-lol-game-data/global/zh_cn/v1/
[2025-11-11 10-18-51]页面新文件列表如下：
New file list is as follows: 
         file               size            web_date          web_timestamp        local_date          local_timestamp   
 champion-summary.json    41.8 KiB     2025-11-11 06-52-20    1762815140.0     2025-08-13 13-01-10    1755061270.4940295 
 cherry-augments.json     74.2 KiB     2025-11-11 06-52-20    1762815140.0     2025-11-08 13-02-15    1762578135.2009876 
      items.json          500.8 KiB    2025-11-11 06-52-20    1762815140.0     2025-11-05 11-27-43    1762313263.574972  
       loot.json           3.0 MiB     2025-11-11 06-52-20    1762815140.0     2025-10-30 12-11-15    1761797475.5519795 
      queues.json         255.7 KiB    2025-11-11 06-52-20    1762815140.0     2025-11-08 13-02-15    1762578135.5886536 
      skins.json           5.2 MiB     2025-11-11 06-52-20    1762815140.0     2025-11-08 13-02-17    1762578137.8822293 
    statstones.json        1.8 MiB     2025-11-11 06-52-20    1762815140.0     2025-09-03 08-17-52    1756858672.7810733 
[2025-11-11 10-18-51][18/18][1/7]正在校对文件（Checking file）： https://raw.communitydragon.org/pbe/plugins/rcp-be-lol-game-data/global/zh_cn/v1/champion-summary.json
[2025-11-11 10-18-51]已更新文件（Updated file）：离线数据（Offline Data）/cdragon/pbe/plugins/rcp-be-lol-game-data/global/zh_cn/v1/champion-summary.json
[2025-11-11 10-18-51][18/18][2/7]正在校对文件（Checking file）： https://raw.communitydragon.org/pbe/plugins/rcp-be-lol-game-data/global/zh_cn/v1/cherry-augments.json
[2025-11-11 10-18-51]已更新文件（Updated file）：离线数据（Offline Data）/cdragon/pbe/plugins/rcp-be-lol-game-data/global/zh_cn/v1/cherry-augments.json
[2025-11-11 10-18-51][18/18][3/7]正在校对文件（Checking file）： https://raw.communitydragon.org/pbe/plugins/rcp-be-lol-game-data/global/zh_cn/v1/items.json
[2025-11-11 10-18-52]已更新文件（Updated file）：离线数据（Offline Data）/cdragon/pbe/plugins/rcp-be-lol-game-data/global/zh_cn/v1/items.json
[2025-11-11 10-18-52][18/18][4/7]正在校对文件（Checking file）： https://raw.communitydragon.org/pbe/plugins/rcp-be-lol-game-data/global/zh_cn/v1/loot.json
[2025-11-11 10-18-53]已更新文件（Updated file）：离线数据（Offline Data）/cdragon/pbe/plugins/rcp-be-lol-game-data/global/zh_cn/v1/loot.json
[2025-11-11 10-18-53][18/18][5/7]正在校对文件（Checking file）： https://raw.communitydragon.org/pbe/plugins/rcp-be-lol-game-data/global/zh_cn/v1/queues.json
[2025-11-11 10-18-55]已更新文件（Updated file）：离线数据（Offline Data）/cdragon/pbe/plugins/rcp-be-lol-game-data/global/zh_cn/v1/queues.json
[2025-11-11 10-18-55][18/18][6/7]正在校对文件（Checking file）： https://raw.communitydragon.org/pbe/plugins/rcp-be-lol-game-data/global/zh_cn/v1/skins.json
[2025-11-11 10-18-57]已更新文件（Updated file）：离线数据（Offline Data）/cdragon/pbe/plugins/rcp-be-lol-game-data/global/zh_cn/v1/skins.json
[2025-11-11 10-18-57][18/18][7/7]正在校对文件（Checking file）： https://raw.communitydragon.org/pbe/plugins/rcp-be-lol-game-data/global/zh_cn/v1/statstones.json
[2025-11-11 10-18-57]已更新文件（Updated file）：离线数据（Offline Data）/cdragon/pbe/plugins/rcp-be-lol-game-data/global/zh_cn/v1/statstones.json
已更新以下20个文件：
Updated the following 20 file(s):
https://raw.communitydragon.org/pbe/compat-version-metadata.json
https://raw.communitydragon.org/pbe/content-metadata.json
https://raw.communitydragon.org/pbe/cdragon/tft/en_us.json
https://raw.communitydragon.org/pbe/plugins/rcp-be-lol-game-data/global/default/v1/champion-rune-recommendations.json
https://raw.communitydragon.org/pbe/plugins/rcp-be-lol-game-data/global/default/v1/champion-summary.json
https://raw.communitydragon.org/pbe/plugins/rcp-be-lol-game-data/global/default/v1/championperkstylemap.json
https://raw.communitydragon.org/pbe/plugins/rcp-be-lol-game-data/global/default/v1/cherry-augments.json
https://raw.communitydragon.org/pbe/plugins/rcp-be-lol-game-data/global/default/v1/items.json
https://raw.communitydragon.org/pbe/plugins/rcp-be-lol-game-data/global/default/v1/loot.json
https://raw.communitydragon.org/pbe/plugins/rcp-be-lol-game-data/global/default/v1/queues.json
https://raw.communitydragon.org/pbe/plugins/rcp-be-lol-game-data/global/default/v1/skins.json
https://raw.communitydragon.org/pbe/plugins/rcp-be-lol-game-data/global/default/v1/statstones.json
https://raw.communitydragon.org/pbe/plugins/rcp-be-lol-game-data/global/default/v1/tfttraits.json
https://raw.communitydragon.org/pbe/plugins/rcp-be-lol-game-data/global/zh_cn/v1/champion-summary.json
https://raw.communitydragon.org/pbe/plugins/rcp-be-lol-game-data/global/zh_cn/v1/cherry-augments.json
https://raw.communitydragon.org/pbe/plugins/rcp-be-lol-game-data/global/zh_cn/v1/items.json
https://raw.communitydragon.org/pbe/plugins/rcp-be-lol-game-data/global/zh_cn/v1/loot.json
https://raw.communitydragon.org/pbe/plugins/rcp-be-lol-game-data/global/zh_cn/v1/queues.json
https://raw.communitydragon.org/pbe/plugins/rcp-be-lol-game-data/global/zh_cn/v1/skins.json
https://raw.communitydragon.org/pbe/plugins/rcp-be-lol-game-data/global/zh_cn/v1/statstones.json

已添加以下2个文件：
Added the following 2 file(s):
https://raw.communitydragon.org/pbe/plugins/rcp-be-lol-game-data/global/default/v1/champions/904.json
https://raw.communitydragon.org/pbe/plugins/rcp-be-lol-game-data/global/zh_cn/v1/champions/904.json

请选择要更新的数据资源，输入空字符串以退出程序：
Please select the data resource to update, or submit an empty string to exit the program:
1	CommunityDragon
2	DataDragon
[2025-11-11 10-19-12]
[The program has exited!]
