请选择要更新的数据资源，输入空字符串以退出程序：
Please select the data resource to update, or submit an empty string to exit the program:
1	CommunityDragon
2	DataDragon
1
请选择要更新的数据资源：
Please select the data resources to update:
☆1	主要文件（默认）【Major files (by default)】
2	自行指定（Specify manually）
请选择更新模式：
Please select the update mode:
1	全局扫描（Global Scan）
☆2	按修改时间更新（默认）【Updating According to Modification Time (by default)】

请选择一种方式指定修改时间：
Please select a method of specifying the modification time:
☆1	自动获取（默认）【Automatically get (by default)】
2	手动输入（Manually input）

[2025-04-30 06-30-45][1/18]正在检查文件夹（Checking the folder）：https://raw.communitydragon.org/latest/
[2025-04-30 06-30-46]页面新文件列表如下：
New file list is as follows: 
             file                size        web_date         web_timestamp        local_date          local_timestamp  
 compat-version-metadata.json    70 B    2025-Apr-29 02:32    1745865120.0     2025-04-19 09-09-59    1745024999.676516 
    content-metadata.json        72 B    2025-Apr-29 02:32    1745865120.0     2025-04-19 09-10-01    1745025001.337446 
[2025-04-30 06-30-46][1/18][1/2]正在校对文件（Checking file）： https://raw.communitydragon.org/latest/compat-version-metadata.json
[2025-04-30 06-30-47][1/18][2/2]正在校对文件（Checking file）： https://raw.communitydragon.org/latest/content-metadata.json
[2025-04-30 06-30-48][2/18]正在检查文件夹（Checking the folder）：https://raw.communitydragon.org/latest/cdragon/arena/
[2025-04-30 06-30-49]页面新文件列表如下：
New file list is as follows: 
    file         size           web_date         web_timestamp        local_date          local_timestamp   
 en_us.json    221.2 KiB    2025-Apr-29 20:54    1745931240.0     2025-04-19 09-10-04    1745025004.6349406 
 zh_cn.json    224.4 KiB    2025-Apr-29 20:54    1745931240.0     2025-04-19 09-10-05    1745025005.8785794 
[2025-04-30 06-30-49][2/18][1/2]正在校对文件（Checking file）： https://raw.communitydragon.org/latest/cdragon/arena/en_us.json
[2025-04-30 06-30-50]已更新文件（Updated file）：离线数据（Offline Data）/cdragon/latest/cdragon/arena/en_us.json
[2025-04-30 06-30-50][2/18][2/2]正在校对文件（Checking file）： https://raw.communitydragon.org/latest/cdragon/arena/zh_cn.json
[2025-04-30 06-30-51]已更新文件（Updated file）：离线数据（Offline Data）/cdragon/latest/cdragon/arena/zh_cn.json
[2025-04-30 06-30-51][3/18]正在检查文件夹（Checking the folder）：https://raw.communitydragon.org/latest/cdragon/tft/
[2025-04-30 06-30-52]页面新文件列表如下：
New file list is as follows: 
    file         size          web_date         web_timestamp        local_date          local_timestamp   
 en_us.json    16.0 MiB    2025-Apr-29 20:53    1745931180.0     2025-04-19 09-10-09    1745025009.5295708 
 zh_cn.json    16.1 MiB    2025-Apr-29 20:53    1745931180.0     2025-04-19 09-10-12    1745025012.2289484 
[2025-04-30 06-30-52][3/18][1/2]正在校对文件（Checking file）： https://raw.communitydragon.org/latest/cdragon/tft/en_us.json
[2025-04-30 06-30-55]已更新文件（Updated file）：离线数据（Offline Data）/cdragon/latest/cdragon/tft/en_us.json
[2025-04-30 06-30-55][3/18][2/2]正在校对文件（Checking file）： https://raw.communitydragon.org/latest/cdragon/tft/zh_cn.json
[2025-04-30 06-30-57]已更新文件（Updated file）：离线数据（Offline Data）/cdragon/latest/cdragon/tft/zh_cn.json
[2025-04-30 06-30-57][4/18]正在检查文件夹（Checking the folder）：https://raw.communitydragon.org/latest/plugins/rcp-be-lol-game-data/global/default/v1/champions/
[2025-04-30 06-30-58]页面新文件列表如下：
New file list is as follows: 
   file        size          web_date         web_timestamp        local_date          local_timestamp   
  1.json     38.0 KiB    2025-Apr-29 02:35    1745865300.0     2025-04-19 09-10-14    1745025014.0935154 
 101.json    24.6 KiB    2025-Apr-29 02:35    1745865300.0     2025-04-19 09-10-14    1745025014.7325623 
 103.json    53.5 KiB    2025-Apr-29 02:35    1745865300.0     2025-04-19 09-10-15    1745025015.5134714 
 117.json    33.7 KiB    2025-Apr-29 02:35    1745865300.0     2025-04-19 09-10-16    1745025016.564853  
 119.json    39.2 KiB    2025-Apr-29 02:35    1745865300.0     2025-04-19 09-10-17    1745025017.171319  
 134.json    41.1 KiB    2025-Apr-29 02:35    1745865300.0     2025-04-19 09-10-17    1745025017.8704221 
 142.json    27.8 KiB    2025-Apr-29 02:35    1745865300.0     2025-04-19 09-10-18    1745025018.5955288 
 233.json    18.8 KiB    2025-Apr-29 02:35    1745865300.0     2025-04-19 09-10-19    1745025019.218624  
 25.json     43.9 KiB    2025-Apr-29 02:35    1745865300.0     2025-04-19 09-10-19    1745025019.7991793 
 360.json    23.9 KiB    2025-Apr-29 02:35    1745865300.0     2025-04-19 09-10-20    1745025020.525992  
  4.json     38.6 KiB    2025-Apr-29 02:35    1745865300.0     2025-04-19 09-10-21    1745025021.1157641 
 44.json     24.0 KiB    2025-Apr-29 02:35    1745865300.0     2025-04-19 09-10-21    1745025021.7404144 
 60.json     26.3 KiB    2025-Apr-29 02:35    1745865300.0     2025-04-19 09-10-22    1745025022.8463337 
 711.json    16.4 KiB    2025-Apr-29 02:35    1745865300.0     2025-04-19 09-10-23    1745025023.5838547 
 75.json     36.6 KiB    2025-Apr-29 02:35    1745865300.0     2025-04-19 09-10-24    1745025024.3692083 
 82.json     37.7 KiB    2025-Apr-29 02:35    1745865300.0     2025-04-19 09-10-25    1745025025.3211217 
 83.json     29.9 KiB    2025-Apr-29 02:35    1745865300.0     2025-04-19 09-10-26    1745025026.0784774 
 90.json     35.3 KiB    2025-Apr-29 02:35    1745865300.0     2025-04-19 09-10-26    1745025026.832333  
 92.json     43.1 KiB    2025-Apr-29 02:35    1745865300.0     2025-04-19 09-10-27    1745025027.4280684 
 950.json    20.5 KiB    2025-Apr-29 02:35    1745865300.0     2025-04-19 09-10-28    1745025028.194064  
 98.json     32.3 KiB    2025-Apr-29 02:35    1745865300.0     2025-04-19 09-10-28    1745025028.7856069 
[2025-04-30 06-30-58][4/18][1/21]正在校对文件（Checking file）： https://raw.communitydragon.org/latest/plugins/rcp-be-lol-game-data/global/default/v1/champions/1.json
[2025-04-30 06-30-59][4/18][2/21]正在校对文件（Checking file）： https://raw.communitydragon.org/latest/plugins/rcp-be-lol-game-data/global/default/v1/champions/101.json
[2025-04-30 06-31-00][4/18][3/21]正在校对文件（Checking file）： https://raw.communitydragon.org/latest/plugins/rcp-be-lol-game-data/global/default/v1/champions/103.json
[2025-04-30 06-31-01][4/18][4/21]正在校对文件（Checking file）： https://raw.communitydragon.org/latest/plugins/rcp-be-lol-game-data/global/default/v1/champions/117.json
[2025-04-30 06-31-02][4/18][5/21]正在校对文件（Checking file）： https://raw.communitydragon.org/latest/plugins/rcp-be-lol-game-data/global/default/v1/champions/119.json
[2025-04-30 06-31-03][4/18][6/21]正在校对文件（Checking file）： https://raw.communitydragon.org/latest/plugins/rcp-be-lol-game-data/global/default/v1/champions/134.json
[2025-04-30 06-31-04][4/18][7/21]正在校对文件（Checking file）： https://raw.communitydragon.org/latest/plugins/rcp-be-lol-game-data/global/default/v1/champions/142.json
[2025-04-30 06-31-05][4/18][8/21]正在校对文件（Checking file）： https://raw.communitydragon.org/latest/plugins/rcp-be-lol-game-data/global/default/v1/champions/233.json
[2025-04-30 06-31-06][4/18][9/21]正在校对文件（Checking file）： https://raw.communitydragon.org/latest/plugins/rcp-be-lol-game-data/global/default/v1/champions/25.json
[2025-04-30 06-31-07][4/18][10/21]正在校对文件（Checking file）： https://raw.communitydragon.org/latest/plugins/rcp-be-lol-game-data/global/default/v1/champions/360.json
[2025-04-30 06-31-08][4/18][11/21]正在校对文件（Checking file）： https://raw.communitydragon.org/latest/plugins/rcp-be-lol-game-data/global/default/v1/champions/4.json
[2025-04-30 06-31-08][4/18][12/21]正在校对文件（Checking file）： https://raw.communitydragon.org/latest/plugins/rcp-be-lol-game-data/global/default/v1/champions/44.json
[2025-04-30 06-31-10][4/18][13/21]正在校对文件（Checking file）： https://raw.communitydragon.org/latest/plugins/rcp-be-lol-game-data/global/default/v1/champions/60.json
[2025-04-30 06-31-10][4/18][14/21]正在校对文件（Checking file）： https://raw.communitydragon.org/latest/plugins/rcp-be-lol-game-data/global/default/v1/champions/711.json
[2025-04-30 06-31-11][4/18][15/21]正在校对文件（Checking file）： https://raw.communitydragon.org/latest/plugins/rcp-be-lol-game-data/global/default/v1/champions/75.json
[2025-04-30 06-31-12][4/18][16/21]正在校对文件（Checking file）： https://raw.communitydragon.org/latest/plugins/rcp-be-lol-game-data/global/default/v1/champions/82.json
[2025-04-30 06-31-13][4/18][17/21]正在校对文件（Checking file）： https://raw.communitydragon.org/latest/plugins/rcp-be-lol-game-data/global/default/v1/champions/83.json
[2025-04-30 06-31-14][4/18][18/21]正在校对文件（Checking file）： https://raw.communitydragon.org/latest/plugins/rcp-be-lol-game-data/global/default/v1/champions/90.json
[2025-04-30 06-31-15][4/18][19/21]正在校对文件（Checking file）： https://raw.communitydragon.org/latest/plugins/rcp-be-lol-game-data/global/default/v1/champions/92.json
[2025-04-30 06-31-16][4/18][20/21]正在校对文件（Checking file）： https://raw.communitydragon.org/latest/plugins/rcp-be-lol-game-data/global/default/v1/champions/950.json
[2025-04-30 06-31-17][4/18][21/21]正在校对文件（Checking file）： https://raw.communitydragon.org/latest/plugins/rcp-be-lol-game-data/global/default/v1/champions/98.json
[2025-04-30 06-31-18][5/18]正在检查文件夹（Checking the folder）：https://raw.communitydragon.org/latest/plugins/rcp-be-lol-game-data/global/default/v1/map-assets/
[2025-04-30 06-31-19]页面新文件列表如下：
New file list is as follows: 
      file            size           web_date         web_timestamp        local_date          local_timestamp   
 map-assets.json    132.4 KiB    2025-Apr-29 02:35    1745865300.0     2025-04-19 09-10-30    1745025030.9341297 
[2025-04-30 06-31-19][5/18][1/1]正在校对文件（Checking file）： https://raw.communitydragon.org/latest/plugins/rcp-be-lol-game-data/global/default/v1/map-assets/map-assets.json
[2025-04-30 06-31-20][6/18]正在检查文件夹（Checking the folder）：https://raw.communitydragon.org/latest/plugins/rcp-be-lol-game-data/global/default/v1/
[2025-04-30 06-31-21]页面新文件列表如下：
New file list is as follows: 
                file                     size           web_date         web_timestamp        local_date          local_timestamp   
       achievementtitles.json          98.0 KiB     2025-Apr-29 20:53    1745931180.0     1970-01-01 08-00-00           0.0         
 champion-rune-recommendations.json    324.7 KiB    2025-Apr-29 02:35    1745865300.0     2025-04-19 09-10-34    1745025034.445978  
       champion-summary.json           31.8 KiB     2025-Apr-29 02:35    1745865300.0     2025-04-19 09-10-35    1745025035.1928716 
          companions.json              919.1 KiB    2025-Apr-29 02:35    1745865300.0     2025-04-19 09-10-36    1745025036.6970916 
           event-hub.json              89.0 KiB     2025-Apr-29 02:35    1745865300.0     2025-04-19 09-10-37    1745025037.995022  
      game-mode-mutators.json             2 B       2025-Apr-29 02:35    1745865300.0     2025-04-19 09-10-38    1745025038.8603542 
        generic-assets.json            185.5 KiB    2025-Apr-29 02:35    1745865300.0     2025-04-19 09-10-39    1745025039.9880848 
             items.json                478.8 KiB    2025-Apr-29 02:35    1745865300.0     2025-04-19 09-10-41    1745025041.286471  
         loleosrewards.json             5.8 KiB     2025-Apr-29 02:35    1745865300.0     2025-04-19 09-10-42    1745025042.358536  
       lolinventorytype.json           14.4 KiB     2025-Apr-29 02:35    1745865300.0     2025-04-19 09-10-43    1745025043.1412964 
             loot.json                  2.9 MiB     2025-Apr-29 02:35    1745865300.0     2025-04-19 09-10-44    1745025044.954891  
        mission-assets.json            30.5 KiB     2025-Apr-29 02:35    1745865300.0     2025-04-19 09-10-45    1745025045.8790371 
         nachobanners.json              9.7 KiB     2025-Apr-29 02:35    1745865300.0     2025-04-19 09-10-46    1745025046.8546925 
         nachorewards.json              2.6 MiB     2025-Apr-29 02:35    1745865300.0     2025-04-19 09-10-48    1745025048.7127373 
          objectives.json               5.4 KiB     2025-Apr-29 02:35    1745865300.0     2025-04-19 09-10-49    1745025049.6826534 
         profile-icons.json            330.4 KiB    2025-Apr-29 02:35    1745865300.0     2025-04-19 09-10-50    1745025050.995833  
            regalia.json               18.8 KiB     2025-Apr-29 02:35    1745865300.0     2025-04-19 09-10-51    1745025051.7677116 
            rewards.json               742.9 KiB    2025-Apr-29 02:35    1745865300.0     2025-04-19 09-10-53    1745025053.152488  
         skinaugments.json              9.4 KiB     2025-Apr-29 02:35    1745865300.0     2025-04-19 09-10-54    1745025054.2005625 
           skinlines.json              54.3 KiB     2025-Apr-29 02:35    1745865300.0     2025-04-19 09-10-55    1745025055.3066618 
             skins.json                 3.8 MiB     2025-Apr-29 02:35    1745865300.0     2025-04-19 09-10-56    1745025056.441444  
        summoner-emotes.json           456.6 KiB    2025-Apr-29 02:35    1745865300.0     2025-04-19 09-10-57    1745025057.939391  
        summoner-icons.json             1.9 MiB     2025-Apr-29 02:35    1745865300.0     2025-04-19 09-10-58    1745025058.9376807 
    tftcapmissioncollection.json          2 B       2025-Apr-29 02:35    1745865300.0     2025-04-19 09-10-59    1745025059.9968765 
     tftchemtechstoredata.json          2.9 KiB     2025-Apr-29 02:35    1745865300.0     2025-04-19 09-11-01    1745025061.7610314 
        tftcontentdata.json            663.1 KiB    2025-Apr-29 02:35    1745865300.0     2025-04-19 09-11-03    1745025063.3294497 
        tftdamageskins.json            84.3 KiB     2025-Apr-29 02:35    1745865300.0     2025-04-19 09-11-04    1745025064.4387088 
           tftitems.json               213.7 KiB    2025-Apr-29 02:35    1745865300.0     2025-04-19 09-11-05    1745025065.6572437 
          tftmapskins.json             36.9 KiB     2025-Apr-29 02:35    1745865300.0     2025-04-19 09-11-06    1745025066.7118354 
   tftrotationalshopitemdata.json       1.7 MiB     2025-Apr-29 02:35    1745865300.0     2025-04-19 09-11-08     1745025068.35316  
           tfttraits.json              257.3 KiB    2025-Apr-29 02:35    1745865300.0     2025-04-19 09-11-09    1745025069.6575904 
    tfttrovesbannerrewards.json        793.3 KiB    2025-Apr-29 02:35    1745865300.0     2025-04-19 09-11-11    1745025071.0703988 
       tfttrovesbanners.json           114.1 KiB    2025-Apr-29 02:35    1745865300.0     2025-04-19 09-11-11    1745025071.995411  
     tfttrovestablesnames.json         358.0 KiB    2025-Apr-29 02:35    1745865300.0     2025-04-19 09-11-13    1745025073.2425625 
         tftzoomskins.json              3.4 KiB     2025-Apr-29 02:35    1745865300.0     2025-04-19 09-11-14    1745025074.1746304 
[2025-04-30 06-31-21][6/18][1/35]正在校对文件（Checking file）： https://raw.communitydragon.org/latest/plugins/rcp-be-lol-game-data/global/default/v1/achievementtitles.json
[2025-04-30 06-31-22]已添加文件（Added file）：离线数据（Offline Data）/cdragon/latest/plugins/rcp-be-lol-game-data/global/default/v1/achievementtitles.json
[2025-04-30 06-31-22][6/18][2/35]正在校对文件（Checking file）： https://raw.communitydragon.org/latest/plugins/rcp-be-lol-game-data/global/default/v1/champion-rune-recommendations.json
[2025-04-30 06-31-23][6/18][3/35]正在校对文件（Checking file）： https://raw.communitydragon.org/latest/plugins/rcp-be-lol-game-data/global/default/v1/champion-summary.json
[2025-04-30 06-31-23][6/18][4/35]正在校对文件（Checking file）： https://raw.communitydragon.org/latest/plugins/rcp-be-lol-game-data/global/default/v1/companions.json
[2025-04-30 06-31-24][6/18][5/35]正在校对文件（Checking file）： https://raw.communitydragon.org/latest/plugins/rcp-be-lol-game-data/global/default/v1/event-hub.json
[2025-04-30 06-31-25][6/18][6/35]正在校对文件（Checking file）： https://raw.communitydragon.org/latest/plugins/rcp-be-lol-game-data/global/default/v1/game-mode-mutators.json
[2025-04-30 06-31-26][6/18][7/35]正在校对文件（Checking file）： https://raw.communitydragon.org/latest/plugins/rcp-be-lol-game-data/global/default/v1/generic-assets.json
[2025-04-30 06-31-27]已更新文件（Updated file）：离线数据（Offline Data）/cdragon/latest/plugins/rcp-be-lol-game-data/global/default/v1/generic-assets.json
[2025-04-30 06-31-27][6/18][8/35]正在校对文件（Checking file）： https://raw.communitydragon.org/latest/plugins/rcp-be-lol-game-data/global/default/v1/items.json
[2025-04-30 06-31-28][6/18][9/35]正在校对文件（Checking file）： https://raw.communitydragon.org/latest/plugins/rcp-be-lol-game-data/global/default/v1/loleosrewards.json
[2025-04-30 06-31-29][6/18][10/35]正在校对文件（Checking file）： https://raw.communitydragon.org/latest/plugins/rcp-be-lol-game-data/global/default/v1/lolinventorytype.json
[2025-04-30 06-31-30][6/18][11/35]正在校对文件（Checking file）： https://raw.communitydragon.org/latest/plugins/rcp-be-lol-game-data/global/default/v1/loot.json
[2025-04-30 06-31-32][6/18][12/35]正在校对文件（Checking file）： https://raw.communitydragon.org/latest/plugins/rcp-be-lol-game-data/global/default/v1/mission-assets.json
[2025-04-30 06-31-33][6/18][13/35]正在校对文件（Checking file）： https://raw.communitydragon.org/latest/plugins/rcp-be-lol-game-data/global/default/v1/nachobanners.json
[2025-04-30 06-31-34][6/18][14/35]正在校对文件（Checking file）： https://raw.communitydragon.org/latest/plugins/rcp-be-lol-game-data/global/default/v1/nachorewards.json
[2025-04-30 06-31-35][6/18][15/35]正在校对文件（Checking file）： https://raw.communitydragon.org/latest/plugins/rcp-be-lol-game-data/global/default/v1/objectives.json
[2025-04-30 06-31-36][6/18][16/35]正在校对文件（Checking file）： https://raw.communitydragon.org/latest/plugins/rcp-be-lol-game-data/global/default/v1/profile-icons.json
[2025-04-30 06-31-37][6/18][17/35]正在校对文件（Checking file）： https://raw.communitydragon.org/latest/plugins/rcp-be-lol-game-data/global/default/v1/regalia.json
[2025-04-30 06-31-38][6/18][18/35]正在校对文件（Checking file）： https://raw.communitydragon.org/latest/plugins/rcp-be-lol-game-data/global/default/v1/rewards.json
[2025-04-30 06-31-39][6/18][19/35]正在校对文件（Checking file）： https://raw.communitydragon.org/latest/plugins/rcp-be-lol-game-data/global/default/v1/skinaugments.json
[2025-04-30 06-31-39][6/18][20/35]正在校对文件（Checking file）： https://raw.communitydragon.org/latest/plugins/rcp-be-lol-game-data/global/default/v1/skinlines.json
[2025-04-30 06-31-40][6/18][21/35]正在校对文件（Checking file）： https://raw.communitydragon.org/latest/plugins/rcp-be-lol-game-data/global/default/v1/skins.json
[2025-04-30 06-31-41][6/18][22/35]正在校对文件（Checking file）： https://raw.communitydragon.org/latest/plugins/rcp-be-lol-game-data/global/default/v1/summoner-emotes.json
[2025-04-30 06-31-42][6/18][23/35]正在校对文件（Checking file）： https://raw.communitydragon.org/latest/plugins/rcp-be-lol-game-data/global/default/v1/summoner-icons.json
[2025-04-30 06-31-44][6/18][24/35]正在校对文件（Checking file）： https://raw.communitydragon.org/latest/plugins/rcp-be-lol-game-data/global/default/v1/tftcapmissioncollection.json
[2025-04-30 06-31-44][6/18][25/35]正在校对文件（Checking file）： https://raw.communitydragon.org/latest/plugins/rcp-be-lol-game-data/global/default/v1/tftchemtechstoredata.json
[2025-04-30 06-31-45][6/18][26/35]正在校对文件（Checking file）： https://raw.communitydragon.org/latest/plugins/rcp-be-lol-game-data/global/default/v1/tftcontentdata.json
[2025-04-30 06-31-46][6/18][27/35]正在校对文件（Checking file）： https://raw.communitydragon.org/latest/plugins/rcp-be-lol-game-data/global/default/v1/tftdamageskins.json
[2025-04-30 06-31-47][6/18][28/35]正在校对文件（Checking file）： https://raw.communitydragon.org/latest/plugins/rcp-be-lol-game-data/global/default/v1/tftitems.json
[2025-04-30 06-31-48][6/18][29/35]正在校对文件（Checking file）： https://raw.communitydragon.org/latest/plugins/rcp-be-lol-game-data/global/default/v1/tftmapskins.json
[2025-04-30 06-31-49][6/18][30/35]正在校对文件（Checking file）： https://raw.communitydragon.org/latest/plugins/rcp-be-lol-game-data/global/default/v1/tftrotationalshopitemdata.json
[2025-04-30 06-31-50][6/18][31/35]正在校对文件（Checking file）： https://raw.communitydragon.org/latest/plugins/rcp-be-lol-game-data/global/default/v1/tfttraits.json
[2025-04-30 06-31-51][6/18][32/35]正在校对文件（Checking file）： https://raw.communitydragon.org/latest/plugins/rcp-be-lol-game-data/global/default/v1/tfttrovesbannerrewards.json
[2025-04-30 06-31-52][6/18][33/35]正在校对文件（Checking file）： https://raw.communitydragon.org/latest/plugins/rcp-be-lol-game-data/global/default/v1/tfttrovesbanners.json
[2025-04-30 06-31-53][6/18][34/35]正在校对文件（Checking file）： https://raw.communitydragon.org/latest/plugins/rcp-be-lol-game-data/global/default/v1/tfttrovestablesnames.json
[2025-04-30 06-31-54][6/18][35/35]正在校对文件（Checking file）： https://raw.communitydragon.org/latest/plugins/rcp-be-lol-game-data/global/default/v1/tftzoomskins.json
[2025-04-30 06-31-55][7/18]正在检查文件夹（Checking the folder）：https://raw.communitydragon.org/latest/plugins/rcp-be-lol-game-data/global/zh_cn/v1/champions/
[2025-04-30 06-31-56]页面新文件列表如下：
New file list is as follows: 
   file        size          web_date         web_timestamp        local_date          local_timestamp   
  1.json     41.7 KiB    2025-Apr-29 02:36    1745865360.0     2025-04-19 09-11-16    1745025076.3052573 
 101.json    25.8 KiB    2025-Apr-29 02:36    1745865360.0     2025-04-19 09-11-17    1745025077.2182665 
 103.json    55.7 KiB    2025-Apr-29 02:36    1745865360.0     2025-04-19 09-11-18    1745025078.1440353 
 117.json    35.9 KiB    2025-Apr-29 02:36    1745865360.0     2025-04-19 09-11-19    1745025079.0760982 
 119.json    41.4 KiB    2025-Apr-29 02:36    1745865360.0     2025-04-19 09-11-20    1745025080.0333946 
 134.json    43.9 KiB    2025-Apr-29 02:36    1745865360.0     2025-04-19 09-11-21    1745025081.116566  
 142.json    29.7 KiB    2025-Apr-29 02:36    1745865360.0     2025-04-19 09-11-22    1745025082.1784947 
 233.json    19.3 KiB    2025-Apr-29 02:36    1745865360.0     2025-04-19 09-11-23    1745025083.123457  
 25.json     46.4 KiB    2025-Apr-29 02:36    1745865360.0     2025-04-19 09-11-24    1745025084.0523028 
 266.json    32.9 KiB    2025-Apr-29 02:36    1745865360.0     2025-04-19 09-11-24    1745025084.9509344 
 360.json    25.0 KiB    2025-Apr-29 02:36    1745865360.0     2025-04-19 09-11-26    1745025086.9374657 
  4.json     41.2 KiB    2025-Apr-29 02:36    1745865360.0     2025-04-19 09-11-27    1745025087.7621174 
 44.json     25.3 KiB    2025-Apr-29 02:36    1745865360.0     2025-04-19 09-11-28    1745025088.6871035 
 60.json     27.9 KiB    2025-Apr-29 02:36    1745865360.0     2025-04-19 09-11-29    1745025089.6195762 
 711.json    16.9 KiB    2025-Apr-29 02:36    1745865360.0     2025-04-19 09-11-30    1745025090.3736682 
 75.json     38.7 KiB    2025-Apr-29 02:36    1745865360.0     2025-04-19 09-11-31    1745025091.3277178 
 82.json     39.3 KiB    2025-Apr-29 02:36    1745865360.0     2025-04-19 09-11-32    1745025092.4297252 
 83.json     30.7 KiB    2025-Apr-29 02:36    1745865360.0     2025-04-19 09-11-33    1745025093.3962219 
 90.json     36.5 KiB    2025-Apr-29 02:36    1745865360.0     2025-04-19 09-11-34    1745025094.3206055 
 92.json     46.0 KiB    2025-Apr-29 02:36    1745865360.0     2025-04-19 09-11-35    1745025095.2847195 
 950.json    21.3 KiB    2025-Apr-29 02:36    1745865360.0     2025-04-19 09-11-36    1745025096.2444415 
 98.json     33.6 KiB    2025-Apr-29 02:36    1745865360.0     2025-04-19 09-11-37    1745025097.1848788 
[2025-04-30 06-31-56][7/18][1/22]正在校对文件（Checking file）： https://raw.communitydragon.org/latest/plugins/rcp-be-lol-game-data/global/zh_cn/v1/champions/1.json
[2025-04-30 06-31-57][7/18][2/22]正在校对文件（Checking file）： https://raw.communitydragon.org/latest/plugins/rcp-be-lol-game-data/global/zh_cn/v1/champions/101.json
[2025-04-30 06-31-58][7/18][3/22]正在校对文件（Checking file）： https://raw.communitydragon.org/latest/plugins/rcp-be-lol-game-data/global/zh_cn/v1/champions/103.json
[2025-04-30 06-31-59][7/18][4/22]正在校对文件（Checking file）： https://raw.communitydragon.org/latest/plugins/rcp-be-lol-game-data/global/zh_cn/v1/champions/117.json
[2025-04-30 06-32-00][7/18][5/22]正在校对文件（Checking file）： https://raw.communitydragon.org/latest/plugins/rcp-be-lol-game-data/global/zh_cn/v1/champions/119.json
[2025-04-30 06-32-01][7/18][6/22]正在校对文件（Checking file）： https://raw.communitydragon.org/latest/plugins/rcp-be-lol-game-data/global/zh_cn/v1/champions/134.json
[2025-04-30 06-32-02][7/18][7/22]正在校对文件（Checking file）： https://raw.communitydragon.org/latest/plugins/rcp-be-lol-game-data/global/zh_cn/v1/champions/142.json
[2025-04-30 06-32-03][7/18][8/22]正在校对文件（Checking file）： https://raw.communitydragon.org/latest/plugins/rcp-be-lol-game-data/global/zh_cn/v1/champions/233.json
[2025-04-30 06-32-03][7/18][9/22]正在校对文件（Checking file）： https://raw.communitydragon.org/latest/plugins/rcp-be-lol-game-data/global/zh_cn/v1/champions/25.json
[2025-04-30 06-32-05][7/18][10/22]正在校对文件（Checking file）： https://raw.communitydragon.org/latest/plugins/rcp-be-lol-game-data/global/zh_cn/v1/champions/266.json
[2025-04-30 06-32-05][7/18][11/22]正在校对文件（Checking file）： https://raw.communitydragon.org/latest/plugins/rcp-be-lol-game-data/global/zh_cn/v1/champions/360.json
[2025-04-30 06-32-06][7/18][12/22]正在校对文件（Checking file）： https://raw.communitydragon.org/latest/plugins/rcp-be-lol-game-data/global/zh_cn/v1/champions/4.json
[2025-04-30 06-32-07][7/18][13/22]正在校对文件（Checking file）： https://raw.communitydragon.org/latest/plugins/rcp-be-lol-game-data/global/zh_cn/v1/champions/44.json
[2025-04-30 06-32-08][7/18][14/22]正在校对文件（Checking file）： https://raw.communitydragon.org/latest/plugins/rcp-be-lol-game-data/global/zh_cn/v1/champions/60.json
[2025-04-30 06-32-09][7/18][15/22]正在校对文件（Checking file）： https://raw.communitydragon.org/latest/plugins/rcp-be-lol-game-data/global/zh_cn/v1/champions/711.json
[2025-04-30 06-32-09][7/18][16/22]正在校对文件（Checking file）： https://raw.communitydragon.org/latest/plugins/rcp-be-lol-game-data/global/zh_cn/v1/champions/75.json
[2025-04-30 06-32-10][7/18][17/22]正在校对文件（Checking file）： https://raw.communitydragon.org/latest/plugins/rcp-be-lol-game-data/global/zh_cn/v1/champions/82.json
[2025-04-30 06-32-11][7/18][18/22]正在校对文件（Checking file）： https://raw.communitydragon.org/latest/plugins/rcp-be-lol-game-data/global/zh_cn/v1/champions/83.json
[2025-04-30 06-32-13][7/18][19/22]正在校对文件（Checking file）： https://raw.communitydragon.org/latest/plugins/rcp-be-lol-game-data/global/zh_cn/v1/champions/90.json
[2025-04-30 06-32-13][7/18][20/22]正在校对文件（Checking file）： https://raw.communitydragon.org/latest/plugins/rcp-be-lol-game-data/global/zh_cn/v1/champions/92.json
[2025-04-30 06-32-14][7/18][21/22]正在校对文件（Checking file）： https://raw.communitydragon.org/latest/plugins/rcp-be-lol-game-data/global/zh_cn/v1/champions/950.json
[2025-04-30 06-32-15][7/18][22/22]正在校对文件（Checking file）： https://raw.communitydragon.org/latest/plugins/rcp-be-lol-game-data/global/zh_cn/v1/champions/98.json
[2025-04-30 06-32-16][8/18]正在检查文件夹（Checking the folder）：https://raw.communitydragon.org/latest/plugins/rcp-be-lol-game-data/global/zh_cn/v1/map-assets/
[2025-04-30 06-32-17]页面新文件列表如下：
New file list is as follows: 
      file            size           web_date         web_timestamp        local_date          local_timestamp   
 map-assets.json    133.1 KiB    2025-Apr-29 02:36    1745865360.0     2025-04-19 09-11-39    1745025099.4010582 
[2025-04-30 06-32-17][8/18][1/1]正在校对文件（Checking file）： https://raw.communitydragon.org/latest/plugins/rcp-be-lol-game-data/global/zh_cn/v1/map-assets/map-assets.json
[2025-04-30 06-32-18][9/18]正在检查文件夹（Checking the folder）：https://raw.communitydragon.org/latest/plugins/rcp-be-lol-game-data/global/zh_cn/v1/
[2025-04-30 06-32-19]页面新文件列表如下：
New file list is as follows: 
              file                   size           web_date         web_timestamp        local_date          local_timestamp   
     champion-summary.json         32.8 KiB     2025-Apr-29 02:36    1745865360.0     2025-04-19 09-11-42    1745025102.6429281 
        companions.json            924.0 KiB    2025-Apr-29 02:36    1745865360.0     2025-04-19 09-11-44    1745025104.3614783 
         event-hub.json            89.7 KiB     2025-Apr-29 02:36    1745865360.0     2025-04-19 09-11-45    1745025105.7276525 
    game-mode-mutators.json           2 B       2025-Apr-29 02:36    1745865360.0     2025-04-19 09-11-46    1745025106.723076  
      generic-assets.json          185.5 KiB    2025-Apr-29 02:36    1745865360.0     2025-04-19 09-11-47    1745025107.8666584 
           items.json              478.7 KiB    2025-Apr-29 02:36    1745865360.0     2025-04-19 09-11-49    1745025109.382098  
       loleosrewards.json           5.8 KiB     2025-Apr-29 02:36    1745865360.0     2025-04-19 09-11-50    1745025110.462601  
           loot.json                3.0 MiB     2025-Apr-29 02:36    1745865360.0     2025-04-19 09-11-52    1745025112.6349647 
      mission-assets.json          30.5 KiB     2025-Apr-29 02:36    1745865360.0     2025-04-19 09-11-53    1745025113.5197926 
       nachobanners.json            9.7 KiB     2025-Apr-29 02:36    1745865360.0     2025-04-19 09-11-54    1745025114.4051507 
       nachorewards.json            2.6 MiB     2025-Apr-29 02:36    1745865360.0     2025-04-19 09-11-56    1745025116.735209  
        objectives.json             5.4 KiB     2025-Apr-29 02:36    1745865360.0     2025-04-19 09-11-57    1745025117.7054467 
       profile-icons.json          330.4 KiB    2025-Apr-29 02:36    1745865360.0     2025-04-19 09-11-59    1745025119.1332464 
          regalia.json             18.8 KiB     2025-Apr-29 02:36    1745865360.0     2025-04-19 09-11-59    1745025119.869304  
         skinlines.json            53.7 KiB     2025-Apr-29 02:36    1745865360.0     2025-04-19 09-12-01    1745025121.0261433 
           skins.json               4.0 MiB     2025-Apr-29 02:36    1745865360.0     2025-04-19 09-12-03    1745025123.7164516 
      summoner-emotes.json         464.8 KiB    2025-Apr-29 02:36    1745865360.0     2025-04-19 09-12-05    1745025125.4487884 
      summoner-icons.json           1.7 MiB     2025-Apr-29 02:36    1745865360.0     2025-04-19 09-12-07    1745025127.295158  
  tftcapmissioncollection.json        2 B       2025-Apr-29 02:36    1745865360.0     2025-04-19 09-12-08    1745025128.2591927 
   tftchemtechstoredata.json        3.1 KiB     2025-Apr-29 02:36    1745865360.0     2025-04-19 09-12-09    1745025129.2150402 
      tftcontentdata.json          663.1 KiB    2025-Apr-29 02:36    1745865360.0     2025-04-19 09-12-10    1745025130.8657587 
      tftdamageskins.json          84.6 KiB     2025-Apr-29 02:36    1745865360.0     2025-04-19 09-12-12    1745025132.9609354 
         tftitems.json             213.8 KiB    2025-Apr-29 02:36    1745865360.0     2025-04-19 09-12-14    1745025134.484849  
        tftmapskins.json           36.9 KiB     2025-Apr-29 02:36    1745865360.0     2025-04-19 09-12-15     1745025135.54865  
 tftrotationalshopitemdata.json     1.7 MiB     2025-Apr-29 02:36    1745865360.0     2025-04-19 09-12-17    1745025137.2919645 
         tfttraits.json            263.1 KiB    2025-Apr-29 02:36    1745865360.0     2025-04-19 09-12-18    1745025138.5656714 
  tfttrovesbannerrewards.json      795.8 KiB    2025-Apr-29 02:36    1745865360.0     2025-04-19 09-12-20    1745025140.0611753 
     tfttrovesbanners.json         114.0 KiB    2025-Apr-29 02:36    1745865360.0     2025-04-19 09-12-20    1745025140.9675512 
   tfttrovestablesnames.json       369.5 KiB    2025-Apr-29 02:36    1745865360.0     2025-04-19 09-12-22    1745025142.3796089 
       tftzoomskins.json            3.4 KiB     2025-Apr-29 02:36    1745865360.0     2025-04-19 09-12-23    1745025143.2607017 
[2025-04-30 06-32-19][9/18][1/30]正在校对文件（Checking file）： https://raw.communitydragon.org/latest/plugins/rcp-be-lol-game-data/global/zh_cn/v1/champion-summary.json
[2025-04-30 06-32-20][9/18][2/30]正在校对文件（Checking file）： https://raw.communitydragon.org/latest/plugins/rcp-be-lol-game-data/global/zh_cn/v1/companions.json
[2025-04-30 06-32-21][9/18][3/30]正在校对文件（Checking file）： https://raw.communitydragon.org/latest/plugins/rcp-be-lol-game-data/global/zh_cn/v1/event-hub.json
[2025-04-30 06-32-23][9/18][4/30]正在校对文件（Checking file）： https://raw.communitydragon.org/latest/plugins/rcp-be-lol-game-data/global/zh_cn/v1/game-mode-mutators.json
[2025-04-30 06-32-24][9/18][5/30]正在校对文件（Checking file）： https://raw.communitydragon.org/latest/plugins/rcp-be-lol-game-data/global/zh_cn/v1/generic-assets.json
[2025-04-30 06-32-25]已更新文件（Updated file）：离线数据（Offline Data）/cdragon/latest/plugins/rcp-be-lol-game-data/global/zh_cn/v1/generic-assets.json
[2025-04-30 06-32-25][9/18][6/30]正在校对文件（Checking file）： https://raw.communitydragon.org/latest/plugins/rcp-be-lol-game-data/global/zh_cn/v1/items.json
[2025-04-30 06-32-26][9/18][7/30]正在校对文件（Checking file）： https://raw.communitydragon.org/latest/plugins/rcp-be-lol-game-data/global/zh_cn/v1/loleosrewards.json
[2025-04-30 06-32-27][9/18][8/30]正在校对文件（Checking file）： https://raw.communitydragon.org/latest/plugins/rcp-be-lol-game-data/global/zh_cn/v1/loot.json
[2025-04-30 06-32-29][9/18][9/30]正在校对文件（Checking file）： https://raw.communitydragon.org/latest/plugins/rcp-be-lol-game-data/global/zh_cn/v1/mission-assets.json
[2025-04-30 06-32-30][9/18][10/30]正在校对文件（Checking file）： https://raw.communitydragon.org/latest/plugins/rcp-be-lol-game-data/global/zh_cn/v1/nachobanners.json
[2025-04-30 06-32-31][9/18][11/30]正在校对文件（Checking file）： https://raw.communitydragon.org/latest/plugins/rcp-be-lol-game-data/global/zh_cn/v1/nachorewards.json
[2025-04-30 06-32-33][9/18][12/30]正在校对文件（Checking file）： https://raw.communitydragon.org/latest/plugins/rcp-be-lol-game-data/global/zh_cn/v1/objectives.json
[2025-04-30 06-32-34][9/18][13/30]正在校对文件（Checking file）： https://raw.communitydragon.org/latest/plugins/rcp-be-lol-game-data/global/zh_cn/v1/profile-icons.json
[2025-04-30 06-32-35][9/18][14/30]正在校对文件（Checking file）： https://raw.communitydragon.org/latest/plugins/rcp-be-lol-game-data/global/zh_cn/v1/regalia.json
[2025-04-30 06-32-36][9/18][15/30]正在校对文件（Checking file）： https://raw.communitydragon.org/latest/plugins/rcp-be-lol-game-data/global/zh_cn/v1/skinlines.json
[2025-04-30 06-32-37][9/18][16/30]正在校对文件（Checking file）： https://raw.communitydragon.org/latest/plugins/rcp-be-lol-game-data/global/zh_cn/v1/skins.json
[2025-04-30 06-32-40][9/18][17/30]正在校对文件（Checking file）： https://raw.communitydragon.org/latest/plugins/rcp-be-lol-game-data/global/zh_cn/v1/summoner-emotes.json
[2025-04-30 06-32-41][9/18][18/30]正在校对文件（Checking file）： https://raw.communitydragon.org/latest/plugins/rcp-be-lol-game-data/global/zh_cn/v1/summoner-icons.json
[2025-04-30 06-32-44][9/18][19/30]正在校对文件（Checking file）： https://raw.communitydragon.org/latest/plugins/rcp-be-lol-game-data/global/zh_cn/v1/tftcapmissioncollection.json
[2025-04-30 06-32-45][9/18][20/30]正在校对文件（Checking file）： https://raw.communitydragon.org/latest/plugins/rcp-be-lol-game-data/global/zh_cn/v1/tftchemtechstoredata.json
[2025-04-30 06-32-46][9/18][21/30]正在校对文件（Checking file）： https://raw.communitydragon.org/latest/plugins/rcp-be-lol-game-data/global/zh_cn/v1/tftcontentdata.json
[2025-04-30 06-32-48][9/18][22/30]正在校对文件（Checking file）： https://raw.communitydragon.org/latest/plugins/rcp-be-lol-game-data/global/zh_cn/v1/tftdamageskins.json
[2025-04-30 06-32-49][9/18][23/30]正在校对文件（Checking file）： https://raw.communitydragon.org/latest/plugins/rcp-be-lol-game-data/global/zh_cn/v1/tftitems.json
[2025-04-30 06-32-50][9/18][24/30]正在校对文件（Checking file）： https://raw.communitydragon.org/latest/plugins/rcp-be-lol-game-data/global/zh_cn/v1/tftmapskins.json
[2025-04-30 06-32-51][9/18][25/30]正在校对文件（Checking file）： https://raw.communitydragon.org/latest/plugins/rcp-be-lol-game-data/global/zh_cn/v1/tftrotationalshopitemdata.json
[2025-04-30 06-32-53][9/18][26/30]正在校对文件（Checking file）： https://raw.communitydragon.org/latest/plugins/rcp-be-lol-game-data/global/zh_cn/v1/tfttraits.json
[2025-04-30 06-32-54][9/18][27/30]正在校对文件（Checking file）： https://raw.communitydragon.org/latest/plugins/rcp-be-lol-game-data/global/zh_cn/v1/tfttrovesbannerrewards.json
[2025-04-30 06-32-55][9/18][28/30]正在校对文件（Checking file）： https://raw.communitydragon.org/latest/plugins/rcp-be-lol-game-data/global/zh_cn/v1/tfttrovesbanners.json
[2025-04-30 06-32-56][9/18][29/30]正在校对文件（Checking file）： https://raw.communitydragon.org/latest/plugins/rcp-be-lol-game-data/global/zh_cn/v1/tfttrovestablesnames.json
[2025-04-30 06-32-58][9/18][30/30]正在校对文件（Checking file）： https://raw.communitydragon.org/latest/plugins/rcp-be-lol-game-data/global/zh_cn/v1/tftzoomskins.json
[2025-04-30 06-32-59][10/18]正在检查文件夹（Checking the folder）：https://raw.communitydragon.org/pbe/
[2025-04-30 06-33-00]页面新文件列表如下：
New file list is as follows: 
             file                size        web_date         web_timestamp        local_date          local_timestamp   
 compat-version-metadata.json    59 B    2025-Apr-29 20:58    1745931480.0     2025-04-29 09-01-47    1745888507.7969935 
    content-metadata.json        61 B    2025-Apr-29 20:58    1745931480.0     2025-04-29 09-01-48    1745888508.6072905 
[2025-04-30 06-33-00][10/18][1/2]正在校对文件（Checking file）： https://raw.communitydragon.org/pbe/compat-version-metadata.json
[2025-04-30 06-33-01]已更新文件（Updated file）：离线数据（Offline Data）/cdragon/pbe/compat-version-metadata.json
[2025-04-30 06-33-01][10/18][2/2]正在校对文件（Checking file）： https://raw.communitydragon.org/pbe/content-metadata.json
[2025-04-30 06-33-02]已更新文件（Updated file）：离线数据（Offline Data）/cdragon/pbe/content-metadata.json
[2025-04-30 06-33-02][11/18]正在检查文件夹（Checking the folder）：https://raw.communitydragon.org/pbe/cdragon/arena/
[2025-04-30 06-33-03]页面新文件列表如下：
New file list is as follows: 
    file         size           web_date         web_timestamp        local_date          local_timestamp   
 en_us.json    221.7 KiB    2025-Apr-29 21:18    1745932680.0     2025-04-29 09-01-51    1745888511.1716814 
 zh_cn.json    224.9 KiB    2025-Apr-29 21:18    1745932680.0     2025-04-29 09-01-52    1745888512.307024  
[2025-04-30 06-33-03][11/18][1/2]正在校对文件（Checking file）： https://raw.communitydragon.org/pbe/cdragon/arena/en_us.json
[2025-04-30 06-33-05][11/18][2/2]正在校对文件（Checking file）： https://raw.communitydragon.org/pbe/cdragon/arena/zh_cn.json
[2025-04-30 06-33-06][12/18]正在检查文件夹（Checking the folder）：https://raw.communitydragon.org/pbe/cdragon/tft/
[2025-04-30 06-33-07]页面新文件列表如下：
New file list is as follows: 
    file         size          web_date         web_timestamp        local_date          local_timestamp   
 en_us.json    17.8 MiB    2025-Apr-29 21:18    1745932680.0     2025-04-29 09-01-55     1745888515.95186  
 zh_cn.json    17.8 MiB    2025-Apr-29 21:18    1745932680.0     2025-04-29 09-01-58    1745888518.5898628 
[2025-04-30 06-33-08][12/18][1/2]正在校对文件（Checking file）： https://raw.communitydragon.org/pbe/cdragon/tft/en_us.json
[2025-04-30 06-33-15]已更新文件（Updated file）：离线数据（Offline Data）/cdragon/pbe/cdragon/tft/en_us.json
[2025-04-30 06-33-15][12/18][2/2]正在校对文件（Checking file）： https://raw.communitydragon.org/pbe/cdragon/tft/zh_cn.json
[2025-04-30 06-33-24]已更新文件（Updated file）：离线数据（Offline Data）/cdragon/pbe/cdragon/tft/zh_cn.json
[2025-04-30 06-33-24][13/18]正在检查文件夹（Checking the folder）：https://raw.communitydragon.org/pbe/plugins/rcp-be-lol-game-data/global/default/v1/champions/
[2025-04-30 06-33-25]页面新文件列表如下：
New file list is as follows: 
   file        size          web_date         web_timestamp        local_date          local_timestamp   
 13.json     33.1 KiB    2025-Apr-29 21:17    1745932620.0     2025-04-25 14-37-56    1745563076.0786977 
 711.json    22.1 KiB    2025-Apr-29 21:17    1745932620.0     2025-04-25 14-40-58    1745563258.988632  
 83.json     38.1 KiB    2025-Apr-29 21:17    1745932620.0     2025-04-25 14-41-25    1745563285.1823978 
 86.json     38.0 KiB    2025-Apr-29 21:17    1745932620.0     2025-04-25 14-41-32    1745563292.2691052 
[2025-04-30 06-33-26][13/18][1/4]正在校对文件（Checking file）： https://raw.communitydragon.org/pbe/plugins/rcp-be-lol-game-data/global/default/v1/champions/13.json
[2025-04-30 06-33-27]已更新文件（Updated file）：离线数据（Offline Data）/cdragon/pbe/plugins/rcp-be-lol-game-data/global/default/v1/champions/13.json
[2025-04-30 06-33-27][13/18][2/4]正在校对文件（Checking file）： https://raw.communitydragon.org/pbe/plugins/rcp-be-lol-game-data/global/default/v1/champions/711.json
[2025-04-30 06-33-28]已更新文件（Updated file）：离线数据（Offline Data）/cdragon/pbe/plugins/rcp-be-lol-game-data/global/default/v1/champions/711.json
[2025-04-30 06-33-28][13/18][3/4]正在校对文件（Checking file）： https://raw.communitydragon.org/pbe/plugins/rcp-be-lol-game-data/global/default/v1/champions/83.json
[2025-04-30 06-33-29]已更新文件（Updated file）：离线数据（Offline Data）/cdragon/pbe/plugins/rcp-be-lol-game-data/global/default/v1/champions/83.json
[2025-04-30 06-33-29][13/18][4/4]正在校对文件（Checking file）： https://raw.communitydragon.org/pbe/plugins/rcp-be-lol-game-data/global/default/v1/champions/86.json
[2025-04-30 06-33-30]已更新文件（Updated file）：离线数据（Offline Data）/cdragon/pbe/plugins/rcp-be-lol-game-data/global/default/v1/champions/86.json
[2025-04-30 06-33-30][14/18]正在检查文件夹（Checking the folder）：https://raw.communitydragon.org/pbe/plugins/rcp-be-lol-game-data/global/default/v1/map-assets/
[2025-04-30 06-33-31]页面新文件列表如下：
New file list is as follows: 
      file            size           web_date         web_timestamp        local_date          local_timestamp   
 map-assets.json    141.1 KiB    2025-Apr-29 21:17    1745932620.0     2025-04-16 05-17-33    1744751853.3878307 
[2025-04-30 06-33-31][14/18][1/1]正在校对文件（Checking file）： https://raw.communitydragon.org/pbe/plugins/rcp-be-lol-game-data/global/default/v1/map-assets/map-assets.json
[2025-04-30 06-33-32]已更新文件（Updated file）：离线数据（Offline Data）/cdragon/pbe/plugins/rcp-be-lol-game-data/global/default/v1/map-assets/map-assets.json
[2025-04-30 06-33-32][15/18]正在检查文件夹（Checking the folder）：https://raw.communitydragon.org/pbe/plugins/rcp-be-lol-game-data/global/default/v1/
[2025-04-30 06-33-33]页面新文件列表如下：
New file list is as follows: 
                file                     size           web_date         web_timestamp        local_date          local_timestamp   
 champion-rune-recommendations.json    328.2 KiB    2025-Apr-29 21:17    1745932620.0     2025-04-25 14-42-01    1745563321.2515807 
          companions.json              921.0 KiB    2025-Apr-29 21:17    1745932620.0     2025-04-16 05-17-37    1744751857.820749  
     csssheet-teamplanner.json         56.3 KiB     2025-Apr-29 21:17    1745932620.0     2025-03-19 08-52-11    1742345531.1887982 
        generic-assets.json            206.3 KiB    2025-Apr-29 21:17    1745932620.0     2025-04-16 05-17-38    1744751858.7856145 
             items.json                478.7 KiB    2025-Apr-29 21:17    1745932620.0     2025-04-25 14-42-03    1745563323.7803771 
   leaderboardconfiguration.json         224 B      2025-Apr-29 21:17    1745932620.0     2025-01-09 13-12-05    1736399525.9939432 
       lolinventorytype.json           14.6 KiB     2025-Apr-29 21:17    1745932620.0     2025-04-09 16-03-58    1744185838.8745463 
             loot.json                  2.9 MiB     2025-Apr-29 21:17    1745932620.0     2025-04-17 08-42-07    1744850527.1629577 
             maps.json                  1.5 KiB     2025-Apr-29 21:17    1745932620.0     2025-02-20 11-41-28    1740022888.3224216 
         nachorewards.json               875 B      2025-Apr-29 21:17    1745932620.0     2025-04-29 09-02-04    1745888524.4463053 
          objectives.json               5.4 KiB     2025-Apr-29 21:17    1745932620.0     2025-04-19 09-12-43    1745025163.0330975 
             perks.json                96.4 KiB     2025-Apr-29 21:17    1745932620.0     2025-04-23 12-35-32    1745382932.0262294 
            queues.json                72.2 KiB     2025-Apr-29 21:17    1745932620.0     2025-04-22 09-22-25    1745284945.3570251 
            regalia.json               24.9 KiB     2025-Apr-29 21:17    1745932620.0     2025-04-16 05-17-47    1744751867.7385283 
            rewards.json               785.7 KiB    2025-Apr-29 21:17    1745932620.0     2025-04-25 14-42-08    1745563328.7583811 
          skinborders.json              9.5 KiB     2025-Apr-29 21:17    1745932620.0     1970-01-01 08-00-00           0.0         
             skins.json                 4.4 MiB     2025-Apr-29 21:17    1745932620.0     2025-04-25 14-42-15    1745563335.7325158 
    stylesheet-teamplanner.json         5.2 KiB     2025-Apr-29 21:17    1745932620.0     2025-03-05 12-52-57    1741150377.923978  
        summoner-emotes.json           459.1 KiB    2025-Apr-29 21:17    1745932620.0     2025-04-16 05-17-51    1744751871.093877  
        summoner-icons.json             1.9 MiB     2025-Apr-29 21:17    1745932620.0     2025-04-16 05-17-52    1744751872.9651725 
        summoner-spells.json            7.2 KiB     2025-Apr-29 21:17    1745932620.0     2025-04-16 05-17-53    1744751873.9320247 
   tftchampions-teamplanner.json       57.3 KiB     2025-Apr-29 21:17    1745932620.0     2025-03-19 08-52-30    1742345550.476551  
         tftchampions.json             80.3 KiB     2025-Apr-29 21:17    1745932620.0     2025-03-19 08-52-31    1742345551.4831612 
        tftcontentdata.json            666.6 KiB    2025-Apr-29 21:17    1745932620.0     2025-04-16 05-17-55    1744751875.262478  
        tftdamageskins.json            85.2 KiB     2025-Apr-29 21:17    1745932620.0     2025-04-16 05-17-56    1744751876.2628725 
           tftitems.json               385.3 KiB    2025-Apr-29 21:17    1745932620.0     2025-04-23 12-35-33    1745382933.7662797 
        tftpass-assets.json            22.7 KiB     2025-Apr-29 21:17    1745932620.0     2025-03-19 08-52-37    1742345557.5252588 
       tftregionportals.json           17.1 KiB     2025-Apr-29 21:17    1745932620.0     2025-04-18 19-29-13    1744975753.3745747 
   tftrotationalshopitemdata.json       1.7 MiB     2025-Apr-29 21:17    1745932620.0     2025-04-17 08-42-21    1744850541.085753  
            tftsets.json                4.2 KiB     2025-Apr-29 21:17    1745932620.0     2025-03-19 08-52-42    1742345562.618673  
         tftskilltree.json             22.2 KiB     2025-Apr-29 21:17    1745932620.0     2025-04-18 19-29-14    1744975754.4360645 
           tfttraits.json              289.8 KiB    2025-Apr-29 21:17    1745932620.0     2025-04-22 09-22-26    1745284946.5041072 
    tfttrovesbannerrewards.json        796.1 KiB    2025-Apr-29 21:17    1745932620.0     2025-04-17 08-42-23    1744850543.1443777 
       tfttrovesbanners.json           134.3 KiB    2025-Apr-29 21:17    1745932620.0     2025-04-16 05-18-01    1744751881.7293699 
     tfttrovestablesnames.json         359.8 KiB    2025-Apr-29 21:17    1745932620.0     2025-04-16 05-18-03    1744751883.2485342 
         tftzoomskins.json              5.9 KiB     2025-Apr-29 21:17    1745932620.0     2025-04-05 12-31-26    1743827486.4079678 
[2025-04-30 06-33-34][15/18][1/36]正在校对文件（Checking file）： https://raw.communitydragon.org/pbe/plugins/rcp-be-lol-game-data/global/default/v1/champion-rune-recommendations.json
[2025-04-30 06-33-35]已更新文件（Updated file）：离线数据（Offline Data）/cdragon/pbe/plugins/rcp-be-lol-game-data/global/default/v1/champion-rune-recommendations.json
[2025-04-30 06-33-35][15/18][2/36]正在校对文件（Checking file）： https://raw.communitydragon.org/pbe/plugins/rcp-be-lol-game-data/global/default/v1/companions.json
[2025-04-30 06-33-38]已更新文件（Updated file）：离线数据（Offline Data）/cdragon/pbe/plugins/rcp-be-lol-game-data/global/default/v1/companions.json
[2025-04-30 06-33-38][15/18][3/36]正在校对文件（Checking file）： https://raw.communitydragon.org/pbe/plugins/rcp-be-lol-game-data/global/default/v1/csssheet-teamplanner.json
[2025-04-30 06-33-38]已更新文件（Updated file）：离线数据（Offline Data）/cdragon/pbe/plugins/rcp-be-lol-game-data/global/default/v1/csssheet-teamplanner.json
[2025-04-30 06-33-38][15/18][4/36]正在校对文件（Checking file）： https://raw.communitydragon.org/pbe/plugins/rcp-be-lol-game-data/global/default/v1/generic-assets.json
[2025-04-30 06-33-40]已更新文件（Updated file）：离线数据（Offline Data）/cdragon/pbe/plugins/rcp-be-lol-game-data/global/default/v1/generic-assets.json
[2025-04-30 06-33-40][15/18][5/36]正在校对文件（Checking file）： https://raw.communitydragon.org/pbe/plugins/rcp-be-lol-game-data/global/default/v1/items.json
[2025-04-30 06-33-42]已更新文件（Updated file）：离线数据（Offline Data）/cdragon/pbe/plugins/rcp-be-lol-game-data/global/default/v1/items.json
[2025-04-30 06-33-42][15/18][6/36]正在校对文件（Checking file）： https://raw.communitydragon.org/pbe/plugins/rcp-be-lol-game-data/global/default/v1/leaderboardconfiguration.json
[2025-04-30 06-33-43]已更新文件（Updated file）：离线数据（Offline Data）/cdragon/pbe/plugins/rcp-be-lol-game-data/global/default/v1/leaderboardconfiguration.json
[2025-04-30 06-33-43][15/18][7/36]正在校对文件（Checking file）： https://raw.communitydragon.org/pbe/plugins/rcp-be-lol-game-data/global/default/v1/lolinventorytype.json
[2025-04-30 06-33-44]已更新文件（Updated file）：离线数据（Offline Data）/cdragon/pbe/plugins/rcp-be-lol-game-data/global/default/v1/lolinventorytype.json
[2025-04-30 06-33-44][15/18][8/36]正在校对文件（Checking file）： https://raw.communitydragon.org/pbe/plugins/rcp-be-lol-game-data/global/default/v1/loot.json
[2025-04-30 06-33-47]已更新文件（Updated file）：离线数据（Offline Data）/cdragon/pbe/plugins/rcp-be-lol-game-data/global/default/v1/loot.json
[2025-04-30 06-33-47][15/18][9/36]正在校对文件（Checking file）： https://raw.communitydragon.org/pbe/plugins/rcp-be-lol-game-data/global/default/v1/maps.json
[2025-04-30 06-33-48]已更新文件（Updated file）：离线数据（Offline Data）/cdragon/pbe/plugins/rcp-be-lol-game-data/global/default/v1/maps.json
[2025-04-30 06-33-48][15/18][10/36]正在校对文件（Checking file）： https://raw.communitydragon.org/pbe/plugins/rcp-be-lol-game-data/global/default/v1/nachorewards.json
[2025-04-30 06-33-49]已更新文件（Updated file）：离线数据（Offline Data）/cdragon/pbe/plugins/rcp-be-lol-game-data/global/default/v1/nachorewards.json
[2025-04-30 06-33-49][15/18][11/36]正在校对文件（Checking file）： https://raw.communitydragon.org/pbe/plugins/rcp-be-lol-game-data/global/default/v1/objectives.json
[2025-04-30 06-33-50]已更新文件（Updated file）：离线数据（Offline Data）/cdragon/pbe/plugins/rcp-be-lol-game-data/global/default/v1/objectives.json
[2025-04-30 06-33-50][15/18][12/36]正在校对文件（Checking file）： https://raw.communitydragon.org/pbe/plugins/rcp-be-lol-game-data/global/default/v1/perks.json
[2025-04-30 06-33-51]已更新文件（Updated file）：离线数据（Offline Data）/cdragon/pbe/plugins/rcp-be-lol-game-data/global/default/v1/perks.json
[2025-04-30 06-33-51][15/18][13/36]正在校对文件（Checking file）： https://raw.communitydragon.org/pbe/plugins/rcp-be-lol-game-data/global/default/v1/queues.json
[2025-04-30 06-33-52]已更新文件（Updated file）：离线数据（Offline Data）/cdragon/pbe/plugins/rcp-be-lol-game-data/global/default/v1/queues.json
[2025-04-30 06-33-52][15/18][14/36]正在校对文件（Checking file）： https://raw.communitydragon.org/pbe/plugins/rcp-be-lol-game-data/global/default/v1/regalia.json
[2025-04-30 06-33-53]已更新文件（Updated file）：离线数据（Offline Data）/cdragon/pbe/plugins/rcp-be-lol-game-data/global/default/v1/regalia.json
[2025-04-30 06-33-53][15/18][15/36]正在校对文件（Checking file）： https://raw.communitydragon.org/pbe/plugins/rcp-be-lol-game-data/global/default/v1/rewards.json
[2025-04-30 06-33-55]已更新文件（Updated file）：离线数据（Offline Data）/cdragon/pbe/plugins/rcp-be-lol-game-data/global/default/v1/rewards.json
[2025-04-30 06-33-55][15/18][16/36]正在校对文件（Checking file）： https://raw.communitydragon.org/pbe/plugins/rcp-be-lol-game-data/global/default/v1/skinborders.json
[2025-04-30 06-33-56]已添加文件（Added file）：离线数据（Offline Data）/cdragon/pbe/plugins/rcp-be-lol-game-data/global/default/v1/skinborders.json
[2025-04-30 06-33-56][15/18][17/36]正在校对文件（Checking file）： https://raw.communitydragon.org/pbe/plugins/rcp-be-lol-game-data/global/default/v1/skins.json
[2025-04-30 06-33-59]已更新文件（Updated file）：离线数据（Offline Data）/cdragon/pbe/plugins/rcp-be-lol-game-data/global/default/v1/skins.json
[2025-04-30 06-33-59][15/18][18/36]正在校对文件（Checking file）： https://raw.communitydragon.org/pbe/plugins/rcp-be-lol-game-data/global/default/v1/stylesheet-teamplanner.json
[2025-04-30 06-34-00]已更新文件（Updated file）：离线数据（Offline Data）/cdragon/pbe/plugins/rcp-be-lol-game-data/global/default/v1/stylesheet-teamplanner.json
[2025-04-30 06-34-00][15/18][19/36]正在校对文件（Checking file）： https://raw.communitydragon.org/pbe/plugins/rcp-be-lol-game-data/global/default/v1/summoner-emotes.json
[2025-04-30 06-34-02]已更新文件（Updated file）：离线数据（Offline Data）/cdragon/pbe/plugins/rcp-be-lol-game-data/global/default/v1/summoner-emotes.json
[2025-04-30 06-34-02][15/18][20/36]正在校对文件（Checking file）： https://raw.communitydragon.org/pbe/plugins/rcp-be-lol-game-data/global/default/v1/summoner-icons.json
[2025-04-30 06-34-04]已更新文件（Updated file）：离线数据（Offline Data）/cdragon/pbe/plugins/rcp-be-lol-game-data/global/default/v1/summoner-icons.json
[2025-04-30 06-34-04][15/18][21/36]正在校对文件（Checking file）： https://raw.communitydragon.org/pbe/plugins/rcp-be-lol-game-data/global/default/v1/summoner-spells.json
[2025-04-30 06-34-05]已更新文件（Updated file）：离线数据（Offline Data）/cdragon/pbe/plugins/rcp-be-lol-game-data/global/default/v1/summoner-spells.json
[2025-04-30 06-34-05][15/18][22/36]正在校对文件（Checking file）： https://raw.communitydragon.org/pbe/plugins/rcp-be-lol-game-data/global/default/v1/tftchampions-teamplanner.json
[2025-04-30 06-34-06]已更新文件（Updated file）：离线数据（Offline Data）/cdragon/pbe/plugins/rcp-be-lol-game-data/global/default/v1/tftchampions-teamplanner.json
[2025-04-30 06-34-06][15/18][23/36]正在校对文件（Checking file）： https://raw.communitydragon.org/pbe/plugins/rcp-be-lol-game-data/global/default/v1/tftchampions.json
[2025-04-30 06-34-07]已更新文件（Updated file）：离线数据（Offline Data）/cdragon/pbe/plugins/rcp-be-lol-game-data/global/default/v1/tftchampions.json
[2025-04-30 06-34-07][15/18][24/36]正在校对文件（Checking file）： https://raw.communitydragon.org/pbe/plugins/rcp-be-lol-game-data/global/default/v1/tftcontentdata.json
[2025-04-30 06-34-09]已更新文件（Updated file）：离线数据（Offline Data）/cdragon/pbe/plugins/rcp-be-lol-game-data/global/default/v1/tftcontentdata.json
[2025-04-30 06-34-09][15/18][25/36]正在校对文件（Checking file）： https://raw.communitydragon.org/pbe/plugins/rcp-be-lol-game-data/global/default/v1/tftdamageskins.json
[2025-04-30 06-34-10]已更新文件（Updated file）：离线数据（Offline Data）/cdragon/pbe/plugins/rcp-be-lol-game-data/global/default/v1/tftdamageskins.json
[2025-04-30 06-34-10][15/18][26/36]正在校对文件（Checking file）： https://raw.communitydragon.org/pbe/plugins/rcp-be-lol-game-data/global/default/v1/tftitems.json
[2025-04-30 06-34-12]已更新文件（Updated file）：离线数据（Offline Data）/cdragon/pbe/plugins/rcp-be-lol-game-data/global/default/v1/tftitems.json
[2025-04-30 06-34-12][15/18][27/36]正在校对文件（Checking file）： https://raw.communitydragon.org/pbe/plugins/rcp-be-lol-game-data/global/default/v1/tftpass-assets.json
[2025-04-30 06-34-13]已更新文件（Updated file）：离线数据（Offline Data）/cdragon/pbe/plugins/rcp-be-lol-game-data/global/default/v1/tftpass-assets.json
[2025-04-30 06-34-13][15/18][28/36]正在校对文件（Checking file）： https://raw.communitydragon.org/pbe/plugins/rcp-be-lol-game-data/global/default/v1/tftregionportals.json
[2025-04-30 06-34-14]已更新文件（Updated file）：离线数据（Offline Data）/cdragon/pbe/plugins/rcp-be-lol-game-data/global/default/v1/tftregionportals.json
[2025-04-30 06-34-14][15/18][29/36]正在校对文件（Checking file）： https://raw.communitydragon.org/pbe/plugins/rcp-be-lol-game-data/global/default/v1/tftrotationalshopitemdata.json
[2025-04-30 06-34-17]已更新文件（Updated file）：离线数据（Offline Data）/cdragon/pbe/plugins/rcp-be-lol-game-data/global/default/v1/tftrotationalshopitemdata.json
[2025-04-30 06-34-17][15/18][30/36]正在校对文件（Checking file）： https://raw.communitydragon.org/pbe/plugins/rcp-be-lol-game-data/global/default/v1/tftsets.json
[2025-04-30 06-34-17]已更新文件（Updated file）：离线数据（Offline Data）/cdragon/pbe/plugins/rcp-be-lol-game-data/global/default/v1/tftsets.json
[2025-04-30 06-34-17][15/18][31/36]正在校对文件（Checking file）： https://raw.communitydragon.org/pbe/plugins/rcp-be-lol-game-data/global/default/v1/tftskilltree.json
[2025-04-30 06-34-19]已更新文件（Updated file）：离线数据（Offline Data）/cdragon/pbe/plugins/rcp-be-lol-game-data/global/default/v1/tftskilltree.json
[2025-04-30 06-34-19][15/18][32/36]正在校对文件（Checking file）： https://raw.communitydragon.org/pbe/plugins/rcp-be-lol-game-data/global/default/v1/tfttraits.json
[2025-04-30 06-34-20]已更新文件（Updated file）：离线数据（Offline Data）/cdragon/pbe/plugins/rcp-be-lol-game-data/global/default/v1/tfttraits.json
[2025-04-30 06-34-20][15/18][33/36]正在校对文件（Checking file）： https://raw.communitydragon.org/pbe/plugins/rcp-be-lol-game-data/global/default/v1/tfttrovesbannerrewards.json
[2025-04-30 06-34-22]已更新文件（Updated file）：离线数据（Offline Data）/cdragon/pbe/plugins/rcp-be-lol-game-data/global/default/v1/tfttrovesbannerrewards.json
[2025-04-30 06-34-22][15/18][34/36]正在校对文件（Checking file）： https://raw.communitydragon.org/pbe/plugins/rcp-be-lol-game-data/global/default/v1/tfttrovesbanners.json
[2025-04-30 06-34-23]已更新文件（Updated file）：离线数据（Offline Data）/cdragon/pbe/plugins/rcp-be-lol-game-data/global/default/v1/tfttrovesbanners.json
[2025-04-30 06-34-23][15/18][35/36]正在校对文件（Checking file）： https://raw.communitydragon.org/pbe/plugins/rcp-be-lol-game-data/global/default/v1/tfttrovestablesnames.json
[2025-04-30 06-34-24]已更新文件（Updated file）：离线数据（Offline Data）/cdragon/pbe/plugins/rcp-be-lol-game-data/global/default/v1/tfttrovestablesnames.json
[2025-04-30 06-34-24][15/18][36/36]正在校对文件（Checking file）： https://raw.communitydragon.org/pbe/plugins/rcp-be-lol-game-data/global/default/v1/tftzoomskins.json
[2025-04-30 06-34-25]已更新文件（Updated file）：离线数据（Offline Data）/cdragon/pbe/plugins/rcp-be-lol-game-data/global/default/v1/tftzoomskins.json
[2025-04-30 06-34-25][16/18]正在检查文件夹（Checking the folder）：https://raw.communitydragon.org/pbe/plugins/rcp-be-lol-game-data/global/zh_cn/v1/champions/
[2025-04-30 06-34-26]页面新文件列表如下：
New file list is as follows: 
   file        size          web_date         web_timestamp        local_date          local_timestamp   
 13.json     34.5 KiB    2025-Apr-29 21:18    1745932680.0     2025-04-25 14-43-01    1745563381.5966136 
 711.json    22.2 KiB    2025-Apr-29 21:18    1745932680.0     2025-04-25 14-47-03    1745563623.7727954 
 83.json     38.2 KiB    2025-Apr-29 21:18    1745932680.0     2025-04-25 14-47-22    1745563642.3614905 
 86.json     40.3 KiB    2025-Apr-29 21:18    1745932680.0     2025-04-25 14-47-25    1745563645.559564  
[2025-04-30 06-34-27][16/18][1/4]正在校对文件（Checking file）： https://raw.communitydragon.org/pbe/plugins/rcp-be-lol-game-data/global/zh_cn/v1/champions/13.json
[2025-04-30 06-34-28]已更新文件（Updated file）：离线数据（Offline Data）/cdragon/pbe/plugins/rcp-be-lol-game-data/global/zh_cn/v1/champions/13.json
[2025-04-30 06-34-28][16/18][2/4]正在校对文件（Checking file）： https://raw.communitydragon.org/pbe/plugins/rcp-be-lol-game-data/global/zh_cn/v1/champions/711.json
[2025-04-30 06-34-29]已更新文件（Updated file）：离线数据（Offline Data）/cdragon/pbe/plugins/rcp-be-lol-game-data/global/zh_cn/v1/champions/711.json
[2025-04-30 06-34-29][16/18][3/4]正在校对文件（Checking file）： https://raw.communitydragon.org/pbe/plugins/rcp-be-lol-game-data/global/zh_cn/v1/champions/83.json
[2025-04-30 06-34-30]已更新文件（Updated file）：离线数据（Offline Data）/cdragon/pbe/plugins/rcp-be-lol-game-data/global/zh_cn/v1/champions/83.json
[2025-04-30 06-34-30][16/18][4/4]正在校对文件（Checking file）： https://raw.communitydragon.org/pbe/plugins/rcp-be-lol-game-data/global/zh_cn/v1/champions/86.json
[2025-04-30 06-34-31]已更新文件（Updated file）：离线数据（Offline Data）/cdragon/pbe/plugins/rcp-be-lol-game-data/global/zh_cn/v1/champions/86.json
[2025-04-30 06-34-31][17/18]正在检查文件夹（Checking the folder）：https://raw.communitydragon.org/pbe/plugins/rcp-be-lol-game-data/global/zh_cn/v1/map-assets/
[2025-04-30 06-34-32]页面新文件列表如下：
New file list is as follows: 
      file            size           web_date         web_timestamp        local_date          local_timestamp   
 map-assets.json    141.8 KiB    2025-Apr-29 21:18    1745932680.0     2025-04-16 05-18-21    1744751901.2844856 
[2025-04-30 06-34-32][17/18][1/1]正在校对文件（Checking file）： https://raw.communitydragon.org/pbe/plugins/rcp-be-lol-game-data/global/zh_cn/v1/map-assets/map-assets.json
[2025-04-30 06-34-33]已更新文件（Updated file）：离线数据（Offline Data）/cdragon/pbe/plugins/rcp-be-lol-game-data/global/zh_cn/v1/map-assets/map-assets.json
[2025-04-30 06-34-33][18/18]正在检查文件夹（Checking the folder）：https://raw.communitydragon.org/pbe/plugins/rcp-be-lol-game-data/global/zh_cn/v1/
[2025-04-30 06-34-34]页面新文件列表如下：
New file list is as follows: 
              file                   size           web_date         web_timestamp        local_date          local_timestamp   
        companions.json            926.0 KiB    2025-Apr-29 21:18    1745932680.0     2025-04-16 05-18-24    1744751904.9018457 
      generic-assets.json          206.3 KiB    2025-Apr-29 21:18    1745932680.0     2025-04-16 05-18-26     1744751906.03466  
           items.json              478.7 KiB    2025-Apr-29 21:18    1745932680.0     2025-04-25 14-47-50    1745563670.070706  
 leaderboardconfiguration.json       224 B      2025-Apr-29 21:18    1745932680.0     2025-01-09 13-13-26    1736399606.8562272 
           loot.json                3.0 MiB     2025-Apr-29 21:18    1745932680.0     2025-04-18 19-29-30    1744975770.7895994 
           maps.json                1.5 KiB     2025-Apr-29 21:18    1745932680.0     2025-02-20 11-42-13    1740022933.5735822 
       nachorewards.json             851 B      2025-Apr-29 21:18    1745932680.0     2025-04-29 09-02-10    1745888530.7006407 
        objectives.json             5.4 KiB     2025-Apr-29 21:18    1745932680.0     2025-04-19 09-12-55    1745025175.1322076 
           perks.json              98.7 KiB     2025-Apr-29 21:18    1745932680.0     2025-04-23 12-36-03    1745382963.0805178 
          queues.json              75.5 KiB     2025-Apr-29 21:18    1745932680.0     2025-04-23 12-36-04    1745382964.238475  
          regalia.json             24.9 KiB     2025-Apr-29 21:18    1745932680.0     2025-04-17 08-42-42    1744850562.8889756 
           skins.json               4.7 MiB     2025-Apr-29 21:18    1745932680.0     2025-04-29 09-02-12    1745888532.699646  
  stylesheet-teamplanner.json       5.2 KiB     2025-Apr-29 21:18    1745932680.0     2025-03-05 12-53-46    1741150426.4172647 
      summoner-emotes.json         467.3 KiB    2025-Apr-29 21:18    1745932680.0     2025-04-23 12-36-08    1745382968.7583492 
      summoner-spells.json          7.4 KiB     2025-Apr-29 21:18    1745932680.0     2025-03-25 08-44-47    1742863487.8447783 
 tftchampions-teamplanner.json     58.1 KiB     2025-Apr-29 21:18    1745932680.0     2025-03-19 08-53-20    1742345600.8362038 
       tftchampions.json           81.2 KiB     2025-Apr-29 21:18    1745932680.0     2025-03-21 16-12-19    1742544739.2645612 
      tftcontentdata.json          666.6 KiB    2025-Apr-29 21:18    1745932680.0     2025-04-16 05-18-45    1744751925.3280258 
      tftdamageskins.json          85.5 KiB     2025-Apr-29 21:18    1745932680.0     2025-04-16 05-18-46    1744751926.3167388 
         tftitems.json             385.4 KiB    2025-Apr-29 21:18    1745932680.0     2025-04-25 14-48-21    1745563701.9160855 
     tftregionportals.json         17.2 KiB     2025-Apr-29 21:18    1745932680.0     2025-04-19 09-12-59    1745025179.5710614 
 tftrotationalshopitemdata.json     1.7 MiB     2025-Apr-29 21:18    1745932680.0     2025-04-23 12-36-13     1745382973.63304  
          tftsets.json              4.3 KiB     2025-Apr-29 21:18    1745932680.0     2025-03-19 08-53-30    1742345610.5694983 
       tftskilltree.json           23.3 KiB     2025-Apr-29 21:18    1745932680.0     2025-01-09 13-13-59    1736399639.7120478 
         tfttraits.json            296.4 KiB    2025-Apr-29 21:18    1745932680.0     2025-04-22 09-22-32    1745284952.2859242 
  tfttrovesbannerrewards.json      798.6 KiB    2025-Apr-29 21:18    1745932680.0     2025-04-17 08-42-50    1744850570.048138  
     tfttrovesbanners.json         134.2 KiB    2025-Apr-29 21:18    1745932680.0     2025-04-16 05-18-52    1744751932.5875428 
   tfttrovestablesnames.json       371.4 KiB    2025-Apr-29 21:18    1745932680.0     2025-04-23 12-36-15    1745382975.0353413 
       tftzoomskins.json            5.9 KiB     2025-Apr-29 21:18    1745932680.0     2025-04-05 12-31-37    1743827497.257049  
[2025-04-30 06-34-35][18/18][1/29]正在校对文件（Checking file）： https://raw.communitydragon.org/pbe/plugins/rcp-be-lol-game-data/global/zh_cn/v1/companions.json
[2025-04-30 06-34-36]已更新文件（Updated file）：离线数据（Offline Data）/cdragon/pbe/plugins/rcp-be-lol-game-data/global/zh_cn/v1/companions.json
[2025-04-30 06-34-36][18/18][2/29]正在校对文件（Checking file）： https://raw.communitydragon.org/pbe/plugins/rcp-be-lol-game-data/global/zh_cn/v1/generic-assets.json
[2025-04-30 06-34-38]已更新文件（Updated file）：离线数据（Offline Data）/cdragon/pbe/plugins/rcp-be-lol-game-data/global/zh_cn/v1/generic-assets.json
[2025-04-30 06-34-38][18/18][3/29]正在校对文件（Checking file）： https://raw.communitydragon.org/pbe/plugins/rcp-be-lol-game-data/global/zh_cn/v1/items.json
[2025-04-30 06-34-40]已更新文件（Updated file）：离线数据（Offline Data）/cdragon/pbe/plugins/rcp-be-lol-game-data/global/zh_cn/v1/items.json
[2025-04-30 06-34-40][18/18][4/29]正在校对文件（Checking file）： https://raw.communitydragon.org/pbe/plugins/rcp-be-lol-game-data/global/zh_cn/v1/leaderboardconfiguration.json
[2025-04-30 06-34-40]已更新文件（Updated file）：离线数据（Offline Data）/cdragon/pbe/plugins/rcp-be-lol-game-data/global/zh_cn/v1/leaderboardconfiguration.json
[2025-04-30 06-34-40][18/18][5/29]正在校对文件（Checking file）： https://raw.communitydragon.org/pbe/plugins/rcp-be-lol-game-data/global/zh_cn/v1/loot.json
[2025-04-30 06-34-43]已更新文件（Updated file）：离线数据（Offline Data）/cdragon/pbe/plugins/rcp-be-lol-game-data/global/zh_cn/v1/loot.json
[2025-04-30 06-34-43][18/18][6/29]正在校对文件（Checking file）： https://raw.communitydragon.org/pbe/plugins/rcp-be-lol-game-data/global/zh_cn/v1/maps.json
[2025-04-30 06-34-44]已更新文件（Updated file）：离线数据（Offline Data）/cdragon/pbe/plugins/rcp-be-lol-game-data/global/zh_cn/v1/maps.json
[2025-04-30 06-34-44][18/18][7/29]正在校对文件（Checking file）： https://raw.communitydragon.org/pbe/plugins/rcp-be-lol-game-data/global/zh_cn/v1/nachorewards.json
[2025-04-30 06-34-45]已更新文件（Updated file）：离线数据（Offline Data）/cdragon/pbe/plugins/rcp-be-lol-game-data/global/zh_cn/v1/nachorewards.json
[2025-04-30 06-34-45][18/18][8/29]正在校对文件（Checking file）： https://raw.communitydragon.org/pbe/plugins/rcp-be-lol-game-data/global/zh_cn/v1/objectives.json
[2025-04-30 06-34-46]已更新文件（Updated file）：离线数据（Offline Data）/cdragon/pbe/plugins/rcp-be-lol-game-data/global/zh_cn/v1/objectives.json
[2025-04-30 06-34-46][18/18][9/29]正在校对文件（Checking file）： https://raw.communitydragon.org/pbe/plugins/rcp-be-lol-game-data/global/zh_cn/v1/perks.json
[2025-04-30 06-34-47]已更新文件（Updated file）：离线数据（Offline Data）/cdragon/pbe/plugins/rcp-be-lol-game-data/global/zh_cn/v1/perks.json
[2025-04-30 06-34-47][18/18][10/29]正在校对文件（Checking file）： https://raw.communitydragon.org/pbe/plugins/rcp-be-lol-game-data/global/zh_cn/v1/queues.json
[2025-04-30 06-34-48]已更新文件（Updated file）：离线数据（Offline Data）/cdragon/pbe/plugins/rcp-be-lol-game-data/global/zh_cn/v1/queues.json
[2025-04-30 06-34-48][18/18][11/29]正在校对文件（Checking file）： https://raw.communitydragon.org/pbe/plugins/rcp-be-lol-game-data/global/zh_cn/v1/regalia.json
[2025-04-30 06-34-49]已更新文件（Updated file）：离线数据（Offline Data）/cdragon/pbe/plugins/rcp-be-lol-game-data/global/zh_cn/v1/regalia.json
[2025-04-30 06-34-49][18/18][12/29]正在校对文件（Checking file）： https://raw.communitydragon.org/pbe/plugins/rcp-be-lol-game-data/global/zh_cn/v1/skins.json
[2025-04-30 06-34-53]已更新文件（Updated file）：离线数据（Offline Data）/cdragon/pbe/plugins/rcp-be-lol-game-data/global/zh_cn/v1/skins.json
[2025-04-30 06-34-53][18/18][13/29]正在校对文件（Checking file）： https://raw.communitydragon.org/pbe/plugins/rcp-be-lol-game-data/global/zh_cn/v1/stylesheet-teamplanner.json
[2025-04-30 06-34-55]已更新文件（Updated file）：离线数据（Offline Data）/cdragon/pbe/plugins/rcp-be-lol-game-data/global/zh_cn/v1/stylesheet-teamplanner.json
[2025-04-30 06-34-55][18/18][14/29]正在校对文件（Checking file）： https://raw.communitydragon.org/pbe/plugins/rcp-be-lol-game-data/global/zh_cn/v1/summoner-emotes.json
[2025-04-30 06-34-56]已更新文件（Updated file）：离线数据（Offline Data）/cdragon/pbe/plugins/rcp-be-lol-game-data/global/zh_cn/v1/summoner-emotes.json
[2025-04-30 06-34-57][18/18][15/29]正在校对文件（Checking file）： https://raw.communitydragon.org/pbe/plugins/rcp-be-lol-game-data/global/zh_cn/v1/summoner-spells.json
[2025-04-30 06-34-57]已更新文件（Updated file）：离线数据（Offline Data）/cdragon/pbe/plugins/rcp-be-lol-game-data/global/zh_cn/v1/summoner-spells.json
[2025-04-30 06-34-58][18/18][16/29]正在校对文件（Checking file）： https://raw.communitydragon.org/pbe/plugins/rcp-be-lol-game-data/global/zh_cn/v1/tftchampions-teamplanner.json
[2025-04-30 06-34-58]已更新文件（Updated file）：离线数据（Offline Data）/cdragon/pbe/plugins/rcp-be-lol-game-data/global/zh_cn/v1/tftchampions-teamplanner.json
[2025-04-30 06-34-59][18/18][17/29]正在校对文件（Checking file）： https://raw.communitydragon.org/pbe/plugins/rcp-be-lol-game-data/global/zh_cn/v1/tftchampions.json
[2025-04-30 06-35-00]已更新文件（Updated file）：离线数据（Offline Data）/cdragon/pbe/plugins/rcp-be-lol-game-data/global/zh_cn/v1/tftchampions.json
[2025-04-30 06-35-00][18/18][18/29]正在校对文件（Checking file）： https://raw.communitydragon.org/pbe/plugins/rcp-be-lol-game-data/global/zh_cn/v1/tftcontentdata.json
[2025-04-30 06-35-01]已更新文件（Updated file）：离线数据（Offline Data）/cdragon/pbe/plugins/rcp-be-lol-game-data/global/zh_cn/v1/tftcontentdata.json
[2025-04-30 06-35-01][18/18][19/29]正在校对文件（Checking file）： https://raw.communitydragon.org/pbe/plugins/rcp-be-lol-game-data/global/zh_cn/v1/tftdamageskins.json
[2025-04-30 06-35-02]已更新文件（Updated file）：离线数据（Offline Data）/cdragon/pbe/plugins/rcp-be-lol-game-data/global/zh_cn/v1/tftdamageskins.json
[2025-04-30 06-35-02][18/18][20/29]正在校对文件（Checking file）： https://raw.communitydragon.org/pbe/plugins/rcp-be-lol-game-data/global/zh_cn/v1/tftitems.json
[2025-04-30 06-35-03]已更新文件（Updated file）：离线数据（Offline Data）/cdragon/pbe/plugins/rcp-be-lol-game-data/global/zh_cn/v1/tftitems.json
[2025-04-30 06-35-03][18/18][21/29]正在校对文件（Checking file）： https://raw.communitydragon.org/pbe/plugins/rcp-be-lol-game-data/global/zh_cn/v1/tftregionportals.json
[2025-04-30 06-35-04]已更新文件（Updated file）：离线数据（Offline Data）/cdragon/pbe/plugins/rcp-be-lol-game-data/global/zh_cn/v1/tftregionportals.json
[2025-04-30 06-35-04][18/18][22/29]正在校对文件（Checking file）： https://raw.communitydragon.org/pbe/plugins/rcp-be-lol-game-data/global/zh_cn/v1/tftrotationalshopitemdata.json
[2025-04-30 06-35-06]已更新文件（Updated file）：离线数据（Offline Data）/cdragon/pbe/plugins/rcp-be-lol-game-data/global/zh_cn/v1/tftrotationalshopitemdata.json
[2025-04-30 06-35-06][18/18][23/29]正在校对文件（Checking file）： https://raw.communitydragon.org/pbe/plugins/rcp-be-lol-game-data/global/zh_cn/v1/tftsets.json
[2025-04-30 06-35-07]已更新文件（Updated file）：离线数据（Offline Data）/cdragon/pbe/plugins/rcp-be-lol-game-data/global/zh_cn/v1/tftsets.json
[2025-04-30 06-35-07][18/18][24/29]正在校对文件（Checking file）： https://raw.communitydragon.org/pbe/plugins/rcp-be-lol-game-data/global/zh_cn/v1/tftskilltree.json
[2025-04-30 06-35-08]已更新文件（Updated file）：离线数据（Offline Data）/cdragon/pbe/plugins/rcp-be-lol-game-data/global/zh_cn/v1/tftskilltree.json
[2025-04-30 06-35-08][18/18][25/29]正在校对文件（Checking file）： https://raw.communitydragon.org/pbe/plugins/rcp-be-lol-game-data/global/zh_cn/v1/tfttraits.json
[2025-04-30 06-35-10]已更新文件（Updated file）：离线数据（Offline Data）/cdragon/pbe/plugins/rcp-be-lol-game-data/global/zh_cn/v1/tfttraits.json
[2025-04-30 06-35-10][18/18][26/29]正在校对文件（Checking file）： https://raw.communitydragon.org/pbe/plugins/rcp-be-lol-game-data/global/zh_cn/v1/tfttrovesbannerrewards.json
[2025-04-30 06-35-11]已更新文件（Updated file）：离线数据（Offline Data）/cdragon/pbe/plugins/rcp-be-lol-game-data/global/zh_cn/v1/tfttrovesbannerrewards.json
[2025-04-30 06-35-11][18/18][27/29]正在校对文件（Checking file）： https://raw.communitydragon.org/pbe/plugins/rcp-be-lol-game-data/global/zh_cn/v1/tfttrovesbanners.json
[2025-04-30 06-35-12]已更新文件（Updated file）：离线数据（Offline Data）/cdragon/pbe/plugins/rcp-be-lol-game-data/global/zh_cn/v1/tfttrovesbanners.json
[2025-04-30 06-35-12][18/18][28/29]正在校对文件（Checking file）： https://raw.communitydragon.org/pbe/plugins/rcp-be-lol-game-data/global/zh_cn/v1/tfttrovestablesnames.json
[2025-04-30 06-35-13]已更新文件（Updated file）：离线数据（Offline Data）/cdragon/pbe/plugins/rcp-be-lol-game-data/global/zh_cn/v1/tfttrovestablesnames.json
[2025-04-30 06-35-13][18/18][29/29]正在校对文件（Checking file）： https://raw.communitydragon.org/pbe/plugins/rcp-be-lol-game-data/global/zh_cn/v1/tftzoomskins.json
[2025-04-30 06-35-14]已更新文件（Updated file）：离线数据（Offline Data）/cdragon/pbe/plugins/rcp-be-lol-game-data/global/zh_cn/v1/tftzoomskins.json
已更新以下84个文件：
Updated the following 84 file(s):
https://raw.communitydragon.org/latest/cdragon/arena/en_us.json
https://raw.communitydragon.org/latest/cdragon/arena/zh_cn.json
https://raw.communitydragon.org/latest/cdragon/tft/en_us.json
https://raw.communitydragon.org/latest/cdragon/tft/zh_cn.json
https://raw.communitydragon.org/latest/plugins/rcp-be-lol-game-data/global/default/v1/generic-assets.json
https://raw.communitydragon.org/latest/plugins/rcp-be-lol-game-data/global/zh_cn/v1/generic-assets.json
https://raw.communitydragon.org/pbe/compat-version-metadata.json
https://raw.communitydragon.org/pbe/content-metadata.json
https://raw.communitydragon.org/pbe/cdragon/tft/en_us.json
https://raw.communitydragon.org/pbe/cdragon/tft/zh_cn.json
https://raw.communitydragon.org/pbe/plugins/rcp-be-lol-game-data/global/default/v1/champions/13.json
https://raw.communitydragon.org/pbe/plugins/rcp-be-lol-game-data/global/default/v1/champions/711.json
https://raw.communitydragon.org/pbe/plugins/rcp-be-lol-game-data/global/default/v1/champions/83.json
https://raw.communitydragon.org/pbe/plugins/rcp-be-lol-game-data/global/default/v1/champions/86.json
https://raw.communitydragon.org/pbe/plugins/rcp-be-lol-game-data/global/default/v1/map-assets/map-assets.json
https://raw.communitydragon.org/pbe/plugins/rcp-be-lol-game-data/global/default/v1/champion-rune-recommendations.json
https://raw.communitydragon.org/pbe/plugins/rcp-be-lol-game-data/global/default/v1/companions.json
https://raw.communitydragon.org/pbe/plugins/rcp-be-lol-game-data/global/default/v1/csssheet-teamplanner.json
https://raw.communitydragon.org/pbe/plugins/rcp-be-lol-game-data/global/default/v1/generic-assets.json
https://raw.communitydragon.org/pbe/plugins/rcp-be-lol-game-data/global/default/v1/items.json
https://raw.communitydragon.org/pbe/plugins/rcp-be-lol-game-data/global/default/v1/leaderboardconfiguration.json
https://raw.communitydragon.org/pbe/plugins/rcp-be-lol-game-data/global/default/v1/lolinventorytype.json
https://raw.communitydragon.org/pbe/plugins/rcp-be-lol-game-data/global/default/v1/loot.json
https://raw.communitydragon.org/pbe/plugins/rcp-be-lol-game-data/global/default/v1/maps.json
https://raw.communitydragon.org/pbe/plugins/rcp-be-lol-game-data/global/default/v1/nachorewards.json
https://raw.communitydragon.org/pbe/plugins/rcp-be-lol-game-data/global/default/v1/objectives.json
https://raw.communitydragon.org/pbe/plugins/rcp-be-lol-game-data/global/default/v1/perks.json
https://raw.communitydragon.org/pbe/plugins/rcp-be-lol-game-data/global/default/v1/queues.json
https://raw.communitydragon.org/pbe/plugins/rcp-be-lol-game-data/global/default/v1/regalia.json
https://raw.communitydragon.org/pbe/plugins/rcp-be-lol-game-data/global/default/v1/rewards.json
https://raw.communitydragon.org/pbe/plugins/rcp-be-lol-game-data/global/default/v1/skins.json
https://raw.communitydragon.org/pbe/plugins/rcp-be-lol-game-data/global/default/v1/stylesheet-teamplanner.json
https://raw.communitydragon.org/pbe/plugins/rcp-be-lol-game-data/global/default/v1/summoner-emotes.json
https://raw.communitydragon.org/pbe/plugins/rcp-be-lol-game-data/global/default/v1/summoner-icons.json
https://raw.communitydragon.org/pbe/plugins/rcp-be-lol-game-data/global/default/v1/summoner-spells.json
https://raw.communitydragon.org/pbe/plugins/rcp-be-lol-game-data/global/default/v1/tftchampions-teamplanner.json
https://raw.communitydragon.org/pbe/plugins/rcp-be-lol-game-data/global/default/v1/tftchampions.json
https://raw.communitydragon.org/pbe/plugins/rcp-be-lol-game-data/global/default/v1/tftcontentdata.json
https://raw.communitydragon.org/pbe/plugins/rcp-be-lol-game-data/global/default/v1/tftdamageskins.json
https://raw.communitydragon.org/pbe/plugins/rcp-be-lol-game-data/global/default/v1/tftitems.json
https://raw.communitydragon.org/pbe/plugins/rcp-be-lol-game-data/global/default/v1/tftpass-assets.json
https://raw.communitydragon.org/pbe/plugins/rcp-be-lol-game-data/global/default/v1/tftregionportals.json
https://raw.communitydragon.org/pbe/plugins/rcp-be-lol-game-data/global/default/v1/tftrotationalshopitemdata.json
https://raw.communitydragon.org/pbe/plugins/rcp-be-lol-game-data/global/default/v1/tftsets.json
https://raw.communitydragon.org/pbe/plugins/rcp-be-lol-game-data/global/default/v1/tftskilltree.json
https://raw.communitydragon.org/pbe/plugins/rcp-be-lol-game-data/global/default/v1/tfttraits.json
https://raw.communitydragon.org/pbe/plugins/rcp-be-lol-game-data/global/default/v1/tfttrovesbannerrewards.json
https://raw.communitydragon.org/pbe/plugins/rcp-be-lol-game-data/global/default/v1/tfttrovesbanners.json
https://raw.communitydragon.org/pbe/plugins/rcp-be-lol-game-data/global/default/v1/tfttrovestablesnames.json
https://raw.communitydragon.org/pbe/plugins/rcp-be-lol-game-data/global/default/v1/tftzoomskins.json
https://raw.communitydragon.org/pbe/plugins/rcp-be-lol-game-data/global/zh_cn/v1/champions/13.json
https://raw.communitydragon.org/pbe/plugins/rcp-be-lol-game-data/global/zh_cn/v1/champions/711.json
https://raw.communitydragon.org/pbe/plugins/rcp-be-lol-game-data/global/zh_cn/v1/champions/83.json
https://raw.communitydragon.org/pbe/plugins/rcp-be-lol-game-data/global/zh_cn/v1/champions/86.json
https://raw.communitydragon.org/pbe/plugins/rcp-be-lol-game-data/global/zh_cn/v1/map-assets/map-assets.json
https://raw.communitydragon.org/pbe/plugins/rcp-be-lol-game-data/global/zh_cn/v1/companions.json
https://raw.communitydragon.org/pbe/plugins/rcp-be-lol-game-data/global/zh_cn/v1/generic-assets.json
https://raw.communitydragon.org/pbe/plugins/rcp-be-lol-game-data/global/zh_cn/v1/items.json
https://raw.communitydragon.org/pbe/plugins/rcp-be-lol-game-data/global/zh_cn/v1/leaderboardconfiguration.json
https://raw.communitydragon.org/pbe/plugins/rcp-be-lol-game-data/global/zh_cn/v1/loot.json
https://raw.communitydragon.org/pbe/plugins/rcp-be-lol-game-data/global/zh_cn/v1/maps.json
https://raw.communitydragon.org/pbe/plugins/rcp-be-lol-game-data/global/zh_cn/v1/nachorewards.json
https://raw.communitydragon.org/pbe/plugins/rcp-be-lol-game-data/global/zh_cn/v1/objectives.json
https://raw.communitydragon.org/pbe/plugins/rcp-be-lol-game-data/global/zh_cn/v1/perks.json
https://raw.communitydragon.org/pbe/plugins/rcp-be-lol-game-data/global/zh_cn/v1/queues.json
https://raw.communitydragon.org/pbe/plugins/rcp-be-lol-game-data/global/zh_cn/v1/regalia.json
https://raw.communitydragon.org/pbe/plugins/rcp-be-lol-game-data/global/zh_cn/v1/skins.json
https://raw.communitydragon.org/pbe/plugins/rcp-be-lol-game-data/global/zh_cn/v1/stylesheet-teamplanner.json
https://raw.communitydragon.org/pbe/plugins/rcp-be-lol-game-data/global/zh_cn/v1/summoner-emotes.json
https://raw.communitydragon.org/pbe/plugins/rcp-be-lol-game-data/global/zh_cn/v1/summoner-spells.json
https://raw.communitydragon.org/pbe/plugins/rcp-be-lol-game-data/global/zh_cn/v1/tftchampions-teamplanner.json
https://raw.communitydragon.org/pbe/plugins/rcp-be-lol-game-data/global/zh_cn/v1/tftchampions.json
https://raw.communitydragon.org/pbe/plugins/rcp-be-lol-game-data/global/zh_cn/v1/tftcontentdata.json
https://raw.communitydragon.org/pbe/plugins/rcp-be-lol-game-data/global/zh_cn/v1/tftdamageskins.json
https://raw.communitydragon.org/pbe/plugins/rcp-be-lol-game-data/global/zh_cn/v1/tftitems.json
https://raw.communitydragon.org/pbe/plugins/rcp-be-lol-game-data/global/zh_cn/v1/tftregionportals.json
https://raw.communitydragon.org/pbe/plugins/rcp-be-lol-game-data/global/zh_cn/v1/tftrotationalshopitemdata.json
https://raw.communitydragon.org/pbe/plugins/rcp-be-lol-game-data/global/zh_cn/v1/tftsets.json
https://raw.communitydragon.org/pbe/plugins/rcp-be-lol-game-data/global/zh_cn/v1/tftskilltree.json
https://raw.communitydragon.org/pbe/plugins/rcp-be-lol-game-data/global/zh_cn/v1/tfttraits.json
https://raw.communitydragon.org/pbe/plugins/rcp-be-lol-game-data/global/zh_cn/v1/tfttrovesbannerrewards.json
https://raw.communitydragon.org/pbe/plugins/rcp-be-lol-game-data/global/zh_cn/v1/tfttrovesbanners.json
https://raw.communitydragon.org/pbe/plugins/rcp-be-lol-game-data/global/zh_cn/v1/tfttrovestablesnames.json
https://raw.communitydragon.org/pbe/plugins/rcp-be-lol-game-data/global/zh_cn/v1/tftzoomskins.json

已添加以下2个文件：
Added the following 2 file(s):
https://raw.communitydragon.org/latest/plugins/rcp-be-lol-game-data/global/default/v1/achievementtitles.json
https://raw.communitydragon.org/pbe/plugins/rcp-be-lol-game-data/global/default/v1/skinborders.json

请选择要更新的数据资源，输入空字符串以退出程序：
Please select the data resource to update, or submit an empty string to exit the program:
1	CommunityDragon
2	DataDragon

[The program has exited!]
