请选择要更新的数据资源，输入空字符串以退出程序：
Please select the data resource to update, or submit an empty string to exit the program:
1	CommunityDragon
2	DataDragon
[2025-08-23 17-17-28]1
请选择要更新的数据资源：
Please select the data resources to update:
☆1	主要文件（默认）【Major files (by default)】
2	自行指定（Specify manually）
[2025-08-23 17-17-29]
请选择更新模式：
Please select the update mode:
1	全局扫描（Global Scan）
☆2	按修改时间更新（默认）【Updating According to Modification Time (by default)】
[2025-08-23 17-17-29]
请选择一种方式指定修改时间：
Please select a method of specifying the modification time:
☆1	自动获取（默认）【Automatically get (by default)】
2	手动输入（Manually input）
[2025-08-23 17-17-29]
[2025-08-23 17-17-29][1/18]正在检查文件夹（Checking the folder）：https://raw.communitydragon.org/latest/
[2025-08-23 17-17-30]页面新文件列表如下：
New file list is as follows: 
             file                size        web_date         web_timestamp        local_date          local_timestamp   
 compat-version-metadata.json    72 B    2025-Aug-22 21:34    1755869640.0     2025-08-15 12-52-25    1755233545.036581  
    content-metadata.json        74 B    2025-Aug-22 21:34    1755869640.0     2025-08-15 12-52-25    1755233545.8692987 
[2025-08-23 17-17-30][1/18][1/2]正在校对文件（Checking file）： https://raw.communitydragon.org/latest/compat-version-metadata.json
[2025-08-23 17-17-30]已更新文件（Updated file）：离线数据（Offline Data）/cdragon/latest/compat-version-metadata.json
[2025-08-23 17-17-30][1/18][2/2]正在校对文件（Checking file）： https://raw.communitydragon.org/latest/content-metadata.json
[2025-08-23 17-17-31]已更新文件（Updated file）：离线数据（Offline Data）/cdragon/latest/content-metadata.json
[2025-08-23 17-17-31][2/18]正在检查文件夹（Checking the folder）：https://raw.communitydragon.org/latest/cdragon/arena/
[2025-08-23 17-17-32]页面新文件列表如下：
New file list is as follows: 
    file         size           web_date         web_timestamp        local_date          local_timestamp   
 en_us.json    223.5 KiB    2025-Aug-22 21:55    1755870900.0     2025-08-15 12-52-27    1755233547.6943328 
 zh_cn.json    226.6 KiB    2025-Aug-22 21:55    1755870900.0     2025-08-15 12-52-29    1755233549.9593062 
[2025-08-23 17-17-32][2/18][1/2]正在校对文件（Checking file）： https://raw.communitydragon.org/latest/cdragon/arena/en_us.json
[2025-08-23 17-17-32][2/18][2/2]正在校对文件（Checking file）： https://raw.communitydragon.org/latest/cdragon/arena/zh_cn.json
[2025-08-23 17-17-34][3/18]正在检查文件夹（Checking the folder）：https://raw.communitydragon.org/latest/cdragon/tft/
[2025-08-23 17-17-34]页面新文件列表如下：
New file list is as follows: 
    file         size          web_date         web_timestamp        local_date          local_timestamp   
 en_us.json    20.7 MiB    2025-Aug-22 21:54    1755870840.0     2025-08-15 12-52-34    1755233554.6034932 
 zh_cn.json    20.7 MiB    2025-Aug-22 21:54    1755870840.0     2025-08-15 12-52-38    1755233558.2444243 
[2025-08-23 17-17-34][3/18][1/2]正在校对文件（Checking file）： https://raw.communitydragon.org/latest/cdragon/tft/en_us.json
[2025-08-23 17-17-37]已更新文件（Updated file）：离线数据（Offline Data）/cdragon/latest/cdragon/tft/en_us.json
[2025-08-23 17-17-37][3/18][2/2]正在校对文件（Checking file）： https://raw.communitydragon.org/latest/cdragon/tft/zh_cn.json
[2025-08-23 17-17-39]已更新文件（Updated file）：离线数据（Offline Data）/cdragon/latest/cdragon/tft/zh_cn.json
[2025-08-23 17-17-39][4/18]正在检查文件夹（Checking the folder）：https://raw.communitydragon.org/latest/plugins/rcp-be-lol-game-data/global/default/v1/champions/
[2025-08-23 17-17-39]页面新文件列表如下：
New file list is as follows: 
   file        size          web_date         web_timestamp        local_date          local_timestamp   
 105.json    35.7 KiB    2025-Aug-22 21:53    1755870780.0     2025-08-15 12-52-40    1755233560.0499017 
 11.json     83.3 KiB    2025-Aug-22 21:53    1755870780.0     2025-08-15 12-52-41    1755233561.2190838 
 110.json    49.5 KiB    2025-Aug-22 21:53    1755870780.0     2025-08-15 12-52-41    1755233561.9041746 
 111.json    31.6 KiB    2025-Aug-22 21:53    1755870780.0     2025-08-15 12-52-42    1755233562.775808  
 114.json    65.7 KiB    2025-Aug-22 21:53    1755870780.0     2025-08-15 12-52-43    1755233563.6545317 
 115.json    33.9 KiB    2025-Aug-22 21:53    1755870780.0     2025-08-15 12-52-44    1755233564.2530193 
 117.json    40.0 KiB    2025-Aug-22 21:53    1755870780.0     2025-08-15 12-52-45    1755233565.189008  
 122.json    49.0 KiB    2025-Aug-22 21:53    1755870780.0     2025-08-15 12-52-46    1755233566.0753846 
 14.json     37.9 KiB    2025-Aug-22 21:53    1755870780.0     2025-08-15 12-52-46    1755233566.9306958 
 143.json    49.1 KiB    2025-Aug-22 21:53    1755870780.0     2025-08-15 12-52-47    1755233567.785475  
 150.json    32.7 KiB    2025-Aug-22 21:53    1755870780.0     2025-08-15 12-52-49    1755233569.2847786 
 154.json    26.9 KiB    2025-Aug-22 21:53    1755870780.0     2025-08-15 12-52-50    1755233570.1460624 
 18.json     49.0 KiB    2025-Aug-22 21:54    1755870840.0     2025-08-15 12-52-52    1755233572.0988674 
 236.json    50.0 KiB    2025-Aug-22 21:54    1755870840.0     2025-08-15 12-52-53    1755233573.0059206 
 24.json     37.5 KiB    2025-Aug-22 21:53    1755870780.0     2025-08-15 12-52-53    1755233573.855035  
 25.json     56.5 KiB    2025-Aug-22 21:53    1755870780.0     2025-08-15 12-52-54    1755233574.6705985 
 267.json    45.4 KiB    2025-Aug-22 21:53    1755870780.0     2025-08-15 12-52-55    1755233575.5462124 
 268.json    25.9 KiB    2025-Aug-22 21:53    1755870780.0     2025-08-15 12-52-56    1755233576.4348173 
 30.json     28.8 KiB    2025-Aug-22 21:53    1755870780.0     2025-08-15 12-52-57    1755233577.276841  
 35.json     49.7 KiB    2025-Aug-22 21:53    1755870780.0     2025-08-15 12-52-58    1755233578.1482992 
 42.json     34.6 KiB    2025-Aug-22 21:53    1755870780.0     2025-08-15 12-52-58    1755233578.7985318 
 421.json    27.6 KiB    2025-Aug-22 21:53    1755870780.0     2025-08-15 12-52-59    1755233579.9212048 
 432.json    34.7 KiB    2025-Aug-22 21:53    1755870780.0     2025-08-15 12-53-01    1755233581.1141455 
 48.json     26.6 KiB    2025-Aug-22 21:53    1755870780.0     2025-08-15 12-53-01    1755233581.9869678 
  5.json     36.0 KiB    2025-Aug-22 21:53    1755870780.0     2025-08-15 12-53-02    1755233582.9118378 
 51.json     46.4 KiB    2025-Aug-22 21:53    1755870780.0     2025-08-15 12-53-03    1755233583.8008344 
 53.json     47.5 KiB    2025-Aug-22 21:53    1755870780.0     2025-08-15 12-53-04    1755233584.7009664 
 56.json     31.6 KiB    2025-Aug-22 21:54    1755870840.0     2025-08-15 12-53-05    1755233585.5194712 
 63.json     39.4 KiB    2025-Aug-22 21:54    1755870840.0     2025-08-15 12-53-06    1755233586.373132  
 64.json     57.1 KiB    2025-Aug-22 21:53    1755870780.0     2025-08-15 12-53-07    1755233587.2008162 
 67.json     54.5 KiB    2025-Aug-22 21:53    1755870780.0     2025-08-15 12-53-07    1755233587.813767  
 68.json     27.6 KiB    2025-Aug-22 21:53    1755870780.0     2025-08-15 12-53-08    1755233588.6706495 
 69.json     32.5 KiB    2025-Aug-22 21:54    1755870840.0     2025-08-15 12-53-09    1755233589.5133438 
 75.json     43.9 KiB    2025-Aug-22 21:53    1755870780.0     2025-08-15 12-53-10    1755233590.3926444 
 80.json     39.4 KiB    2025-Aug-22 21:53    1755870780.0     2025-08-15 12-53-11    1755233591.2706814 
 86.json     39.2 KiB    2025-Aug-22 21:53    1755870780.0     2025-08-15 12-53-12    1755233592.1760638 
 876.json    31.9 KiB    2025-Aug-22 21:53    1755870780.0     2025-08-15 12-53-13    1755233593.034583  
 89.json     49.0 KiB    2025-Aug-22 21:54    1755870840.0     2025-08-15 12-53-13    1755233593.8800626 
[2025-08-23 17-17-39][4/18][1/38]正在校对文件（Checking file）： https://raw.communitydragon.org/latest/plugins/rcp-be-lol-game-data/global/default/v1/champions/105.json
[2025-08-23 17-17-40][4/18][2/38]正在校对文件（Checking file）： https://raw.communitydragon.org/latest/plugins/rcp-be-lol-game-data/global/default/v1/champions/11.json
[2025-08-23 17-17-41][4/18][3/38]正在校对文件（Checking file）： https://raw.communitydragon.org/latest/plugins/rcp-be-lol-game-data/global/default/v1/champions/110.json
[2025-08-23 17-17-42][4/18][4/38]正在校对文件（Checking file）： https://raw.communitydragon.org/latest/plugins/rcp-be-lol-game-data/global/default/v1/champions/111.json
[2025-08-23 17-17-42][4/18][5/38]正在校对文件（Checking file）： https://raw.communitydragon.org/latest/plugins/rcp-be-lol-game-data/global/default/v1/champions/114.json
[2025-08-23 17-17-43][4/18][6/38]正在校对文件（Checking file）： https://raw.communitydragon.org/latest/plugins/rcp-be-lol-game-data/global/default/v1/champions/115.json
[2025-08-23 17-17-44][4/18][7/38]正在校对文件（Checking file）： https://raw.communitydragon.org/latest/plugins/rcp-be-lol-game-data/global/default/v1/champions/117.json
[2025-08-23 17-17-45][4/18][8/38]正在校对文件（Checking file）： https://raw.communitydragon.org/latest/plugins/rcp-be-lol-game-data/global/default/v1/champions/122.json
[2025-08-23 17-17-45][4/18][9/38]正在校对文件（Checking file）： https://raw.communitydragon.org/latest/plugins/rcp-be-lol-game-data/global/default/v1/champions/14.json
[2025-08-23 17-17-46][4/18][10/38]正在校对文件（Checking file）： https://raw.communitydragon.org/latest/plugins/rcp-be-lol-game-data/global/default/v1/champions/143.json
[2025-08-23 17-17-47][4/18][11/38]正在校对文件（Checking file）： https://raw.communitydragon.org/latest/plugins/rcp-be-lol-game-data/global/default/v1/champions/150.json
[2025-08-23 17-17-47][4/18][12/38]正在校对文件（Checking file）： https://raw.communitydragon.org/latest/plugins/rcp-be-lol-game-data/global/default/v1/champions/154.json
[2025-08-23 17-17-48][4/18][13/38]正在校对文件（Checking file）： https://raw.communitydragon.org/latest/plugins/rcp-be-lol-game-data/global/default/v1/champions/18.json
[2025-08-23 17-17-49][4/18][14/38]正在校对文件（Checking file）： https://raw.communitydragon.org/latest/plugins/rcp-be-lol-game-data/global/default/v1/champions/236.json
[2025-08-23 17-17-50][4/18][15/38]正在校对文件（Checking file）： https://raw.communitydragon.org/latest/plugins/rcp-be-lol-game-data/global/default/v1/champions/24.json
[2025-08-23 17-17-51][4/18][16/38]正在校对文件（Checking file）： https://raw.communitydragon.org/latest/plugins/rcp-be-lol-game-data/global/default/v1/champions/25.json
[2025-08-23 17-17-51][4/18][17/38]正在校对文件（Checking file）： https://raw.communitydragon.org/latest/plugins/rcp-be-lol-game-data/global/default/v1/champions/267.json
[2025-08-23 17-17-52][4/18][18/38]正在校对文件（Checking file）： https://raw.communitydragon.org/latest/plugins/rcp-be-lol-game-data/global/default/v1/champions/268.json
[2025-08-23 17-17-53][4/18][19/38]正在校对文件（Checking file）： https://raw.communitydragon.org/latest/plugins/rcp-be-lol-game-data/global/default/v1/champions/30.json
[2025-08-23 17-17-54][4/18][20/38]正在校对文件（Checking file）： https://raw.communitydragon.org/latest/plugins/rcp-be-lol-game-data/global/default/v1/champions/35.json
[2025-08-23 17-17-54][4/18][21/38]正在校对文件（Checking file）： https://raw.communitydragon.org/latest/plugins/rcp-be-lol-game-data/global/default/v1/champions/42.json
[2025-08-23 17-17-55][4/18][22/38]正在校对文件（Checking file）： https://raw.communitydragon.org/latest/plugins/rcp-be-lol-game-data/global/default/v1/champions/421.json
[2025-08-23 17-17-55][4/18][23/38]正在校对文件（Checking file）： https://raw.communitydragon.org/latest/plugins/rcp-be-lol-game-data/global/default/v1/champions/432.json
[2025-08-23 17-17-56][4/18][24/38]正在校对文件（Checking file）： https://raw.communitydragon.org/latest/plugins/rcp-be-lol-game-data/global/default/v1/champions/48.json
[2025-08-23 17-17-57][4/18][25/38]正在校对文件（Checking file）： https://raw.communitydragon.org/latest/plugins/rcp-be-lol-game-data/global/default/v1/champions/5.json
[2025-08-23 17-17-58][4/18][26/38]正在校对文件（Checking file）： https://raw.communitydragon.org/latest/plugins/rcp-be-lol-game-data/global/default/v1/champions/51.json
[2025-08-23 17-17-59][4/18][27/38]正在校对文件（Checking file）： https://raw.communitydragon.org/latest/plugins/rcp-be-lol-game-data/global/default/v1/champions/53.json
[2025-08-23 17-17-59][4/18][28/38]正在校对文件（Checking file）： https://raw.communitydragon.org/latest/plugins/rcp-be-lol-game-data/global/default/v1/champions/56.json
[2025-08-23 17-18-00][4/18][29/38]正在校对文件（Checking file）： https://raw.communitydragon.org/latest/plugins/rcp-be-lol-game-data/global/default/v1/champions/63.json
[2025-08-23 17-18-01][4/18][30/38]正在校对文件（Checking file）： https://raw.communitydragon.org/latest/plugins/rcp-be-lol-game-data/global/default/v1/champions/64.json
[2025-08-23 17-18-02][4/18][31/38]正在校对文件（Checking file）： https://raw.communitydragon.org/latest/plugins/rcp-be-lol-game-data/global/default/v1/champions/67.json
[2025-08-23 17-18-03][4/18][32/38]正在校对文件（Checking file）： https://raw.communitydragon.org/latest/plugins/rcp-be-lol-game-data/global/default/v1/champions/68.json
[2025-08-23 17-18-04][4/18][33/38]正在校对文件（Checking file）： https://raw.communitydragon.org/latest/plugins/rcp-be-lol-game-data/global/default/v1/champions/69.json
[2025-08-23 17-18-04][4/18][34/38]正在校对文件（Checking file）： https://raw.communitydragon.org/latest/plugins/rcp-be-lol-game-data/global/default/v1/champions/75.json
[2025-08-23 17-18-05][4/18][35/38]正在校对文件（Checking file）： https://raw.communitydragon.org/latest/plugins/rcp-be-lol-game-data/global/default/v1/champions/80.json
[2025-08-23 17-18-06][4/18][36/38]正在校对文件（Checking file）： https://raw.communitydragon.org/latest/plugins/rcp-be-lol-game-data/global/default/v1/champions/86.json
[2025-08-23 17-18-06][4/18][37/38]正在校对文件（Checking file）： https://raw.communitydragon.org/latest/plugins/rcp-be-lol-game-data/global/default/v1/champions/876.json
[2025-08-23 17-18-07][4/18][38/38]正在校对文件（Checking file）： https://raw.communitydragon.org/latest/plugins/rcp-be-lol-game-data/global/default/v1/champions/89.json
[2025-08-23 17-18-08][5/18]正在检查文件夹（Checking the folder）：https://raw.communitydragon.org/latest/plugins/rcp-be-lol-game-data/global/default/v1/map-assets/
[2025-08-23 17-18-08]页面新文件列表如下：
New file list is as follows: 
      file            size           web_date         web_timestamp        local_date          local_timestamp  
 map-assets.json    145.8 KiB    2025-Aug-22 21:53    1755870780.0     2025-08-15 12-53-15    1755233595.941463 
[2025-08-23 17-18-08][5/18][1/1]正在校对文件（Checking file）： https://raw.communitydragon.org/latest/plugins/rcp-be-lol-game-data/global/default/v1/map-assets/map-assets.json
[2025-08-23 17-18-10][6/18]正在检查文件夹（Checking the folder）：https://raw.communitydragon.org/latest/plugins/rcp-be-lol-game-data/global/default/v1/
[2025-08-23 17-18-10]页面新文件列表如下：
New file list is as follows: 
                file                     size           web_date         web_timestamp        local_date          local_timestamp   
 champion-rune-recommendations.json    324.2 KiB    2025-Aug-22 21:53    1755870780.0     2025-08-15 12-53-19    1755233599.126273  
          companions.json              941.3 KiB    2025-Aug-22 21:53    1755870780.0     2025-08-15 12-53-20    1755233600.782602  
        generic-assets.json            211.9 KiB    2025-Aug-22 21:53    1755870780.0     2025-08-15 12-53-22    1755233602.2958262 
             items.json                481.6 KiB    2025-Aug-22 21:53    1755870780.0     2025-08-15 12-53-23    1755233603.225722  
         loleosrewards.json            11.5 KiB     2025-Aug-22 21:53    1755870780.0     2025-08-15 12-53-24    1755233604.3880055 
             loot.json                  2.9 MiB     2025-Aug-22 21:53    1755870780.0     2025-08-15 12-53-34    1755233614.3988388 
          objectives.json              85.1 KiB     2025-Aug-22 21:53    1755870780.0     2025-08-15 12-53-35    1755233615.3409379 
            rewards.json               901.3 KiB    2025-Aug-22 21:53    1755870780.0     2025-08-15 12-53-36    1755233616.956688  
             skins.json                 4.8 MiB     2025-Aug-22 21:53    1755870780.0     2025-08-15 12-53-37    1755233617.9883094 
        summoner-emotes.json           472.2 KiB    2025-Aug-22 21:53    1755870780.0     2025-08-15 12-53-39    1755233619.9084516 
        tftcontentdata.json            692.3 KiB    2025-Aug-22 21:53    1755870780.0     2025-08-15 12-53-41    1755233621.6767466 
        tftdamageskins.json            89.1 KiB     2025-Aug-22 21:53    1755870780.0     2025-08-15 12-53-43    1755233623.1255763 
       tfteventpvebuddy.json             92 B       2025-Aug-13 06:41    1755038460.0     1970-01-01 08-00-00           0.0         
        tfteventpvehub.json              90 B       2025-Aug-13 06:41    1755038460.0     1970-01-01 08-00-00           0.0         
           tftitems.json               192.9 KiB    2025-Aug-22 21:53    1755870780.0     2025-08-15 12-53-46    1755233626.1854522 
          tftmapskins.json             38.6 KiB     2025-Aug-22 21:54    1755870840.0     2025-08-15 12-53-47    1755233627.0849307 
       tftregionportals.json           18.2 KiB     2025-Aug-22 21:54    1755870840.0     2025-08-15 12-53-47    1755233627.9746919 
   tftrotationalshopitemdata.json       1.9 MiB     2025-Aug-22 21:53    1755870780.0     2025-08-15 12-53-49    1755233629.936428  
           tfttraits.json              453.8 KiB    2025-Aug-22 21:53    1755870780.0     2025-08-15 12-53-51    1755233631.9953372 
    tfttrovesbannerrewards.json        820.0 KiB    2025-Aug-22 21:53    1755870780.0     2025-08-15 12-53-53    1755233633.6278007 
       tfttrovesbanners.json           80.4 KiB     2025-Aug-22 21:53    1755870780.0     2025-08-15 12-53-54    1755233634.810818  
     tfttrovestablesnames.json         371.4 KiB    2025-Aug-22 21:53    1755870780.0     2025-08-15 12-53-57    1755233637.1616719 
         tftzoomskins.json              9.8 KiB     2025-Aug-22 21:53    1755870780.0     2025-08-15 12-53-58    1755233638.0479586 
[2025-08-23 17-18-10][6/18][1/23]正在校对文件（Checking file）： https://raw.communitydragon.org/latest/plugins/rcp-be-lol-game-data/global/default/v1/champion-rune-recommendations.json
[2025-08-23 17-18-12][6/18][2/23]正在校对文件（Checking file）： https://raw.communitydragon.org/latest/plugins/rcp-be-lol-game-data/global/default/v1/companions.json
[2025-08-23 17-18-13][6/18][3/23]正在校对文件（Checking file）： https://raw.communitydragon.org/latest/plugins/rcp-be-lol-game-data/global/default/v1/generic-assets.json
[2025-08-23 17-18-14][6/18][4/23]正在校对文件（Checking file）： https://raw.communitydragon.org/latest/plugins/rcp-be-lol-game-data/global/default/v1/items.json
[2025-08-23 17-18-15][6/18][5/23]正在校对文件（Checking file）： https://raw.communitydragon.org/latest/plugins/rcp-be-lol-game-data/global/default/v1/loleosrewards.json
[2025-08-23 17-18-15][6/18][6/23]正在校对文件（Checking file）： https://raw.communitydragon.org/latest/plugins/rcp-be-lol-game-data/global/default/v1/loot.json
[2025-08-23 17-18-17][6/18][7/23]正在校对文件（Checking file）： https://raw.communitydragon.org/latest/plugins/rcp-be-lol-game-data/global/default/v1/objectives.json
[2025-08-23 17-18-18][6/18][8/23]正在校对文件（Checking file）： https://raw.communitydragon.org/latest/plugins/rcp-be-lol-game-data/global/default/v1/rewards.json
[2025-08-23 17-18-19][6/18][9/23]正在校对文件（Checking file）： https://raw.communitydragon.org/latest/plugins/rcp-be-lol-game-data/global/default/v1/skins.json
[2025-08-23 17-18-21][6/18][10/23]正在校对文件（Checking file）： https://raw.communitydragon.org/latest/plugins/rcp-be-lol-game-data/global/default/v1/summoner-emotes.json
[2025-08-23 17-18-23][6/18][11/23]正在校对文件（Checking file）： https://raw.communitydragon.org/latest/plugins/rcp-be-lol-game-data/global/default/v1/tftcontentdata.json
[2025-08-23 17-18-25][6/18][12/23]正在校对文件（Checking file）： https://raw.communitydragon.org/latest/plugins/rcp-be-lol-game-data/global/default/v1/tftdamageskins.json
[2025-08-23 17-18-26][6/18][13/23]正在校对文件（Checking file）： https://raw.communitydragon.org/latest/plugins/rcp-be-lol-game-data/global/default/v1/tfteventpvebuddy.json
文件https://raw.communitydragon.org/latest/plugins/rcp-be-lol-game-data/global/default/v1/tfteventpvebuddy.json不存在！
File https://raw.communitydragon.org/latest/plugins/rcp-be-lol-game-data/global/default/v1/tfteventpvebuddy.json not found!
[2025-08-23 17-18-27][6/18][14/23]正在校对文件（Checking file）： https://raw.communitydragon.org/latest/plugins/rcp-be-lol-game-data/global/default/v1/tfteventpvehub.json
文件https://raw.communitydragon.org/latest/plugins/rcp-be-lol-game-data/global/default/v1/tfteventpvehub.json不存在！
File https://raw.communitydragon.org/latest/plugins/rcp-be-lol-game-data/global/default/v1/tfteventpvehub.json not found!
[2025-08-23 17-18-28][6/18][15/23]正在校对文件（Checking file）： https://raw.communitydragon.org/latest/plugins/rcp-be-lol-game-data/global/default/v1/tftitems.json
[2025-08-23 17-18-29][6/18][16/23]正在校对文件（Checking file）： https://raw.communitydragon.org/latest/plugins/rcp-be-lol-game-data/global/default/v1/tftmapskins.json
[2025-08-23 17-18-29][6/18][17/23]正在校对文件（Checking file）： https://raw.communitydragon.org/latest/plugins/rcp-be-lol-game-data/global/default/v1/tftregionportals.json
[2025-08-23 17-18-30][6/18][18/23]正在校对文件（Checking file）： https://raw.communitydragon.org/latest/plugins/rcp-be-lol-game-data/global/default/v1/tftrotationalshopitemdata.json
[2025-08-23 17-18-32][6/18][19/23]正在校对文件（Checking file）： https://raw.communitydragon.org/latest/plugins/rcp-be-lol-game-data/global/default/v1/tfttraits.json
[2025-08-23 17-18-33][6/18][20/23]正在校对文件（Checking file）： https://raw.communitydragon.org/latest/plugins/rcp-be-lol-game-data/global/default/v1/tfttrovesbannerrewards.json
[2025-08-23 17-18-34][6/18][21/23]正在校对文件（Checking file）： https://raw.communitydragon.org/latest/plugins/rcp-be-lol-game-data/global/default/v1/tfttrovesbanners.json
[2025-08-23 17-18-35][6/18][22/23]正在校对文件（Checking file）： https://raw.communitydragon.org/latest/plugins/rcp-be-lol-game-data/global/default/v1/tfttrovestablesnames.json
[2025-08-23 17-18-37][6/18][23/23]正在校对文件（Checking file）： https://raw.communitydragon.org/latest/plugins/rcp-be-lol-game-data/global/default/v1/tftzoomskins.json
[2025-08-23 17-18-38][7/18]正在检查文件夹（Checking the folder）：https://raw.communitydragon.org/latest/plugins/rcp-be-lol-game-data/global/zh_cn/v1/champions/
[2025-08-23 17-18-38]页面新文件列表如下：
New file list is as follows: 
   file        size          web_date         web_timestamp        local_date          local_timestamp   
 110.json    51.8 KiB    2025-Aug-22 21:54    1755870840.0     2025-08-15 12-53-59    1755233639.6582148 
 111.json    32.5 KiB    2025-Aug-22 21:54    1755870840.0     2025-08-15 12-54-00    1755233640.4888973 
 114.json    70.4 KiB    2025-Aug-22 21:54    1755870840.0     2025-08-15 12-54-01    1755233641.079167  
 115.json    36.0 KiB    2025-Aug-22 21:54    1755870840.0     2025-08-15 12-54-01    1755233641.9225178 
 117.json    42.0 KiB    2025-Aug-22 21:54    1755870840.0     2025-08-15 12-54-03    1755233643.0768363 
 14.json     38.9 KiB    2025-Aug-22 21:54    1755870840.0     2025-08-15 12-54-03    1755233643.9478116 
 143.json    51.2 KiB    2025-Aug-22 21:54    1755870840.0     2025-08-15 12-54-04    1755233644.837461  
 150.json    34.5 KiB    2025-Aug-22 21:54    1755870840.0     2025-08-15 12-54-05    1755233645.7255301 
 268.json    27.6 KiB    2025-Aug-22 21:54    1755870840.0     2025-08-15 12-54-06    1755233646.6133995 
 35.json     51.8 KiB    2025-Aug-22 21:54    1755870840.0     2025-08-15 12-54-07    1755233647.4673743 
  4.json     48.7 KiB    2025-Aug-22 21:54    1755870840.0     2025-08-15 12-54-08    1755233648.3618975 
 42.json     35.8 KiB    2025-Aug-22 21:54    1755870840.0     2025-08-15 12-54-09    1755233649.2114387 
 421.json    28.1 KiB    2025-Aug-22 21:54    1755870840.0     2025-08-15 12-54-10    1755233650.1296856 
 48.json     27.2 KiB    2025-Aug-22 21:54    1755870840.0     2025-08-15 12-54-11    1755233651.0206692 
  5.json     37.1 KiB    2025-Aug-22 21:54    1755870840.0     2025-08-15 12-54-12    1755233652.2093165 
 56.json     32.7 KiB    2025-Aug-22 21:54    1755870840.0     2025-08-15 12-54-13    1755233653.316927  
 63.json     41.4 KiB    2025-Aug-22 21:54    1755870840.0     2025-08-15 12-54-13    1755233653.9407082 
 67.json     57.9 KiB    2025-Aug-22 21:54    1755870840.0     2025-08-15 12-54-14    1755233654.7969065 
 68.json     28.2 KiB    2025-Aug-22 21:54    1755870840.0     2025-08-15 12-54-15    1755233655.4003441 
 80.json     41.2 KiB    2025-Aug-22 21:54    1755870840.0     2025-08-15 12-54-16    1755233656.2788107 
 876.json    32.4 KiB    2025-Aug-22 21:54    1755870840.0     2025-08-15 12-54-17    1755233657.1570768 
[2025-08-23 17-18-39][7/18][1/21]正在校对文件（Checking file）： https://raw.communitydragon.org/latest/plugins/rcp-be-lol-game-data/global/zh_cn/v1/champions/110.json
[2025-08-23 17-18-39][7/18][2/21]正在校对文件（Checking file）： https://raw.communitydragon.org/latest/plugins/rcp-be-lol-game-data/global/zh_cn/v1/champions/111.json
[2025-08-23 17-18-40][7/18][3/21]正在校对文件（Checking file）： https://raw.communitydragon.org/latest/plugins/rcp-be-lol-game-data/global/zh_cn/v1/champions/114.json
[2025-08-23 17-18-41][7/18][4/21]正在校对文件（Checking file）： https://raw.communitydragon.org/latest/plugins/rcp-be-lol-game-data/global/zh_cn/v1/champions/115.json
[2025-08-23 17-18-42][7/18][5/21]正在校对文件（Checking file）： https://raw.communitydragon.org/latest/plugins/rcp-be-lol-game-data/global/zh_cn/v1/champions/117.json
[2025-08-23 17-18-43][7/18][6/21]正在校对文件（Checking file）： https://raw.communitydragon.org/latest/plugins/rcp-be-lol-game-data/global/zh_cn/v1/champions/14.json
[2025-08-23 17-18-43][7/18][7/21]正在校对文件（Checking file）： https://raw.communitydragon.org/latest/plugins/rcp-be-lol-game-data/global/zh_cn/v1/champions/143.json
[2025-08-23 17-18-44][7/18][8/21]正在校对文件（Checking file）： https://raw.communitydragon.org/latest/plugins/rcp-be-lol-game-data/global/zh_cn/v1/champions/150.json
[2025-08-23 17-18-45][7/18][9/21]正在校对文件（Checking file）： https://raw.communitydragon.org/latest/plugins/rcp-be-lol-game-data/global/zh_cn/v1/champions/268.json
[2025-08-23 17-18-46][7/18][10/21]正在校对文件（Checking file）： https://raw.communitydragon.org/latest/plugins/rcp-be-lol-game-data/global/zh_cn/v1/champions/35.json
[2025-08-23 17-18-47][7/18][11/21]正在校对文件（Checking file）： https://raw.communitydragon.org/latest/plugins/rcp-be-lol-game-data/global/zh_cn/v1/champions/4.json
[2025-08-23 17-18-47][7/18][12/21]正在校对文件（Checking file）： https://raw.communitydragon.org/latest/plugins/rcp-be-lol-game-data/global/zh_cn/v1/champions/42.json
[2025-08-23 17-18-48][7/18][13/21]正在校对文件（Checking file）： https://raw.communitydragon.org/latest/plugins/rcp-be-lol-game-data/global/zh_cn/v1/champions/421.json
[2025-08-23 17-18-49][7/18][14/21]正在校对文件（Checking file）： https://raw.communitydragon.org/latest/plugins/rcp-be-lol-game-data/global/zh_cn/v1/champions/48.json
[2025-08-23 17-18-50][7/18][15/21]正在校对文件（Checking file）： https://raw.communitydragon.org/latest/plugins/rcp-be-lol-game-data/global/zh_cn/v1/champions/5.json
[2025-08-23 17-18-51][7/18][16/21]正在校对文件（Checking file）： https://raw.communitydragon.org/latest/plugins/rcp-be-lol-game-data/global/zh_cn/v1/champions/56.json
[2025-08-23 17-18-52][7/18][17/21]正在校对文件（Checking file）： https://raw.communitydragon.org/latest/plugins/rcp-be-lol-game-data/global/zh_cn/v1/champions/63.json
[2025-08-23 17-18-52][7/18][18/21]正在校对文件（Checking file）： https://raw.communitydragon.org/latest/plugins/rcp-be-lol-game-data/global/zh_cn/v1/champions/67.json
[2025-08-23 17-18-53][7/18][19/21]正在校对文件（Checking file）： https://raw.communitydragon.org/latest/plugins/rcp-be-lol-game-data/global/zh_cn/v1/champions/68.json
[2025-08-23 17-18-54][7/18][20/21]正在校对文件（Checking file）： https://raw.communitydragon.org/latest/plugins/rcp-be-lol-game-data/global/zh_cn/v1/champions/80.json
[2025-08-23 17-18-54][7/18][21/21]正在校对文件（Checking file）： https://raw.communitydragon.org/latest/plugins/rcp-be-lol-game-data/global/zh_cn/v1/champions/876.json
[2025-08-23 17-18-55][8/18]正在检查文件夹（Checking the folder）：https://raw.communitydragon.org/latest/plugins/rcp-be-lol-game-data/global/zh_cn/v1/map-assets/
[2025-08-23 17-18-56]页面新文件列表如下：
New file list is as follows: 
      file            size           web_date         web_timestamp        local_date          local_timestamp   
 map-assets.json    146.8 KiB    2025-Aug-22 21:54    1755870840.0     2025-08-15 12-54-19    1755233659.1492047 
[2025-08-23 17-18-56][8/18][1/1]正在校对文件（Checking file）： https://raw.communitydragon.org/latest/plugins/rcp-be-lol-game-data/global/zh_cn/v1/map-assets/map-assets.json
[2025-08-23 17-18-58][9/18]正在检查文件夹（Checking the folder）：https://raw.communitydragon.org/latest/plugins/rcp-be-lol-game-data/global/zh_cn/v1/
[2025-08-23 17-19-00]页面新文件列表如下：
New file list is as follows: 
              file                   size           web_date         web_timestamp        local_date          local_timestamp   
        companions.json            946.5 KiB    2025-Aug-22 21:54    1755870840.0     2025-08-15 12-54-23    1755233663.384097  
      generic-assets.json          211.9 KiB    2025-Aug-22 21:54    1755870840.0     2025-08-15 12-54-25    1755233665.519279  
           items.json              481.6 KiB    2025-Aug-22 21:54    1755870840.0     2025-08-15 12-54-27    1755233667.2148564 
       loleosrewards.json          11.7 KiB     2025-Aug-22 21:54    1755870840.0     2025-08-15 12-54-28    1755233668.058193  
           loot.json                3.0 MiB     2025-Aug-22 21:54    1755870840.0     2025-08-15 12-54-30    1755233670.1300116 
        objectives.json            85.2 KiB     2025-Aug-22 21:54    1755870840.0     2025-08-15 12-54-31    1755233671.0298693 
           skins.json               5.1 MiB     2025-Aug-22 21:54    1755870840.0     2025-08-15 12-54-33    1755233673.546416  
      summoner-emotes.json         480.4 KiB    2025-Aug-22 21:54    1755870840.0     2025-08-15 12-54-35    1755233675.2468235 
      tftcontentdata.json          692.3 KiB    2025-Aug-22 21:54    1755870840.0     2025-08-15 12-54-36    1755233676.9635758 
      tftdamageskins.json          90.2 KiB     2025-Aug-22 21:54    1755870840.0     2025-08-15 12-54-38    1755233678.057817  
     tfteventpvebuddy.json           90 B       2025-Aug-13 06:41    1755038460.0     1970-01-01 08-00-00           0.0         
      tfteventpvehub.json            88 B       2025-Aug-13 06:41    1755038460.0     1970-01-01 08-00-00           0.0         
         tftitems.json             192.7 KiB    2025-Aug-22 21:54    1755870840.0     2025-08-15 12-54-45    1755233685.5965757 
        tftmapskins.json           38.6 KiB     2025-Aug-22 21:54    1755870840.0     2025-08-15 12-54-46    1755233686.4069588 
     tftregionportals.json         18.3 KiB     2025-Aug-22 21:54    1755870840.0     2025-08-15 12-54-47    1755233687.625771  
 tftrotationalshopitemdata.json     1.9 MiB     2025-Aug-22 21:54    1755870840.0     2025-08-15 12-54-49    1755233689.6171207 
         tfttraits.json            463.8 KiB    2025-Aug-22 21:54    1755870840.0     2025-08-15 12-54-51    1755233691.037269  
  tfttrovesbannerrewards.json      823.5 KiB    2025-Aug-22 21:54    1755870840.0     2025-08-15 12-54-52    1755233692.7449358 
     tfttrovesbanners.json         80.4 KiB     2025-Aug-22 21:54    1755870840.0     2025-08-15 12-54-53    1755233693.6098537 
   tfttrovestablesnames.json       383.9 KiB    2025-Aug-22 21:54    1755870840.0     2025-08-15 12-54-55    1755233695.0666523 
       tftzoomskins.json            9.8 KiB     2025-Aug-22 21:54    1755870840.0     2025-08-15 12-54-55    1755233695.8817482 
[2025-08-23 17-19-00][9/18][1/21]正在校对文件（Checking file）： https://raw.communitydragon.org/latest/plugins/rcp-be-lol-game-data/global/zh_cn/v1/companions.json
[2025-08-23 17-19-02][9/18][2/21]正在校对文件（Checking file）： https://raw.communitydragon.org/latest/plugins/rcp-be-lol-game-data/global/zh_cn/v1/generic-assets.json
[2025-08-23 17-19-03][9/18][3/21]正在校对文件（Checking file）： https://raw.communitydragon.org/latest/plugins/rcp-be-lol-game-data/global/zh_cn/v1/items.json
[2025-08-23 17-19-05][9/18][4/21]正在校对文件（Checking file）： https://raw.communitydragon.org/latest/plugins/rcp-be-lol-game-data/global/zh_cn/v1/loleosrewards.json
[2025-08-23 17-19-06][9/18][5/21]正在校对文件（Checking file）： https://raw.communitydragon.org/latest/plugins/rcp-be-lol-game-data/global/zh_cn/v1/loot.json
[2025-08-23 17-19-08][9/18][6/21]正在校对文件（Checking file）： https://raw.communitydragon.org/latest/plugins/rcp-be-lol-game-data/global/zh_cn/v1/objectives.json
[2025-08-23 17-19-09][9/18][7/21]正在校对文件（Checking file）： https://raw.communitydragon.org/latest/plugins/rcp-be-lol-game-data/global/zh_cn/v1/skins.json
[2025-08-23 17-19-12][9/18][8/21]正在校对文件（Checking file）： https://raw.communitydragon.org/latest/plugins/rcp-be-lol-game-data/global/zh_cn/v1/summoner-emotes.json
[2025-08-23 17-19-13][9/18][9/21]正在校对文件（Checking file）： https://raw.communitydragon.org/latest/plugins/rcp-be-lol-game-data/global/zh_cn/v1/tftcontentdata.json
[2025-08-23 17-19-15][9/18][10/21]正在校对文件（Checking file）： https://raw.communitydragon.org/latest/plugins/rcp-be-lol-game-data/global/zh_cn/v1/tftdamageskins.json
[2025-08-23 17-19-16][9/18][11/21]正在校对文件（Checking file）： https://raw.communitydragon.org/latest/plugins/rcp-be-lol-game-data/global/zh_cn/v1/tfteventpvebuddy.json
文件https://raw.communitydragon.org/latest/plugins/rcp-be-lol-game-data/global/zh_cn/v1/tfteventpvebuddy.json不存在！
File https://raw.communitydragon.org/latest/plugins/rcp-be-lol-game-data/global/zh_cn/v1/tfteventpvebuddy.json not found!
[2025-08-23 17-19-16][9/18][12/21]正在校对文件（Checking file）： https://raw.communitydragon.org/latest/plugins/rcp-be-lol-game-data/global/zh_cn/v1/tfteventpvehub.json
文件https://raw.communitydragon.org/latest/plugins/rcp-be-lol-game-data/global/zh_cn/v1/tfteventpvehub.json不存在！
File https://raw.communitydragon.org/latest/plugins/rcp-be-lol-game-data/global/zh_cn/v1/tfteventpvehub.json not found!
[2025-08-23 17-19-17][9/18][13/21]正在校对文件（Checking file）： https://raw.communitydragon.org/latest/plugins/rcp-be-lol-game-data/global/zh_cn/v1/tftitems.json
[2025-08-23 17-19-18][9/18][14/21]正在校对文件（Checking file）： https://raw.communitydragon.org/latest/plugins/rcp-be-lol-game-data/global/zh_cn/v1/tftmapskins.json
[2025-08-23 17-19-19][9/18][15/21]正在校对文件（Checking file）： https://raw.communitydragon.org/latest/plugins/rcp-be-lol-game-data/global/zh_cn/v1/tftregionportals.json
[2025-08-23 17-19-20][9/18][16/21]正在校对文件（Checking file）： https://raw.communitydragon.org/latest/plugins/rcp-be-lol-game-data/global/zh_cn/v1/tftrotationalshopitemdata.json
[2025-08-23 17-19-22][9/18][17/21]正在校对文件（Checking file）： https://raw.communitydragon.org/latest/plugins/rcp-be-lol-game-data/global/zh_cn/v1/tfttraits.json
[2025-08-23 17-19-23][9/18][18/21]正在校对文件（Checking file）： https://raw.communitydragon.org/latest/plugins/rcp-be-lol-game-data/global/zh_cn/v1/tfttrovesbannerrewards.json
[2025-08-23 17-19-25][9/18][19/21]正在校对文件（Checking file）： https://raw.communitydragon.org/latest/plugins/rcp-be-lol-game-data/global/zh_cn/v1/tfttrovesbanners.json
[2025-08-23 17-19-26][9/18][20/21]正在校对文件（Checking file）： https://raw.communitydragon.org/latest/plugins/rcp-be-lol-game-data/global/zh_cn/v1/tfttrovestablesnames.json
[2025-08-23 17-19-27][9/18][21/21]正在校对文件（Checking file）： https://raw.communitydragon.org/latest/plugins/rcp-be-lol-game-data/global/zh_cn/v1/tftzoomskins.json
[2025-08-23 17-19-28][10/18]正在检查文件夹（Checking the folder）：https://raw.communitydragon.org/pbe/
[2025-08-23 17-19-28]页面新文件列表如下：
New file list is as follows: 
             file                size        web_date         web_timestamp        local_date          local_timestamp   
 compat-version-metadata.json    72 B    2025-Aug-22 23:58    1755878280.0     2025-08-22 17-15-50    1755854150.5608323 
    content-metadata.json        74 B    2025-Aug-22 23:58    1755878280.0     2025-08-22 17-15-51     1755854151.22047  
[2025-08-23 17-19-28][10/18][1/2]正在校对文件（Checking file）： https://raw.communitydragon.org/pbe/compat-version-metadata.json
[2025-08-23 17-19-29]已更新文件（Updated file）：离线数据（Offline Data）/cdragon/pbe/compat-version-metadata.json
[2025-08-23 17-19-29][10/18][2/2]正在校对文件（Checking file）： https://raw.communitydragon.org/pbe/content-metadata.json
[2025-08-23 17-19-30]已更新文件（Updated file）：离线数据（Offline Data）/cdragon/pbe/content-metadata.json
[2025-08-23 17-19-30][11/18]正在检查文件夹（Checking the folder）：https://raw.communitydragon.org/pbe/cdragon/arena/
[2025-08-23 17-19-31]页面新文件列表如下：
New file list is as follows: 
    file         size           web_date         web_timestamp        local_date          local_timestamp   
 en_us.json    204.2 KiB    2025-Aug-22 23:59    1755878340.0     2025-08-22 17-15-52    1755854152.7408378 
 zh_cn.json    207.5 KiB    2025-Aug-22 23:59    1755878340.0     2025-08-22 17-15-53    1755854153.9032226 
[2025-08-23 17-19-31][11/18][1/2]正在校对文件（Checking file）： https://raw.communitydragon.org/pbe/cdragon/arena/en_us.json
[2025-08-23 17-19-32][11/18][2/2]正在校对文件（Checking file）： https://raw.communitydragon.org/pbe/cdragon/arena/zh_cn.json
[2025-08-23 17-19-32][12/18]正在检查文件夹（Checking the folder）：https://raw.communitydragon.org/pbe/cdragon/tft/
[2025-08-23 17-19-33]页面新文件列表如下：
New file list is as follows: 
    file         size          web_date         web_timestamp        local_date          local_timestamp   
 en_us.json    11.5 MiB    2025-Aug-22 23:59    1755878340.0     2025-08-22 17-15-57    1755854157.598451  
 zh_cn.json    11.6 MiB    2025-Aug-22 23:59    1755878340.0     2025-08-22 17-16-00    1755854160.8085272 
[2025-08-23 17-19-33][12/18][1/2]正在校对文件（Checking file）： https://raw.communitydragon.org/pbe/cdragon/tft/en_us.json
[2025-08-23 17-19-36][12/18][2/2]正在校对文件（Checking file）： https://raw.communitydragon.org/pbe/cdragon/tft/zh_cn.json
[2025-08-23 17-19-39][13/18]正在检查文件夹（Checking the folder）：https://raw.communitydragon.org/pbe/plugins/rcp-be-lol-game-data/global/default/v1/champions/
[2025-08-23 17-19-40]页面新文件列表如下：
New file list is as follows: 
Empty DataFrame
Columns: [file, size, web_date, web_timestamp, local_date, local_timestamp]
Index: []
[2025-08-23 17-19-40][14/18]正在检查文件夹（Checking the folder）：https://raw.communitydragon.org/pbe/plugins/rcp-be-lol-game-data/global/default/v1/map-assets/
[2025-08-23 17-19-41]页面新文件列表如下：
New file list is as follows: 
Empty DataFrame
Columns: [file, size, web_date, web_timestamp, local_date, local_timestamp]
Index: []
[2025-08-23 17-19-41][15/18]正在检查文件夹（Checking the folder）：https://raw.communitydragon.org/pbe/plugins/rcp-be-lol-game-data/global/default/v1/
[2025-08-23 17-19-42]页面新文件列表如下：
New file list is as follows: 
Empty DataFrame
Columns: [file, size, web_date, web_timestamp, local_date, local_timestamp]
Index: []
[2025-08-23 17-19-42][16/18]正在检查文件夹（Checking the folder）：https://raw.communitydragon.org/pbe/plugins/rcp-be-lol-game-data/global/zh_cn/v1/champions/
[2025-08-23 17-19-43]页面新文件列表如下：
New file list is as follows: 
Empty DataFrame
Columns: [file, size, web_date, web_timestamp, local_date, local_timestamp]
Index: []
[2025-08-23 17-19-43][17/18]正在检查文件夹（Checking the folder）：https://raw.communitydragon.org/pbe/plugins/rcp-be-lol-game-data/global/zh_cn/v1/map-assets/
[2025-08-23 17-19-44]页面新文件列表如下：
New file list is as follows: 
Empty DataFrame
Columns: [file, size, web_date, web_timestamp, local_date, local_timestamp]
Index: []
[2025-08-23 17-19-44][18/18]正在检查文件夹（Checking the folder）：https://raw.communitydragon.org/pbe/plugins/rcp-be-lol-game-data/global/zh_cn/v1/
[2025-08-23 17-19-45]页面新文件列表如下：
New file list is as follows: 
Empty DataFrame
Columns: [file, size, web_date, web_timestamp, local_date, local_timestamp]
Index: []
已更新以下6个文件：
Updated the following 6 file(s):
https://raw.communitydragon.org/latest/compat-version-metadata.json
https://raw.communitydragon.org/latest/content-metadata.json
https://raw.communitydragon.org/latest/cdragon/tft/en_us.json
https://raw.communitydragon.org/latest/cdragon/tft/zh_cn.json
https://raw.communitydragon.org/pbe/compat-version-metadata.json
https://raw.communitydragon.org/pbe/content-metadata.json

请选择要更新的数据资源，输入空字符串以退出程序：
Please select the data resource to update, or submit an empty string to exit the program:
1	CommunityDragon
2	DataDragon
[2025-08-23 17-21-26]
[The program has exited!]
