请选择要更新的数据资源，输入空字符串以退出程序：
Please select the data resource to update, or submit an empty string to exit the program:
1	CommunityDragon
2	DataDragon
1
请选择要更新的数据资源：
Please select the data resources to update:
☆1	主要文件（默认）【Major files (by default)】
2	自行指定（Specify manually）
请选择更新模式：
Please select the update mode:
1	全局扫描（Global Scan）
☆2	按修改时间更新（默认）【Updating According to Modification Time (by default)】

请选择一种方式指定修改时间：
Please select a method of specifying the modification time:
☆1	自动获取（默认）【Automatically get (by default)】
2	手动输入（Manually input）

[2025-06-05 15-57-12][1/18]正在检查文件夹（Checking the folder）：https://raw.communitydragon.org/latest/
[2025-06-05 15-57-13]页面新文件列表如下：
New file list is as follows: 
Empty DataFrame
Columns: [file, size, web_date, web_timestamp, local_date, local_timestamp]
Index: []
[2025-06-05 15-57-13][2/18]正在检查文件夹（Checking the folder）：https://raw.communitydragon.org/latest/cdragon/arena/
[2025-06-05 15-57-14]页面新文件列表如下：
New file list is as follows: 
Empty DataFrame
Columns: [file, size, web_date, web_timestamp, local_date, local_timestamp]
Index: []
[2025-06-05 15-57-14][3/18]正在检查文件夹（Checking the folder）：https://raw.communitydragon.org/latest/cdragon/tft/
[2025-06-05 15-57-15]页面新文件列表如下：
New file list is as follows: 
Empty DataFrame
Columns: [file, size, web_date, web_timestamp, local_date, local_timestamp]
Index: []
[2025-06-05 15-57-15][4/18]正在检查文件夹（Checking the folder）：https://raw.communitydragon.org/latest/plugins/rcp-be-lol-game-data/global/default/v1/champions/
[2025-06-05 15-57-16]页面新文件列表如下：
New file list is as follows: 
Empty DataFrame
Columns: [file, size, web_date, web_timestamp, local_date, local_timestamp]
Index: []
[2025-06-05 15-57-16][5/18]正在检查文件夹（Checking the folder）：https://raw.communitydragon.org/latest/plugins/rcp-be-lol-game-data/global/default/v1/map-assets/
[2025-06-05 15-57-17]页面新文件列表如下：
New file list is as follows: 
Empty DataFrame
Columns: [file, size, web_date, web_timestamp, local_date, local_timestamp]
Index: []
[2025-06-05 15-57-17][6/18]正在检查文件夹（Checking the folder）：https://raw.communitydragon.org/latest/plugins/rcp-be-lol-game-data/global/default/v1/
[2025-06-05 15-57-19]页面新文件列表如下：
New file list is as follows: 
         file             size        web_date         web_timestamp        local_date         local_timestamp 
 tfteventpvebuddy.json    92 B    2025-Jun-04 18:44    1749033840.0     1970-01-01 08-00-00           0        
  tfteventpvehub.json     90 B    2025-Jun-04 18:44    1749033840.0     1970-01-01 08-00-00           0        
[2025-06-05 15-57-19][6/18][1/2]正在校对文件（Checking file）： https://raw.communitydragon.org/latest/plugins/rcp-be-lol-game-data/global/default/v1/tfteventpvebuddy.json
文件https://raw.communitydragon.org/latest/plugins/rcp-be-lol-game-data/global/default/v1/tfteventpvebuddy.json不存在！
File https://raw.communitydragon.org/latest/plugins/rcp-be-lol-game-data/global/default/v1/tfteventpvebuddy.json not found!
[2025-06-05 15-57-20][6/18][2/2]正在校对文件（Checking file）： https://raw.communitydragon.org/latest/plugins/rcp-be-lol-game-data/global/default/v1/tfteventpvehub.json
文件https://raw.communitydragon.org/latest/plugins/rcp-be-lol-game-data/global/default/v1/tfteventpvehub.json不存在！
File https://raw.communitydragon.org/latest/plugins/rcp-be-lol-game-data/global/default/v1/tfteventpvehub.json not found!
[2025-06-05 15-57-21][7/18]正在检查文件夹（Checking the folder）：https://raw.communitydragon.org/latest/plugins/rcp-be-lol-game-data/global/zh_cn/v1/champions/
[2025-06-05 15-57-22]页面新文件列表如下：
New file list is as follows: 
Empty DataFrame
Columns: [file, size, web_date, web_timestamp, local_date, local_timestamp]
Index: []
[2025-06-05 15-57-22][8/18]正在检查文件夹（Checking the folder）：https://raw.communitydragon.org/latest/plugins/rcp-be-lol-game-data/global/zh_cn/v1/map-assets/
[2025-06-05 15-57-22]页面新文件列表如下：
New file list is as follows: 
Empty DataFrame
Columns: [file, size, web_date, web_timestamp, local_date, local_timestamp]
Index: []
[2025-06-05 15-57-22][9/18]正在检查文件夹（Checking the folder）：https://raw.communitydragon.org/latest/plugins/rcp-be-lol-game-data/global/zh_cn/v1/
[2025-06-05 15-57-23]页面新文件列表如下：
New file list is as follows: 
         file             size        web_date         web_timestamp        local_date         local_timestamp 
 tfteventpvebuddy.json    90 B    2025-Jun-04 18:44    1749033840.0     1970-01-01 08-00-00           0        
  tfteventpvehub.json     88 B    2025-Jun-04 18:44    1749033840.0     1970-01-01 08-00-00           0        
[2025-06-05 15-57-23][9/18][1/2]正在校对文件（Checking file）： https://raw.communitydragon.org/latest/plugins/rcp-be-lol-game-data/global/zh_cn/v1/tfteventpvebuddy.json
文件https://raw.communitydragon.org/latest/plugins/rcp-be-lol-game-data/global/zh_cn/v1/tfteventpvebuddy.json不存在！
File https://raw.communitydragon.org/latest/plugins/rcp-be-lol-game-data/global/zh_cn/v1/tfteventpvebuddy.json not found!
[2025-06-05 15-57-24][9/18][2/2]正在校对文件（Checking file）： https://raw.communitydragon.org/latest/plugins/rcp-be-lol-game-data/global/zh_cn/v1/tfteventpvehub.json
文件https://raw.communitydragon.org/latest/plugins/rcp-be-lol-game-data/global/zh_cn/v1/tfteventpvehub.json不存在！
File https://raw.communitydragon.org/latest/plugins/rcp-be-lol-game-data/global/zh_cn/v1/tfteventpvehub.json not found!
[2025-06-05 15-57-26][10/18]正在检查文件夹（Checking the folder）：https://raw.communitydragon.org/pbe/
[2025-06-05 15-57-27]页面新文件列表如下：
New file list is as follows: 
             file                size        web_date         web_timestamp        local_date          local_timestamp   
 compat-version-metadata.json    59 B    2025-Jun-05 06:00    1749074400.0     2025-06-04 13-14-17    1749014057.6257722 
    content-metadata.json        61 B    2025-Jun-05 06:00    1749074400.0     2025-06-04 13-14-18    1749014058.6363814 
[2025-06-05 15-57-27][10/18][1/2]正在校对文件（Checking file）： https://raw.communitydragon.org/pbe/compat-version-metadata.json
[2025-06-05 15-57-29]已更新文件（Updated file）：离线数据（Offline Data）/cdragon/pbe/compat-version-metadata.json
[2025-06-05 15-57-29][10/18][2/2]正在校对文件（Checking file）： https://raw.communitydragon.org/pbe/content-metadata.json
[2025-06-05 15-57-29]已更新文件（Updated file）：离线数据（Offline Data）/cdragon/pbe/content-metadata.json
[2025-06-05 15-57-29][11/18]正在检查文件夹（Checking the folder）：https://raw.communitydragon.org/pbe/cdragon/arena/
[2025-06-05 15-57-31]页面新文件列表如下：
New file list is as follows: 
    file         size           web_date         web_timestamp        local_date          local_timestamp   
 en_us.json    221.7 KiB    2025-Jun-05 06:02    1749074520.0     2025-06-04 13-14-21    1749014061.0603702 
 zh_cn.json    224.9 KiB    2025-Jun-05 06:02    1749074520.0     2025-06-04 13-14-22    1749014062.8738818 
[2025-06-05 15-57-31][11/18][1/2]正在校对文件（Checking file）： https://raw.communitydragon.org/pbe/cdragon/arena/en_us.json
[2025-06-05 15-57-32][11/18][2/2]正在校对文件（Checking file）： https://raw.communitydragon.org/pbe/cdragon/arena/zh_cn.json
[2025-06-05 15-57-33][12/18]正在检查文件夹（Checking the folder）：https://raw.communitydragon.org/pbe/cdragon/tft/
[2025-06-05 15-57-34]页面新文件列表如下：
New file list is as follows: 
    file         size          web_date         web_timestamp        local_date          local_timestamp   
 en_us.json    18.2 MiB    2025-Jun-05 06:02    1749074520.0     2025-06-04 13-14-28    1749014068.5991123 
 zh_cn.json    18.2 MiB    2025-Jun-05 06:02    1749074520.0     2025-06-04 13-14-32    1749014072.1065323 
[2025-06-05 15-57-34][12/18][1/2]正在校对文件（Checking file）： https://raw.communitydragon.org/pbe/cdragon/tft/en_us.json
[2025-06-05 15-57-37]已更新文件（Updated file）：离线数据（Offline Data）/cdragon/pbe/cdragon/tft/en_us.json
[2025-06-05 15-57-37][12/18][2/2]正在校对文件（Checking file）： https://raw.communitydragon.org/pbe/cdragon/tft/zh_cn.json
[2025-06-05 15-57-40]已更新文件（Updated file）：离线数据（Offline Data）/cdragon/pbe/cdragon/tft/zh_cn.json
[2025-06-05 15-57-40][13/18]正在检查文件夹（Checking the folder）：https://raw.communitydragon.org/pbe/plugins/rcp-be-lol-game-data/global/default/v1/champions/
[2025-06-05 15-57-41]页面新文件列表如下：
New file list is as follows: 
   file        size          web_date         web_timestamp        local_date          local_timestamp   
 103.json    64.1 KiB    2025-Jun-05 06:02    1749074520.0     2025-06-02 12-44-50    1748839490.8925824 
  4.json     45.6 KiB    2025-Jun-05 06:02    1749074520.0     2025-05-17 17-05-33    1747472733.1438837 
 64.json     56.9 KiB    2025-Jun-05 06:02    1749074520.0     2025-06-04 13-14-41    1749014081.9031734 
  7.json     48.3 KiB    2025-Jun-05 06:02    1749074520.0     2025-05-17 17-06-12    1747472772.5785313 
 86.json     39.0 KiB    2025-Jun-05 06:02    1749074520.0     2025-05-20 09-43-30    1747705410.934288  
[2025-06-05 15-57-41][13/18][1/5]正在校对文件（Checking file）： https://raw.communitydragon.org/pbe/plugins/rcp-be-lol-game-data/global/default/v1/champions/103.json
[2025-06-05 15-57-44]已更新文件（Updated file）：离线数据（Offline Data）/cdragon/pbe/plugins/rcp-be-lol-game-data/global/default/v1/champions/103.json
[2025-06-05 15-57-44][13/18][2/5]正在校对文件（Checking file）： https://raw.communitydragon.org/pbe/plugins/rcp-be-lol-game-data/global/default/v1/champions/4.json
[2025-06-05 15-57-46]已更新文件（Updated file）：离线数据（Offline Data）/cdragon/pbe/plugins/rcp-be-lol-game-data/global/default/v1/champions/4.json
[2025-06-05 15-57-46][13/18][3/5]正在校对文件（Checking file）： https://raw.communitydragon.org/pbe/plugins/rcp-be-lol-game-data/global/default/v1/champions/64.json
[2025-06-05 15-57-47]已更新文件（Updated file）：离线数据（Offline Data）/cdragon/pbe/plugins/rcp-be-lol-game-data/global/default/v1/champions/64.json
[2025-06-05 15-57-47][13/18][4/5]正在校对文件（Checking file）： https://raw.communitydragon.org/pbe/plugins/rcp-be-lol-game-data/global/default/v1/champions/7.json
[2025-06-05 15-57-48]已更新文件（Updated file）：离线数据（Offline Data）/cdragon/pbe/plugins/rcp-be-lol-game-data/global/default/v1/champions/7.json
[2025-06-05 15-57-48][13/18][5/5]正在校对文件（Checking file）： https://raw.communitydragon.org/pbe/plugins/rcp-be-lol-game-data/global/default/v1/champions/86.json
[2025-06-05 15-57-49]已更新文件（Updated file）：离线数据（Offline Data）/cdragon/pbe/plugins/rcp-be-lol-game-data/global/default/v1/champions/86.json
[2025-06-05 15-57-49][14/18]正在检查文件夹（Checking the folder）：https://raw.communitydragon.org/pbe/plugins/rcp-be-lol-game-data/global/default/v1/map-assets/
[2025-06-05 15-57-50]页面新文件列表如下：
New file list is as follows: 
Empty DataFrame
Columns: [file, size, web_date, web_timestamp, local_date, local_timestamp]
Index: []
[2025-06-05 15-57-50][15/18]正在检查文件夹（Checking the folder）：https://raw.communitydragon.org/pbe/plugins/rcp-be-lol-game-data/global/default/v1/
[2025-06-05 15-57-51]页面新文件列表如下：
New file list is as follows: 
                file                     size           web_date         web_timestamp        local_date          local_timestamp   
 champion-rune-recommendations.json    325.9 KiB    2025-Jun-05 06:02    1749074520.0     2025-06-04 13-14-48    1749014088.4250054 
           event-hub.json              110.9 KiB    2025-Jun-05 06:02    1749074520.0     2025-06-04 05-32-07    1748986327.734035  
          objectives.json              71.4 KiB     2025-Jun-05 06:02    1749074520.0     2025-06-04 05-32-12    1748986332.5669606 
             perks.json                96.4 KiB     2025-Jun-05 06:02    1749074520.0     2025-06-04 13-14-55    1749014095.9036286 
            queues.json                76.6 KiB     2025-Jun-05 06:02    1749074520.0     2025-06-02 12-45-26    1748839526.7911043 
             skins.json                 4.7 MiB     2025-Jun-05 06:02    1749074520.0     2025-06-04 13-15-00    1749014100.2518537 
        tftcontentdata.json            681.1 KiB    2025-Jun-05 06:02    1749074520.0     2025-06-02 12-45-42    1748839542.2982984 
        tftdamageskins.json            86.7 KiB     2025-Jun-05 06:02    1749074520.0     2025-06-02 12-45-43    1748839543.4065585 
       tfteventpvebuddy.json              2 B       2025-Jun-05 05:24    1749072240.0     1970-01-01 08-00-00           0.0         
        tfteventpvehub.json               2 B       2025-Jun-05 05:24    1749072240.0     1970-01-01 08-00-00           0.0         
   tftrotationalshopitemdata.json       1.7 MiB     2025-Jun-05 06:02    1749074520.0     2025-06-04 13-15-06    1749014106.054112  
           tfttraits.json              325.3 KiB    2025-Jun-05 06:02    1749074520.0     2025-06-04 13-15-07    1749014107.9205332 
    tfttrovesbannerrewards.json        807.3 KiB    2025-Jun-05 06:02    1749074520.0     2025-06-02 12-45-52    1748839552.9079924 
[2025-06-05 15-57-51][15/18][1/13]正在校对文件（Checking file）： https://raw.communitydragon.org/pbe/plugins/rcp-be-lol-game-data/global/default/v1/champion-rune-recommendations.json
[2025-06-05 15-57-52]已更新文件（Updated file）：离线数据（Offline Data）/cdragon/pbe/plugins/rcp-be-lol-game-data/global/default/v1/champion-rune-recommendations.json
[2025-06-05 15-57-52][15/18][2/13]正在校对文件（Checking file）： https://raw.communitydragon.org/pbe/plugins/rcp-be-lol-game-data/global/default/v1/event-hub.json
[2025-06-05 15-57-54]已更新文件（Updated file）：离线数据（Offline Data）/cdragon/pbe/plugins/rcp-be-lol-game-data/global/default/v1/event-hub.json
[2025-06-05 15-57-54][15/18][3/13]正在校对文件（Checking file）： https://raw.communitydragon.org/pbe/plugins/rcp-be-lol-game-data/global/default/v1/objectives.json
[2025-06-05 15-57-56]已更新文件（Updated file）：离线数据（Offline Data）/cdragon/pbe/plugins/rcp-be-lol-game-data/global/default/v1/objectives.json
[2025-06-05 15-57-56][15/18][4/13]正在校对文件（Checking file）： https://raw.communitydragon.org/pbe/plugins/rcp-be-lol-game-data/global/default/v1/perks.json
[2025-06-05 15-57-57]已更新文件（Updated file）：离线数据（Offline Data）/cdragon/pbe/plugins/rcp-be-lol-game-data/global/default/v1/perks.json
[2025-06-05 15-57-57][15/18][5/13]正在校对文件（Checking file）： https://raw.communitydragon.org/pbe/plugins/rcp-be-lol-game-data/global/default/v1/queues.json
[2025-06-05 15-57-58]已更新文件（Updated file）：离线数据（Offline Data）/cdragon/pbe/plugins/rcp-be-lol-game-data/global/default/v1/queues.json
[2025-06-05 15-57-58][15/18][6/13]正在校对文件（Checking file）： https://raw.communitydragon.org/pbe/plugins/rcp-be-lol-game-data/global/default/v1/skins.json
[2025-06-05 15-58-00]已更新文件（Updated file）：离线数据（Offline Data）/cdragon/pbe/plugins/rcp-be-lol-game-data/global/default/v1/skins.json
[2025-06-05 15-58-00][15/18][7/13]正在校对文件（Checking file）： https://raw.communitydragon.org/pbe/plugins/rcp-be-lol-game-data/global/default/v1/tftcontentdata.json
[2025-06-05 15-58-02]已更新文件（Updated file）：离线数据（Offline Data）/cdragon/pbe/plugins/rcp-be-lol-game-data/global/default/v1/tftcontentdata.json
[2025-06-05 15-58-02][15/18][8/13]正在校对文件（Checking file）： https://raw.communitydragon.org/pbe/plugins/rcp-be-lol-game-data/global/default/v1/tftdamageskins.json
[2025-06-05 15-58-03]已更新文件（Updated file）：离线数据（Offline Data）/cdragon/pbe/plugins/rcp-be-lol-game-data/global/default/v1/tftdamageskins.json
[2025-06-05 15-58-03][15/18][9/13]正在校对文件（Checking file）： https://raw.communitydragon.org/pbe/plugins/rcp-be-lol-game-data/global/default/v1/tfteventpvebuddy.json
[2025-06-05 15-58-04]已添加文件（Added file）：离线数据（Offline Data）/cdragon/pbe/plugins/rcp-be-lol-game-data/global/default/v1/tfteventpvebuddy.json
[2025-06-05 15-58-04][15/18][10/13]正在校对文件（Checking file）： https://raw.communitydragon.org/pbe/plugins/rcp-be-lol-game-data/global/default/v1/tfteventpvehub.json
[2025-06-05 15-58-05]已添加文件（Added file）：离线数据（Offline Data）/cdragon/pbe/plugins/rcp-be-lol-game-data/global/default/v1/tfteventpvehub.json
[2025-06-05 15-58-05][15/18][11/13]正在校对文件（Checking file）： https://raw.communitydragon.org/pbe/plugins/rcp-be-lol-game-data/global/default/v1/tftrotationalshopitemdata.json
接收数据块长度不正确导致连接中断！正在尝试第1次重新获取数据！
Connection broken: InvalidChunkLength. Trying to recapture the data with url: https://raw.communitydragon.org/pbe/plugins/rcp-be-lol-game-data/global/default/v1/tftrotationalshopitemdata.json. Time(s) tried: 1
[2025-06-05 15-59-42]已更新文件（Updated file）：离线数据（Offline Data）/cdragon/pbe/plugins/rcp-be-lol-game-data/global/default/v1/tftrotationalshopitemdata.json
[2025-06-05 15-59-42][15/18][12/13]正在校对文件（Checking file）： https://raw.communitydragon.org/pbe/plugins/rcp-be-lol-game-data/global/default/v1/tfttraits.json
[2025-06-05 15-59-44]已更新文件（Updated file）：离线数据（Offline Data）/cdragon/pbe/plugins/rcp-be-lol-game-data/global/default/v1/tfttraits.json
[2025-06-05 15-59-44][15/18][13/13]正在校对文件（Checking file）： https://raw.communitydragon.org/pbe/plugins/rcp-be-lol-game-data/global/default/v1/tfttrovesbannerrewards.json
[2025-06-05 15-59-45]已更新文件（Updated file）：离线数据（Offline Data）/cdragon/pbe/plugins/rcp-be-lol-game-data/global/default/v1/tfttrovesbannerrewards.json
[2025-06-05 15-59-45][16/18]正在检查文件夹（Checking the folder）：https://raw.communitydragon.org/pbe/plugins/rcp-be-lol-game-data/global/zh_cn/v1/champions/
[2025-06-05 15-59-46]页面新文件列表如下：
New file list is as follows: 
   file        size          web_date         web_timestamp        local_date          local_timestamp   
 103.json    65.6 KiB    2025-Jun-05 06:02    1749074520.0     2025-06-02 12-46-00    1748839560.7549028 
  4.json     48.6 KiB    2025-Jun-05 06:02    1749074520.0     2025-05-17 17-08-45    1747472925.088432  
 64.json     60.1 KiB    2025-Jun-05 06:02    1749074520.0     2025-06-04 13-15-24    1749014124.5721047 
 67.json     57.6 KiB    2025-Jun-05 06:02    1749074520.0     2025-06-02 12-46-12    1748839572.3258593 
  7.json     50.6 KiB    2025-Jun-05 06:02    1749074520.0     2025-05-17 17-09-25    1747472965.6210928 
 86.json     41.3 KiB    2025-Jun-05 06:02    1749074520.0     2025-05-20 09-43-44    1747705424.3382082 
[2025-06-05 15-59-46][16/18][1/6]正在校对文件（Checking file）： https://raw.communitydragon.org/pbe/plugins/rcp-be-lol-game-data/global/zh_cn/v1/champions/103.json
[2025-06-05 15-59-47]已更新文件（Updated file）：离线数据（Offline Data）/cdragon/pbe/plugins/rcp-be-lol-game-data/global/zh_cn/v1/champions/103.json
[2025-06-05 15-59-47][16/18][2/6]正在校对文件（Checking file）： https://raw.communitydragon.org/pbe/plugins/rcp-be-lol-game-data/global/zh_cn/v1/champions/4.json
[2025-06-05 15-59-48]已更新文件（Updated file）：离线数据（Offline Data）/cdragon/pbe/plugins/rcp-be-lol-game-data/global/zh_cn/v1/champions/4.json
[2025-06-05 15-59-48][16/18][3/6]正在校对文件（Checking file）： https://raw.communitydragon.org/pbe/plugins/rcp-be-lol-game-data/global/zh_cn/v1/champions/64.json
[2025-06-05 15-59-49]已更新文件（Updated file）：离线数据（Offline Data）/cdragon/pbe/plugins/rcp-be-lol-game-data/global/zh_cn/v1/champions/64.json
[2025-06-05 15-59-49][16/18][4/6]正在校对文件（Checking file）： https://raw.communitydragon.org/pbe/plugins/rcp-be-lol-game-data/global/zh_cn/v1/champions/67.json
[2025-06-05 15-59-53]已更新文件（Updated file）：离线数据（Offline Data）/cdragon/pbe/plugins/rcp-be-lol-game-data/global/zh_cn/v1/champions/67.json
[2025-06-05 15-59-53][16/18][5/6]正在校对文件（Checking file）： https://raw.communitydragon.org/pbe/plugins/rcp-be-lol-game-data/global/zh_cn/v1/champions/7.json
[2025-06-05 15-59-54]已更新文件（Updated file）：离线数据（Offline Data）/cdragon/pbe/plugins/rcp-be-lol-game-data/global/zh_cn/v1/champions/7.json
[2025-06-05 15-59-54][16/18][6/6]正在校对文件（Checking file）： https://raw.communitydragon.org/pbe/plugins/rcp-be-lol-game-data/global/zh_cn/v1/champions/86.json
[2025-06-05 15-59-55]已更新文件（Updated file）：离线数据（Offline Data）/cdragon/pbe/plugins/rcp-be-lol-game-data/global/zh_cn/v1/champions/86.json
[2025-06-05 15-59-55][17/18]正在检查文件夹（Checking the folder）：https://raw.communitydragon.org/pbe/plugins/rcp-be-lol-game-data/global/zh_cn/v1/map-assets/
[2025-06-05 15-59-57]页面新文件列表如下：
New file list is as follows: 
Empty DataFrame
Columns: [file, size, web_date, web_timestamp, local_date, local_timestamp]
Index: []
[2025-06-05 15-59-57][18/18]正在检查文件夹（Checking the folder）：https://raw.communitydragon.org/pbe/plugins/rcp-be-lol-game-data/global/zh_cn/v1/
[2025-06-05 15-59-57]页面新文件列表如下：
New file list is as follows: 
              file                   size           web_date         web_timestamp        local_date          local_timestamp   
         event-hub.json            110.6 KiB    2025-Jun-05 06:02    1749074520.0     2025-06-04 05-32-26    1748986346.1664727 
        objectives.json            71.4 KiB     2025-Jun-05 06:02    1749074520.0     2025-06-04 13-15-42    1749014142.2279198 
           perks.json              98.8 KiB     2025-Jun-05 06:02    1749074520.0     2025-06-04 13-15-43    1749014143.5388777 
          queues.json              79.9 KiB     2025-Jun-05 06:02    1749074520.0     2025-06-04 13-15-44    1749014144.945336  
           skins.json               5.0 MiB     2025-Jun-05 06:02    1749074520.0     2025-06-04 13-15-48    1749014148.3953133 
      tftcontentdata.json          681.1 KiB    2025-Jun-05 06:02    1749074520.0     2025-06-02 12-46-45    1748839605.7539778 
      tftdamageskins.json          87.8 KiB     2025-Jun-05 06:02    1749074520.0     2025-06-02 12-46-47    1748839607.3573017 
     tfteventpvebuddy.json            2 B       2025-Jun-05 05:24    1749072240.0     1970-01-01 08-00-00           0.0         
      tfteventpvehub.json             2 B       2025-Jun-05 05:24    1749072240.0     1970-01-01 08-00-00           0.0         
 tftrotationalshopitemdata.json     1.7 MiB     2025-Jun-05 06:02    1749074520.0     2025-06-04 13-15-53    1749014153.211373  
         tfttraits.json            332.7 KiB    2025-Jun-05 06:02    1749074520.0     2025-06-04 13-15-56    1749014156.930187  
  tfttrovesbannerrewards.json      810.7 KiB    2025-Jun-05 06:02    1749074520.0     2025-06-02 12-46-58    1748839618.8875809 
[2025-06-05 15-59-57][18/18][1/12]正在校对文件（Checking file）： https://raw.communitydragon.org/pbe/plugins/rcp-be-lol-game-data/global/zh_cn/v1/event-hub.json
[2025-06-05 15-59-59]已更新文件（Updated file）：离线数据（Offline Data）/cdragon/pbe/plugins/rcp-be-lol-game-data/global/zh_cn/v1/event-hub.json
[2025-06-05 15-59-59][18/18][2/12]正在校对文件（Checking file）： https://raw.communitydragon.org/pbe/plugins/rcp-be-lol-game-data/global/zh_cn/v1/objectives.json
[2025-06-05 16-00-00]已更新文件（Updated file）：离线数据（Offline Data）/cdragon/pbe/plugins/rcp-be-lol-game-data/global/zh_cn/v1/objectives.json
[2025-06-05 16-00-00][18/18][3/12]正在校对文件（Checking file）： https://raw.communitydragon.org/pbe/plugins/rcp-be-lol-game-data/global/zh_cn/v1/perks.json
[2025-06-05 16-00-01]已更新文件（Updated file）：离线数据（Offline Data）/cdragon/pbe/plugins/rcp-be-lol-game-data/global/zh_cn/v1/perks.json
[2025-06-05 16-00-01][18/18][4/12]正在校对文件（Checking file）： https://raw.communitydragon.org/pbe/plugins/rcp-be-lol-game-data/global/zh_cn/v1/queues.json
[2025-06-05 16-00-02]已更新文件（Updated file）：离线数据（Offline Data）/cdragon/pbe/plugins/rcp-be-lol-game-data/global/zh_cn/v1/queues.json
[2025-06-05 16-00-02][18/18][5/12]正在校对文件（Checking file）： https://raw.communitydragon.org/pbe/plugins/rcp-be-lol-game-data/global/zh_cn/v1/skins.json
[2025-06-05 16-00-05]已更新文件（Updated file）：离线数据（Offline Data）/cdragon/pbe/plugins/rcp-be-lol-game-data/global/zh_cn/v1/skins.json
[2025-06-05 16-00-05][18/18][6/12]正在校对文件（Checking file）： https://raw.communitydragon.org/pbe/plugins/rcp-be-lol-game-data/global/zh_cn/v1/tftcontentdata.json
[2025-06-05 16-00-06]已更新文件（Updated file）：离线数据（Offline Data）/cdragon/pbe/plugins/rcp-be-lol-game-data/global/zh_cn/v1/tftcontentdata.json
[2025-06-05 16-00-06][18/18][7/12]正在校对文件（Checking file）： https://raw.communitydragon.org/pbe/plugins/rcp-be-lol-game-data/global/zh_cn/v1/tftdamageskins.json
[2025-06-05 16-00-07]已更新文件（Updated file）：离线数据（Offline Data）/cdragon/pbe/plugins/rcp-be-lol-game-data/global/zh_cn/v1/tftdamageskins.json
[2025-06-05 16-00-07][18/18][8/12]正在校对文件（Checking file）： https://raw.communitydragon.org/pbe/plugins/rcp-be-lol-game-data/global/zh_cn/v1/tfteventpvebuddy.json
[2025-06-05 16-00-08]已添加文件（Added file）：离线数据（Offline Data）/cdragon/pbe/plugins/rcp-be-lol-game-data/global/zh_cn/v1/tfteventpvebuddy.json
[2025-06-05 16-00-08][18/18][9/12]正在校对文件（Checking file）： https://raw.communitydragon.org/pbe/plugins/rcp-be-lol-game-data/global/zh_cn/v1/tfteventpvehub.json
[2025-06-05 16-00-09]已添加文件（Added file）：离线数据（Offline Data）/cdragon/pbe/plugins/rcp-be-lol-game-data/global/zh_cn/v1/tfteventpvehub.json
[2025-06-05 16-00-09][18/18][10/12]正在校对文件（Checking file）： https://raw.communitydragon.org/pbe/plugins/rcp-be-lol-game-data/global/zh_cn/v1/tftrotationalshopitemdata.json
[2025-06-05 16-00-11]已更新文件（Updated file）：离线数据（Offline Data）/cdragon/pbe/plugins/rcp-be-lol-game-data/global/zh_cn/v1/tftrotationalshopitemdata.json
[2025-06-05 16-00-11][18/18][11/12]正在校对文件（Checking file）： https://raw.communitydragon.org/pbe/plugins/rcp-be-lol-game-data/global/zh_cn/v1/tfttraits.json
[2025-06-05 16-00-13]已更新文件（Updated file）：离线数据（Offline Data）/cdragon/pbe/plugins/rcp-be-lol-game-data/global/zh_cn/v1/tfttraits.json
[2025-06-05 16-00-13][18/18][12/12]正在校对文件（Checking file）： https://raw.communitydragon.org/pbe/plugins/rcp-be-lol-game-data/global/zh_cn/v1/tfttrovesbannerrewards.json
[2025-06-05 16-00-14]已更新文件（Updated file）：离线数据（Offline Data）/cdragon/pbe/plugins/rcp-be-lol-game-data/global/zh_cn/v1/tfttrovesbannerrewards.json
已更新以下36个文件：
Updated the following 36 file(s):
https://raw.communitydragon.org/pbe/compat-version-metadata.json
https://raw.communitydragon.org/pbe/content-metadata.json
https://raw.communitydragon.org/pbe/cdragon/tft/en_us.json
https://raw.communitydragon.org/pbe/cdragon/tft/zh_cn.json
https://raw.communitydragon.org/pbe/plugins/rcp-be-lol-game-data/global/default/v1/champions/103.json
https://raw.communitydragon.org/pbe/plugins/rcp-be-lol-game-data/global/default/v1/champions/4.json
https://raw.communitydragon.org/pbe/plugins/rcp-be-lol-game-data/global/default/v1/champions/64.json
https://raw.communitydragon.org/pbe/plugins/rcp-be-lol-game-data/global/default/v1/champions/7.json
https://raw.communitydragon.org/pbe/plugins/rcp-be-lol-game-data/global/default/v1/champions/86.json
https://raw.communitydragon.org/pbe/plugins/rcp-be-lol-game-data/global/default/v1/champion-rune-recommendations.json
https://raw.communitydragon.org/pbe/plugins/rcp-be-lol-game-data/global/default/v1/event-hub.json
https://raw.communitydragon.org/pbe/plugins/rcp-be-lol-game-data/global/default/v1/objectives.json
https://raw.communitydragon.org/pbe/plugins/rcp-be-lol-game-data/global/default/v1/perks.json
https://raw.communitydragon.org/pbe/plugins/rcp-be-lol-game-data/global/default/v1/queues.json
https://raw.communitydragon.org/pbe/plugins/rcp-be-lol-game-data/global/default/v1/skins.json
https://raw.communitydragon.org/pbe/plugins/rcp-be-lol-game-data/global/default/v1/tftcontentdata.json
https://raw.communitydragon.org/pbe/plugins/rcp-be-lol-game-data/global/default/v1/tftdamageskins.json
https://raw.communitydragon.org/pbe/plugins/rcp-be-lol-game-data/global/default/v1/tftrotationalshopitemdata.json
https://raw.communitydragon.org/pbe/plugins/rcp-be-lol-game-data/global/default/v1/tfttraits.json
https://raw.communitydragon.org/pbe/plugins/rcp-be-lol-game-data/global/default/v1/tfttrovesbannerrewards.json
https://raw.communitydragon.org/pbe/plugins/rcp-be-lol-game-data/global/zh_cn/v1/champions/103.json
https://raw.communitydragon.org/pbe/plugins/rcp-be-lol-game-data/global/zh_cn/v1/champions/4.json
https://raw.communitydragon.org/pbe/plugins/rcp-be-lol-game-data/global/zh_cn/v1/champions/64.json
https://raw.communitydragon.org/pbe/plugins/rcp-be-lol-game-data/global/zh_cn/v1/champions/67.json
https://raw.communitydragon.org/pbe/plugins/rcp-be-lol-game-data/global/zh_cn/v1/champions/7.json
https://raw.communitydragon.org/pbe/plugins/rcp-be-lol-game-data/global/zh_cn/v1/champions/86.json
https://raw.communitydragon.org/pbe/plugins/rcp-be-lol-game-data/global/zh_cn/v1/event-hub.json
https://raw.communitydragon.org/pbe/plugins/rcp-be-lol-game-data/global/zh_cn/v1/objectives.json
https://raw.communitydragon.org/pbe/plugins/rcp-be-lol-game-data/global/zh_cn/v1/perks.json
https://raw.communitydragon.org/pbe/plugins/rcp-be-lol-game-data/global/zh_cn/v1/queues.json
https://raw.communitydragon.org/pbe/plugins/rcp-be-lol-game-data/global/zh_cn/v1/skins.json
https://raw.communitydragon.org/pbe/plugins/rcp-be-lol-game-data/global/zh_cn/v1/tftcontentdata.json
https://raw.communitydragon.org/pbe/plugins/rcp-be-lol-game-data/global/zh_cn/v1/tftdamageskins.json
https://raw.communitydragon.org/pbe/plugins/rcp-be-lol-game-data/global/zh_cn/v1/tftrotationalshopitemdata.json
https://raw.communitydragon.org/pbe/plugins/rcp-be-lol-game-data/global/zh_cn/v1/tfttraits.json
https://raw.communitydragon.org/pbe/plugins/rcp-be-lol-game-data/global/zh_cn/v1/tfttrovesbannerrewards.json

已添加以下4个文件：
Added the following 4 file(s):
https://raw.communitydragon.org/pbe/plugins/rcp-be-lol-game-data/global/default/v1/tfteventpvebuddy.json
https://raw.communitydragon.org/pbe/plugins/rcp-be-lol-game-data/global/default/v1/tfteventpvehub.json
https://raw.communitydragon.org/pbe/plugins/rcp-be-lol-game-data/global/zh_cn/v1/tfteventpvebuddy.json
https://raw.communitydragon.org/pbe/plugins/rcp-be-lol-game-data/global/zh_cn/v1/tfteventpvehub.json

请选择要更新的数据资源，输入空字符串以退出程序：
Please select the data resource to update, or submit an empty string to exit the program:
1	CommunityDragon
2	DataDragon

[The program has exited!]
