请选择要更新的数据资源，输入空字符串以退出程序：
Please select the data resource to update, or submit an empty string to exit the program:
1	CommunityDragon
2	DataDragon
1
请选择更新模式：
Please select the update mode:
1	全局扫描（Global Scanning）
2	按修改时间更新（Updating According to Modification Time）
3	更新指定文件夹（Updating Specified Folders）

请选择一种方式指定修改时间：
Please select a method of specifying the modification time:
1	自动获取（Automatically get）
2	手动输入（Manually input）

[2025-02-15 11-36-51][1/18]正在检查文件夹（Checking the folder）：https://raw.communitydragon.org/latest/
[2025-02-15 11-36-52]页面新文件列表如下：
New file list is as follows:
网页链接（URL)： https://raw.communitydragon.org/latest/
Empty DataFrame
Columns: [file, size, web_date, web_timestamp, local_date, local_timestamp]
Index: []
[2025-02-15 11-36-52][2/18]正在检查文件夹（Checking the folder）：https://raw.communitydragon.org/latest/cdragon/arena/
[2025-02-15 11-36-53]页面新文件列表如下：
New file list is as follows:
网页链接（URL)： https://raw.communitydragon.org/latest/cdragon/arena/
Empty DataFrame
Columns: [file, size, web_date, web_timestamp, local_date, local_timestamp]
Index: []
[2025-02-15 11-36-53][3/18]正在检查文件夹（Checking the folder）：https://raw.communitydragon.org/latest/cdragon/tft/
[2025-02-15 11-36-53]页面新文件列表如下：
New file list is as follows:
网页链接（URL)： https://raw.communitydragon.org/latest/cdragon/tft/
Empty DataFrame
Columns: [file, size, web_date, web_timestamp, local_date, local_timestamp]
Index: []
[2025-02-15 11-36-53][4/18]正在检查文件夹（Checking the folder）：https://raw.communitydragon.org/latest/plugins/rcp-be-lol-game-data/global/default/v1/champions/
[2025-02-15 11-36-54]页面新文件列表如下：
New file list is as follows:
网页链接（URL)： https://raw.communitydragon.org/latest/plugins/rcp-be-lol-game-data/global/default/v1/champions/
Empty DataFrame
Columns: [file, size, web_date, web_timestamp, local_date, local_timestamp]
Index: []
[2025-02-15 11-36-54][5/18]正在检查文件夹（Checking the folder）：https://raw.communitydragon.org/latest/plugins/rcp-be-lol-game-data/global/default/v1/map-assets/
[2025-02-15 11-36-55]页面新文件列表如下：
New file list is as follows:
网页链接（URL)： https://raw.communitydragon.org/latest/plugins/rcp-be-lol-game-data/global/default/v1/map-assets/
Empty DataFrame
Columns: [file, size, web_date, web_timestamp, local_date, local_timestamp]
Index: []
[2025-02-15 11-36-55][6/18]正在检查文件夹（Checking the folder）：https://raw.communitydragon.org/latest/plugins/rcp-be-lol-game-data/global/default/v1/
[2025-02-15 11-36-56]页面新文件列表如下：
New file list is as follows:
网页链接（URL)： https://raw.communitydragon.org/latest/plugins/rcp-be-lol-game-data/global/default/v1/
Empty DataFrame
Columns: [file, size, web_date, web_timestamp, local_date, local_timestamp]
Index: []
[2025-02-15 11-36-56][7/18]正在检查文件夹（Checking the folder）：https://raw.communitydragon.org/latest/plugins/rcp-be-lol-game-data/global/zh_cn/v1/champions/
[2025-02-15 11-36-57]页面新文件列表如下：
New file list is as follows:
网页链接（URL)： https://raw.communitydragon.org/latest/plugins/rcp-be-lol-game-data/global/zh_cn/v1/champions/
Empty DataFrame
Columns: [file, size, web_date, web_timestamp, local_date, local_timestamp]
Index: []
[2025-02-15 11-36-57][8/18]正在检查文件夹（Checking the folder）：https://raw.communitydragon.org/latest/plugins/rcp-be-lol-game-data/global/zh_cn/v1/map-assets/
[2025-02-15 11-36-58]页面新文件列表如下：
New file list is as follows:
网页链接（URL)： https://raw.communitydragon.org/latest/plugins/rcp-be-lol-game-data/global/zh_cn/v1/map-assets/
Empty DataFrame
Columns: [file, size, web_date, web_timestamp, local_date, local_timestamp]
Index: []
[2025-02-15 11-36-58][9/18]正在检查文件夹（Checking the folder）：https://raw.communitydragon.org/latest/plugins/rcp-be-lol-game-data/global/zh_cn/v1/
[2025-02-15 11-36-59]页面新文件列表如下：
New file list is as follows:
网页链接（URL)： https://raw.communitydragon.org/latest/plugins/rcp-be-lol-game-data/global/zh_cn/v1/
Empty DataFrame
Columns: [file, size, web_date, web_timestamp, local_date, local_timestamp]
Index: []
[2025-02-15 11-36-59][10/18]正在检查文件夹（Checking the folder）：https://raw.communitydragon.org/pbe/
[2025-02-15 11-37-00]页面新文件列表如下：
New file list is as follows:
网页链接（URL)： https://raw.communitydragon.org/pbe/
             file                size        web_date         web_timestamp        local_date          local_timestamp   
 compat-version-metadata.json    70 B    2025-Feb-14 21:45    1739540700.0     2025-02-14 10-39-20    1739500760.4026513 
    content-metadata.json        72 B    2025-Feb-14 21:45    1739540700.0     2025-02-14 10-39-21    1739500761.268695  
[2025-02-15 11-37-00][10/18][1/2]正在校对文件（Checking file）： https://raw.communitydragon.org/pbe/compat-version-metadata.json
[2025-02-15 11-37-01]已更新文件（Updated file）：离线数据（Offline Data）/cdragon/pbe/compat-version-metadata.json
[2025-02-15 11-37-01][10/18][2/2]正在校对文件（Checking file）： https://raw.communitydragon.org/pbe/content-metadata.json
[2025-02-15 11-37-02]已更新文件（Updated file）：离线数据（Offline Data）/cdragon/pbe/content-metadata.json
[2025-02-15 11-37-02][11/18]正在检查文件夹（Checking the folder）：https://raw.communitydragon.org/pbe/cdragon/arena/
[2025-02-15 11-37-02]页面新文件列表如下：
New file list is as follows:
网页链接（URL)： https://raw.communitydragon.org/pbe/cdragon/arena/
    file         size           web_date         web_timestamp        local_date          local_timestamp   
 en_us.json    176.5 KiB    2025-Feb-14 21:46    1739540760.0     2025-02-14 10-39-23    1739500763.2145581 
 zh_cn.json    179.1 KiB    2025-Feb-14 21:46    1739540760.0     2025-02-14 10-39-24    1739500764.2174318 
[2025-02-15 11-37-02][11/18][1/2]正在校对文件（Checking file）： https://raw.communitydragon.org/pbe/cdragon/arena/en_us.json
[2025-02-15 11-37-03][11/18][2/2]正在校对文件（Checking file）： https://raw.communitydragon.org/pbe/cdragon/arena/zh_cn.json
[2025-02-15 11-37-04][12/18]正在检查文件夹（Checking the folder）：https://raw.communitydragon.org/pbe/cdragon/tft/
[2025-02-15 11-37-05]页面新文件列表如下：
New file list is as follows:
网页链接（URL)： https://raw.communitydragon.org/pbe/cdragon/tft/
    file         size          web_date         web_timestamp        local_date          local_timestamp   
 en_us.json    13.3 MiB    2025-Feb-14 21:46    1739540760.0     2025-02-14 10-39-27    1739500767.487617  
 zh_cn.json    13.3 MiB    2025-Feb-14 21:46    1739540760.0     2025-02-14 10-39-29    1739500769.7740378 
[2025-02-15 11-37-05][12/18][1/2]正在校对文件（Checking file）： https://raw.communitydragon.org/pbe/cdragon/tft/en_us.json
[2025-02-15 11-37-08][12/18][2/2]正在校对文件（Checking file）： https://raw.communitydragon.org/pbe/cdragon/tft/zh_cn.json
[2025-02-15 11-37-10][13/18]正在检查文件夹（Checking the folder）：https://raw.communitydragon.org/pbe/plugins/rcp-be-lol-game-data/global/default/v1/champions/
[2025-02-15 11-37-11]页面新文件列表如下：
New file list is as follows:
网页链接（URL)： https://raw.communitydragon.org/pbe/plugins/rcp-be-lol-game-data/global/default/v1/champions/
Empty DataFrame
Columns: [file, size, web_date, web_timestamp, local_date, local_timestamp]
Index: []
[2025-02-15 11-37-11][14/18]正在检查文件夹（Checking the folder）：https://raw.communitydragon.org/pbe/plugins/rcp-be-lol-game-data/global/default/v1/map-assets/
[2025-02-15 11-37-12]页面新文件列表如下：
New file list is as follows:
网页链接（URL)： https://raw.communitydragon.org/pbe/plugins/rcp-be-lol-game-data/global/default/v1/map-assets/
Empty DataFrame
Columns: [file, size, web_date, web_timestamp, local_date, local_timestamp]
Index: []
[2025-02-15 11-37-12][15/18]正在检查文件夹（Checking the folder）：https://raw.communitydragon.org/pbe/plugins/rcp-be-lol-game-data/global/default/v1/
[2025-02-15 11-37-13]页面新文件列表如下：
New file list is as follows:
网页链接（URL)： https://raw.communitydragon.org/pbe/plugins/rcp-be-lol-game-data/global/default/v1/
Empty DataFrame
Columns: [file, size, web_date, web_timestamp, local_date, local_timestamp]
Index: []
[2025-02-15 11-37-13][16/18]正在检查文件夹（Checking the folder）：https://raw.communitydragon.org/pbe/plugins/rcp-be-lol-game-data/global/zh_cn/v1/champions/
[2025-02-15 11-37-14]页面新文件列表如下：
New file list is as follows:
网页链接（URL)： https://raw.communitydragon.org/pbe/plugins/rcp-be-lol-game-data/global/zh_cn/v1/champions/
Empty DataFrame
Columns: [file, size, web_date, web_timestamp, local_date, local_timestamp]
Index: []
[2025-02-15 11-37-14][17/18]正在检查文件夹（Checking the folder）：https://raw.communitydragon.org/pbe/plugins/rcp-be-lol-game-data/global/zh_cn/v1/map-assets/
[2025-02-15 11-37-15]页面新文件列表如下：
New file list is as follows:
网页链接（URL)： https://raw.communitydragon.org/pbe/plugins/rcp-be-lol-game-data/global/zh_cn/v1/map-assets/
Empty DataFrame
Columns: [file, size, web_date, web_timestamp, local_date, local_timestamp]
Index: []
[2025-02-15 11-37-15][18/18]正在检查文件夹（Checking the folder）：https://raw.communitydragon.org/pbe/plugins/rcp-be-lol-game-data/global/zh_cn/v1/
[2025-02-15 11-37-16]页面新文件列表如下：
New file list is as follows:
网页链接（URL)： https://raw.communitydragon.org/pbe/plugins/rcp-be-lol-game-data/global/zh_cn/v1/
Empty DataFrame
Columns: [file, size, web_date, web_timestamp, local_date, local_timestamp]
Index: []
已更新以下2个文件：
Updated the following 2 file(s):
https://raw.communitydragon.org/pbe/compat-version-metadata.json
https://raw.communitydragon.org/pbe/content-metadata.json

请选择要更新的数据资源，输入空字符串以退出程序：
Please select the data resource to update, or submit an empty string to exit the program:
1	CommunityDragon
2	DataDragon

[The program has exited!]
