请选择要更新的数据资源，输入空字符串以退出程序：
Please select the data resource to update, or submit an empty string to exit the program:
1	CommunityDragon
2	DataDragon
[2025-10-09 12-40-08]2
请按以下步骤操作：
Please follow these steps:
1. 访问网址https://developer.riotgames.com/docs/lol#data-dragon
   Visit the website: https://developer.riotgames.com/docs/lol#data-dragon
2. 在Latest中找到正式服最新版本数据资源压缩包下载链接。例如：https://ddragon.leagueoflegends.com/cdn/dragontail-15.20.1.tgz
   Find the link to download the compressed tarball of the latest data resource for live servers. For example: https://ddragon.leagueoflegends.com/cdn/dragontail-15.20.1.tgz
3. 下载。这需要花费一些时间。
   Download the file. It may take some time.
4. 将下载好的tgz文件直接“解压至此”。
   "Extract here" for the tgz file.
5. 将解压出来的压缩包再次解压到选定文件夹下与压缩包同名的文件夹。示例：将“dragontail-15.20.1.tar”解压到“D:/360AI浏览器下载/dragontail-15.20.1”文件夹下。
Extract to "Archive-Name" folder under the selected folder for the extracted tar file. For example, extract "dragontail-15.20.1.tar" into the folder "D:/Downloads/dragontail-15.20.1".
接下来，请给出数据资源的位置。（按照上例应为“D:/360AI浏览器下载/dragontail-15.20.1/15.20.1/data”。）
Next, please provide the directory that stores the data resources. (By the above example, the directory should be "D:/Downloads/dragontail-15.20.1/15.20.1/data".)
[2025-10-09 12-40-12]D:/360AI浏览器下载/dragontail-15.20.1/15.20.1/data
[2025-10-09 12-40-12][1]正在校对文件（Checking file）： D:/360AI浏览器下载/dragontail-15.20.1/15.20.1/data/en_US/challenges.json
[2025-10-09 12-40-12][2]正在校对文件（Checking file）： D:/360AI浏览器下载/dragontail-15.20.1/15.20.1/data/en_US/champion.json
[2025-10-09 12-40-12][2]已更新文件（Updated file）：离线数据（Offline Data）/ddragon/en_US/champion.json
[2025-10-09 12-40-12][3]正在校对文件（Checking file）： D:/360AI浏览器下载/dragontail-15.20.1/15.20.1/data/en_US/championFull.json
[2025-10-09 12-40-13][3]已更新文件（Updated file）：离线数据（Offline Data）/ddragon/en_US/championFull.json
[2025-10-09 12-40-13][4]正在校对文件（Checking file）： D:/360AI浏览器下载/dragontail-15.20.1/15.20.1/data/en_US/feats.json
[2025-10-09 12-40-13][4]已更新文件（Updated file）：离线数据（Offline Data）/ddragon/en_US/feats.json
[2025-10-09 12-40-13][5]正在校对文件（Checking file）： D:/360AI浏览器下载/dragontail-15.20.1/15.20.1/data/en_US/item-modifiers.json
[2025-10-09 12-40-13][5]已更新文件（Updated file）：离线数据（Offline Data）/ddragon/en_US/item-modifiers.json
[2025-10-09 12-40-13][6]正在校对文件（Checking file）： D:/360AI浏览器下载/dragontail-15.20.1/15.20.1/data/en_US/item.json
[2025-10-09 12-40-13][6]已更新文件（Updated file）：离线数据（Offline Data）/ddragon/en_US/item.json
[2025-10-09 12-40-13][7]正在校对文件（Checking file）： D:/360AI浏览器下载/dragontail-15.20.1/15.20.1/data/en_US/language.json
[2025-10-09 12-40-13][7]已更新文件（Updated file）：离线数据（Offline Data）/ddragon/en_US/language.json
[2025-10-09 12-40-13][8]正在校对文件（Checking file）： D:/360AI浏览器下载/dragontail-15.20.1/15.20.1/data/en_US/map.json
[2025-10-09 12-40-13][8]已更新文件（Updated file）：离线数据（Offline Data）/ddragon/en_US/map.json
[2025-10-09 12-40-13][9]正在校对文件（Checking file）： D:/360AI浏览器下载/dragontail-15.20.1/15.20.1/data/en_US/mission-assets.json
[2025-10-09 12-40-13][9]已更新文件（Updated file）：离线数据（Offline Data）/ddragon/en_US/mission-assets.json
[2025-10-09 12-40-13][10]正在校对文件（Checking file）： D:/360AI浏览器下载/dragontail-15.20.1/15.20.1/data/en_US/profileicon.json
[2025-10-09 12-40-13][10]已更新文件（Updated file）：离线数据（Offline Data）/ddragon/en_US/profileicon.json
[2025-10-09 12-40-13][11]正在校对文件（Checking file）： D:/360AI浏览器下载/dragontail-15.20.1/15.20.1/data/en_US/runesReforged.json
[2025-10-09 12-40-13][11]已更新文件（Updated file）：离线数据（Offline Data）/ddragon/en_US/runesReforged.json
[2025-10-09 12-40-13][12]正在校对文件（Checking file）： D:/360AI浏览器下载/dragontail-15.20.1/15.20.1/data/en_US/spellbuffs.json
[2025-10-09 12-40-13][12]已更新文件（Updated file）：离线数据（Offline Data）/ddragon/en_US/spellbuffs.json
[2025-10-09 12-40-13][13]正在校对文件（Checking file）： D:/360AI浏览器下载/dragontail-15.20.1/15.20.1/data/en_US/sticker.json
[2025-10-09 12-40-13][13]已更新文件（Updated file）：离线数据（Offline Data）/ddragon/en_US/sticker.json
[2025-10-09 12-40-13][14]正在校对文件（Checking file）： D:/360AI浏览器下载/dragontail-15.20.1/15.20.1/data/en_US/summoner.json
[2025-10-09 12-40-13][14]已更新文件（Updated file）：离线数据（Offline Data）/ddragon/en_US/summoner.json
[2025-10-09 12-40-13][15]正在校对文件（Checking file）： D:/360AI浏览器下载/dragontail-15.20.1/15.20.1/data/en_US/tft-anomalies.json
[2025-10-09 12-40-13][15]已更新文件（Updated file）：离线数据（Offline Data）/ddragon/en_US/tft-anomalies.json
[2025-10-09 12-40-13][16]正在校对文件（Checking file）： D:/360AI浏览器下载/dragontail-15.20.1/15.20.1/data/en_US/tft-arena.json
[2025-10-09 12-40-13][16]已更新文件（Updated file）：离线数据（Offline Data）/ddragon/en_US/tft-arena.json
[2025-10-09 12-40-13][17]正在校对文件（Checking file）： D:/360AI浏览器下载/dragontail-15.20.1/15.20.1/data/en_US/tft-augments.json
[2025-10-09 12-40-13][17]已更新文件（Updated file）：离线数据（Offline Data）/ddragon/en_US/tft-augments.json
[2025-10-09 12-40-13][18]正在校对文件（Checking file）： D:/360AI浏览器下载/dragontail-15.20.1/15.20.1/data/en_US/tft-champion.json
[2025-10-09 12-40-13][18]已更新文件（Updated file）：离线数据（Offline Data）/ddragon/en_US/tft-champion.json
[2025-10-09 12-40-13][19]正在校对文件（Checking file）： D:/360AI浏览器下载/dragontail-15.20.1/15.20.1/data/en_US/tft-charms.json
[2025-10-09 12-40-13][19]已更新文件（Updated file）：离线数据（Offline Data）/ddragon/en_US/tft-charms.json
[2025-10-09 12-40-13][20]正在校对文件（Checking file）： D:/360AI浏览器下载/dragontail-15.20.1/15.20.1/data/en_US/tft-hero-augments.json
[2025-10-09 12-40-13][20]已更新文件（Updated file）：离线数据（Offline Data）/ddragon/en_US/tft-hero-augments.json
[2025-10-09 12-40-13][21]正在校对文件（Checking file）： D:/360AI浏览器下载/dragontail-15.20.1/15.20.1/data/en_US/tft-item.json
[2025-10-09 12-40-13][21]已更新文件（Updated file）：离线数据（Offline Data）/ddragon/en_US/tft-item.json
[2025-10-09 12-40-13][22]正在校对文件（Checking file）： D:/360AI浏览器下载/dragontail-15.20.1/15.20.1/data/en_US/tft-queues.json
[2025-10-09 12-40-13][22]已更新文件（Updated file）：离线数据（Offline Data）/ddragon/en_US/tft-queues.json
[2025-10-09 12-40-13][23]正在校对文件（Checking file）： D:/360AI浏览器下载/dragontail-15.20.1/15.20.1/data/en_US/tft-regalia.json
[2025-10-09 12-40-13][23]已更新文件（Updated file）：离线数据（Offline Data）/ddragon/en_US/tft-regalia.json
[2025-10-09 12-40-13][24]正在校对文件（Checking file）： D:/360AI浏览器下载/dragontail-15.20.1/15.20.1/data/en_US/tft-region-portals.json
[2025-10-09 12-40-13][24]已更新文件（Updated file）：离线数据（Offline Data）/ddragon/en_US/tft-region-portals.json
[2025-10-09 12-40-13][25]正在校对文件（Checking file）： D:/360AI浏览器下载/dragontail-15.20.1/15.20.1/data/en_US/tft-shop-drop-rates-data.json
[2025-10-09 12-40-13][25]已更新文件（Updated file）：离线数据（Offline Data）/ddragon/en_US/tft-shop-drop-rates-data.json
[2025-10-09 12-40-13][26]正在校对文件（Checking file）： D:/360AI浏览器下载/dragontail-15.20.1/15.20.1/data/en_US/tft-six-cost-drop-rates-data.json
[2025-10-09 12-40-13][26]已更新文件（Updated file）：离线数据（Offline Data）/ddragon/en_US/tft-six-cost-drop-rates-data.json
[2025-10-09 12-40-13][27]正在校对文件（Checking file）： D:/360AI浏览器下载/dragontail-15.20.1/15.20.1/data/en_US/tft-stage-round-data.json
[2025-10-09 12-40-13][27]已更新文件（Updated file）：离线数据（Offline Data）/ddragon/en_US/tft-stage-round-data.json
[2025-10-09 12-40-13][28]正在校对文件（Checking file）： D:/360AI浏览器下载/dragontail-15.20.1/15.20.1/data/en_US/tft-tactician.json
[2025-10-09 12-40-13][28]已更新文件（Updated file）：离线数据（Offline Data）/ddragon/en_US/tft-tactician.json
[2025-10-09 12-40-13][29]正在校对文件（Checking file）： D:/360AI浏览器下载/dragontail-15.20.1/15.20.1/data/en_US/tft-trait.json
[2025-10-09 12-40-13][29]已更新文件（Updated file）：离线数据（Offline Data）/ddragon/en_US/tft-trait.json
[2025-10-09 12-40-13][30]正在校对文件（Checking file）： D:/360AI浏览器下载/dragontail-15.20.1/15.20.1/data/en_US/champion/Aatrox.json
[2025-10-09 12-40-13][30]已更新文件（Updated file）：离线数据（Offline Data）/ddragon/en_US/champion/Aatrox.json
[2025-10-09 12-40-13][31]正在校对文件（Checking file）： D:/360AI浏览器下载/dragontail-15.20.1/15.20.1/data/en_US/champion/Ahri.json
[2025-10-09 12-40-13][31]已更新文件（Updated file）：离线数据（Offline Data）/ddragon/en_US/champion/Ahri.json
[2025-10-09 12-40-13][32]正在校对文件（Checking file）： D:/360AI浏览器下载/dragontail-15.20.1/15.20.1/data/en_US/champion/Akali.json
[2025-10-09 12-40-13][32]已更新文件（Updated file）：离线数据（Offline Data）/ddragon/en_US/champion/Akali.json
[2025-10-09 12-40-13][33]正在校对文件（Checking file）： D:/360AI浏览器下载/dragontail-15.20.1/15.20.1/data/en_US/champion/Akshan.json
[2025-10-09 12-40-13][33]已更新文件（Updated file）：离线数据（Offline Data）/ddragon/en_US/champion/Akshan.json
[2025-10-09 12-40-13][34]正在校对文件（Checking file）： D:/360AI浏览器下载/dragontail-15.20.1/15.20.1/data/en_US/champion/Alistar.json
[2025-10-09 12-40-13][34]已更新文件（Updated file）：离线数据（Offline Data）/ddragon/en_US/champion/Alistar.json
[2025-10-09 12-40-13][35]正在校对文件（Checking file）： D:/360AI浏览器下载/dragontail-15.20.1/15.20.1/data/en_US/champion/Ambessa.json
[2025-10-09 12-40-13][35]已更新文件（Updated file）：离线数据（Offline Data）/ddragon/en_US/champion/Ambessa.json
[2025-10-09 12-40-13][36]正在校对文件（Checking file）： D:/360AI浏览器下载/dragontail-15.20.1/15.20.1/data/en_US/champion/Amumu.json
[2025-10-09 12-40-13][36]已更新文件（Updated file）：离线数据（Offline Data）/ddragon/en_US/champion/Amumu.json
[2025-10-09 12-40-13][37]正在校对文件（Checking file）： D:/360AI浏览器下载/dragontail-15.20.1/15.20.1/data/en_US/champion/Anivia.json
[2025-10-09 12-40-13][37]已更新文件（Updated file）：离线数据（Offline Data）/ddragon/en_US/champion/Anivia.json
[2025-10-09 12-40-13][38]正在校对文件（Checking file）： D:/360AI浏览器下载/dragontail-15.20.1/15.20.1/data/en_US/champion/Annie.json
[2025-10-09 12-40-13][38]已更新文件（Updated file）：离线数据（Offline Data）/ddragon/en_US/champion/Annie.json
[2025-10-09 12-40-13][39]正在校对文件（Checking file）： D:/360AI浏览器下载/dragontail-15.20.1/15.20.1/data/en_US/champion/Aphelios.json
[2025-10-09 12-40-13][39]已更新文件（Updated file）：离线数据（Offline Data）/ddragon/en_US/champion/Aphelios.json
[2025-10-09 12-40-13][40]正在校对文件（Checking file）： D:/360AI浏览器下载/dragontail-15.20.1/15.20.1/data/en_US/champion/Ashe.json
[2025-10-09 12-40-13][40]已更新文件（Updated file）：离线数据（Offline Data）/ddragon/en_US/champion/Ashe.json
[2025-10-09 12-40-13][41]正在校对文件（Checking file）： D:/360AI浏览器下载/dragontail-15.20.1/15.20.1/data/en_US/champion/AurelionSol.json
[2025-10-09 12-40-13][41]已更新文件（Updated file）：离线数据（Offline Data）/ddragon/en_US/champion/AurelionSol.json
[2025-10-09 12-40-13][42]正在校对文件（Checking file）： D:/360AI浏览器下载/dragontail-15.20.1/15.20.1/data/en_US/champion/Aurora.json
[2025-10-09 12-40-13][42]已更新文件（Updated file）：离线数据（Offline Data）/ddragon/en_US/champion/Aurora.json
[2025-10-09 12-40-13][43]正在校对文件（Checking file）： D:/360AI浏览器下载/dragontail-15.20.1/15.20.1/data/en_US/champion/Azir.json
[2025-10-09 12-40-13][43]已更新文件（Updated file）：离线数据（Offline Data）/ddragon/en_US/champion/Azir.json
[2025-10-09 12-40-13][44]正在校对文件（Checking file）： D:/360AI浏览器下载/dragontail-15.20.1/15.20.1/data/en_US/champion/Bard.json
[2025-10-09 12-40-13][44]已更新文件（Updated file）：离线数据（Offline Data）/ddragon/en_US/champion/Bard.json
[2025-10-09 12-40-13][45]正在校对文件（Checking file）： D:/360AI浏览器下载/dragontail-15.20.1/15.20.1/data/en_US/champion/Belveth.json
[2025-10-09 12-40-13][45]已更新文件（Updated file）：离线数据（Offline Data）/ddragon/en_US/champion/Belveth.json
[2025-10-09 12-40-13][46]正在校对文件（Checking file）： D:/360AI浏览器下载/dragontail-15.20.1/15.20.1/data/en_US/champion/Blitzcrank.json
[2025-10-09 12-40-13][46]已更新文件（Updated file）：离线数据（Offline Data）/ddragon/en_US/champion/Blitzcrank.json
[2025-10-09 12-40-13][47]正在校对文件（Checking file）： D:/360AI浏览器下载/dragontail-15.20.1/15.20.1/data/en_US/champion/Brand.json
[2025-10-09 12-40-13][47]已更新文件（Updated file）：离线数据（Offline Data）/ddragon/en_US/champion/Brand.json
[2025-10-09 12-40-13][48]正在校对文件（Checking file）： D:/360AI浏览器下载/dragontail-15.20.1/15.20.1/data/en_US/champion/Braum.json
[2025-10-09 12-40-13][48]已更新文件（Updated file）：离线数据（Offline Data）/ddragon/en_US/champion/Braum.json
[2025-10-09 12-40-13][49]正在校对文件（Checking file）： D:/360AI浏览器下载/dragontail-15.20.1/15.20.1/data/en_US/champion/Briar.json
[2025-10-09 12-40-13][49]已更新文件（Updated file）：离线数据（Offline Data）/ddragon/en_US/champion/Briar.json
[2025-10-09 12-40-13][50]正在校对文件（Checking file）： D:/360AI浏览器下载/dragontail-15.20.1/15.20.1/data/en_US/champion/Caitlyn.json
[2025-10-09 12-40-13][50]已更新文件（Updated file）：离线数据（Offline Data）/ddragon/en_US/champion/Caitlyn.json
[2025-10-09 12-40-13][51]正在校对文件（Checking file）： D:/360AI浏览器下载/dragontail-15.20.1/15.20.1/data/en_US/champion/Camille.json
[2025-10-09 12-40-13][51]已更新文件（Updated file）：离线数据（Offline Data）/ddragon/en_US/champion/Camille.json
[2025-10-09 12-40-13][52]正在校对文件（Checking file）： D:/360AI浏览器下载/dragontail-15.20.1/15.20.1/data/en_US/champion/Cassiopeia.json
[2025-10-09 12-40-13][52]已更新文件（Updated file）：离线数据（Offline Data）/ddragon/en_US/champion/Cassiopeia.json
[2025-10-09 12-40-13][53]正在校对文件（Checking file）： D:/360AI浏览器下载/dragontail-15.20.1/15.20.1/data/en_US/champion/Chogath.json
[2025-10-09 12-40-13][53]已更新文件（Updated file）：离线数据（Offline Data）/ddragon/en_US/champion/Chogath.json
[2025-10-09 12-40-13][54]正在校对文件（Checking file）： D:/360AI浏览器下载/dragontail-15.20.1/15.20.1/data/en_US/champion/Corki.json
[2025-10-09 12-40-13][54]已更新文件（Updated file）：离线数据（Offline Data）/ddragon/en_US/champion/Corki.json
[2025-10-09 12-40-13][55]正在校对文件（Checking file）： D:/360AI浏览器下载/dragontail-15.20.1/15.20.1/data/en_US/champion/Darius.json
[2025-10-09 12-40-13][55]已更新文件（Updated file）：离线数据（Offline Data）/ddragon/en_US/champion/Darius.json
[2025-10-09 12-40-13][56]正在校对文件（Checking file）： D:/360AI浏览器下载/dragontail-15.20.1/15.20.1/data/en_US/champion/Diana.json
[2025-10-09 12-40-13][56]已更新文件（Updated file）：离线数据（Offline Data）/ddragon/en_US/champion/Diana.json
[2025-10-09 12-40-13][57]正在校对文件（Checking file）： D:/360AI浏览器下载/dragontail-15.20.1/15.20.1/data/en_US/champion/Draven.json
[2025-10-09 12-40-13][57]已更新文件（Updated file）：离线数据（Offline Data）/ddragon/en_US/champion/Draven.json
[2025-10-09 12-40-13][58]正在校对文件（Checking file）： D:/360AI浏览器下载/dragontail-15.20.1/15.20.1/data/en_US/champion/DrMundo.json
[2025-10-09 12-40-13][58]已更新文件（Updated file）：离线数据（Offline Data）/ddragon/en_US/champion/DrMundo.json
[2025-10-09 12-40-13][59]正在校对文件（Checking file）： D:/360AI浏览器下载/dragontail-15.20.1/15.20.1/data/en_US/champion/Ekko.json
[2025-10-09 12-40-13][59]已更新文件（Updated file）：离线数据（Offline Data）/ddragon/en_US/champion/Ekko.json
[2025-10-09 12-40-13][60]正在校对文件（Checking file）： D:/360AI浏览器下载/dragontail-15.20.1/15.20.1/data/en_US/champion/Elise.json
[2025-10-09 12-40-13][60]已更新文件（Updated file）：离线数据（Offline Data）/ddragon/en_US/champion/Elise.json
[2025-10-09 12-40-13][61]正在校对文件（Checking file）： D:/360AI浏览器下载/dragontail-15.20.1/15.20.1/data/en_US/champion/Evelynn.json
[2025-10-09 12-40-13][61]已更新文件（Updated file）：离线数据（Offline Data）/ddragon/en_US/champion/Evelynn.json
[2025-10-09 12-40-13][62]正在校对文件（Checking file）： D:/360AI浏览器下载/dragontail-15.20.1/15.20.1/data/en_US/champion/Ezreal.json
[2025-10-09 12-40-13][62]已更新文件（Updated file）：离线数据（Offline Data）/ddragon/en_US/champion/Ezreal.json
[2025-10-09 12-40-13][63]正在校对文件（Checking file）： D:/360AI浏览器下载/dragontail-15.20.1/15.20.1/data/en_US/champion/Fiddlesticks.json
[2025-10-09 12-40-13][63]已更新文件（Updated file）：离线数据（Offline Data）/ddragon/en_US/champion/Fiddlesticks.json
[2025-10-09 12-40-13][64]正在校对文件（Checking file）： D:/360AI浏览器下载/dragontail-15.20.1/15.20.1/data/en_US/champion/Fiora.json
[2025-10-09 12-40-13][64]已更新文件（Updated file）：离线数据（Offline Data）/ddragon/en_US/champion/Fiora.json
[2025-10-09 12-40-13][65]正在校对文件（Checking file）： D:/360AI浏览器下载/dragontail-15.20.1/15.20.1/data/en_US/champion/Fizz.json
[2025-10-09 12-40-13][65]已更新文件（Updated file）：离线数据（Offline Data）/ddragon/en_US/champion/Fizz.json
[2025-10-09 12-40-13][66]正在校对文件（Checking file）： D:/360AI浏览器下载/dragontail-15.20.1/15.20.1/data/en_US/champion/Galio.json
[2025-10-09 12-40-13][66]已更新文件（Updated file）：离线数据（Offline Data）/ddragon/en_US/champion/Galio.json
[2025-10-09 12-40-13][67]正在校对文件（Checking file）： D:/360AI浏览器下载/dragontail-15.20.1/15.20.1/data/en_US/champion/Gangplank.json
[2025-10-09 12-40-13][67]已更新文件（Updated file）：离线数据（Offline Data）/ddragon/en_US/champion/Gangplank.json
[2025-10-09 12-40-13][68]正在校对文件（Checking file）： D:/360AI浏览器下载/dragontail-15.20.1/15.20.1/data/en_US/champion/Garen.json
[2025-10-09 12-40-13][68]已更新文件（Updated file）：离线数据（Offline Data）/ddragon/en_US/champion/Garen.json
[2025-10-09 12-40-13][69]正在校对文件（Checking file）： D:/360AI浏览器下载/dragontail-15.20.1/15.20.1/data/en_US/champion/Gnar.json
[2025-10-09 12-40-13][69]已更新文件（Updated file）：离线数据（Offline Data）/ddragon/en_US/champion/Gnar.json
[2025-10-09 12-40-13][70]正在校对文件（Checking file）： D:/360AI浏览器下载/dragontail-15.20.1/15.20.1/data/en_US/champion/Gragas.json
[2025-10-09 12-40-13][70]已更新文件（Updated file）：离线数据（Offline Data）/ddragon/en_US/champion/Gragas.json
[2025-10-09 12-40-13][71]正在校对文件（Checking file）： D:/360AI浏览器下载/dragontail-15.20.1/15.20.1/data/en_US/champion/Graves.json
[2025-10-09 12-40-13][71]已更新文件（Updated file）：离线数据（Offline Data）/ddragon/en_US/champion/Graves.json
[2025-10-09 12-40-13][72]正在校对文件（Checking file）： D:/360AI浏览器下载/dragontail-15.20.1/15.20.1/data/en_US/champion/Gwen.json
[2025-10-09 12-40-13][72]已更新文件（Updated file）：离线数据（Offline Data）/ddragon/en_US/champion/Gwen.json
[2025-10-09 12-40-13][73]正在校对文件（Checking file）： D:/360AI浏览器下载/dragontail-15.20.1/15.20.1/data/en_US/champion/Hecarim.json
[2025-10-09 12-40-13][73]已更新文件（Updated file）：离线数据（Offline Data）/ddragon/en_US/champion/Hecarim.json
[2025-10-09 12-40-13][74]正在校对文件（Checking file）： D:/360AI浏览器下载/dragontail-15.20.1/15.20.1/data/en_US/champion/Heimerdinger.json
[2025-10-09 12-40-13][74]已更新文件（Updated file）：离线数据（Offline Data）/ddragon/en_US/champion/Heimerdinger.json
[2025-10-09 12-40-13][75]正在校对文件（Checking file）： D:/360AI浏览器下载/dragontail-15.20.1/15.20.1/data/en_US/champion/Hwei.json
[2025-10-09 12-40-13][75]已更新文件（Updated file）：离线数据（Offline Data）/ddragon/en_US/champion/Hwei.json
[2025-10-09 12-40-13][76]正在校对文件（Checking file）： D:/360AI浏览器下载/dragontail-15.20.1/15.20.1/data/en_US/champion/Illaoi.json
[2025-10-09 12-40-13][76]已更新文件（Updated file）：离线数据（Offline Data）/ddragon/en_US/champion/Illaoi.json
[2025-10-09 12-40-13][77]正在校对文件（Checking file）： D:/360AI浏览器下载/dragontail-15.20.1/15.20.1/data/en_US/champion/Irelia.json
[2025-10-09 12-40-13][77]已更新文件（Updated file）：离线数据（Offline Data）/ddragon/en_US/champion/Irelia.json
[2025-10-09 12-40-13][78]正在校对文件（Checking file）： D:/360AI浏览器下载/dragontail-15.20.1/15.20.1/data/en_US/champion/Ivern.json
[2025-10-09 12-40-13][78]已更新文件（Updated file）：离线数据（Offline Data）/ddragon/en_US/champion/Ivern.json
[2025-10-09 12-40-13][79]正在校对文件（Checking file）： D:/360AI浏览器下载/dragontail-15.20.1/15.20.1/data/en_US/champion/Janna.json
[2025-10-09 12-40-13][79]已更新文件（Updated file）：离线数据（Offline Data）/ddragon/en_US/champion/Janna.json
[2025-10-09 12-40-13][80]正在校对文件（Checking file）： D:/360AI浏览器下载/dragontail-15.20.1/15.20.1/data/en_US/champion/JarvanIV.json
[2025-10-09 12-40-13][80]已更新文件（Updated file）：离线数据（Offline Data）/ddragon/en_US/champion/JarvanIV.json
[2025-10-09 12-40-13][81]正在校对文件（Checking file）： D:/360AI浏览器下载/dragontail-15.20.1/15.20.1/data/en_US/champion/Jax.json
[2025-10-09 12-40-13][81]已更新文件（Updated file）：离线数据（Offline Data）/ddragon/en_US/champion/Jax.json
[2025-10-09 12-40-13][82]正在校对文件（Checking file）： D:/360AI浏览器下载/dragontail-15.20.1/15.20.1/data/en_US/champion/Jayce.json
[2025-10-09 12-40-13][82]已更新文件（Updated file）：离线数据（Offline Data）/ddragon/en_US/champion/Jayce.json
[2025-10-09 12-40-13][83]正在校对文件（Checking file）： D:/360AI浏览器下载/dragontail-15.20.1/15.20.1/data/en_US/champion/Jhin.json
[2025-10-09 12-40-13][83]已更新文件（Updated file）：离线数据（Offline Data）/ddragon/en_US/champion/Jhin.json
[2025-10-09 12-40-13][84]正在校对文件（Checking file）： D:/360AI浏览器下载/dragontail-15.20.1/15.20.1/data/en_US/champion/Jinx.json
[2025-10-09 12-40-13][84]已更新文件（Updated file）：离线数据（Offline Data）/ddragon/en_US/champion/Jinx.json
[2025-10-09 12-40-13][85]正在校对文件（Checking file）： D:/360AI浏览器下载/dragontail-15.20.1/15.20.1/data/en_US/champion/Kaisa.json
[2025-10-09 12-40-13][85]已更新文件（Updated file）：离线数据（Offline Data）/ddragon/en_US/champion/Kaisa.json
[2025-10-09 12-40-13][86]正在校对文件（Checking file）： D:/360AI浏览器下载/dragontail-15.20.1/15.20.1/data/en_US/champion/Kalista.json
[2025-10-09 12-40-13][86]已更新文件（Updated file）：离线数据（Offline Data）/ddragon/en_US/champion/Kalista.json
[2025-10-09 12-40-13][87]正在校对文件（Checking file）： D:/360AI浏览器下载/dragontail-15.20.1/15.20.1/data/en_US/champion/Karma.json
[2025-10-09 12-40-13][87]已更新文件（Updated file）：离线数据（Offline Data）/ddragon/en_US/champion/Karma.json
[2025-10-09 12-40-13][88]正在校对文件（Checking file）： D:/360AI浏览器下载/dragontail-15.20.1/15.20.1/data/en_US/champion/Karthus.json
[2025-10-09 12-40-13][88]已更新文件（Updated file）：离线数据（Offline Data）/ddragon/en_US/champion/Karthus.json
[2025-10-09 12-40-13][89]正在校对文件（Checking file）： D:/360AI浏览器下载/dragontail-15.20.1/15.20.1/data/en_US/champion/Kassadin.json
[2025-10-09 12-40-13][89]已更新文件（Updated file）：离线数据（Offline Data）/ddragon/en_US/champion/Kassadin.json
[2025-10-09 12-40-13][90]正在校对文件（Checking file）： D:/360AI浏览器下载/dragontail-15.20.1/15.20.1/data/en_US/champion/Katarina.json
[2025-10-09 12-40-13][90]已更新文件（Updated file）：离线数据（Offline Data）/ddragon/en_US/champion/Katarina.json
[2025-10-09 12-40-13][91]正在校对文件（Checking file）： D:/360AI浏览器下载/dragontail-15.20.1/15.20.1/data/en_US/champion/Kayle.json
[2025-10-09 12-40-13][91]已更新文件（Updated file）：离线数据（Offline Data）/ddragon/en_US/champion/Kayle.json
[2025-10-09 12-40-13][92]正在校对文件（Checking file）： D:/360AI浏览器下载/dragontail-15.20.1/15.20.1/data/en_US/champion/Kayn.json
[2025-10-09 12-40-13][92]已更新文件（Updated file）：离线数据（Offline Data）/ddragon/en_US/champion/Kayn.json
[2025-10-09 12-40-13][93]正在校对文件（Checking file）： D:/360AI浏览器下载/dragontail-15.20.1/15.20.1/data/en_US/champion/Kennen.json
[2025-10-09 12-40-13][93]已更新文件（Updated file）：离线数据（Offline Data）/ddragon/en_US/champion/Kennen.json
[2025-10-09 12-40-13][94]正在校对文件（Checking file）： D:/360AI浏览器下载/dragontail-15.20.1/15.20.1/data/en_US/champion/Khazix.json
[2025-10-09 12-40-13][94]已更新文件（Updated file）：离线数据（Offline Data）/ddragon/en_US/champion/Khazix.json
[2025-10-09 12-40-13][95]正在校对文件（Checking file）： D:/360AI浏览器下载/dragontail-15.20.1/15.20.1/data/en_US/champion/Kindred.json
[2025-10-09 12-40-13][95]已更新文件（Updated file）：离线数据（Offline Data）/ddragon/en_US/champion/Kindred.json
[2025-10-09 12-40-13][96]正在校对文件（Checking file）： D:/360AI浏览器下载/dragontail-15.20.1/15.20.1/data/en_US/champion/Kled.json
[2025-10-09 12-40-13][96]已更新文件（Updated file）：离线数据（Offline Data）/ddragon/en_US/champion/Kled.json
[2025-10-09 12-40-13][97]正在校对文件（Checking file）： D:/360AI浏览器下载/dragontail-15.20.1/15.20.1/data/en_US/champion/KogMaw.json
[2025-10-09 12-40-13][97]已更新文件（Updated file）：离线数据（Offline Data）/ddragon/en_US/champion/KogMaw.json
[2025-10-09 12-40-13][98]正在校对文件（Checking file）： D:/360AI浏览器下载/dragontail-15.20.1/15.20.1/data/en_US/champion/KSante.json
[2025-10-09 12-40-13][98]已更新文件（Updated file）：离线数据（Offline Data）/ddragon/en_US/champion/KSante.json
[2025-10-09 12-40-13][99]正在校对文件（Checking file）： D:/360AI浏览器下载/dragontail-15.20.1/15.20.1/data/en_US/champion/Leblanc.json
[2025-10-09 12-40-13][99]已更新文件（Updated file）：离线数据（Offline Data）/ddragon/en_US/champion/Leblanc.json
[2025-10-09 12-40-13][100]正在校对文件（Checking file）： D:/360AI浏览器下载/dragontail-15.20.1/15.20.1/data/en_US/champion/LeeSin.json
[2025-10-09 12-40-13][100]已更新文件（Updated file）：离线数据（Offline Data）/ddragon/en_US/champion/LeeSin.json
[2025-10-09 12-40-13][101]正在校对文件（Checking file）： D:/360AI浏览器下载/dragontail-15.20.1/15.20.1/data/en_US/champion/Leona.json
[2025-10-09 12-40-13][101]已更新文件（Updated file）：离线数据（Offline Data）/ddragon/en_US/champion/Leona.json
[2025-10-09 12-40-13][102]正在校对文件（Checking file）： D:/360AI浏览器下载/dragontail-15.20.1/15.20.1/data/en_US/champion/Lillia.json
[2025-10-09 12-40-13][102]已更新文件（Updated file）：离线数据（Offline Data）/ddragon/en_US/champion/Lillia.json
[2025-10-09 12-40-13][103]正在校对文件（Checking file）： D:/360AI浏览器下载/dragontail-15.20.1/15.20.1/data/en_US/champion/Lissandra.json
[2025-10-09 12-40-13][103]已更新文件（Updated file）：离线数据（Offline Data）/ddragon/en_US/champion/Lissandra.json
[2025-10-09 12-40-13][104]正在校对文件（Checking file）： D:/360AI浏览器下载/dragontail-15.20.1/15.20.1/data/en_US/champion/Lucian.json
[2025-10-09 12-40-13][104]已更新文件（Updated file）：离线数据（Offline Data）/ddragon/en_US/champion/Lucian.json
[2025-10-09 12-40-13][105]正在校对文件（Checking file）： D:/360AI浏览器下载/dragontail-15.20.1/15.20.1/data/en_US/champion/Lulu.json
[2025-10-09 12-40-13][105]已更新文件（Updated file）：离线数据（Offline Data）/ddragon/en_US/champion/Lulu.json
[2025-10-09 12-40-13][106]正在校对文件（Checking file）： D:/360AI浏览器下载/dragontail-15.20.1/15.20.1/data/en_US/champion/Lux.json
[2025-10-09 12-40-13][106]已更新文件（Updated file）：离线数据（Offline Data）/ddragon/en_US/champion/Lux.json
[2025-10-09 12-40-13][107]正在校对文件（Checking file）： D:/360AI浏览器下载/dragontail-15.20.1/15.20.1/data/en_US/champion/Malphite.json
[2025-10-09 12-40-13][107]已更新文件（Updated file）：离线数据（Offline Data）/ddragon/en_US/champion/Malphite.json
[2025-10-09 12-40-13][108]正在校对文件（Checking file）： D:/360AI浏览器下载/dragontail-15.20.1/15.20.1/data/en_US/champion/Malzahar.json
[2025-10-09 12-40-13][108]已更新文件（Updated file）：离线数据（Offline Data）/ddragon/en_US/champion/Malzahar.json
[2025-10-09 12-40-13][109]正在校对文件（Checking file）： D:/360AI浏览器下载/dragontail-15.20.1/15.20.1/data/en_US/champion/Maokai.json
[2025-10-09 12-40-13][109]已更新文件（Updated file）：离线数据（Offline Data）/ddragon/en_US/champion/Maokai.json
[2025-10-09 12-40-13][110]正在校对文件（Checking file）： D:/360AI浏览器下载/dragontail-15.20.1/15.20.1/data/en_US/champion/MasterYi.json
[2025-10-09 12-40-13][110]已更新文件（Updated file）：离线数据（Offline Data）/ddragon/en_US/champion/MasterYi.json
[2025-10-09 12-40-13][111]正在校对文件（Checking file）： D:/360AI浏览器下载/dragontail-15.20.1/15.20.1/data/en_US/champion/Mel.json
[2025-10-09 12-40-13][111]已更新文件（Updated file）：离线数据（Offline Data）/ddragon/en_US/champion/Mel.json
[2025-10-09 12-40-13][112]正在校对文件（Checking file）： D:/360AI浏览器下载/dragontail-15.20.1/15.20.1/data/en_US/champion/Milio.json
[2025-10-09 12-40-13][112]已更新文件（Updated file）：离线数据（Offline Data）/ddragon/en_US/champion/Milio.json
[2025-10-09 12-40-13][113]正在校对文件（Checking file）： D:/360AI浏览器下载/dragontail-15.20.1/15.20.1/data/en_US/champion/MissFortune.json
[2025-10-09 12-40-13][113]已更新文件（Updated file）：离线数据（Offline Data）/ddragon/en_US/champion/MissFortune.json
[2025-10-09 12-40-13][114]正在校对文件（Checking file）： D:/360AI浏览器下载/dragontail-15.20.1/15.20.1/data/en_US/champion/MonkeyKing.json
[2025-10-09 12-40-13][114]已更新文件（Updated file）：离线数据（Offline Data）/ddragon/en_US/champion/MonkeyKing.json
[2025-10-09 12-40-13][115]正在校对文件（Checking file）： D:/360AI浏览器下载/dragontail-15.20.1/15.20.1/data/en_US/champion/Mordekaiser.json
[2025-10-09 12-40-13][115]已更新文件（Updated file）：离线数据（Offline Data）/ddragon/en_US/champion/Mordekaiser.json
[2025-10-09 12-40-13][116]正在校对文件（Checking file）： D:/360AI浏览器下载/dragontail-15.20.1/15.20.1/data/en_US/champion/Morgana.json
[2025-10-09 12-40-13][116]已更新文件（Updated file）：离线数据（Offline Data）/ddragon/en_US/champion/Morgana.json
[2025-10-09 12-40-13][117]正在校对文件（Checking file）： D:/360AI浏览器下载/dragontail-15.20.1/15.20.1/data/en_US/champion/Naafiri.json
[2025-10-09 12-40-13][117]已更新文件（Updated file）：离线数据（Offline Data）/ddragon/en_US/champion/Naafiri.json
[2025-10-09 12-40-13][118]正在校对文件（Checking file）： D:/360AI浏览器下载/dragontail-15.20.1/15.20.1/data/en_US/champion/Nami.json
[2025-10-09 12-40-13][118]已更新文件（Updated file）：离线数据（Offline Data）/ddragon/en_US/champion/Nami.json
[2025-10-09 12-40-13][119]正在校对文件（Checking file）： D:/360AI浏览器下载/dragontail-15.20.1/15.20.1/data/en_US/champion/Nasus.json
[2025-10-09 12-40-13][119]已更新文件（Updated file）：离线数据（Offline Data）/ddragon/en_US/champion/Nasus.json
[2025-10-09 12-40-13][120]正在校对文件（Checking file）： D:/360AI浏览器下载/dragontail-15.20.1/15.20.1/data/en_US/champion/Nautilus.json
[2025-10-09 12-40-13][120]已更新文件（Updated file）：离线数据（Offline Data）/ddragon/en_US/champion/Nautilus.json
[2025-10-09 12-40-13][121]正在校对文件（Checking file）： D:/360AI浏览器下载/dragontail-15.20.1/15.20.1/data/en_US/champion/Neeko.json
[2025-10-09 12-40-13][121]已更新文件（Updated file）：离线数据（Offline Data）/ddragon/en_US/champion/Neeko.json
[2025-10-09 12-40-13][122]正在校对文件（Checking file）： D:/360AI浏览器下载/dragontail-15.20.1/15.20.1/data/en_US/champion/Nidalee.json
[2025-10-09 12-40-13][122]已更新文件（Updated file）：离线数据（Offline Data）/ddragon/en_US/champion/Nidalee.json
[2025-10-09 12-40-13][123]正在校对文件（Checking file）： D:/360AI浏览器下载/dragontail-15.20.1/15.20.1/data/en_US/champion/Nilah.json
[2025-10-09 12-40-13][123]已更新文件（Updated file）：离线数据（Offline Data）/ddragon/en_US/champion/Nilah.json
[2025-10-09 12-40-13][124]正在校对文件（Checking file）： D:/360AI浏览器下载/dragontail-15.20.1/15.20.1/data/en_US/champion/Nocturne.json
[2025-10-09 12-40-13][124]已更新文件（Updated file）：离线数据（Offline Data）/ddragon/en_US/champion/Nocturne.json
[2025-10-09 12-40-13][125]正在校对文件（Checking file）： D:/360AI浏览器下载/dragontail-15.20.1/15.20.1/data/en_US/champion/Nunu.json
[2025-10-09 12-40-13][125]已更新文件（Updated file）：离线数据（Offline Data）/ddragon/en_US/champion/Nunu.json
[2025-10-09 12-40-13][126]正在校对文件（Checking file）： D:/360AI浏览器下载/dragontail-15.20.1/15.20.1/data/en_US/champion/Olaf.json
[2025-10-09 12-40-13][126]已更新文件（Updated file）：离线数据（Offline Data）/ddragon/en_US/champion/Olaf.json
[2025-10-09 12-40-13][127]正在校对文件（Checking file）： D:/360AI浏览器下载/dragontail-15.20.1/15.20.1/data/en_US/champion/Orianna.json
[2025-10-09 12-40-14][127]已更新文件（Updated file）：离线数据（Offline Data）/ddragon/en_US/champion/Orianna.json
[2025-10-09 12-40-14][128]正在校对文件（Checking file）： D:/360AI浏览器下载/dragontail-15.20.1/15.20.1/data/en_US/champion/Ornn.json
[2025-10-09 12-40-14][128]已更新文件（Updated file）：离线数据（Offline Data）/ddragon/en_US/champion/Ornn.json
[2025-10-09 12-40-14][129]正在校对文件（Checking file）： D:/360AI浏览器下载/dragontail-15.20.1/15.20.1/data/en_US/champion/Pantheon.json
[2025-10-09 12-40-14][129]已更新文件（Updated file）：离线数据（Offline Data）/ddragon/en_US/champion/Pantheon.json
[2025-10-09 12-40-14][130]正在校对文件（Checking file）： D:/360AI浏览器下载/dragontail-15.20.1/15.20.1/data/en_US/champion/Poppy.json
[2025-10-09 12-40-14][130]已更新文件（Updated file）：离线数据（Offline Data）/ddragon/en_US/champion/Poppy.json
[2025-10-09 12-40-14][131]正在校对文件（Checking file）： D:/360AI浏览器下载/dragontail-15.20.1/15.20.1/data/en_US/champion/Pyke.json
[2025-10-09 12-40-14][131]已更新文件（Updated file）：离线数据（Offline Data）/ddragon/en_US/champion/Pyke.json
[2025-10-09 12-40-14][132]正在校对文件（Checking file）： D:/360AI浏览器下载/dragontail-15.20.1/15.20.1/data/en_US/champion/Qiyana.json
[2025-10-09 12-40-14][132]已更新文件（Updated file）：离线数据（Offline Data）/ddragon/en_US/champion/Qiyana.json
[2025-10-09 12-40-14][133]正在校对文件（Checking file）： D:/360AI浏览器下载/dragontail-15.20.1/15.20.1/data/en_US/champion/Quinn.json
[2025-10-09 12-40-14][133]已更新文件（Updated file）：离线数据（Offline Data）/ddragon/en_US/champion/Quinn.json
[2025-10-09 12-40-14][134]正在校对文件（Checking file）： D:/360AI浏览器下载/dragontail-15.20.1/15.20.1/data/en_US/champion/Rakan.json
[2025-10-09 12-40-14][134]已更新文件（Updated file）：离线数据（Offline Data）/ddragon/en_US/champion/Rakan.json
[2025-10-09 12-40-14][135]正在校对文件（Checking file）： D:/360AI浏览器下载/dragontail-15.20.1/15.20.1/data/en_US/champion/Rammus.json
[2025-10-09 12-40-14][135]已更新文件（Updated file）：离线数据（Offline Data）/ddragon/en_US/champion/Rammus.json
[2025-10-09 12-40-14][136]正在校对文件（Checking file）： D:/360AI浏览器下载/dragontail-15.20.1/15.20.1/data/en_US/champion/RekSai.json
[2025-10-09 12-40-14][136]已更新文件（Updated file）：离线数据（Offline Data）/ddragon/en_US/champion/RekSai.json
[2025-10-09 12-40-14][137]正在校对文件（Checking file）： D:/360AI浏览器下载/dragontail-15.20.1/15.20.1/data/en_US/champion/Rell.json
[2025-10-09 12-40-14][137]已更新文件（Updated file）：离线数据（Offline Data）/ddragon/en_US/champion/Rell.json
[2025-10-09 12-40-14][138]正在校对文件（Checking file）： D:/360AI浏览器下载/dragontail-15.20.1/15.20.1/data/en_US/champion/Renata.json
[2025-10-09 12-40-14][138]已更新文件（Updated file）：离线数据（Offline Data）/ddragon/en_US/champion/Renata.json
[2025-10-09 12-40-14][139]正在校对文件（Checking file）： D:/360AI浏览器下载/dragontail-15.20.1/15.20.1/data/en_US/champion/Renekton.json
[2025-10-09 12-40-14][139]已更新文件（Updated file）：离线数据（Offline Data）/ddragon/en_US/champion/Renekton.json
[2025-10-09 12-40-14][140]正在校对文件（Checking file）： D:/360AI浏览器下载/dragontail-15.20.1/15.20.1/data/en_US/champion/Rengar.json
[2025-10-09 12-40-14][140]已更新文件（Updated file）：离线数据（Offline Data）/ddragon/en_US/champion/Rengar.json
[2025-10-09 12-40-14][141]正在校对文件（Checking file）： D:/360AI浏览器下载/dragontail-15.20.1/15.20.1/data/en_US/champion/Riven.json
[2025-10-09 12-40-14][141]已更新文件（Updated file）：离线数据（Offline Data）/ddragon/en_US/champion/Riven.json
[2025-10-09 12-40-14][142]正在校对文件（Checking file）： D:/360AI浏览器下载/dragontail-15.20.1/15.20.1/data/en_US/champion/Rumble.json
[2025-10-09 12-40-14][142]已更新文件（Updated file）：离线数据（Offline Data）/ddragon/en_US/champion/Rumble.json
[2025-10-09 12-40-14][143]正在校对文件（Checking file）： D:/360AI浏览器下载/dragontail-15.20.1/15.20.1/data/en_US/champion/Ryze.json
[2025-10-09 12-40-14][143]已更新文件（Updated file）：离线数据（Offline Data）/ddragon/en_US/champion/Ryze.json
[2025-10-09 12-40-14][144]正在校对文件（Checking file）： D:/360AI浏览器下载/dragontail-15.20.1/15.20.1/data/en_US/champion/Samira.json
[2025-10-09 12-40-14][144]已更新文件（Updated file）：离线数据（Offline Data）/ddragon/en_US/champion/Samira.json
[2025-10-09 12-40-14][145]正在校对文件（Checking file）： D:/360AI浏览器下载/dragontail-15.20.1/15.20.1/data/en_US/champion/Sejuani.json
[2025-10-09 12-40-14][145]已更新文件（Updated file）：离线数据（Offline Data）/ddragon/en_US/champion/Sejuani.json
[2025-10-09 12-40-14][146]正在校对文件（Checking file）： D:/360AI浏览器下载/dragontail-15.20.1/15.20.1/data/en_US/champion/Senna.json
[2025-10-09 12-40-14][146]已更新文件（Updated file）：离线数据（Offline Data）/ddragon/en_US/champion/Senna.json
[2025-10-09 12-40-14][147]正在校对文件（Checking file）： D:/360AI浏览器下载/dragontail-15.20.1/15.20.1/data/en_US/champion/Seraphine.json
[2025-10-09 12-40-14][147]已更新文件（Updated file）：离线数据（Offline Data）/ddragon/en_US/champion/Seraphine.json
[2025-10-09 12-40-14][148]正在校对文件（Checking file）： D:/360AI浏览器下载/dragontail-15.20.1/15.20.1/data/en_US/champion/Sett.json
[2025-10-09 12-40-14][148]已更新文件（Updated file）：离线数据（Offline Data）/ddragon/en_US/champion/Sett.json
[2025-10-09 12-40-14][149]正在校对文件（Checking file）： D:/360AI浏览器下载/dragontail-15.20.1/15.20.1/data/en_US/champion/Shaco.json
[2025-10-09 12-40-14][149]已更新文件（Updated file）：离线数据（Offline Data）/ddragon/en_US/champion/Shaco.json
[2025-10-09 12-40-14][150]正在校对文件（Checking file）： D:/360AI浏览器下载/dragontail-15.20.1/15.20.1/data/en_US/champion/Shen.json
[2025-10-09 12-40-14][150]已更新文件（Updated file）：离线数据（Offline Data）/ddragon/en_US/champion/Shen.json
[2025-10-09 12-40-14][151]正在校对文件（Checking file）： D:/360AI浏览器下载/dragontail-15.20.1/15.20.1/data/en_US/champion/Shyvana.json
[2025-10-09 12-40-14][151]已更新文件（Updated file）：离线数据（Offline Data）/ddragon/en_US/champion/Shyvana.json
[2025-10-09 12-40-14][152]正在校对文件（Checking file）： D:/360AI浏览器下载/dragontail-15.20.1/15.20.1/data/en_US/champion/Singed.json
[2025-10-09 12-40-14][152]已更新文件（Updated file）：离线数据（Offline Data）/ddragon/en_US/champion/Singed.json
[2025-10-09 12-40-14][153]正在校对文件（Checking file）： D:/360AI浏览器下载/dragontail-15.20.1/15.20.1/data/en_US/champion/Sion.json
[2025-10-09 12-40-14][153]已更新文件（Updated file）：离线数据（Offline Data）/ddragon/en_US/champion/Sion.json
[2025-10-09 12-40-14][154]正在校对文件（Checking file）： D:/360AI浏览器下载/dragontail-15.20.1/15.20.1/data/en_US/champion/Sivir.json
[2025-10-09 12-40-14][154]已更新文件（Updated file）：离线数据（Offline Data）/ddragon/en_US/champion/Sivir.json
[2025-10-09 12-40-14][155]正在校对文件（Checking file）： D:/360AI浏览器下载/dragontail-15.20.1/15.20.1/data/en_US/champion/Skarner.json
[2025-10-09 12-40-14][155]已更新文件（Updated file）：离线数据（Offline Data）/ddragon/en_US/champion/Skarner.json
[2025-10-09 12-40-14][156]正在校对文件（Checking file）： D:/360AI浏览器下载/dragontail-15.20.1/15.20.1/data/en_US/champion/Smolder.json
[2025-10-09 12-40-14][156]已更新文件（Updated file）：离线数据（Offline Data）/ddragon/en_US/champion/Smolder.json
[2025-10-09 12-40-14][157]正在校对文件（Checking file）： D:/360AI浏览器下载/dragontail-15.20.1/15.20.1/data/en_US/champion/Sona.json
[2025-10-09 12-40-14][157]已更新文件（Updated file）：离线数据（Offline Data）/ddragon/en_US/champion/Sona.json
[2025-10-09 12-40-14][158]正在校对文件（Checking file）： D:/360AI浏览器下载/dragontail-15.20.1/15.20.1/data/en_US/champion/Soraka.json
[2025-10-09 12-40-14][158]已更新文件（Updated file）：离线数据（Offline Data）/ddragon/en_US/champion/Soraka.json
[2025-10-09 12-40-14][159]正在校对文件（Checking file）： D:/360AI浏览器下载/dragontail-15.20.1/15.20.1/data/en_US/champion/Swain.json
[2025-10-09 12-40-14][159]已更新文件（Updated file）：离线数据（Offline Data）/ddragon/en_US/champion/Swain.json
[2025-10-09 12-40-14][160]正在校对文件（Checking file）： D:/360AI浏览器下载/dragontail-15.20.1/15.20.1/data/en_US/champion/Sylas.json
[2025-10-09 12-40-14][160]已更新文件（Updated file）：离线数据（Offline Data）/ddragon/en_US/champion/Sylas.json
[2025-10-09 12-40-14][161]正在校对文件（Checking file）： D:/360AI浏览器下载/dragontail-15.20.1/15.20.1/data/en_US/champion/Syndra.json
[2025-10-09 12-40-14][161]已更新文件（Updated file）：离线数据（Offline Data）/ddragon/en_US/champion/Syndra.json
[2025-10-09 12-40-14][162]正在校对文件（Checking file）： D:/360AI浏览器下载/dragontail-15.20.1/15.20.1/data/en_US/champion/TahmKench.json
[2025-10-09 12-40-14][162]已更新文件（Updated file）：离线数据（Offline Data）/ddragon/en_US/champion/TahmKench.json
[2025-10-09 12-40-14][163]正在校对文件（Checking file）： D:/360AI浏览器下载/dragontail-15.20.1/15.20.1/data/en_US/champion/Taliyah.json
[2025-10-09 12-40-14][163]已更新文件（Updated file）：离线数据（Offline Data）/ddragon/en_US/champion/Taliyah.json
[2025-10-09 12-40-14][164]正在校对文件（Checking file）： D:/360AI浏览器下载/dragontail-15.20.1/15.20.1/data/en_US/champion/Talon.json
[2025-10-09 12-40-14][164]已更新文件（Updated file）：离线数据（Offline Data）/ddragon/en_US/champion/Talon.json
[2025-10-09 12-40-14][165]正在校对文件（Checking file）： D:/360AI浏览器下载/dragontail-15.20.1/15.20.1/data/en_US/champion/Taric.json
[2025-10-09 12-40-14][165]已更新文件（Updated file）：离线数据（Offline Data）/ddragon/en_US/champion/Taric.json
[2025-10-09 12-40-14][166]正在校对文件（Checking file）： D:/360AI浏览器下载/dragontail-15.20.1/15.20.1/data/en_US/champion/Teemo.json
[2025-10-09 12-40-14][166]已更新文件（Updated file）：离线数据（Offline Data）/ddragon/en_US/champion/Teemo.json
[2025-10-09 12-40-14][167]正在校对文件（Checking file）： D:/360AI浏览器下载/dragontail-15.20.1/15.20.1/data/en_US/champion/Thresh.json
[2025-10-09 12-40-14][167]已更新文件（Updated file）：离线数据（Offline Data）/ddragon/en_US/champion/Thresh.json
[2025-10-09 12-40-14][168]正在校对文件（Checking file）： D:/360AI浏览器下载/dragontail-15.20.1/15.20.1/data/en_US/champion/Tristana.json
[2025-10-09 12-40-14][168]已更新文件（Updated file）：离线数据（Offline Data）/ddragon/en_US/champion/Tristana.json
[2025-10-09 12-40-14][169]正在校对文件（Checking file）： D:/360AI浏览器下载/dragontail-15.20.1/15.20.1/data/en_US/champion/Trundle.json
[2025-10-09 12-40-14][169]已更新文件（Updated file）：离线数据（Offline Data）/ddragon/en_US/champion/Trundle.json
[2025-10-09 12-40-14][170]正在校对文件（Checking file）： D:/360AI浏览器下载/dragontail-15.20.1/15.20.1/data/en_US/champion/Tryndamere.json
[2025-10-09 12-40-14][170]已更新文件（Updated file）：离线数据（Offline Data）/ddragon/en_US/champion/Tryndamere.json
[2025-10-09 12-40-14][171]正在校对文件（Checking file）： D:/360AI浏览器下载/dragontail-15.20.1/15.20.1/data/en_US/champion/TwistedFate.json
[2025-10-09 12-40-14][171]已更新文件（Updated file）：离线数据（Offline Data）/ddragon/en_US/champion/TwistedFate.json
[2025-10-09 12-40-14][172]正在校对文件（Checking file）： D:/360AI浏览器下载/dragontail-15.20.1/15.20.1/data/en_US/champion/Twitch.json
[2025-10-09 12-40-14][172]已更新文件（Updated file）：离线数据（Offline Data）/ddragon/en_US/champion/Twitch.json
[2025-10-09 12-40-14][173]正在校对文件（Checking file）： D:/360AI浏览器下载/dragontail-15.20.1/15.20.1/data/en_US/champion/Udyr.json
[2025-10-09 12-40-14][173]已更新文件（Updated file）：离线数据（Offline Data）/ddragon/en_US/champion/Udyr.json
[2025-10-09 12-40-14][174]正在校对文件（Checking file）： D:/360AI浏览器下载/dragontail-15.20.1/15.20.1/data/en_US/champion/Urgot.json
[2025-10-09 12-40-14][174]已更新文件（Updated file）：离线数据（Offline Data）/ddragon/en_US/champion/Urgot.json
[2025-10-09 12-40-14][175]正在校对文件（Checking file）： D:/360AI浏览器下载/dragontail-15.20.1/15.20.1/data/en_US/champion/Varus.json
[2025-10-09 12-40-14][175]已更新文件（Updated file）：离线数据（Offline Data）/ddragon/en_US/champion/Varus.json
[2025-10-09 12-40-14][176]正在校对文件（Checking file）： D:/360AI浏览器下载/dragontail-15.20.1/15.20.1/data/en_US/champion/Vayne.json
[2025-10-09 12-40-14][176]已更新文件（Updated file）：离线数据（Offline Data）/ddragon/en_US/champion/Vayne.json
[2025-10-09 12-40-14][177]正在校对文件（Checking file）： D:/360AI浏览器下载/dragontail-15.20.1/15.20.1/data/en_US/champion/Veigar.json
[2025-10-09 12-40-14][177]已更新文件（Updated file）：离线数据（Offline Data）/ddragon/en_US/champion/Veigar.json
[2025-10-09 12-40-14][178]正在校对文件（Checking file）： D:/360AI浏览器下载/dragontail-15.20.1/15.20.1/data/en_US/champion/Velkoz.json
[2025-10-09 12-40-14][178]已更新文件（Updated file）：离线数据（Offline Data）/ddragon/en_US/champion/Velkoz.json
[2025-10-09 12-40-14][179]正在校对文件（Checking file）： D:/360AI浏览器下载/dragontail-15.20.1/15.20.1/data/en_US/champion/Vex.json
[2025-10-09 12-40-14][179]已更新文件（Updated file）：离线数据（Offline Data）/ddragon/en_US/champion/Vex.json
[2025-10-09 12-40-14][180]正在校对文件（Checking file）： D:/360AI浏览器下载/dragontail-15.20.1/15.20.1/data/en_US/champion/Vi.json
[2025-10-09 12-40-14][180]已更新文件（Updated file）：离线数据（Offline Data）/ddragon/en_US/champion/Vi.json
[2025-10-09 12-40-14][181]正在校对文件（Checking file）： D:/360AI浏览器下载/dragontail-15.20.1/15.20.1/data/en_US/champion/Viego.json
[2025-10-09 12-40-14][181]已更新文件（Updated file）：离线数据（Offline Data）/ddragon/en_US/champion/Viego.json
[2025-10-09 12-40-14][182]正在校对文件（Checking file）： D:/360AI浏览器下载/dragontail-15.20.1/15.20.1/data/en_US/champion/Viktor.json
[2025-10-09 12-40-14][182]已更新文件（Updated file）：离线数据（Offline Data）/ddragon/en_US/champion/Viktor.json
[2025-10-09 12-40-14][183]正在校对文件（Checking file）： D:/360AI浏览器下载/dragontail-15.20.1/15.20.1/data/en_US/champion/Vladimir.json
[2025-10-09 12-40-14][183]已更新文件（Updated file）：离线数据（Offline Data）/ddragon/en_US/champion/Vladimir.json
[2025-10-09 12-40-14][184]正在校对文件（Checking file）： D:/360AI浏览器下载/dragontail-15.20.1/15.20.1/data/en_US/champion/Volibear.json
[2025-10-09 12-40-14][184]已更新文件（Updated file）：离线数据（Offline Data）/ddragon/en_US/champion/Volibear.json
[2025-10-09 12-40-14][185]正在校对文件（Checking file）： D:/360AI浏览器下载/dragontail-15.20.1/15.20.1/data/en_US/champion/Warwick.json
[2025-10-09 12-40-14][185]已更新文件（Updated file）：离线数据（Offline Data）/ddragon/en_US/champion/Warwick.json
[2025-10-09 12-40-14][186]正在校对文件（Checking file）： D:/360AI浏览器下载/dragontail-15.20.1/15.20.1/data/en_US/champion/Xayah.json
[2025-10-09 12-40-14][186]已更新文件（Updated file）：离线数据（Offline Data）/ddragon/en_US/champion/Xayah.json
[2025-10-09 12-40-14][187]正在校对文件（Checking file）： D:/360AI浏览器下载/dragontail-15.20.1/15.20.1/data/en_US/champion/Xerath.json
[2025-10-09 12-40-14][187]已更新文件（Updated file）：离线数据（Offline Data）/ddragon/en_US/champion/Xerath.json
[2025-10-09 12-40-14][188]正在校对文件（Checking file）： D:/360AI浏览器下载/dragontail-15.20.1/15.20.1/data/en_US/champion/XinZhao.json
[2025-10-09 12-40-14][188]已更新文件（Updated file）：离线数据（Offline Data）/ddragon/en_US/champion/XinZhao.json
[2025-10-09 12-40-14][189]正在校对文件（Checking file）： D:/360AI浏览器下载/dragontail-15.20.1/15.20.1/data/en_US/champion/Yasuo.json
[2025-10-09 12-40-14][189]已更新文件（Updated file）：离线数据（Offline Data）/ddragon/en_US/champion/Yasuo.json
[2025-10-09 12-40-14][190]正在校对文件（Checking file）： D:/360AI浏览器下载/dragontail-15.20.1/15.20.1/data/en_US/champion/Yone.json
[2025-10-09 12-40-14][190]已更新文件（Updated file）：离线数据（Offline Data）/ddragon/en_US/champion/Yone.json
[2025-10-09 12-40-14][191]正在校对文件（Checking file）： D:/360AI浏览器下载/dragontail-15.20.1/15.20.1/data/en_US/champion/Yorick.json
[2025-10-09 12-40-14][191]已更新文件（Updated file）：离线数据（Offline Data）/ddragon/en_US/champion/Yorick.json
[2025-10-09 12-40-14][192]正在校对文件（Checking file）： D:/360AI浏览器下载/dragontail-15.20.1/15.20.1/data/en_US/champion/Yunara.json
[2025-10-09 12-40-14][192]已更新文件（Updated file）：离线数据（Offline Data）/ddragon/en_US/champion/Yunara.json
[2025-10-09 12-40-14][193]正在校对文件（Checking file）： D:/360AI浏览器下载/dragontail-15.20.1/15.20.1/data/en_US/champion/Yuumi.json
[2025-10-09 12-40-14][193]已更新文件（Updated file）：离线数据（Offline Data）/ddragon/en_US/champion/Yuumi.json
[2025-10-09 12-40-14][194]正在校对文件（Checking file）： D:/360AI浏览器下载/dragontail-15.20.1/15.20.1/data/en_US/champion/Zac.json
[2025-10-09 12-40-14][194]已更新文件（Updated file）：离线数据（Offline Data）/ddragon/en_US/champion/Zac.json
[2025-10-09 12-40-14][195]正在校对文件（Checking file）： D:/360AI浏览器下载/dragontail-15.20.1/15.20.1/data/en_US/champion/Zed.json
[2025-10-09 12-40-14][195]已更新文件（Updated file）：离线数据（Offline Data）/ddragon/en_US/champion/Zed.json
[2025-10-09 12-40-14][196]正在校对文件（Checking file）： D:/360AI浏览器下载/dragontail-15.20.1/15.20.1/data/en_US/champion/Zeri.json
[2025-10-09 12-40-14][196]已更新文件（Updated file）：离线数据（Offline Data）/ddragon/en_US/champion/Zeri.json
[2025-10-09 12-40-14][197]正在校对文件（Checking file）： D:/360AI浏览器下载/dragontail-15.20.1/15.20.1/data/en_US/champion/Ziggs.json
[2025-10-09 12-40-14][197]已更新文件（Updated file）：离线数据（Offline Data）/ddragon/en_US/champion/Ziggs.json
[2025-10-09 12-40-14][198]正在校对文件（Checking file）： D:/360AI浏览器下载/dragontail-15.20.1/15.20.1/data/en_US/champion/Zilean.json
[2025-10-09 12-40-14][198]已更新文件（Updated file）：离线数据（Offline Data）/ddragon/en_US/champion/Zilean.json
[2025-10-09 12-40-14][199]正在校对文件（Checking file）： D:/360AI浏览器下载/dragontail-15.20.1/15.20.1/data/en_US/champion/Zoe.json
[2025-10-09 12-40-14][199]已更新文件（Updated file）：离线数据（Offline Data）/ddragon/en_US/champion/Zoe.json
[2025-10-09 12-40-14][200]正在校对文件（Checking file）： D:/360AI浏览器下载/dragontail-15.20.1/15.20.1/data/en_US/champion/Zyra.json
[2025-10-09 12-40-14][200]已更新文件（Updated file）：离线数据（Offline Data）/ddragon/en_US/champion/Zyra.json
[2025-10-09 12-40-14][201]正在校对文件（Checking file）： D:/360AI浏览器下载/dragontail-15.20.1/15.20.1/data/zh_CN/challenges.json
[2025-10-09 12-40-14][202]正在校对文件（Checking file）： D:/360AI浏览器下载/dragontail-15.20.1/15.20.1/data/zh_CN/champion.json
[2025-10-09 12-40-14][202]已更新文件（Updated file）：离线数据（Offline Data）/ddragon/zh_CN/champion.json
[2025-10-09 12-40-14][203]正在校对文件（Checking file）： D:/360AI浏览器下载/dragontail-15.20.1/15.20.1/data/zh_CN/championFull.json
[2025-10-09 12-40-14][203]已更新文件（Updated file）：离线数据（Offline Data）/ddragon/zh_CN/championFull.json
[2025-10-09 12-40-14][204]正在校对文件（Checking file）： D:/360AI浏览器下载/dragontail-15.20.1/15.20.1/data/zh_CN/feats.json
[2025-10-09 12-40-14][204]已更新文件（Updated file）：离线数据（Offline Data）/ddragon/zh_CN/feats.json
[2025-10-09 12-40-14][205]正在校对文件（Checking file）： D:/360AI浏览器下载/dragontail-15.20.1/15.20.1/data/zh_CN/item-modifiers.json
[2025-10-09 12-40-14][205]已更新文件（Updated file）：离线数据（Offline Data）/ddragon/zh_CN/item-modifiers.json
[2025-10-09 12-40-14][206]正在校对文件（Checking file）： D:/360AI浏览器下载/dragontail-15.20.1/15.20.1/data/zh_CN/item.json
[2025-10-09 12-40-15][206]已更新文件（Updated file）：离线数据（Offline Data）/ddragon/zh_CN/item.json
[2025-10-09 12-40-15][207]正在校对文件（Checking file）： D:/360AI浏览器下载/dragontail-15.20.1/15.20.1/data/zh_CN/language.json
[2025-10-09 12-40-15][207]已更新文件（Updated file）：离线数据（Offline Data）/ddragon/zh_CN/language.json
[2025-10-09 12-40-15][208]正在校对文件（Checking file）： D:/360AI浏览器下载/dragontail-15.20.1/15.20.1/data/zh_CN/map.json
[2025-10-09 12-40-15][208]已更新文件（Updated file）：离线数据（Offline Data）/ddragon/zh_CN/map.json
[2025-10-09 12-40-15][209]正在校对文件（Checking file）： D:/360AI浏览器下载/dragontail-15.20.1/15.20.1/data/zh_CN/mission-assets.json
[2025-10-09 12-40-15][209]已更新文件（Updated file）：离线数据（Offline Data）/ddragon/zh_CN/mission-assets.json
[2025-10-09 12-40-15][210]正在校对文件（Checking file）： D:/360AI浏览器下载/dragontail-15.20.1/15.20.1/data/zh_CN/profileicon.json
[2025-10-09 12-40-15][210]已更新文件（Updated file）：离线数据（Offline Data）/ddragon/zh_CN/profileicon.json
[2025-10-09 12-40-15][211]正在校对文件（Checking file）： D:/360AI浏览器下载/dragontail-15.20.1/15.20.1/data/zh_CN/runesReforged.json
[2025-10-09 12-40-15][211]已更新文件（Updated file）：离线数据（Offline Data）/ddragon/zh_CN/runesReforged.json
[2025-10-09 12-40-15][212]正在校对文件（Checking file）： D:/360AI浏览器下载/dragontail-15.20.1/15.20.1/data/zh_CN/spellbuffs.json
[2025-10-09 12-40-15][212]已更新文件（Updated file）：离线数据（Offline Data）/ddragon/zh_CN/spellbuffs.json
[2025-10-09 12-40-15][213]正在校对文件（Checking file）： D:/360AI浏览器下载/dragontail-15.20.1/15.20.1/data/zh_CN/sticker.json
[2025-10-09 12-40-15][213]已更新文件（Updated file）：离线数据（Offline Data）/ddragon/zh_CN/sticker.json
[2025-10-09 12-40-15][214]正在校对文件（Checking file）： D:/360AI浏览器下载/dragontail-15.20.1/15.20.1/data/zh_CN/summoner.json
[2025-10-09 12-40-15][214]已更新文件（Updated file）：离线数据（Offline Data）/ddragon/zh_CN/summoner.json
[2025-10-09 12-40-15][215]正在校对文件（Checking file）： D:/360AI浏览器下载/dragontail-15.20.1/15.20.1/data/zh_CN/tft-anomalies.json
[2025-10-09 12-40-15][215]已更新文件（Updated file）：离线数据（Offline Data）/ddragon/zh_CN/tft-anomalies.json
[2025-10-09 12-40-15][216]正在校对文件（Checking file）： D:/360AI浏览器下载/dragontail-15.20.1/15.20.1/data/zh_CN/tft-arena.json
[2025-10-09 12-40-15][216]已更新文件（Updated file）：离线数据（Offline Data）/ddragon/zh_CN/tft-arena.json
[2025-10-09 12-40-15][217]正在校对文件（Checking file）： D:/360AI浏览器下载/dragontail-15.20.1/15.20.1/data/zh_CN/tft-augments.json
[2025-10-09 12-40-15][217]已更新文件（Updated file）：离线数据（Offline Data）/ddragon/zh_CN/tft-augments.json
[2025-10-09 12-40-15][218]正在校对文件（Checking file）： D:/360AI浏览器下载/dragontail-15.20.1/15.20.1/data/zh_CN/tft-champion.json
[2025-10-09 12-40-15][218]已更新文件（Updated file）：离线数据（Offline Data）/ddragon/zh_CN/tft-champion.json
[2025-10-09 12-40-15][219]正在校对文件（Checking file）： D:/360AI浏览器下载/dragontail-15.20.1/15.20.1/data/zh_CN/tft-charms.json
[2025-10-09 12-40-15][219]已更新文件（Updated file）：离线数据（Offline Data）/ddragon/zh_CN/tft-charms.json
[2025-10-09 12-40-15][220]正在校对文件（Checking file）： D:/360AI浏览器下载/dragontail-15.20.1/15.20.1/data/zh_CN/tft-hero-augments.json
[2025-10-09 12-40-15][220]已更新文件（Updated file）：离线数据（Offline Data）/ddragon/zh_CN/tft-hero-augments.json
[2025-10-09 12-40-15][221]正在校对文件（Checking file）： D:/360AI浏览器下载/dragontail-15.20.1/15.20.1/data/zh_CN/tft-item.json
[2025-10-09 12-40-15][221]已更新文件（Updated file）：离线数据（Offline Data）/ddragon/zh_CN/tft-item.json
[2025-10-09 12-40-15][222]正在校对文件（Checking file）： D:/360AI浏览器下载/dragontail-15.20.1/15.20.1/data/zh_CN/tft-queues.json
[2025-10-09 12-40-15][222]已更新文件（Updated file）：离线数据（Offline Data）/ddragon/zh_CN/tft-queues.json
[2025-10-09 12-40-15][223]正在校对文件（Checking file）： D:/360AI浏览器下载/dragontail-15.20.1/15.20.1/data/zh_CN/tft-regalia.json
[2025-10-09 12-40-15][223]已更新文件（Updated file）：离线数据（Offline Data）/ddragon/zh_CN/tft-regalia.json
[2025-10-09 12-40-15][224]正在校对文件（Checking file）： D:/360AI浏览器下载/dragontail-15.20.1/15.20.1/data/zh_CN/tft-region-portals.json
[2025-10-09 12-40-15][224]已更新文件（Updated file）：离线数据（Offline Data）/ddragon/zh_CN/tft-region-portals.json
[2025-10-09 12-40-15][225]正在校对文件（Checking file）： D:/360AI浏览器下载/dragontail-15.20.1/15.20.1/data/zh_CN/tft-shop-drop-rates-data.json
[2025-10-09 12-40-15][225]已更新文件（Updated file）：离线数据（Offline Data）/ddragon/zh_CN/tft-shop-drop-rates-data.json
[2025-10-09 12-40-15][226]正在校对文件（Checking file）： D:/360AI浏览器下载/dragontail-15.20.1/15.20.1/data/zh_CN/tft-six-cost-drop-rates-data.json
[2025-10-09 12-40-15][226]已更新文件（Updated file）：离线数据（Offline Data）/ddragon/zh_CN/tft-six-cost-drop-rates-data.json
[2025-10-09 12-40-15][227]正在校对文件（Checking file）： D:/360AI浏览器下载/dragontail-15.20.1/15.20.1/data/zh_CN/tft-stage-round-data.json
[2025-10-09 12-40-15][227]已更新文件（Updated file）：离线数据（Offline Data）/ddragon/zh_CN/tft-stage-round-data.json
[2025-10-09 12-40-15][228]正在校对文件（Checking file）： D:/360AI浏览器下载/dragontail-15.20.1/15.20.1/data/zh_CN/tft-tactician.json
[2025-10-09 12-40-15][228]已更新文件（Updated file）：离线数据（Offline Data）/ddragon/zh_CN/tft-tactician.json
[2025-10-09 12-40-15][229]正在校对文件（Checking file）： D:/360AI浏览器下载/dragontail-15.20.1/15.20.1/data/zh_CN/tft-trait.json
[2025-10-09 12-40-15][229]已更新文件（Updated file）：离线数据（Offline Data）/ddragon/zh_CN/tft-trait.json
[2025-10-09 12-40-15][230]正在校对文件（Checking file）： D:/360AI浏览器下载/dragontail-15.20.1/15.20.1/data/zh_CN/champion/Aatrox.json
[2025-10-09 12-40-15][230]已更新文件（Updated file）：离线数据（Offline Data）/ddragon/zh_CN/champion/Aatrox.json
[2025-10-09 12-40-15][231]正在校对文件（Checking file）： D:/360AI浏览器下载/dragontail-15.20.1/15.20.1/data/zh_CN/champion/Ahri.json
[2025-10-09 12-40-15][231]已更新文件（Updated file）：离线数据（Offline Data）/ddragon/zh_CN/champion/Ahri.json
[2025-10-09 12-40-15][232]正在校对文件（Checking file）： D:/360AI浏览器下载/dragontail-15.20.1/15.20.1/data/zh_CN/champion/Akali.json
[2025-10-09 12-40-15][232]已更新文件（Updated file）：离线数据（Offline Data）/ddragon/zh_CN/champion/Akali.json
[2025-10-09 12-40-15][233]正在校对文件（Checking file）： D:/360AI浏览器下载/dragontail-15.20.1/15.20.1/data/zh_CN/champion/Akshan.json
[2025-10-09 12-40-15][233]已更新文件（Updated file）：离线数据（Offline Data）/ddragon/zh_CN/champion/Akshan.json
[2025-10-09 12-40-15][234]正在校对文件（Checking file）： D:/360AI浏览器下载/dragontail-15.20.1/15.20.1/data/zh_CN/champion/Alistar.json
[2025-10-09 12-40-15][234]已更新文件（Updated file）：离线数据（Offline Data）/ddragon/zh_CN/champion/Alistar.json
[2025-10-09 12-40-15][235]正在校对文件（Checking file）： D:/360AI浏览器下载/dragontail-15.20.1/15.20.1/data/zh_CN/champion/Ambessa.json
[2025-10-09 12-40-15][235]已更新文件（Updated file）：离线数据（Offline Data）/ddragon/zh_CN/champion/Ambessa.json
[2025-10-09 12-40-15][236]正在校对文件（Checking file）： D:/360AI浏览器下载/dragontail-15.20.1/15.20.1/data/zh_CN/champion/Amumu.json
[2025-10-09 12-40-15][236]已更新文件（Updated file）：离线数据（Offline Data）/ddragon/zh_CN/champion/Amumu.json
[2025-10-09 12-40-15][237]正在校对文件（Checking file）： D:/360AI浏览器下载/dragontail-15.20.1/15.20.1/data/zh_CN/champion/Anivia.json
[2025-10-09 12-40-15][237]已更新文件（Updated file）：离线数据（Offline Data）/ddragon/zh_CN/champion/Anivia.json
[2025-10-09 12-40-15][238]正在校对文件（Checking file）： D:/360AI浏览器下载/dragontail-15.20.1/15.20.1/data/zh_CN/champion/Annie.json
[2025-10-09 12-40-15][238]已更新文件（Updated file）：离线数据（Offline Data）/ddragon/zh_CN/champion/Annie.json
[2025-10-09 12-40-15][239]正在校对文件（Checking file）： D:/360AI浏览器下载/dragontail-15.20.1/15.20.1/data/zh_CN/champion/Aphelios.json
[2025-10-09 12-40-15][239]已更新文件（Updated file）：离线数据（Offline Data）/ddragon/zh_CN/champion/Aphelios.json
[2025-10-09 12-40-15][240]正在校对文件（Checking file）： D:/360AI浏览器下载/dragontail-15.20.1/15.20.1/data/zh_CN/champion/Ashe.json
[2025-10-09 12-40-15][240]已更新文件（Updated file）：离线数据（Offline Data）/ddragon/zh_CN/champion/Ashe.json
[2025-10-09 12-40-15][241]正在校对文件（Checking file）： D:/360AI浏览器下载/dragontail-15.20.1/15.20.1/data/zh_CN/champion/AurelionSol.json
[2025-10-09 12-40-15][241]已更新文件（Updated file）：离线数据（Offline Data）/ddragon/zh_CN/champion/AurelionSol.json
[2025-10-09 12-40-15][242]正在校对文件（Checking file）： D:/360AI浏览器下载/dragontail-15.20.1/15.20.1/data/zh_CN/champion/Aurora.json
[2025-10-09 12-40-15][242]已更新文件（Updated file）：离线数据（Offline Data）/ddragon/zh_CN/champion/Aurora.json
[2025-10-09 12-40-15][243]正在校对文件（Checking file）： D:/360AI浏览器下载/dragontail-15.20.1/15.20.1/data/zh_CN/champion/Azir.json
[2025-10-09 12-40-15][243]已更新文件（Updated file）：离线数据（Offline Data）/ddragon/zh_CN/champion/Azir.json
[2025-10-09 12-40-15][244]正在校对文件（Checking file）： D:/360AI浏览器下载/dragontail-15.20.1/15.20.1/data/zh_CN/champion/Bard.json
[2025-10-09 12-40-15][244]已更新文件（Updated file）：离线数据（Offline Data）/ddragon/zh_CN/champion/Bard.json
[2025-10-09 12-40-15][245]正在校对文件（Checking file）： D:/360AI浏览器下载/dragontail-15.20.1/15.20.1/data/zh_CN/champion/Belveth.json
[2025-10-09 12-40-15][245]已更新文件（Updated file）：离线数据（Offline Data）/ddragon/zh_CN/champion/Belveth.json
[2025-10-09 12-40-15][246]正在校对文件（Checking file）： D:/360AI浏览器下载/dragontail-15.20.1/15.20.1/data/zh_CN/champion/Blitzcrank.json
[2025-10-09 12-40-15][246]已更新文件（Updated file）：离线数据（Offline Data）/ddragon/zh_CN/champion/Blitzcrank.json
[2025-10-09 12-40-15][247]正在校对文件（Checking file）： D:/360AI浏览器下载/dragontail-15.20.1/15.20.1/data/zh_CN/champion/Brand.json
[2025-10-09 12-40-15][247]已更新文件（Updated file）：离线数据（Offline Data）/ddragon/zh_CN/champion/Brand.json
[2025-10-09 12-40-15][248]正在校对文件（Checking file）： D:/360AI浏览器下载/dragontail-15.20.1/15.20.1/data/zh_CN/champion/Braum.json
[2025-10-09 12-40-15][248]已更新文件（Updated file）：离线数据（Offline Data）/ddragon/zh_CN/champion/Braum.json
[2025-10-09 12-40-15][249]正在校对文件（Checking file）： D:/360AI浏览器下载/dragontail-15.20.1/15.20.1/data/zh_CN/champion/Briar.json
[2025-10-09 12-40-15][249]已更新文件（Updated file）：离线数据（Offline Data）/ddragon/zh_CN/champion/Briar.json
[2025-10-09 12-40-15][250]正在校对文件（Checking file）： D:/360AI浏览器下载/dragontail-15.20.1/15.20.1/data/zh_CN/champion/Caitlyn.json
[2025-10-09 12-40-15][250]已更新文件（Updated file）：离线数据（Offline Data）/ddragon/zh_CN/champion/Caitlyn.json
[2025-10-09 12-40-15][251]正在校对文件（Checking file）： D:/360AI浏览器下载/dragontail-15.20.1/15.20.1/data/zh_CN/champion/Camille.json
[2025-10-09 12-40-15][251]已更新文件（Updated file）：离线数据（Offline Data）/ddragon/zh_CN/champion/Camille.json
[2025-10-09 12-40-15][252]正在校对文件（Checking file）： D:/360AI浏览器下载/dragontail-15.20.1/15.20.1/data/zh_CN/champion/Cassiopeia.json
[2025-10-09 12-40-15][252]已更新文件（Updated file）：离线数据（Offline Data）/ddragon/zh_CN/champion/Cassiopeia.json
[2025-10-09 12-40-15][253]正在校对文件（Checking file）： D:/360AI浏览器下载/dragontail-15.20.1/15.20.1/data/zh_CN/champion/Chogath.json
[2025-10-09 12-40-15][253]已更新文件（Updated file）：离线数据（Offline Data）/ddragon/zh_CN/champion/Chogath.json
[2025-10-09 12-40-15][254]正在校对文件（Checking file）： D:/360AI浏览器下载/dragontail-15.20.1/15.20.1/data/zh_CN/champion/Corki.json
[2025-10-09 12-40-15][254]已更新文件（Updated file）：离线数据（Offline Data）/ddragon/zh_CN/champion/Corki.json
[2025-10-09 12-40-15][255]正在校对文件（Checking file）： D:/360AI浏览器下载/dragontail-15.20.1/15.20.1/data/zh_CN/champion/Darius.json
[2025-10-09 12-40-15][255]已更新文件（Updated file）：离线数据（Offline Data）/ddragon/zh_CN/champion/Darius.json
[2025-10-09 12-40-15][256]正在校对文件（Checking file）： D:/360AI浏览器下载/dragontail-15.20.1/15.20.1/data/zh_CN/champion/Diana.json
[2025-10-09 12-40-15][256]已更新文件（Updated file）：离线数据（Offline Data）/ddragon/zh_CN/champion/Diana.json
[2025-10-09 12-40-15][257]正在校对文件（Checking file）： D:/360AI浏览器下载/dragontail-15.20.1/15.20.1/data/zh_CN/champion/Draven.json
[2025-10-09 12-40-15][257]已更新文件（Updated file）：离线数据（Offline Data）/ddragon/zh_CN/champion/Draven.json
[2025-10-09 12-40-15][258]正在校对文件（Checking file）： D:/360AI浏览器下载/dragontail-15.20.1/15.20.1/data/zh_CN/champion/DrMundo.json
[2025-10-09 12-40-15][258]已更新文件（Updated file）：离线数据（Offline Data）/ddragon/zh_CN/champion/DrMundo.json
[2025-10-09 12-40-15][259]正在校对文件（Checking file）： D:/360AI浏览器下载/dragontail-15.20.1/15.20.1/data/zh_CN/champion/Ekko.json
[2025-10-09 12-40-15][259]已更新文件（Updated file）：离线数据（Offline Data）/ddragon/zh_CN/champion/Ekko.json
[2025-10-09 12-40-15][260]正在校对文件（Checking file）： D:/360AI浏览器下载/dragontail-15.20.1/15.20.1/data/zh_CN/champion/Elise.json
[2025-10-09 12-40-15][260]已更新文件（Updated file）：离线数据（Offline Data）/ddragon/zh_CN/champion/Elise.json
[2025-10-09 12-40-15][261]正在校对文件（Checking file）： D:/360AI浏览器下载/dragontail-15.20.1/15.20.1/data/zh_CN/champion/Evelynn.json
[2025-10-09 12-40-15][261]已更新文件（Updated file）：离线数据（Offline Data）/ddragon/zh_CN/champion/Evelynn.json
[2025-10-09 12-40-15][262]正在校对文件（Checking file）： D:/360AI浏览器下载/dragontail-15.20.1/15.20.1/data/zh_CN/champion/Ezreal.json
[2025-10-09 12-40-15][262]已更新文件（Updated file）：离线数据（Offline Data）/ddragon/zh_CN/champion/Ezreal.json
[2025-10-09 12-40-15][263]正在校对文件（Checking file）： D:/360AI浏览器下载/dragontail-15.20.1/15.20.1/data/zh_CN/champion/Fiddlesticks.json
[2025-10-09 12-40-15][263]已更新文件（Updated file）：离线数据（Offline Data）/ddragon/zh_CN/champion/Fiddlesticks.json
[2025-10-09 12-40-15][264]正在校对文件（Checking file）： D:/360AI浏览器下载/dragontail-15.20.1/15.20.1/data/zh_CN/champion/Fiora.json
[2025-10-09 12-40-15][264]已更新文件（Updated file）：离线数据（Offline Data）/ddragon/zh_CN/champion/Fiora.json
[2025-10-09 12-40-15][265]正在校对文件（Checking file）： D:/360AI浏览器下载/dragontail-15.20.1/15.20.1/data/zh_CN/champion/Fizz.json
[2025-10-09 12-40-15][265]已更新文件（Updated file）：离线数据（Offline Data）/ddragon/zh_CN/champion/Fizz.json
[2025-10-09 12-40-15][266]正在校对文件（Checking file）： D:/360AI浏览器下载/dragontail-15.20.1/15.20.1/data/zh_CN/champion/Galio.json
[2025-10-09 12-40-15][266]已更新文件（Updated file）：离线数据（Offline Data）/ddragon/zh_CN/champion/Galio.json
[2025-10-09 12-40-15][267]正在校对文件（Checking file）： D:/360AI浏览器下载/dragontail-15.20.1/15.20.1/data/zh_CN/champion/Gangplank.json
[2025-10-09 12-40-15][267]已更新文件（Updated file）：离线数据（Offline Data）/ddragon/zh_CN/champion/Gangplank.json
[2025-10-09 12-40-15][268]正在校对文件（Checking file）： D:/360AI浏览器下载/dragontail-15.20.1/15.20.1/data/zh_CN/champion/Garen.json
[2025-10-09 12-40-15][268]已更新文件（Updated file）：离线数据（Offline Data）/ddragon/zh_CN/champion/Garen.json
[2025-10-09 12-40-15][269]正在校对文件（Checking file）： D:/360AI浏览器下载/dragontail-15.20.1/15.20.1/data/zh_CN/champion/Gnar.json
[2025-10-09 12-40-15][269]已更新文件（Updated file）：离线数据（Offline Data）/ddragon/zh_CN/champion/Gnar.json
[2025-10-09 12-40-15][270]正在校对文件（Checking file）： D:/360AI浏览器下载/dragontail-15.20.1/15.20.1/data/zh_CN/champion/Gragas.json
[2025-10-09 12-40-15][270]已更新文件（Updated file）：离线数据（Offline Data）/ddragon/zh_CN/champion/Gragas.json
[2025-10-09 12-40-15][271]正在校对文件（Checking file）： D:/360AI浏览器下载/dragontail-15.20.1/15.20.1/data/zh_CN/champion/Graves.json
[2025-10-09 12-40-15][271]已更新文件（Updated file）：离线数据（Offline Data）/ddragon/zh_CN/champion/Graves.json
[2025-10-09 12-40-15][272]正在校对文件（Checking file）： D:/360AI浏览器下载/dragontail-15.20.1/15.20.1/data/zh_CN/champion/Gwen.json
[2025-10-09 12-40-15][272]已更新文件（Updated file）：离线数据（Offline Data）/ddragon/zh_CN/champion/Gwen.json
[2025-10-09 12-40-15][273]正在校对文件（Checking file）： D:/360AI浏览器下载/dragontail-15.20.1/15.20.1/data/zh_CN/champion/Hecarim.json
[2025-10-09 12-40-15][273]已更新文件（Updated file）：离线数据（Offline Data）/ddragon/zh_CN/champion/Hecarim.json
[2025-10-09 12-40-15][274]正在校对文件（Checking file）： D:/360AI浏览器下载/dragontail-15.20.1/15.20.1/data/zh_CN/champion/Heimerdinger.json
[2025-10-09 12-40-15][274]已更新文件（Updated file）：离线数据（Offline Data）/ddragon/zh_CN/champion/Heimerdinger.json
[2025-10-09 12-40-15][275]正在校对文件（Checking file）： D:/360AI浏览器下载/dragontail-15.20.1/15.20.1/data/zh_CN/champion/Hwei.json
[2025-10-09 12-40-15][275]已更新文件（Updated file）：离线数据（Offline Data）/ddragon/zh_CN/champion/Hwei.json
[2025-10-09 12-40-15][276]正在校对文件（Checking file）： D:/360AI浏览器下载/dragontail-15.20.1/15.20.1/data/zh_CN/champion/Illaoi.json
[2025-10-09 12-40-15][276]已更新文件（Updated file）：离线数据（Offline Data）/ddragon/zh_CN/champion/Illaoi.json
[2025-10-09 12-40-15][277]正在校对文件（Checking file）： D:/360AI浏览器下载/dragontail-15.20.1/15.20.1/data/zh_CN/champion/Irelia.json
[2025-10-09 12-40-15][277]已更新文件（Updated file）：离线数据（Offline Data）/ddragon/zh_CN/champion/Irelia.json
[2025-10-09 12-40-15][278]正在校对文件（Checking file）： D:/360AI浏览器下载/dragontail-15.20.1/15.20.1/data/zh_CN/champion/Ivern.json
[2025-10-09 12-40-15][278]已更新文件（Updated file）：离线数据（Offline Data）/ddragon/zh_CN/champion/Ivern.json
[2025-10-09 12-40-15][279]正在校对文件（Checking file）： D:/360AI浏览器下载/dragontail-15.20.1/15.20.1/data/zh_CN/champion/Janna.json
[2025-10-09 12-40-15][279]已更新文件（Updated file）：离线数据（Offline Data）/ddragon/zh_CN/champion/Janna.json
[2025-10-09 12-40-15][280]正在校对文件（Checking file）： D:/360AI浏览器下载/dragontail-15.20.1/15.20.1/data/zh_CN/champion/JarvanIV.json
[2025-10-09 12-40-15][280]已更新文件（Updated file）：离线数据（Offline Data）/ddragon/zh_CN/champion/JarvanIV.json
[2025-10-09 12-40-15][281]正在校对文件（Checking file）： D:/360AI浏览器下载/dragontail-15.20.1/15.20.1/data/zh_CN/champion/Jax.json
[2025-10-09 12-40-15][281]已更新文件（Updated file）：离线数据（Offline Data）/ddragon/zh_CN/champion/Jax.json
[2025-10-09 12-40-15][282]正在校对文件（Checking file）： D:/360AI浏览器下载/dragontail-15.20.1/15.20.1/data/zh_CN/champion/Jayce.json
[2025-10-09 12-40-15][282]已更新文件（Updated file）：离线数据（Offline Data）/ddragon/zh_CN/champion/Jayce.json
[2025-10-09 12-40-15][283]正在校对文件（Checking file）： D:/360AI浏览器下载/dragontail-15.20.1/15.20.1/data/zh_CN/champion/Jhin.json
[2025-10-09 12-40-15][283]已更新文件（Updated file）：离线数据（Offline Data）/ddragon/zh_CN/champion/Jhin.json
[2025-10-09 12-40-15][284]正在校对文件（Checking file）： D:/360AI浏览器下载/dragontail-15.20.1/15.20.1/data/zh_CN/champion/Jinx.json
[2025-10-09 12-40-15][284]已更新文件（Updated file）：离线数据（Offline Data）/ddragon/zh_CN/champion/Jinx.json
[2025-10-09 12-40-15][285]正在校对文件（Checking file）： D:/360AI浏览器下载/dragontail-15.20.1/15.20.1/data/zh_CN/champion/Kaisa.json
[2025-10-09 12-40-15][285]已更新文件（Updated file）：离线数据（Offline Data）/ddragon/zh_CN/champion/Kaisa.json
[2025-10-09 12-40-15][286]正在校对文件（Checking file）： D:/360AI浏览器下载/dragontail-15.20.1/15.20.1/data/zh_CN/champion/Kalista.json
[2025-10-09 12-40-15][286]已更新文件（Updated file）：离线数据（Offline Data）/ddragon/zh_CN/champion/Kalista.json
[2025-10-09 12-40-15][287]正在校对文件（Checking file）： D:/360AI浏览器下载/dragontail-15.20.1/15.20.1/data/zh_CN/champion/Karma.json
[2025-10-09 12-40-15][287]已更新文件（Updated file）：离线数据（Offline Data）/ddragon/zh_CN/champion/Karma.json
[2025-10-09 12-40-15][288]正在校对文件（Checking file）： D:/360AI浏览器下载/dragontail-15.20.1/15.20.1/data/zh_CN/champion/Karthus.json
[2025-10-09 12-40-15][288]已更新文件（Updated file）：离线数据（Offline Data）/ddragon/zh_CN/champion/Karthus.json
[2025-10-09 12-40-15][289]正在校对文件（Checking file）： D:/360AI浏览器下载/dragontail-15.20.1/15.20.1/data/zh_CN/champion/Kassadin.json
[2025-10-09 12-40-15][289]已更新文件（Updated file）：离线数据（Offline Data）/ddragon/zh_CN/champion/Kassadin.json
[2025-10-09 12-40-15][290]正在校对文件（Checking file）： D:/360AI浏览器下载/dragontail-15.20.1/15.20.1/data/zh_CN/champion/Katarina.json
[2025-10-09 12-40-15][290]已更新文件（Updated file）：离线数据（Offline Data）/ddragon/zh_CN/champion/Katarina.json
[2025-10-09 12-40-15][291]正在校对文件（Checking file）： D:/360AI浏览器下载/dragontail-15.20.1/15.20.1/data/zh_CN/champion/Kayle.json
[2025-10-09 12-40-15][291]已更新文件（Updated file）：离线数据（Offline Data）/ddragon/zh_CN/champion/Kayle.json
[2025-10-09 12-40-15][292]正在校对文件（Checking file）： D:/360AI浏览器下载/dragontail-15.20.1/15.20.1/data/zh_CN/champion/Kayn.json
[2025-10-09 12-40-15][292]已更新文件（Updated file）：离线数据（Offline Data）/ddragon/zh_CN/champion/Kayn.json
[2025-10-09 12-40-15][293]正在校对文件（Checking file）： D:/360AI浏览器下载/dragontail-15.20.1/15.20.1/data/zh_CN/champion/Kennen.json
[2025-10-09 12-40-15][293]已更新文件（Updated file）：离线数据（Offline Data）/ddragon/zh_CN/champion/Kennen.json
[2025-10-09 12-40-15][294]正在校对文件（Checking file）： D:/360AI浏览器下载/dragontail-15.20.1/15.20.1/data/zh_CN/champion/Khazix.json
[2025-10-09 12-40-15][294]已更新文件（Updated file）：离线数据（Offline Data）/ddragon/zh_CN/champion/Khazix.json
[2025-10-09 12-40-15][295]正在校对文件（Checking file）： D:/360AI浏览器下载/dragontail-15.20.1/15.20.1/data/zh_CN/champion/Kindred.json
[2025-10-09 12-40-15][295]已更新文件（Updated file）：离线数据（Offline Data）/ddragon/zh_CN/champion/Kindred.json
[2025-10-09 12-40-15][296]正在校对文件（Checking file）： D:/360AI浏览器下载/dragontail-15.20.1/15.20.1/data/zh_CN/champion/Kled.json
[2025-10-09 12-40-15][296]已更新文件（Updated file）：离线数据（Offline Data）/ddragon/zh_CN/champion/Kled.json
[2025-10-09 12-40-15][297]正在校对文件（Checking file）： D:/360AI浏览器下载/dragontail-15.20.1/15.20.1/data/zh_CN/champion/KogMaw.json
[2025-10-09 12-40-15][297]已更新文件（Updated file）：离线数据（Offline Data）/ddragon/zh_CN/champion/KogMaw.json
[2025-10-09 12-40-15][298]正在校对文件（Checking file）： D:/360AI浏览器下载/dragontail-15.20.1/15.20.1/data/zh_CN/champion/KSante.json
[2025-10-09 12-40-15][298]已更新文件（Updated file）：离线数据（Offline Data）/ddragon/zh_CN/champion/KSante.json
[2025-10-09 12-40-15][299]正在校对文件（Checking file）： D:/360AI浏览器下载/dragontail-15.20.1/15.20.1/data/zh_CN/champion/Leblanc.json
[2025-10-09 12-40-15][299]已更新文件（Updated file）：离线数据（Offline Data）/ddragon/zh_CN/champion/Leblanc.json
[2025-10-09 12-40-15][300]正在校对文件（Checking file）： D:/360AI浏览器下载/dragontail-15.20.1/15.20.1/data/zh_CN/champion/LeeSin.json
[2025-10-09 12-40-15][300]已更新文件（Updated file）：离线数据（Offline Data）/ddragon/zh_CN/champion/LeeSin.json
[2025-10-09 12-40-15][301]正在校对文件（Checking file）： D:/360AI浏览器下载/dragontail-15.20.1/15.20.1/data/zh_CN/champion/Leona.json
[2025-10-09 12-40-15][301]已更新文件（Updated file）：离线数据（Offline Data）/ddragon/zh_CN/champion/Leona.json
[2025-10-09 12-40-15][302]正在校对文件（Checking file）： D:/360AI浏览器下载/dragontail-15.20.1/15.20.1/data/zh_CN/champion/Lillia.json
[2025-10-09 12-40-15][302]已更新文件（Updated file）：离线数据（Offline Data）/ddragon/zh_CN/champion/Lillia.json
[2025-10-09 12-40-15][303]正在校对文件（Checking file）： D:/360AI浏览器下载/dragontail-15.20.1/15.20.1/data/zh_CN/champion/Lissandra.json
[2025-10-09 12-40-15][303]已更新文件（Updated file）：离线数据（Offline Data）/ddragon/zh_CN/champion/Lissandra.json
[2025-10-09 12-40-15][304]正在校对文件（Checking file）： D:/360AI浏览器下载/dragontail-15.20.1/15.20.1/data/zh_CN/champion/Lucian.json
[2025-10-09 12-40-15][304]已更新文件（Updated file）：离线数据（Offline Data）/ddragon/zh_CN/champion/Lucian.json
[2025-10-09 12-40-15][305]正在校对文件（Checking file）： D:/360AI浏览器下载/dragontail-15.20.1/15.20.1/data/zh_CN/champion/Lulu.json
[2025-10-09 12-40-15][305]已更新文件（Updated file）：离线数据（Offline Data）/ddragon/zh_CN/champion/Lulu.json
[2025-10-09 12-40-15][306]正在校对文件（Checking file）： D:/360AI浏览器下载/dragontail-15.20.1/15.20.1/data/zh_CN/champion/Lux.json
[2025-10-09 12-40-15][306]已更新文件（Updated file）：离线数据（Offline Data）/ddragon/zh_CN/champion/Lux.json
[2025-10-09 12-40-15][307]正在校对文件（Checking file）： D:/360AI浏览器下载/dragontail-15.20.1/15.20.1/data/zh_CN/champion/Malphite.json
[2025-10-09 12-40-15][307]已更新文件（Updated file）：离线数据（Offline Data）/ddragon/zh_CN/champion/Malphite.json
[2025-10-09 12-40-15][308]正在校对文件（Checking file）： D:/360AI浏览器下载/dragontail-15.20.1/15.20.1/data/zh_CN/champion/Malzahar.json
[2025-10-09 12-40-15][308]已更新文件（Updated file）：离线数据（Offline Data）/ddragon/zh_CN/champion/Malzahar.json
[2025-10-09 12-40-15][309]正在校对文件（Checking file）： D:/360AI浏览器下载/dragontail-15.20.1/15.20.1/data/zh_CN/champion/Maokai.json
[2025-10-09 12-40-15][309]已更新文件（Updated file）：离线数据（Offline Data）/ddragon/zh_CN/champion/Maokai.json
[2025-10-09 12-40-15][310]正在校对文件（Checking file）： D:/360AI浏览器下载/dragontail-15.20.1/15.20.1/data/zh_CN/champion/MasterYi.json
[2025-10-09 12-40-15][310]已更新文件（Updated file）：离线数据（Offline Data）/ddragon/zh_CN/champion/MasterYi.json
[2025-10-09 12-40-15][311]正在校对文件（Checking file）： D:/360AI浏览器下载/dragontail-15.20.1/15.20.1/data/zh_CN/champion/Mel.json
[2025-10-09 12-40-15][311]已更新文件（Updated file）：离线数据（Offline Data）/ddragon/zh_CN/champion/Mel.json
[2025-10-09 12-40-15][312]正在校对文件（Checking file）： D:/360AI浏览器下载/dragontail-15.20.1/15.20.1/data/zh_CN/champion/Milio.json
[2025-10-09 12-40-15][312]已更新文件（Updated file）：离线数据（Offline Data）/ddragon/zh_CN/champion/Milio.json
[2025-10-09 12-40-15][313]正在校对文件（Checking file）： D:/360AI浏览器下载/dragontail-15.20.1/15.20.1/data/zh_CN/champion/MissFortune.json
[2025-10-09 12-40-15][313]已更新文件（Updated file）：离线数据（Offline Data）/ddragon/zh_CN/champion/MissFortune.json
[2025-10-09 12-40-15][314]正在校对文件（Checking file）： D:/360AI浏览器下载/dragontail-15.20.1/15.20.1/data/zh_CN/champion/MonkeyKing.json
[2025-10-09 12-40-15][314]已更新文件（Updated file）：离线数据（Offline Data）/ddragon/zh_CN/champion/MonkeyKing.json
[2025-10-09 12-40-15][315]正在校对文件（Checking file）： D:/360AI浏览器下载/dragontail-15.20.1/15.20.1/data/zh_CN/champion/Mordekaiser.json
[2025-10-09 12-40-15][315]已更新文件（Updated file）：离线数据（Offline Data）/ddragon/zh_CN/champion/Mordekaiser.json
[2025-10-09 12-40-15][316]正在校对文件（Checking file）： D:/360AI浏览器下载/dragontail-15.20.1/15.20.1/data/zh_CN/champion/Morgana.json
[2025-10-09 12-40-15][316]已更新文件（Updated file）：离线数据（Offline Data）/ddragon/zh_CN/champion/Morgana.json
[2025-10-09 12-40-15][317]正在校对文件（Checking file）： D:/360AI浏览器下载/dragontail-15.20.1/15.20.1/data/zh_CN/champion/Naafiri.json
[2025-10-09 12-40-15][317]已更新文件（Updated file）：离线数据（Offline Data）/ddragon/zh_CN/champion/Naafiri.json
[2025-10-09 12-40-15][318]正在校对文件（Checking file）： D:/360AI浏览器下载/dragontail-15.20.1/15.20.1/data/zh_CN/champion/Nami.json
[2025-10-09 12-40-15][318]已更新文件（Updated file）：离线数据（Offline Data）/ddragon/zh_CN/champion/Nami.json
[2025-10-09 12-40-15][319]正在校对文件（Checking file）： D:/360AI浏览器下载/dragontail-15.20.1/15.20.1/data/zh_CN/champion/Nasus.json
[2025-10-09 12-40-15][319]已更新文件（Updated file）：离线数据（Offline Data）/ddragon/zh_CN/champion/Nasus.json
[2025-10-09 12-40-15][320]正在校对文件（Checking file）： D:/360AI浏览器下载/dragontail-15.20.1/15.20.1/data/zh_CN/champion/Nautilus.json
[2025-10-09 12-40-15][320]已更新文件（Updated file）：离线数据（Offline Data）/ddragon/zh_CN/champion/Nautilus.json
[2025-10-09 12-40-15][321]正在校对文件（Checking file）： D:/360AI浏览器下载/dragontail-15.20.1/15.20.1/data/zh_CN/champion/Neeko.json
[2025-10-09 12-40-15][321]已更新文件（Updated file）：离线数据（Offline Data）/ddragon/zh_CN/champion/Neeko.json
[2025-10-09 12-40-15][322]正在校对文件（Checking file）： D:/360AI浏览器下载/dragontail-15.20.1/15.20.1/data/zh_CN/champion/Nidalee.json
[2025-10-09 12-40-15][322]已更新文件（Updated file）：离线数据（Offline Data）/ddragon/zh_CN/champion/Nidalee.json
[2025-10-09 12-40-15][323]正在校对文件（Checking file）： D:/360AI浏览器下载/dragontail-15.20.1/15.20.1/data/zh_CN/champion/Nilah.json
[2025-10-09 12-40-15][323]已更新文件（Updated file）：离线数据（Offline Data）/ddragon/zh_CN/champion/Nilah.json
[2025-10-09 12-40-15][324]正在校对文件（Checking file）： D:/360AI浏览器下载/dragontail-15.20.1/15.20.1/data/zh_CN/champion/Nocturne.json
[2025-10-09 12-40-15][324]已更新文件（Updated file）：离线数据（Offline Data）/ddragon/zh_CN/champion/Nocturne.json
[2025-10-09 12-40-15][325]正在校对文件（Checking file）： D:/360AI浏览器下载/dragontail-15.20.1/15.20.1/data/zh_CN/champion/Nunu.json
[2025-10-09 12-40-15][325]已更新文件（Updated file）：离线数据（Offline Data）/ddragon/zh_CN/champion/Nunu.json
[2025-10-09 12-40-15][326]正在校对文件（Checking file）： D:/360AI浏览器下载/dragontail-15.20.1/15.20.1/data/zh_CN/champion/Olaf.json
[2025-10-09 12-40-16][326]已更新文件（Updated file）：离线数据（Offline Data）/ddragon/zh_CN/champion/Olaf.json
[2025-10-09 12-40-16][327]正在校对文件（Checking file）： D:/360AI浏览器下载/dragontail-15.20.1/15.20.1/data/zh_CN/champion/Orianna.json
[2025-10-09 12-40-16][327]已更新文件（Updated file）：离线数据（Offline Data）/ddragon/zh_CN/champion/Orianna.json
[2025-10-09 12-40-16][328]正在校对文件（Checking file）： D:/360AI浏览器下载/dragontail-15.20.1/15.20.1/data/zh_CN/champion/Ornn.json
[2025-10-09 12-40-16][328]已更新文件（Updated file）：离线数据（Offline Data）/ddragon/zh_CN/champion/Ornn.json
[2025-10-09 12-40-16][329]正在校对文件（Checking file）： D:/360AI浏览器下载/dragontail-15.20.1/15.20.1/data/zh_CN/champion/Pantheon.json
[2025-10-09 12-40-16][329]已更新文件（Updated file）：离线数据（Offline Data）/ddragon/zh_CN/champion/Pantheon.json
[2025-10-09 12-40-16][330]正在校对文件（Checking file）： D:/360AI浏览器下载/dragontail-15.20.1/15.20.1/data/zh_CN/champion/Poppy.json
[2025-10-09 12-40-16][330]已更新文件（Updated file）：离线数据（Offline Data）/ddragon/zh_CN/champion/Poppy.json
[2025-10-09 12-40-16][331]正在校对文件（Checking file）： D:/360AI浏览器下载/dragontail-15.20.1/15.20.1/data/zh_CN/champion/Pyke.json
[2025-10-09 12-40-16][331]已更新文件（Updated file）：离线数据（Offline Data）/ddragon/zh_CN/champion/Pyke.json
[2025-10-09 12-40-16][332]正在校对文件（Checking file）： D:/360AI浏览器下载/dragontail-15.20.1/15.20.1/data/zh_CN/champion/Qiyana.json
[2025-10-09 12-40-16][332]已更新文件（Updated file）：离线数据（Offline Data）/ddragon/zh_CN/champion/Qiyana.json
[2025-10-09 12-40-16][333]正在校对文件（Checking file）： D:/360AI浏览器下载/dragontail-15.20.1/15.20.1/data/zh_CN/champion/Quinn.json
[2025-10-09 12-40-16][333]已更新文件（Updated file）：离线数据（Offline Data）/ddragon/zh_CN/champion/Quinn.json
[2025-10-09 12-40-16][334]正在校对文件（Checking file）： D:/360AI浏览器下载/dragontail-15.20.1/15.20.1/data/zh_CN/champion/Rakan.json
[2025-10-09 12-40-16][334]已更新文件（Updated file）：离线数据（Offline Data）/ddragon/zh_CN/champion/Rakan.json
[2025-10-09 12-40-16][335]正在校对文件（Checking file）： D:/360AI浏览器下载/dragontail-15.20.1/15.20.1/data/zh_CN/champion/Rammus.json
[2025-10-09 12-40-16][335]已更新文件（Updated file）：离线数据（Offline Data）/ddragon/zh_CN/champion/Rammus.json
[2025-10-09 12-40-16][336]正在校对文件（Checking file）： D:/360AI浏览器下载/dragontail-15.20.1/15.20.1/data/zh_CN/champion/RekSai.json
[2025-10-09 12-40-16][336]已更新文件（Updated file）：离线数据（Offline Data）/ddragon/zh_CN/champion/RekSai.json
[2025-10-09 12-40-16][337]正在校对文件（Checking file）： D:/360AI浏览器下载/dragontail-15.20.1/15.20.1/data/zh_CN/champion/Rell.json
[2025-10-09 12-40-16][337]已更新文件（Updated file）：离线数据（Offline Data）/ddragon/zh_CN/champion/Rell.json
[2025-10-09 12-40-16][338]正在校对文件（Checking file）： D:/360AI浏览器下载/dragontail-15.20.1/15.20.1/data/zh_CN/champion/Renata.json
[2025-10-09 12-40-16][338]已更新文件（Updated file）：离线数据（Offline Data）/ddragon/zh_CN/champion/Renata.json
[2025-10-09 12-40-16][339]正在校对文件（Checking file）： D:/360AI浏览器下载/dragontail-15.20.1/15.20.1/data/zh_CN/champion/Renekton.json
[2025-10-09 12-40-16][339]已更新文件（Updated file）：离线数据（Offline Data）/ddragon/zh_CN/champion/Renekton.json
[2025-10-09 12-40-16][340]正在校对文件（Checking file）： D:/360AI浏览器下载/dragontail-15.20.1/15.20.1/data/zh_CN/champion/Rengar.json
[2025-10-09 12-40-16][340]已更新文件（Updated file）：离线数据（Offline Data）/ddragon/zh_CN/champion/Rengar.json
[2025-10-09 12-40-16][341]正在校对文件（Checking file）： D:/360AI浏览器下载/dragontail-15.20.1/15.20.1/data/zh_CN/champion/Riven.json
[2025-10-09 12-40-16][341]已更新文件（Updated file）：离线数据（Offline Data）/ddragon/zh_CN/champion/Riven.json
[2025-10-09 12-40-16][342]正在校对文件（Checking file）： D:/360AI浏览器下载/dragontail-15.20.1/15.20.1/data/zh_CN/champion/Rumble.json
[2025-10-09 12-40-16][342]已更新文件（Updated file）：离线数据（Offline Data）/ddragon/zh_CN/champion/Rumble.json
[2025-10-09 12-40-16][343]正在校对文件（Checking file）： D:/360AI浏览器下载/dragontail-15.20.1/15.20.1/data/zh_CN/champion/Ryze.json
[2025-10-09 12-40-16][343]已更新文件（Updated file）：离线数据（Offline Data）/ddragon/zh_CN/champion/Ryze.json
[2025-10-09 12-40-16][344]正在校对文件（Checking file）： D:/360AI浏览器下载/dragontail-15.20.1/15.20.1/data/zh_CN/champion/Samira.json
[2025-10-09 12-40-16][344]已更新文件（Updated file）：离线数据（Offline Data）/ddragon/zh_CN/champion/Samira.json
[2025-10-09 12-40-16][345]正在校对文件（Checking file）： D:/360AI浏览器下载/dragontail-15.20.1/15.20.1/data/zh_CN/champion/Sejuani.json
[2025-10-09 12-40-16][345]已更新文件（Updated file）：离线数据（Offline Data）/ddragon/zh_CN/champion/Sejuani.json
[2025-10-09 12-40-16][346]正在校对文件（Checking file）： D:/360AI浏览器下载/dragontail-15.20.1/15.20.1/data/zh_CN/champion/Senna.json
[2025-10-09 12-40-16][346]已更新文件（Updated file）：离线数据（Offline Data）/ddragon/zh_CN/champion/Senna.json
[2025-10-09 12-40-16][347]正在校对文件（Checking file）： D:/360AI浏览器下载/dragontail-15.20.1/15.20.1/data/zh_CN/champion/Seraphine.json
[2025-10-09 12-40-16][347]已更新文件（Updated file）：离线数据（Offline Data）/ddragon/zh_CN/champion/Seraphine.json
[2025-10-09 12-40-16][348]正在校对文件（Checking file）： D:/360AI浏览器下载/dragontail-15.20.1/15.20.1/data/zh_CN/champion/Sett.json
[2025-10-09 12-40-16][348]已更新文件（Updated file）：离线数据（Offline Data）/ddragon/zh_CN/champion/Sett.json
[2025-10-09 12-40-16][349]正在校对文件（Checking file）： D:/360AI浏览器下载/dragontail-15.20.1/15.20.1/data/zh_CN/champion/Shaco.json
[2025-10-09 12-40-16][349]已更新文件（Updated file）：离线数据（Offline Data）/ddragon/zh_CN/champion/Shaco.json
[2025-10-09 12-40-16][350]正在校对文件（Checking file）： D:/360AI浏览器下载/dragontail-15.20.1/15.20.1/data/zh_CN/champion/Shen.json
[2025-10-09 12-40-16][350]已更新文件（Updated file）：离线数据（Offline Data）/ddragon/zh_CN/champion/Shen.json
[2025-10-09 12-40-16][351]正在校对文件（Checking file）： D:/360AI浏览器下载/dragontail-15.20.1/15.20.1/data/zh_CN/champion/Shyvana.json
[2025-10-09 12-40-16][351]已更新文件（Updated file）：离线数据（Offline Data）/ddragon/zh_CN/champion/Shyvana.json
[2025-10-09 12-40-16][352]正在校对文件（Checking file）： D:/360AI浏览器下载/dragontail-15.20.1/15.20.1/data/zh_CN/champion/Singed.json
[2025-10-09 12-40-16][352]已更新文件（Updated file）：离线数据（Offline Data）/ddragon/zh_CN/champion/Singed.json
[2025-10-09 12-40-16][353]正在校对文件（Checking file）： D:/360AI浏览器下载/dragontail-15.20.1/15.20.1/data/zh_CN/champion/Sion.json
[2025-10-09 12-40-16][353]已更新文件（Updated file）：离线数据（Offline Data）/ddragon/zh_CN/champion/Sion.json
[2025-10-09 12-40-16][354]正在校对文件（Checking file）： D:/360AI浏览器下载/dragontail-15.20.1/15.20.1/data/zh_CN/champion/Sivir.json
[2025-10-09 12-40-16][354]已更新文件（Updated file）：离线数据（Offline Data）/ddragon/zh_CN/champion/Sivir.json
[2025-10-09 12-40-16][355]正在校对文件（Checking file）： D:/360AI浏览器下载/dragontail-15.20.1/15.20.1/data/zh_CN/champion/Skarner.json
[2025-10-09 12-40-16][355]已更新文件（Updated file）：离线数据（Offline Data）/ddragon/zh_CN/champion/Skarner.json
[2025-10-09 12-40-16][356]正在校对文件（Checking file）： D:/360AI浏览器下载/dragontail-15.20.1/15.20.1/data/zh_CN/champion/Smolder.json
[2025-10-09 12-40-16][356]已更新文件（Updated file）：离线数据（Offline Data）/ddragon/zh_CN/champion/Smolder.json
[2025-10-09 12-40-16][357]正在校对文件（Checking file）： D:/360AI浏览器下载/dragontail-15.20.1/15.20.1/data/zh_CN/champion/Sona.json
[2025-10-09 12-40-16][357]已更新文件（Updated file）：离线数据（Offline Data）/ddragon/zh_CN/champion/Sona.json
[2025-10-09 12-40-16][358]正在校对文件（Checking file）： D:/360AI浏览器下载/dragontail-15.20.1/15.20.1/data/zh_CN/champion/Soraka.json
[2025-10-09 12-40-16][358]已更新文件（Updated file）：离线数据（Offline Data）/ddragon/zh_CN/champion/Soraka.json
[2025-10-09 12-40-16][359]正在校对文件（Checking file）： D:/360AI浏览器下载/dragontail-15.20.1/15.20.1/data/zh_CN/champion/Swain.json
[2025-10-09 12-40-16][359]已更新文件（Updated file）：离线数据（Offline Data）/ddragon/zh_CN/champion/Swain.json
[2025-10-09 12-40-16][360]正在校对文件（Checking file）： D:/360AI浏览器下载/dragontail-15.20.1/15.20.1/data/zh_CN/champion/Sylas.json
[2025-10-09 12-40-16][360]已更新文件（Updated file）：离线数据（Offline Data）/ddragon/zh_CN/champion/Sylas.json
[2025-10-09 12-40-16][361]正在校对文件（Checking file）： D:/360AI浏览器下载/dragontail-15.20.1/15.20.1/data/zh_CN/champion/Syndra.json
[2025-10-09 12-40-16][361]已更新文件（Updated file）：离线数据（Offline Data）/ddragon/zh_CN/champion/Syndra.json
[2025-10-09 12-40-16][362]正在校对文件（Checking file）： D:/360AI浏览器下载/dragontail-15.20.1/15.20.1/data/zh_CN/champion/TahmKench.json
[2025-10-09 12-40-16][362]已更新文件（Updated file）：离线数据（Offline Data）/ddragon/zh_CN/champion/TahmKench.json
[2025-10-09 12-40-16][363]正在校对文件（Checking file）： D:/360AI浏览器下载/dragontail-15.20.1/15.20.1/data/zh_CN/champion/Taliyah.json
[2025-10-09 12-40-16][363]已更新文件（Updated file）：离线数据（Offline Data）/ddragon/zh_CN/champion/Taliyah.json
[2025-10-09 12-40-16][364]正在校对文件（Checking file）： D:/360AI浏览器下载/dragontail-15.20.1/15.20.1/data/zh_CN/champion/Talon.json
[2025-10-09 12-40-16][364]已更新文件（Updated file）：离线数据（Offline Data）/ddragon/zh_CN/champion/Talon.json
[2025-10-09 12-40-16][365]正在校对文件（Checking file）： D:/360AI浏览器下载/dragontail-15.20.1/15.20.1/data/zh_CN/champion/Taric.json
[2025-10-09 12-40-16][365]已更新文件（Updated file）：离线数据（Offline Data）/ddragon/zh_CN/champion/Taric.json
[2025-10-09 12-40-16][366]正在校对文件（Checking file）： D:/360AI浏览器下载/dragontail-15.20.1/15.20.1/data/zh_CN/champion/Teemo.json
[2025-10-09 12-40-16][366]已更新文件（Updated file）：离线数据（Offline Data）/ddragon/zh_CN/champion/Teemo.json
[2025-10-09 12-40-16][367]正在校对文件（Checking file）： D:/360AI浏览器下载/dragontail-15.20.1/15.20.1/data/zh_CN/champion/Thresh.json
[2025-10-09 12-40-16][367]已更新文件（Updated file）：离线数据（Offline Data）/ddragon/zh_CN/champion/Thresh.json
[2025-10-09 12-40-16][368]正在校对文件（Checking file）： D:/360AI浏览器下载/dragontail-15.20.1/15.20.1/data/zh_CN/champion/Tristana.json
[2025-10-09 12-40-16][368]已更新文件（Updated file）：离线数据（Offline Data）/ddragon/zh_CN/champion/Tristana.json
[2025-10-09 12-40-16][369]正在校对文件（Checking file）： D:/360AI浏览器下载/dragontail-15.20.1/15.20.1/data/zh_CN/champion/Trundle.json
[2025-10-09 12-40-16][369]已更新文件（Updated file）：离线数据（Offline Data）/ddragon/zh_CN/champion/Trundle.json
[2025-10-09 12-40-16][370]正在校对文件（Checking file）： D:/360AI浏览器下载/dragontail-15.20.1/15.20.1/data/zh_CN/champion/Tryndamere.json
[2025-10-09 12-40-16][370]已更新文件（Updated file）：离线数据（Offline Data）/ddragon/zh_CN/champion/Tryndamere.json
[2025-10-09 12-40-16][371]正在校对文件（Checking file）： D:/360AI浏览器下载/dragontail-15.20.1/15.20.1/data/zh_CN/champion/TwistedFate.json
[2025-10-09 12-40-16][371]已更新文件（Updated file）：离线数据（Offline Data）/ddragon/zh_CN/champion/TwistedFate.json
[2025-10-09 12-40-16][372]正在校对文件（Checking file）： D:/360AI浏览器下载/dragontail-15.20.1/15.20.1/data/zh_CN/champion/Twitch.json
[2025-10-09 12-40-16][372]已更新文件（Updated file）：离线数据（Offline Data）/ddragon/zh_CN/champion/Twitch.json
[2025-10-09 12-40-16][373]正在校对文件（Checking file）： D:/360AI浏览器下载/dragontail-15.20.1/15.20.1/data/zh_CN/champion/Udyr.json
[2025-10-09 12-40-16][373]已更新文件（Updated file）：离线数据（Offline Data）/ddragon/zh_CN/champion/Udyr.json
[2025-10-09 12-40-16][374]正在校对文件（Checking file）： D:/360AI浏览器下载/dragontail-15.20.1/15.20.1/data/zh_CN/champion/Urgot.json
[2025-10-09 12-40-16][374]已更新文件（Updated file）：离线数据（Offline Data）/ddragon/zh_CN/champion/Urgot.json
[2025-10-09 12-40-16][375]正在校对文件（Checking file）： D:/360AI浏览器下载/dragontail-15.20.1/15.20.1/data/zh_CN/champion/Varus.json
[2025-10-09 12-40-16][375]已更新文件（Updated file）：离线数据（Offline Data）/ddragon/zh_CN/champion/Varus.json
[2025-10-09 12-40-16][376]正在校对文件（Checking file）： D:/360AI浏览器下载/dragontail-15.20.1/15.20.1/data/zh_CN/champion/Vayne.json
[2025-10-09 12-40-16][376]已更新文件（Updated file）：离线数据（Offline Data）/ddragon/zh_CN/champion/Vayne.json
[2025-10-09 12-40-16][377]正在校对文件（Checking file）： D:/360AI浏览器下载/dragontail-15.20.1/15.20.1/data/zh_CN/champion/Veigar.json
[2025-10-09 12-40-16][377]已更新文件（Updated file）：离线数据（Offline Data）/ddragon/zh_CN/champion/Veigar.json
[2025-10-09 12-40-16][378]正在校对文件（Checking file）： D:/360AI浏览器下载/dragontail-15.20.1/15.20.1/data/zh_CN/champion/Velkoz.json
[2025-10-09 12-40-16][378]已更新文件（Updated file）：离线数据（Offline Data）/ddragon/zh_CN/champion/Velkoz.json
[2025-10-09 12-40-16][379]正在校对文件（Checking file）： D:/360AI浏览器下载/dragontail-15.20.1/15.20.1/data/zh_CN/champion/Vex.json
[2025-10-09 12-40-16][379]已更新文件（Updated file）：离线数据（Offline Data）/ddragon/zh_CN/champion/Vex.json
[2025-10-09 12-40-16][380]正在校对文件（Checking file）： D:/360AI浏览器下载/dragontail-15.20.1/15.20.1/data/zh_CN/champion/Vi.json
[2025-10-09 12-40-16][380]已更新文件（Updated file）：离线数据（Offline Data）/ddragon/zh_CN/champion/Vi.json
[2025-10-09 12-40-16][381]正在校对文件（Checking file）： D:/360AI浏览器下载/dragontail-15.20.1/15.20.1/data/zh_CN/champion/Viego.json
[2025-10-09 12-40-16][381]已更新文件（Updated file）：离线数据（Offline Data）/ddragon/zh_CN/champion/Viego.json
[2025-10-09 12-40-16][382]正在校对文件（Checking file）： D:/360AI浏览器下载/dragontail-15.20.1/15.20.1/data/zh_CN/champion/Viktor.json
[2025-10-09 12-40-16][382]已更新文件（Updated file）：离线数据（Offline Data）/ddragon/zh_CN/champion/Viktor.json
[2025-10-09 12-40-16][383]正在校对文件（Checking file）： D:/360AI浏览器下载/dragontail-15.20.1/15.20.1/data/zh_CN/champion/Vladimir.json
[2025-10-09 12-40-16][383]已更新文件（Updated file）：离线数据（Offline Data）/ddragon/zh_CN/champion/Vladimir.json
[2025-10-09 12-40-16][384]正在校对文件（Checking file）： D:/360AI浏览器下载/dragontail-15.20.1/15.20.1/data/zh_CN/champion/Volibear.json
[2025-10-09 12-40-16][384]已更新文件（Updated file）：离线数据（Offline Data）/ddragon/zh_CN/champion/Volibear.json
[2025-10-09 12-40-16][385]正在校对文件（Checking file）： D:/360AI浏览器下载/dragontail-15.20.1/15.20.1/data/zh_CN/champion/Warwick.json
[2025-10-09 12-40-16][385]已更新文件（Updated file）：离线数据（Offline Data）/ddragon/zh_CN/champion/Warwick.json
[2025-10-09 12-40-16][386]正在校对文件（Checking file）： D:/360AI浏览器下载/dragontail-15.20.1/15.20.1/data/zh_CN/champion/Xayah.json
[2025-10-09 12-40-16][386]已更新文件（Updated file）：离线数据（Offline Data）/ddragon/zh_CN/champion/Xayah.json
[2025-10-09 12-40-16][387]正在校对文件（Checking file）： D:/360AI浏览器下载/dragontail-15.20.1/15.20.1/data/zh_CN/champion/Xerath.json
[2025-10-09 12-40-16][387]已更新文件（Updated file）：离线数据（Offline Data）/ddragon/zh_CN/champion/Xerath.json
[2025-10-09 12-40-16][388]正在校对文件（Checking file）： D:/360AI浏览器下载/dragontail-15.20.1/15.20.1/data/zh_CN/champion/XinZhao.json
[2025-10-09 12-40-16][388]已更新文件（Updated file）：离线数据（Offline Data）/ddragon/zh_CN/champion/XinZhao.json
[2025-10-09 12-40-16][389]正在校对文件（Checking file）： D:/360AI浏览器下载/dragontail-15.20.1/15.20.1/data/zh_CN/champion/Yasuo.json
[2025-10-09 12-40-16][389]已更新文件（Updated file）：离线数据（Offline Data）/ddragon/zh_CN/champion/Yasuo.json
[2025-10-09 12-40-16][390]正在校对文件（Checking file）： D:/360AI浏览器下载/dragontail-15.20.1/15.20.1/data/zh_CN/champion/Yone.json
[2025-10-09 12-40-16][390]已更新文件（Updated file）：离线数据（Offline Data）/ddragon/zh_CN/champion/Yone.json
[2025-10-09 12-40-16][391]正在校对文件（Checking file）： D:/360AI浏览器下载/dragontail-15.20.1/15.20.1/data/zh_CN/champion/Yorick.json
[2025-10-09 12-40-16][391]已更新文件（Updated file）：离线数据（Offline Data）/ddragon/zh_CN/champion/Yorick.json
[2025-10-09 12-40-16][392]正在校对文件（Checking file）： D:/360AI浏览器下载/dragontail-15.20.1/15.20.1/data/zh_CN/champion/Yunara.json
[2025-10-09 12-40-16][392]已更新文件（Updated file）：离线数据（Offline Data）/ddragon/zh_CN/champion/Yunara.json
[2025-10-09 12-40-16][393]正在校对文件（Checking file）： D:/360AI浏览器下载/dragontail-15.20.1/15.20.1/data/zh_CN/champion/Yuumi.json
[2025-10-09 12-40-16][393]已更新文件（Updated file）：离线数据（Offline Data）/ddragon/zh_CN/champion/Yuumi.json
[2025-10-09 12-40-16][394]正在校对文件（Checking file）： D:/360AI浏览器下载/dragontail-15.20.1/15.20.1/data/zh_CN/champion/Zac.json
[2025-10-09 12-40-16][394]已更新文件（Updated file）：离线数据（Offline Data）/ddragon/zh_CN/champion/Zac.json
[2025-10-09 12-40-16][395]正在校对文件（Checking file）： D:/360AI浏览器下载/dragontail-15.20.1/15.20.1/data/zh_CN/champion/Zed.json
[2025-10-09 12-40-16][395]已更新文件（Updated file）：离线数据（Offline Data）/ddragon/zh_CN/champion/Zed.json
[2025-10-09 12-40-16][396]正在校对文件（Checking file）： D:/360AI浏览器下载/dragontail-15.20.1/15.20.1/data/zh_CN/champion/Zeri.json
[2025-10-09 12-40-16][396]已更新文件（Updated file）：离线数据（Offline Data）/ddragon/zh_CN/champion/Zeri.json
[2025-10-09 12-40-16][397]正在校对文件（Checking file）： D:/360AI浏览器下载/dragontail-15.20.1/15.20.1/data/zh_CN/champion/Ziggs.json
[2025-10-09 12-40-16][397]已更新文件（Updated file）：离线数据（Offline Data）/ddragon/zh_CN/champion/Ziggs.json
[2025-10-09 12-40-16][398]正在校对文件（Checking file）： D:/360AI浏览器下载/dragontail-15.20.1/15.20.1/data/zh_CN/champion/Zilean.json
[2025-10-09 12-40-16][398]已更新文件（Updated file）：离线数据（Offline Data）/ddragon/zh_CN/champion/Zilean.json
[2025-10-09 12-40-16][399]正在校对文件（Checking file）： D:/360AI浏览器下载/dragontail-15.20.1/15.20.1/data/zh_CN/champion/Zoe.json
[2025-10-09 12-40-16][399]已更新文件（Updated file）：离线数据（Offline Data）/ddragon/zh_CN/champion/Zoe.json
[2025-10-09 12-40-16][400]正在校对文件（Checking file）： D:/360AI浏览器下载/dragontail-15.20.1/15.20.1/data/zh_CN/champion/Zyra.json
[2025-10-09 12-40-16][400]已更新文件（Updated file）：离线数据（Offline Data）/ddragon/zh_CN/champion/Zyra.json
[2025-10-09 12-40-16][401]正在校对文件（Checking file）： https://ddragon.leagueoflegends.com/api/versions.json
[2025-10-09 12-40-17][401]已更新文件（Updated file）：离线数据（Offline Data）/versions.json
请选择要更新的数据资源，输入空字符串以退出程序：
Please select the data resource to update, or submit an empty string to exit the program:
1	CommunityDragon
2	DataDragon
[2025-10-09 12-40-58]
[The program has exited!]
