请选择要更新的数据资源，输入空字符串以退出程序：
Please select the data resource to update, or submit an empty string to exit the program:
1	CommunityDragon
2	DataDragon
[2025-09-13 14-06-50]1
请选择要更新的数据资源：
Please select the data resources to update:
☆1	主要文件（默认）【Major files (by default)】
2	自行指定（Specify manually）
[2025-09-13 14-06-51]
请选择更新模式：
Please select the update mode:
1	全局扫描（Global Scan）
☆2	按修改时间更新（默认）【Updating According to Modification Time (by default)】
[2025-09-13 14-06-51]
请选择一种方式指定修改时间：
Please select a method of specifying the modification time:
☆1	自动获取（默认）【Automatically get (by default)】
2	手动输入（Manually input）
[2025-09-13 14-06-51]
[2025-09-13 14-06-51][1/18]正在检查文件夹（Checking the folder）：https://raw.communitydragon.org/latest/
[2025-09-13 14-06-51]页面新文件列表如下：
New file list is as follows: 
Empty DataFrame
Columns: [file, size, web_date, web_timestamp, local_date, local_timestamp]
Index: []
[2025-09-13 14-06-51][2/18]正在检查文件夹（Checking the folder）：https://raw.communitydragon.org/latest/cdragon/arena/
[2025-09-13 14-06-52]页面新文件列表如下：
New file list is as follows: 
Empty DataFrame
Columns: [file, size, web_date, web_timestamp, local_date, local_timestamp]
Index: []
[2025-09-13 14-06-52][3/18]正在检查文件夹（Checking the folder）：https://raw.communitydragon.org/latest/cdragon/tft/
[2025-09-13 14-06-53]页面新文件列表如下：
New file list is as follows: 
Empty DataFrame
Columns: [file, size, web_date, web_timestamp, local_date, local_timestamp]
Index: []
[2025-09-13 14-06-53][4/18]正在检查文件夹（Checking the folder）：https://raw.communitydragon.org/latest/plugins/rcp-be-lol-game-data/global/default/v1/champions/
[2025-09-13 14-06-54]页面新文件列表如下：
New file list is as follows: 
Empty DataFrame
Columns: [file, size, web_date, web_timestamp, local_date, local_timestamp]
Index: []
[2025-09-13 14-06-54][5/18]正在检查文件夹（Checking the folder）：https://raw.communitydragon.org/latest/plugins/rcp-be-lol-game-data/global/default/v1/map-assets/
[2025-09-13 14-06-55]页面新文件列表如下：
New file list is as follows: 
Empty DataFrame
Columns: [file, size, web_date, web_timestamp, local_date, local_timestamp]
Index: []
[2025-09-13 14-06-55][6/18]正在检查文件夹（Checking the folder）：https://raw.communitydragon.org/latest/plugins/rcp-be-lol-game-data/global/default/v1/
[2025-09-13 14-06-56]页面新文件列表如下：
New file list is as follows: 
          file             size        web_date         web_timestamp        local_date         local_timestamp 
 tftaugmentpillars.json    93 B    2025-Sep-10 06:12    1757455920.0     1970-01-01 08-00-00           0        
 tfteventpvebuddy.json     92 B    2025-Sep-10 06:12    1757455920.0     1970-01-01 08-00-00           0        
  tfteventpvehub.json      90 B    2025-Sep-10 06:12    1757455920.0     1970-01-01 08-00-00           0        
[2025-09-13 14-06-57][6/18][1/3]正在校对文件（Checking file）： https://raw.communitydragon.org/latest/plugins/rcp-be-lol-game-data/global/default/v1/tftaugmentpillars.json
文件https://raw.communitydragon.org/latest/plugins/rcp-be-lol-game-data/global/default/v1/tftaugmentpillars.json不存在！
File https://raw.communitydragon.org/latest/plugins/rcp-be-lol-game-data/global/default/v1/tftaugmentpillars.json not found!
[2025-09-13 14-06-58][6/18][2/3]正在校对文件（Checking file）： https://raw.communitydragon.org/latest/plugins/rcp-be-lol-game-data/global/default/v1/tfteventpvebuddy.json
文件https://raw.communitydragon.org/latest/plugins/rcp-be-lol-game-data/global/default/v1/tfteventpvebuddy.json不存在！
File https://raw.communitydragon.org/latest/plugins/rcp-be-lol-game-data/global/default/v1/tfteventpvebuddy.json not found!
[2025-09-13 14-06-59][6/18][3/3]正在校对文件（Checking file）： https://raw.communitydragon.org/latest/plugins/rcp-be-lol-game-data/global/default/v1/tfteventpvehub.json
文件https://raw.communitydragon.org/latest/plugins/rcp-be-lol-game-data/global/default/v1/tfteventpvehub.json不存在！
File https://raw.communitydragon.org/latest/plugins/rcp-be-lol-game-data/global/default/v1/tfteventpvehub.json not found!
[2025-09-13 14-07-00][7/18]正在检查文件夹（Checking the folder）：https://raw.communitydragon.org/latest/plugins/rcp-be-lol-game-data/global/zh_cn/v1/champions/
[2025-09-13 14-07-01]页面新文件列表如下：
New file list is as follows: 
Empty DataFrame
Columns: [file, size, web_date, web_timestamp, local_date, local_timestamp]
Index: []
[2025-09-13 14-07-02][8/18]正在检查文件夹（Checking the folder）：https://raw.communitydragon.org/latest/plugins/rcp-be-lol-game-data/global/zh_cn/v1/map-assets/
[2025-09-13 14-07-03]页面新文件列表如下：
New file list is as follows: 
Empty DataFrame
Columns: [file, size, web_date, web_timestamp, local_date, local_timestamp]
Index: []
[2025-09-13 14-07-03][9/18]正在检查文件夹（Checking the folder）：https://raw.communitydragon.org/latest/plugins/rcp-be-lol-game-data/global/zh_cn/v1/
[2025-09-13 14-07-05]页面新文件列表如下：
New file list is as follows: 
          file             size        web_date         web_timestamp        local_date         local_timestamp 
 tftaugmentpillars.json    91 B    2025-Sep-10 06:12    1757455920.0     1970-01-01 08-00-00           0        
 tfteventpvebuddy.json     90 B    2025-Sep-10 06:12    1757455920.0     1970-01-01 08-00-00           0        
  tfteventpvehub.json      88 B    2025-Sep-10 06:12    1757455920.0     1970-01-01 08-00-00           0        
[2025-09-13 14-07-05][9/18][1/3]正在校对文件（Checking file）： https://raw.communitydragon.org/latest/plugins/rcp-be-lol-game-data/global/zh_cn/v1/tftaugmentpillars.json
文件https://raw.communitydragon.org/latest/plugins/rcp-be-lol-game-data/global/zh_cn/v1/tftaugmentpillars.json不存在！
File https://raw.communitydragon.org/latest/plugins/rcp-be-lol-game-data/global/zh_cn/v1/tftaugmentpillars.json not found!
[2025-09-13 14-07-06][9/18][2/3]正在校对文件（Checking file）： https://raw.communitydragon.org/latest/plugins/rcp-be-lol-game-data/global/zh_cn/v1/tfteventpvebuddy.json
文件https://raw.communitydragon.org/latest/plugins/rcp-be-lol-game-data/global/zh_cn/v1/tfteventpvebuddy.json不存在！
File https://raw.communitydragon.org/latest/plugins/rcp-be-lol-game-data/global/zh_cn/v1/tfteventpvebuddy.json not found!
[2025-09-13 14-07-09][9/18][3/3]正在校对文件（Checking file）： https://raw.communitydragon.org/latest/plugins/rcp-be-lol-game-data/global/zh_cn/v1/tfteventpvehub.json
文件https://raw.communitydragon.org/latest/plugins/rcp-be-lol-game-data/global/zh_cn/v1/tfteventpvehub.json不存在！
File https://raw.communitydragon.org/latest/plugins/rcp-be-lol-game-data/global/zh_cn/v1/tfteventpvehub.json not found!
[2025-09-13 14-07-10][10/18]正在检查文件夹（Checking the folder）：https://raw.communitydragon.org/pbe/
[2025-09-13 14-07-11]页面新文件列表如下：
New file list is as follows: 
             file                size        web_date         web_timestamp        local_date          local_timestamp   
 compat-version-metadata.json    62 B    2025-Sep-12 22:52    1757688720.0     2025-09-12 11-58-56    1757649536.5654132 
    content-metadata.json        64 B    2025-Sep-12 22:52    1757688720.0     2025-09-12 11-58-58    1757649538.3147857 
[2025-09-13 14-07-11][10/18][1/2]正在校对文件（Checking file）： https://raw.communitydragon.org/pbe/compat-version-metadata.json
[2025-09-13 14-07-12]已更新文件（Updated file）：离线数据（Offline Data）/cdragon/pbe/compat-version-metadata.json
[2025-09-13 14-07-12][10/18][2/2]正在校对文件（Checking file）： https://raw.communitydragon.org/pbe/content-metadata.json
[2025-09-13 14-07-13]已更新文件（Updated file）：离线数据（Offline Data）/cdragon/pbe/content-metadata.json
[2025-09-13 14-07-13][11/18]正在检查文件夹（Checking the folder）：https://raw.communitydragon.org/pbe/cdragon/arena/
[2025-09-13 14-07-13]页面新文件列表如下：
New file list is as follows: 
    file         size           web_date         web_timestamp        local_date          local_timestamp   
 en_us.json    232.6 KiB    2025-Sep-12 22:54    1757688840.0     2025-09-12 11-59-00    1757649540.7369707 
 zh_cn.json    235.9 KiB    2025-Sep-12 22:54    1757688840.0     2025-09-12 11-59-02    1757649542.5157387 
[2025-09-13 14-07-14][11/18][1/2]正在校对文件（Checking file）： https://raw.communitydragon.org/pbe/cdragon/arena/en_us.json
[2025-09-13 14-07-15][11/18][2/2]正在校对文件（Checking file）： https://raw.communitydragon.org/pbe/cdragon/arena/zh_cn.json
[2025-09-13 14-07-16]已更新文件（Updated file）：离线数据（Offline Data）/cdragon/pbe/cdragon/arena/zh_cn.json
[2025-09-13 14-07-16][12/18]正在检查文件夹（Checking the folder）：https://raw.communitydragon.org/pbe/cdragon/tft/
[2025-09-13 14-07-16]页面新文件列表如下：
New file list is as follows: 
    file         size          web_date         web_timestamp        local_date          local_timestamp   
 en_us.json    19.5 MiB    2025-Sep-12 22:53    1757688780.0     2025-09-12 11-59-09    1757649549.1871142 
 zh_cn.json    19.6 MiB    2025-Sep-12 22:53    1757688780.0     2025-09-12 11-59-15    1757649555.941985  
[2025-09-13 14-07-16][12/18][1/2]正在校对文件（Checking file）： https://raw.communitydragon.org/pbe/cdragon/tft/en_us.json
[2025-09-13 14-07-24]已更新文件（Updated file）：离线数据（Offline Data）/cdragon/pbe/cdragon/tft/en_us.json
[2025-09-13 14-07-24][12/18][2/2]正在校对文件（Checking file）： https://raw.communitydragon.org/pbe/cdragon/tft/zh_cn.json
[2025-09-13 14-07-33]已更新文件（Updated file）：离线数据（Offline Data）/cdragon/pbe/cdragon/tft/zh_cn.json
[2025-09-13 14-07-33][13/18]正在检查文件夹（Checking the folder）：https://raw.communitydragon.org/pbe/plugins/rcp-be-lol-game-data/global/default/v1/champions/
[2025-09-13 14-07-34]页面新文件列表如下：
New file list is as follows: 
   file        size          web_date         web_timestamp        local_date          local_timestamp   
 112.json    26.8 KiB    2025-Sep-12 20:54    1757681640.0     2025-09-10 14-26-40    1757485600.9237106 
 147.json    44.9 KiB    2025-Sep-12 20:54    1757681640.0     2025-08-21 13-04-45    1755752685.6835625 
 245.json    44.0 KiB    2025-Sep-12 22:53    1757688780.0     2025-08-21 13-05-09    1755752709.0850768 
 30.json     33.0 KiB    2025-Sep-12 20:54    1757681640.0     2025-09-10 14-27-07    1757485627.7641785 
[2025-09-13 14-07-35][13/18][1/4]正在校对文件（Checking file）： https://raw.communitydragon.org/pbe/plugins/rcp-be-lol-game-data/global/default/v1/champions/112.json
[2025-09-13 14-07-36]已更新文件（Updated file）：离线数据（Offline Data）/cdragon/pbe/plugins/rcp-be-lol-game-data/global/default/v1/champions/112.json
[2025-09-13 14-07-36][13/18][2/4]正在校对文件（Checking file）： https://raw.communitydragon.org/pbe/plugins/rcp-be-lol-game-data/global/default/v1/champions/147.json
[2025-09-13 14-07-37]已更新文件（Updated file）：离线数据（Offline Data）/cdragon/pbe/plugins/rcp-be-lol-game-data/global/default/v1/champions/147.json
[2025-09-13 14-07-37][13/18][3/4]正在校对文件（Checking file）： https://raw.communitydragon.org/pbe/plugins/rcp-be-lol-game-data/global/default/v1/champions/245.json
[2025-09-13 14-07-38]已更新文件（Updated file）：离线数据（Offline Data）/cdragon/pbe/plugins/rcp-be-lol-game-data/global/default/v1/champions/245.json
[2025-09-13 14-07-38][13/18][4/4]正在校对文件（Checking file）： https://raw.communitydragon.org/pbe/plugins/rcp-be-lol-game-data/global/default/v1/champions/30.json
[2025-09-13 14-07-39]已更新文件（Updated file）：离线数据（Offline Data）/cdragon/pbe/plugins/rcp-be-lol-game-data/global/default/v1/champions/30.json
[2025-09-13 14-07-39][14/18]正在检查文件夹（Checking the folder）：https://raw.communitydragon.org/pbe/plugins/rcp-be-lol-game-data/global/default/v1/map-assets/
[2025-09-13 14-07-40]页面新文件列表如下：
New file list is as follows: 
Empty DataFrame
Columns: [file, size, web_date, web_timestamp, local_date, local_timestamp]
Index: []
[2025-09-13 14-07-40][15/18]正在检查文件夹（Checking the folder）：https://raw.communitydragon.org/pbe/plugins/rcp-be-lol-game-data/global/default/v1/
[2025-09-13 14-07-41]页面新文件列表如下：
New file list is as follows: 
                file                     size           web_date         web_timestamp        local_date          local_timestamp   
 champion-rune-recommendations.json    348.4 KiB    2025-Sep-12 20:54    1757681640.0     2025-09-12 11-59-23    1757649563.662863  
             items.json                495.5 KiB    2025-Sep-12 22:53    1757688780.0     2025-09-11 10-42-58    1757558578.5898285 
         nachobanners.json             18.5 KiB     2025-Sep-12 22:53    1757688780.0     2025-08-15 12-55-18    1755233718.7505207 
             skins.json                 4.9 MiB     2025-Sep-12 22:53    1757688780.0     2025-09-10 14-28-19    1757485699.1166162 
    tftcapmissioncollection.json       133.2 KiB    2025-Sep-12 22:53    1757688780.0     2025-09-11 10-42-59    1757558579.3496404 
           tfttraits.json              423.5 KiB    2025-Sep-12 20:54    1757681640.0     2025-09-12 11-59-37    1757649577.3258035 
[2025-09-13 14-07-42][15/18][1/6]正在校对文件（Checking file）： https://raw.communitydragon.org/pbe/plugins/rcp-be-lol-game-data/global/default/v1/champion-rune-recommendations.json
[2025-09-13 14-07-43]已更新文件（Updated file）：离线数据（Offline Data）/cdragon/pbe/plugins/rcp-be-lol-game-data/global/default/v1/champion-rune-recommendations.json
[2025-09-13 14-07-43][15/18][2/6]正在校对文件（Checking file）： https://raw.communitydragon.org/pbe/plugins/rcp-be-lol-game-data/global/default/v1/items.json
[2025-09-13 14-07-45]已更新文件（Updated file）：离线数据（Offline Data）/cdragon/pbe/plugins/rcp-be-lol-game-data/global/default/v1/items.json
[2025-09-13 14-07-45][15/18][3/6]正在校对文件（Checking file）： https://raw.communitydragon.org/pbe/plugins/rcp-be-lol-game-data/global/default/v1/nachobanners.json
[2025-09-13 14-07-46]已更新文件（Updated file）：离线数据（Offline Data）/cdragon/pbe/plugins/rcp-be-lol-game-data/global/default/v1/nachobanners.json
[2025-09-13 14-07-46][15/18][4/6]正在校对文件（Checking file）： https://raw.communitydragon.org/pbe/plugins/rcp-be-lol-game-data/global/default/v1/skins.json
[2025-09-13 14-07-51]已更新文件（Updated file）：离线数据（Offline Data）/cdragon/pbe/plugins/rcp-be-lol-game-data/global/default/v1/skins.json
[2025-09-13 14-07-51][15/18][5/6]正在校对文件（Checking file）： https://raw.communitydragon.org/pbe/plugins/rcp-be-lol-game-data/global/default/v1/tftcapmissioncollection.json
[2025-09-13 14-07-52]已更新文件（Updated file）：离线数据（Offline Data）/cdragon/pbe/plugins/rcp-be-lol-game-data/global/default/v1/tftcapmissioncollection.json
[2025-09-13 14-07-52][15/18][6/6]正在校对文件（Checking file）： https://raw.communitydragon.org/pbe/plugins/rcp-be-lol-game-data/global/default/v1/tfttraits.json
[2025-09-13 14-07-54]已更新文件（Updated file）：离线数据（Offline Data）/cdragon/pbe/plugins/rcp-be-lol-game-data/global/default/v1/tfttraits.json
[2025-09-13 14-07-54][16/18]正在检查文件夹（Checking the folder）：https://raw.communitydragon.org/pbe/plugins/rcp-be-lol-game-data/global/zh_cn/v1/champions/
[2025-09-13 14-07-56]页面新文件列表如下：
New file list is as follows: 
   file        size          web_date         web_timestamp        local_date          local_timestamp   
 112.json    27.8 KiB    2025-Sep-12 20:54    1757681640.0     2025-09-12 11-59-41    1757649581.2493916 
 147.json    46.4 KiB    2025-Sep-12 20:54    1757681640.0     2025-08-21 13-07-39    1755752859.4476962 
 245.json    46.5 KiB    2025-Sep-12 22:53    1757688780.0     2025-08-21 13-08-21    1755752901.460813  
 30.json     34.3 KiB    2025-Sep-12 20:54    1757681640.0     2025-09-12 11-59-44    1757649584.7079673 
[2025-09-13 14-07-58][16/18][1/4]正在校对文件（Checking file）： https://raw.communitydragon.org/pbe/plugins/rcp-be-lol-game-data/global/zh_cn/v1/champions/112.json
[2025-09-13 14-07-59]已更新文件（Updated file）：离线数据（Offline Data）/cdragon/pbe/plugins/rcp-be-lol-game-data/global/zh_cn/v1/champions/112.json
[2025-09-13 14-07-59][16/18][2/4]正在校对文件（Checking file）： https://raw.communitydragon.org/pbe/plugins/rcp-be-lol-game-data/global/zh_cn/v1/champions/147.json
[2025-09-13 14-08-00]已更新文件（Updated file）：离线数据（Offline Data）/cdragon/pbe/plugins/rcp-be-lol-game-data/global/zh_cn/v1/champions/147.json
[2025-09-13 14-08-00][16/18][3/4]正在校对文件（Checking file）： https://raw.communitydragon.org/pbe/plugins/rcp-be-lol-game-data/global/zh_cn/v1/champions/245.json
[2025-09-13 14-08-01]已更新文件（Updated file）：离线数据（Offline Data）/cdragon/pbe/plugins/rcp-be-lol-game-data/global/zh_cn/v1/champions/245.json
[2025-09-13 14-08-01][16/18][4/4]正在校对文件（Checking file）： https://raw.communitydragon.org/pbe/plugins/rcp-be-lol-game-data/global/zh_cn/v1/champions/30.json
[2025-09-13 14-08-02]已更新文件（Updated file）：离线数据（Offline Data）/cdragon/pbe/plugins/rcp-be-lol-game-data/global/zh_cn/v1/champions/30.json
[2025-09-13 14-08-02][17/18]正在检查文件夹（Checking the folder）：https://raw.communitydragon.org/pbe/plugins/rcp-be-lol-game-data/global/zh_cn/v1/map-assets/
[2025-09-13 14-08-03]页面新文件列表如下：
New file list is as follows: 
Empty DataFrame
Columns: [file, size, web_date, web_timestamp, local_date, local_timestamp]
Index: []
[2025-09-13 14-08-04][18/18]正在检查文件夹（Checking the folder）：https://raw.communitydragon.org/pbe/plugins/rcp-be-lol-game-data/global/zh_cn/v1/
[2025-09-13 14-08-05]页面新文件列表如下：
New file list is as follows: 
             file                  size           web_date         web_timestamp        local_date          local_timestamp   
          items.json             495.2 KiB    2025-Sep-12 20:54    1757681640.0     2025-09-12 11-59-56    1757649596.0299525 
      nachobanners.json          18.5 KiB     2025-Sep-12 22:53    1757688780.0     2025-08-15 12-55-34    1755233734.4995596 
          skins.json              5.2 MiB     2025-Sep-12 22:53    1757688780.0     2025-09-12 12-00-03    1757649603.7692432 
 tftcapmissioncollection.json    139.3 KiB    2025-Sep-12 22:53    1757688780.0     2025-09-12 12-00-09    1757649609.023622  
        tfttraits.json           432.7 KiB    2025-Sep-12 20:54    1757681640.0     2025-09-12 12-00-20    1757649620.326164  
[2025-09-13 14-08-06][18/18][1/5]正在校对文件（Checking file）： https://raw.communitydragon.org/pbe/plugins/rcp-be-lol-game-data/global/zh_cn/v1/items.json
[2025-09-13 14-08-08]已更新文件（Updated file）：离线数据（Offline Data）/cdragon/pbe/plugins/rcp-be-lol-game-data/global/zh_cn/v1/items.json
[2025-09-13 14-08-08][18/18][2/5]正在校对文件（Checking file）： https://raw.communitydragon.org/pbe/plugins/rcp-be-lol-game-data/global/zh_cn/v1/nachobanners.json
[2025-09-13 14-08-09]已更新文件（Updated file）：离线数据（Offline Data）/cdragon/pbe/plugins/rcp-be-lol-game-data/global/zh_cn/v1/nachobanners.json
[2025-09-13 14-08-09][18/18][3/5]正在校对文件（Checking file）： https://raw.communitydragon.org/pbe/plugins/rcp-be-lol-game-data/global/zh_cn/v1/skins.json
[2025-09-13 14-08-14]已更新文件（Updated file）：离线数据（Offline Data）/cdragon/pbe/plugins/rcp-be-lol-game-data/global/zh_cn/v1/skins.json
[2025-09-13 14-08-14][18/18][4/5]正在校对文件（Checking file）： https://raw.communitydragon.org/pbe/plugins/rcp-be-lol-game-data/global/zh_cn/v1/tftcapmissioncollection.json
[2025-09-13 14-08-16]已更新文件（Updated file）：离线数据（Offline Data）/cdragon/pbe/plugins/rcp-be-lol-game-data/global/zh_cn/v1/tftcapmissioncollection.json
[2025-09-13 14-08-16][18/18][5/5]正在校对文件（Checking file）： https://raw.communitydragon.org/pbe/plugins/rcp-be-lol-game-data/global/zh_cn/v1/tfttraits.json
[2025-09-13 14-08-18]已更新文件（Updated file）：离线数据（Offline Data）/cdragon/pbe/plugins/rcp-be-lol-game-data/global/zh_cn/v1/tfttraits.json
已更新以下24个文件：
Updated the following 24 file(s):
https://raw.communitydragon.org/pbe/compat-version-metadata.json
https://raw.communitydragon.org/pbe/content-metadata.json
https://raw.communitydragon.org/pbe/cdragon/arena/zh_cn.json
https://raw.communitydragon.org/pbe/cdragon/tft/en_us.json
https://raw.communitydragon.org/pbe/cdragon/tft/zh_cn.json
https://raw.communitydragon.org/pbe/plugins/rcp-be-lol-game-data/global/default/v1/champions/112.json
https://raw.communitydragon.org/pbe/plugins/rcp-be-lol-game-data/global/default/v1/champions/147.json
https://raw.communitydragon.org/pbe/plugins/rcp-be-lol-game-data/global/default/v1/champions/245.json
https://raw.communitydragon.org/pbe/plugins/rcp-be-lol-game-data/global/default/v1/champions/30.json
https://raw.communitydragon.org/pbe/plugins/rcp-be-lol-game-data/global/default/v1/champion-rune-recommendations.json
https://raw.communitydragon.org/pbe/plugins/rcp-be-lol-game-data/global/default/v1/items.json
https://raw.communitydragon.org/pbe/plugins/rcp-be-lol-game-data/global/default/v1/nachobanners.json
https://raw.communitydragon.org/pbe/plugins/rcp-be-lol-game-data/global/default/v1/skins.json
https://raw.communitydragon.org/pbe/plugins/rcp-be-lol-game-data/global/default/v1/tftcapmissioncollection.json
https://raw.communitydragon.org/pbe/plugins/rcp-be-lol-game-data/global/default/v1/tfttraits.json
https://raw.communitydragon.org/pbe/plugins/rcp-be-lol-game-data/global/zh_cn/v1/champions/112.json
https://raw.communitydragon.org/pbe/plugins/rcp-be-lol-game-data/global/zh_cn/v1/champions/147.json
https://raw.communitydragon.org/pbe/plugins/rcp-be-lol-game-data/global/zh_cn/v1/champions/245.json
https://raw.communitydragon.org/pbe/plugins/rcp-be-lol-game-data/global/zh_cn/v1/champions/30.json
https://raw.communitydragon.org/pbe/plugins/rcp-be-lol-game-data/global/zh_cn/v1/items.json
https://raw.communitydragon.org/pbe/plugins/rcp-be-lol-game-data/global/zh_cn/v1/nachobanners.json
https://raw.communitydragon.org/pbe/plugins/rcp-be-lol-game-data/global/zh_cn/v1/skins.json
https://raw.communitydragon.org/pbe/plugins/rcp-be-lol-game-data/global/zh_cn/v1/tftcapmissioncollection.json
https://raw.communitydragon.org/pbe/plugins/rcp-be-lol-game-data/global/zh_cn/v1/tfttraits.json

请选择要更新的数据资源，输入空字符串以退出程序：
Please select the data resource to update, or submit an empty string to exit the program:
1	CommunityDragon
2	DataDragon
[2025-09-13 14-30-17]
[The program has exited!]
