请选择要更新的数据资源，输入空字符串以退出程序：
Please select the data resource to update, or submit an empty string to exit the program:
1	CommunityDragon
2	DataDragon
[2025-09-24 11-10-49]1
请选择要更新的数据资源：
Please select the data resources to update:
☆1	主要文件（默认）【Major files (by default)】
2	自行指定（Specify manually）
[2025-09-24 11-10-49]
请选择更新模式：
Please select the update mode:
1	全局扫描（Global Scan）
☆2	按修改时间更新（默认）【Updating According to Modification Time (by default)】
[2025-09-24 11-10-49]
请选择一种方式指定修改时间：
Please select a method of specifying the modification time:
☆1	自动获取（默认）【Automatically get (by default)】
2	手动输入（Manually input）
[2025-09-24 11-10-49]
[2025-09-24 11-10-49][1/18]正在检查文件夹（Checking the folder）：https://raw.communitydragon.org/latest/
[2025-09-24 11-10-55]页面新文件列表如下：
New file list is as follows: 
Empty DataFrame
Columns: [file, size, web_date, web_timestamp, local_date, local_timestamp]
Index: []
[2025-09-24 11-10-55][2/18]正在检查文件夹（Checking the folder）：https://raw.communitydragon.org/latest/cdragon/arena/
[2025-09-24 11-10-55]页面新文件列表如下：
New file list is as follows: 
Empty DataFrame
Columns: [file, size, web_date, web_timestamp, local_date, local_timestamp]
Index: []
[2025-09-24 11-10-55][3/18]正在检查文件夹（Checking the folder）：https://raw.communitydragon.org/latest/cdragon/tft/
[2025-09-24 11-10-56]页面新文件列表如下：
New file list is as follows: 
Empty DataFrame
Columns: [file, size, web_date, web_timestamp, local_date, local_timestamp]
Index: []
[2025-09-24 11-10-56][4/18]正在检查文件夹（Checking the folder）：https://raw.communitydragon.org/latest/plugins/rcp-be-lol-game-data/global/default/v1/champions/
[2025-09-24 11-10-56]页面新文件列表如下：
New file list is as follows: 
Empty DataFrame
Columns: [file, size, web_date, web_timestamp, local_date, local_timestamp]
Index: []
[2025-09-24 11-10-56][5/18]正在检查文件夹（Checking the folder）：https://raw.communitydragon.org/latest/plugins/rcp-be-lol-game-data/global/default/v1/map-assets/
[2025-09-24 11-10-57]页面新文件列表如下：
New file list is as follows: 
Empty DataFrame
Columns: [file, size, web_date, web_timestamp, local_date, local_timestamp]
Index: []
[2025-09-24 11-10-57][6/18]正在检查文件夹（Checking the folder）：https://raw.communitydragon.org/latest/plugins/rcp-be-lol-game-data/global/default/v1/
[2025-09-24 11-10-57]页面新文件列表如下：
New file list is as follows: 
Empty DataFrame
Columns: [file, size, web_date, web_timestamp, local_date, local_timestamp]
Index: []
[2025-09-24 11-10-57][7/18]正在检查文件夹（Checking the folder）：https://raw.communitydragon.org/latest/plugins/rcp-be-lol-game-data/global/zh_cn/v1/champions/
[2025-09-24 11-10-58]页面新文件列表如下：
New file list is as follows: 
Empty DataFrame
Columns: [file, size, web_date, web_timestamp, local_date, local_timestamp]
Index: []
[2025-09-24 11-10-58][8/18]正在检查文件夹（Checking the folder）：https://raw.communitydragon.org/latest/plugins/rcp-be-lol-game-data/global/zh_cn/v1/map-assets/
[2025-09-24 11-10-58]页面新文件列表如下：
New file list is as follows: 
Empty DataFrame
Columns: [file, size, web_date, web_timestamp, local_date, local_timestamp]
Index: []
[2025-09-24 11-10-58][9/18]正在检查文件夹（Checking the folder）：https://raw.communitydragon.org/latest/plugins/rcp-be-lol-game-data/global/zh_cn/v1/
[2025-09-24 11-10-58]页面新文件列表如下：
New file list is as follows: 
Empty DataFrame
Columns: [file, size, web_date, web_timestamp, local_date, local_timestamp]
Index: []
[2025-09-24 11-10-59][10/18]正在检查文件夹（Checking the folder）：https://raw.communitydragon.org/pbe/
[2025-09-24 11-10-59]页面新文件列表如下：
New file list is as follows: 
             file                  size           web_date          web_timestamp        local_date          local_timestamp   
 compat-version-metadata.json    59 Bytes    2025-09-24 04-59-00    1758661140.0     2025-09-23 10-17-01    1758593821.9886534 
    content-metadata.json        61 Bytes    2025-09-24 04-59-00    1758661140.0     2025-09-23 10-17-02    1758593822.3891644 
[2025-09-24 11-10-59][10/18][1/2]正在校对文件（Checking file）： https://raw.communitydragon.org/pbe/compat-version-metadata.json
[2025-09-24 11-10-59]已更新文件（Updated file）：离线数据（Offline Data）/cdragon/pbe/compat-version-metadata.json
[2025-09-24 11-10-59][10/18][2/2]正在校对文件（Checking file）： https://raw.communitydragon.org/pbe/content-metadata.json
[2025-09-24 11-11-00]已更新文件（Updated file）：离线数据（Offline Data）/cdragon/pbe/content-metadata.json
[2025-09-24 11-11-00][11/18]正在检查文件夹（Checking the folder）：https://raw.communitydragon.org/pbe/cdragon/arena/
[2025-09-24 11-11-00]页面新文件列表如下：
New file list is as follows: 
    file         size            web_date          web_timestamp        local_date          local_timestamp   
 en_us.json    232.8 KiB    2025-09-24 05-05-36    1758661536.0     2025-09-23 10-17-03    1758593823.7929385 
 zh_cn.json    234.7 KiB    2025-09-24 05-05-37    1758661537.0     2025-09-23 10-17-04    1758593824.4833145 
[2025-09-24 11-11-00][11/18][1/2]正在校对文件（Checking file）： https://raw.communitydragon.org/pbe/cdragon/arena/en_us.json
[2025-09-24 11-11-01]已更新文件（Updated file）：离线数据（Offline Data）/cdragon/pbe/cdragon/arena/en_us.json
[2025-09-24 11-11-01][11/18][2/2]正在校对文件（Checking file）： https://raw.communitydragon.org/pbe/cdragon/arena/zh_cn.json
[2025-09-24 11-11-01]已更新文件（Updated file）：离线数据（Offline Data）/cdragon/pbe/cdragon/arena/zh_cn.json
[2025-09-24 11-11-01][12/18]正在检查文件夹（Checking the folder）：https://raw.communitydragon.org/pbe/cdragon/tft/
[2025-09-24 11-11-01]页面新文件列表如下：
New file list is as follows: 
    file         size           web_date          web_timestamp        local_date          local_timestamp   
 en_us.json    19.6 MiB    2025-09-24 05-05-21    1758661521.0     2025-09-23 10-17-07    1758593827.8265665 
 zh_cn.json    19.6 MiB    2025-09-24 05-05-24    1758661524.0     2025-09-23 10-17-09    1758593829.6045156 
[2025-09-24 11-11-01][12/18][1/2]正在校对文件（Checking file）： https://raw.communitydragon.org/pbe/cdragon/tft/en_us.json
[2025-09-24 11-11-06]已更新文件（Updated file）：离线数据（Offline Data）/cdragon/pbe/cdragon/tft/en_us.json
[2025-09-24 11-11-06][12/18][2/2]正在校对文件（Checking file）： https://raw.communitydragon.org/pbe/cdragon/tft/zh_cn.json
[2025-09-24 11-11-09]已更新文件（Updated file）：离线数据（Offline Data）/cdragon/pbe/cdragon/tft/zh_cn.json
[2025-09-24 11-11-09][13/18]正在检查文件夹（Checking the folder）：https://raw.communitydragon.org/pbe/plugins/rcp-be-lol-game-data/global/default/v1/champions/
[2025-09-24 11-11-09]页面新文件列表如下：
New file list is as follows: 
   file        size           web_date          web_timestamp        local_date          local_timestamp   
 114.json    66.0 KiB    2025-09-24 05-04-48    1758661488.0     2025-09-10 14-26-46    1757485606.2386217 
 127.json    37.5 KiB    2025-09-24 05-04-48    1758661488.0     2025-08-21 13-04-37    1755752677.5230331 
 145.json    57.6 KiB    2025-09-24 05-04-49    1758661489.0     2025-08-21 13-04-44    1755752684.846546  
 150.json    34.8 KiB    2025-09-24 05-04-49    1758661489.0     2025-09-16 08-38-45    1757983125.6314995 
 16.json     47.6 KiB    2025-09-24 05-04-48    1758661488.0     2025-09-10 14-26-51    1757485611.7783942 
 163.json    23.0 KiB    2025-09-24 05-04-48    1758661488.0     2025-09-05 15-37-33    1757057853.3586614 
 164.json    33.9 KiB    2025-09-24 05-04-49    1758661489.0     2025-08-21 13-04-53    1755752693.380287  
 39.json     47.3 KiB    2025-09-24 05-04-48    1758661488.0     2025-08-21 13-05-24    1755752724.835152  
 497.json    41.3 KiB    2025-09-24 05-04-49    1758661489.0     2025-08-21 13-05-36    1755752736.354846  
 498.json    45.5 KiB    2025-09-24 05-04-49    1758661489.0     2025-08-21 13-05-37    1755752737.1890304 
  5.json     39.4 KiB    2025-09-24 05-04-49    1758661489.0     2025-08-13 12-59-30    1755061170.4437056 
 59.json     43.7 KiB    2025-09-24 05-04-48    1758661488.0     2025-08-21 13-05-49    1755752749.5161138 
  7.json     48.7 KiB    2025-09-24 05-04-48    1758661488.0     2025-08-21 13-05-58    1755752758.5816061 
 81.json     57.7 KiB    2025-09-24 05-04-48    1758661488.0     2025-08-21 13-06-15    1755752775.1346369 
  9.json     40.6 KiB    2025-09-24 05-04-48    1758661488.0     2025-08-21 13-06-27     1755752787.34817  
[2025-09-24 11-11-09][13/18][1/15]正在校对文件（Checking file）： https://raw.communitydragon.org/pbe/plugins/rcp-be-lol-game-data/global/default/v1/champions/114.json
[2025-09-24 11-11-09]已更新文件（Updated file）：离线数据（Offline Data）/cdragon/pbe/plugins/rcp-be-lol-game-data/global/default/v1/champions/114.json
[2025-09-24 11-11-09][13/18][2/15]正在校对文件（Checking file）： https://raw.communitydragon.org/pbe/plugins/rcp-be-lol-game-data/global/default/v1/champions/127.json
[2025-09-24 11-11-10]已更新文件（Updated file）：离线数据（Offline Data）/cdragon/pbe/plugins/rcp-be-lol-game-data/global/default/v1/champions/127.json
[2025-09-24 11-11-10][13/18][3/15]正在校对文件（Checking file）： https://raw.communitydragon.org/pbe/plugins/rcp-be-lol-game-data/global/default/v1/champions/145.json
[2025-09-24 11-11-10]已更新文件（Updated file）：离线数据（Offline Data）/cdragon/pbe/plugins/rcp-be-lol-game-data/global/default/v1/champions/145.json
[2025-09-24 11-11-10][13/18][4/15]正在校对文件（Checking file）： https://raw.communitydragon.org/pbe/plugins/rcp-be-lol-game-data/global/default/v1/champions/150.json
[2025-09-24 11-11-11]已更新文件（Updated file）：离线数据（Offline Data）/cdragon/pbe/plugins/rcp-be-lol-game-data/global/default/v1/champions/150.json
[2025-09-24 11-11-11][13/18][5/15]正在校对文件（Checking file）： https://raw.communitydragon.org/pbe/plugins/rcp-be-lol-game-data/global/default/v1/champions/16.json
[2025-09-24 11-11-11]已更新文件（Updated file）：离线数据（Offline Data）/cdragon/pbe/plugins/rcp-be-lol-game-data/global/default/v1/champions/16.json
[2025-09-24 11-11-11][13/18][6/15]正在校对文件（Checking file）： https://raw.communitydragon.org/pbe/plugins/rcp-be-lol-game-data/global/default/v1/champions/163.json
[2025-09-24 11-11-11]已更新文件（Updated file）：离线数据（Offline Data）/cdragon/pbe/plugins/rcp-be-lol-game-data/global/default/v1/champions/163.json
[2025-09-24 11-11-11][13/18][7/15]正在校对文件（Checking file）： https://raw.communitydragon.org/pbe/plugins/rcp-be-lol-game-data/global/default/v1/champions/164.json
[2025-09-24 11-11-12]已更新文件（Updated file）：离线数据（Offline Data）/cdragon/pbe/plugins/rcp-be-lol-game-data/global/default/v1/champions/164.json
[2025-09-24 11-11-12][13/18][8/15]正在校对文件（Checking file）： https://raw.communitydragon.org/pbe/plugins/rcp-be-lol-game-data/global/default/v1/champions/39.json
[2025-09-24 11-11-12]已更新文件（Updated file）：离线数据（Offline Data）/cdragon/pbe/plugins/rcp-be-lol-game-data/global/default/v1/champions/39.json
[2025-09-24 11-11-12][13/18][9/15]正在校对文件（Checking file）： https://raw.communitydragon.org/pbe/plugins/rcp-be-lol-game-data/global/default/v1/champions/497.json
[2025-09-24 11-11-12]已更新文件（Updated file）：离线数据（Offline Data）/cdragon/pbe/plugins/rcp-be-lol-game-data/global/default/v1/champions/497.json
[2025-09-24 11-11-12][13/18][10/15]正在校对文件（Checking file）： https://raw.communitydragon.org/pbe/plugins/rcp-be-lol-game-data/global/default/v1/champions/498.json
[2025-09-24 11-11-13]已更新文件（Updated file）：离线数据（Offline Data）/cdragon/pbe/plugins/rcp-be-lol-game-data/global/default/v1/champions/498.json
[2025-09-24 11-11-13][13/18][11/15]正在校对文件（Checking file）： https://raw.communitydragon.org/pbe/plugins/rcp-be-lol-game-data/global/default/v1/champions/5.json
[2025-09-24 11-11-13]已更新文件（Updated file）：离线数据（Offline Data）/cdragon/pbe/plugins/rcp-be-lol-game-data/global/default/v1/champions/5.json
[2025-09-24 11-11-13][13/18][12/15]正在校对文件（Checking file）： https://raw.communitydragon.org/pbe/plugins/rcp-be-lol-game-data/global/default/v1/champions/59.json
[2025-09-24 11-11-13]已更新文件（Updated file）：离线数据（Offline Data）/cdragon/pbe/plugins/rcp-be-lol-game-data/global/default/v1/champions/59.json
[2025-09-24 11-11-13][13/18][13/15]正在校对文件（Checking file）： https://raw.communitydragon.org/pbe/plugins/rcp-be-lol-game-data/global/default/v1/champions/7.json
[2025-09-24 11-11-14]已更新文件（Updated file）：离线数据（Offline Data）/cdragon/pbe/plugins/rcp-be-lol-game-data/global/default/v1/champions/7.json
[2025-09-24 11-11-14][13/18][14/15]正在校对文件（Checking file）： https://raw.communitydragon.org/pbe/plugins/rcp-be-lol-game-data/global/default/v1/champions/81.json
[2025-09-24 11-11-14]已更新文件（Updated file）：离线数据（Offline Data）/cdragon/pbe/plugins/rcp-be-lol-game-data/global/default/v1/champions/81.json
[2025-09-24 11-11-14][13/18][15/15]正在校对文件（Checking file）： https://raw.communitydragon.org/pbe/plugins/rcp-be-lol-game-data/global/default/v1/champions/9.json
[2025-09-24 11-11-15]已更新文件（Updated file）：离线数据（Offline Data）/cdragon/pbe/plugins/rcp-be-lol-game-data/global/default/v1/champions/9.json
[2025-09-24 11-11-15][14/18]正在检查文件夹（Checking the folder）：https://raw.communitydragon.org/pbe/plugins/rcp-be-lol-game-data/global/default/v1/map-assets/
[2025-09-24 11-11-15]页面新文件列表如下：
New file list is as follows: 
Empty DataFrame
Columns: [file, size, web_date, web_timestamp, local_date, local_timestamp]
Index: []
[2025-09-24 11-11-15][15/18]正在检查文件夹（Checking the folder）：https://raw.communitydragon.org/pbe/plugins/rcp-be-lol-game-data/global/default/v1/
[2025-09-24 11-11-16]页面新文件列表如下：
New file list is as follows: 
                file                     size            web_date          web_timestamp        local_date          local_timestamp   
 champion-rune-recommendations.json    345.7 KiB    2025-09-24 05-04-48    1758661488.0     2025-09-18 11-59-08    1758167948.8677552 
          companions.json              955.4 KiB    2025-09-24 05-04-48    1758661488.0     2025-09-10 14-27-24    1757485644.646147  
           event-hub.json              116.1 KiB    2025-09-24 05-04-48    1758661488.0     2025-09-05 15-37-35    1757057855.837964  
        generic-assets.json            228.9 KiB    2025-09-24 05-04-48    1758661488.0     2025-09-17 11-25-50    1758079550.697739  
             items.json                495.5 KiB    2025-09-24 05-04-49    1758661489.0     2025-09-17 11-25-51    1758079551.0899024 
             loot.json                  3.0 MiB     2025-09-24 05-04-48    1758661488.0     2025-09-18 11-59-09    1758167949.9221358 
          objectives.json              61.0 KiB     2025-09-24 05-04-48    1758661488.0     2025-09-10 14-28-00    1757485680.4858303 
             perks.json                96.4 KiB     2025-09-24 05-04-48    1758661488.0     2025-09-17 11-25-52    1758079552.8782182 
           skinlines.json              55.9 KiB     2025-09-24 05-04-48    1758661488.0     2025-09-03 08-17-03    1756858623.852574  
             skins.json                 4.9 MiB     2025-09-24 05-04-49    1758661489.0     2025-09-16 08-38-48    1757983128.4218085 
       summoner-banners.json           31.4 KiB     2025-09-24 05-04-48    1758661488.0     2025-06-21 12-10-26    1750479026.0356886 
        summoner-emotes.json           529.4 KiB    2025-09-24 05-04-48    1758661488.0     2025-09-12 11-59-28    1757649568.3400931 
     tftchemtechstoredata.json          7.6 KiB     2025-09-24 05-04-48    1758661488.0     2025-09-10 14-28-38    1757485718.266089  
        tftcontentdata.json            706.7 KiB    2025-09-24 05-04-48    1758661488.0     2025-09-10 14-28-44    1757485724.8903253 
        tftdamageskins.json            90.9 KiB     2025-09-24 05-04-49    1758661489.0     2025-09-10 14-28-49    1757485729.6736054 
   tftrotationalshopitemdata.json       1.9 MiB     2025-09-24 05-04-48    1758661488.0     2025-09-12 11-59-35    1757649575.9636788 
           tfttraits.json              431.9 KiB    2025-09-24 05-04-48    1758661488.0     2025-09-17 11-25-54    1758079554.655623  
    tfttrovesbannerrewards.json        835.4 KiB    2025-09-24 05-04-48    1758661488.0     2025-09-10 14-29-33    1757485773.9520323 
       tfttrovesbanners.json           134.2 KiB    2025-09-24 05-04-48    1758661488.0     2025-09-10 14-29-34    1757485774.7510798 
     tfttrovestablesnames.json         378.8 KiB    2025-09-24 05-04-47    1758661487.0     2025-09-12 11-59-38    1757649578.8662791 
         tftzoomskins.json             14.5 KiB     2025-09-24 05-04-48    1758661488.0     2025-09-10 14-29-40    1757485780.914449  
[2025-09-24 11-11-16][15/18][1/21]正在校对文件（Checking file）： https://raw.communitydragon.org/pbe/plugins/rcp-be-lol-game-data/global/default/v1/champion-rune-recommendations.json
[2025-09-24 11-11-16]已更新文件（Updated file）：离线数据（Offline Data）/cdragon/pbe/plugins/rcp-be-lol-game-data/global/default/v1/champion-rune-recommendations.json
[2025-09-24 11-11-16][15/18][2/21]正在校对文件（Checking file）： https://raw.communitydragon.org/pbe/plugins/rcp-be-lol-game-data/global/default/v1/companions.json
[2025-09-24 11-11-17]已更新文件（Updated file）：离线数据（Offline Data）/cdragon/pbe/plugins/rcp-be-lol-game-data/global/default/v1/companions.json
[2025-09-24 11-11-17][15/18][3/21]正在校对文件（Checking file）： https://raw.communitydragon.org/pbe/plugins/rcp-be-lol-game-data/global/default/v1/event-hub.json
[2025-09-24 11-11-18]已更新文件（Updated file）：离线数据（Offline Data）/cdragon/pbe/plugins/rcp-be-lol-game-data/global/default/v1/event-hub.json
[2025-09-24 11-11-18][15/18][4/21]正在校对文件（Checking file）： https://raw.communitydragon.org/pbe/plugins/rcp-be-lol-game-data/global/default/v1/generic-assets.json
[2025-09-24 11-11-18]已更新文件（Updated file）：离线数据（Offline Data）/cdragon/pbe/plugins/rcp-be-lol-game-data/global/default/v1/generic-assets.json
[2025-09-24 11-11-18][15/18][5/21]正在校对文件（Checking file）： https://raw.communitydragon.org/pbe/plugins/rcp-be-lol-game-data/global/default/v1/items.json
[2025-09-24 11-11-19]已更新文件（Updated file）：离线数据（Offline Data）/cdragon/pbe/plugins/rcp-be-lol-game-data/global/default/v1/items.json
[2025-09-24 11-11-19][15/18][6/21]正在校对文件（Checking file）： https://raw.communitydragon.org/pbe/plugins/rcp-be-lol-game-data/global/default/v1/loot.json
[2025-09-24 11-11-21]已更新文件（Updated file）：离线数据（Offline Data）/cdragon/pbe/plugins/rcp-be-lol-game-data/global/default/v1/loot.json
[2025-09-24 11-11-21][15/18][7/21]正在校对文件（Checking file）： https://raw.communitydragon.org/pbe/plugins/rcp-be-lol-game-data/global/default/v1/objectives.json
[2025-09-24 11-11-21]已更新文件（Updated file）：离线数据（Offline Data）/cdragon/pbe/plugins/rcp-be-lol-game-data/global/default/v1/objectives.json
[2025-09-24 11-11-21][15/18][8/21]正在校对文件（Checking file）： https://raw.communitydragon.org/pbe/plugins/rcp-be-lol-game-data/global/default/v1/perks.json
[2025-09-24 11-11-21]已更新文件（Updated file）：离线数据（Offline Data）/cdragon/pbe/plugins/rcp-be-lol-game-data/global/default/v1/perks.json
[2025-09-24 11-11-21][15/18][9/21]正在校对文件（Checking file）： https://raw.communitydragon.org/pbe/plugins/rcp-be-lol-game-data/global/default/v1/skinlines.json
[2025-09-24 11-11-22]已更新文件（Updated file）：离线数据（Offline Data）/cdragon/pbe/plugins/rcp-be-lol-game-data/global/default/v1/skinlines.json
[2025-09-24 11-11-22][15/18][10/21]正在校对文件（Checking file）： https://raw.communitydragon.org/pbe/plugins/rcp-be-lol-game-data/global/default/v1/skins.json
[2025-09-24 11-11-24]已更新文件（Updated file）：离线数据（Offline Data）/cdragon/pbe/plugins/rcp-be-lol-game-data/global/default/v1/skins.json
[2025-09-24 11-11-24][15/18][11/21]正在校对文件（Checking file）： https://raw.communitydragon.org/pbe/plugins/rcp-be-lol-game-data/global/default/v1/summoner-banners.json
[2025-09-24 11-11-24]已更新文件（Updated file）：离线数据（Offline Data）/cdragon/pbe/plugins/rcp-be-lol-game-data/global/default/v1/summoner-banners.json
[2025-09-24 11-11-24][15/18][12/21]正在校对文件（Checking file）： https://raw.communitydragon.org/pbe/plugins/rcp-be-lol-game-data/global/default/v1/summoner-emotes.json
[2025-09-24 11-11-25]已更新文件（Updated file）：离线数据（Offline Data）/cdragon/pbe/plugins/rcp-be-lol-game-data/global/default/v1/summoner-emotes.json
[2025-09-24 11-11-25][15/18][13/21]正在校对文件（Checking file）： https://raw.communitydragon.org/pbe/plugins/rcp-be-lol-game-data/global/default/v1/tftchemtechstoredata.json
[2025-09-24 11-11-25]已更新文件（Updated file）：离线数据（Offline Data）/cdragon/pbe/plugins/rcp-be-lol-game-data/global/default/v1/tftchemtechstoredata.json
[2025-09-24 11-11-25][15/18][14/21]正在校对文件（Checking file）： https://raw.communitydragon.org/pbe/plugins/rcp-be-lol-game-data/global/default/v1/tftcontentdata.json
[2025-09-24 11-11-26]已更新文件（Updated file）：离线数据（Offline Data）/cdragon/pbe/plugins/rcp-be-lol-game-data/global/default/v1/tftcontentdata.json
[2025-09-24 11-11-26][15/18][15/21]正在校对文件（Checking file）： https://raw.communitydragon.org/pbe/plugins/rcp-be-lol-game-data/global/default/v1/tftdamageskins.json
[2025-09-24 11-11-26]已更新文件（Updated file）：离线数据（Offline Data）/cdragon/pbe/plugins/rcp-be-lol-game-data/global/default/v1/tftdamageskins.json
[2025-09-24 11-11-26][15/18][16/21]正在校对文件（Checking file）： https://raw.communitydragon.org/pbe/plugins/rcp-be-lol-game-data/global/default/v1/tftrotationalshopitemdata.json
[2025-09-24 11-11-27]已更新文件（Updated file）：离线数据（Offline Data）/cdragon/pbe/plugins/rcp-be-lol-game-data/global/default/v1/tftrotationalshopitemdata.json
[2025-09-24 11-11-27][15/18][17/21]正在校对文件（Checking file）： https://raw.communitydragon.org/pbe/plugins/rcp-be-lol-game-data/global/default/v1/tfttraits.json
[2025-09-24 11-11-28]已更新文件（Updated file）：离线数据（Offline Data）/cdragon/pbe/plugins/rcp-be-lol-game-data/global/default/v1/tfttraits.json
[2025-09-24 11-11-28][15/18][18/21]正在校对文件（Checking file）： https://raw.communitydragon.org/pbe/plugins/rcp-be-lol-game-data/global/default/v1/tfttrovesbannerrewards.json
[2025-09-24 11-11-29]已更新文件（Updated file）：离线数据（Offline Data）/cdragon/pbe/plugins/rcp-be-lol-game-data/global/default/v1/tfttrovesbannerrewards.json
[2025-09-24 11-11-29][15/18][19/21]正在校对文件（Checking file）： https://raw.communitydragon.org/pbe/plugins/rcp-be-lol-game-data/global/default/v1/tfttrovesbanners.json
[2025-09-24 11-11-29]已更新文件（Updated file）：离线数据（Offline Data）/cdragon/pbe/plugins/rcp-be-lol-game-data/global/default/v1/tfttrovesbanners.json
[2025-09-24 11-11-29][15/18][20/21]正在校对文件（Checking file）： https://raw.communitydragon.org/pbe/plugins/rcp-be-lol-game-data/global/default/v1/tfttrovestablesnames.json
[2025-09-24 11-11-30]已更新文件（Updated file）：离线数据（Offline Data）/cdragon/pbe/plugins/rcp-be-lol-game-data/global/default/v1/tfttrovestablesnames.json
[2025-09-24 11-11-30][15/18][21/21]正在校对文件（Checking file）： https://raw.communitydragon.org/pbe/plugins/rcp-be-lol-game-data/global/default/v1/tftzoomskins.json
[2025-09-24 11-11-30]已更新文件（Updated file）：离线数据（Offline Data）/cdragon/pbe/plugins/rcp-be-lol-game-data/global/default/v1/tftzoomskins.json
[2025-09-24 11-11-30][16/18]正在检查文件夹（Checking the folder）：https://raw.communitydragon.org/pbe/plugins/rcp-be-lol-game-data/global/zh_cn/v1/champions/
[2025-09-24 11-11-31]页面新文件列表如下：
New file list is as follows: 
   file        size           web_date          web_timestamp        local_date          local_timestamp   
 114.json    70.7 KiB    2025-09-24 05-04-56    1758661496.0     2025-08-21 13-07-22    1755752842.9435048 
 127.json    38.2 KiB    2025-09-24 05-04-56    1758661496.0     2025-08-21 13-07-29     1755752849.97691  
 145.json    59.9 KiB    2025-09-24 05-04-56    1758661496.0     2025-08-21 13-07-38    1755752858.8261757 
 150.json    36.8 KiB    2025-09-24 05-04-56    1758661496.0     2025-09-16 08-38-51    1757983131.3206491 
 16.json     49.2 KiB    2025-09-24 05-04-56    1758661496.0     2025-09-12 11-59-42    1757649582.2424705 
 163.json    24.4 KiB    2025-09-24 05-04-56    1758661496.0     2025-09-05 15-37-39    1757057859.6813674 
 164.json    35.8 KiB    2025-09-24 05-04-56    1758661496.0     2025-08-21 13-07-47    1755752867.4666998 
 39.json     50.0 KiB    2025-09-24 05-04-56    1758661496.0     2025-08-21 13-08-38    1755752918.5914724 
 497.json    43.4 KiB    2025-09-24 05-04-56    1758661496.0     2025-08-21 13-08-52    1755752932.5667953 
 498.json    47.6 KiB    2025-09-24 05-04-56    1758661496.0     2025-08-21 13-08-53    1755752933.7985978 
  5.json     40.4 KiB    2025-09-24 05-04-55    1758661495.0     2025-08-13 13-00-59    1755061259.8763857 
 59.json     46.7 KiB    2025-09-24 05-04-56    1758661496.0     2025-08-21 13-09-11    1755752951.692963  
  7.json     51.0 KiB    2025-09-24 05-04-56    1758661496.0     2025-08-21 13-09-20    1755752960.1828115 
 81.json     60.7 KiB    2025-09-24 05-04-55    1758661495.0     2025-08-21 13-09-30    1755752970.318336  
  9.json     41.2 KiB    2025-09-24 05-04-56    1758661496.0     2025-08-21 13-09-39    1755752979.8903735 
[2025-09-24 11-11-31][16/18][1/15]正在校对文件（Checking file）： https://raw.communitydragon.org/pbe/plugins/rcp-be-lol-game-data/global/zh_cn/v1/champions/114.json
[2025-09-24 11-11-32]已更新文件（Updated file）：离线数据（Offline Data）/cdragon/pbe/plugins/rcp-be-lol-game-data/global/zh_cn/v1/champions/114.json
[2025-09-24 11-11-32][16/18][2/15]正在校对文件（Checking file）： https://raw.communitydragon.org/pbe/plugins/rcp-be-lol-game-data/global/zh_cn/v1/champions/127.json
[2025-09-24 11-11-32]已更新文件（Updated file）：离线数据（Offline Data）/cdragon/pbe/plugins/rcp-be-lol-game-data/global/zh_cn/v1/champions/127.json
[2025-09-24 11-11-32][16/18][3/15]正在校对文件（Checking file）： https://raw.communitydragon.org/pbe/plugins/rcp-be-lol-game-data/global/zh_cn/v1/champions/145.json
[2025-09-24 11-11-33]已更新文件（Updated file）：离线数据（Offline Data）/cdragon/pbe/plugins/rcp-be-lol-game-data/global/zh_cn/v1/champions/145.json
[2025-09-24 11-11-33][16/18][4/15]正在校对文件（Checking file）： https://raw.communitydragon.org/pbe/plugins/rcp-be-lol-game-data/global/zh_cn/v1/champions/150.json
[2025-09-24 11-11-33]已更新文件（Updated file）：离线数据（Offline Data）/cdragon/pbe/plugins/rcp-be-lol-game-data/global/zh_cn/v1/champions/150.json
[2025-09-24 11-11-33][16/18][5/15]正在校对文件（Checking file）： https://raw.communitydragon.org/pbe/plugins/rcp-be-lol-game-data/global/zh_cn/v1/champions/16.json
[2025-09-24 11-11-33]已更新文件（Updated file）：离线数据（Offline Data）/cdragon/pbe/plugins/rcp-be-lol-game-data/global/zh_cn/v1/champions/16.json
[2025-09-24 11-11-33][16/18][6/15]正在校对文件（Checking file）： https://raw.communitydragon.org/pbe/plugins/rcp-be-lol-game-data/global/zh_cn/v1/champions/163.json
[2025-09-24 11-11-34]已更新文件（Updated file）：离线数据（Offline Data）/cdragon/pbe/plugins/rcp-be-lol-game-data/global/zh_cn/v1/champions/163.json
[2025-09-24 11-11-34][16/18][7/15]正在校对文件（Checking file）： https://raw.communitydragon.org/pbe/plugins/rcp-be-lol-game-data/global/zh_cn/v1/champions/164.json
[2025-09-24 11-11-34]已更新文件（Updated file）：离线数据（Offline Data）/cdragon/pbe/plugins/rcp-be-lol-game-data/global/zh_cn/v1/champions/164.json
[2025-09-24 11-11-34][16/18][8/15]正在校对文件（Checking file）： https://raw.communitydragon.org/pbe/plugins/rcp-be-lol-game-data/global/zh_cn/v1/champions/39.json
[2025-09-24 11-11-35]已更新文件（Updated file）：离线数据（Offline Data）/cdragon/pbe/plugins/rcp-be-lol-game-data/global/zh_cn/v1/champions/39.json
[2025-09-24 11-11-35][16/18][9/15]正在校对文件（Checking file）： https://raw.communitydragon.org/pbe/plugins/rcp-be-lol-game-data/global/zh_cn/v1/champions/497.json
[2025-09-24 11-11-35]已更新文件（Updated file）：离线数据（Offline Data）/cdragon/pbe/plugins/rcp-be-lol-game-data/global/zh_cn/v1/champions/497.json
[2025-09-24 11-11-35][16/18][10/15]正在校对文件（Checking file）： https://raw.communitydragon.org/pbe/plugins/rcp-be-lol-game-data/global/zh_cn/v1/champions/498.json
[2025-09-24 11-11-35]已更新文件（Updated file）：离线数据（Offline Data）/cdragon/pbe/plugins/rcp-be-lol-game-data/global/zh_cn/v1/champions/498.json
[2025-09-24 11-11-35][16/18][11/15]正在校对文件（Checking file）： https://raw.communitydragon.org/pbe/plugins/rcp-be-lol-game-data/global/zh_cn/v1/champions/5.json
[2025-09-24 11-11-36]已更新文件（Updated file）：离线数据（Offline Data）/cdragon/pbe/plugins/rcp-be-lol-game-data/global/zh_cn/v1/champions/5.json
[2025-09-24 11-11-36][16/18][12/15]正在校对文件（Checking file）： https://raw.communitydragon.org/pbe/plugins/rcp-be-lol-game-data/global/zh_cn/v1/champions/59.json
[2025-09-24 11-11-36]已更新文件（Updated file）：离线数据（Offline Data）/cdragon/pbe/plugins/rcp-be-lol-game-data/global/zh_cn/v1/champions/59.json
[2025-09-24 11-11-36][16/18][13/15]正在校对文件（Checking file）： https://raw.communitydragon.org/pbe/plugins/rcp-be-lol-game-data/global/zh_cn/v1/champions/7.json
[2025-09-24 11-11-36]已更新文件（Updated file）：离线数据（Offline Data）/cdragon/pbe/plugins/rcp-be-lol-game-data/global/zh_cn/v1/champions/7.json
[2025-09-24 11-11-36][16/18][14/15]正在校对文件（Checking file）： https://raw.communitydragon.org/pbe/plugins/rcp-be-lol-game-data/global/zh_cn/v1/champions/81.json
[2025-09-24 11-11-37]已更新文件（Updated file）：离线数据（Offline Data）/cdragon/pbe/plugins/rcp-be-lol-game-data/global/zh_cn/v1/champions/81.json
[2025-09-24 11-11-37][16/18][15/15]正在校对文件（Checking file）： https://raw.communitydragon.org/pbe/plugins/rcp-be-lol-game-data/global/zh_cn/v1/champions/9.json
[2025-09-24 11-11-38]已更新文件（Updated file）：离线数据（Offline Data）/cdragon/pbe/plugins/rcp-be-lol-game-data/global/zh_cn/v1/champions/9.json
[2025-09-24 11-11-38][17/18]正在检查文件夹（Checking the folder）：https://raw.communitydragon.org/pbe/plugins/rcp-be-lol-game-data/global/zh_cn/v1/map-assets/
[2025-09-24 11-11-38]页面新文件列表如下：
New file list is as follows: 
Empty DataFrame
Columns: [file, size, web_date, web_timestamp, local_date, local_timestamp]
Index: []
[2025-09-24 11-11-38][18/18]正在检查文件夹（Checking the folder）：https://raw.communitydragon.org/pbe/plugins/rcp-be-lol-game-data/global/zh_cn/v1/
[2025-09-24 11-11-39]页面新文件列表如下：
New file list is as follows: 
              file                   size            web_date          web_timestamp        local_date          local_timestamp   
        companions.json            961.1 KiB    2025-09-24 05-04-56    1758661496.0     2025-09-19 12-52-43    1758257563.0121107 
         event-hub.json            115.5 KiB    2025-09-24 05-04-56    1758661496.0     2025-09-05 15-37-42    1757057862.0930667 
      generic-assets.json          228.9 KiB    2025-09-24 05-04-56    1758661496.0     2025-09-17 11-26-00    1758079560.7100196 
           items.json              495.4 KiB    2025-09-24 05-04-56    1758661496.0     2025-09-17 11-26-01    1758079561.100492  
           loot.json                3.0 MiB     2025-09-24 05-04-55    1758661495.0     2025-09-19 12-52-43    1758257563.848204  
        objectives.json            61.0 KiB     2025-09-24 05-04-56    1758661496.0     2025-09-12 11-59-59    1757649599.6466088 
           perks.json              97.8 KiB     2025-09-24 05-04-56    1758661496.0     2025-09-17 11-26-02    1758079562.804006  
         skinlines.json            55.0 KiB     2025-09-24 05-04-56    1758661496.0     2025-09-03 08-17-48    1756858668.7657514 
           skins.json               5.2 MiB     2025-09-24 05-04-56    1758661496.0     2025-09-17 11-26-03    1758079563.9841766 
     summoner-banners.json         31.4 KiB     2025-09-24 05-04-56    1758661496.0     2025-06-21 12-15-28    1750479328.455345  
      summoner-emotes.json         537.8 KiB    2025-09-24 05-04-56    1758661496.0     2025-09-17 11-26-04    1758079564.3478947 
   tftchemtechstoredata.json        8.4 KiB     2025-09-24 05-04-56    1758661496.0     2025-09-17 11-26-05    1758079565.0335896 
      tftcontentdata.json          706.7 KiB    2025-09-24 05-04-56    1758661496.0     2025-09-10 14-31-45    1757485905.758802  
      tftdamageskins.json          92.1 KiB     2025-09-24 05-04-56    1758661496.0     2025-09-10 14-31-46    1757485906.404243  
 tftrotationalshopitemdata.json     1.9 MiB     2025-09-24 05-04-56    1758661496.0     2025-09-19 12-52-44    1758257564.3210118 
         tfttraits.json            434.2 KiB    2025-09-24 05-04-56    1758661496.0     2025-09-17 11-26-06    1758079566.9245014 
  tfttrovesbannerrewards.json      839.1 KiB    2025-09-24 05-04-56    1758661496.0     2025-09-17 11-26-07    1758079567.3127408 
     tfttrovesbanners.json         134.1 KiB    2025-09-24 05-04-56    1758661496.0     2025-09-17 11-26-07    1758079567.6711547 
   tfttrovestablesnames.json       391.7 KiB    2025-09-24 05-04-56    1758661496.0     2025-09-17 11-26-08    1758079568.0360994 
       tftzoomskins.json           14.5 KiB     2025-09-24 05-04-56    1758661496.0     2025-09-10 14-31-59    1757485919.9521487 
[2025-09-24 11-11-39][18/18][1/20]正在校对文件（Checking file）： https://raw.communitydragon.org/pbe/plugins/rcp-be-lol-game-data/global/zh_cn/v1/companions.json
[2025-09-24 11-11-40]已更新文件（Updated file）：离线数据（Offline Data）/cdragon/pbe/plugins/rcp-be-lol-game-data/global/zh_cn/v1/companions.json
[2025-09-24 11-11-40][18/18][2/20]正在校对文件（Checking file）： https://raw.communitydragon.org/pbe/plugins/rcp-be-lol-game-data/global/zh_cn/v1/event-hub.json
[2025-09-24 11-11-40]已更新文件（Updated file）：离线数据（Offline Data）/cdragon/pbe/plugins/rcp-be-lol-game-data/global/zh_cn/v1/event-hub.json
[2025-09-24 11-11-40][18/18][3/20]正在校对文件（Checking file）： https://raw.communitydragon.org/pbe/plugins/rcp-be-lol-game-data/global/zh_cn/v1/generic-assets.json
[2025-09-24 11-11-41]已更新文件（Updated file）：离线数据（Offline Data）/cdragon/pbe/plugins/rcp-be-lol-game-data/global/zh_cn/v1/generic-assets.json
[2025-09-24 11-11-41][18/18][4/20]正在校对文件（Checking file）： https://raw.communitydragon.org/pbe/plugins/rcp-be-lol-game-data/global/zh_cn/v1/items.json
[2025-09-24 11-11-42]已更新文件（Updated file）：离线数据（Offline Data）/cdragon/pbe/plugins/rcp-be-lol-game-data/global/zh_cn/v1/items.json
[2025-09-24 11-11-42][18/18][5/20]正在校对文件（Checking file）： https://raw.communitydragon.org/pbe/plugins/rcp-be-lol-game-data/global/zh_cn/v1/loot.json
[2025-09-24 11-11-43]已更新文件（Updated file）：离线数据（Offline Data）/cdragon/pbe/plugins/rcp-be-lol-game-data/global/zh_cn/v1/loot.json
[2025-09-24 11-11-43][18/18][6/20]正在校对文件（Checking file）： https://raw.communitydragon.org/pbe/plugins/rcp-be-lol-game-data/global/zh_cn/v1/objectives.json
[2025-09-24 11-11-44]已更新文件（Updated file）：离线数据（Offline Data）/cdragon/pbe/plugins/rcp-be-lol-game-data/global/zh_cn/v1/objectives.json
[2025-09-24 11-11-44][18/18][7/20]正在校对文件（Checking file）： https://raw.communitydragon.org/pbe/plugins/rcp-be-lol-game-data/global/zh_cn/v1/perks.json
[2025-09-24 11-11-44]已更新文件（Updated file）：离线数据（Offline Data）/cdragon/pbe/plugins/rcp-be-lol-game-data/global/zh_cn/v1/perks.json
[2025-09-24 11-11-44][18/18][8/20]正在校对文件（Checking file）： https://raw.communitydragon.org/pbe/plugins/rcp-be-lol-game-data/global/zh_cn/v1/skinlines.json
[2025-09-24 11-11-45]已更新文件（Updated file）：离线数据（Offline Data）/cdragon/pbe/plugins/rcp-be-lol-game-data/global/zh_cn/v1/skinlines.json
[2025-09-24 11-11-45][18/18][9/20]正在校对文件（Checking file）： https://raw.communitydragon.org/pbe/plugins/rcp-be-lol-game-data/global/zh_cn/v1/skins.json
[2025-09-24 11-11-47]已更新文件（Updated file）：离线数据（Offline Data）/cdragon/pbe/plugins/rcp-be-lol-game-data/global/zh_cn/v1/skins.json
[2025-09-24 11-11-47][18/18][10/20]正在校对文件（Checking file）： https://raw.communitydragon.org/pbe/plugins/rcp-be-lol-game-data/global/zh_cn/v1/summoner-banners.json
[2025-09-24 11-11-48]已更新文件（Updated file）：离线数据（Offline Data）/cdragon/pbe/plugins/rcp-be-lol-game-data/global/zh_cn/v1/summoner-banners.json
[2025-09-24 11-11-48][18/18][11/20]正在校对文件（Checking file）： https://raw.communitydragon.org/pbe/plugins/rcp-be-lol-game-data/global/zh_cn/v1/summoner-emotes.json
[2025-09-24 11-11-48]已更新文件（Updated file）：离线数据（Offline Data）/cdragon/pbe/plugins/rcp-be-lol-game-data/global/zh_cn/v1/summoner-emotes.json
[2025-09-24 11-11-48][18/18][12/20]正在校对文件（Checking file）： https://raw.communitydragon.org/pbe/plugins/rcp-be-lol-game-data/global/zh_cn/v1/tftchemtechstoredata.json
[2025-09-24 11-11-48]已更新文件（Updated file）：离线数据（Offline Data）/cdragon/pbe/plugins/rcp-be-lol-game-data/global/zh_cn/v1/tftchemtechstoredata.json
[2025-09-24 11-11-48][18/18][13/20]正在校对文件（Checking file）： https://raw.communitydragon.org/pbe/plugins/rcp-be-lol-game-data/global/zh_cn/v1/tftcontentdata.json
[2025-09-24 11-11-49]已更新文件（Updated file）：离线数据（Offline Data）/cdragon/pbe/plugins/rcp-be-lol-game-data/global/zh_cn/v1/tftcontentdata.json
[2025-09-24 11-11-49][18/18][14/20]正在校对文件（Checking file）： https://raw.communitydragon.org/pbe/plugins/rcp-be-lol-game-data/global/zh_cn/v1/tftdamageskins.json
[2025-09-24 11-11-49]已更新文件（Updated file）：离线数据（Offline Data）/cdragon/pbe/plugins/rcp-be-lol-game-data/global/zh_cn/v1/tftdamageskins.json
[2025-09-24 11-11-49][18/18][15/20]正在校对文件（Checking file）： https://raw.communitydragon.org/pbe/plugins/rcp-be-lol-game-data/global/zh_cn/v1/tftrotationalshopitemdata.json
[2025-09-24 11-11-51]已更新文件（Updated file）：离线数据（Offline Data）/cdragon/pbe/plugins/rcp-be-lol-game-data/global/zh_cn/v1/tftrotationalshopitemdata.json
[2025-09-24 11-11-51][18/18][16/20]正在校对文件（Checking file）： https://raw.communitydragon.org/pbe/plugins/rcp-be-lol-game-data/global/zh_cn/v1/tfttraits.json
[2025-09-24 11-11-52]已更新文件（Updated file）：离线数据（Offline Data）/cdragon/pbe/plugins/rcp-be-lol-game-data/global/zh_cn/v1/tfttraits.json
[2025-09-24 11-11-52][18/18][17/20]正在校对文件（Checking file）： https://raw.communitydragon.org/pbe/plugins/rcp-be-lol-game-data/global/zh_cn/v1/tfttrovesbannerrewards.json
[2025-09-24 11-11-52]已更新文件（Updated file）：离线数据（Offline Data）/cdragon/pbe/plugins/rcp-be-lol-game-data/global/zh_cn/v1/tfttrovesbannerrewards.json
[2025-09-24 11-11-52][18/18][18/20]正在校对文件（Checking file）： https://raw.communitydragon.org/pbe/plugins/rcp-be-lol-game-data/global/zh_cn/v1/tfttrovesbanners.json
[2025-09-24 11-11-53]已更新文件（Updated file）：离线数据（Offline Data）/cdragon/pbe/plugins/rcp-be-lol-game-data/global/zh_cn/v1/tfttrovesbanners.json
[2025-09-24 11-11-53][18/18][19/20]正在校对文件（Checking file）： https://raw.communitydragon.org/pbe/plugins/rcp-be-lol-game-data/global/zh_cn/v1/tfttrovestablesnames.json
[2025-09-24 11-11-53]已更新文件（Updated file）：离线数据（Offline Data）/cdragon/pbe/plugins/rcp-be-lol-game-data/global/zh_cn/v1/tfttrovestablesnames.json
[2025-09-24 11-11-53][18/18][20/20]正在校对文件（Checking file）： https://raw.communitydragon.org/pbe/plugins/rcp-be-lol-game-data/global/zh_cn/v1/tftzoomskins.json
[2025-09-24 11-11-54]已更新文件（Updated file）：离线数据（Offline Data）/cdragon/pbe/plugins/rcp-be-lol-game-data/global/zh_cn/v1/tftzoomskins.json
已更新以下77个文件：
Updated the following 77 file(s):
https://raw.communitydragon.org/pbe/compat-version-metadata.json
https://raw.communitydragon.org/pbe/content-metadata.json
https://raw.communitydragon.org/pbe/cdragon/arena/en_us.json
https://raw.communitydragon.org/pbe/cdragon/arena/zh_cn.json
https://raw.communitydragon.org/pbe/cdragon/tft/en_us.json
https://raw.communitydragon.org/pbe/cdragon/tft/zh_cn.json
https://raw.communitydragon.org/pbe/plugins/rcp-be-lol-game-data/global/default/v1/champions/114.json
https://raw.communitydragon.org/pbe/plugins/rcp-be-lol-game-data/global/default/v1/champions/127.json
https://raw.communitydragon.org/pbe/plugins/rcp-be-lol-game-data/global/default/v1/champions/145.json
https://raw.communitydragon.org/pbe/plugins/rcp-be-lol-game-data/global/default/v1/champions/150.json
https://raw.communitydragon.org/pbe/plugins/rcp-be-lol-game-data/global/default/v1/champions/16.json
https://raw.communitydragon.org/pbe/plugins/rcp-be-lol-game-data/global/default/v1/champions/163.json
https://raw.communitydragon.org/pbe/plugins/rcp-be-lol-game-data/global/default/v1/champions/164.json
https://raw.communitydragon.org/pbe/plugins/rcp-be-lol-game-data/global/default/v1/champions/39.json
https://raw.communitydragon.org/pbe/plugins/rcp-be-lol-game-data/global/default/v1/champions/497.json
https://raw.communitydragon.org/pbe/plugins/rcp-be-lol-game-data/global/default/v1/champions/498.json
https://raw.communitydragon.org/pbe/plugins/rcp-be-lol-game-data/global/default/v1/champions/5.json
https://raw.communitydragon.org/pbe/plugins/rcp-be-lol-game-data/global/default/v1/champions/59.json
https://raw.communitydragon.org/pbe/plugins/rcp-be-lol-game-data/global/default/v1/champions/7.json
https://raw.communitydragon.org/pbe/plugins/rcp-be-lol-game-data/global/default/v1/champions/81.json
https://raw.communitydragon.org/pbe/plugins/rcp-be-lol-game-data/global/default/v1/champions/9.json
https://raw.communitydragon.org/pbe/plugins/rcp-be-lol-game-data/global/default/v1/champion-rune-recommendations.json
https://raw.communitydragon.org/pbe/plugins/rcp-be-lol-game-data/global/default/v1/companions.json
https://raw.communitydragon.org/pbe/plugins/rcp-be-lol-game-data/global/default/v1/event-hub.json
https://raw.communitydragon.org/pbe/plugins/rcp-be-lol-game-data/global/default/v1/generic-assets.json
https://raw.communitydragon.org/pbe/plugins/rcp-be-lol-game-data/global/default/v1/items.json
https://raw.communitydragon.org/pbe/plugins/rcp-be-lol-game-data/global/default/v1/loot.json
https://raw.communitydragon.org/pbe/plugins/rcp-be-lol-game-data/global/default/v1/objectives.json
https://raw.communitydragon.org/pbe/plugins/rcp-be-lol-game-data/global/default/v1/perks.json
https://raw.communitydragon.org/pbe/plugins/rcp-be-lol-game-data/global/default/v1/skinlines.json
https://raw.communitydragon.org/pbe/plugins/rcp-be-lol-game-data/global/default/v1/skins.json
https://raw.communitydragon.org/pbe/plugins/rcp-be-lol-game-data/global/default/v1/summoner-banners.json
https://raw.communitydragon.org/pbe/plugins/rcp-be-lol-game-data/global/default/v1/summoner-emotes.json
https://raw.communitydragon.org/pbe/plugins/rcp-be-lol-game-data/global/default/v1/tftchemtechstoredata.json
https://raw.communitydragon.org/pbe/plugins/rcp-be-lol-game-data/global/default/v1/tftcontentdata.json
https://raw.communitydragon.org/pbe/plugins/rcp-be-lol-game-data/global/default/v1/tftdamageskins.json
https://raw.communitydragon.org/pbe/plugins/rcp-be-lol-game-data/global/default/v1/tftrotationalshopitemdata.json
https://raw.communitydragon.org/pbe/plugins/rcp-be-lol-game-data/global/default/v1/tfttraits.json
https://raw.communitydragon.org/pbe/plugins/rcp-be-lol-game-data/global/default/v1/tfttrovesbannerrewards.json
https://raw.communitydragon.org/pbe/plugins/rcp-be-lol-game-data/global/default/v1/tfttrovesbanners.json
https://raw.communitydragon.org/pbe/plugins/rcp-be-lol-game-data/global/default/v1/tfttrovestablesnames.json
https://raw.communitydragon.org/pbe/plugins/rcp-be-lol-game-data/global/default/v1/tftzoomskins.json
https://raw.communitydragon.org/pbe/plugins/rcp-be-lol-game-data/global/zh_cn/v1/champions/114.json
https://raw.communitydragon.org/pbe/plugins/rcp-be-lol-game-data/global/zh_cn/v1/champions/127.json
https://raw.communitydragon.org/pbe/plugins/rcp-be-lol-game-data/global/zh_cn/v1/champions/145.json
https://raw.communitydragon.org/pbe/plugins/rcp-be-lol-game-data/global/zh_cn/v1/champions/150.json
https://raw.communitydragon.org/pbe/plugins/rcp-be-lol-game-data/global/zh_cn/v1/champions/16.json
https://raw.communitydragon.org/pbe/plugins/rcp-be-lol-game-data/global/zh_cn/v1/champions/163.json
https://raw.communitydragon.org/pbe/plugins/rcp-be-lol-game-data/global/zh_cn/v1/champions/164.json
https://raw.communitydragon.org/pbe/plugins/rcp-be-lol-game-data/global/zh_cn/v1/champions/39.json
https://raw.communitydragon.org/pbe/plugins/rcp-be-lol-game-data/global/zh_cn/v1/champions/497.json
https://raw.communitydragon.org/pbe/plugins/rcp-be-lol-game-data/global/zh_cn/v1/champions/498.json
https://raw.communitydragon.org/pbe/plugins/rcp-be-lol-game-data/global/zh_cn/v1/champions/5.json
https://raw.communitydragon.org/pbe/plugins/rcp-be-lol-game-data/global/zh_cn/v1/champions/59.json
https://raw.communitydragon.org/pbe/plugins/rcp-be-lol-game-data/global/zh_cn/v1/champions/7.json
https://raw.communitydragon.org/pbe/plugins/rcp-be-lol-game-data/global/zh_cn/v1/champions/81.json
https://raw.communitydragon.org/pbe/plugins/rcp-be-lol-game-data/global/zh_cn/v1/champions/9.json
https://raw.communitydragon.org/pbe/plugins/rcp-be-lol-game-data/global/zh_cn/v1/companions.json
https://raw.communitydragon.org/pbe/plugins/rcp-be-lol-game-data/global/zh_cn/v1/event-hub.json
https://raw.communitydragon.org/pbe/plugins/rcp-be-lol-game-data/global/zh_cn/v1/generic-assets.json
https://raw.communitydragon.org/pbe/plugins/rcp-be-lol-game-data/global/zh_cn/v1/items.json
https://raw.communitydragon.org/pbe/plugins/rcp-be-lol-game-data/global/zh_cn/v1/loot.json
https://raw.communitydragon.org/pbe/plugins/rcp-be-lol-game-data/global/zh_cn/v1/objectives.json
https://raw.communitydragon.org/pbe/plugins/rcp-be-lol-game-data/global/zh_cn/v1/perks.json
https://raw.communitydragon.org/pbe/plugins/rcp-be-lol-game-data/global/zh_cn/v1/skinlines.json
https://raw.communitydragon.org/pbe/plugins/rcp-be-lol-game-data/global/zh_cn/v1/skins.json
https://raw.communitydragon.org/pbe/plugins/rcp-be-lol-game-data/global/zh_cn/v1/summoner-banners.json
https://raw.communitydragon.org/pbe/plugins/rcp-be-lol-game-data/global/zh_cn/v1/summoner-emotes.json
https://raw.communitydragon.org/pbe/plugins/rcp-be-lol-game-data/global/zh_cn/v1/tftchemtechstoredata.json
https://raw.communitydragon.org/pbe/plugins/rcp-be-lol-game-data/global/zh_cn/v1/tftcontentdata.json
https://raw.communitydragon.org/pbe/plugins/rcp-be-lol-game-data/global/zh_cn/v1/tftdamageskins.json
https://raw.communitydragon.org/pbe/plugins/rcp-be-lol-game-data/global/zh_cn/v1/tftrotationalshopitemdata.json
https://raw.communitydragon.org/pbe/plugins/rcp-be-lol-game-data/global/zh_cn/v1/tfttraits.json
https://raw.communitydragon.org/pbe/plugins/rcp-be-lol-game-data/global/zh_cn/v1/tfttrovesbannerrewards.json
https://raw.communitydragon.org/pbe/plugins/rcp-be-lol-game-data/global/zh_cn/v1/tfttrovesbanners.json
https://raw.communitydragon.org/pbe/plugins/rcp-be-lol-game-data/global/zh_cn/v1/tfttrovestablesnames.json
https://raw.communitydragon.org/pbe/plugins/rcp-be-lol-game-data/global/zh_cn/v1/tftzoomskins.json

请选择要更新的数据资源，输入空字符串以退出程序：
Please select the data resource to update, or submit an empty string to exit the program:
1	CommunityDragon
2	DataDragon
[2025-09-24 11-12-05]
[The program has exited!]
