请选择要更新的数据资源，输入空字符串以退出程序：
Please select the data resource to update, or submit an empty string to exit the program:
1	CommunityDragon
2	DataDragon
[2025-07-01 10-38-01]1
请选择要更新的数据资源：
Please select the data resources to update:
☆1	主要文件（默认）【Major files (by default)】
2	自行指定（Specify manually）
[2025-07-01 10-38-01]
请选择更新模式：
Please select the update mode:
1	全局扫描（Global Scan）
☆2	按修改时间更新（默认）【Updating According to Modification Time (by default)】
[2025-07-01 10-38-01]
请选择一种方式指定修改时间：
Please select a method of specifying the modification time:
☆1	自动获取（默认）【Automatically get (by default)】
2	手动输入（Manually input）
[2025-07-01 10-38-02]
[2025-07-01 10-38-02][1/18]正在检查文件夹（Checking the folder）：https://raw.communitydragon.org/latest/
[2025-07-01 10-38-02]页面新文件列表如下：
New file list is as follows: 
Empty DataFrame
Columns: [file, size, web_date, web_timestamp, local_date, local_timestamp]
Index: []
[2025-07-01 10-38-02][2/18]正在检查文件夹（Checking the folder）：https://raw.communitydragon.org/latest/cdragon/arena/
[2025-07-01 10-38-02]页面新文件列表如下：
New file list is as follows: 
Empty DataFrame
Columns: [file, size, web_date, web_timestamp, local_date, local_timestamp]
Index: []
[2025-07-01 10-38-02][3/18]正在检查文件夹（Checking the folder）：https://raw.communitydragon.org/latest/cdragon/tft/
[2025-07-01 10-38-03]页面新文件列表如下：
New file list is as follows: 
Empty DataFrame
Columns: [file, size, web_date, web_timestamp, local_date, local_timestamp]
Index: []
[2025-07-01 10-38-03][4/18]正在检查文件夹（Checking the folder）：https://raw.communitydragon.org/latest/plugins/rcp-be-lol-game-data/global/default/v1/champions/
[2025-07-01 10-38-03]页面新文件列表如下：
New file list is as follows: 
Empty DataFrame
Columns: [file, size, web_date, web_timestamp, local_date, local_timestamp]
Index: []
[2025-07-01 10-38-03][5/18]正在检查文件夹（Checking the folder）：https://raw.communitydragon.org/latest/plugins/rcp-be-lol-game-data/global/default/v1/map-assets/
[2025-07-01 10-38-04]页面新文件列表如下：
New file list is as follows: 
Empty DataFrame
Columns: [file, size, web_date, web_timestamp, local_date, local_timestamp]
Index: []
[2025-07-01 10-38-04][6/18]正在检查文件夹（Checking the folder）：https://raw.communitydragon.org/latest/plugins/rcp-be-lol-game-data/global/default/v1/
[2025-07-01 10-38-04]页面新文件列表如下：
New file list is as follows: 
         file             size        web_date         web_timestamp        local_date         local_timestamp 
 tfteventpvebuddy.json    92 B    2025-Jun-25 06:14    1750803240.0     1970-01-01 08-00-00           0        
  tfteventpvehub.json     90 B    2025-Jun-25 06:14    1750803240.0     1970-01-01 08-00-00           0        
[2025-07-01 10-38-04][6/18][1/2]正在校对文件（Checking file）： https://raw.communitydragon.org/latest/plugins/rcp-be-lol-game-data/global/default/v1/tfteventpvebuddy.json
文件https://raw.communitydragon.org/latest/plugins/rcp-be-lol-game-data/global/default/v1/tfteventpvebuddy.json不存在！
File https://raw.communitydragon.org/latest/plugins/rcp-be-lol-game-data/global/default/v1/tfteventpvebuddy.json not found!
[2025-07-01 10-38-05][6/18][2/2]正在校对文件（Checking file）： https://raw.communitydragon.org/latest/plugins/rcp-be-lol-game-data/global/default/v1/tfteventpvehub.json
文件https://raw.communitydragon.org/latest/plugins/rcp-be-lol-game-data/global/default/v1/tfteventpvehub.json不存在！
File https://raw.communitydragon.org/latest/plugins/rcp-be-lol-game-data/global/default/v1/tfteventpvehub.json not found!
[2025-07-01 10-38-06][7/18]正在检查文件夹（Checking the folder）：https://raw.communitydragon.org/latest/plugins/rcp-be-lol-game-data/global/zh_cn/v1/champions/
[2025-07-01 10-38-07]页面新文件列表如下：
New file list is as follows: 
Empty DataFrame
Columns: [file, size, web_date, web_timestamp, local_date, local_timestamp]
Index: []
[2025-07-01 10-38-07][8/18]正在检查文件夹（Checking the folder）：https://raw.communitydragon.org/latest/plugins/rcp-be-lol-game-data/global/zh_cn/v1/map-assets/
[2025-07-01 10-38-08]页面新文件列表如下：
New file list is as follows: 
Empty DataFrame
Columns: [file, size, web_date, web_timestamp, local_date, local_timestamp]
Index: []
[2025-07-01 10-38-08][9/18]正在检查文件夹（Checking the folder）：https://raw.communitydragon.org/latest/plugins/rcp-be-lol-game-data/global/zh_cn/v1/
[2025-07-01 10-38-09]页面新文件列表如下：
New file list is as follows: 
         file             size        web_date         web_timestamp        local_date         local_timestamp 
 tfteventpvebuddy.json    90 B    2025-Jun-25 06:14    1750803240.0     1970-01-01 08-00-00           0        
  tfteventpvehub.json     88 B    2025-Jun-25 06:14    1750803240.0     1970-01-01 08-00-00           0        
[2025-07-01 10-38-09][9/18][1/2]正在校对文件（Checking file）： https://raw.communitydragon.org/latest/plugins/rcp-be-lol-game-data/global/zh_cn/v1/tfteventpvebuddy.json
文件https://raw.communitydragon.org/latest/plugins/rcp-be-lol-game-data/global/zh_cn/v1/tfteventpvebuddy.json不存在！
File https://raw.communitydragon.org/latest/plugins/rcp-be-lol-game-data/global/zh_cn/v1/tfteventpvebuddy.json not found!
[2025-07-01 10-38-10][9/18][2/2]正在校对文件（Checking file）： https://raw.communitydragon.org/latest/plugins/rcp-be-lol-game-data/global/zh_cn/v1/tfteventpvehub.json
文件https://raw.communitydragon.org/latest/plugins/rcp-be-lol-game-data/global/zh_cn/v1/tfteventpvehub.json不存在！
File https://raw.communitydragon.org/latest/plugins/rcp-be-lol-game-data/global/zh_cn/v1/tfteventpvehub.json not found!
[2025-07-01 10-38-11][10/18]正在检查文件夹（Checking the folder）：https://raw.communitydragon.org/pbe/
[2025-07-01 10-38-12]页面新文件列表如下：
New file list is as follows: 
Empty DataFrame
Columns: [file, size, web_date, web_timestamp, local_date, local_timestamp]
Index: []
[2025-07-01 10-38-12][11/18]正在检查文件夹（Checking the folder）：https://raw.communitydragon.org/pbe/cdragon/arena/
[2025-07-01 10-38-13]页面新文件列表如下：
New file list is as follows: 
Empty DataFrame
Columns: [file, size, web_date, web_timestamp, local_date, local_timestamp]
Index: []
[2025-07-01 10-38-13][12/18]正在检查文件夹（Checking the folder）：https://raw.communitydragon.org/pbe/cdragon/tft/
[2025-07-01 10-38-13]页面新文件列表如下：
New file list is as follows: 
Empty DataFrame
Columns: [file, size, web_date, web_timestamp, local_date, local_timestamp]
Index: []
[2025-07-01 10-38-13][13/18]正在检查文件夹（Checking the folder）：https://raw.communitydragon.org/pbe/plugins/rcp-be-lol-game-data/global/default/v1/champions/
[2025-07-01 10-38-14]页面新文件列表如下：
New file list is as follows: 
Empty DataFrame
Columns: [file, size, web_date, web_timestamp, local_date, local_timestamp]
Index: []
[2025-07-01 10-38-14][14/18]正在检查文件夹（Checking the folder）：https://raw.communitydragon.org/pbe/plugins/rcp-be-lol-game-data/global/default/v1/map-assets/
[2025-07-01 10-38-15]页面新文件列表如下：
New file list is as follows: 
Empty DataFrame
Columns: [file, size, web_date, web_timestamp, local_date, local_timestamp]
Index: []
[2025-07-01 10-38-15][15/18]正在检查文件夹（Checking the folder）：https://raw.communitydragon.org/pbe/plugins/rcp-be-lol-game-data/global/default/v1/
[2025-07-01 10-38-16]页面新文件列表如下：
New file list is as follows: 
Empty DataFrame
Columns: [file, size, web_date, web_timestamp, local_date, local_timestamp]
Index: []
[2025-07-01 10-38-16][16/18]正在检查文件夹（Checking the folder）：https://raw.communitydragon.org/pbe/plugins/rcp-be-lol-game-data/global/zh_cn/v1/champions/
[2025-07-01 10-38-17]页面新文件列表如下：
New file list is as follows: 
Empty DataFrame
Columns: [file, size, web_date, web_timestamp, local_date, local_timestamp]
Index: []
[2025-07-01 10-38-17][17/18]正在检查文件夹（Checking the folder）：https://raw.communitydragon.org/pbe/plugins/rcp-be-lol-game-data/global/zh_cn/v1/map-assets/
[2025-07-01 10-38-18]页面新文件列表如下：
New file list is as follows: 
Empty DataFrame
Columns: [file, size, web_date, web_timestamp, local_date, local_timestamp]
Index: []
[2025-07-01 10-38-18][18/18]正在检查文件夹（Checking the folder）：https://raw.communitydragon.org/pbe/plugins/rcp-be-lol-game-data/global/zh_cn/v1/
[2025-07-01 10-38-19]页面新文件列表如下：
New file list is as follows: 
Empty DataFrame
Columns: [file, size, web_date, web_timestamp, local_date, local_timestamp]
Index: []
请选择要更新的数据资源，输入空字符串以退出程序：
Please select the data resource to update, or submit an empty string to exit the program:
1	CommunityDragon
2	DataDragon
[2025-07-01 10-38-26]
[The program has exited!]
