请选择要更新的数据资源，输入空字符串以退出程序：
Please select the data resource to update, or submit an empty string to exit the program:
1	CommunityDragon
2	DataDragon
[2025-12-09 12-23-47]1
请选择要更新的数据资源：
Please select the data resources to update:
☆1	主要文件（默认）【Major files (by default)】
2	自行指定（Specify manually）
[2025-12-09 12-23-47]
请选择更新模式：
Please select the update mode:
1	全局扫描（Global Scan）
☆2	按修改时间更新（默认）【Updating According to Modification Time (by default)】
[2025-12-09 12-23-47]
请选择一种方式指定修改时间：
Please select a method of specifying the modification time:
☆1	自动获取（默认）【Automatically get (by default)】
2	手动输入（Manually input）
[2025-12-09 12-23-48]
[2025-12-09 12-23-48][1/18]正在检查文件夹（Checking the folder）：https://raw.communitydragon.org/latest/
[2025-12-09 12-23-49]页面新文件列表如下：
New file list is as follows: 
Empty DataFrame
Columns: [file, size, web_date, web_timestamp, local_date, local_timestamp]
Index: []
[2025-12-09 12-23-49][2/18]正在检查文件夹（Checking the folder）：https://raw.communitydragon.org/latest/cdragon/arena/
[2025-12-09 12-23-49]页面新文件列表如下：
New file list is as follows: 
Empty DataFrame
Columns: [file, size, web_date, web_timestamp, local_date, local_timestamp]
Index: []
[2025-12-09 12-23-49][3/18]正在检查文件夹（Checking the folder）：https://raw.communitydragon.org/latest/cdragon/tft/
[2025-12-09 12-23-49]页面新文件列表如下：
New file list is as follows: 
Empty DataFrame
Columns: [file, size, web_date, web_timestamp, local_date, local_timestamp]
Index: []
[2025-12-09 12-23-49][4/18]正在检查文件夹（Checking the folder）：https://raw.communitydragon.org/latest/plugins/rcp-be-lol-game-data/global/default/v1/champions/
[2025-12-09 12-23-50]页面新文件列表如下：
New file list is as follows: 
Empty DataFrame
Columns: [file, size, web_date, web_timestamp, local_date, local_timestamp]
Index: []
[2025-12-09 12-23-50][5/18]正在检查文件夹（Checking the folder）：https://raw.communitydragon.org/latest/plugins/rcp-be-lol-game-data/global/default/v1/map-assets/
[2025-12-09 12-23-50]页面新文件列表如下：
New file list is as follows: 
Empty DataFrame
Columns: [file, size, web_date, web_timestamp, local_date, local_timestamp]
Index: []
[2025-12-09 12-23-50][6/18]正在检查文件夹（Checking the folder）：https://raw.communitydragon.org/latest/plugins/rcp-be-lol-game-data/global/default/v1/
[2025-12-09 12-23-50]页面新文件列表如下：
New file list is as follows: 
Empty DataFrame
Columns: [file, size, web_date, web_timestamp, local_date, local_timestamp]
Index: []
[2025-12-09 12-23-50][7/18]正在检查文件夹（Checking the folder）：https://raw.communitydragon.org/latest/plugins/rcp-be-lol-game-data/global/zh_cn/v1/champions/
[2025-12-09 12-23-51]页面新文件列表如下：
New file list is as follows: 
Empty DataFrame
Columns: [file, size, web_date, web_timestamp, local_date, local_timestamp]
Index: []
[2025-12-09 12-23-51][8/18]正在检查文件夹（Checking the folder）：https://raw.communitydragon.org/latest/plugins/rcp-be-lol-game-data/global/zh_cn/v1/map-assets/
[2025-12-09 12-23-52]页面新文件列表如下：
New file list is as follows: 
Empty DataFrame
Columns: [file, size, web_date, web_timestamp, local_date, local_timestamp]
Index: []
[2025-12-09 12-23-52][9/18]正在检查文件夹（Checking the folder）：https://raw.communitydragon.org/latest/plugins/rcp-be-lol-game-data/global/zh_cn/v1/
[2025-12-09 12-23-53]页面新文件列表如下：
New file list is as follows: 
Empty DataFrame
Columns: [file, size, web_date, web_timestamp, local_date, local_timestamp]
Index: []
[2025-12-09 12-23-53][10/18]正在检查文件夹（Checking the folder）：https://raw.communitydragon.org/pbe/
[2025-12-09 12-23-53]页面新文件列表如下：
New file list is as follows: 
             file                  size           web_date          web_timestamp        local_date          local_timestamp   
 compat-version-metadata.json    58 Bytes    2025-12-09 06-55-55    1765234555.0     2025-12-06 12-13-42    1764994422.0277975 
    content-metadata.json        60 Bytes    2025-12-09 06-55-56    1765234556.0     2025-12-06 12-13-42    1764994422.3435233 
[2025-12-09 12-23-53][10/18][1/2]正在校对文件（Checking file）： https://raw.communitydragon.org/pbe/compat-version-metadata.json
[2025-12-09 12-23-54]已更新文件（Updated file）：离线数据（Offline Data）/cdragon/pbe/compat-version-metadata.json
[2025-12-09 12-23-54][10/18][2/2]正在校对文件（Checking file）： https://raw.communitydragon.org/pbe/content-metadata.json
[2025-12-09 12-23-54]已更新文件（Updated file）：离线数据（Offline Data）/cdragon/pbe/content-metadata.json
[2025-12-09 12-23-54][11/18]正在检查文件夹（Checking the folder）：https://raw.communitydragon.org/pbe/cdragon/arena/
[2025-12-09 12-23-54]页面新文件列表如下：
New file list is as follows: 
    file         size            web_date          web_timestamp        local_date          local_timestamp   
 en_us.json    247.4 KiB    2025-12-09 06-59-18    1765234758.0     2025-12-07 12-07-42    1765080462.229975  
 zh_cn.json    250.7 KiB    2025-12-09 06-59-19    1765234759.0     2025-12-07 12-07-43    1765080463.1032474 
[2025-12-09 12-23-54][11/18][1/2]正在校对文件（Checking file）： https://raw.communitydragon.org/pbe/cdragon/arena/en_us.json
[2025-12-09 12-23-55]已更新文件（Updated file）：离线数据（Offline Data）/cdragon/pbe/cdragon/arena/en_us.json
[2025-12-09 12-23-55][11/18][2/2]正在校对文件（Checking file）： https://raw.communitydragon.org/pbe/cdragon/arena/zh_cn.json
[2025-12-09 12-23-56]已更新文件（Updated file）：离线数据（Offline Data）/cdragon/pbe/cdragon/arena/zh_cn.json
[2025-12-09 12-23-56][12/18]正在检查文件夹（Checking the folder）：https://raw.communitydragon.org/pbe/cdragon/tft/
[2025-12-09 12-23-56]页面新文件列表如下：
New file list is as follows: 
    file         size           web_date          web_timestamp        local_date          local_timestamp   
 en_us.json    20.6 MiB    2025-12-09 06-58-59    1765234739.0     2025-12-07 12-07-45    1765080465.6241865 
 zh_cn.json    20.6 MiB    2025-12-09 06-59-02    1765234742.0     2025-12-07 12-07-47    1765080467.4155016 
[2025-12-09 12-23-56][12/18][1/2]正在校对文件（Checking file）： https://raw.communitydragon.org/pbe/cdragon/tft/en_us.json
[2025-12-09 12-23-58]已更新文件（Updated file）：离线数据（Offline Data）/cdragon/pbe/cdragon/tft/en_us.json
[2025-12-09 12-23-58][12/18][2/2]正在校对文件（Checking file）： https://raw.communitydragon.org/pbe/cdragon/tft/zh_cn.json
[2025-12-09 12-24-00]已更新文件（Updated file）：离线数据（Offline Data）/cdragon/pbe/cdragon/tft/zh_cn.json
[2025-12-09 12-24-00][13/18]正在检查文件夹（Checking the folder）：https://raw.communitydragon.org/pbe/plugins/rcp-be-lol-game-data/global/default/v1/champions/
[2025-12-09 12-24-00]页面新文件列表如下：
New file list is as follows: 
   file        size           web_date          web_timestamp        local_date          local_timestamp   
 107.json    30.6 KiB    2025-12-09 06-58-25    1765234705.0     2025-12-04 11-35-00    1764819300.3152034 
 41.json     31.4 KiB    2025-12-09 06-58-26    1765234706.0     2025-12-04 11-35-27    1764819327.1163468 
 69.json     29.1 KiB    2025-12-09 06-58-26    1765234706.0     2025-12-04 11-35-41    1764819341.7705736 
[2025-12-09 12-24-00][13/18][1/3]正在校对文件（Checking file）： https://raw.communitydragon.org/pbe/plugins/rcp-be-lol-game-data/global/default/v1/champions/107.json
[2025-12-09 12-24-00]已更新文件（Updated file）：离线数据（Offline Data）/cdragon/pbe/plugins/rcp-be-lol-game-data/global/default/v1/champions/107.json
[2025-12-09 12-24-00][13/18][2/3]正在校对文件（Checking file）： https://raw.communitydragon.org/pbe/plugins/rcp-be-lol-game-data/global/default/v1/champions/41.json
[2025-12-09 12-24-01]已更新文件（Updated file）：离线数据（Offline Data）/cdragon/pbe/plugins/rcp-be-lol-game-data/global/default/v1/champions/41.json
[2025-12-09 12-24-01][13/18][3/3]正在校对文件（Checking file）： https://raw.communitydragon.org/pbe/plugins/rcp-be-lol-game-data/global/default/v1/champions/69.json
[2025-12-09 12-24-01]已更新文件（Updated file）：离线数据（Offline Data）/cdragon/pbe/plugins/rcp-be-lol-game-data/global/default/v1/champions/69.json
[2025-12-09 12-24-01][14/18]正在检查文件夹（Checking the folder）：https://raw.communitydragon.org/pbe/plugins/rcp-be-lol-game-data/global/default/v1/map-assets/
[2025-12-09 12-24-01]页面新文件列表如下：
New file list is as follows: 
Empty DataFrame
Columns: [file, size, web_date, web_timestamp, local_date, local_timestamp]
Index: []
[2025-12-09 12-24-01][15/18]正在检查文件夹（Checking the folder）：https://raw.communitydragon.org/pbe/plugins/rcp-be-lol-game-data/global/default/v1/
[2025-12-09 12-24-02]页面新文件列表如下：
New file list is as follows: 
                file                     size            web_date          web_timestamp        local_date          local_timestamp   
 champion-rune-recommendations.json    350.5 KiB    2025-12-09 06-58-25    1765234705.0     2025-12-06 12-13-50    1764994430.1113925 
             items.json                538.4 KiB    2025-12-09 06-58-26    1765234706.0     2025-12-06 12-13-50    1764994430.4633255 
         profile-icons.json            345.4 KiB    2025-12-09 06-58-24    1765234704.0     2025-11-25 08-58-23    1764032303.806281  
            regalia.json               29.6 KiB     2025-12-09 06-58-24    1765234704.0     2025-09-03 08-17-01    1756858621.6909986 
        summoner-emotes.json           568.4 KiB    2025-12-09 06-58-25    1765234705.0     2025-12-03 09-15-52    1764724552.6885183 
        summoner-icons.json             1.9 MiB     2025-12-09 06-58-25    1765234705.0     2025-11-25 08-58-27    1764032307.0089223 
   tftchampions-teamplanner.json       77.0 KiB     2025-12-09 06-58-26    1765234706.0     2025-11-21 10-33-51    1763692431.6357007 
        tftcontentdata.json            734.0 KiB    2025-12-09 06-58-26    1765234706.0     2025-12-03 09-15-53    1764724553.7850897 
   tftrotationalshopitemdata.json       2.0 MiB     2025-12-09 06-58-25    1765234705.0     2025-12-03 09-15-54    1764724554.9137173 
           tfttraits.json              415.7 KiB    2025-12-09 06-58-26    1765234706.0     2025-12-06 12-13-50    1764994430.8505454 
     tfttrovestablesnames.json         393.6 KiB    2025-12-09 06-58-24    1765234704.0     2025-12-03 09-15-56    1764724556.939667  
[2025-12-09 12-24-02][15/18][1/11]正在校对文件（Checking file）： https://raw.communitydragon.org/pbe/plugins/rcp-be-lol-game-data/global/default/v1/champion-rune-recommendations.json
[2025-12-09 12-24-02]已更新文件（Updated file）：离线数据（Offline Data）/cdragon/pbe/plugins/rcp-be-lol-game-data/global/default/v1/champion-rune-recommendations.json
[2025-12-09 12-24-02][15/18][2/11]正在校对文件（Checking file）： https://raw.communitydragon.org/pbe/plugins/rcp-be-lol-game-data/global/default/v1/items.json
[2025-12-09 12-24-03]已更新文件（Updated file）：离线数据（Offline Data）/cdragon/pbe/plugins/rcp-be-lol-game-data/global/default/v1/items.json
[2025-12-09 12-24-03][15/18][3/11]正在校对文件（Checking file）： https://raw.communitydragon.org/pbe/plugins/rcp-be-lol-game-data/global/default/v1/profile-icons.json
[2025-12-09 12-24-04]已更新文件（Updated file）：离线数据（Offline Data）/cdragon/pbe/plugins/rcp-be-lol-game-data/global/default/v1/profile-icons.json
[2025-12-09 12-24-04][15/18][4/11]正在校对文件（Checking file）： https://raw.communitydragon.org/pbe/plugins/rcp-be-lol-game-data/global/default/v1/regalia.json
[2025-12-09 12-24-04]已更新文件（Updated file）：离线数据（Offline Data）/cdragon/pbe/plugins/rcp-be-lol-game-data/global/default/v1/regalia.json
[2025-12-09 12-24-04][15/18][5/11]正在校对文件（Checking file）： https://raw.communitydragon.org/pbe/plugins/rcp-be-lol-game-data/global/default/v1/summoner-emotes.json
[2025-12-09 12-24-05]已更新文件（Updated file）：离线数据（Offline Data）/cdragon/pbe/plugins/rcp-be-lol-game-data/global/default/v1/summoner-emotes.json
[2025-12-09 12-24-05][15/18][6/11]正在校对文件（Checking file）： https://raw.communitydragon.org/pbe/plugins/rcp-be-lol-game-data/global/default/v1/summoner-icons.json
[2025-12-09 12-24-06]已更新文件（Updated file）：离线数据（Offline Data）/cdragon/pbe/plugins/rcp-be-lol-game-data/global/default/v1/summoner-icons.json
[2025-12-09 12-24-06][15/18][7/11]正在校对文件（Checking file）： https://raw.communitydragon.org/pbe/plugins/rcp-be-lol-game-data/global/default/v1/tftchampions-teamplanner.json
[2025-12-09 12-24-06]已更新文件（Updated file）：离线数据（Offline Data）/cdragon/pbe/plugins/rcp-be-lol-game-data/global/default/v1/tftchampions-teamplanner.json
[2025-12-09 12-24-06][15/18][8/11]正在校对文件（Checking file）： https://raw.communitydragon.org/pbe/plugins/rcp-be-lol-game-data/global/default/v1/tftcontentdata.json
[2025-12-09 12-24-06]已更新文件（Updated file）：离线数据（Offline Data）/cdragon/pbe/plugins/rcp-be-lol-game-data/global/default/v1/tftcontentdata.json
[2025-12-09 12-24-06][15/18][9/11]正在校对文件（Checking file）： https://raw.communitydragon.org/pbe/plugins/rcp-be-lol-game-data/global/default/v1/tftrotationalshopitemdata.json
[2025-12-09 12-24-07]已更新文件（Updated file）：离线数据（Offline Data）/cdragon/pbe/plugins/rcp-be-lol-game-data/global/default/v1/tftrotationalshopitemdata.json
[2025-12-09 12-24-07][15/18][10/11]正在校对文件（Checking file）： https://raw.communitydragon.org/pbe/plugins/rcp-be-lol-game-data/global/default/v1/tfttraits.json
[2025-12-09 12-24-07]已更新文件（Updated file）：离线数据（Offline Data）/cdragon/pbe/plugins/rcp-be-lol-game-data/global/default/v1/tfttraits.json
[2025-12-09 12-24-07][15/18][11/11]正在校对文件（Checking file）： https://raw.communitydragon.org/pbe/plugins/rcp-be-lol-game-data/global/default/v1/tfttrovestablesnames.json
[2025-12-09 12-24-08]已更新文件（Updated file）：离线数据（Offline Data）/cdragon/pbe/plugins/rcp-be-lol-game-data/global/default/v1/tfttrovestablesnames.json
[2025-12-09 12-24-08][16/18]正在检查文件夹（Checking the folder）：https://raw.communitydragon.org/pbe/plugins/rcp-be-lol-game-data/global/zh_cn/v1/champions/
[2025-12-09 12-24-08]页面新文件列表如下：
New file list is as follows: 
  file        size           web_date          web_timestamp        local_date          local_timestamp   
 41.json    32.0 KiB    2025-12-09 06-58-33    1765234713.0     2025-12-04 11-36-34    1764819394.0051076 
 69.json    30.0 KiB    2025-12-09 06-58-33    1765234713.0     2025-12-04 11-36-47    1764819407.6276934 
[2025-12-09 12-24-08][16/18][1/2]正在校对文件（Checking file）： https://raw.communitydragon.org/pbe/plugins/rcp-be-lol-game-data/global/zh_cn/v1/champions/41.json
[2025-12-09 12-24-08]已更新文件（Updated file）：离线数据（Offline Data）/cdragon/pbe/plugins/rcp-be-lol-game-data/global/zh_cn/v1/champions/41.json
[2025-12-09 12-24-08][16/18][2/2]正在校对文件（Checking file）： https://raw.communitydragon.org/pbe/plugins/rcp-be-lol-game-data/global/zh_cn/v1/champions/69.json
[2025-12-09 12-24-09]已更新文件（Updated file）：离线数据（Offline Data）/cdragon/pbe/plugins/rcp-be-lol-game-data/global/zh_cn/v1/champions/69.json
[2025-12-09 12-24-09][17/18]正在检查文件夹（Checking the folder）：https://raw.communitydragon.org/pbe/plugins/rcp-be-lol-game-data/global/zh_cn/v1/map-assets/
[2025-12-09 12-24-09]页面新文件列表如下：
New file list is as follows: 
Empty DataFrame
Columns: [file, size, web_date, web_timestamp, local_date, local_timestamp]
Index: []
[2025-12-09 12-24-09][18/18]正在检查文件夹（Checking the folder）：https://raw.communitydragon.org/pbe/plugins/rcp-be-lol-game-data/global/zh_cn/v1/
[2025-12-09 12-24-09]页面新文件列表如下：
New file list is as follows: 
              file                   size            web_date          web_timestamp        local_date          local_timestamp   
           items.json              537.9 KiB    2025-12-09 06-58-33    1765234713.0     2025-12-06 12-13-52    1764994432.9653368 
       profile-icons.json          345.4 KiB    2025-12-09 06-58-33    1765234713.0     2025-11-25 08-58-42    1764032322.2965586 
          regalia.json             29.6 KiB     2025-12-09 06-58-33    1765234713.0     2025-09-03 08-17-47    1756858667.494384  
      summoner-emotes.json         577.1 KiB    2025-12-09 06-58-33    1765234713.0     2025-12-05 11-08-33    1764904113.0316615 
      summoner-icons.json           1.8 MiB     2025-12-09 06-58-33    1765234713.0     2025-11-26 10-17-15    1764123435.1885624 
 tftchampions-teamplanner.json     78.0 KiB     2025-12-09 06-58-33    1765234713.0     2025-11-21 10-33-56    1763692436.627986  
      tftcontentdata.json          734.0 KiB    2025-12-09 06-58-33    1765234713.0     2025-12-03 09-16-22    1764724582.306358  
 tftrotationalshopitemdata.json     2.0 MiB     2025-12-09 06-58-33    1765234713.0     2025-12-05 11-08-35    1764904115.2089102 
         tfttraits.json            425.1 KiB    2025-12-09 06-58-33    1765234713.0     2025-12-06 12-13-53    1764994433.6972983 
   tfttrovestablesnames.json       406.9 KiB    2025-12-09 06-58-33    1765234713.0     2025-12-05 11-08-36    1764904116.5506933 
[2025-12-09 12-24-09][18/18][1/10]正在校对文件（Checking file）： https://raw.communitydragon.org/pbe/plugins/rcp-be-lol-game-data/global/zh_cn/v1/items.json
[2025-12-09 12-24-10]已更新文件（Updated file）：离线数据（Offline Data）/cdragon/pbe/plugins/rcp-be-lol-game-data/global/zh_cn/v1/items.json
[2025-12-09 12-24-10][18/18][2/10]正在校对文件（Checking file）： https://raw.communitydragon.org/pbe/plugins/rcp-be-lol-game-data/global/zh_cn/v1/profile-icons.json
[2025-12-09 12-24-10]已更新文件（Updated file）：离线数据（Offline Data）/cdragon/pbe/plugins/rcp-be-lol-game-data/global/zh_cn/v1/profile-icons.json
[2025-12-09 12-24-10][18/18][3/10]正在校对文件（Checking file）： https://raw.communitydragon.org/pbe/plugins/rcp-be-lol-game-data/global/zh_cn/v1/regalia.json
[2025-12-09 12-24-11]已更新文件（Updated file）：离线数据（Offline Data）/cdragon/pbe/plugins/rcp-be-lol-game-data/global/zh_cn/v1/regalia.json
[2025-12-09 12-24-11][18/18][4/10]正在校对文件（Checking file）： https://raw.communitydragon.org/pbe/plugins/rcp-be-lol-game-data/global/zh_cn/v1/summoner-emotes.json
[2025-12-09 12-24-11]已更新文件（Updated file）：离线数据（Offline Data）/cdragon/pbe/plugins/rcp-be-lol-game-data/global/zh_cn/v1/summoner-emotes.json
[2025-12-09 12-24-11][18/18][5/10]正在校对文件（Checking file）： https://raw.communitydragon.org/pbe/plugins/rcp-be-lol-game-data/global/zh_cn/v1/summoner-icons.json
[2025-12-09 12-24-11]已更新文件（Updated file）：离线数据（Offline Data）/cdragon/pbe/plugins/rcp-be-lol-game-data/global/zh_cn/v1/summoner-icons.json
[2025-12-09 12-24-11][18/18][6/10]正在校对文件（Checking file）： https://raw.communitydragon.org/pbe/plugins/rcp-be-lol-game-data/global/zh_cn/v1/tftchampions-teamplanner.json
[2025-12-09 12-24-12]已更新文件（Updated file）：离线数据（Offline Data）/cdragon/pbe/plugins/rcp-be-lol-game-data/global/zh_cn/v1/tftchampions-teamplanner.json
[2025-12-09 12-24-12][18/18][7/10]正在校对文件（Checking file）： https://raw.communitydragon.org/pbe/plugins/rcp-be-lol-game-data/global/zh_cn/v1/tftcontentdata.json
[2025-12-09 12-24-12]已更新文件（Updated file）：离线数据（Offline Data）/cdragon/pbe/plugins/rcp-be-lol-game-data/global/zh_cn/v1/tftcontentdata.json
[2025-12-09 12-24-12][18/18][8/10]正在校对文件（Checking file）： https://raw.communitydragon.org/pbe/plugins/rcp-be-lol-game-data/global/zh_cn/v1/tftrotationalshopitemdata.json
[2025-12-09 12-24-13]已更新文件（Updated file）：离线数据（Offline Data）/cdragon/pbe/plugins/rcp-be-lol-game-data/global/zh_cn/v1/tftrotationalshopitemdata.json
[2025-12-09 12-24-13][18/18][9/10]正在校对文件（Checking file）： https://raw.communitydragon.org/pbe/plugins/rcp-be-lol-game-data/global/zh_cn/v1/tfttraits.json
[2025-12-09 12-24-13]已更新文件（Updated file）：离线数据（Offline Data）/cdragon/pbe/plugins/rcp-be-lol-game-data/global/zh_cn/v1/tfttraits.json
[2025-12-09 12-24-13][18/18][10/10]正在校对文件（Checking file）： https://raw.communitydragon.org/pbe/plugins/rcp-be-lol-game-data/global/zh_cn/v1/tfttrovestablesnames.json
[2025-12-09 12-24-14]已更新文件（Updated file）：离线数据（Offline Data）/cdragon/pbe/plugins/rcp-be-lol-game-data/global/zh_cn/v1/tfttrovestablesnames.json
已更新以下32个文件：
Updated the following 32 file(s):
https://raw.communitydragon.org/pbe/compat-version-metadata.json
https://raw.communitydragon.org/pbe/content-metadata.json
https://raw.communitydragon.org/pbe/cdragon/arena/en_us.json
https://raw.communitydragon.org/pbe/cdragon/arena/zh_cn.json
https://raw.communitydragon.org/pbe/cdragon/tft/en_us.json
https://raw.communitydragon.org/pbe/cdragon/tft/zh_cn.json
https://raw.communitydragon.org/pbe/plugins/rcp-be-lol-game-data/global/default/v1/champions/107.json
https://raw.communitydragon.org/pbe/plugins/rcp-be-lol-game-data/global/default/v1/champions/41.json
https://raw.communitydragon.org/pbe/plugins/rcp-be-lol-game-data/global/default/v1/champions/69.json
https://raw.communitydragon.org/pbe/plugins/rcp-be-lol-game-data/global/default/v1/champion-rune-recommendations.json
https://raw.communitydragon.org/pbe/plugins/rcp-be-lol-game-data/global/default/v1/items.json
https://raw.communitydragon.org/pbe/plugins/rcp-be-lol-game-data/global/default/v1/profile-icons.json
https://raw.communitydragon.org/pbe/plugins/rcp-be-lol-game-data/global/default/v1/regalia.json
https://raw.communitydragon.org/pbe/plugins/rcp-be-lol-game-data/global/default/v1/summoner-emotes.json
https://raw.communitydragon.org/pbe/plugins/rcp-be-lol-game-data/global/default/v1/summoner-icons.json
https://raw.communitydragon.org/pbe/plugins/rcp-be-lol-game-data/global/default/v1/tftchampions-teamplanner.json
https://raw.communitydragon.org/pbe/plugins/rcp-be-lol-game-data/global/default/v1/tftcontentdata.json
https://raw.communitydragon.org/pbe/plugins/rcp-be-lol-game-data/global/default/v1/tftrotationalshopitemdata.json
https://raw.communitydragon.org/pbe/plugins/rcp-be-lol-game-data/global/default/v1/tfttraits.json
https://raw.communitydragon.org/pbe/plugins/rcp-be-lol-game-data/global/default/v1/tfttrovestablesnames.json
https://raw.communitydragon.org/pbe/plugins/rcp-be-lol-game-data/global/zh_cn/v1/champions/41.json
https://raw.communitydragon.org/pbe/plugins/rcp-be-lol-game-data/global/zh_cn/v1/champions/69.json
https://raw.communitydragon.org/pbe/plugins/rcp-be-lol-game-data/global/zh_cn/v1/items.json
https://raw.communitydragon.org/pbe/plugins/rcp-be-lol-game-data/global/zh_cn/v1/profile-icons.json
https://raw.communitydragon.org/pbe/plugins/rcp-be-lol-game-data/global/zh_cn/v1/regalia.json
https://raw.communitydragon.org/pbe/plugins/rcp-be-lol-game-data/global/zh_cn/v1/summoner-emotes.json
https://raw.communitydragon.org/pbe/plugins/rcp-be-lol-game-data/global/zh_cn/v1/summoner-icons.json
https://raw.communitydragon.org/pbe/plugins/rcp-be-lol-game-data/global/zh_cn/v1/tftchampions-teamplanner.json
https://raw.communitydragon.org/pbe/plugins/rcp-be-lol-game-data/global/zh_cn/v1/tftcontentdata.json
https://raw.communitydragon.org/pbe/plugins/rcp-be-lol-game-data/global/zh_cn/v1/tftrotationalshopitemdata.json
https://raw.communitydragon.org/pbe/plugins/rcp-be-lol-game-data/global/zh_cn/v1/tfttraits.json
https://raw.communitydragon.org/pbe/plugins/rcp-be-lol-game-data/global/zh_cn/v1/tfttrovestablesnames.json

请选择要更新的数据资源，输入空字符串以退出程序：
Please select the data resource to update, or submit an empty string to exit the program:
1	CommunityDragon
2	DataDragon
[2025-12-09 12-24-15]
[The program has exited!]
