请选择要更新的数据资源，输入空字符串以退出程序：
Please select the data resource to update, or submit an empty string to exit the program:
1	CommunityDragon
2	DataDragon
[2025-08-08 00-27-03]1
请选择要更新的数据资源：
Please select the data resources to update:
☆1	主要文件（默认）【Major files (by default)】
2	自行指定（Specify manually）
[2025-08-08 00-27-04]
请选择更新模式：
Please select the update mode:
1	全局扫描（Global Scan）
☆2	按修改时间更新（默认）【Updating According to Modification Time (by default)】
[2025-08-08 00-27-04]
请选择一种方式指定修改时间：
Please select a method of specifying the modification time:
☆1	自动获取（默认）【Automatically get (by default)】
2	手动输入（Manually input）
[2025-08-08 00-27-04]
[2025-08-08 00-27-04][1/18]正在检查文件夹（Checking the folder）：https://raw.communitydragon.org/latest/
[2025-08-08 00-27-05]页面新文件列表如下：
New file list is as follows: 
Empty DataFrame
Columns: [file, size, web_date, web_timestamp, local_date, local_timestamp]
Index: []
[2025-08-08 00-27-05][2/18]正在检查文件夹（Checking the folder）：https://raw.communitydragon.org/latest/cdragon/arena/
[2025-08-08 00-27-16]页面新文件列表如下：
New file list is as follows: 
Empty DataFrame
Columns: [file, size, web_date, web_timestamp, local_date, local_timestamp]
Index: []
[2025-08-08 00-27-16][3/18]正在检查文件夹（Checking the folder）：https://raw.communitydragon.org/latest/cdragon/tft/
[2025-08-08 00-27-18]页面新文件列表如下：
New file list is as follows: 
Empty DataFrame
Columns: [file, size, web_date, web_timestamp, local_date, local_timestamp]
Index: []
[2025-08-08 00-27-18][4/18]正在检查文件夹（Checking the folder）：https://raw.communitydragon.org/latest/plugins/rcp-be-lol-game-data/global/default/v1/champions/
[2025-08-08 00-27-19]页面新文件列表如下：
New file list is as follows: 
Empty DataFrame
Columns: [file, size, web_date, web_timestamp, local_date, local_timestamp]
Index: []
[2025-08-08 00-27-19][5/18]正在检查文件夹（Checking the folder）：https://raw.communitydragon.org/latest/plugins/rcp-be-lol-game-data/global/default/v1/map-assets/
[2025-08-08 00-27-20]页面新文件列表如下：
New file list is as follows: 
Empty DataFrame
Columns: [file, size, web_date, web_timestamp, local_date, local_timestamp]
Index: []
[2025-08-08 00-27-20][6/18]正在检查文件夹（Checking the folder）：https://raw.communitydragon.org/latest/plugins/rcp-be-lol-game-data/global/default/v1/
[2025-08-08 00-27-20]页面新文件列表如下：
New file list is as follows: 
         file             size        web_date         web_timestamp        local_date         local_timestamp 
 tfteventpvebuddy.json    92 B    2025-Jul-30 06:58    1753829880.0     1970-01-01 08-00-00           0        
  tfteventpvehub.json     90 B    2025-Jul-30 06:58    1753829880.0     1970-01-01 08-00-00           0        
[2025-08-08 00-27-20][6/18][1/2]正在校对文件（Checking file）： https://raw.communitydragon.org/latest/plugins/rcp-be-lol-game-data/global/default/v1/tfteventpvebuddy.json
文件https://raw.communitydragon.org/latest/plugins/rcp-be-lol-game-data/global/default/v1/tfteventpvebuddy.json不存在！
File https://raw.communitydragon.org/latest/plugins/rcp-be-lol-game-data/global/default/v1/tfteventpvebuddy.json not found!
[2025-08-08 00-27-27][6/18][2/2]正在校对文件（Checking file）： https://raw.communitydragon.org/latest/plugins/rcp-be-lol-game-data/global/default/v1/tfteventpvehub.json
无法连接到代理！正在尝试第1次重新获取数据！
Cannot connect to proxy! Trying to recapture the data with url: https://raw.communitydragon.org/latest/plugins/rcp-be-lol-game-data/global/default/v1/tfteventpvehub.json. Time(s) tried: 1
文件https://raw.communitydragon.org/latest/plugins/rcp-be-lol-game-data/global/default/v1/tfteventpvehub.json不存在！
File https://raw.communitydragon.org/latest/plugins/rcp-be-lol-game-data/global/default/v1/tfteventpvehub.json not found!
[2025-08-08 00-27-30][7/18]正在检查文件夹（Checking the folder）：https://raw.communitydragon.org/latest/plugins/rcp-be-lol-game-data/global/zh_cn/v1/champions/
[2025-08-08 00-27-31]页面新文件列表如下：
New file list is as follows: 
Empty DataFrame
Columns: [file, size, web_date, web_timestamp, local_date, local_timestamp]
Index: []
[2025-08-08 00-27-31][8/18]正在检查文件夹（Checking the folder）：https://raw.communitydragon.org/latest/plugins/rcp-be-lol-game-data/global/zh_cn/v1/map-assets/
[2025-08-08 00-27-32]页面新文件列表如下：
New file list is as follows: 
Empty DataFrame
Columns: [file, size, web_date, web_timestamp, local_date, local_timestamp]
Index: []
[2025-08-08 00-27-32][9/18]正在检查文件夹（Checking the folder）：https://raw.communitydragon.org/latest/plugins/rcp-be-lol-game-data/global/zh_cn/v1/
[2025-08-08 00-27-33]页面新文件列表如下：
New file list is as follows: 
         file             size        web_date         web_timestamp        local_date         local_timestamp 
 tfteventpvebuddy.json    90 B    2025-Jul-30 06:58    1753829880.0     1970-01-01 08-00-00           0        
  tfteventpvehub.json     88 B    2025-Jul-30 06:58    1753829880.0     1970-01-01 08-00-00           0        
[2025-08-08 00-27-33][9/18][1/2]正在校对文件（Checking file）： https://raw.communitydragon.org/latest/plugins/rcp-be-lol-game-data/global/zh_cn/v1/tfteventpvebuddy.json
文件https://raw.communitydragon.org/latest/plugins/rcp-be-lol-game-data/global/zh_cn/v1/tfteventpvebuddy.json不存在！
File https://raw.communitydragon.org/latest/plugins/rcp-be-lol-game-data/global/zh_cn/v1/tfteventpvebuddy.json not found!
[2025-08-08 00-27-35][9/18][2/2]正在校对文件（Checking file）： https://raw.communitydragon.org/latest/plugins/rcp-be-lol-game-data/global/zh_cn/v1/tfteventpvehub.json
文件https://raw.communitydragon.org/latest/plugins/rcp-be-lol-game-data/global/zh_cn/v1/tfteventpvehub.json不存在！
File https://raw.communitydragon.org/latest/plugins/rcp-be-lol-game-data/global/zh_cn/v1/tfteventpvehub.json not found!
[2025-08-08 00-27-35][10/18]正在检查文件夹（Checking the folder）：https://raw.communitydragon.org/pbe/
[2025-08-08 00-27-36]页面新文件列表如下：
New file list is as follows: 
             file                size        web_date         web_timestamp        local_date          local_timestamp   
 compat-version-metadata.json    59 B    2025-Aug-07 14:09    1754546940.0     2025-08-06 11-35-32    1754451332.576126  
    content-metadata.json        61 B    2025-Aug-07 14:09    1754546940.0     2025-08-06 11-35-33    1754451333.6915765 
[2025-08-08 00-27-36][10/18][1/2]正在校对文件（Checking file）： https://raw.communitydragon.org/pbe/compat-version-metadata.json
[2025-08-08 00-27-42]已更新文件（Updated file）：离线数据（Offline Data）/cdragon/pbe/compat-version-metadata.json
[2025-08-08 00-27-42][10/18][2/2]正在校对文件（Checking file）： https://raw.communitydragon.org/pbe/content-metadata.json
违反协议导致读取中断！正在尝试第1次重新获取数据！
EOF occurred in violation of protocol! Trying to recapture the data with url: https://raw.communitydragon.org/pbe/content-metadata.json. Time(s) tried: 1
违反协议导致读取中断！正在尝试第2次重新获取数据！
EOF occurred in violation of protocol! Trying to recapture the data with url: https://raw.communitydragon.org/pbe/content-metadata.json. Time(s) tried: 2
违反协议导致读取中断！正在尝试第3次重新获取数据！
EOF occurred in violation of protocol! Trying to recapture the data with url: https://raw.communitydragon.org/pbe/content-metadata.json. Time(s) tried: 3
[2025-08-08 00-27-58]已更新文件（Updated file）：离线数据（Offline Data）/cdragon/pbe/content-metadata.json
[2025-08-08 00-27-58][11/18]正在检查文件夹（Checking the folder）：https://raw.communitydragon.org/pbe/cdragon/arena/
[2025-08-08 00-27-59]页面新文件列表如下：
New file list is as follows: 
    file         size           web_date         web_timestamp        local_date          local_timestamp  
 en_us.json    223.5 KiB    2025-Aug-07 14:12    1754547120.0     2025-08-06 11-35-35    1754451335.848166 
 zh_cn.json    226.6 KiB    2025-Aug-07 14:12    1754547120.0     2025-08-06 11-35-36    1754451336.959462 
[2025-08-08 00-27-59][11/18][1/2]正在校对文件（Checking file）： https://raw.communitydragon.org/pbe/cdragon/arena/en_us.json
[2025-08-08 00-28-00][11/18][2/2]正在校对文件（Checking file）： https://raw.communitydragon.org/pbe/cdragon/arena/zh_cn.json
[2025-08-08 00-28-02][12/18]正在检查文件夹（Checking the folder）：https://raw.communitydragon.org/pbe/cdragon/tft/
[2025-08-08 00-28-02]页面新文件列表如下：
New file list is as follows: 
    file         size          web_date         web_timestamp        local_date          local_timestamp   
 en_us.json    20.6 MiB    2025-Aug-07 14:12    1754547120.0     2025-08-06 11-35-41    1754451341.4546797 
 zh_cn.json    20.7 MiB    2025-Aug-07 14:12    1754547120.0     2025-08-06 11-35-44    1754451344.453737  
[2025-08-08 00-28-03][12/18][1/2]正在校对文件（Checking file）： https://raw.communitydragon.org/pbe/cdragon/tft/en_us.json
[2025-08-08 00-28-06]已更新文件（Updated file）：离线数据（Offline Data）/cdragon/pbe/cdragon/tft/en_us.json
[2025-08-08 00-28-06][12/18][2/2]正在校对文件（Checking file）： https://raw.communitydragon.org/pbe/cdragon/tft/zh_cn.json
[2025-08-08 00-28-15]已更新文件（Updated file）：离线数据（Offline Data）/cdragon/pbe/cdragon/tft/zh_cn.json
[2025-08-08 00-28-15][13/18]正在检查文件夹（Checking the folder）：https://raw.communitydragon.org/pbe/plugins/rcp-be-lol-game-data/global/default/v1/champions/
[2025-08-08 00-28-21]页面新文件列表如下：
New file list is as follows: 
   file        size          web_date         web_timestamp        local_date          local_timestamp   
 110.json    49.5 KiB    2025-Aug-07 14:11    1754547060.0     2025-08-02 11-46-31    1754106391.2153838 
 117.json    40.0 KiB    2025-Aug-07 14:11    1754547060.0     2025-08-02 11-46-36    1754106396.2260559 
 48.json     26.6 KiB    2025-Aug-07 14:11    1754547060.0     2025-08-02 11-47-47    1754106467.1484313 
 56.json     31.6 KiB    2025-Aug-07 14:11    1754547060.0     2025-08-02 11-47-59    1754106479.048393  
[2025-08-08 00-28-22][13/18][1/4]正在校对文件（Checking file）： https://raw.communitydragon.org/pbe/plugins/rcp-be-lol-game-data/global/default/v1/champions/110.json
[2025-08-08 00-28-23]已更新文件（Updated file）：离线数据（Offline Data）/cdragon/pbe/plugins/rcp-be-lol-game-data/global/default/v1/champions/110.json
[2025-08-08 00-28-23][13/18][2/4]正在校对文件（Checking file）： https://raw.communitydragon.org/pbe/plugins/rcp-be-lol-game-data/global/default/v1/champions/117.json
[2025-08-08 00-28-26]已更新文件（Updated file）：离线数据（Offline Data）/cdragon/pbe/plugins/rcp-be-lol-game-data/global/default/v1/champions/117.json
[2025-08-08 00-28-26][13/18][3/4]正在校对文件（Checking file）： https://raw.communitydragon.org/pbe/plugins/rcp-be-lol-game-data/global/default/v1/champions/48.json
[2025-08-08 00-28-27]已更新文件（Updated file）：离线数据（Offline Data）/cdragon/pbe/plugins/rcp-be-lol-game-data/global/default/v1/champions/48.json
[2025-08-08 00-28-27][13/18][4/4]正在校对文件（Checking file）： https://raw.communitydragon.org/pbe/plugins/rcp-be-lol-game-data/global/default/v1/champions/56.json
[2025-08-08 00-28-29]已更新文件（Updated file）：离线数据（Offline Data）/cdragon/pbe/plugins/rcp-be-lol-game-data/global/default/v1/champions/56.json
[2025-08-08 00-28-29][14/18]正在检查文件夹（Checking the folder）：https://raw.communitydragon.org/pbe/plugins/rcp-be-lol-game-data/global/default/v1/map-assets/
[2025-08-08 00-28-30]页面新文件列表如下：
New file list is as follows: 
      file            size           web_date         web_timestamp        local_date          local_timestamp   
 map-assets.json    145.8 KiB    2025-Aug-07 14:11    1754547060.0     2025-07-25 13-02-03    1753419723.2730753 
[2025-08-08 00-28-30][14/18][1/1]正在校对文件（Checking file）： https://raw.communitydragon.org/pbe/plugins/rcp-be-lol-game-data/global/default/v1/map-assets/map-assets.json
[2025-08-08 00-28-31]已更新文件（Updated file）：离线数据（Offline Data）/cdragon/pbe/plugins/rcp-be-lol-game-data/global/default/v1/map-assets/map-assets.json
[2025-08-08 00-28-31][15/18]正在检查文件夹（Checking the folder）：https://raw.communitydragon.org/pbe/plugins/rcp-be-lol-game-data/global/default/v1/
违反协议导致读取中断！正在尝试第1次重新获取数据！
EOF occurred in violation of protocol! Trying to recapture the data with url: https://raw.communitydragon.org/pbe/plugins/rcp-be-lol-game-data/global/default/v1/. Time(s) tried: 1
[2025-08-08 00-28-45]页面新文件列表如下：
New file list is as follows: 
                file                     size           web_date         web_timestamp        local_date          local_timestamp   
 champion-rune-recommendations.json    324.2 KiB    2025-Aug-07 14:11    1754547060.0     2025-08-06 11-35-53    1754451353.3065147 
             items.json                481.6 KiB    2025-Aug-07 14:11    1754547060.0     2025-07-30 06-23-40    1753827820.1151578 
           tfttraits.json              453.8 KiB    2025-Aug-07 14:11    1754547060.0     2025-08-06 11-35-55    1754451355.262735  
[2025-08-08 00-28-45][15/18][1/3]正在校对文件（Checking file）： https://raw.communitydragon.org/pbe/plugins/rcp-be-lol-game-data/global/default/v1/champion-rune-recommendations.json
[2025-08-08 00-28-46]已更新文件（Updated file）：离线数据（Offline Data）/cdragon/pbe/plugins/rcp-be-lol-game-data/global/default/v1/champion-rune-recommendations.json
[2025-08-08 00-28-46][15/18][2/3]正在校对文件（Checking file）： https://raw.communitydragon.org/pbe/plugins/rcp-be-lol-game-data/global/default/v1/items.json
[2025-08-08 00-28-48]已更新文件（Updated file）：离线数据（Offline Data）/cdragon/pbe/plugins/rcp-be-lol-game-data/global/default/v1/items.json
[2025-08-08 00-28-48][15/18][3/3]正在校对文件（Checking file）： https://raw.communitydragon.org/pbe/plugins/rcp-be-lol-game-data/global/default/v1/tfttraits.json
[2025-08-08 00-28-49]已更新文件（Updated file）：离线数据（Offline Data）/cdragon/pbe/plugins/rcp-be-lol-game-data/global/default/v1/tfttraits.json
[2025-08-08 00-28-49][16/18]正在检查文件夹（Checking the folder）：https://raw.communitydragon.org/pbe/plugins/rcp-be-lol-game-data/global/zh_cn/v1/champions/
[2025-08-08 00-28-50]页面新文件列表如下：
New file list is as follows: 
   file        size          web_date         web_timestamp        local_date          local_timestamp   
 110.json    51.8 KiB    2025-Aug-07 14:11    1754547060.0     2025-08-02 11-49-01    1754106541.2080889 
 117.json    42.0 KiB    2025-Aug-07 14:11    1754547060.0     2025-08-02 11-49-06    1754106546.6172085 
 48.json     27.2 KiB    2025-Aug-07 14:11    1754547060.0     2025-08-02 11-50-18     1754106618.91617  
 56.json     32.7 KiB    2025-Aug-07 14:11    1754547060.0     2025-08-02 11-50-30    1754106630.5860503 
[2025-08-08 00-28-51][16/18][1/4]正在校对文件（Checking file）： https://raw.communitydragon.org/pbe/plugins/rcp-be-lol-game-data/global/zh_cn/v1/champions/110.json
[2025-08-08 00-28-52]已更新文件（Updated file）：离线数据（Offline Data）/cdragon/pbe/plugins/rcp-be-lol-game-data/global/zh_cn/v1/champions/110.json
[2025-08-08 00-28-52][16/18][2/4]正在校对文件（Checking file）： https://raw.communitydragon.org/pbe/plugins/rcp-be-lol-game-data/global/zh_cn/v1/champions/117.json
[2025-08-08 00-28-52]已更新文件（Updated file）：离线数据（Offline Data）/cdragon/pbe/plugins/rcp-be-lol-game-data/global/zh_cn/v1/champions/117.json
[2025-08-08 00-28-52][16/18][3/4]正在校对文件（Checking file）： https://raw.communitydragon.org/pbe/plugins/rcp-be-lol-game-data/global/zh_cn/v1/champions/48.json
[2025-08-08 00-28-58]已更新文件（Updated file）：离线数据（Offline Data）/cdragon/pbe/plugins/rcp-be-lol-game-data/global/zh_cn/v1/champions/48.json
[2025-08-08 00-28-58][16/18][4/4]正在校对文件（Checking file）： https://raw.communitydragon.org/pbe/plugins/rcp-be-lol-game-data/global/zh_cn/v1/champions/56.json
[2025-08-08 00-29-02]已更新文件（Updated file）：离线数据（Offline Data）/cdragon/pbe/plugins/rcp-be-lol-game-data/global/zh_cn/v1/champions/56.json
[2025-08-08 00-29-02][17/18]正在检查文件夹（Checking the folder）：https://raw.communitydragon.org/pbe/plugins/rcp-be-lol-game-data/global/zh_cn/v1/map-assets/
[2025-08-08 00-29-02]页面新文件列表如下：
New file list is as follows: 
      file            size           web_date         web_timestamp        local_date          local_timestamp   
 map-assets.json    146.8 KiB    2025-Aug-07 14:11    1754547060.0     2025-07-25 13-02-14    1753419734.3110805 
[2025-08-08 00-29-02][17/18][1/1]正在校对文件（Checking file）： https://raw.communitydragon.org/pbe/plugins/rcp-be-lol-game-data/global/zh_cn/v1/map-assets/map-assets.json
[2025-08-08 00-29-04]已更新文件（Updated file）：离线数据（Offline Data）/cdragon/pbe/plugins/rcp-be-lol-game-data/global/zh_cn/v1/map-assets/map-assets.json
[2025-08-08 00-29-04][18/18]正在检查文件夹（Checking the folder）：https://raw.communitydragon.org/pbe/plugins/rcp-be-lol-game-data/global/zh_cn/v1/
[2025-08-08 00-29-06]页面新文件列表如下：
New file list is as follows: 
      file           size           web_date         web_timestamp        local_date          local_timestamp   
   items.json      481.6 KiB    2025-Aug-07 14:11    1754547060.0     2025-07-30 06-26-18    1753827978.1125336 
 tfttraits.json    463.8 KiB    2025-Aug-07 14:11    1754547060.0     2025-08-06 11-36-05    1754451365.1967137 
[2025-08-08 00-29-06][18/18][1/2]正在校对文件（Checking file）： https://raw.communitydragon.org/pbe/plugins/rcp-be-lol-game-data/global/zh_cn/v1/items.json
[2025-08-08 00-29-08]已更新文件（Updated file）：离线数据（Offline Data）/cdragon/pbe/plugins/rcp-be-lol-game-data/global/zh_cn/v1/items.json
[2025-08-08 00-29-08][18/18][2/2]正在校对文件（Checking file）： https://raw.communitydragon.org/pbe/plugins/rcp-be-lol-game-data/global/zh_cn/v1/tfttraits.json
[2025-08-08 00-29-15]已更新文件（Updated file）：离线数据（Offline Data）/cdragon/pbe/plugins/rcp-be-lol-game-data/global/zh_cn/v1/tfttraits.json
已更新以下19个文件：
Updated the following 19 file(s):
https://raw.communitydragon.org/pbe/compat-version-metadata.json
https://raw.communitydragon.org/pbe/content-metadata.json
https://raw.communitydragon.org/pbe/cdragon/tft/en_us.json
https://raw.communitydragon.org/pbe/cdragon/tft/zh_cn.json
https://raw.communitydragon.org/pbe/plugins/rcp-be-lol-game-data/global/default/v1/champions/110.json
https://raw.communitydragon.org/pbe/plugins/rcp-be-lol-game-data/global/default/v1/champions/117.json
https://raw.communitydragon.org/pbe/plugins/rcp-be-lol-game-data/global/default/v1/champions/48.json
https://raw.communitydragon.org/pbe/plugins/rcp-be-lol-game-data/global/default/v1/champions/56.json
https://raw.communitydragon.org/pbe/plugins/rcp-be-lol-game-data/global/default/v1/map-assets/map-assets.json
https://raw.communitydragon.org/pbe/plugins/rcp-be-lol-game-data/global/default/v1/champion-rune-recommendations.json
https://raw.communitydragon.org/pbe/plugins/rcp-be-lol-game-data/global/default/v1/items.json
https://raw.communitydragon.org/pbe/plugins/rcp-be-lol-game-data/global/default/v1/tfttraits.json
https://raw.communitydragon.org/pbe/plugins/rcp-be-lol-game-data/global/zh_cn/v1/champions/110.json
https://raw.communitydragon.org/pbe/plugins/rcp-be-lol-game-data/global/zh_cn/v1/champions/117.json
https://raw.communitydragon.org/pbe/plugins/rcp-be-lol-game-data/global/zh_cn/v1/champions/48.json
https://raw.communitydragon.org/pbe/plugins/rcp-be-lol-game-data/global/zh_cn/v1/champions/56.json
https://raw.communitydragon.org/pbe/plugins/rcp-be-lol-game-data/global/zh_cn/v1/map-assets/map-assets.json
https://raw.communitydragon.org/pbe/plugins/rcp-be-lol-game-data/global/zh_cn/v1/items.json
https://raw.communitydragon.org/pbe/plugins/rcp-be-lol-game-data/global/zh_cn/v1/tfttraits.json

请选择要更新的数据资源，输入空字符串以退出程序：
Please select the data resource to update, or submit an empty string to exit the program:
1	CommunityDragon
2	DataDragon
[2025-08-08 00-30-42]
[The program has exited!]
