请选择要更新的数据资源，输入空字符串以退出程序：
Please select the data resource to update, or submit an empty string to exit the program:
1	CommunityDragon
2	DataDragon
[2025-12-16 10-58-08]1
请选择要更新的数据资源：
Please select the data resources to update:
☆1	主要文件（默认）【Major files (by default)】
2	自行指定（Specify manually）
[2025-12-16 10-58-09]
请选择更新模式：
Please select the update mode:
1	全局扫描（Global Scan）
☆2	按修改时间更新（默认）【Updating According to Modification Time (by default)】
[2025-12-16 10-58-09]
请选择一种方式指定修改时间：
Please select a method of specifying the modification time:
☆1	自动获取（默认）【Automatically get (by default)】
2	手动输入（Manually input）
[2025-12-16 10-58-09]
[2025-12-16 10-58-09][1/18]正在检查文件夹（Checking the folder）：https://raw.communitydragon.org/latest/
[2025-12-16 10-58-10]页面新文件列表如下：
New file list is as follows: 
             file                  size           web_date          web_timestamp        local_date          local_timestamp   
 compat-version-metadata.json    72 Bytes    2025-12-16 08-46-44    1765846004.0     2025-12-11 11-36-29    1765424189.1093278 
    content-metadata.json        74 Bytes    2025-12-16 08-46-44    1765846004.0     2025-12-11 11-36-29    1765424189.678786  
[2025-12-16 10-58-10][1/18][1/2]正在校对文件（Checking file）： https://raw.communitydragon.org/latest/compat-version-metadata.json
[2025-12-16 10-58-11]已更新文件（Updated file）：离线数据（Offline Data）/cdragon/latest/compat-version-metadata.json
[2025-12-16 10-58-11][1/18][2/2]正在校对文件（Checking file）： https://raw.communitydragon.org/latest/content-metadata.json
[2025-12-16 10-58-11]已更新文件（Updated file）：离线数据（Offline Data）/cdragon/latest/content-metadata.json
[2025-12-16 10-58-11][2/18]正在检查文件夹（Checking the folder）：https://raw.communitydragon.org/latest/cdragon/arena/
[2025-12-16 10-58-12]页面新文件列表如下：
New file list is as follows: 
    file         size            web_date          web_timestamp        local_date          local_timestamp   
 en_us.json    235.2 KiB    2025-12-16 09-02-40    1765846960.0     2025-12-11 11-36-31    1765424191.1066115 
 zh_cn.json    238.3 KiB    2025-12-16 09-02-41    1765846961.0     2025-12-11 11-36-32    1765424192.2321596 
[2025-12-16 10-58-12][2/18][1/2]正在校对文件（Checking file）： https://raw.communitydragon.org/latest/cdragon/arena/en_us.json
[2025-12-16 10-58-13][2/18][2/2]正在校对文件（Checking file）： https://raw.communitydragon.org/latest/cdragon/arena/zh_cn.json
[2025-12-16 10-58-14][3/18]正在检查文件夹（Checking the folder）：https://raw.communitydragon.org/latest/cdragon/tft/
[2025-12-16 10-58-14]页面新文件列表如下：
New file list is as follows: 
    file         size           web_date          web_timestamp        local_date          local_timestamp   
 en_us.json    20.6 MiB    2025-12-16 09-02-18    1765846938.0     2025-12-11 11-36-36    1765424196.9839723 
 zh_cn.json    20.6 MiB    2025-12-16 09-02-22    1765846942.0     2025-12-11 11-36-42    1765424202.9149294 
[2025-12-16 10-58-14][3/18][1/2]正在校对文件（Checking file）： https://raw.communitydragon.org/latest/cdragon/tft/en_us.json
[2025-12-16 10-58-16]已更新文件（Updated file）：离线数据（Offline Data）/cdragon/latest/cdragon/tft/en_us.json
[2025-12-16 10-58-16][3/18][2/2]正在校对文件（Checking file）： https://raw.communitydragon.org/latest/cdragon/tft/zh_cn.json
[2025-12-16 10-58-19]已更新文件（Updated file）：离线数据（Offline Data）/cdragon/latest/cdragon/tft/zh_cn.json
[2025-12-16 10-58-19][4/18]正在检查文件夹（Checking the folder）：https://raw.communitydragon.org/latest/plugins/rcp-be-lol-game-data/global/default/v1/champions/
[2025-12-16 10-58-19]页面新文件列表如下：
New file list is as follows: 
   file        size           web_date          web_timestamp        local_date          local_timestamp   
  1.json     44.6 KiB    2025-12-16 09-00-25    1765846825.0     2025-12-11 11-36-44    1765424204.0832305 
 10.json     57.4 KiB    2025-12-16 09-00-44    1765846844.0     2025-12-11 11-36-44    1765424204.9416585 
 101.json    28.5 KiB    2025-12-16 09-00-34    1765846834.0     2025-12-11 11-36-45    1765424205.514266  
 102.json    27.6 KiB    2025-12-16 09-00-30    1765846830.0     2025-12-11 11-36-46    1765424206.1755817 
 103.json    71.4 KiB    2025-12-16 09-00-43    1765846843.0     2025-12-11 11-36-46    1765424206.9978104 
 104.json    42.1 KiB    2025-12-16 09-00-25    1765846825.0     2025-12-11 11-36-47    1765424207.3214607 
 105.json    36.0 KiB    2025-12-16 09-00-27    1765846827.0     2025-12-11 11-36-47    1765424207.646247  
 106.json    33.5 KiB    2025-12-16 09-00-43    1765846843.0     2025-12-11 11-36-48    1765424208.2232244 
 107.json    36.4 KiB    2025-12-16 09-00-27    1765846827.0     2025-12-11 11-36-48    1765424208.8003812 
 11.json     84.1 KiB    2025-12-16 09-00-40    1765846840.0     2025-12-11 11-36-49    1765424209.3777754 
 110.json    51.9 KiB    2025-12-16 09-00-28    1765846828.0     2025-12-11 11-36-49    1765424209.9497073 
 111.json    31.9 KiB    2025-12-16 09-00-28    1765846828.0     2025-12-11 11-36-50    1765424210.575113  
 112.json    31.4 KiB    2025-12-16 09-00-27    1765846827.0     2025-12-11 11-36-51    1765424211.1537316 
 113.json    40.3 KiB    2025-12-16 09-00-27    1765846827.0     2025-12-11 11-36-51    1765424211.808711  
 114.json    88.6 KiB    2025-12-16 09-00-31    1765846831.0     2025-12-11 11-36-52    1765424212.4083452 
 115.json    34.2 KiB    2025-12-16 09-00-29    1765846829.0     2025-12-11 11-36-53    1765424213.8242712 
 117.json    41.8 KiB    2025-12-16 09-00-26    1765846826.0     2025-12-11 11-36-55    1765424215.3948982 
 119.json    77.1 KiB    2025-12-16 09-00-42    1765846842.0     2025-12-11 11-36-56    1765424216.0732293 
 12.json     38.0 KiB    2025-12-16 09-00-47    1765846847.0     2025-12-11 11-36-56    1765424216.649033  
 120.json    39.7 KiB    2025-12-16 09-00-44    1765846844.0     2025-12-11 11-36-57    1765424217.238769  
 121.json    45.9 KiB    2025-12-16 09-00-31    1765846831.0     2025-12-11 11-36-57    1765424217.8193343 
 122.json    53.3 KiB    2025-12-16 09-00-27    1765846827.0     2025-12-11 11-36-58    1765424218.4055262 
 126.json    34.3 KiB    2025-12-16 09-00-35    1765846835.0     2025-12-11 11-36-58    1765424218.9894235 
 127.json    38.2 KiB    2025-12-16 09-00-27    1765846827.0     2025-12-11 11-36-59    1765424219.5586977 
 13.json     35.1 KiB    2025-12-16 09-00-29    1765846829.0     2025-12-11 11-37-00    1765424220.1567526 
 131.json    52.8 KiB    2025-12-16 09-00-41    1765846841.0     2025-12-11 11-37-00    1765424220.7498484 
 133.json    23.9 KiB    2025-12-16 09-00-43    1765846843.0     2025-12-11 11-37-01    1765424221.321014  
 134.json    50.7 KiB    2025-12-16 09-00-38    1765846838.0     2025-12-11 11-37-01    1765424221.908714  
 136.json    31.9 KiB    2025-12-16 09-00-29    1765846829.0     2025-12-11 11-37-02    1765424222.4839294 
 14.json     38.3 KiB    2025-12-16 09-00-26    1765846826.0     2025-12-11 11-37-03    1765424223.0619247 
 141.json    29.3 KiB    2025-12-16 09-00-46    1765846846.0     2025-12-11 11-37-03    1765424223.7309697 
 142.json    35.1 KiB    2025-12-16 09-00-42    1765846842.0     2025-12-11 11-37-04    1765424224.3222306 
 143.json    49.8 KiB    2025-12-16 09-00-44    1765846844.0     2025-12-11 11-37-04    1765424224.9281495 
 145.json    58.4 KiB    2025-12-16 09-00-45    1765846845.0     2025-12-11 11-37-05    1765424225.5117114 
 147.json    45.4 KiB    2025-12-16 09-00-46    1765846846.0     2025-12-11 11-37-06     1765424226.09129  
 15.json     51.6 KiB    2025-12-16 09-00-45    1765846845.0     2025-12-11 11-37-06    1765424226.6741562 
 150.json    35.3 KiB    2025-12-16 09-00-40    1765846840.0     2025-12-11 11-37-07    1765424227.254061  
 154.json    27.2 KiB    2025-12-16 09-00-27    1765846827.0     2025-12-11 11-37-07    1765424227.8408313 
 157.json    61.6 KiB    2025-12-16 09-00-42    1765846842.0     2025-12-11 11-37-08    1765424228.4181254 
 16.json     48.2 KiB    2025-12-16 09-00-27    1765846827.0     2025-12-11 11-37-08    1765424228.9907768 
 161.json    25.4 KiB    2025-12-16 09-00-29    1765846829.0     2025-12-11 11-37-09    1765424229.4892821 
 163.json    23.4 KiB    2025-12-16 09-00-26    1765846826.0     2025-12-11 11-37-09    1765424229.8192708 
 164.json    34.5 KiB    2025-12-16 09-00-46    1765846846.0     2025-12-11 11-37-10    1765424230.394901  
 166.json    20.8 KiB    2025-12-16 09-00-31    1765846831.0     2025-12-11 11-37-11    1765424231.008367  
 17.json     46.9 KiB    2025-12-16 09-00-34    1765846834.0     2025-12-11 11-37-11    1765424231.6024857 
 18.json     54.0 KiB    2025-12-16 09-00-46    1765846846.0     2025-12-11 11-37-11    1765424231.9635968 
 19.json     42.8 KiB    2025-12-16 09-00-32    1765846832.0     2025-12-11 11-37-12    1765424232.534992  
  2.json     38.1 KiB    2025-12-16 09-00-31    1765846831.0     2025-12-11 11-37-13    1765424233.1147385 
 20.json     40.7 KiB    2025-12-16 09-00-25    1765846825.0     2025-12-11 11-37-13    1765424233.4428322 
 200.json    25.0 KiB    2025-12-16 09-00-26    1765846826.0     2025-12-11 11-37-14    1765424234.0166707 
 201.json    36.9 KiB    2025-12-16 09-00-28    1765846828.0     2025-12-11 11-37-14    1765424234.5872397 
 202.json    42.0 KiB    2025-12-16 09-00-30    1765846830.0     2025-12-11 11-37-15    1765424235.166775  
 203.json    34.3 KiB    2025-12-16 09-00-24    1765846824.0     2025-12-11 11-37-15    1765424235.749086  
 21.json     57.2 KiB    2025-12-16 09-00-45    1765846845.0     2025-12-11 11-37-16    1765424236.3329146 
 22.json     58.3 KiB    2025-12-16 09-00-28    1765846828.0     2025-12-11 11-37-16    1765424236.919594  
 221.json    34.5 KiB    2025-12-16 09-00-42    1765846842.0     2025-12-11 11-37-17    1765424237.5040503 
 222.json    50.5 KiB    2025-12-16 09-00-27    1765846827.0     2025-12-11 11-37-18     1765424238.08649  
 223.json    31.5 KiB    2025-12-16 09-00-43    1765846843.0     2025-12-11 11-37-19    1765424239.4990218 
 23.json     41.0 KiB    2025-12-16 09-00-45    1765846845.0     2025-12-11 11-37-20    1765424240.6380515 
 233.json    21.6 KiB    2025-12-16 09-00-41    1765846841.0     2025-12-11 11-37-21    1765424241.3258677 
 234.json    32.9 KiB    2025-12-16 09-00-26    1765846826.0     2025-12-11 11-37-26     1765424246.76217  
 235.json    47.4 KiB    2025-12-16 09-00-25    1765846825.0     2025-12-11 11-37-27    1765424247.8054512 
 236.json    52.0 KiB    2025-12-16 09-00-46    1765846846.0     2025-12-11 11-37-28    1765424248.419034  
 238.json    52.1 KiB    2025-12-16 09-00-44    1765846844.0     2025-12-11 11-37-29    1765424249.1033664 
 24.json     37.7 KiB    2025-12-16 09-00-38    1765846838.0     2025-12-11 11-37-29    1765424249.6971788 
 240.json    24.2 KiB    2025-12-16 09-00-31    1765846831.0     2025-12-11 11-37-30    1765424250.2928274 
 245.json    44.6 KiB    2025-12-16 09-00-27    1765846827.0     2025-12-11 11-37-30    1765424250.643349  
 246.json    38.9 KiB    2025-12-16 09-00-44    1765846844.0     2025-12-11 11-37-31    1765424251.2391858 
 25.json     57.3 KiB    2025-12-16 09-00-43    1765846843.0     2025-12-11 11-37-31     1765424251.8437   
 254.json    39.6 KiB    2025-12-16 09-00-40    1765846840.0     2025-12-11 11-37-32    1765424252.4355853 
 26.json     28.5 KiB    2025-12-16 09-00-31    1765846831.0     2025-12-11 11-37-33    1765424253.0415814 
 266.json    35.6 KiB    2025-12-16 09-00-40    1765846840.0     2025-12-11 11-37-33    1765424253.6611865 
 267.json    47.2 KiB    2025-12-16 09-00-29    1765846829.0     2025-12-11 11-37-34    1765424254.2655637 
 268.json    26.1 KiB    2025-12-16 09-00-32    1765846832.0     2025-12-11 11-37-34    1765424254.8582652 
 27.json     28.8 KiB    2025-12-16 09-00-44    1765846844.0     2025-12-11 11-37-35    1765424255.4510016 
 28.json     49.0 KiB    2025-12-16 09-00-24    1765846824.0     2025-12-11 11-37-36    1765424256.030835  
 29.json     43.9 KiB    2025-12-16 09-00-32    1765846832.0     2025-12-11 11-37-36    1765424256.3536544 
  3.json     32.7 KiB    2025-12-16 09-00-31    1765846831.0     2025-12-11 11-37-36    1765424256.9314206 
 30.json     33.3 KiB    2025-12-16 09-00-40    1765846840.0     2025-12-11 11-37-37    1765424257.510066  
 31.json     32.7 KiB    2025-12-16 09-00-42    1765846842.0     2025-12-11 11-37-38    1765424258.1083026 
 32.json     43.5 KiB    2025-12-16 09-00-32    1765846832.0     2025-12-11 11-37-38    1765424258.701041  
 33.json     30.3 KiB    2025-12-16 09-00-40    1765846840.0     2025-12-11 11-37-39    1765424259.291492  
 34.json     42.9 KiB    2025-12-16 09-00-26    1765846826.0     2025-12-11 11-37-40    1765424260.4365878 
 35.json     50.3 KiB    2025-12-16 09-00-27    1765846827.0     2025-12-11 11-37-41    1765424261.008875  
 350.json    47.3 KiB    2025-12-16 09-00-34    1765846834.0     2025-12-11 11-37-41    1765424261.5989654 
 36.json     30.8 KiB    2025-12-16 09-00-47    1765846847.0     2025-12-11 11-37-42    1765424262.1756122 
 360.json    28.4 KiB    2025-12-16 09-00-35    1765846835.0     2025-12-11 11-37-42    1765424262.7566254 
 37.json     77.8 KiB    2025-12-16 09-00-47    1765846847.0     2025-12-11 11-37-43    1765424263.0969126 
 38.json     29.3 KiB    2025-12-16 09-00-31    1765846831.0     2025-12-11 11-37-43    1765424263.6820886 
 39.json     48.0 KiB    2025-12-16 09-00-29    1765846829.0     2025-12-11 11-37-44    1765424264.2615795 
  4.json     67.7 KiB    2025-12-16 09-00-41    1765846841.0     2025-12-11 11-37-44    1765424264.592641  
 40.json     49.4 KiB    2025-12-16 09-00-42    1765846842.0     2025-12-11 11-37-45    1765424265.183385  
 41.json     35.1 KiB    2025-12-16 09-00-34    1765846834.0     2025-12-11 11-37-45    1765424265.603133  
 412.json    50.6 KiB    2025-12-16 09-00-27    1765846827.0     2025-12-11 11-37-46    1765424266.1793902 
 42.json     35.0 KiB    2025-12-16 09-00-32    1765846832.0     2025-12-11 11-37-46    1765424266.7062826 
 420.json    28.9 KiB    2025-12-16 09-00-31    1765846831.0     2025-12-11 11-37-47    1765424267.336006  
 421.json    27.9 KiB    2025-12-16 09-00-42    1765846842.0     2025-12-11 11-37-47    1765424267.949711  
 427.json    26.4 KiB    2025-12-16 09-00-31    1765846831.0     2025-12-11 11-37-48    1765424268.5253904 
 429.json    28.1 KiB    2025-12-16 09-00-43    1765846843.0     2025-12-11 11-37-49    1765424269.124826  
 43.json     53.2 KiB    2025-12-16 09-00-46    1765846846.0     2025-12-11 11-37-49    1765424269.7041829 
 432.json    35.0 KiB    2025-12-16 09-00-42    1765846842.0     2025-12-11 11-37-50    1765424270.2966278 
 44.json     28.4 KiB    2025-12-16 09-00-28    1765846828.0     2025-12-11 11-37-50    1765424270.8708582 
 45.json     47.3 KiB    2025-12-16 09-00-28    1765846828.0     2025-12-11 11-37-51    1765424271.4460678 
 48.json     26.8 KiB    2025-12-16 09-00-44    1765846844.0     2025-12-11 11-37-52    1765424272.0203476 
 497.json    42.2 KiB    2025-12-16 09-00-41    1765846841.0     2025-12-11 11-37-52    1765424272.6248057 
 498.json    46.2 KiB    2025-12-16 09-00-42    1765846842.0     2025-12-11 11-37-53    1765424273.231107  
  5.json     41.2 KiB    2025-12-16 09-00-38    1765846838.0     2025-12-11 11-37-53    1765424273.8075204 
 50.json     34.3 KiB    2025-12-16 09-00-44    1765846844.0     2025-12-11 11-37-54    1765424274.410701  
 51.json     46.7 KiB    2025-12-16 09-00-30    1765846830.0     2025-12-11 11-37-57    1765424277.0222287 
 516.json    25.3 KiB    2025-12-16 09-00-43    1765846843.0     2025-12-11 11-37-57    1765424277.3451455 
 517.json    40.2 KiB    2025-12-16 09-00-28    1765846828.0     2025-12-11 11-37-57    1765424277.671798  
 518.json    37.1 KiB    2025-12-16 09-00-44    1765846844.0     2025-12-11 11-37-58    1765424278.272623  
 523.json    31.6 KiB    2025-12-16 09-00-43    1765846843.0     2025-12-11 11-37-58    1765424278.922776  
 526.json    26.6 KiB    2025-12-16 09-00-28    1765846828.0     2025-12-11 11-37-59    1765424279.7437243 
 53.json     48.1 KiB    2025-12-16 09-00-44    1765846844.0     2025-12-11 11-38-00    1765424280.6079466 
 54.json     43.3 KiB    2025-12-16 09-00-42    1765846842.0     2025-12-11 11-38-01    1765424281.2271113 
 55.json     52.0 KiB    2025-12-16 09-00-29    1765846829.0     2025-12-11 11-38-01    1765424281.8627884 
 555.json    54.9 KiB    2025-12-16 09-00-30    1765846830.0     2025-12-11 11-38-02    1765424282.4455018 
 56.json     31.8 KiB    2025-12-16 09-00-46    1765846846.0     2025-12-11 11-38-02    1765424282.7722483 
 57.json     30.2 KiB    2025-12-16 09-00-28    1765846828.0     2025-12-11 11-38-03    1765424283.6644285 
 58.json     44.7 KiB    2025-12-16 09-00-46    1765846846.0     2025-12-11 11-38-04    1765424284.2425344 
 59.json     44.3 KiB    2025-12-16 09-00-32    1765846832.0     2025-12-11 11-38-05    1765424285.9964254 
  6.json     30.9 KiB    2025-12-16 09-00-41    1765846841.0     2025-12-11 11-38-06    1765424286.5864935 
 60.json     30.8 KiB    2025-12-16 09-00-41    1765846841.0     2025-12-11 11-38-07    1765424287.0361745 
 61.json     34.1 KiB    2025-12-16 09-00-32    1765846832.0     2025-12-11 11-38-07    1765424287.646819  
 62.json     31.7 KiB    2025-12-16 09-00-42    1765846842.0     2025-12-11 11-38-08    1765424288.2515376 
 63.json     40.4 KiB    2025-12-16 09-00-47    1765846847.0     2025-12-11 11-38-09    1765424289.2459545 
 64.json     57.6 KiB    2025-12-16 09-00-33    1765846833.0     2025-12-11 11-38-09    1765424289.8282154 
 67.json     55.0 KiB    2025-12-16 09-00-34    1765846834.0     2025-12-11 11-38-10     1765424290.45963  
 68.json     27.8 KiB    2025-12-16 09-00-34    1765846834.0     2025-12-11 11-38-11    1765424291.0361617 
 69.json     32.8 KiB    2025-12-16 09-00-46    1765846846.0     2025-12-11 11-38-11    1765424291.6220725 
  7.json     49.4 KiB    2025-12-16 09-00-32    1765846832.0     2025-12-11 11-38-12    1765424292.0487432 
 711.json    23.5 KiB    2025-12-16 09-00-40    1765846840.0     2025-12-11 11-38-12    1765424292.6433282 
 72.json     21.1 KiB    2025-12-16 09-00-46    1765846846.0     2025-12-11 11-38-13    1765424293.2246737 
 74.json     28.5 KiB    2025-12-16 09-00-42    1765846842.0     2025-12-11 11-38-13    1765424293.803728  
 75.json     44.4 KiB    2025-12-16 09-00-30    1765846830.0     2025-12-11 11-38-14    1765424294.9096994 
 76.json     49.2 KiB    2025-12-16 09-00-45    1765846845.0     2025-12-11 11-38-15    1765424295.5379853 
 77.json     20.8 KiB    2025-12-16 09-00-32    1765846832.0     2025-12-11 11-38-16    1765424296.1781702 
 777.json    49.9 KiB    2025-12-16 09-00-46    1765846846.0     2025-12-11 11-38-16    1765424296.7500536 
 78.json     35.1 KiB    2025-12-16 09-00-28    1765846828.0     2025-12-11 11-38-17    1765424297.330813  
 79.json     38.2 KiB    2025-12-16 09-00-29    1765846829.0     2025-12-11 11-38-18    1765424298.0098011 
 799.json    14.9 KiB    2025-12-16 09-00-41    1765846841.0     2025-12-11 11-38-18    1765424298.5908237 
  8.json     40.1 KiB    2025-12-16 09-00-35    1765846835.0     2025-12-11 11-38-19    1765424299.1897585 
 80.json     39.8 KiB    2025-12-16 09-00-31    1765846831.0     2025-12-11 11-38-20    1765424300.0826418 
 800.json    17.3 KiB    2025-12-16 09-00-44    1765846844.0     2025-12-11 11-38-20    1765424300.6871266 
 804.json    14.9 KiB    2025-12-16 09-00-44    1765846844.0     2025-12-11 11-38-21    1765424301.2872598 
 81.json     58.4 KiB    2025-12-16 09-00-27    1765846827.0     2025-12-11 11-38-21    1765424301.8743277 
 82.json     44.7 KiB    2025-12-16 09-00-28    1765846828.0     2025-12-11 11-38-22    1765424302.4609654 
 83.json     40.9 KiB    2025-12-16 09-00-34    1765846834.0     2025-12-11 11-38-23    1765424303.1735468 
 84.json     66.6 KiB    2025-12-16 09-00-45    1765846845.0     2025-12-11 11-38-23    1765424303.771459  
 85.json     29.3 KiB    2025-12-16 09-00-42    1765846842.0     2025-12-11 11-38-24    1765424304.1129105 
 86.json     43.9 KiB    2025-12-16 09-00-27    1765846827.0     2025-12-11 11-38-24    1765424304.692668  
 875.json    53.0 KiB    2025-12-16 09-00-42    1765846842.0     2025-12-11 11-38-25    1765424305.2985117 
 876.json    32.4 KiB    2025-12-16 09-00-25    1765846825.0     2025-12-11 11-38-25    1765424305.9061174 
 887.json    34.2 KiB    2025-12-16 09-00-41    1765846841.0     2025-12-11 11-38-26    1765424306.5118246 
 888.json    27.5 KiB    2025-12-16 09-00-42    1765846842.0     2025-12-11 11-38-27    1765424307.6744988 
 89.json     49.4 KiB    2025-12-16 09-00-47    1765846847.0     2025-12-11 11-38-28    1765424308.3105328 
 893.json    20.1 KiB    2025-12-16 09-00-30    1765846830.0     2025-12-11 11-38-28    1765424308.9072526 
 895.json    25.0 KiB    2025-12-16 09-00-35    1765846835.0     2025-12-11 11-38-29    1765424309.7068067 
 897.json    21.2 KiB    2025-12-16 09-00-45    1765846845.0     2025-12-11 11-38-30    1765424310.317802  
  9.json     41.2 KiB    2025-12-16 09-00-28    1765846828.0     2025-12-11 11-38-30    1765424310.930556  
 90.json     42.4 KiB    2025-12-16 09-00-42    1765846842.0     2025-12-11 11-38-31    1765424311.5640595 
 901.json    20.5 KiB    2025-12-16 09-00-28    1765846828.0     2025-12-11 11-38-32    1765424312.167156  
 902.json    24.0 KiB    2025-12-16 09-00-46    1765846846.0     2025-12-11 11-38-33    1765424313.6359577 
 904.json    14.5 KiB    2025-12-16 09-00-24    1765846824.0     2025-12-11 11-38-34    1765424314.2288923 
 91.json     42.8 KiB    2025-12-16 09-00-44    1765846844.0     2025-12-11 11-38-34    1765424314.8208025 
 910.json    44.1 KiB    2025-12-16 09-00-45    1765846845.0     2025-12-11 11-38-35    1765424315.413584  
 92.json     52.3 KiB    2025-12-16 09-00-31    1765846831.0     2025-12-11 11-38-36    1765424316.0147407 
 950.json    24.4 KiB    2025-12-16 09-00-43    1765846843.0     2025-12-11 11-38-36    1765424316.6170173 
 96.json     70.4 KiB    2025-12-16 09-00-32    1765846832.0     2025-12-11 11-38-37    1765424317.2073894 
 98.json     38.6 KiB    2025-12-16 09-00-35    1765846835.0     2025-12-11 11-38-37    1765424317.8047493 
 99.json     59.6 KiB    2025-12-16 09-00-32    1765846832.0     2025-12-11 11-38-38    1765424318.3896012 
[2025-12-16 10-58-20][4/18][1/172]正在校对文件（Checking file）： https://raw.communitydragon.org/latest/plugins/rcp-be-lol-game-data/global/default/v1/champions/1.json
[2025-12-16 10-58-20][4/18][2/172]正在校对文件（Checking file）： https://raw.communitydragon.org/latest/plugins/rcp-be-lol-game-data/global/default/v1/champions/10.json
[2025-12-16 10-58-21][4/18][3/172]正在校对文件（Checking file）： https://raw.communitydragon.org/latest/plugins/rcp-be-lol-game-data/global/default/v1/champions/101.json
[2025-12-16 10-58-21][4/18][4/172]正在校对文件（Checking file）： https://raw.communitydragon.org/latest/plugins/rcp-be-lol-game-data/global/default/v1/champions/102.json
[2025-12-16 10-58-22][4/18][5/172]正在校对文件（Checking file）： https://raw.communitydragon.org/latest/plugins/rcp-be-lol-game-data/global/default/v1/champions/103.json
[2025-12-16 10-58-23][4/18][6/172]正在校对文件（Checking file）： https://raw.communitydragon.org/latest/plugins/rcp-be-lol-game-data/global/default/v1/champions/104.json
[2025-12-16 10-58-23][4/18][7/172]正在校对文件（Checking file）： https://raw.communitydragon.org/latest/plugins/rcp-be-lol-game-data/global/default/v1/champions/105.json
[2025-12-16 10-58-24][4/18][8/172]正在校对文件（Checking file）： https://raw.communitydragon.org/latest/plugins/rcp-be-lol-game-data/global/default/v1/champions/106.json
[2025-12-16 10-58-24][4/18][9/172]正在校对文件（Checking file）： https://raw.communitydragon.org/latest/plugins/rcp-be-lol-game-data/global/default/v1/champions/107.json
[2025-12-16 10-58-25][4/18][10/172]正在校对文件（Checking file）： https://raw.communitydragon.org/latest/plugins/rcp-be-lol-game-data/global/default/v1/champions/11.json
[2025-12-16 10-58-26][4/18][11/172]正在校对文件（Checking file）： https://raw.communitydragon.org/latest/plugins/rcp-be-lol-game-data/global/default/v1/champions/110.json
[2025-12-16 10-58-26][4/18][12/172]正在校对文件（Checking file）： https://raw.communitydragon.org/latest/plugins/rcp-be-lol-game-data/global/default/v1/champions/111.json
[2025-12-16 10-58-27][4/18][13/172]正在校对文件（Checking file）： https://raw.communitydragon.org/latest/plugins/rcp-be-lol-game-data/global/default/v1/champions/112.json
[2025-12-16 10-58-27][4/18][14/172]正在校对文件（Checking file）： https://raw.communitydragon.org/latest/plugins/rcp-be-lol-game-data/global/default/v1/champions/113.json
[2025-12-16 10-58-28][4/18][15/172]正在校对文件（Checking file）： https://raw.communitydragon.org/latest/plugins/rcp-be-lol-game-data/global/default/v1/champions/114.json
[2025-12-16 10-58-28][4/18][16/172]正在校对文件（Checking file）： https://raw.communitydragon.org/latest/plugins/rcp-be-lol-game-data/global/default/v1/champions/115.json
[2025-12-16 10-58-29][4/18][17/172]正在校对文件（Checking file）： https://raw.communitydragon.org/latest/plugins/rcp-be-lol-game-data/global/default/v1/champions/117.json
[2025-12-16 10-58-30][4/18][18/172]正在校对文件（Checking file）： https://raw.communitydragon.org/latest/plugins/rcp-be-lol-game-data/global/default/v1/champions/119.json
[2025-12-16 10-58-30][4/18][19/172]正在校对文件（Checking file）： https://raw.communitydragon.org/latest/plugins/rcp-be-lol-game-data/global/default/v1/champions/12.json
[2025-12-16 10-58-31][4/18][20/172]正在校对文件（Checking file）： https://raw.communitydragon.org/latest/plugins/rcp-be-lol-game-data/global/default/v1/champions/120.json
[2025-12-16 10-58-31][4/18][21/172]正在校对文件（Checking file）： https://raw.communitydragon.org/latest/plugins/rcp-be-lol-game-data/global/default/v1/champions/121.json
[2025-12-16 10-58-35][4/18][22/172]正在校对文件（Checking file）： https://raw.communitydragon.org/latest/plugins/rcp-be-lol-game-data/global/default/v1/champions/122.json
[2025-12-16 10-58-37][4/18][23/172]正在校对文件（Checking file）： https://raw.communitydragon.org/latest/plugins/rcp-be-lol-game-data/global/default/v1/champions/126.json
[2025-12-16 10-58-38][4/18][24/172]正在校对文件（Checking file）： https://raw.communitydragon.org/latest/plugins/rcp-be-lol-game-data/global/default/v1/champions/127.json
[2025-12-16 10-58-38][4/18][25/172]正在校对文件（Checking file）： https://raw.communitydragon.org/latest/plugins/rcp-be-lol-game-data/global/default/v1/champions/13.json
[2025-12-16 10-58-39][4/18][26/172]正在校对文件（Checking file）： https://raw.communitydragon.org/latest/plugins/rcp-be-lol-game-data/global/default/v1/champions/131.json
[2025-12-16 10-58-39][4/18][27/172]正在校对文件（Checking file）： https://raw.communitydragon.org/latest/plugins/rcp-be-lol-game-data/global/default/v1/champions/133.json
[2025-12-16 10-58-40][4/18][28/172]正在校对文件（Checking file）： https://raw.communitydragon.org/latest/plugins/rcp-be-lol-game-data/global/default/v1/champions/134.json
[2025-12-16 10-58-41][4/18][29/172]正在校对文件（Checking file）： https://raw.communitydragon.org/latest/plugins/rcp-be-lol-game-data/global/default/v1/champions/136.json
[2025-12-16 10-58-41][4/18][30/172]正在校对文件（Checking file）： https://raw.communitydragon.org/latest/plugins/rcp-be-lol-game-data/global/default/v1/champions/14.json
[2025-12-16 10-58-42][4/18][31/172]正在校对文件（Checking file）： https://raw.communitydragon.org/latest/plugins/rcp-be-lol-game-data/global/default/v1/champions/141.json
[2025-12-16 10-58-43][4/18][32/172]正在校对文件（Checking file）： https://raw.communitydragon.org/latest/plugins/rcp-be-lol-game-data/global/default/v1/champions/142.json
[2025-12-16 10-58-43][4/18][33/172]正在校对文件（Checking file）： https://raw.communitydragon.org/latest/plugins/rcp-be-lol-game-data/global/default/v1/champions/143.json
[2025-12-16 10-58-44][4/18][34/172]正在校对文件（Checking file）： https://raw.communitydragon.org/latest/plugins/rcp-be-lol-game-data/global/default/v1/champions/145.json
[2025-12-16 10-58-44][4/18][35/172]正在校对文件（Checking file）： https://raw.communitydragon.org/latest/plugins/rcp-be-lol-game-data/global/default/v1/champions/147.json
[2025-12-16 10-58-45][4/18][36/172]正在校对文件（Checking file）： https://raw.communitydragon.org/latest/plugins/rcp-be-lol-game-data/global/default/v1/champions/15.json
[2025-12-16 10-58-46][4/18][37/172]正在校对文件（Checking file）： https://raw.communitydragon.org/latest/plugins/rcp-be-lol-game-data/global/default/v1/champions/150.json
[2025-12-16 10-58-46][4/18][38/172]正在校对文件（Checking file）： https://raw.communitydragon.org/latest/plugins/rcp-be-lol-game-data/global/default/v1/champions/154.json
[2025-12-16 10-58-47][4/18][39/172]正在校对文件（Checking file）： https://raw.communitydragon.org/latest/plugins/rcp-be-lol-game-data/global/default/v1/champions/157.json
[2025-12-16 10-58-47][4/18][40/172]正在校对文件（Checking file）： https://raw.communitydragon.org/latest/plugins/rcp-be-lol-game-data/global/default/v1/champions/16.json
[2025-12-16 10-58-48][4/18][41/172]正在校对文件（Checking file）： https://raw.communitydragon.org/latest/plugins/rcp-be-lol-game-data/global/default/v1/champions/161.json
[2025-12-16 10-58-49][4/18][42/172]正在校对文件（Checking file）： https://raw.communitydragon.org/latest/plugins/rcp-be-lol-game-data/global/default/v1/champions/163.json
[2025-12-16 10-58-49][4/18][43/172]正在校对文件（Checking file）： https://raw.communitydragon.org/latest/plugins/rcp-be-lol-game-data/global/default/v1/champions/164.json
[2025-12-16 10-58-50][4/18][44/172]正在校对文件（Checking file）： https://raw.communitydragon.org/latest/plugins/rcp-be-lol-game-data/global/default/v1/champions/166.json
[2025-12-16 10-58-50][4/18][45/172]正在校对文件（Checking file）： https://raw.communitydragon.org/latest/plugins/rcp-be-lol-game-data/global/default/v1/champions/17.json
[2025-12-16 10-58-51][4/18][46/172]正在校对文件（Checking file）： https://raw.communitydragon.org/latest/plugins/rcp-be-lol-game-data/global/default/v1/champions/18.json
[2025-12-16 10-58-52][4/18][47/172]正在校对文件（Checking file）： https://raw.communitydragon.org/latest/plugins/rcp-be-lol-game-data/global/default/v1/champions/19.json
[2025-12-16 10-58-53][4/18][48/172]正在校对文件（Checking file）： https://raw.communitydragon.org/latest/plugins/rcp-be-lol-game-data/global/default/v1/champions/2.json
[2025-12-16 10-58-53][4/18][49/172]正在校对文件（Checking file）： https://raw.communitydragon.org/latest/plugins/rcp-be-lol-game-data/global/default/v1/champions/20.json
[2025-12-16 10-58-54][4/18][50/172]正在校对文件（Checking file）： https://raw.communitydragon.org/latest/plugins/rcp-be-lol-game-data/global/default/v1/champions/200.json
[2025-12-16 10-58-54][4/18][51/172]正在校对文件（Checking file）： https://raw.communitydragon.org/latest/plugins/rcp-be-lol-game-data/global/default/v1/champions/201.json
[2025-12-16 10-58-55][4/18][52/172]正在校对文件（Checking file）： https://raw.communitydragon.org/latest/plugins/rcp-be-lol-game-data/global/default/v1/champions/202.json
[2025-12-16 10-58-55][4/18][53/172]正在校对文件（Checking file）： https://raw.communitydragon.org/latest/plugins/rcp-be-lol-game-data/global/default/v1/champions/203.json
[2025-12-16 10-58-56][4/18][54/172]正在校对文件（Checking file）： https://raw.communitydragon.org/latest/plugins/rcp-be-lol-game-data/global/default/v1/champions/21.json
[2025-12-16 10-58-57][4/18][55/172]正在校对文件（Checking file）： https://raw.communitydragon.org/latest/plugins/rcp-be-lol-game-data/global/default/v1/champions/22.json
[2025-12-16 10-58-57][4/18][56/172]正在校对文件（Checking file）： https://raw.communitydragon.org/latest/plugins/rcp-be-lol-game-data/global/default/v1/champions/221.json
[2025-12-16 10-58-58][4/18][57/172]正在校对文件（Checking file）： https://raw.communitydragon.org/latest/plugins/rcp-be-lol-game-data/global/default/v1/champions/222.json
[2025-12-16 10-58-58][4/18][58/172]正在校对文件（Checking file）： https://raw.communitydragon.org/latest/plugins/rcp-be-lol-game-data/global/default/v1/champions/223.json
[2025-12-16 10-58-59][4/18][59/172]正在校对文件（Checking file）： https://raw.communitydragon.org/latest/plugins/rcp-be-lol-game-data/global/default/v1/champions/23.json
[2025-12-16 10-59-00][4/18][60/172]正在校对文件（Checking file）： https://raw.communitydragon.org/latest/plugins/rcp-be-lol-game-data/global/default/v1/champions/233.json
[2025-12-16 10-59-00][4/18][61/172]正在校对文件（Checking file）： https://raw.communitydragon.org/latest/plugins/rcp-be-lol-game-data/global/default/v1/champions/234.json
[2025-12-16 10-59-01][4/18][62/172]正在校对文件（Checking file）： https://raw.communitydragon.org/latest/plugins/rcp-be-lol-game-data/global/default/v1/champions/235.json
[2025-12-16 10-59-01][4/18][63/172]正在校对文件（Checking file）： https://raw.communitydragon.org/latest/plugins/rcp-be-lol-game-data/global/default/v1/champions/236.json
[2025-12-16 10-59-02][4/18][64/172]正在校对文件（Checking file）： https://raw.communitydragon.org/latest/plugins/rcp-be-lol-game-data/global/default/v1/champions/238.json
[2025-12-16 10-59-03][4/18][65/172]正在校对文件（Checking file）： https://raw.communitydragon.org/latest/plugins/rcp-be-lol-game-data/global/default/v1/champions/24.json
[2025-12-16 10-59-03][4/18][66/172]正在校对文件（Checking file）： https://raw.communitydragon.org/latest/plugins/rcp-be-lol-game-data/global/default/v1/champions/240.json
[2025-12-16 10-59-04][4/18][67/172]正在校对文件（Checking file）： https://raw.communitydragon.org/latest/plugins/rcp-be-lol-game-data/global/default/v1/champions/245.json
[2025-12-16 10-59-04][4/18][68/172]正在校对文件（Checking file）： https://raw.communitydragon.org/latest/plugins/rcp-be-lol-game-data/global/default/v1/champions/246.json
[2025-12-16 10-59-05][4/18][69/172]正在校对文件（Checking file）： https://raw.communitydragon.org/latest/plugins/rcp-be-lol-game-data/global/default/v1/champions/25.json
[2025-12-16 10-59-05][4/18][70/172]正在校对文件（Checking file）： https://raw.communitydragon.org/latest/plugins/rcp-be-lol-game-data/global/default/v1/champions/254.json
[2025-12-16 10-59-06][4/18][71/172]正在校对文件（Checking file）： https://raw.communitydragon.org/latest/plugins/rcp-be-lol-game-data/global/default/v1/champions/26.json
[2025-12-16 10-59-06][4/18][72/172]正在校对文件（Checking file）： https://raw.communitydragon.org/latest/plugins/rcp-be-lol-game-data/global/default/v1/champions/266.json
[2025-12-16 10-59-07][4/18][73/172]正在校对文件（Checking file）： https://raw.communitydragon.org/latest/plugins/rcp-be-lol-game-data/global/default/v1/champions/267.json
[2025-12-16 10-59-08][4/18][74/172]正在校对文件（Checking file）： https://raw.communitydragon.org/latest/plugins/rcp-be-lol-game-data/global/default/v1/champions/268.json
[2025-12-16 10-59-08][4/18][75/172]正在校对文件（Checking file）： https://raw.communitydragon.org/latest/plugins/rcp-be-lol-game-data/global/default/v1/champions/27.json
[2025-12-16 10-59-09][4/18][76/172]正在校对文件（Checking file）： https://raw.communitydragon.org/latest/plugins/rcp-be-lol-game-data/global/default/v1/champions/28.json
[2025-12-16 10-59-09][4/18][77/172]正在校对文件（Checking file）： https://raw.communitydragon.org/latest/plugins/rcp-be-lol-game-data/global/default/v1/champions/29.json
[2025-12-16 10-59-10][4/18][78/172]正在校对文件（Checking file）： https://raw.communitydragon.org/latest/plugins/rcp-be-lol-game-data/global/default/v1/champions/3.json
[2025-12-16 10-59-11][4/18][79/172]正在校对文件（Checking file）： https://raw.communitydragon.org/latest/plugins/rcp-be-lol-game-data/global/default/v1/champions/30.json
[2025-12-16 10-59-12][4/18][80/172]正在校对文件（Checking file）： https://raw.communitydragon.org/latest/plugins/rcp-be-lol-game-data/global/default/v1/champions/31.json
[2025-12-16 10-59-17][4/18][81/172]正在校对文件（Checking file）： https://raw.communitydragon.org/latest/plugins/rcp-be-lol-game-data/global/default/v1/champions/32.json
[2025-12-16 10-59-19][4/18][82/172]正在校对文件（Checking file）： https://raw.communitydragon.org/latest/plugins/rcp-be-lol-game-data/global/default/v1/champions/33.json
[2025-12-16 10-59-20][4/18][83/172]正在校对文件（Checking file）： https://raw.communitydragon.org/latest/plugins/rcp-be-lol-game-data/global/default/v1/champions/34.json
[2025-12-16 10-59-20][4/18][84/172]正在校对文件（Checking file）： https://raw.communitydragon.org/latest/plugins/rcp-be-lol-game-data/global/default/v1/champions/35.json
[2025-12-16 10-59-21][4/18][85/172]正在校对文件（Checking file）： https://raw.communitydragon.org/latest/plugins/rcp-be-lol-game-data/global/default/v1/champions/350.json
[2025-12-16 10-59-21][4/18][86/172]正在校对文件（Checking file）： https://raw.communitydragon.org/latest/plugins/rcp-be-lol-game-data/global/default/v1/champions/36.json
[2025-12-16 10-59-22][4/18][87/172]正在校对文件（Checking file）： https://raw.communitydragon.org/latest/plugins/rcp-be-lol-game-data/global/default/v1/champions/360.json
[2025-12-16 10-59-22][4/18][88/172]正在校对文件（Checking file）： https://raw.communitydragon.org/latest/plugins/rcp-be-lol-game-data/global/default/v1/champions/37.json
[2025-12-16 10-59-23][4/18][89/172]正在校对文件（Checking file）： https://raw.communitydragon.org/latest/plugins/rcp-be-lol-game-data/global/default/v1/champions/38.json
[2025-12-16 10-59-24][4/18][90/172]正在校对文件（Checking file）： https://raw.communitydragon.org/latest/plugins/rcp-be-lol-game-data/global/default/v1/champions/39.json
[2025-12-16 10-59-24][4/18][91/172]正在校对文件（Checking file）： https://raw.communitydragon.org/latest/plugins/rcp-be-lol-game-data/global/default/v1/champions/4.json
[2025-12-16 10-59-25][4/18][92/172]正在校对文件（Checking file）： https://raw.communitydragon.org/latest/plugins/rcp-be-lol-game-data/global/default/v1/champions/40.json
[2025-12-16 10-59-25][4/18][93/172]正在校对文件（Checking file）： https://raw.communitydragon.org/latest/plugins/rcp-be-lol-game-data/global/default/v1/champions/41.json
[2025-12-16 10-59-26][4/18][94/172]正在校对文件（Checking file）： https://raw.communitydragon.org/latest/plugins/rcp-be-lol-game-data/global/default/v1/champions/412.json
[2025-12-16 10-59-27][4/18][95/172]正在校对文件（Checking file）： https://raw.communitydragon.org/latest/plugins/rcp-be-lol-game-data/global/default/v1/champions/42.json
[2025-12-16 10-59-29][4/18][96/172]正在校对文件（Checking file）： https://raw.communitydragon.org/latest/plugins/rcp-be-lol-game-data/global/default/v1/champions/420.json
[2025-12-16 10-59-30][4/18][97/172]正在校对文件（Checking file）： https://raw.communitydragon.org/latest/plugins/rcp-be-lol-game-data/global/default/v1/champions/421.json
[2025-12-16 10-59-30][4/18][98/172]正在校对文件（Checking file）： https://raw.communitydragon.org/latest/plugins/rcp-be-lol-game-data/global/default/v1/champions/427.json
[2025-12-16 10-59-31][4/18][99/172]正在校对文件（Checking file）： https://raw.communitydragon.org/latest/plugins/rcp-be-lol-game-data/global/default/v1/champions/429.json
[2025-12-16 10-59-32][4/18][100/172]正在校对文件（Checking file）： https://raw.communitydragon.org/latest/plugins/rcp-be-lol-game-data/global/default/v1/champions/43.json
[2025-12-16 10-59-32][4/18][101/172]正在校对文件（Checking file）： https://raw.communitydragon.org/latest/plugins/rcp-be-lol-game-data/global/default/v1/champions/432.json
[2025-12-16 10-59-33][4/18][102/172]正在校对文件（Checking file）： https://raw.communitydragon.org/latest/plugins/rcp-be-lol-game-data/global/default/v1/champions/44.json
[2025-12-16 10-59-33][4/18][103/172]正在校对文件（Checking file）： https://raw.communitydragon.org/latest/plugins/rcp-be-lol-game-data/global/default/v1/champions/45.json
[2025-12-16 10-59-34][4/18][104/172]正在校对文件（Checking file）： https://raw.communitydragon.org/latest/plugins/rcp-be-lol-game-data/global/default/v1/champions/48.json
[2025-12-16 10-59-35][4/18][105/172]正在校对文件（Checking file）： https://raw.communitydragon.org/latest/plugins/rcp-be-lol-game-data/global/default/v1/champions/497.json
[2025-12-16 10-59-36][4/18][106/172]正在校对文件（Checking file）： https://raw.communitydragon.org/latest/plugins/rcp-be-lol-game-data/global/default/v1/champions/498.json
[2025-12-16 10-59-36][4/18][107/172]正在校对文件（Checking file）： https://raw.communitydragon.org/latest/plugins/rcp-be-lol-game-data/global/default/v1/champions/5.json
[2025-12-16 10-59-37][4/18][108/172]正在校对文件（Checking file）： https://raw.communitydragon.org/latest/plugins/rcp-be-lol-game-data/global/default/v1/champions/50.json
[2025-12-16 10-59-37][4/18][109/172]正在校对文件（Checking file）： https://raw.communitydragon.org/latest/plugins/rcp-be-lol-game-data/global/default/v1/champions/51.json
[2025-12-16 10-59-38][4/18][110/172]正在校对文件（Checking file）： https://raw.communitydragon.org/latest/plugins/rcp-be-lol-game-data/global/default/v1/champions/516.json
[2025-12-16 10-59-38][4/18][111/172]正在校对文件（Checking file）： https://raw.communitydragon.org/latest/plugins/rcp-be-lol-game-data/global/default/v1/champions/517.json
[2025-12-16 10-59-39][4/18][112/172]正在校对文件（Checking file）： https://raw.communitydragon.org/latest/plugins/rcp-be-lol-game-data/global/default/v1/champions/518.json
[2025-12-16 10-59-39][4/18][113/172]正在校对文件（Checking file）： https://raw.communitydragon.org/latest/plugins/rcp-be-lol-game-data/global/default/v1/champions/523.json
[2025-12-16 10-59-40][4/18][114/172]正在校对文件（Checking file）： https://raw.communitydragon.org/latest/plugins/rcp-be-lol-game-data/global/default/v1/champions/526.json
[2025-12-16 10-59-40][4/18][115/172]正在校对文件（Checking file）： https://raw.communitydragon.org/latest/plugins/rcp-be-lol-game-data/global/default/v1/champions/53.json
[2025-12-16 10-59-41][4/18][116/172]正在校对文件（Checking file）： https://raw.communitydragon.org/latest/plugins/rcp-be-lol-game-data/global/default/v1/champions/54.json
[2025-12-16 10-59-42][4/18][117/172]正在校对文件（Checking file）： https://raw.communitydragon.org/latest/plugins/rcp-be-lol-game-data/global/default/v1/champions/55.json
[2025-12-16 10-59-42][4/18][118/172]正在校对文件（Checking file）： https://raw.communitydragon.org/latest/plugins/rcp-be-lol-game-data/global/default/v1/champions/555.json
[2025-12-16 10-59-43][4/18][119/172]正在校对文件（Checking file）： https://raw.communitydragon.org/latest/plugins/rcp-be-lol-game-data/global/default/v1/champions/56.json
[2025-12-16 10-59-44][4/18][120/172]正在校对文件（Checking file）： https://raw.communitydragon.org/latest/plugins/rcp-be-lol-game-data/global/default/v1/champions/57.json
[2025-12-16 10-59-44][4/18][121/172]正在校对文件（Checking file）： https://raw.communitydragon.org/latest/plugins/rcp-be-lol-game-data/global/default/v1/champions/58.json
[2025-12-16 10-59-45][4/18][122/172]正在校对文件（Checking file）： https://raw.communitydragon.org/latest/plugins/rcp-be-lol-game-data/global/default/v1/champions/59.json
[2025-12-16 10-59-45][4/18][123/172]正在校对文件（Checking file）： https://raw.communitydragon.org/latest/plugins/rcp-be-lol-game-data/global/default/v1/champions/6.json
[2025-12-16 10-59-46][4/18][124/172]正在校对文件（Checking file）： https://raw.communitydragon.org/latest/plugins/rcp-be-lol-game-data/global/default/v1/champions/60.json
[2025-12-16 10-59-46][4/18][125/172]正在校对文件（Checking file）： https://raw.communitydragon.org/latest/plugins/rcp-be-lol-game-data/global/default/v1/champions/61.json
[2025-12-16 10-59-47][4/18][126/172]正在校对文件（Checking file）： https://raw.communitydragon.org/latest/plugins/rcp-be-lol-game-data/global/default/v1/champions/62.json
[2025-12-16 10-59-47][4/18][127/172]正在校对文件（Checking file）： https://raw.communitydragon.org/latest/plugins/rcp-be-lol-game-data/global/default/v1/champions/63.json
[2025-12-16 10-59-48][4/18][128/172]正在校对文件（Checking file）： https://raw.communitydragon.org/latest/plugins/rcp-be-lol-game-data/global/default/v1/champions/64.json
[2025-12-16 10-59-48][4/18][129/172]正在校对文件（Checking file）： https://raw.communitydragon.org/latest/plugins/rcp-be-lol-game-data/global/default/v1/champions/67.json
[2025-12-16 10-59-49][4/18][130/172]正在校对文件（Checking file）： https://raw.communitydragon.org/latest/plugins/rcp-be-lol-game-data/global/default/v1/champions/68.json
[2025-12-16 10-59-50][4/18][131/172]正在校对文件（Checking file）： https://raw.communitydragon.org/latest/plugins/rcp-be-lol-game-data/global/default/v1/champions/69.json
[2025-12-16 10-59-50][4/18][132/172]正在校对文件（Checking file）： https://raw.communitydragon.org/latest/plugins/rcp-be-lol-game-data/global/default/v1/champions/7.json
[2025-12-16 10-59-50][4/18][133/172]正在校对文件（Checking file）： https://raw.communitydragon.org/latest/plugins/rcp-be-lol-game-data/global/default/v1/champions/711.json
[2025-12-16 10-59-51][4/18][134/172]正在校对文件（Checking file）： https://raw.communitydragon.org/latest/plugins/rcp-be-lol-game-data/global/default/v1/champions/72.json
[2025-12-16 10-59-51][4/18][135/172]正在校对文件（Checking file）： https://raw.communitydragon.org/latest/plugins/rcp-be-lol-game-data/global/default/v1/champions/74.json
[2025-12-16 10-59-52][4/18][136/172]正在校对文件（Checking file）： https://raw.communitydragon.org/latest/plugins/rcp-be-lol-game-data/global/default/v1/champions/75.json
[2025-12-16 10-59-53][4/18][137/172]正在校对文件（Checking file）： https://raw.communitydragon.org/latest/plugins/rcp-be-lol-game-data/global/default/v1/champions/76.json
[2025-12-16 10-59-53][4/18][138/172]正在校对文件（Checking file）： https://raw.communitydragon.org/latest/plugins/rcp-be-lol-game-data/global/default/v1/champions/77.json
[2025-12-16 10-59-54][4/18][139/172]正在校对文件（Checking file）： https://raw.communitydragon.org/latest/plugins/rcp-be-lol-game-data/global/default/v1/champions/777.json
[2025-12-16 10-59-54][4/18][140/172]正在校对文件（Checking file）： https://raw.communitydragon.org/latest/plugins/rcp-be-lol-game-data/global/default/v1/champions/78.json
[2025-12-16 10-59-55][4/18][141/172]正在校对文件（Checking file）： https://raw.communitydragon.org/latest/plugins/rcp-be-lol-game-data/global/default/v1/champions/79.json
[2025-12-16 10-59-56][4/18][142/172]正在校对文件（Checking file）： https://raw.communitydragon.org/latest/plugins/rcp-be-lol-game-data/global/default/v1/champions/799.json
[2025-12-16 10-59-56][4/18][143/172]正在校对文件（Checking file）： https://raw.communitydragon.org/latest/plugins/rcp-be-lol-game-data/global/default/v1/champions/8.json
[2025-12-16 10-59-57][4/18][144/172]正在校对文件（Checking file）： https://raw.communitydragon.org/latest/plugins/rcp-be-lol-game-data/global/default/v1/champions/80.json
[2025-12-16 10-59-57][4/18][145/172]正在校对文件（Checking file）： https://raw.communitydragon.org/latest/plugins/rcp-be-lol-game-data/global/default/v1/champions/800.json
[2025-12-16 10-59-58][4/18][146/172]正在校对文件（Checking file）： https://raw.communitydragon.org/latest/plugins/rcp-be-lol-game-data/global/default/v1/champions/804.json
[2025-12-16 10-59-59][4/18][147/172]正在校对文件（Checking file）： https://raw.communitydragon.org/latest/plugins/rcp-be-lol-game-data/global/default/v1/champions/81.json
[2025-12-16 11-00-00][4/18][148/172]正在校对文件（Checking file）： https://raw.communitydragon.org/latest/plugins/rcp-be-lol-game-data/global/default/v1/champions/82.json
[2025-12-16 11-00-00][4/18][149/172]正在校对文件（Checking file）： https://raw.communitydragon.org/latest/plugins/rcp-be-lol-game-data/global/default/v1/champions/83.json
[2025-12-16 11-00-01][4/18][150/172]正在校对文件（Checking file）： https://raw.communitydragon.org/latest/plugins/rcp-be-lol-game-data/global/default/v1/champions/84.json
[2025-12-16 11-00-01][4/18][151/172]正在校对文件（Checking file）： https://raw.communitydragon.org/latest/plugins/rcp-be-lol-game-data/global/default/v1/champions/85.json
[2025-12-16 11-00-02][4/18][152/172]正在校对文件（Checking file）： https://raw.communitydragon.org/latest/plugins/rcp-be-lol-game-data/global/default/v1/champions/86.json
[2025-12-16 11-00-03][4/18][153/172]正在校对文件（Checking file）： https://raw.communitydragon.org/latest/plugins/rcp-be-lol-game-data/global/default/v1/champions/875.json
[2025-12-16 11-00-03][4/18][154/172]正在校对文件（Checking file）： https://raw.communitydragon.org/latest/plugins/rcp-be-lol-game-data/global/default/v1/champions/876.json
[2025-12-16 11-00-04][4/18][155/172]正在校对文件（Checking file）： https://raw.communitydragon.org/latest/plugins/rcp-be-lol-game-data/global/default/v1/champions/887.json
[2025-12-16 11-00-05][4/18][156/172]正在校对文件（Checking file）： https://raw.communitydragon.org/latest/plugins/rcp-be-lol-game-data/global/default/v1/champions/888.json
[2025-12-16 11-00-05][4/18][157/172]正在校对文件（Checking file）： https://raw.communitydragon.org/latest/plugins/rcp-be-lol-game-data/global/default/v1/champions/89.json
[2025-12-16 11-00-07][4/18][158/172]正在校对文件（Checking file）： https://raw.communitydragon.org/latest/plugins/rcp-be-lol-game-data/global/default/v1/champions/893.json
[2025-12-16 11-00-08][4/18][159/172]正在校对文件（Checking file）： https://raw.communitydragon.org/latest/plugins/rcp-be-lol-game-data/global/default/v1/champions/895.json
[2025-12-16 11-00-09][4/18][160/172]正在校对文件（Checking file）： https://raw.communitydragon.org/latest/plugins/rcp-be-lol-game-data/global/default/v1/champions/897.json
[2025-12-16 11-00-10][4/18][161/172]正在校对文件（Checking file）： https://raw.communitydragon.org/latest/plugins/rcp-be-lol-game-data/global/default/v1/champions/9.json
[2025-12-16 11-00-10][4/18][162/172]正在校对文件（Checking file）： https://raw.communitydragon.org/latest/plugins/rcp-be-lol-game-data/global/default/v1/champions/90.json
[2025-12-16 11-00-11][4/18][163/172]正在校对文件（Checking file）： https://raw.communitydragon.org/latest/plugins/rcp-be-lol-game-data/global/default/v1/champions/901.json
[2025-12-16 11-00-12][4/18][164/172]正在校对文件（Checking file）： https://raw.communitydragon.org/latest/plugins/rcp-be-lol-game-data/global/default/v1/champions/902.json
[2025-12-16 11-00-13][4/18][165/172]正在校对文件（Checking file）： https://raw.communitydragon.org/latest/plugins/rcp-be-lol-game-data/global/default/v1/champions/904.json
[2025-12-16 11-00-14][4/18][166/172]正在校对文件（Checking file）： https://raw.communitydragon.org/latest/plugins/rcp-be-lol-game-data/global/default/v1/champions/91.json
[2025-12-16 11-00-14][4/18][167/172]正在校对文件（Checking file）： https://raw.communitydragon.org/latest/plugins/rcp-be-lol-game-data/global/default/v1/champions/910.json
[2025-12-16 11-00-14][4/18][168/172]正在校对文件（Checking file）： https://raw.communitydragon.org/latest/plugins/rcp-be-lol-game-data/global/default/v1/champions/92.json
[2025-12-16 11-00-15][4/18][169/172]正在校对文件（Checking file）： https://raw.communitydragon.org/latest/plugins/rcp-be-lol-game-data/global/default/v1/champions/950.json
[2025-12-16 11-00-15][4/18][170/172]正在校对文件（Checking file）： https://raw.communitydragon.org/latest/plugins/rcp-be-lol-game-data/global/default/v1/champions/96.json
[2025-12-16 11-00-16][4/18][171/172]正在校对文件（Checking file）： https://raw.communitydragon.org/latest/plugins/rcp-be-lol-game-data/global/default/v1/champions/98.json
[2025-12-16 11-00-17][4/18][172/172]正在校对文件（Checking file）： https://raw.communitydragon.org/latest/plugins/rcp-be-lol-game-data/global/default/v1/champions/99.json
[2025-12-16 11-00-18][5/18]正在检查文件夹（Checking the folder）：https://raw.communitydragon.org/latest/plugins/rcp-be-lol-game-data/global/default/v1/map-assets/
[2025-12-16 11-00-18]页面新文件列表如下：
New file list is as follows: 
      file            size            web_date          web_timestamp        local_date          local_timestamp  
 map-assets.json    184.8 KiB    2025-12-16 09-00-29    1765846829.0     2025-12-11 11-38-44    1765424324.246116 
[2025-12-16 11-00-18][5/18][1/1]正在校对文件（Checking file）： https://raw.communitydragon.org/latest/plugins/rcp-be-lol-game-data/global/default/v1/map-assets/map-assets.json
[2025-12-16 11-00-19][6/18]正在检查文件夹（Checking the folder）：https://raw.communitydragon.org/latest/plugins/rcp-be-lol-game-data/global/default/v1/
[2025-12-16 11-00-19]页面新文件列表如下：
New file list is as follows: 
                file                     size            web_date          web_timestamp        local_date          local_timestamp   
       achievementtitles.json          103.9 KiB    2025-12-16 09-00-18    1765846818.0     2025-12-11 11-38-45    1765424325.5647013 
          challenges.json              615.1 KiB    2025-12-16 09-00-18    1765846818.0     2025-12-11 11-38-46    1765424326.6688526 
 champion-rune-recommendations.json    350.5 KiB    2025-12-16 09-00-24    1765846824.0     2025-12-11 11-38-47    1765424327.8749037 
        cherry-augments.json           76.5 KiB     2025-12-16 09-00-26    1765846826.0     2025-12-11 11-38-48    1765424328.4606955 
          companions.json              965.3 KiB    2025-12-16 09-00-31    1765846831.0     2025-12-11 11-38-49    1765424329.0966892 
     csssheet-teamplanner.json         71.3 KiB     2025-12-16 09-00-23    1765846823.0     2025-12-11 11-38-49    1765424329.7043524 
        generic-assets.json            234.1 KiB    2025-12-16 09-00-18    1765846818.0     2025-12-11 11-38-50    1765424330.8240912 
             items.json                501.0 KiB    2025-12-16 09-00-41    1765846841.0     2025-12-11 11-38-50    1765424330.934086  
             loot.json                  3.0 MiB     2025-12-16 09-00-31    1765846831.0     2025-12-11 11-38-53    1765424333.5959866 
        mission-assets.json            43.6 KiB     2025-12-16 09-00-24    1765846824.0     2025-12-11 11-38-54    1765424334.3632634 
         nachobanners.json             24.7 KiB     2025-12-16 09-00-30    1765846830.0     2025-12-11 11-38-56    1765424336.6204996 
          objectives.json              60.3 KiB     2025-12-16 09-00-18    1765846818.0     2025-12-11 11-39-05    1765424345.2088356 
             perks.json                96.4 KiB     2025-12-16 09-00-30    1765846830.0     2025-12-11 11-39-06    1765424346.0269017 
         profile-icons.json            344.6 KiB    2025-12-16 09-00-16    1765846816.0     2025-12-11 11-39-07    1765424347.6931443 
            queues.json                252.2 KiB    2025-12-16 09-00-42    1765846842.0     2025-12-11 11-39-08    1765424348.3021746 
            rewards.json                1.0 MiB     2025-12-16 09-00-17    1765846817.0     2025-12-11 11-39-09    1765424349.3788629 
         skinaugments.json             19.6 KiB     2025-12-16 09-00-20    1765846820.0     2025-12-11 11-39-09    1765424349.9674401 
          skinborders.json             18.5 KiB     2025-12-16 09-00-22    1765846822.0     2025-12-11 11-39-10    1765424350.6246696 
           skinlines.json              56.6 KiB     2025-12-16 09-00-28    1765846828.0     2025-12-11 11-39-11    1765424351.2884862 
             skins.json                 5.1 MiB     2025-12-16 09-00-37    1765846837.0     2025-12-11 11-39-12    1765424352.2951374 
          statstones.json               1.8 MiB     2025-12-16 09-00-25    1765846825.0     2025-12-11 11-39-14    1765424354.5162883 
          stylesheet.json              27.4 KiB     2025-12-16 09-00-21    1765846821.0     2025-12-11 11-39-15    1765424355.1773057 
        summoner-emotes.json           565.5 KiB    2025-12-16 09-00-22    1765846822.0     2025-12-11 11-39-16    1765424356.6505497 
        summoner-icons.json             1.9 MiB     2025-12-16 09-00-22    1765846822.0     2025-12-11 11-39-17    1765424357.3784513 
    tftcapmissioncollection.json       235.8 KiB    2025-12-16 09-00-17    1765846817.0     2025-12-11 11-39-18    1765424358.5257812 
   tftchampions-teamplanner.json       77.0 KiB     2025-12-16 09-00-28    1765846828.0     2025-12-11 11-39-19    1765424359.0995054 
         tftchampions.json             157.7 KiB    2025-12-16 09-00-25    1765846825.0     2025-12-11 11-39-19    1765424359.716818  
     tftchemtechstoredata.json         10.2 KiB     2025-12-16 09-00-18    1765846818.0     2025-12-11 11-39-20    1765424360.4943478 
        tftcontentdata.json            730.5 KiB    2025-12-16 09-00-30    1765846830.0     2025-12-11 11-39-22    1765424362.1022007 
        tftdamageskins.json            93.1 KiB     2025-12-16 09-00-33    1765846833.0     2025-12-11 11-39-22    1765424362.9451914 
       tfteventpvebuddy.json            2 Bytes     2025-12-16 09-00-28    1765846828.0     2025-12-11 11-39-23    1765424363.551226  
        tfteventpvehub.json             2 Bytes     2025-12-16 09-00-32    1765846832.0     2025-12-11 11-39-24    1765424364.1752687 
           tftitems.json               769.9 KiB    2025-12-16 09-00-43    1765846843.0     2025-12-11 11-39-25    1765424365.9529173 
        tftjourneytrack.json            2 Bytes     2025-12-16 09-00-19    1765846819.0     2025-12-11 11-39-26    1765424366.545256  
          tftmapskins.json             41.0 KiB     2025-12-16 09-00-47    1765846847.0     2025-12-11 11-39-26    1765424366.9447415 
        tftpass-assets.json            47.1 KiB     2025-12-16 09-00-18    1765846818.0     2025-12-11 11-39-27    1765424367.5725207 
      tftpasswelcomedata.json          201 Bytes    2025-12-16 09-00-16    1765846816.0     2025-12-11 11-39-28    1765424368.1849294 
         tftplaybooks.json             37.8 KiB     2025-12-16 09-00-35    1765846835.0     2025-12-11 11-39-28    1765424368.8455892 
       tftregionportals.json           22.0 KiB     2025-12-16 09-00-47    1765846847.0     2025-12-11 11-39-29    1765424369.5073197 
   tftrotationalshopitemdata.json       2.0 MiB     2025-12-16 09-00-22    1765846822.0     2025-12-11 11-39-31    1765424371.2160156 
            tftsets.json                5.9 KiB     2025-12-16 09-00-26    1765846826.0     2025-12-11 11-39-31    1765424371.977029  
           tfttraits.json              415.7 KiB    2025-12-16 09-00-27    1765846827.0     2025-12-11 11-39-33    1765424373.1060135 
    tfttrovesbannerrewards.json        848.9 KiB    2025-12-16 09-00-19    1765846819.0     2025-12-11 11-39-34    1765424374.2185981 
       tfttrovesbanners.json           80.6 KiB     2025-12-16 09-00-19    1765846819.0     2025-12-11 11-39-34    1765424374.6468885 
     tfttrovestablesnames.json         391.7 KiB    2025-12-16 09-00-16    1765846816.0     2025-12-11 11-39-35    1765424375.804876  
         tftzoomskins.json             15.8 KiB     2025-12-16 09-00-24    1765846824.0     2025-12-11 11-39-36    1765424376.419518  
           universes.json              35.1 KiB     2025-12-16 09-00-20    1765846820.0     2025-12-11 11-39-37    1765424377.476282  
[2025-12-16 11-00-19][6/18][1/47]正在校对文件（Checking file）： https://raw.communitydragon.org/latest/plugins/rcp-be-lol-game-data/global/default/v1/achievementtitles.json
[2025-12-16 11-00-20][6/18][2/47]正在校对文件（Checking file）： https://raw.communitydragon.org/latest/plugins/rcp-be-lol-game-data/global/default/v1/challenges.json
[2025-12-16 11-00-21][6/18][3/47]正在校对文件（Checking file）： https://raw.communitydragon.org/latest/plugins/rcp-be-lol-game-data/global/default/v1/champion-rune-recommendations.json
[2025-12-16 11-00-22][6/18][4/47]正在校对文件（Checking file）： https://raw.communitydragon.org/latest/plugins/rcp-be-lol-game-data/global/default/v1/cherry-augments.json
[2025-12-16 11-00-23][6/18][5/47]正在校对文件（Checking file）： https://raw.communitydragon.org/latest/plugins/rcp-be-lol-game-data/global/default/v1/companions.json
[2025-12-16 11-00-24][6/18][6/47]正在校对文件（Checking file）： https://raw.communitydragon.org/latest/plugins/rcp-be-lol-game-data/global/default/v1/csssheet-teamplanner.json
[2025-12-16 11-00-25][6/18][7/47]正在校对文件（Checking file）： https://raw.communitydragon.org/latest/plugins/rcp-be-lol-game-data/global/default/v1/generic-assets.json
[2025-12-16 11-00-26][6/18][8/47]正在校对文件（Checking file）： https://raw.communitydragon.org/latest/plugins/rcp-be-lol-game-data/global/default/v1/items.json
[2025-12-16 11-00-26][6/18][9/47]正在校对文件（Checking file）： https://raw.communitydragon.org/latest/plugins/rcp-be-lol-game-data/global/default/v1/loot.json
[2025-12-16 11-00-28][6/18][10/47]正在校对文件（Checking file）： https://raw.communitydragon.org/latest/plugins/rcp-be-lol-game-data/global/default/v1/mission-assets.json
[2025-12-16 11-00-29][6/18][11/47]正在校对文件（Checking file）： https://raw.communitydragon.org/latest/plugins/rcp-be-lol-game-data/global/default/v1/nachobanners.json
[2025-12-16 11-00-30][6/18][12/47]正在校对文件（Checking file）： https://raw.communitydragon.org/latest/plugins/rcp-be-lol-game-data/global/default/v1/objectives.json
[2025-12-16 11-00-30][6/18][13/47]正在校对文件（Checking file）： https://raw.communitydragon.org/latest/plugins/rcp-be-lol-game-data/global/default/v1/perks.json
[2025-12-16 11-00-31][6/18][14/47]正在校对文件（Checking file）： https://raw.communitydragon.org/latest/plugins/rcp-be-lol-game-data/global/default/v1/profile-icons.json
[2025-12-16 11-00-32][6/18][15/47]正在校对文件（Checking file）： https://raw.communitydragon.org/latest/plugins/rcp-be-lol-game-data/global/default/v1/queues.json
[2025-12-16 11-00-33][6/18][16/47]正在校对文件（Checking file）： https://raw.communitydragon.org/latest/plugins/rcp-be-lol-game-data/global/default/v1/rewards.json
[2025-12-16 11-00-34][6/18][17/47]正在校对文件（Checking file）： https://raw.communitydragon.org/latest/plugins/rcp-be-lol-game-data/global/default/v1/skinaugments.json
[2025-12-16 11-00-35][6/18][18/47]正在校对文件（Checking file）： https://raw.communitydragon.org/latest/plugins/rcp-be-lol-game-data/global/default/v1/skinborders.json
[2025-12-16 11-00-36][6/18][19/47]正在校对文件（Checking file）： https://raw.communitydragon.org/latest/plugins/rcp-be-lol-game-data/global/default/v1/skinlines.json
[2025-12-16 11-00-37][6/18][20/47]正在校对文件（Checking file）： https://raw.communitydragon.org/latest/plugins/rcp-be-lol-game-data/global/default/v1/skins.json
[2025-12-16 11-00-38][6/18][21/47]正在校对文件（Checking file）： https://raw.communitydragon.org/latest/plugins/rcp-be-lol-game-data/global/default/v1/statstones.json
[2025-12-16 11-00-39][6/18][22/47]正在校对文件（Checking file）： https://raw.communitydragon.org/latest/plugins/rcp-be-lol-game-data/global/default/v1/stylesheet.json
[2025-12-16 11-00-41][6/18][23/47]正在校对文件（Checking file）： https://raw.communitydragon.org/latest/plugins/rcp-be-lol-game-data/global/default/v1/summoner-emotes.json
[2025-12-16 11-00-45][6/18][24/47]正在校对文件（Checking file）： https://raw.communitydragon.org/latest/plugins/rcp-be-lol-game-data/global/default/v1/summoner-icons.json
[2025-12-16 11-00-45][6/18][25/47]正在校对文件（Checking file）： https://raw.communitydragon.org/latest/plugins/rcp-be-lol-game-data/global/default/v1/tftcapmissioncollection.json
[2025-12-16 11-00-46][6/18][26/47]正在校对文件（Checking file）： https://raw.communitydragon.org/latest/plugins/rcp-be-lol-game-data/global/default/v1/tftchampions-teamplanner.json
[2025-12-16 11-00-47][6/18][27/47]正在校对文件（Checking file）： https://raw.communitydragon.org/latest/plugins/rcp-be-lol-game-data/global/default/v1/tftchampions.json
[2025-12-16 11-00-48][6/18][28/47]正在校对文件（Checking file）： https://raw.communitydragon.org/latest/plugins/rcp-be-lol-game-data/global/default/v1/tftchemtechstoredata.json
[2025-12-16 11-00-49][6/18][29/47]正在校对文件（Checking file）： https://raw.communitydragon.org/latest/plugins/rcp-be-lol-game-data/global/default/v1/tftcontentdata.json
[2025-12-16 11-00-50][6/18][30/47]正在校对文件（Checking file）： https://raw.communitydragon.org/latest/plugins/rcp-be-lol-game-data/global/default/v1/tftdamageskins.json
[2025-12-16 11-00-51][6/18][31/47]正在校对文件（Checking file）： https://raw.communitydragon.org/latest/plugins/rcp-be-lol-game-data/global/default/v1/tfteventpvebuddy.json
[2025-12-16 11-00-52][6/18][32/47]正在校对文件（Checking file）： https://raw.communitydragon.org/latest/plugins/rcp-be-lol-game-data/global/default/v1/tfteventpvehub.json
[2025-12-16 11-00-53][6/18][33/47]正在校对文件（Checking file）： https://raw.communitydragon.org/latest/plugins/rcp-be-lol-game-data/global/default/v1/tftitems.json
[2025-12-16 11-00-54][6/18][34/47]正在校对文件（Checking file）： https://raw.communitydragon.org/latest/plugins/rcp-be-lol-game-data/global/default/v1/tftjourneytrack.json
[2025-12-16 11-00-55][6/18][35/47]正在校对文件（Checking file）： https://raw.communitydragon.org/latest/plugins/rcp-be-lol-game-data/global/default/v1/tftmapskins.json
[2025-12-16 11-00-56][6/18][36/47]正在校对文件（Checking file）： https://raw.communitydragon.org/latest/plugins/rcp-be-lol-game-data/global/default/v1/tftpass-assets.json
[2025-12-16 11-00-56][6/18][37/47]正在校对文件（Checking file）： https://raw.communitydragon.org/latest/plugins/rcp-be-lol-game-data/global/default/v1/tftpasswelcomedata.json
[2025-12-16 11-00-57][6/18][38/47]正在校对文件（Checking file）： https://raw.communitydragon.org/latest/plugins/rcp-be-lol-game-data/global/default/v1/tftplaybooks.json
[2025-12-16 11-00-58][6/18][39/47]正在校对文件（Checking file）： https://raw.communitydragon.org/latest/plugins/rcp-be-lol-game-data/global/default/v1/tftregionportals.json
[2025-12-16 11-00-58][6/18][40/47]正在校对文件（Checking file）： https://raw.communitydragon.org/latest/plugins/rcp-be-lol-game-data/global/default/v1/tftrotationalshopitemdata.json
[2025-12-16 11-01-01][6/18][41/47]正在校对文件（Checking file）： https://raw.communitydragon.org/latest/plugins/rcp-be-lol-game-data/global/default/v1/tftsets.json
[2025-12-16 11-01-01][6/18][42/47]正在校对文件（Checking file）： https://raw.communitydragon.org/latest/plugins/rcp-be-lol-game-data/global/default/v1/tfttraits.json
[2025-12-16 11-01-03][6/18][43/47]正在校对文件（Checking file）： https://raw.communitydragon.org/latest/plugins/rcp-be-lol-game-data/global/default/v1/tfttrovesbannerrewards.json
[2025-12-16 11-01-04][6/18][44/47]正在校对文件（Checking file）： https://raw.communitydragon.org/latest/plugins/rcp-be-lol-game-data/global/default/v1/tfttrovesbanners.json
[2025-12-16 11-01-04][6/18][45/47]正在校对文件（Checking file）： https://raw.communitydragon.org/latest/plugins/rcp-be-lol-game-data/global/default/v1/tfttrovestablesnames.json
[2025-12-16 11-01-06][6/18][46/47]正在校对文件（Checking file）： https://raw.communitydragon.org/latest/plugins/rcp-be-lol-game-data/global/default/v1/tftzoomskins.json
[2025-12-16 11-01-07][6/18][47/47]正在校对文件（Checking file）： https://raw.communitydragon.org/latest/plugins/rcp-be-lol-game-data/global/default/v1/universes.json
[2025-12-16 11-01-08][7/18]正在检查文件夹（Checking the folder）：https://raw.communitydragon.org/latest/plugins/rcp-be-lol-game-data/global/zh_cn/v1/champions/
[2025-12-16 11-01-09]页面新文件列表如下：
New file list is as follows: 
   file        size           web_date          web_timestamp        local_date          local_timestamp   
 103.json    72.4 KiB    2025-12-16 09-01-42    1765846902.0     2025-12-11 11-39-39    1765424379.2575948 
 112.json    32.1 KiB    2025-12-16 09-01-43    1765846903.0     2025-12-11 11-39-40    1765424380.003261  
 113.json    41.8 KiB    2025-12-16 09-01-43    1765846903.0     2025-12-11 11-39-40    1765424380.6017008 
 114.json    92.5 KiB    2025-12-16 09-01-43    1765846903.0     2025-12-11 11-39-41    1765424381.4732642 
 119.json    79.7 KiB    2025-12-16 09-01-42    1765846902.0     2025-12-11 11-39-42    1765424382.0776234 
 121.json    47.2 KiB    2025-12-16 09-01-43    1765846903.0     2025-12-11 11-39-43    1765424383.3644187 
 143.json    51.2 KiB    2025-12-16 09-01-43    1765846903.0     2025-12-11 11-39-44    1765424384.009707  
 221.json    35.7 KiB    2025-12-16 09-01-42    1765846902.0     2025-12-11 11-39-44    1765424384.6256394 
 222.json    53.0 KiB    2025-12-16 09-01-43    1765846903.0     2025-12-11 11-39-45    1765424385.1158173 
 236.json    55.1 KiB    2025-12-16 09-01-42    1765846902.0     2025-12-11 11-39-46     1765424386.07821  
 267.json    49.2 KiB    2025-12-16 09-01-43    1765846903.0     2025-12-11 11-39-46    1765424386.7317417 
  4.json     70.3 KiB    2025-12-16 09-01-43    1765846903.0     2025-12-11 11-39-47    1765424387.3990953 
  7.json     51.3 KiB    2025-12-16 09-01-43    1765846903.0     2025-12-11 11-39-48    1765424388.3081124 
 800.json    17.5 KiB    2025-12-16 09-01-43    1765846903.0     2025-12-11 11-39-49    1765424389.2127922 
 901.json    20.9 KiB    2025-12-16 09-01-43    1765846903.0     2025-12-11 11-39-50    1765424390.1158068 
 902.json    24.3 KiB    2025-12-16 09-01-43    1765846903.0     2025-12-11 11-39-51    1765424391.2612202 
 904.json    14.6 KiB    2025-12-16 09-01-43    1765846903.0     2025-12-11 11-39-52    1765424392.1567094 
[2025-12-16 11-01-09][7/18][1/17]正在校对文件（Checking file）： https://raw.communitydragon.org/latest/plugins/rcp-be-lol-game-data/global/zh_cn/v1/champions/103.json
[2025-12-16 11-01-10][7/18][2/17]正在校对文件（Checking file）： https://raw.communitydragon.org/latest/plugins/rcp-be-lol-game-data/global/zh_cn/v1/champions/112.json
[2025-12-16 11-01-10][7/18][3/17]正在校对文件（Checking file）： https://raw.communitydragon.org/latest/plugins/rcp-be-lol-game-data/global/zh_cn/v1/champions/113.json
[2025-12-16 11-01-11][7/18][4/17]正在校对文件（Checking file）： https://raw.communitydragon.org/latest/plugins/rcp-be-lol-game-data/global/zh_cn/v1/champions/114.json
[2025-12-16 11-01-12][7/18][5/17]正在校对文件（Checking file）： https://raw.communitydragon.org/latest/plugins/rcp-be-lol-game-data/global/zh_cn/v1/champions/119.json
[2025-12-16 11-01-12][7/18][6/17]正在校对文件（Checking file）： https://raw.communitydragon.org/latest/plugins/rcp-be-lol-game-data/global/zh_cn/v1/champions/121.json
[2025-12-16 11-01-13][7/18][7/17]正在校对文件（Checking file）： https://raw.communitydragon.org/latest/plugins/rcp-be-lol-game-data/global/zh_cn/v1/champions/143.json
[2025-12-16 11-01-13][7/18][8/17]正在校对文件（Checking file）： https://raw.communitydragon.org/latest/plugins/rcp-be-lol-game-data/global/zh_cn/v1/champions/221.json
[2025-12-16 11-01-14][7/18][9/17]正在校对文件（Checking file）： https://raw.communitydragon.org/latest/plugins/rcp-be-lol-game-data/global/zh_cn/v1/champions/222.json
[2025-12-16 11-01-14][7/18][10/17]正在校对文件（Checking file）： https://raw.communitydragon.org/latest/plugins/rcp-be-lol-game-data/global/zh_cn/v1/champions/236.json
[2025-12-16 11-01-15][7/18][11/17]正在校对文件（Checking file）： https://raw.communitydragon.org/latest/plugins/rcp-be-lol-game-data/global/zh_cn/v1/champions/267.json
[2025-12-16 11-01-16][7/18][12/17]正在校对文件（Checking file）： https://raw.communitydragon.org/latest/plugins/rcp-be-lol-game-data/global/zh_cn/v1/champions/4.json
[2025-12-16 11-01-16][7/18][13/17]正在校对文件（Checking file）： https://raw.communitydragon.org/latest/plugins/rcp-be-lol-game-data/global/zh_cn/v1/champions/7.json
[2025-12-16 11-01-17][7/18][14/17]正在校对文件（Checking file）： https://raw.communitydragon.org/latest/plugins/rcp-be-lol-game-data/global/zh_cn/v1/champions/800.json
[2025-12-16 11-01-18][7/18][15/17]正在校对文件（Checking file）： https://raw.communitydragon.org/latest/plugins/rcp-be-lol-game-data/global/zh_cn/v1/champions/901.json
[2025-12-16 11-01-18][7/18][16/17]正在校对文件（Checking file）： https://raw.communitydragon.org/latest/plugins/rcp-be-lol-game-data/global/zh_cn/v1/champions/902.json
[2025-12-16 11-01-19][7/18][17/17]正在校对文件（Checking file）： https://raw.communitydragon.org/latest/plugins/rcp-be-lol-game-data/global/zh_cn/v1/champions/904.json
[2025-12-16 11-01-20][8/18]正在检查文件夹（Checking the folder）：https://raw.communitydragon.org/latest/plugins/rcp-be-lol-game-data/global/zh_cn/v1/map-assets/
[2025-12-16 11-01-20]页面新文件列表如下：
New file list is as follows: 
      file            size            web_date          web_timestamp        local_date          local_timestamp   
 map-assets.json    186.2 KiB    2025-12-16 09-01-43    1765846903.0     2025-12-11 11-39-53    1765424393.4913697 
[2025-12-16 11-01-20][8/18][1/1]正在校对文件（Checking file）： https://raw.communitydragon.org/latest/plugins/rcp-be-lol-game-data/global/zh_cn/v1/map-assets/map-assets.json
[2025-12-16 11-01-21][9/18]正在检查文件夹（Checking the folder）：https://raw.communitydragon.org/latest/plugins/rcp-be-lol-game-data/global/zh_cn/v1/
[2025-12-16 11-01-21]页面新文件列表如下：
New file list is as follows: 
              file                   size            web_date          web_timestamp        local_date          local_timestamp   
     achievementtitles.json        104.4 KiB    2025-12-16 09-01-43    1765846903.0     2025-12-11 11-39-54    1765424394.748983  
        challenges.json            621.7 KiB    2025-12-16 09-01-43    1765846903.0     2025-12-11 11-39-56    1765424396.1126988 
     champion-summary.json         41.8 KiB     2025-12-16 09-01-43    1765846903.0     2025-12-11 11-40-07    1765424407.351101  
      cherry-augments.json         76.3 KiB     2025-12-16 09-01-42    1765846902.0     2025-12-11 11-40-07    1765424407.9772093 
        companions.json            971.2 KiB    2025-12-16 09-01-43    1765846903.0     2025-12-11 11-40-08    1765424408.6323273 
      generic-assets.json          234.1 KiB    2025-12-16 09-01-43    1765846903.0     2025-12-11 11-40-09    1765424409.554474  
           items.json              500.9 KiB    2025-12-16 09-01-42    1765846902.0     2025-12-11 11-40-10    1765424410.7814608 
           loot.json                3.0 MiB     2025-12-16 09-01-42    1765846902.0     2025-12-11 11-40-12    1765424412.6035972 
      mission-assets.json          43.6 KiB     2025-12-16 09-01-43    1765846903.0     2025-12-11 11-40-13    1765424413.2429004 
       nachobanners.json           24.6 KiB     2025-12-16 09-01-43    1765846903.0     2025-12-11 11-40-13    1765424413.8646898 
        objectives.json            60.4 KiB     2025-12-16 09-01-43    1765846903.0     2025-12-11 11-40-14    1765424414.4720924 
           perks.json              98.8 KiB     2025-12-16 09-01-42    1765846902.0     2025-12-11 11-40-15    1765424415.3157835 
       profile-icons.json          344.6 KiB    2025-12-16 09-01-43    1765846903.0     2025-12-11 11-40-16    1765424416.311095  
          queues.json              256.7 KiB    2025-12-16 09-01-43    1765846903.0     2025-12-11 11-40-17    1765424417.1328313 
        skinborders.json           19.0 KiB     2025-12-16 09-01-43    1765846903.0     2025-12-11 11-40-17    1765424417.7541745 
         skinlines.json            56.0 KiB     2025-12-16 09-01-42    1765846902.0     2025-12-11 11-40-18    1765424418.7027302 
           skins.json               5.3 MiB     2025-12-16 09-01-42    1765846902.0     2025-12-11 11-40-21    1765424421.1640184 
        statstones.json             1.8 MiB     2025-12-16 09-01-43    1765846903.0     2025-12-11 11-40-22    1765424422.962237  
        stylesheet.json            27.4 KiB     2025-12-16 09-01-43    1765846903.0     2025-12-11 11-40-23    1765424423.619772  
      summoner-emotes.json         573.8 KiB    2025-12-16 09-01-43    1765846903.0     2025-12-11 11-40-25    1765424425.137906  
      summoner-icons.json           1.8 MiB     2025-12-16 09-01-42    1765846902.0     2025-12-11 11-40-28    1765424428.0125132 
  tftcapmissioncollection.json     246.6 KiB    2025-12-16 09-01-42    1765846902.0     2025-12-11 11-40-28    1765424428.787846  
 tftchampions-teamplanner.json     78.0 KiB     2025-12-16 09-01-43    1765846903.0     2025-12-11 11-40-29    1765424429.559134  
       tftchampions.json           159.2 KiB    2025-12-16 09-01-43    1765846903.0     2025-12-11 11-40-30    1765424430.5790997 
   tftchemtechstoredata.json       11.3 KiB     2025-12-16 09-01-43    1765846903.0     2025-12-11 11-40-31    1765424431.1925223 
      tftcontentdata.json          730.5 KiB    2025-12-16 09-01-42    1765846902.0     2025-12-11 11-40-32    1765424432.6596043 
      tftdamageskins.json          94.4 KiB     2025-12-16 09-01-43    1765846903.0     2025-12-11 11-40-35    1765424435.2743416 
     tfteventpvebuddy.json          2 Bytes     2025-12-16 09-01-43    1765846903.0     2025-12-11 11-40-35    1765424435.8498034 
      tfteventpvehub.json           2 Bytes     2025-12-16 09-01-42    1765846902.0     2025-12-11 11-40-36    1765424436.4774926 
         tftitems.json             769.9 KiB    2025-12-16 09-01-43    1765846903.0     2025-12-11 11-40-37    1765424437.8723607 
      tftjourneytrack.json          2 Bytes     2025-12-16 09-01-42    1765846902.0     2025-12-11 11-40-38    1765424438.494259  
        tftmapskins.json           41.2 KiB     2025-12-16 09-01-43    1765846903.0     2025-12-11 11-40-41    1765424441.248367  
    tftpasswelcomedata.json        212 Bytes    2025-12-16 09-01-43    1765846903.0     2025-12-11 11-40-41    1765424441.8602872 
       tftplaybooks.json           38.8 KiB     2025-12-16 09-01-42    1765846902.0     2025-12-11 11-40-42    1765424442.2408073 
     tftregionportals.json         22.1 KiB     2025-12-16 09-01-43    1765846903.0     2025-12-11 11-40-42    1765424442.8310227 
 tftrotationalshopitemdata.json     2.0 MiB     2025-12-16 09-01-43    1765846903.0     2025-12-11 11-40-44    1765424444.3864293 
          tftsets.json              6.1 KiB     2025-12-16 09-01-43    1765846903.0     2025-12-11 11-40-45    1765424445.300733  
         tfttraits.json            425.1 KiB    2025-12-16 09-01-43    1765846903.0     2025-12-11 11-40-46    1765424446.801953  
  tfttrovesbannerrewards.json      852.9 KiB    2025-12-16 09-01-43    1765846903.0     2025-12-11 11-40-48    1765424448.3411882 
     tfttrovesbanners.json         80.6 KiB     2025-12-16 09-01-43    1765846903.0     2025-12-11 11-40-48    1765424448.9194329 
   tfttrovestablesnames.json       404.9 KiB    2025-12-16 09-01-43    1765846903.0     2025-12-11 11-40-50    1765424450.7253282 
       tftzoomskins.json           15.8 KiB     2025-12-16 09-01-43    1765846903.0     2025-12-11 11-40-51    1765424451.4130917 
         universes.json            34.7 KiB     2025-12-16 09-01-43    1765846903.0     2025-12-11 11-40-52    1765424452.0484757 
[2025-12-16 11-01-21][9/18][1/43]正在校对文件（Checking file）： https://raw.communitydragon.org/latest/plugins/rcp-be-lol-game-data/global/zh_cn/v1/achievementtitles.json
[2025-12-16 11-01-22][9/18][2/43]正在校对文件（Checking file）： https://raw.communitydragon.org/latest/plugins/rcp-be-lol-game-data/global/zh_cn/v1/challenges.json
[2025-12-16 11-01-23][9/18][3/43]正在校对文件（Checking file）： https://raw.communitydragon.org/latest/plugins/rcp-be-lol-game-data/global/zh_cn/v1/champion-summary.json
[2025-12-16 11-01-23][9/18][4/43]正在校对文件（Checking file）： https://raw.communitydragon.org/latest/plugins/rcp-be-lol-game-data/global/zh_cn/v1/cherry-augments.json
[2025-12-16 11-01-24][9/18][5/43]正在校对文件（Checking file）： https://raw.communitydragon.org/latest/plugins/rcp-be-lol-game-data/global/zh_cn/v1/companions.json
[2025-12-16 11-01-26][9/18][6/43]正在校对文件（Checking file）： https://raw.communitydragon.org/latest/plugins/rcp-be-lol-game-data/global/zh_cn/v1/generic-assets.json
[2025-12-16 11-01-26][9/18][7/43]正在校对文件（Checking file）： https://raw.communitydragon.org/latest/plugins/rcp-be-lol-game-data/global/zh_cn/v1/items.json
[2025-12-16 11-01-28][9/18][8/43]正在校对文件（Checking file）： https://raw.communitydragon.org/latest/plugins/rcp-be-lol-game-data/global/zh_cn/v1/loot.json
[2025-12-16 11-01-30][9/18][9/43]正在校对文件（Checking file）： https://raw.communitydragon.org/latest/plugins/rcp-be-lol-game-data/global/zh_cn/v1/mission-assets.json
[2025-12-16 11-01-31][9/18][10/43]正在校对文件（Checking file）： https://raw.communitydragon.org/latest/plugins/rcp-be-lol-game-data/global/zh_cn/v1/nachobanners.json
[2025-12-16 11-01-31][9/18][11/43]正在校对文件（Checking file）： https://raw.communitydragon.org/latest/plugins/rcp-be-lol-game-data/global/zh_cn/v1/objectives.json
[2025-12-16 11-01-32][9/18][12/43]正在校对文件（Checking file）： https://raw.communitydragon.org/latest/plugins/rcp-be-lol-game-data/global/zh_cn/v1/perks.json
[2025-12-16 11-01-33][9/18][13/43]正在校对文件（Checking file）： https://raw.communitydragon.org/latest/plugins/rcp-be-lol-game-data/global/zh_cn/v1/profile-icons.json
[2025-12-16 11-01-34][9/18][14/43]正在校对文件（Checking file）： https://raw.communitydragon.org/latest/plugins/rcp-be-lol-game-data/global/zh_cn/v1/queues.json
[2025-12-16 11-01-34][9/18][15/43]正在校对文件（Checking file）： https://raw.communitydragon.org/latest/plugins/rcp-be-lol-game-data/global/zh_cn/v1/skinborders.json
[2025-12-16 11-01-35][9/18][16/43]正在校对文件（Checking file）： https://raw.communitydragon.org/latest/plugins/rcp-be-lol-game-data/global/zh_cn/v1/skinlines.json
[2025-12-16 11-01-36][9/18][17/43]正在校对文件（Checking file）： https://raw.communitydragon.org/latest/plugins/rcp-be-lol-game-data/global/zh_cn/v1/skins.json
[2025-12-16 11-01-38][9/18][18/43]正在校对文件（Checking file）： https://raw.communitydragon.org/latest/plugins/rcp-be-lol-game-data/global/zh_cn/v1/statstones.json
[2025-12-16 11-01-40][9/18][19/43]正在校对文件（Checking file）： https://raw.communitydragon.org/latest/plugins/rcp-be-lol-game-data/global/zh_cn/v1/stylesheet.json
[2025-12-16 11-01-40][9/18][20/43]正在校对文件（Checking file）： https://raw.communitydragon.org/latest/plugins/rcp-be-lol-game-data/global/zh_cn/v1/summoner-emotes.json
[2025-12-16 11-01-42][9/18][21/43]正在校对文件（Checking file）： https://raw.communitydragon.org/latest/plugins/rcp-be-lol-game-data/global/zh_cn/v1/summoner-icons.json
[2025-12-16 11-01-43][9/18][22/43]正在校对文件（Checking file）： https://raw.communitydragon.org/latest/plugins/rcp-be-lol-game-data/global/zh_cn/v1/tftcapmissioncollection.json
[2025-12-16 11-01-44][9/18][23/43]正在校对文件（Checking file）： https://raw.communitydragon.org/latest/plugins/rcp-be-lol-game-data/global/zh_cn/v1/tftchampions-teamplanner.json
[2025-12-16 11-01-44][9/18][24/43]正在校对文件（Checking file）： https://raw.communitydragon.org/latest/plugins/rcp-be-lol-game-data/global/zh_cn/v1/tftchampions.json
[2025-12-16 11-01-45][9/18][25/43]正在校对文件（Checking file）： https://raw.communitydragon.org/latest/plugins/rcp-be-lol-game-data/global/zh_cn/v1/tftchemtechstoredata.json
[2025-12-16 11-01-45][9/18][26/43]正在校对文件（Checking file）： https://raw.communitydragon.org/latest/plugins/rcp-be-lol-game-data/global/zh_cn/v1/tftcontentdata.json
[2025-12-16 11-01-47][9/18][27/43]正在校对文件（Checking file）： https://raw.communitydragon.org/latest/plugins/rcp-be-lol-game-data/global/zh_cn/v1/tftdamageskins.json
[2025-12-16 11-01-47][9/18][28/43]正在校对文件（Checking file）： https://raw.communitydragon.org/latest/plugins/rcp-be-lol-game-data/global/zh_cn/v1/tfteventpvebuddy.json
[2025-12-16 11-01-48][9/18][29/43]正在校对文件（Checking file）： https://raw.communitydragon.org/latest/plugins/rcp-be-lol-game-data/global/zh_cn/v1/tfteventpvehub.json
[2025-12-16 11-01-48][9/18][30/43]正在校对文件（Checking file）： https://raw.communitydragon.org/latest/plugins/rcp-be-lol-game-data/global/zh_cn/v1/tftitems.json
[2025-12-16 11-01-50][9/18][31/43]正在校对文件（Checking file）： https://raw.communitydragon.org/latest/plugins/rcp-be-lol-game-data/global/zh_cn/v1/tftjourneytrack.json
[2025-12-16 11-01-50][9/18][32/43]正在校对文件（Checking file）： https://raw.communitydragon.org/latest/plugins/rcp-be-lol-game-data/global/zh_cn/v1/tftmapskins.json
[2025-12-16 11-01-51][9/18][33/43]正在校对文件（Checking file）： https://raw.communitydragon.org/latest/plugins/rcp-be-lol-game-data/global/zh_cn/v1/tftpasswelcomedata.json
[2025-12-16 11-01-51][9/18][34/43]正在校对文件（Checking file）： https://raw.communitydragon.org/latest/plugins/rcp-be-lol-game-data/global/zh_cn/v1/tftplaybooks.json
[2025-12-16 11-01-52][9/18][35/43]正在校对文件（Checking file）： https://raw.communitydragon.org/latest/plugins/rcp-be-lol-game-data/global/zh_cn/v1/tftregionportals.json
[2025-12-16 11-01-52][9/18][36/43]正在校对文件（Checking file）： https://raw.communitydragon.org/latest/plugins/rcp-be-lol-game-data/global/zh_cn/v1/tftrotationalshopitemdata.json
[2025-12-16 11-01-54][9/18][37/43]正在校对文件（Checking file）： https://raw.communitydragon.org/latest/plugins/rcp-be-lol-game-data/global/zh_cn/v1/tftsets.json
[2025-12-16 11-01-54][9/18][38/43]正在校对文件（Checking file）： https://raw.communitydragon.org/latest/plugins/rcp-be-lol-game-data/global/zh_cn/v1/tfttraits.json
[2025-12-16 11-01-55][9/18][39/43]正在校对文件（Checking file）： https://raw.communitydragon.org/latest/plugins/rcp-be-lol-game-data/global/zh_cn/v1/tfttrovesbannerrewards.json
[2025-12-16 11-01-57][9/18][40/43]正在校对文件（Checking file）： https://raw.communitydragon.org/latest/plugins/rcp-be-lol-game-data/global/zh_cn/v1/tfttrovesbanners.json
[2025-12-16 11-01-57][9/18][41/43]正在校对文件（Checking file）： https://raw.communitydragon.org/latest/plugins/rcp-be-lol-game-data/global/zh_cn/v1/tfttrovestablesnames.json
[2025-12-16 11-01-58][9/18][42/43]正在校对文件（Checking file）： https://raw.communitydragon.org/latest/plugins/rcp-be-lol-game-data/global/zh_cn/v1/tftzoomskins.json
[2025-12-16 11-01-59][9/18][43/43]正在校对文件（Checking file）： https://raw.communitydragon.org/latest/plugins/rcp-be-lol-game-data/global/zh_cn/v1/universes.json
[2025-12-16 11-02-00][10/18]正在检查文件夹（Checking the folder）：https://raw.communitydragon.org/pbe/
[2025-12-16 11-02-00]页面新文件列表如下：
New file list is as follows: 
Empty DataFrame
Columns: [file, size, web_date, web_timestamp, local_date, local_timestamp]
Index: []
[2025-12-16 11-02-00][11/18]正在检查文件夹（Checking the folder）：https://raw.communitydragon.org/pbe/cdragon/arena/
[2025-12-16 11-02-01]页面新文件列表如下：
New file list is as follows: 
Empty DataFrame
Columns: [file, size, web_date, web_timestamp, local_date, local_timestamp]
Index: []
[2025-12-16 11-02-01][12/18]正在检查文件夹（Checking the folder）：https://raw.communitydragon.org/pbe/cdragon/tft/
[2025-12-16 11-02-01]页面新文件列表如下：
New file list is as follows: 
Empty DataFrame
Columns: [file, size, web_date, web_timestamp, local_date, local_timestamp]
Index: []
[2025-12-16 11-02-01][13/18]正在检查文件夹（Checking the folder）：https://raw.communitydragon.org/pbe/plugins/rcp-be-lol-game-data/global/default/v1/champions/
[2025-12-16 11-02-02]页面新文件列表如下：
New file list is as follows: 
Empty DataFrame
Columns: [file, size, web_date, web_timestamp, local_date, local_timestamp]
Index: []
[2025-12-16 11-02-02][14/18]正在检查文件夹（Checking the folder）：https://raw.communitydragon.org/pbe/plugins/rcp-be-lol-game-data/global/default/v1/map-assets/
[2025-12-16 11-02-02]页面新文件列表如下：
New file list is as follows: 
Empty DataFrame
Columns: [file, size, web_date, web_timestamp, local_date, local_timestamp]
Index: []
[2025-12-16 11-02-02][15/18]正在检查文件夹（Checking the folder）：https://raw.communitydragon.org/pbe/plugins/rcp-be-lol-game-data/global/default/v1/
[2025-12-16 11-02-03]页面新文件列表如下：
New file list is as follows: 
Empty DataFrame
Columns: [file, size, web_date, web_timestamp, local_date, local_timestamp]
Index: []
[2025-12-16 11-02-03][16/18]正在检查文件夹（Checking the folder）：https://raw.communitydragon.org/pbe/plugins/rcp-be-lol-game-data/global/zh_cn/v1/champions/
[2025-12-16 11-02-03]页面新文件列表如下：
New file list is as follows: 
Empty DataFrame
Columns: [file, size, web_date, web_timestamp, local_date, local_timestamp]
Index: []
[2025-12-16 11-02-03][17/18]正在检查文件夹（Checking the folder）：https://raw.communitydragon.org/pbe/plugins/rcp-be-lol-game-data/global/zh_cn/v1/map-assets/
[2025-12-16 11-02-04]页面新文件列表如下：
New file list is as follows: 
Empty DataFrame
Columns: [file, size, web_date, web_timestamp, local_date, local_timestamp]
Index: []
[2025-12-16 11-02-04][18/18]正在检查文件夹（Checking the folder）：https://raw.communitydragon.org/pbe/plugins/rcp-be-lol-game-data/global/zh_cn/v1/
[2025-12-16 11-02-04]页面新文件列表如下：
New file list is as follows: 
Empty DataFrame
Columns: [file, size, web_date, web_timestamp, local_date, local_timestamp]
Index: []
已更新以下4个文件：
Updated the following 4 file(s):
https://raw.communitydragon.org/latest/compat-version-metadata.json
https://raw.communitydragon.org/latest/content-metadata.json
https://raw.communitydragon.org/latest/cdragon/tft/en_us.json
https://raw.communitydragon.org/latest/cdragon/tft/zh_cn.json

请选择要更新的数据资源，输入空字符串以退出程序：
Please select the data resource to update, or submit an empty string to exit the program:
1	CommunityDragon
2	DataDragon
[2025-12-16 11-07-37]
[The program has exited!]
