请选择要更新的数据资源，输入空字符串以退出程序：
Please select the data resource to update, or submit an empty string to exit the program:
1	CommunityDragon
2	DataDragon
[2025-12-12 11-41-00]1
请选择要更新的数据资源：
Please select the data resources to update:
☆1	主要文件（默认）【Major files (by default)】
2	自行指定（Specify manually）
[2025-12-12 11-41-00]
请选择更新模式：
Please select the update mode:
1	全局扫描（Global Scan）
☆2	按修改时间更新（默认）【Updating According to Modification Time (by default)】
[2025-12-12 11-41-00]
请选择一种方式指定修改时间：
Please select a method of specifying the modification time:
☆1	自动获取（默认）【Automatically get (by default)】
2	手动输入（Manually input）
[2025-12-12 11-41-00]
[2025-12-12 11-41-00][1/18]正在检查文件夹（Checking the folder）：https://raw.communitydragon.org/latest/
[2025-12-12 11-41-01]页面新文件列表如下：
New file list is as follows: 
Empty DataFrame
Columns: [file, size, web_date, web_timestamp, local_date, local_timestamp]
Index: []
[2025-12-12 11-41-01][2/18]正在检查文件夹（Checking the folder）：https://raw.communitydragon.org/latest/cdragon/arena/
[2025-12-12 11-41-01]页面新文件列表如下：
New file list is as follows: 
Empty DataFrame
Columns: [file, size, web_date, web_timestamp, local_date, local_timestamp]
Index: []
[2025-12-12 11-41-01][3/18]正在检查文件夹（Checking the folder）：https://raw.communitydragon.org/latest/cdragon/tft/
[2025-12-12 11-41-02]页面新文件列表如下：
New file list is as follows: 
Empty DataFrame
Columns: [file, size, web_date, web_timestamp, local_date, local_timestamp]
Index: []
[2025-12-12 11-41-02][4/18]正在检查文件夹（Checking the folder）：https://raw.communitydragon.org/latest/plugins/rcp-be-lol-game-data/global/default/v1/champions/
[2025-12-12 11-41-02]页面新文件列表如下：
New file list is as follows: 
Empty DataFrame
Columns: [file, size, web_date, web_timestamp, local_date, local_timestamp]
Index: []
[2025-12-12 11-41-02][5/18]正在检查文件夹（Checking the folder）：https://raw.communitydragon.org/latest/plugins/rcp-be-lol-game-data/global/default/v1/map-assets/
[2025-12-12 11-41-03]页面新文件列表如下：
New file list is as follows: 
Empty DataFrame
Columns: [file, size, web_date, web_timestamp, local_date, local_timestamp]
Index: []
[2025-12-12 11-41-03][6/18]正在检查文件夹（Checking the folder）：https://raw.communitydragon.org/latest/plugins/rcp-be-lol-game-data/global/default/v1/
[2025-12-12 11-41-04]页面新文件列表如下：
New file list is as follows: 
Empty DataFrame
Columns: [file, size, web_date, web_timestamp, local_date, local_timestamp]
Index: []
[2025-12-12 11-41-04][7/18]正在检查文件夹（Checking the folder）：https://raw.communitydragon.org/latest/plugins/rcp-be-lol-game-data/global/zh_cn/v1/champions/
[2025-12-12 11-41-05]页面新文件列表如下：
New file list is as follows: 
Empty DataFrame
Columns: [file, size, web_date, web_timestamp, local_date, local_timestamp]
Index: []
[2025-12-12 11-41-05][8/18]正在检查文件夹（Checking the folder）：https://raw.communitydragon.org/latest/plugins/rcp-be-lol-game-data/global/zh_cn/v1/map-assets/
[2025-12-12 11-41-05]页面新文件列表如下：
New file list is as follows: 
Empty DataFrame
Columns: [file, size, web_date, web_timestamp, local_date, local_timestamp]
Index: []
[2025-12-12 11-41-05][9/18]正在检查文件夹（Checking the folder）：https://raw.communitydragon.org/latest/plugins/rcp-be-lol-game-data/global/zh_cn/v1/
[2025-12-12 11-41-05]页面新文件列表如下：
New file list is as follows: 
Empty DataFrame
Columns: [file, size, web_date, web_timestamp, local_date, local_timestamp]
Index: []
[2025-12-12 11-41-05][10/18]正在检查文件夹（Checking the folder）：https://raw.communitydragon.org/pbe/
[2025-12-12 11-41-06]页面新文件列表如下：
New file list is as follows: 
             file                  size           web_date          web_timestamp        local_date          local_timestamp   
 compat-version-metadata.json    58 Bytes    2025-12-12 10-20-45    1765506045.0     2025-12-11 11-40-52    1765424452.6983018 
    content-metadata.json        60 Bytes    2025-12-12 10-20-45    1765506045.0     2025-12-11 11-40-53    1765424453.0610673 
[2025-12-12 11-41-06][10/18][1/2]正在校对文件（Checking file）： https://raw.communitydragon.org/pbe/compat-version-metadata.json
[2025-12-12 11-41-06]已更新文件（Updated file）：离线数据（Offline Data）/cdragon/pbe/compat-version-metadata.json
[2025-12-12 11-41-06][10/18][2/2]正在校对文件（Checking file）： https://raw.communitydragon.org/pbe/content-metadata.json
[2025-12-12 11-41-07]已更新文件（Updated file）：离线数据（Offline Data）/cdragon/pbe/content-metadata.json
[2025-12-12 11-41-07][11/18]正在检查文件夹（Checking the folder）：https://raw.communitydragon.org/pbe/cdragon/arena/
[2025-12-12 11-41-07]页面新文件列表如下：
New file list is as follows: 
    file         size            web_date          web_timestamp        local_date          local_timestamp   
 en_us.json    247.4 KiB    2025-12-12 10-22-05    1765506125.0     2025-12-11 11-40-54    1765424454.7133698 
 zh_cn.json    250.8 KiB    2025-12-12 10-22-10    1765506130.0     2025-12-11 11-40-55    1765424455.2197378 
[2025-12-12 11-41-07][11/18][1/2]正在校对文件（Checking file）： https://raw.communitydragon.org/pbe/cdragon/arena/en_us.json
[2025-12-12 11-41-08][11/18][2/2]正在校对文件（Checking file）： https://raw.communitydragon.org/pbe/cdragon/arena/zh_cn.json
[2025-12-12 11-41-08][12/18]正在检查文件夹（Checking the folder）：https://raw.communitydragon.org/pbe/cdragon/tft/
[2025-12-12 11-41-09]页面新文件列表如下：
New file list is as follows: 
    file         size           web_date          web_timestamp        local_date          local_timestamp   
 en_us.json    20.6 MiB    2025-12-12 10-21-21    1765506081.0     2025-12-11 11-40-57    1765424457.9724073 
 zh_cn.json    20.6 MiB    2025-12-12 10-21-26    1765506086.0     2025-12-11 11-41-03    1765424463.414009  
[2025-12-12 11-41-09][12/18][1/2]正在校对文件（Checking file）： https://raw.communitydragon.org/pbe/cdragon/tft/en_us.json
[2025-12-12 11-41-11][12/18][2/2]正在校对文件（Checking file）： https://raw.communitydragon.org/pbe/cdragon/tft/zh_cn.json
[2025-12-12 11-41-13][13/18]正在检查文件夹（Checking the folder）：https://raw.communitydragon.org/pbe/plugins/rcp-be-lol-game-data/global/default/v1/champions/
[2025-12-12 11-41-13]页面新文件列表如下：
New file list is as follows: 
   file        size           web_date          web_timestamp        local_date          local_timestamp   
 103.json    68.9 KiB    2025-12-12 07-07-32    1765494452.0     2025-12-10 11-36-21    1765337781.6765475 
 106.json    30.3 KiB    2025-12-12 07-07-32    1765494452.0     2025-12-10 11-36-22    1765337782.695961  
 120.json    36.6 KiB    2025-12-12 07-07-32    1765494452.0     2025-12-10 11-36-27    1765337787.0599558 
 17.json     43.6 KiB    2025-12-12 07-07-32    1765494452.0     2025-12-10 11-36-37    1765337797.4326043 
 23.json     37.8 KiB    2025-12-12 07-07-33    1765494453.0     2025-12-10 11-36-42    1765337802.392275  
 350.json    44.1 KiB    2025-12-12 07-07-32    1765494452.0     2025-12-10 11-36-54    1765337814.403092  
 37.json     74.6 KiB    2025-12-12 07-07-33    1765494453.0     2025-12-10 11-36-55    1765337815.4608128 
 42.json     31.9 KiB    2025-12-12 07-07-32    1765494452.0     2025-12-10 11-36-58    1765337818.2339113 
 429.json    25.0 KiB    2025-12-12 07-07-32    1765494452.0     2025-12-10 11-36-59    1765337819.5917182 
  5.json     26.6 KiB    2025-12-12 07-07-32    1765494452.0     2025-12-10 11-37-02    1765337822.7790852 
 59.json     43.8 KiB    2025-12-12 07-07-32    1765494452.0     2025-12-10 11-37-09    1765337829.4640844 
 64.json     57.3 KiB    2025-12-12 07-07-32    1765494452.0     2025-12-10 11-37-11    1765337831.6277225 
 804.json    11.7 KiB    2025-12-12 07-07-32    1765494452.0     2025-12-04 11-35-46    1764819346.9067461 
 875.json    49.7 KiB    2025-12-12 07-07-32    1765494452.0     2025-12-10 11-37-21    1765337841.9854834 
 876.json    29.2 KiB    2025-12-12 07-07-32    1765494452.0     2025-12-10 11-37-22    1765337842.3456252 
[2025-12-12 11-41-14][13/18][1/15]正在校对文件（Checking file）： https://raw.communitydragon.org/pbe/plugins/rcp-be-lol-game-data/global/default/v1/champions/103.json
[2025-12-12 11-41-14]已更新文件（Updated file）：离线数据（Offline Data）/cdragon/pbe/plugins/rcp-be-lol-game-data/global/default/v1/champions/103.json
[2025-12-12 11-41-14][13/18][2/15]正在校对文件（Checking file）： https://raw.communitydragon.org/pbe/plugins/rcp-be-lol-game-data/global/default/v1/champions/106.json
[2025-12-12 11-41-15]已更新文件（Updated file）：离线数据（Offline Data）/cdragon/pbe/plugins/rcp-be-lol-game-data/global/default/v1/champions/106.json
[2025-12-12 11-41-15][13/18][3/15]正在校对文件（Checking file）： https://raw.communitydragon.org/pbe/plugins/rcp-be-lol-game-data/global/default/v1/champions/120.json
[2025-12-12 11-41-16]已更新文件（Updated file）：离线数据（Offline Data）/cdragon/pbe/plugins/rcp-be-lol-game-data/global/default/v1/champions/120.json
[2025-12-12 11-41-16][13/18][4/15]正在校对文件（Checking file）： https://raw.communitydragon.org/pbe/plugins/rcp-be-lol-game-data/global/default/v1/champions/17.json
[2025-12-12 11-41-17]已更新文件（Updated file）：离线数据（Offline Data）/cdragon/pbe/plugins/rcp-be-lol-game-data/global/default/v1/champions/17.json
[2025-12-12 11-41-17][13/18][5/15]正在校对文件（Checking file）： https://raw.communitydragon.org/pbe/plugins/rcp-be-lol-game-data/global/default/v1/champions/23.json
[2025-12-12 11-41-17]已更新文件（Updated file）：离线数据（Offline Data）/cdragon/pbe/plugins/rcp-be-lol-game-data/global/default/v1/champions/23.json
[2025-12-12 11-41-17][13/18][6/15]正在校对文件（Checking file）： https://raw.communitydragon.org/pbe/plugins/rcp-be-lol-game-data/global/default/v1/champions/350.json
[2025-12-12 11-41-17]已更新文件（Updated file）：离线数据（Offline Data）/cdragon/pbe/plugins/rcp-be-lol-game-data/global/default/v1/champions/350.json
[2025-12-12 11-41-17][13/18][7/15]正在校对文件（Checking file）： https://raw.communitydragon.org/pbe/plugins/rcp-be-lol-game-data/global/default/v1/champions/37.json
[2025-12-12 11-41-18]已更新文件（Updated file）：离线数据（Offline Data）/cdragon/pbe/plugins/rcp-be-lol-game-data/global/default/v1/champions/37.json
[2025-12-12 11-41-18][13/18][8/15]正在校对文件（Checking file）： https://raw.communitydragon.org/pbe/plugins/rcp-be-lol-game-data/global/default/v1/champions/42.json
[2025-12-12 11-41-19]已更新文件（Updated file）：离线数据（Offline Data）/cdragon/pbe/plugins/rcp-be-lol-game-data/global/default/v1/champions/42.json
[2025-12-12 11-41-19][13/18][9/15]正在校对文件（Checking file）： https://raw.communitydragon.org/pbe/plugins/rcp-be-lol-game-data/global/default/v1/champions/429.json
[2025-12-12 11-41-19]已更新文件（Updated file）：离线数据（Offline Data）/cdragon/pbe/plugins/rcp-be-lol-game-data/global/default/v1/champions/429.json
[2025-12-12 11-41-19][13/18][10/15]正在校对文件（Checking file）： https://raw.communitydragon.org/pbe/plugins/rcp-be-lol-game-data/global/default/v1/champions/5.json
[2025-12-12 11-41-20]已更新文件（Updated file）：离线数据（Offline Data）/cdragon/pbe/plugins/rcp-be-lol-game-data/global/default/v1/champions/5.json
[2025-12-12 11-41-20][13/18][11/15]正在校对文件（Checking file）： https://raw.communitydragon.org/pbe/plugins/rcp-be-lol-game-data/global/default/v1/champions/59.json
[2025-12-12 11-41-20]已更新文件（Updated file）：离线数据（Offline Data）/cdragon/pbe/plugins/rcp-be-lol-game-data/global/default/v1/champions/59.json
[2025-12-12 11-41-20][13/18][12/15]正在校对文件（Checking file）： https://raw.communitydragon.org/pbe/plugins/rcp-be-lol-game-data/global/default/v1/champions/64.json
[2025-12-12 11-41-21]已更新文件（Updated file）：离线数据（Offline Data）/cdragon/pbe/plugins/rcp-be-lol-game-data/global/default/v1/champions/64.json
[2025-12-12 11-41-21][13/18][13/15]正在校对文件（Checking file）： https://raw.communitydragon.org/pbe/plugins/rcp-be-lol-game-data/global/default/v1/champions/804.json
[2025-12-12 11-41-21]已更新文件（Updated file）：离线数据（Offline Data）/cdragon/pbe/plugins/rcp-be-lol-game-data/global/default/v1/champions/804.json
[2025-12-12 11-41-21][13/18][14/15]正在校对文件（Checking file）： https://raw.communitydragon.org/pbe/plugins/rcp-be-lol-game-data/global/default/v1/champions/875.json
[2025-12-12 11-41-22]已更新文件（Updated file）：离线数据（Offline Data）/cdragon/pbe/plugins/rcp-be-lol-game-data/global/default/v1/champions/875.json
[2025-12-12 11-41-22][13/18][15/15]正在校对文件（Checking file）： https://raw.communitydragon.org/pbe/plugins/rcp-be-lol-game-data/global/default/v1/champions/876.json
[2025-12-12 11-41-22]已更新文件（Updated file）：离线数据（Offline Data）/cdragon/pbe/plugins/rcp-be-lol-game-data/global/default/v1/champions/876.json
[2025-12-12 11-41-22][14/18]正在检查文件夹（Checking the folder）：https://raw.communitydragon.org/pbe/plugins/rcp-be-lol-game-data/global/default/v1/map-assets/
[2025-12-12 11-41-23]页面新文件列表如下：
New file list is as follows: 
Empty DataFrame
Columns: [file, size, web_date, web_timestamp, local_date, local_timestamp]
Index: []
[2025-12-12 11-41-23][15/18]正在检查文件夹（Checking the folder）：https://raw.communitydragon.org/pbe/plugins/rcp-be-lol-game-data/global/default/v1/
[2025-12-12 11-41-23]页面新文件列表如下：
New file list is as follows: 
                file                     size            web_date          web_timestamp        local_date          local_timestamp   
       achievementtitles.json          104.7 KiB    2025-12-12 07-07-32    1765494452.0     2025-11-20 10-05-51    1763604351.9396007 
          challenges.json              615.7 KiB    2025-12-12 07-07-32    1765494452.0     2025-11-20 10-05-52    1763604352.4000223 
 champion-rune-recommendations.json    348.2 KiB    2025-12-12 07-07-32    1765494452.0     2025-12-11 11-41-08    1765424468.8459332 
           event-hub.json              125.4 KiB    2025-12-12 07-07-32    1765494452.0     2025-11-14 12-05-27    1763093127.2026396 
             items.json                538.4 KiB    2025-12-12 07-07-32    1765494452.0     2025-12-09 12-24-03    1765254243.3483098 
             loot.json                  3.0 MiB     2025-12-12 07-07-32    1765494452.0     2025-12-03 09-15-49    1764724549.389636  
        nexusfinishers.json             2.8 KiB     2025-12-12 07-07-32    1765494452.0     2025-12-11 11-41-09    1765424469.2114086 
            rewards.json                1.1 MiB     2025-12-12 07-07-31    1765494451.0     2025-12-03 09-15-50    1764724550.8926454 
             skins.json                 5.1 MiB     2025-12-12 07-07-32    1765494452.0     2025-12-10 11-37-37    1765337857.9671648 
[2025-12-12 11-41-23][15/18][1/9]正在校对文件（Checking file）： https://raw.communitydragon.org/pbe/plugins/rcp-be-lol-game-data/global/default/v1/achievementtitles.json
[2025-12-12 11-41-24]已更新文件（Updated file）：离线数据（Offline Data）/cdragon/pbe/plugins/rcp-be-lol-game-data/global/default/v1/achievementtitles.json
[2025-12-12 11-41-24][15/18][2/9]正在校对文件（Checking file）： https://raw.communitydragon.org/pbe/plugins/rcp-be-lol-game-data/global/default/v1/challenges.json
[2025-12-12 11-41-26]已更新文件（Updated file）：离线数据（Offline Data）/cdragon/pbe/plugins/rcp-be-lol-game-data/global/default/v1/challenges.json
[2025-12-12 11-41-26][15/18][3/9]正在校对文件（Checking file）： https://raw.communitydragon.org/pbe/plugins/rcp-be-lol-game-data/global/default/v1/champion-rune-recommendations.json
[2025-12-12 11-41-27]已更新文件（Updated file）：离线数据（Offline Data）/cdragon/pbe/plugins/rcp-be-lol-game-data/global/default/v1/champion-rune-recommendations.json
[2025-12-12 11-41-27][15/18][4/9]正在校对文件（Checking file）： https://raw.communitydragon.org/pbe/plugins/rcp-be-lol-game-data/global/default/v1/event-hub.json
[2025-12-12 11-41-28]已更新文件（Updated file）：离线数据（Offline Data）/cdragon/pbe/plugins/rcp-be-lol-game-data/global/default/v1/event-hub.json
[2025-12-12 11-41-28][15/18][5/9]正在校对文件（Checking file）： https://raw.communitydragon.org/pbe/plugins/rcp-be-lol-game-data/global/default/v1/items.json
[2025-12-12 11-41-29]已更新文件（Updated file）：离线数据（Offline Data）/cdragon/pbe/plugins/rcp-be-lol-game-data/global/default/v1/items.json
[2025-12-12 11-41-29][15/18][6/9]正在校对文件（Checking file）： https://raw.communitydragon.org/pbe/plugins/rcp-be-lol-game-data/global/default/v1/loot.json
[2025-12-12 11-41-31]已更新文件（Updated file）：离线数据（Offline Data）/cdragon/pbe/plugins/rcp-be-lol-game-data/global/default/v1/loot.json
[2025-12-12 11-41-31][15/18][7/9]正在校对文件（Checking file）： https://raw.communitydragon.org/pbe/plugins/rcp-be-lol-game-data/global/default/v1/nexusfinishers.json
[2025-12-12 11-41-32]已更新文件（Updated file）：离线数据（Offline Data）/cdragon/pbe/plugins/rcp-be-lol-game-data/global/default/v1/nexusfinishers.json
[2025-12-12 11-41-32][15/18][8/9]正在校对文件（Checking file）： https://raw.communitydragon.org/pbe/plugins/rcp-be-lol-game-data/global/default/v1/rewards.json
[2025-12-12 11-41-33]已更新文件（Updated file）：离线数据（Offline Data）/cdragon/pbe/plugins/rcp-be-lol-game-data/global/default/v1/rewards.json
[2025-12-12 11-41-33][15/18][9/9]正在校对文件（Checking file）： https://raw.communitydragon.org/pbe/plugins/rcp-be-lol-game-data/global/default/v1/skins.json
[2025-12-12 11-41-36]已更新文件（Updated file）：离线数据（Offline Data）/cdragon/pbe/plugins/rcp-be-lol-game-data/global/default/v1/skins.json
[2025-12-12 11-41-36][16/18]正在检查文件夹（Checking the folder）：https://raw.communitydragon.org/pbe/plugins/rcp-be-lol-game-data/global/zh_cn/v1/champions/
[2025-12-12 11-41-36]页面新文件列表如下：
New file list is as follows: 
   file        size           web_date          web_timestamp        local_date          local_timestamp   
 103.json    70.0 KiB    2025-12-12 07-07-42    1765494462.0     2025-12-10 11-37-42    1765337862.0039437 
 106.json    31.1 KiB    2025-12-12 07-07-42    1765494462.0     2025-12-10 11-37-43    1765337863.3765373 
 120.json    37.8 KiB    2025-12-12 07-07-43    1765494463.0     2025-12-10 11-37-48    1765337868.3718584 
 17.json     46.5 KiB    2025-12-12 07-07-43    1765494463.0     2025-12-10 11-37-58    1765337878.6559455 
 23.json     39.7 KiB    2025-12-12 07-07-43    1765494463.0     2025-12-10 11-38-03    1765337883.9805918 
 350.json    45.7 KiB    2025-12-12 07-07-43    1765494463.0     2025-12-10 11-38-14    1765337894.279132  
 37.json     77.1 KiB    2025-12-12 07-07-42    1765494462.0     2025-12-10 11-38-15    1765337895.5566535 
 42.json     32.7 KiB    2025-12-12 07-07-42    1765494462.0     2025-12-10 11-38-18    1765337898.4325888 
 429.json    25.8 KiB    2025-12-12 07-07-42    1765494462.0     2025-12-10 11-38-19    1765337899.9537275 
  5.json     27.7 KiB    2025-12-12 07-07-42    1765494462.0     2025-12-10 11-38-23    1765337903.2385228 
 59.json     46.3 KiB    2025-12-12 07-07-42    1765494462.0     2025-12-10 11-38-30    1765337910.1154718 
 64.json     59.9 KiB    2025-12-12 07-07-42    1765494462.0     2025-12-10 11-38-32    1765337912.8626397 
 804.json    11.6 KiB    2025-12-12 07-07-43    1765494463.0     2025-12-04 11-36-54    1764819414.2159836 
 875.json    51.6 KiB    2025-12-12 07-07-42    1765494462.0     2025-12-10 11-38-42    1765337922.3858109 
 876.json    29.1 KiB    2025-12-12 07-07-43    1765494463.0     2025-12-10 11-38-42    1765337922.7636309 
[2025-12-12 11-41-36][16/18][1/15]正在校对文件（Checking file）： https://raw.communitydragon.org/pbe/plugins/rcp-be-lol-game-data/global/zh_cn/v1/champions/103.json
[2025-12-12 11-41-37]已更新文件（Updated file）：离线数据（Offline Data）/cdragon/pbe/plugins/rcp-be-lol-game-data/global/zh_cn/v1/champions/103.json
[2025-12-12 11-41-37][16/18][2/15]正在校对文件（Checking file）： https://raw.communitydragon.org/pbe/plugins/rcp-be-lol-game-data/global/zh_cn/v1/champions/106.json
[2025-12-12 11-41-37]已更新文件（Updated file）：离线数据（Offline Data）/cdragon/pbe/plugins/rcp-be-lol-game-data/global/zh_cn/v1/champions/106.json
[2025-12-12 11-41-37][16/18][3/15]正在校对文件（Checking file）： https://raw.communitydragon.org/pbe/plugins/rcp-be-lol-game-data/global/zh_cn/v1/champions/120.json
[2025-12-12 11-41-38]已更新文件（Updated file）：离线数据（Offline Data）/cdragon/pbe/plugins/rcp-be-lol-game-data/global/zh_cn/v1/champions/120.json
[2025-12-12 11-41-38][16/18][4/15]正在校对文件（Checking file）： https://raw.communitydragon.org/pbe/plugins/rcp-be-lol-game-data/global/zh_cn/v1/champions/17.json
[2025-12-12 11-41-38]已更新文件（Updated file）：离线数据（Offline Data）/cdragon/pbe/plugins/rcp-be-lol-game-data/global/zh_cn/v1/champions/17.json
[2025-12-12 11-41-38][16/18][5/15]正在校对文件（Checking file）： https://raw.communitydragon.org/pbe/plugins/rcp-be-lol-game-data/global/zh_cn/v1/champions/23.json
[2025-12-12 11-41-38]已更新文件（Updated file）：离线数据（Offline Data）/cdragon/pbe/plugins/rcp-be-lol-game-data/global/zh_cn/v1/champions/23.json
[2025-12-12 11-41-38][16/18][6/15]正在校对文件（Checking file）： https://raw.communitydragon.org/pbe/plugins/rcp-be-lol-game-data/global/zh_cn/v1/champions/350.json
[2025-12-12 11-41-39]已更新文件（Updated file）：离线数据（Offline Data）/cdragon/pbe/plugins/rcp-be-lol-game-data/global/zh_cn/v1/champions/350.json
[2025-12-12 11-41-39][16/18][7/15]正在校对文件（Checking file）： https://raw.communitydragon.org/pbe/plugins/rcp-be-lol-game-data/global/zh_cn/v1/champions/37.json
[2025-12-12 11-41-40]已更新文件（Updated file）：离线数据（Offline Data）/cdragon/pbe/plugins/rcp-be-lol-game-data/global/zh_cn/v1/champions/37.json
[2025-12-12 11-41-40][16/18][8/15]正在校对文件（Checking file）： https://raw.communitydragon.org/pbe/plugins/rcp-be-lol-game-data/global/zh_cn/v1/champions/42.json
[2025-12-12 11-41-40]已更新文件（Updated file）：离线数据（Offline Data）/cdragon/pbe/plugins/rcp-be-lol-game-data/global/zh_cn/v1/champions/42.json
[2025-12-12 11-41-40][16/18][9/15]正在校对文件（Checking file）： https://raw.communitydragon.org/pbe/plugins/rcp-be-lol-game-data/global/zh_cn/v1/champions/429.json
[2025-12-12 11-41-40]已更新文件（Updated file）：离线数据（Offline Data）/cdragon/pbe/plugins/rcp-be-lol-game-data/global/zh_cn/v1/champions/429.json
[2025-12-12 11-41-40][16/18][10/15]正在校对文件（Checking file）： https://raw.communitydragon.org/pbe/plugins/rcp-be-lol-game-data/global/zh_cn/v1/champions/5.json
[2025-12-12 11-41-42]已更新文件（Updated file）：离线数据（Offline Data）/cdragon/pbe/plugins/rcp-be-lol-game-data/global/zh_cn/v1/champions/5.json
[2025-12-12 11-41-42][16/18][11/15]正在校对文件（Checking file）： https://raw.communitydragon.org/pbe/plugins/rcp-be-lol-game-data/global/zh_cn/v1/champions/59.json
[2025-12-12 11-41-43]已更新文件（Updated file）：离线数据（Offline Data）/cdragon/pbe/plugins/rcp-be-lol-game-data/global/zh_cn/v1/champions/59.json
[2025-12-12 11-41-43][16/18][12/15]正在校对文件（Checking file）： https://raw.communitydragon.org/pbe/plugins/rcp-be-lol-game-data/global/zh_cn/v1/champions/64.json
[2025-12-12 11-41-44]已更新文件（Updated file）：离线数据（Offline Data）/cdragon/pbe/plugins/rcp-be-lol-game-data/global/zh_cn/v1/champions/64.json
[2025-12-12 11-41-44][16/18][13/15]正在校对文件（Checking file）： https://raw.communitydragon.org/pbe/plugins/rcp-be-lol-game-data/global/zh_cn/v1/champions/804.json
[2025-12-12 11-41-44]已更新文件（Updated file）：离线数据（Offline Data）/cdragon/pbe/plugins/rcp-be-lol-game-data/global/zh_cn/v1/champions/804.json
[2025-12-12 11-41-44][16/18][14/15]正在校对文件（Checking file）： https://raw.communitydragon.org/pbe/plugins/rcp-be-lol-game-data/global/zh_cn/v1/champions/875.json
[2025-12-12 11-41-45]已更新文件（Updated file）：离线数据（Offline Data）/cdragon/pbe/plugins/rcp-be-lol-game-data/global/zh_cn/v1/champions/875.json
[2025-12-12 11-41-45][16/18][15/15]正在校对文件（Checking file）： https://raw.communitydragon.org/pbe/plugins/rcp-be-lol-game-data/global/zh_cn/v1/champions/876.json
[2025-12-12 11-41-45]已更新文件（Updated file）：离线数据（Offline Data）/cdragon/pbe/plugins/rcp-be-lol-game-data/global/zh_cn/v1/champions/876.json
[2025-12-12 11-41-45][17/18]正在检查文件夹（Checking the folder）：https://raw.communitydragon.org/pbe/plugins/rcp-be-lol-game-data/global/zh_cn/v1/map-assets/
[2025-12-12 11-41-46]页面新文件列表如下：
New file list is as follows: 
Empty DataFrame
Columns: [file, size, web_date, web_timestamp, local_date, local_timestamp]
Index: []
[2025-12-12 11-41-46][18/18]正在检查文件夹（Checking the folder）：https://raw.communitydragon.org/pbe/plugins/rcp-be-lol-game-data/global/zh_cn/v1/
[2025-12-12 11-41-46]页面新文件列表如下：
New file list is as follows: 
          file               size            web_date          web_timestamp        local_date          local_timestamp   
 achievementtitles.json    105.2 KiB    2025-12-12 07-07-43    1765494463.0     2025-11-25 08-58-39    1764032319.2593503 
    challenges.json        622.3 KiB    2025-12-12 07-07-43    1765494463.0     2025-11-25 08-58-40    1764032320.3194823 
     event-hub.json        124.7 KiB    2025-12-12 07-07-43    1765494463.0     2025-11-14 12-05-31    1763093131.7338817 
       items.json          538.2 KiB    2025-12-12 07-07-42    1765494462.0     2025-12-10 11-38-52    1765337932.367085  
       loot.json            3.0 MiB     2025-12-12 07-07-42    1765494462.0     2025-12-05 11-08-29    1764904109.8534822 
  nexusfinishers.json       2.9 KiB     2025-12-12 07-07-43    1765494463.0     2025-12-11 11-41-15    1765424475.174358  
       skins.json           5.3 MiB     2025-12-12 07-07-42    1765494462.0     2025-12-10 11-38-55    1765337935.0191295 
[2025-12-12 11-41-46][18/18][1/7]正在校对文件（Checking file）： https://raw.communitydragon.org/pbe/plugins/rcp-be-lol-game-data/global/zh_cn/v1/achievementtitles.json
[2025-12-12 11-41-47]已更新文件（Updated file）：离线数据（Offline Data）/cdragon/pbe/plugins/rcp-be-lol-game-data/global/zh_cn/v1/achievementtitles.json
[2025-12-12 11-41-47][18/18][2/7]正在校对文件（Checking file）： https://raw.communitydragon.org/pbe/plugins/rcp-be-lol-game-data/global/zh_cn/v1/challenges.json
[2025-12-12 11-41-48]已更新文件（Updated file）：离线数据（Offline Data）/cdragon/pbe/plugins/rcp-be-lol-game-data/global/zh_cn/v1/challenges.json
[2025-12-12 11-41-48][18/18][3/7]正在校对文件（Checking file）： https://raw.communitydragon.org/pbe/plugins/rcp-be-lol-game-data/global/zh_cn/v1/event-hub.json
[2025-12-12 11-41-49]已更新文件（Updated file）：离线数据（Offline Data）/cdragon/pbe/plugins/rcp-be-lol-game-data/global/zh_cn/v1/event-hub.json
[2025-12-12 11-41-49][18/18][4/7]正在校对文件（Checking file）： https://raw.communitydragon.org/pbe/plugins/rcp-be-lol-game-data/global/zh_cn/v1/items.json
[2025-12-12 11-41-50]已更新文件（Updated file）：离线数据（Offline Data）/cdragon/pbe/plugins/rcp-be-lol-game-data/global/zh_cn/v1/items.json
[2025-12-12 11-41-50][18/18][5/7]正在校对文件（Checking file）： https://raw.communitydragon.org/pbe/plugins/rcp-be-lol-game-data/global/zh_cn/v1/loot.json
[2025-12-12 11-41-52]已更新文件（Updated file）：离线数据（Offline Data）/cdragon/pbe/plugins/rcp-be-lol-game-data/global/zh_cn/v1/loot.json
[2025-12-12 11-41-52][18/18][6/7]正在校对文件（Checking file）： https://raw.communitydragon.org/pbe/plugins/rcp-be-lol-game-data/global/zh_cn/v1/nexusfinishers.json
[2025-12-12 11-41-52]已更新文件（Updated file）：离线数据（Offline Data）/cdragon/pbe/plugins/rcp-be-lol-game-data/global/zh_cn/v1/nexusfinishers.json
[2025-12-12 11-41-52][18/18][7/7]正在校对文件（Checking file）： https://raw.communitydragon.org/pbe/plugins/rcp-be-lol-game-data/global/zh_cn/v1/skins.json
[2025-12-12 11-41-54]已更新文件（Updated file）：离线数据（Offline Data）/cdragon/pbe/plugins/rcp-be-lol-game-data/global/zh_cn/v1/skins.json
已更新以下48个文件：
Updated the following 48 file(s):
https://raw.communitydragon.org/pbe/compat-version-metadata.json
https://raw.communitydragon.org/pbe/content-metadata.json
https://raw.communitydragon.org/pbe/plugins/rcp-be-lol-game-data/global/default/v1/champions/103.json
https://raw.communitydragon.org/pbe/plugins/rcp-be-lol-game-data/global/default/v1/champions/106.json
https://raw.communitydragon.org/pbe/plugins/rcp-be-lol-game-data/global/default/v1/champions/120.json
https://raw.communitydragon.org/pbe/plugins/rcp-be-lol-game-data/global/default/v1/champions/17.json
https://raw.communitydragon.org/pbe/plugins/rcp-be-lol-game-data/global/default/v1/champions/23.json
https://raw.communitydragon.org/pbe/plugins/rcp-be-lol-game-data/global/default/v1/champions/350.json
https://raw.communitydragon.org/pbe/plugins/rcp-be-lol-game-data/global/default/v1/champions/37.json
https://raw.communitydragon.org/pbe/plugins/rcp-be-lol-game-data/global/default/v1/champions/42.json
https://raw.communitydragon.org/pbe/plugins/rcp-be-lol-game-data/global/default/v1/champions/429.json
https://raw.communitydragon.org/pbe/plugins/rcp-be-lol-game-data/global/default/v1/champions/5.json
https://raw.communitydragon.org/pbe/plugins/rcp-be-lol-game-data/global/default/v1/champions/59.json
https://raw.communitydragon.org/pbe/plugins/rcp-be-lol-game-data/global/default/v1/champions/64.json
https://raw.communitydragon.org/pbe/plugins/rcp-be-lol-game-data/global/default/v1/champions/804.json
https://raw.communitydragon.org/pbe/plugins/rcp-be-lol-game-data/global/default/v1/champions/875.json
https://raw.communitydragon.org/pbe/plugins/rcp-be-lol-game-data/global/default/v1/champions/876.json
https://raw.communitydragon.org/pbe/plugins/rcp-be-lol-game-data/global/default/v1/achievementtitles.json
https://raw.communitydragon.org/pbe/plugins/rcp-be-lol-game-data/global/default/v1/challenges.json
https://raw.communitydragon.org/pbe/plugins/rcp-be-lol-game-data/global/default/v1/champion-rune-recommendations.json
https://raw.communitydragon.org/pbe/plugins/rcp-be-lol-game-data/global/default/v1/event-hub.json
https://raw.communitydragon.org/pbe/plugins/rcp-be-lol-game-data/global/default/v1/items.json
https://raw.communitydragon.org/pbe/plugins/rcp-be-lol-game-data/global/default/v1/loot.json
https://raw.communitydragon.org/pbe/plugins/rcp-be-lol-game-data/global/default/v1/nexusfinishers.json
https://raw.communitydragon.org/pbe/plugins/rcp-be-lol-game-data/global/default/v1/rewards.json
https://raw.communitydragon.org/pbe/plugins/rcp-be-lol-game-data/global/default/v1/skins.json
https://raw.communitydragon.org/pbe/plugins/rcp-be-lol-game-data/global/zh_cn/v1/champions/103.json
https://raw.communitydragon.org/pbe/plugins/rcp-be-lol-game-data/global/zh_cn/v1/champions/106.json
https://raw.communitydragon.org/pbe/plugins/rcp-be-lol-game-data/global/zh_cn/v1/champions/120.json
https://raw.communitydragon.org/pbe/plugins/rcp-be-lol-game-data/global/zh_cn/v1/champions/17.json
https://raw.communitydragon.org/pbe/plugins/rcp-be-lol-game-data/global/zh_cn/v1/champions/23.json
https://raw.communitydragon.org/pbe/plugins/rcp-be-lol-game-data/global/zh_cn/v1/champions/350.json
https://raw.communitydragon.org/pbe/plugins/rcp-be-lol-game-data/global/zh_cn/v1/champions/37.json
https://raw.communitydragon.org/pbe/plugins/rcp-be-lol-game-data/global/zh_cn/v1/champions/42.json
https://raw.communitydragon.org/pbe/plugins/rcp-be-lol-game-data/global/zh_cn/v1/champions/429.json
https://raw.communitydragon.org/pbe/plugins/rcp-be-lol-game-data/global/zh_cn/v1/champions/5.json
https://raw.communitydragon.org/pbe/plugins/rcp-be-lol-game-data/global/zh_cn/v1/champions/59.json
https://raw.communitydragon.org/pbe/plugins/rcp-be-lol-game-data/global/zh_cn/v1/champions/64.json
https://raw.communitydragon.org/pbe/plugins/rcp-be-lol-game-data/global/zh_cn/v1/champions/804.json
https://raw.communitydragon.org/pbe/plugins/rcp-be-lol-game-data/global/zh_cn/v1/champions/875.json
https://raw.communitydragon.org/pbe/plugins/rcp-be-lol-game-data/global/zh_cn/v1/champions/876.json
https://raw.communitydragon.org/pbe/plugins/rcp-be-lol-game-data/global/zh_cn/v1/achievementtitles.json
https://raw.communitydragon.org/pbe/plugins/rcp-be-lol-game-data/global/zh_cn/v1/challenges.json
https://raw.communitydragon.org/pbe/plugins/rcp-be-lol-game-data/global/zh_cn/v1/event-hub.json
https://raw.communitydragon.org/pbe/plugins/rcp-be-lol-game-data/global/zh_cn/v1/items.json
https://raw.communitydragon.org/pbe/plugins/rcp-be-lol-game-data/global/zh_cn/v1/loot.json
https://raw.communitydragon.org/pbe/plugins/rcp-be-lol-game-data/global/zh_cn/v1/nexusfinishers.json
https://raw.communitydragon.org/pbe/plugins/rcp-be-lol-game-data/global/zh_cn/v1/skins.json

请选择要更新的数据资源，输入空字符串以退出程序：
Please select the data resource to update, or submit an empty string to exit the program:
1	CommunityDragon
2	DataDragon
[2025-12-12 11-42-02]
[The program has exited!]
