请选择要更新的数据资源，输入空字符串以退出程序：
Please select the data resource to update, or submit an empty string to exit the program:
1	CommunityDragon
2	DataDragon
[2025-09-11 10-40-29]1
请选择要更新的数据资源：
Please select the data resources to update:
☆1	主要文件（默认）【Major files (by default)】
2	自行指定（Specify manually）
[2025-09-11 10-40-30]
请选择更新模式：
Please select the update mode:
1	全局扫描（Global Scan）
☆2	按修改时间更新（默认）【Updating According to Modification Time (by default)】
[2025-09-11 10-40-30]
请选择一种方式指定修改时间：
Please select a method of specifying the modification time:
☆1	自动获取（默认）【Automatically get (by default)】
2	手动输入（Manually input）
[2025-09-11 10-40-30]
[2025-09-11 10-40-30][1/18]正在检查文件夹（Checking the folder）：https://raw.communitydragon.org/latest/
[2025-09-11 10-40-31]页面新文件列表如下：
New file list is as follows: 
             file                size        web_date         web_timestamp        local_date          local_timestamp   
 compat-version-metadata.json    72 B    2025-Sep-10 18:34    1757500440.0     2025-09-10 14-17-50    1757485070.0813396 
    content-metadata.json        74 B    2025-Sep-10 18:34    1757500440.0     2025-09-10 14-17-55    1757485075.344777  
[2025-09-11 10-40-31][1/18][1/2]正在校对文件（Checking file）： https://raw.communitydragon.org/latest/compat-version-metadata.json
[2025-09-11 10-40-32][1/18][2/2]正在校对文件（Checking file）： https://raw.communitydragon.org/latest/content-metadata.json
[2025-09-11 10-40-33]已更新文件（Updated file）：离线数据（Offline Data）/cdragon/latest/content-metadata.json
[2025-09-11 10-40-33][2/18]正在检查文件夹（Checking the folder）：https://raw.communitydragon.org/latest/cdragon/arena/
[2025-09-11 10-40-33]页面新文件列表如下：
New file list is as follows: 
    file         size           web_date         web_timestamp        local_date          local_timestamp  
 en_us.json    232.9 KiB    2025-Sep-10 18:41    1757500860.0     2025-09-10 14-18-06    1757485086.318414 
 zh_cn.json    236.1 KiB    2025-Sep-10 18:41    1757500860.0     2025-09-10 14-18-12    1757485092.269906 
[2025-09-11 10-40-33][2/18][1/2]正在校对文件（Checking file）： https://raw.communitydragon.org/latest/cdragon/arena/en_us.json
[2025-09-11 10-40-34]已更新文件（Updated file）：离线数据（Offline Data）/cdragon/latest/cdragon/arena/en_us.json
[2025-09-11 10-40-34][2/18][2/2]正在校对文件（Checking file）： https://raw.communitydragon.org/latest/cdragon/arena/zh_cn.json
[2025-09-11 10-40-36][3/18]正在检查文件夹（Checking the folder）：https://raw.communitydragon.org/latest/cdragon/tft/
[2025-09-11 10-40-36]页面新文件列表如下：
New file list is as follows: 
    file         size          web_date         web_timestamp        local_date          local_timestamp   
 en_us.json    18.7 MiB    2025-Sep-10 18:41    1757500860.0     2025-09-10 14-18-25    1757485105.329675  
 zh_cn.json    18.8 MiB    2025-Sep-10 18:41    1757500860.0     2025-09-10 14-18-30    1757485110.3808637 
[2025-09-11 10-40-36][3/18][1/2]正在校对文件（Checking file）： https://raw.communitydragon.org/latest/cdragon/tft/en_us.json
[2025-09-11 10-40-39][3/18][2/2]正在校对文件（Checking file）： https://raw.communitydragon.org/latest/cdragon/tft/zh_cn.json
[2025-09-11 10-40-43][4/18]正在检查文件夹（Checking the folder）：https://raw.communitydragon.org/latest/plugins/rcp-be-lol-game-data/global/default/v1/champions/
[2025-09-11 10-40-43]页面新文件列表如下：
New file list is as follows: 
    file         size          web_date         web_timestamp        local_date          local_timestamp   
  110.json     51.1 KiB    2025-Sep-10 18:40    1757500800.0     2025-09-10 14-18-42    1757485122.3574965 
  126.json     34.0 KiB    2025-Sep-10 18:40    1757500800.0     2025-09-10 14-18-48    1757485128.131443  
  150.json     34.2 KiB    2025-Sep-10 18:40    1757500800.0     2025-09-10 14-18-53    1757485133.6519694 
  16.json      43.1 KiB    2025-Sep-10 18:40    1757500800.0     2025-09-10 14-18-59    1757485139.2817352 
  161.json     25.1 KiB    2025-Sep-10 18:40    1757500800.0     2025-09-10 14-19-04    1757485144.7650967 
  163.json     22.6 KiB    2025-Sep-10 18:40    1757500800.0     2025-09-10 14-19-10    1757485150.6355753 
  222.json     48.8 KiB    2025-Sep-10 18:40    1757500800.0     2025-09-10 14-19-16    1757485156.2935483 
  233.json     21.4 KiB    2025-Sep-10 18:40    1757500800.0     2025-09-10 14-19-21    1757485161.6617033 
  254.json     39.0 KiB    2025-Sep-10 18:40    1757500800.0     2025-09-10 14-19-27    1757485167.5280423 
  32.json      43.0 KiB    2025-Sep-10 18:40    1757500800.0     2025-09-10 14-19-33    1757485173.4099672 
  420.json     28.6 KiB    2025-Sep-10 18:40    1757500800.0     2025-09-10 14-19-38    1757485178.9758856 
  432.json     34.7 KiB    2025-Sep-10 18:40    1757500800.0     2025-09-10 14-19-39    1757485179.7502053 
  517.json     39.8 KiB    2025-Sep-10 18:40    1757500800.0     2025-09-10 14-19-40    1757485180.6992915 
  555.json     54.0 KiB    2025-Sep-10 18:40    1757500800.0     2025-09-10 14-19-41    1757485181.2113438 
  61.json      33.9 KiB    2025-Sep-10 18:40    1757500800.0     2025-09-10 14-19-41    1757485181.952175  
  62.json      26.7 KiB    2025-Sep-10 18:40    1757500800.0     2025-09-10 14-19-42    1757485182.752146  
  63.json      39.8 KiB    2025-Sep-10 18:40    1757500800.0     2025-09-10 14-19-48    1757485188.320483  
  64.json      57.1 KiB    2025-Sep-10 18:40    1757500800.0     2025-09-10 14-19-53    1757485193.8972275 
 66603.json    8.8 KiB     2025-Sep-10 18:40    1757500800.0     2025-09-10 14-19-59    1757485199.6379666 
 66608.json    10.7 KiB    2025-Sep-10 18:40    1757500800.0     2025-09-10 14-20-05    1757485205.2059805 
 66615.json    9.4 KiB     2025-Sep-10 18:40    1757500800.0     2025-09-10 14-20-11    1757485211.108659  
 66617.json    9.9 KiB     2025-Sep-10 18:40    1757500800.0     2025-09-10 14-20-16    1757485216.6250377 
  777.json     49.0 KiB    2025-Sep-10 18:40    1757500800.0     2025-09-10 14-20-22    1757485222.2709029 
  893.json     15.7 KiB    2025-Sep-10 18:40    1757500800.0     2025-09-10 14-20-27    1757485227.692891  
  96.json      69.9 KiB    2025-Sep-10 18:40    1757500800.0     2025-09-10 14-20-33    1757485233.245525  
[2025-09-11 10-40-43][4/18][1/25]正在校对文件（Checking file）： https://raw.communitydragon.org/latest/plugins/rcp-be-lol-game-data/global/default/v1/champions/110.json
[2025-09-11 10-40-44][4/18][2/25]正在校对文件（Checking file）： https://raw.communitydragon.org/latest/plugins/rcp-be-lol-game-data/global/default/v1/champions/126.json
[2025-09-11 10-40-45][4/18][3/25]正在校对文件（Checking file）： https://raw.communitydragon.org/latest/plugins/rcp-be-lol-game-data/global/default/v1/champions/150.json
[2025-09-11 10-40-46][4/18][4/25]正在校对文件（Checking file）： https://raw.communitydragon.org/latest/plugins/rcp-be-lol-game-data/global/default/v1/champions/16.json
[2025-09-11 10-40-47][4/18][5/25]正在校对文件（Checking file）： https://raw.communitydragon.org/latest/plugins/rcp-be-lol-game-data/global/default/v1/champions/161.json
[2025-09-11 10-40-47][4/18][6/25]正在校对文件（Checking file）： https://raw.communitydragon.org/latest/plugins/rcp-be-lol-game-data/global/default/v1/champions/163.json
[2025-09-11 10-40-48][4/18][7/25]正在校对文件（Checking file）： https://raw.communitydragon.org/latest/plugins/rcp-be-lol-game-data/global/default/v1/champions/222.json
[2025-09-11 10-40-49][4/18][8/25]正在校对文件（Checking file）： https://raw.communitydragon.org/latest/plugins/rcp-be-lol-game-data/global/default/v1/champions/233.json
[2025-09-11 10-40-49][4/18][9/25]正在校对文件（Checking file）： https://raw.communitydragon.org/latest/plugins/rcp-be-lol-game-data/global/default/v1/champions/254.json
[2025-09-11 10-40-50][4/18][10/25]正在校对文件（Checking file）： https://raw.communitydragon.org/latest/plugins/rcp-be-lol-game-data/global/default/v1/champions/32.json
[2025-09-11 10-40-51][4/18][11/25]正在校对文件（Checking file）： https://raw.communitydragon.org/latest/plugins/rcp-be-lol-game-data/global/default/v1/champions/420.json
[2025-09-11 10-40-52][4/18][12/25]正在校对文件（Checking file）： https://raw.communitydragon.org/latest/plugins/rcp-be-lol-game-data/global/default/v1/champions/432.json
[2025-09-11 10-40-53][4/18][13/25]正在校对文件（Checking file）： https://raw.communitydragon.org/latest/plugins/rcp-be-lol-game-data/global/default/v1/champions/517.json
[2025-09-11 10-40-53][4/18][14/25]正在校对文件（Checking file）： https://raw.communitydragon.org/latest/plugins/rcp-be-lol-game-data/global/default/v1/champions/555.json
[2025-09-11 10-40-54][4/18][15/25]正在校对文件（Checking file）： https://raw.communitydragon.org/latest/plugins/rcp-be-lol-game-data/global/default/v1/champions/61.json
[2025-09-11 10-40-55][4/18][16/25]正在校对文件（Checking file）： https://raw.communitydragon.org/latest/plugins/rcp-be-lol-game-data/global/default/v1/champions/62.json
[2025-09-11 10-40-56][4/18][17/25]正在校对文件（Checking file）： https://raw.communitydragon.org/latest/plugins/rcp-be-lol-game-data/global/default/v1/champions/63.json
[2025-09-11 10-40-57][4/18][18/25]正在校对文件（Checking file）： https://raw.communitydragon.org/latest/plugins/rcp-be-lol-game-data/global/default/v1/champions/64.json
[2025-09-11 10-40-58][4/18][19/25]正在校对文件（Checking file）： https://raw.communitydragon.org/latest/plugins/rcp-be-lol-game-data/global/default/v1/champions/66603.json
[2025-09-11 10-40-58][4/18][20/25]正在校对文件（Checking file）： https://raw.communitydragon.org/latest/plugins/rcp-be-lol-game-data/global/default/v1/champions/66608.json
[2025-09-11 10-40-59][4/18][21/25]正在校对文件（Checking file）： https://raw.communitydragon.org/latest/plugins/rcp-be-lol-game-data/global/default/v1/champions/66615.json
[2025-09-11 10-41-00][4/18][22/25]正在校对文件（Checking file）： https://raw.communitydragon.org/latest/plugins/rcp-be-lol-game-data/global/default/v1/champions/66617.json
[2025-09-11 10-41-01][4/18][23/25]正在校对文件（Checking file）： https://raw.communitydragon.org/latest/plugins/rcp-be-lol-game-data/global/default/v1/champions/777.json
[2025-09-11 10-41-01][4/18][24/25]正在校对文件（Checking file）： https://raw.communitydragon.org/latest/plugins/rcp-be-lol-game-data/global/default/v1/champions/893.json
[2025-09-11 10-41-02][4/18][25/25]正在校对文件（Checking file）： https://raw.communitydragon.org/latest/plugins/rcp-be-lol-game-data/global/default/v1/champions/96.json
[2025-09-11 10-41-02][5/18]正在检查文件夹（Checking the folder）：https://raw.communitydragon.org/latest/plugins/rcp-be-lol-game-data/global/default/v1/map-assets/
[2025-09-11 10-41-03]页面新文件列表如下：
New file list is as follows: 
      file            size           web_date         web_timestamp        local_date          local_timestamp   
 map-assets.json    163.0 KiB    2025-Sep-10 18:40    1757500800.0     2025-09-10 14-20-44    1757485244.7774177 
[2025-09-11 10-41-03][5/18][1/1]正在校对文件（Checking file）： https://raw.communitydragon.org/latest/plugins/rcp-be-lol-game-data/global/default/v1/map-assets/map-assets.json
[2025-09-11 10-41-04][6/18]正在检查文件夹（Checking the folder）：https://raw.communitydragon.org/latest/plugins/rcp-be-lol-game-data/global/default/v1/
[2025-09-11 10-41-05]页面新文件列表如下：
New file list is as follows: 
                file                     size           web_date         web_timestamp        local_date          local_timestamp   
       achievementtitles.json          101.6 KiB    2025-Sep-10 18:40    1757500800.0     2025-09-10 14-20-56    1757485256.3271036 
 champion-rune-recommendations.json    349.7 KiB    2025-Sep-10 18:40    1757500800.0     2025-09-10 14-20-57    1757485257.263725  
          companions.json              942.7 KiB    2025-Sep-10 18:40    1757500800.0     2025-09-10 14-20-58    1757485258.928821  
           event-hub.json              121.7 KiB    2025-Sep-10 18:40    1757500800.0     2025-09-10 14-20-59    1757485259.8699253 
        generic-assets.json            211.8 KiB    2025-Sep-10 18:40    1757500800.0     2025-09-10 14-21-00    1757485260.7616024 
             items.json                495.2 KiB    2025-Sep-10 18:40    1757500800.0     2025-09-10 14-21-01    1757485261.3310413 
             loot.json                  2.9 MiB     2025-Sep-10 18:40    1757500800.0     2025-09-10 14-21-03    1757485263.1404886 
          objectives.json              92.7 KiB     2025-Sep-10 18:40    1757500800.0     2025-09-10 14-21-04    1757485264.047059  
         profile-icons.json            336.4 KiB    2025-Sep-10 18:40    1757500800.0     2025-09-10 14-21-05    1757485265.1686058 
            regalia.json               29.3 KiB     2025-Sep-10 18:40    1757500800.0     2025-09-10 14-21-06    1757485266.098553  
            rewards.json               987.6 KiB    2025-Sep-10 18:40    1757500800.0     2025-09-10 14-21-07    1757485267.1707861 
           skinlines.json              55.6 KiB     2025-Sep-10 18:40    1757500800.0     2025-09-10 14-21-07    1757485267.835825  
             skins.json                 4.9 MiB     2025-Sep-10 18:40    1757500800.0     2025-09-10 14-21-09    1757485269.429801  
        summoner-icons.json             1.9 MiB     2025-Sep-10 18:40    1757500800.0     2025-09-10 14-21-10    1757485270.4268703 
       tftaugmentpillars.json            93 B       2025-Sep-10 06:12    1757455920.0     1970-01-01 08-00-00           0.0         
        tftcontentdata.json            695.1 KiB    2025-Sep-10 18:40    1757500800.0     2025-09-10 14-21-12    1757485272.805217  
        tftdamageskins.json            89.4 KiB     2025-Sep-10 18:40    1757500800.0     2025-09-10 14-21-13    1757485273.683142  
       tfteventpvebuddy.json             92 B       2025-Sep-10 06:12    1757455920.0     1970-01-01 08-00-00           0.0         
        tfteventpvehub.json              90 B       2025-Sep-10 06:12    1757455920.0     1970-01-01 08-00-00           0.0         
           tftitems.json               193.4 KiB    2025-Sep-10 18:40    1757500800.0     2025-09-10 14-21-16    1757485276.2450442 
        tftjourneytrack.json              2 B       2025-Sep-10 18:40    1757500800.0     2025-09-10 14-21-16    1757485276.861771  
   tftrotationalshopitemdata.json       1.9 MiB     2025-Sep-10 18:40    1757500800.0     2025-09-10 14-21-18    1757485278.6684766 
           tfttraits.json              423.8 KiB    2025-Sep-10 18:40    1757500800.0     2025-09-10 14-21-19    1757485279.7960951 
    tfttrovesbannerrewards.json        822.0 KiB    2025-Sep-10 18:40    1757500800.0     2025-09-10 14-21-21    1757485281.104622  
       tfttrovesbanners.json           87.2 KiB     2025-Sep-10 18:40    1757500800.0     2025-09-10 14-21-21    1757485281.5576437 
     tfttrovestablesnames.json         372.7 KiB    2025-Sep-10 18:40    1757500800.0     2025-09-10 14-21-22    1757485282.9645412 
           universes.json              34.8 KiB     2025-Sep-10 18:40    1757500800.0     2025-09-10 14-21-23    1757485283.9544313 
          ward-skins.json              129.3 KiB    2025-Sep-10 18:40    1757500800.0     2025-09-10 14-21-25    1757485285.1706858 
[2025-09-11 10-41-05][6/18][1/28]正在校对文件（Checking file）： https://raw.communitydragon.org/latest/plugins/rcp-be-lol-game-data/global/default/v1/achievementtitles.json
[2025-09-11 10-41-06][6/18][2/28]正在校对文件（Checking file）： https://raw.communitydragon.org/latest/plugins/rcp-be-lol-game-data/global/default/v1/champion-rune-recommendations.json
[2025-09-11 10-41-07][6/18][3/28]正在校对文件（Checking file）： https://raw.communitydragon.org/latest/plugins/rcp-be-lol-game-data/global/default/v1/companions.json
[2025-09-11 10-41-09][6/18][4/28]正在校对文件（Checking file）： https://raw.communitydragon.org/latest/plugins/rcp-be-lol-game-data/global/default/v1/event-hub.json
[2025-09-11 10-41-10][6/18][5/28]正在校对文件（Checking file）： https://raw.communitydragon.org/latest/plugins/rcp-be-lol-game-data/global/default/v1/generic-assets.json
[2025-09-11 10-41-11][6/18][6/28]正在校对文件（Checking file）： https://raw.communitydragon.org/latest/plugins/rcp-be-lol-game-data/global/default/v1/items.json
[2025-09-11 10-41-12]已更新文件（Updated file）：离线数据（Offline Data）/cdragon/latest/plugins/rcp-be-lol-game-data/global/default/v1/items.json
[2025-09-11 10-41-12][6/18][7/28]正在校对文件（Checking file）： https://raw.communitydragon.org/latest/plugins/rcp-be-lol-game-data/global/default/v1/loot.json
[2025-09-11 10-41-14][6/18][8/28]正在校对文件（Checking file）： https://raw.communitydragon.org/latest/plugins/rcp-be-lol-game-data/global/default/v1/objectives.json
[2025-09-11 10-41-15][6/18][9/28]正在校对文件（Checking file）： https://raw.communitydragon.org/latest/plugins/rcp-be-lol-game-data/global/default/v1/profile-icons.json
[2025-09-11 10-41-16][6/18][10/28]正在校对文件（Checking file）： https://raw.communitydragon.org/latest/plugins/rcp-be-lol-game-data/global/default/v1/regalia.json
[2025-09-11 10-41-17][6/18][11/28]正在校对文件（Checking file）： https://raw.communitydragon.org/latest/plugins/rcp-be-lol-game-data/global/default/v1/rewards.json
[2025-09-11 10-41-18][6/18][12/28]正在校对文件（Checking file）： https://raw.communitydragon.org/latest/plugins/rcp-be-lol-game-data/global/default/v1/skinlines.json
[2025-09-11 10-41-19][6/18][13/28]正在校对文件（Checking file）： https://raw.communitydragon.org/latest/plugins/rcp-be-lol-game-data/global/default/v1/skins.json
[2025-09-11 10-41-19]已更新文件（Updated file）：离线数据（Offline Data）/cdragon/latest/plugins/rcp-be-lol-game-data/global/default/v1/skins.json
[2025-09-11 10-41-19][6/18][14/28]正在校对文件（Checking file）： https://raw.communitydragon.org/latest/plugins/rcp-be-lol-game-data/global/default/v1/summoner-icons.json
[2025-09-11 10-41-20][6/18][15/28]正在校对文件（Checking file）： https://raw.communitydragon.org/latest/plugins/rcp-be-lol-game-data/global/default/v1/tftaugmentpillars.json
文件https://raw.communitydragon.org/latest/plugins/rcp-be-lol-game-data/global/default/v1/tftaugmentpillars.json不存在！
File https://raw.communitydragon.org/latest/plugins/rcp-be-lol-game-data/global/default/v1/tftaugmentpillars.json not found!
[2025-09-11 10-41-21][6/18][16/28]正在校对文件（Checking file）： https://raw.communitydragon.org/latest/plugins/rcp-be-lol-game-data/global/default/v1/tftcontentdata.json
[2025-09-11 10-41-23][6/18][17/28]正在校对文件（Checking file）： https://raw.communitydragon.org/latest/plugins/rcp-be-lol-game-data/global/default/v1/tftdamageskins.json
[2025-09-11 10-41-24][6/18][18/28]正在校对文件（Checking file）： https://raw.communitydragon.org/latest/plugins/rcp-be-lol-game-data/global/default/v1/tfteventpvebuddy.json
文件https://raw.communitydragon.org/latest/plugins/rcp-be-lol-game-data/global/default/v1/tfteventpvebuddy.json不存在！
File https://raw.communitydragon.org/latest/plugins/rcp-be-lol-game-data/global/default/v1/tfteventpvebuddy.json not found!
[2025-09-11 10-41-25][6/18][19/28]正在校对文件（Checking file）： https://raw.communitydragon.org/latest/plugins/rcp-be-lol-game-data/global/default/v1/tfteventpvehub.json
文件https://raw.communitydragon.org/latest/plugins/rcp-be-lol-game-data/global/default/v1/tfteventpvehub.json不存在！
File https://raw.communitydragon.org/latest/plugins/rcp-be-lol-game-data/global/default/v1/tfteventpvehub.json not found!
[2025-09-11 10-41-25][6/18][20/28]正在校对文件（Checking file）： https://raw.communitydragon.org/latest/plugins/rcp-be-lol-game-data/global/default/v1/tftitems.json
[2025-09-11 10-41-27][6/18][21/28]正在校对文件（Checking file）： https://raw.communitydragon.org/latest/plugins/rcp-be-lol-game-data/global/default/v1/tftjourneytrack.json
[2025-09-11 10-41-27][6/18][22/28]正在校对文件（Checking file）： https://raw.communitydragon.org/latest/plugins/rcp-be-lol-game-data/global/default/v1/tftrotationalshopitemdata.json
[2025-09-11 10-41-29][6/18][23/28]正在校对文件（Checking file）： https://raw.communitydragon.org/latest/plugins/rcp-be-lol-game-data/global/default/v1/tfttraits.json
[2025-09-11 10-41-30][6/18][24/28]正在校对文件（Checking file）： https://raw.communitydragon.org/latest/plugins/rcp-be-lol-game-data/global/default/v1/tfttrovesbannerrewards.json
[2025-09-11 10-41-32][6/18][25/28]正在校对文件（Checking file）： https://raw.communitydragon.org/latest/plugins/rcp-be-lol-game-data/global/default/v1/tfttrovesbanners.json
[2025-09-11 10-41-33][6/18][26/28]正在校对文件（Checking file）： https://raw.communitydragon.org/latest/plugins/rcp-be-lol-game-data/global/default/v1/tfttrovestablesnames.json
[2025-09-11 10-41-34][6/18][27/28]正在校对文件（Checking file）： https://raw.communitydragon.org/latest/plugins/rcp-be-lol-game-data/global/default/v1/universes.json
[2025-09-11 10-41-34][6/18][28/28]正在校对文件（Checking file）： https://raw.communitydragon.org/latest/plugins/rcp-be-lol-game-data/global/default/v1/ward-skins.json
[2025-09-11 10-41-36][7/18]正在检查文件夹（Checking the folder）：https://raw.communitydragon.org/latest/plugins/rcp-be-lol-game-data/global/zh_cn/v1/champions/
[2025-09-11 10-41-37]页面新文件列表如下：
New file list is as follows: 
    file         size          web_date         web_timestamp        local_date          local_timestamp   
  110.json     53.5 KiB    2025-Sep-10 18:40    1757500800.0     2025-09-10 14-21-36    1757485296.1095648 
  121.json     47.2 KiB    2025-Sep-10 18:40    1757500800.0     2025-09-10 14-21-41    1757485301.6961882 
  126.json     35.6 KiB    2025-Sep-10 18:40    1757500800.0     2025-09-10 14-21-47    1757485307.3020267 
  150.json     36.2 KiB    2025-Sep-10 18:40    1757500800.0     2025-09-10 14-21-53    1757485313.064154  
  16.json      45.2 KiB    2025-Sep-10 18:40    1757500800.0     2025-09-10 14-21-58    1757485318.6983945 
  161.json     25.9 KiB    2025-Sep-10 18:40    1757500800.0     2025-09-10 14-22-04    1757485324.1576047 
  163.json     24.0 KiB    2025-Sep-10 18:40    1757500800.0     2025-09-10 14-22-09    1757485329.7375534 
  222.json     51.7 KiB    2025-Sep-10 18:40    1757500800.0     2025-09-10 14-22-15    1757485335.3351405 
  233.json     21.8 KiB    2025-Sep-10 18:40    1757500800.0     2025-09-10 14-22-21    1757485341.1446075 
  254.json     41.0 KiB    2025-Sep-10 18:40    1757500800.0     2025-09-10 14-22-26    1757485346.7905343 
  32.json      46.0 KiB    2025-Sep-10 18:40    1757500800.0     2025-09-10 14-22-27    1757485347.5494943 
  420.json     29.2 KiB    2025-Sep-10 18:40    1757500800.0     2025-09-10 14-22-28    1757485348.4085867 
  432.json     35.7 KiB    2025-Sep-10 18:40    1757500800.0     2025-09-10 14-22-29    1757485349.1918232 
  517.json     41.8 KiB    2025-Sep-10 18:40    1757500800.0     2025-09-10 14-22-30    1757485350.064415  
  555.json     56.5 KiB    2025-Sep-10 18:40    1757500800.0     2025-09-10 14-22-30    1757485350.8511045 
  61.json      36.2 KiB    2025-Sep-10 18:40    1757500800.0     2025-09-10 14-22-31    1757485351.6370542 
  62.json      28.1 KiB    2025-Sep-10 18:40    1757500800.0     2025-09-10 14-22-32    1757485352.444896  
  63.json      41.8 KiB    2025-Sep-10 18:40    1757500800.0     2025-09-10 14-22-38    1757485358.0781164 
  64.json      60.3 KiB    2025-Sep-10 18:40    1757500800.0     2025-09-10 14-22-43    1757485363.7340488 
 66603.json    8.9 KiB     2025-Sep-10 18:40    1757500800.0     2025-09-10 14-22-49    1757485369.676805  
 66608.json    10.7 KiB    2025-Sep-10 18:40    1757500800.0     2025-09-10 14-22-55    1757485375.3056092 
 66615.json    9.6 KiB     2025-Sep-10 18:40    1757500800.0     2025-09-10 14-23-01    1757485381.0998216 
 66617.json    10.1 KiB    2025-Sep-10 18:40    1757500800.0     2025-09-10 14-23-07    1757485387.0618978 
  777.json     51.5 KiB    2025-Sep-10 18:40    1757500800.0     2025-09-10 14-23-12    1757485392.863167  
  893.json     15.8 KiB    2025-Sep-10 18:40    1757500800.0     2025-09-10 14-23-18     1757485398.57071  
  96.json      72.9 KiB    2025-Sep-10 18:40    1757500800.0     2025-09-10 14-23-24    1757485404.2799697 
[2025-09-11 10-41-37][7/18][1/26]正在校对文件（Checking file）： https://raw.communitydragon.org/latest/plugins/rcp-be-lol-game-data/global/zh_cn/v1/champions/110.json
[2025-09-11 10-41-43][7/18][2/26]正在校对文件（Checking file）： https://raw.communitydragon.org/latest/plugins/rcp-be-lol-game-data/global/zh_cn/v1/champions/121.json
[2025-09-11 10-41-43][7/18][3/26]正在校对文件（Checking file）： https://raw.communitydragon.org/latest/plugins/rcp-be-lol-game-data/global/zh_cn/v1/champions/126.json
[2025-09-11 10-41-44][7/18][4/26]正在校对文件（Checking file）： https://raw.communitydragon.org/latest/plugins/rcp-be-lol-game-data/global/zh_cn/v1/champions/150.json
[2025-09-11 10-41-45][7/18][5/26]正在校对文件（Checking file）： https://raw.communitydragon.org/latest/plugins/rcp-be-lol-game-data/global/zh_cn/v1/champions/16.json
[2025-09-11 10-41-46][7/18][6/26]正在校对文件（Checking file）： https://raw.communitydragon.org/latest/plugins/rcp-be-lol-game-data/global/zh_cn/v1/champions/161.json
[2025-09-11 10-41-46][7/18][7/26]正在校对文件（Checking file）： https://raw.communitydragon.org/latest/plugins/rcp-be-lol-game-data/global/zh_cn/v1/champions/163.json
[2025-09-11 10-41-47][7/18][8/26]正在校对文件（Checking file）： https://raw.communitydragon.org/latest/plugins/rcp-be-lol-game-data/global/zh_cn/v1/champions/222.json
[2025-09-11 10-41-48][7/18][9/26]正在校对文件（Checking file）： https://raw.communitydragon.org/latest/plugins/rcp-be-lol-game-data/global/zh_cn/v1/champions/233.json
[2025-09-11 10-41-49][7/18][10/26]正在校对文件（Checking file）： https://raw.communitydragon.org/latest/plugins/rcp-be-lol-game-data/global/zh_cn/v1/champions/254.json
[2025-09-11 10-41-49][7/18][11/26]正在校对文件（Checking file）： https://raw.communitydragon.org/latest/plugins/rcp-be-lol-game-data/global/zh_cn/v1/champions/32.json
[2025-09-11 10-41-50][7/18][12/26]正在校对文件（Checking file）： https://raw.communitydragon.org/latest/plugins/rcp-be-lol-game-data/global/zh_cn/v1/champions/420.json
[2025-09-11 10-41-51][7/18][13/26]正在校对文件（Checking file）： https://raw.communitydragon.org/latest/plugins/rcp-be-lol-game-data/global/zh_cn/v1/champions/432.json
[2025-09-11 10-41-51][7/18][14/26]正在校对文件（Checking file）： https://raw.communitydragon.org/latest/plugins/rcp-be-lol-game-data/global/zh_cn/v1/champions/517.json
[2025-09-11 10-41-52][7/18][15/26]正在校对文件（Checking file）： https://raw.communitydragon.org/latest/plugins/rcp-be-lol-game-data/global/zh_cn/v1/champions/555.json
[2025-09-11 10-41-53][7/18][16/26]正在校对文件（Checking file）： https://raw.communitydragon.org/latest/plugins/rcp-be-lol-game-data/global/zh_cn/v1/champions/61.json
[2025-09-11 10-41-54][7/18][17/26]正在校对文件（Checking file）： https://raw.communitydragon.org/latest/plugins/rcp-be-lol-game-data/global/zh_cn/v1/champions/62.json
[2025-09-11 10-41-55][7/18][18/26]正在校对文件（Checking file）： https://raw.communitydragon.org/latest/plugins/rcp-be-lol-game-data/global/zh_cn/v1/champions/63.json
[2025-09-11 10-41-55][7/18][19/26]正在校对文件（Checking file）： https://raw.communitydragon.org/latest/plugins/rcp-be-lol-game-data/global/zh_cn/v1/champions/64.json
[2025-09-11 10-41-56][7/18][20/26]正在校对文件（Checking file）： https://raw.communitydragon.org/latest/plugins/rcp-be-lol-game-data/global/zh_cn/v1/champions/66603.json
[2025-09-11 10-41-57][7/18][21/26]正在校对文件（Checking file）： https://raw.communitydragon.org/latest/plugins/rcp-be-lol-game-data/global/zh_cn/v1/champions/66608.json
[2025-09-11 10-41-57][7/18][22/26]正在校对文件（Checking file）： https://raw.communitydragon.org/latest/plugins/rcp-be-lol-game-data/global/zh_cn/v1/champions/66615.json
[2025-09-11 10-41-58][7/18][23/26]正在校对文件（Checking file）： https://raw.communitydragon.org/latest/plugins/rcp-be-lol-game-data/global/zh_cn/v1/champions/66617.json
[2025-09-11 10-41-58][7/18][24/26]正在校对文件（Checking file）： https://raw.communitydragon.org/latest/plugins/rcp-be-lol-game-data/global/zh_cn/v1/champions/777.json
[2025-09-11 10-41-59][7/18][25/26]正在校对文件（Checking file）： https://raw.communitydragon.org/latest/plugins/rcp-be-lol-game-data/global/zh_cn/v1/champions/893.json
[2025-09-11 10-42-00][7/18][26/26]正在校对文件（Checking file）： https://raw.communitydragon.org/latest/plugins/rcp-be-lol-game-data/global/zh_cn/v1/champions/96.json
[2025-09-11 10-42-01][8/18]正在检查文件夹（Checking the folder）：https://raw.communitydragon.org/latest/plugins/rcp-be-lol-game-data/global/zh_cn/v1/map-assets/
[2025-09-11 10-42-02]页面新文件列表如下：
New file list is as follows: 
      file            size           web_date         web_timestamp        local_date          local_timestamp   
 map-assets.json    164.5 KiB    2025-Sep-10 18:40    1757500800.0     2025-09-10 14-23-35    1757485415.8811145 
[2025-09-11 10-42-02][8/18][1/1]正在校对文件（Checking file）： https://raw.communitydragon.org/latest/plugins/rcp-be-lol-game-data/global/zh_cn/v1/map-assets/map-assets.json
[2025-09-11 10-42-03][9/18]正在检查文件夹（Checking the folder）：https://raw.communitydragon.org/latest/plugins/rcp-be-lol-game-data/global/zh_cn/v1/
[2025-09-11 10-42-03]页面新文件列表如下：
New file list is as follows: 
              file                   size           web_date         web_timestamp        local_date          local_timestamp   
     achievementtitles.json        102.1 KiB    2025-Sep-10 18:40    1757500800.0     2025-09-10 14-23-42    1757485422.7098398 
        companions.json            947.9 KiB    2025-Sep-10 18:40    1757500800.0     2025-09-10 14-23-44     1757485424.19146  
         event-hub.json            121.2 KiB    2025-Sep-10 18:40    1757500800.0     2025-09-10 14-23-45    1757485425.2127147 
      generic-assets.json          211.8 KiB    2025-Sep-10 18:40    1757500800.0     2025-09-10 14-23-46    1757485426.0827117 
           items.json              495.1 KiB    2025-Sep-10 18:40    1757500800.0     2025-09-10 14-23-52    1757485432.333046  
           loot.json                3.0 MiB     2025-Sep-10 18:40    1757500800.0     2025-09-10 14-23-58    1757485438.9000316 
      nexusfinishers.json           1.6 KiB     2025-Sep-10 18:40    1757500800.0     2025-09-10 14-24-03    1757485443.2334857 
        objectives.json            92.7 KiB     2025-Sep-10 18:40    1757500800.0     2025-09-10 14-24-09    1757485449.3789544 
       profile-icons.json          336.4 KiB    2025-Sep-10 18:40    1757500800.0     2025-09-10 14-24-14    1757485454.994944  
          regalia.json             29.3 KiB     2025-Sep-10 18:40    1757500800.0     2025-09-10 14-24-20    1757485460.0589187 
         skinlines.json            54.9 KiB     2025-Sep-10 18:40    1757500800.0     2025-09-10 14-24-26    1757485466.4726202 
           skins.json               5.2 MiB     2025-Sep-10 18:40    1757500800.0     2025-09-10 14-24-33    1757485473.342777  
        statstones.json             1.8 MiB     2025-Sep-10 18:40    1757500800.0     2025-09-10 14-24-38    1757485478.7497199 
      summoner-emotes.json         482.5 KiB    2025-Sep-10 18:40    1757500800.0     2025-09-10 14-24-43    1757485483.8158176 
      summoner-icons.json           1.8 MiB     2025-Sep-10 18:40    1757500800.0     2025-09-10 14-24-50    1757485490.321534  
     tftaugmentpillars.json          91 B       2025-Sep-10 06:12    1757455920.0     1970-01-01 08-00-00           0.0         
      tftcontentdata.json          695.1 KiB    2025-Sep-10 18:40    1757500800.0     2025-09-10 14-24-52    1757485492.864029  
      tftdamageskins.json          90.5 KiB     2025-Sep-10 18:40    1757500800.0     2025-09-10 14-24-58    1757485498.634744  
     tfteventpvebuddy.json           90 B       2025-Sep-10 06:12    1757455920.0     1970-01-01 08-00-00           0.0         
      tfteventpvehub.json            88 B       2025-Sep-10 06:12    1757455920.0     1970-01-01 08-00-00           0.0         
         tftitems.json             193.2 KiB    2025-Sep-10 18:40    1757500800.0     2025-09-10 14-25-15    1757485515.8185153 
        tftmapskins.json           38.7 KiB     2025-Sep-10 18:40    1757500800.0     2025-09-10 14-25-21    1757485521.2819247 
 tftrotationalshopitemdata.json     1.9 MiB     2025-Sep-10 18:40    1757500800.0     2025-09-10 14-25-27    1757485527.8887677 
         tfttraits.json            433.4 KiB    2025-Sep-10 18:40    1757500800.0     2025-09-10 14-25-33    1757485533.5582774 
  tfttrovesbannerrewards.json      825.5 KiB    2025-Sep-10 18:40    1757500800.0     2025-09-10 14-25-39    1757485539.4545023 
     tfttrovesbanners.json         87.1 KiB     2025-Sep-10 18:40    1757500800.0     2025-09-10 14-25-44    1757485544.0008123 
   tfttrovestablesnames.json       385.3 KiB    2025-Sep-10 18:40    1757500800.0     2025-09-10 14-25-49    1757485549.876165  
         universes.json            34.4 KiB     2025-Sep-10 18:40    1757500800.0     2025-09-10 14-25-55    1757485555.0459614 
        ward-skins.json            120.7 KiB    2025-Sep-10 18:40    1757500800.0     2025-09-10 14-26-00    1757485560.8184333 
[2025-09-11 10-42-03][9/18][1/29]正在校对文件（Checking file）： https://raw.communitydragon.org/latest/plugins/rcp-be-lol-game-data/global/zh_cn/v1/achievementtitles.json
[2025-09-11 10-42-04][9/18][2/29]正在校对文件（Checking file）： https://raw.communitydragon.org/latest/plugins/rcp-be-lol-game-data/global/zh_cn/v1/companions.json
[2025-09-11 10-42-06][9/18][3/29]正在校对文件（Checking file）： https://raw.communitydragon.org/latest/plugins/rcp-be-lol-game-data/global/zh_cn/v1/event-hub.json
[2025-09-11 10-42-07][9/18][4/29]正在校对文件（Checking file）： https://raw.communitydragon.org/latest/plugins/rcp-be-lol-game-data/global/zh_cn/v1/generic-assets.json
[2025-09-11 10-42-08][9/18][5/29]正在校对文件（Checking file）： https://raw.communitydragon.org/latest/plugins/rcp-be-lol-game-data/global/zh_cn/v1/items.json
[2025-09-11 10-42-09][9/18][6/29]正在校对文件（Checking file）： https://raw.communitydragon.org/latest/plugins/rcp-be-lol-game-data/global/zh_cn/v1/loot.json
[2025-09-11 10-42-11][9/18][7/29]正在校对文件（Checking file）： https://raw.communitydragon.org/latest/plugins/rcp-be-lol-game-data/global/zh_cn/v1/nexusfinishers.json
[2025-09-11 10-42-12][9/18][8/29]正在校对文件（Checking file）： https://raw.communitydragon.org/latest/plugins/rcp-be-lol-game-data/global/zh_cn/v1/objectives.json
[2025-09-11 10-42-13][9/18][9/29]正在校对文件（Checking file）： https://raw.communitydragon.org/latest/plugins/rcp-be-lol-game-data/global/zh_cn/v1/profile-icons.json
[2025-09-11 10-42-15][9/18][10/29]正在校对文件（Checking file）： https://raw.communitydragon.org/latest/plugins/rcp-be-lol-game-data/global/zh_cn/v1/regalia.json
[2025-09-11 10-42-15][9/18][11/29]正在校对文件（Checking file）： https://raw.communitydragon.org/latest/plugins/rcp-be-lol-game-data/global/zh_cn/v1/skinlines.json
[2025-09-11 10-42-17][9/18][12/29]正在校对文件（Checking file）： https://raw.communitydragon.org/latest/plugins/rcp-be-lol-game-data/global/zh_cn/v1/skins.json
[2025-09-11 10-42-19][9/18][13/29]正在校对文件（Checking file）： https://raw.communitydragon.org/latest/plugins/rcp-be-lol-game-data/global/zh_cn/v1/statstones.json
[2025-09-11 10-42-21][9/18][14/29]正在校对文件（Checking file）： https://raw.communitydragon.org/latest/plugins/rcp-be-lol-game-data/global/zh_cn/v1/summoner-emotes.json
[2025-09-11 10-42-23][9/18][15/29]正在校对文件（Checking file）： https://raw.communitydragon.org/latest/plugins/rcp-be-lol-game-data/global/zh_cn/v1/summoner-icons.json
[2025-09-11 10-42-25][9/18][16/29]正在校对文件（Checking file）： https://raw.communitydragon.org/latest/plugins/rcp-be-lol-game-data/global/zh_cn/v1/tftaugmentpillars.json
文件https://raw.communitydragon.org/latest/plugins/rcp-be-lol-game-data/global/zh_cn/v1/tftaugmentpillars.json不存在！
File https://raw.communitydragon.org/latest/plugins/rcp-be-lol-game-data/global/zh_cn/v1/tftaugmentpillars.json not found!
[2025-09-11 10-42-25][9/18][17/29]正在校对文件（Checking file）： https://raw.communitydragon.org/latest/plugins/rcp-be-lol-game-data/global/zh_cn/v1/tftcontentdata.json
[2025-09-11 10-42-27][9/18][18/29]正在校对文件（Checking file）： https://raw.communitydragon.org/latest/plugins/rcp-be-lol-game-data/global/zh_cn/v1/tftdamageskins.json
[2025-09-11 10-42-28][9/18][19/29]正在校对文件（Checking file）： https://raw.communitydragon.org/latest/plugins/rcp-be-lol-game-data/global/zh_cn/v1/tfteventpvebuddy.json
文件https://raw.communitydragon.org/latest/plugins/rcp-be-lol-game-data/global/zh_cn/v1/tfteventpvebuddy.json不存在！
File https://raw.communitydragon.org/latest/plugins/rcp-be-lol-game-data/global/zh_cn/v1/tfteventpvebuddy.json not found!
[2025-09-11 10-42-28][9/18][20/29]正在校对文件（Checking file）： https://raw.communitydragon.org/latest/plugins/rcp-be-lol-game-data/global/zh_cn/v1/tfteventpvehub.json
文件https://raw.communitydragon.org/latest/plugins/rcp-be-lol-game-data/global/zh_cn/v1/tfteventpvehub.json不存在！
File https://raw.communitydragon.org/latest/plugins/rcp-be-lol-game-data/global/zh_cn/v1/tfteventpvehub.json not found!
[2025-09-11 10-42-29][9/18][21/29]正在校对文件（Checking file）： https://raw.communitydragon.org/latest/plugins/rcp-be-lol-game-data/global/zh_cn/v1/tftitems.json
[2025-09-11 10-42-31][9/18][22/29]正在校对文件（Checking file）： https://raw.communitydragon.org/latest/plugins/rcp-be-lol-game-data/global/zh_cn/v1/tftmapskins.json
[2025-09-11 10-42-31][9/18][23/29]正在校对文件（Checking file）： https://raw.communitydragon.org/latest/plugins/rcp-be-lol-game-data/global/zh_cn/v1/tftrotationalshopitemdata.json
[2025-09-11 10-42-33][9/18][24/29]正在校对文件（Checking file）： https://raw.communitydragon.org/latest/plugins/rcp-be-lol-game-data/global/zh_cn/v1/tfttraits.json
[2025-09-11 10-42-34][9/18][25/29]正在校对文件（Checking file）： https://raw.communitydragon.org/latest/plugins/rcp-be-lol-game-data/global/zh_cn/v1/tfttrovesbannerrewards.json
[2025-09-11 10-42-36][9/18][26/29]正在校对文件（Checking file）： https://raw.communitydragon.org/latest/plugins/rcp-be-lol-game-data/global/zh_cn/v1/tfttrovesbanners.json
[2025-09-11 10-42-37][9/18][27/29]正在校对文件（Checking file）： https://raw.communitydragon.org/latest/plugins/rcp-be-lol-game-data/global/zh_cn/v1/tfttrovestablesnames.json
[2025-09-11 10-42-38][9/18][28/29]正在校对文件（Checking file）： https://raw.communitydragon.org/latest/plugins/rcp-be-lol-game-data/global/zh_cn/v1/universes.json
[2025-09-11 10-42-39][9/18][29/29]正在校对文件（Checking file）： https://raw.communitydragon.org/latest/plugins/rcp-be-lol-game-data/global/zh_cn/v1/ward-skins.json
[2025-09-11 10-42-40][10/18]正在检查文件夹（Checking the folder）：https://raw.communitydragon.org/pbe/
[2025-09-11 10-42-40]页面新文件列表如下：
New file list is as follows: 
             file                size        web_date         web_timestamp        local_date          local_timestamp   
 compat-version-metadata.json    62 B    2025-Sep-10 20:57    1757509020.0     2025-09-10 14-26-06    1757485566.8555088 
    content-metadata.json        64 B    2025-Sep-10 20:57    1757509020.0     2025-09-10 14-26-07    1757485567.3832898 
[2025-09-11 10-42-40][10/18][1/2]正在校对文件（Checking file）： https://raw.communitydragon.org/pbe/compat-version-metadata.json
[2025-09-11 10-42-41]已更新文件（Updated file）：离线数据（Offline Data）/cdragon/pbe/compat-version-metadata.json
[2025-09-11 10-42-41][10/18][2/2]正在校对文件（Checking file）： https://raw.communitydragon.org/pbe/content-metadata.json
[2025-09-11 10-42-42]已更新文件（Updated file）：离线数据（Offline Data）/cdragon/pbe/content-metadata.json
[2025-09-11 10-42-42][11/18]正在检查文件夹（Checking the folder）：https://raw.communitydragon.org/pbe/cdragon/arena/
[2025-09-11 10-42-42]页面新文件列表如下：
New file list is as follows: 
    file         size           web_date         web_timestamp        local_date          local_timestamp   
 en_us.json    232.6 KiB    2025-Sep-10 20:59    1757509140.0     2025-09-10 14-26-09    1757485569.064899  
 zh_cn.json    235.8 KiB    2025-Sep-10 20:59    1757509140.0     2025-09-10 14-26-14    1757485574.9792306 
[2025-09-11 10-42-42][11/18][1/2]正在校对文件（Checking file）： https://raw.communitydragon.org/pbe/cdragon/arena/en_us.json
[2025-09-11 10-42-43]已更新文件（Updated file）：离线数据（Offline Data）/cdragon/pbe/cdragon/arena/en_us.json
[2025-09-11 10-42-43][11/18][2/2]正在校对文件（Checking file）： https://raw.communitydragon.org/pbe/cdragon/arena/zh_cn.json
[2025-09-11 10-42-45]已更新文件（Updated file）：离线数据（Offline Data）/cdragon/pbe/cdragon/arena/zh_cn.json
[2025-09-11 10-42-45][12/18]正在检查文件夹（Checking the folder）：https://raw.communitydragon.org/pbe/cdragon/tft/
[2025-09-11 10-42-45]页面新文件列表如下：
New file list is as follows: 
    file         size          web_date         web_timestamp        local_date          local_timestamp   
 en_us.json    19.5 MiB    2025-Sep-10 20:59    1757509140.0     2025-09-10 14-26-28    1757485588.4476683 
 zh_cn.json    19.6 MiB    2025-Sep-10 20:59    1757509140.0     2025-09-10 14-26-33    1757485593.4932177 
[2025-09-11 10-42-45][12/18][1/2]正在校对文件（Checking file）： https://raw.communitydragon.org/pbe/cdragon/tft/en_us.json
[2025-09-11 10-42-48]已更新文件（Updated file）：离线数据（Offline Data）/cdragon/pbe/cdragon/tft/en_us.json
[2025-09-11 10-42-48][12/18][2/2]正在校对文件（Checking file）： https://raw.communitydragon.org/pbe/cdragon/tft/zh_cn.json
[2025-09-11 10-42-52]已更新文件（Updated file）：离线数据（Offline Data）/cdragon/pbe/cdragon/tft/zh_cn.json
[2025-09-11 10-42-52][13/18]正在检查文件夹（Checking the folder）：https://raw.communitydragon.org/pbe/plugins/rcp-be-lol-game-data/global/default/v1/champions/
[2025-09-11 10-42-52]页面新文件列表如下：
New file list is as follows: 
Empty DataFrame
Columns: [file, size, web_date, web_timestamp, local_date, local_timestamp]
Index: []
[2025-09-11 10-42-52][14/18]正在检查文件夹（Checking the folder）：https://raw.communitydragon.org/pbe/plugins/rcp-be-lol-game-data/global/default/v1/map-assets/
[2025-09-11 10-42-53]页面新文件列表如下：
New file list is as follows: 
      file            size           web_date         web_timestamp        local_date          local_timestamp   
 map-assets.json    166.2 KiB    2025-Sep-10 20:58    1757509080.0     2025-09-10 14-27-16    1757485636.7287996 
[2025-09-11 10-42-53][14/18][1/1]正在校对文件（Checking file）： https://raw.communitydragon.org/pbe/plugins/rcp-be-lol-game-data/global/default/v1/map-assets/map-assets.json
[2025-09-11 10-42-54]已更新文件（Updated file）：离线数据（Offline Data）/cdragon/pbe/plugins/rcp-be-lol-game-data/global/default/v1/map-assets/map-assets.json
[2025-09-11 10-42-54][15/18]正在检查文件夹（Checking the folder）：https://raw.communitydragon.org/pbe/plugins/rcp-be-lol-game-data/global/default/v1/
[2025-09-11 10-42-55]页面新文件列表如下：
New file list is as follows: 
                file                     size           web_date         web_timestamp        local_date          local_timestamp   
 champion-rune-recommendations.json    349.7 KiB    2025-Sep-10 20:58    1757509080.0     2025-09-10 14-27-18    1757485638.3923671 
        cherry-augments.json           50.6 KiB     2025-Sep-10 20:58    1757509080.0     2025-08-13 13-00-05    1755061205.7574902 
             items.json                495.3 KiB    2025-Sep-10 20:58    1757509080.0     2025-09-10 14-27-42    1757485662.2025208 
    tftcapmissioncollection.json       133.2 KiB    2025-Sep-10 20:58    1757509080.0     2025-09-10 14-28-26    1757485706.875577  
        tfteventpvehub.json             8.5 KiB     2025-Sep-10 20:58    1757509080.0     2025-09-10 14-29-00    1757485740.865016  
           tftitems.json               415.8 KiB    2025-Sep-10 20:58    1757509080.0     2025-09-10 14-29-06    1757485746.8778334 
        tftjourneytrack.json             355 B      2025-Sep-10 20:58    1757509080.0     2025-09-10 14-29-12    1757485752.1542084 
[2025-09-11 10-42-55][15/18][1/7]正在校对文件（Checking file）： https://raw.communitydragon.org/pbe/plugins/rcp-be-lol-game-data/global/default/v1/champion-rune-recommendations.json
[2025-09-11 10-42-56]已更新文件（Updated file）：离线数据（Offline Data）/cdragon/pbe/plugins/rcp-be-lol-game-data/global/default/v1/champion-rune-recommendations.json
[2025-09-11 10-42-56][15/18][2/7]正在校对文件（Checking file）： https://raw.communitydragon.org/pbe/plugins/rcp-be-lol-game-data/global/default/v1/cherry-augments.json
[2025-09-11 10-42-57]已更新文件（Updated file）：离线数据（Offline Data）/cdragon/pbe/plugins/rcp-be-lol-game-data/global/default/v1/cherry-augments.json
[2025-09-11 10-42-57][15/18][3/7]正在校对文件（Checking file）： https://raw.communitydragon.org/pbe/plugins/rcp-be-lol-game-data/global/default/v1/items.json
[2025-09-11 10-42-58]已更新文件（Updated file）：离线数据（Offline Data）/cdragon/pbe/plugins/rcp-be-lol-game-data/global/default/v1/items.json
[2025-09-11 10-42-58][15/18][4/7]正在校对文件（Checking file）： https://raw.communitydragon.org/pbe/plugins/rcp-be-lol-game-data/global/default/v1/tftcapmissioncollection.json
[2025-09-11 10-42-59]已更新文件（Updated file）：离线数据（Offline Data）/cdragon/pbe/plugins/rcp-be-lol-game-data/global/default/v1/tftcapmissioncollection.json
[2025-09-11 10-42-59][15/18][5/7]正在校对文件（Checking file）： https://raw.communitydragon.org/pbe/plugins/rcp-be-lol-game-data/global/default/v1/tfteventpvehub.json
[2025-09-11 10-42-59]已更新文件（Updated file）：离线数据（Offline Data）/cdragon/pbe/plugins/rcp-be-lol-game-data/global/default/v1/tfteventpvehub.json
[2025-09-11 10-42-59][15/18][6/7]正在校对文件（Checking file）： https://raw.communitydragon.org/pbe/plugins/rcp-be-lol-game-data/global/default/v1/tftitems.json
[2025-09-11 10-43-00]已更新文件（Updated file）：离线数据（Offline Data）/cdragon/pbe/plugins/rcp-be-lol-game-data/global/default/v1/tftitems.json
[2025-09-11 10-43-00][15/18][7/7]正在校对文件（Checking file）： https://raw.communitydragon.org/pbe/plugins/rcp-be-lol-game-data/global/default/v1/tftjourneytrack.json
[2025-09-11 10-43-01][16/18]正在检查文件夹（Checking the folder）：https://raw.communitydragon.org/pbe/plugins/rcp-be-lol-game-data/global/zh_cn/v1/champions/
[2025-09-11 10-43-02]页面新文件列表如下：
New file list is as follows: 
Empty DataFrame
Columns: [file, size, web_date, web_timestamp, local_date, local_timestamp]
Index: []
[2025-09-11 10-43-02][17/18]正在检查文件夹（Checking the folder）：https://raw.communitydragon.org/pbe/plugins/rcp-be-lol-game-data/global/zh_cn/v1/map-assets/
[2025-09-11 10-43-02]页面新文件列表如下：
New file list is as follows: 
Empty DataFrame
Columns: [file, size, web_date, web_timestamp, local_date, local_timestamp]
Index: []
[2025-09-11 10-43-02][18/18]正在检查文件夹（Checking the folder）：https://raw.communitydragon.org/pbe/plugins/rcp-be-lol-game-data/global/zh_cn/v1/
[2025-09-11 10-43-03]页面新文件列表如下：
New file list is as follows: 
              file                   size           web_date         web_timestamp        local_date          local_timestamp   
      cherry-augments.json         50.4 KiB     2025-Sep-10 20:58    1757509080.0     2025-08-13 13-01-11    1755061271.3426714 
        companions.json            958.2 KiB    2025-Sep-10 20:58    1757509080.0     2025-09-10 14-30-40    1757485840.097457  
           items.json              494.9 KiB    2025-Sep-10 20:58    1757509080.0     2025-09-10 14-30-46    1757485846.9131932 
           loot.json                3.0 MiB     2025-Sep-10 20:58    1757509080.0     2025-09-10 14-30-53    1757485853.4072783 
      summoner-emotes.json         536.5 KiB    2025-Sep-10 20:58    1757509080.0     2025-09-10 14-31-32    1757485892.3056452 
      summoner-icons.json           1.8 MiB     2025-Sep-10 20:58    1757509080.0     2025-09-10 14-31-38    1757485898.962888  
  tftcapmissioncollection.json     139.5 KiB    2025-Sep-10 20:58    1757509080.0     2025-09-10 14-31-43    1757485903.3306477 
   tftchemtechstoredata.json        7.5 KiB     2025-Sep-10 20:58    1757509080.0     2025-09-10 14-31-44    1757485904.3116102 
     tfteventpvebuddy.json         23.1 KiB     2025-Sep-10 20:58    1757509080.0     2025-09-10 14-31-47    1757485907.0468104 
         tftitems.json             415.6 KiB    2025-Sep-10 20:58    1757509080.0     2025-09-10 14-31-48    1757485908.764474  
 tftrotationalshopitemdata.json     1.9 MiB     2025-Sep-10 20:58    1757509080.0     2025-09-10 14-31-52    1757485912.5922446 
   tfttrovestablesnames.json       390.1 KiB    2025-Sep-10 20:58    1757509080.0     2025-09-10 14-31-59    1757485919.1289074 
[2025-09-11 10-43-03][18/18][1/12]正在校对文件（Checking file）： https://raw.communitydragon.org/pbe/plugins/rcp-be-lol-game-data/global/zh_cn/v1/cherry-augments.json
[2025-09-11 10-43-04]已更新文件（Updated file）：离线数据（Offline Data）/cdragon/pbe/plugins/rcp-be-lol-game-data/global/zh_cn/v1/cherry-augments.json
[2025-09-11 10-43-04][18/18][2/12]正在校对文件（Checking file）： https://raw.communitydragon.org/pbe/plugins/rcp-be-lol-game-data/global/zh_cn/v1/companions.json
[2025-09-11 10-43-05]已更新文件（Updated file）：离线数据（Offline Data）/cdragon/pbe/plugins/rcp-be-lol-game-data/global/zh_cn/v1/companions.json
[2025-09-11 10-43-05][18/18][3/12]正在校对文件（Checking file）： https://raw.communitydragon.org/pbe/plugins/rcp-be-lol-game-data/global/zh_cn/v1/items.json
[2025-09-11 10-43-06]已更新文件（Updated file）：离线数据（Offline Data）/cdragon/pbe/plugins/rcp-be-lol-game-data/global/zh_cn/v1/items.json
[2025-09-11 10-43-06][18/18][4/12]正在校对文件（Checking file）： https://raw.communitydragon.org/pbe/plugins/rcp-be-lol-game-data/global/zh_cn/v1/loot.json
[2025-09-11 10-43-09]已更新文件（Updated file）：离线数据（Offline Data）/cdragon/pbe/plugins/rcp-be-lol-game-data/global/zh_cn/v1/loot.json
[2025-09-11 10-43-09][18/18][5/12]正在校对文件（Checking file）： https://raw.communitydragon.org/pbe/plugins/rcp-be-lol-game-data/global/zh_cn/v1/summoner-emotes.json
[2025-09-11 10-43-10]已更新文件（Updated file）：离线数据（Offline Data）/cdragon/pbe/plugins/rcp-be-lol-game-data/global/zh_cn/v1/summoner-emotes.json
[2025-09-11 10-43-10][18/18][6/12]正在校对文件（Checking file）： https://raw.communitydragon.org/pbe/plugins/rcp-be-lol-game-data/global/zh_cn/v1/summoner-icons.json
[2025-09-11 10-43-13]已更新文件（Updated file）：离线数据（Offline Data）/cdragon/pbe/plugins/rcp-be-lol-game-data/global/zh_cn/v1/summoner-icons.json
[2025-09-11 10-43-13][18/18][7/12]正在校对文件（Checking file）： https://raw.communitydragon.org/pbe/plugins/rcp-be-lol-game-data/global/zh_cn/v1/tftcapmissioncollection.json
[2025-09-11 10-43-14]已更新文件（Updated file）：离线数据（Offline Data）/cdragon/pbe/plugins/rcp-be-lol-game-data/global/zh_cn/v1/tftcapmissioncollection.json
[2025-09-11 10-43-14][18/18][8/12]正在校对文件（Checking file）： https://raw.communitydragon.org/pbe/plugins/rcp-be-lol-game-data/global/zh_cn/v1/tftchemtechstoredata.json
[2025-09-11 10-43-14]已更新文件（Updated file）：离线数据（Offline Data）/cdragon/pbe/plugins/rcp-be-lol-game-data/global/zh_cn/v1/tftchemtechstoredata.json
[2025-09-11 10-43-14][18/18][9/12]正在校对文件（Checking file）： https://raw.communitydragon.org/pbe/plugins/rcp-be-lol-game-data/global/zh_cn/v1/tfteventpvebuddy.json
[2025-09-11 10-43-15]已更新文件（Updated file）：离线数据（Offline Data）/cdragon/pbe/plugins/rcp-be-lol-game-data/global/zh_cn/v1/tfteventpvebuddy.json
[2025-09-11 10-43-15][18/18][10/12]正在校对文件（Checking file）： https://raw.communitydragon.org/pbe/plugins/rcp-be-lol-game-data/global/zh_cn/v1/tftitems.json
[2025-09-11 10-43-16]已更新文件（Updated file）：离线数据（Offline Data）/cdragon/pbe/plugins/rcp-be-lol-game-data/global/zh_cn/v1/tftitems.json
[2025-09-11 10-43-16][18/18][11/12]正在校对文件（Checking file）： https://raw.communitydragon.org/pbe/plugins/rcp-be-lol-game-data/global/zh_cn/v1/tftrotationalshopitemdata.json
[2025-09-11 10-43-18]已更新文件（Updated file）：离线数据（Offline Data）/cdragon/pbe/plugins/rcp-be-lol-game-data/global/zh_cn/v1/tftrotationalshopitemdata.json
[2025-09-11 10-43-18][18/18][12/12]正在校对文件（Checking file）： https://raw.communitydragon.org/pbe/plugins/rcp-be-lol-game-data/global/zh_cn/v1/tfttrovestablesnames.json
[2025-09-11 10-43-18]已更新文件（Updated file）：离线数据（Offline Data）/cdragon/pbe/plugins/rcp-be-lol-game-data/global/zh_cn/v1/tfttrovestablesnames.json
已更新以下29个文件：
Updated the following 29 file(s):
https://raw.communitydragon.org/latest/content-metadata.json
https://raw.communitydragon.org/latest/cdragon/arena/en_us.json
https://raw.communitydragon.org/latest/plugins/rcp-be-lol-game-data/global/default/v1/items.json
https://raw.communitydragon.org/latest/plugins/rcp-be-lol-game-data/global/default/v1/skins.json
https://raw.communitydragon.org/pbe/compat-version-metadata.json
https://raw.communitydragon.org/pbe/content-metadata.json
https://raw.communitydragon.org/pbe/cdragon/arena/en_us.json
https://raw.communitydragon.org/pbe/cdragon/arena/zh_cn.json
https://raw.communitydragon.org/pbe/cdragon/tft/en_us.json
https://raw.communitydragon.org/pbe/cdragon/tft/zh_cn.json
https://raw.communitydragon.org/pbe/plugins/rcp-be-lol-game-data/global/default/v1/map-assets/map-assets.json
https://raw.communitydragon.org/pbe/plugins/rcp-be-lol-game-data/global/default/v1/champion-rune-recommendations.json
https://raw.communitydragon.org/pbe/plugins/rcp-be-lol-game-data/global/default/v1/cherry-augments.json
https://raw.communitydragon.org/pbe/plugins/rcp-be-lol-game-data/global/default/v1/items.json
https://raw.communitydragon.org/pbe/plugins/rcp-be-lol-game-data/global/default/v1/tftcapmissioncollection.json
https://raw.communitydragon.org/pbe/plugins/rcp-be-lol-game-data/global/default/v1/tfteventpvehub.json
https://raw.communitydragon.org/pbe/plugins/rcp-be-lol-game-data/global/default/v1/tftitems.json
https://raw.communitydragon.org/pbe/plugins/rcp-be-lol-game-data/global/zh_cn/v1/cherry-augments.json
https://raw.communitydragon.org/pbe/plugins/rcp-be-lol-game-data/global/zh_cn/v1/companions.json
https://raw.communitydragon.org/pbe/plugins/rcp-be-lol-game-data/global/zh_cn/v1/items.json
https://raw.communitydragon.org/pbe/plugins/rcp-be-lol-game-data/global/zh_cn/v1/loot.json
https://raw.communitydragon.org/pbe/plugins/rcp-be-lol-game-data/global/zh_cn/v1/summoner-emotes.json
https://raw.communitydragon.org/pbe/plugins/rcp-be-lol-game-data/global/zh_cn/v1/summoner-icons.json
https://raw.communitydragon.org/pbe/plugins/rcp-be-lol-game-data/global/zh_cn/v1/tftcapmissioncollection.json
https://raw.communitydragon.org/pbe/plugins/rcp-be-lol-game-data/global/zh_cn/v1/tftchemtechstoredata.json
https://raw.communitydragon.org/pbe/plugins/rcp-be-lol-game-data/global/zh_cn/v1/tfteventpvebuddy.json
https://raw.communitydragon.org/pbe/plugins/rcp-be-lol-game-data/global/zh_cn/v1/tftitems.json
https://raw.communitydragon.org/pbe/plugins/rcp-be-lol-game-data/global/zh_cn/v1/tftrotationalshopitemdata.json
https://raw.communitydragon.org/pbe/plugins/rcp-be-lol-game-data/global/zh_cn/v1/tfttrovestablesnames.json

请选择要更新的数据资源，输入空字符串以退出程序：
Please select the data resource to update, or submit an empty string to exit the program:
1	CommunityDragon
2	DataDragon
[2025-09-11 10-45-44]
[The program has exited!]
