请选择要更新的数据资源，输入空字符串以退出程序：
Please select the data resource to update, or submit an empty string to exit the program:
1	CommunityDragon
2	DataDragon
1
请选择要更新的数据资源：
Please select the data resources to update:
☆1	主要文件（默认）【Major files (by default)】
2	自行指定（Specify manually）
请选择更新模式：
Please select the update mode:
1	全局扫描（Global Scan）
☆2	按修改时间更新（默认）【Updating According to Modification Time (by default)】

请选择一种方式指定修改时间：
Please select a method of specifying the modification time:
☆1	自动获取（默认）【Automatically get (by default)】
2	手动输入（Manually input）

[2025-05-23 15-41-27][1/18]正在检查文件夹（Checking the folder）：https://raw.communitydragon.org/latest/
[2025-05-23 15-41-29]页面新文件列表如下：
New file list is as follows: 
             file                size        web_date         web_timestamp        local_date          local_timestamp   
 compat-version-metadata.json    72 B    2025-May-22 01:31    1747848660.0     2025-05-21 09-01-07    1747789267.3684742 
    content-metadata.json        74 B    2025-May-22 01:31    1747848660.0     2025-05-21 09-01-08    1747789268.2966413 
[2025-05-23 15-41-29][1/18][1/2]正在校对文件（Checking file）： https://raw.communitydragon.org/latest/compat-version-metadata.json
[2025-05-23 15-41-30][1/18][2/2]正在校对文件（Checking file）： https://raw.communitydragon.org/latest/content-metadata.json
[2025-05-23 15-41-31][2/18]正在检查文件夹（Checking the folder）：https://raw.communitydragon.org/latest/cdragon/arena/
[2025-05-23 15-41-32]页面新文件列表如下：
New file list is as follows: 
    file         size           web_date         web_timestamp        local_date          local_timestamp   
 en_us.json    221.7 KiB    2025-May-22 01:53    1747849980.0     2025-05-21 09-01-10    1747789270.4225242 
 zh_cn.json    224.9 KiB    2025-May-22 01:53    1747849980.0     2025-05-21 09-01-11    1747789271.4214966 
[2025-05-23 15-41-32][2/18][1/2]正在校对文件（Checking file）： https://raw.communitydragon.org/latest/cdragon/arena/en_us.json
[2025-05-23 15-41-34][2/18][2/2]正在校对文件（Checking file）： https://raw.communitydragon.org/latest/cdragon/arena/zh_cn.json
[2025-05-23 15-41-36][3/18]正在检查文件夹（Checking the folder）：https://raw.communitydragon.org/latest/cdragon/tft/
[2025-05-23 15-41-37]页面新文件列表如下：
New file list is as follows: 
    file         size          web_date         web_timestamp        local_date          local_timestamp   
 en_us.json    17.8 MiB    2025-May-22 01:53    1747849980.0     2025-05-21 09-01-14    1747789274.9774961 
 zh_cn.json    17.8 MiB    2025-May-22 01:53    1747849980.0     2025-05-21 09-01-17    1747789277.7207382 
[2025-05-23 15-41-37][3/18][1/2]正在校对文件（Checking file）： https://raw.communitydragon.org/latest/cdragon/tft/en_us.json
[2025-05-23 15-41-39][3/18][2/2]正在校对文件（Checking file）： https://raw.communitydragon.org/latest/cdragon/tft/zh_cn.json
[2025-05-23 15-41-43][4/18]正在检查文件夹（Checking the folder）：https://raw.communitydragon.org/latest/plugins/rcp-be-lol-game-data/global/default/v1/champions/
[2025-05-23 15-41-44]页面新文件列表如下：
New file list is as follows: 
   file        size          web_date         web_timestamp        local_date          local_timestamp   
 117.json    37.9 KiB    2025-May-22 01:52    1747849920.0     2025-05-21 09-01-19    1747789279.5989199 
 13.json     33.1 KiB    2025-May-22 01:52    1747849920.0     2025-05-21 09-01-20    1747789280.4497547 
 25.json     50.2 KiB    2025-May-22 01:52    1747849920.0     2025-05-21 09-01-21    1747789281.5087943 
 254.json    35.6 KiB    2025-May-22 01:52    1747849920.0     2025-05-21 09-01-22    1747789282.5697687 
 28.json     44.4 KiB    2025-May-22 01:52    1747849920.0     2025-05-21 09-01-23    1747789283.758533  
 31.json     30.7 KiB    2025-May-22 01:52    1747849920.0     2025-05-21 09-01-24    1747789284.7441564 
 711.json    22.1 KiB    2025-May-22 01:52    1747849920.0     2025-05-21 09-01-25    1747789285.5697224 
 83.json     38.1 KiB    2025-May-22 01:52    1747849920.0     2025-05-21 09-01-26    1747789286.5354607 
 86.json     38.0 KiB    2025-May-22 01:52    1747849920.0     2025-05-21 09-01-27    1747789287.403062  
[2025-05-23 15-41-44][4/18][1/9]正在校对文件（Checking file）： https://raw.communitydragon.org/latest/plugins/rcp-be-lol-game-data/global/default/v1/champions/117.json
[2025-05-23 15-41-45][4/18][2/9]正在校对文件（Checking file）： https://raw.communitydragon.org/latest/plugins/rcp-be-lol-game-data/global/default/v1/champions/13.json
[2025-05-23 15-41-47][4/18][3/9]正在校对文件（Checking file）： https://raw.communitydragon.org/latest/plugins/rcp-be-lol-game-data/global/default/v1/champions/25.json
[2025-05-23 15-41-48][4/18][4/9]正在校对文件（Checking file）： https://raw.communitydragon.org/latest/plugins/rcp-be-lol-game-data/global/default/v1/champions/254.json
[2025-05-23 15-41-49][4/18][5/9]正在校对文件（Checking file）： https://raw.communitydragon.org/latest/plugins/rcp-be-lol-game-data/global/default/v1/champions/28.json
[2025-05-23 15-41-51][4/18][6/9]正在校对文件（Checking file）： https://raw.communitydragon.org/latest/plugins/rcp-be-lol-game-data/global/default/v1/champions/31.json
[2025-05-23 15-41-52][4/18][7/9]正在校对文件（Checking file）： https://raw.communitydragon.org/latest/plugins/rcp-be-lol-game-data/global/default/v1/champions/711.json
[2025-05-23 15-41-53][4/18][8/9]正在校对文件（Checking file）： https://raw.communitydragon.org/latest/plugins/rcp-be-lol-game-data/global/default/v1/champions/83.json
[2025-05-23 15-41-54][4/18][9/9]正在校对文件（Checking file）： https://raw.communitydragon.org/latest/plugins/rcp-be-lol-game-data/global/default/v1/champions/86.json
[2025-05-23 15-41-56][5/18]正在检查文件夹（Checking the folder）：https://raw.communitydragon.org/latest/plugins/rcp-be-lol-game-data/global/default/v1/map-assets/
[2025-05-23 15-41-57]页面新文件列表如下：
New file list is as follows: 
      file            size           web_date         web_timestamp        local_date          local_timestamp   
 map-assets.json    141.3 KiB    2025-May-22 01:52    1747849920.0     2025-05-21 09-01-29    1747789289.2453632 
[2025-05-23 15-41-57][5/18][1/1]正在校对文件（Checking file）： https://raw.communitydragon.org/latest/plugins/rcp-be-lol-game-data/global/default/v1/map-assets/map-assets.json
[2025-05-23 15-41-59][6/18]正在检查文件夹（Checking the folder）：https://raw.communitydragon.org/latest/plugins/rcp-be-lol-game-data/global/default/v1/
[2025-05-23 15-42-00]页面新文件列表如下：
New file list is as follows: 
                file                     size           web_date         web_timestamp        local_date          local_timestamp   
 champion-rune-recommendations.json    326.9 KiB    2025-May-22 01:52    1747849920.0     2025-05-21 09-01-31    1747789291.2284584 
          companions.json              921.0 KiB    2025-May-22 01:52    1747849920.0     2025-05-21 09-01-32    1747789292.6420457 
     csssheet-teamplanner.json         56.3 KiB     2025-May-22 01:52    1747849920.0     2025-05-21 09-01-33    1747789293.4758575 
           event-hub.json              93.0 KiB     2025-May-22 01:52    1747849920.0     2025-05-21 09-01-34    1747789294.5250282 
        generic-assets.json            206.4 KiB    2025-May-22 01:52    1747849920.0     2025-05-21 09-01-35    1747789295.774069  
             items.json                479.2 KiB    2025-May-22 01:52    1747849920.0     2025-05-21 09-01-36    1747789296.9076598 
   leaderboardconfiguration.json         224 B      2025-May-22 01:52    1747849920.0     2025-05-21 09-01-38    1747789298.3257723 
          lolcurrency.json              1.2 KiB     2025-May-22 01:52    1747849920.0     2025-05-21 09-01-39    1747789299.5594504 
       lolinventorytype.json           14.6 KiB     2025-May-22 01:52    1747849920.0     2025-05-21 09-01-40    1747789300.7109208 
             loot.json                  2.9 MiB     2025-May-22 01:52    1747849920.0     2025-05-21 09-01-42    1747789302.9278822 
             maps.json                  1.6 KiB     2025-May-22 01:52    1747849920.0     2025-05-21 09-01-44     1747789304.08982  
        mission-assets.json            32.6 KiB     2025-May-22 01:52    1747849920.0     2025-05-21 09-01-45    1747789305.5641541 
         nachorewards.json               875 B      2025-May-22 01:52    1747849920.0     2025-05-21 09-01-46    1747789306.6071613 
          objectives.json               5.4 KiB     2025-May-22 01:52    1747849920.0     2025-05-21 09-01-47    1747789307.8011563 
             perks.json                96.4 KiB     2025-May-22 01:52    1747849920.0     2025-05-21 09-01-49    1747789309.3810308 
         profile-icons.json            331.4 KiB    2025-May-22 01:52    1747849920.0     2025-05-21 09-01-50    1747789310.779166  
            queues.json                72.2 KiB     2025-May-22 01:52    1747849920.0     2025-05-21 09-01-51    1747789311.9118836 
            regalia.json               24.9 KiB     2025-May-22 01:52    1747849920.0     2025-05-21 09-01-53     1747789313.01112  
            rewards.json               787.7 KiB    2025-May-22 01:52    1747849920.0     2025-05-21 09-01-54    1747789314.4852397 
          skinborders.json              9.5 KiB     2025-May-22 01:52    1747849920.0     2025-05-21 09-01-55    1747789315.5180025 
           skinlines.json              54.7 KiB     2025-May-22 01:52    1747849920.0     2025-05-21 09-01-56    1747789316.8206608 
             skins.json                 4.4 MiB     2025-May-22 01:52    1747849920.0     2025-05-21 09-01-59    1747789319.0375826 
    stylesheet-teamplanner.json         5.2 KiB     2025-May-22 01:52    1747849920.0     2025-05-21 09-02-00    1747789320.1461034 
        summoner-emotes.json           459.1 KiB    2025-May-22 01:52    1747849920.0     2025-05-21 09-02-01    1747789321.7297406 
        summoner-icons.json             1.9 MiB     2025-May-22 01:52    1747849920.0     2025-05-21 09-02-03    1747789323.619878  
        summoner-spells.json            7.2 KiB     2025-May-22 01:52    1747849920.0     2025-05-21 09-02-04    1747789324.8124502 
   tftchampions-teamplanner.json       57.3 KiB     2025-May-22 01:52    1747849920.0     2025-05-21 09-02-05    1747789325.9974716 
         tftchampions.json             80.3 KiB     2025-May-22 01:52    1747849920.0     2025-05-21 09-02-07    1747789327.086829  
        tftcontentdata.json            666.6 KiB    2025-May-22 01:52    1747849920.0     2025-05-21 09-02-08    1747789328.7724938 
        tftdamageskins.json            85.2 KiB     2025-May-22 01:52    1747849920.0     2025-05-21 09-02-10    1747789330.0401633 
           tftitems.json               384.3 KiB    2025-May-22 01:52    1747849920.0     2025-05-21 09-02-11    1747789331.7601962 
        tftpass-assets.json            22.7 KiB     2025-May-22 01:52    1747849920.0     2025-05-21 09-02-12    1747789332.7908587 
       tftregionportals.json           17.1 KiB     2025-May-22 01:52    1747849920.0     2025-05-21 09-02-13    1747789333.8181803 
   tftrotationalshopitemdata.json       1.7 MiB     2025-May-22 01:52    1747849920.0     2025-05-21 09-02-15    1747789335.4929874 
            tftsets.json                4.2 KiB     2025-May-22 01:52    1747849920.0     2025-05-21 09-02-16    1747789336.5439234 
         tftskilltree.json             22.2 KiB     2025-May-22 01:52    1747849920.0     2025-05-21 09-02-17    1747789337.6629257 
           tfttraits.json              289.8 KiB    2025-May-22 01:52    1747849920.0     2025-05-21 09-02-19    1747789339.178016  
    tfttrovesbannerrewards.json        796.1 KiB    2025-May-22 01:52    1747849920.0     2025-05-21 09-02-20    1747789340.8779724 
       tfttrovesbanners.json           134.3 KiB    2025-May-22 01:52    1747849920.0     2025-05-21 09-02-21     1747789341.98329  
     tfttrovestablesnames.json         359.8 KiB    2025-May-22 01:52    1747849920.0     2025-05-21 09-02-23    1747789343.6143963 
         tftzoomskins.json              5.9 KiB     2025-May-22 01:52    1747849920.0     2025-05-21 09-02-24     1747789344.58857  
[2025-05-23 15-42-00][6/18][1/41]正在校对文件（Checking file）： https://raw.communitydragon.org/latest/plugins/rcp-be-lol-game-data/global/default/v1/champion-rune-recommendations.json
[2025-05-23 15-42-02][6/18][2/41]正在校对文件（Checking file）： https://raw.communitydragon.org/latest/plugins/rcp-be-lol-game-data/global/default/v1/companions.json
[2025-05-23 15-42-03][6/18][3/41]正在校对文件（Checking file）： https://raw.communitydragon.org/latest/plugins/rcp-be-lol-game-data/global/default/v1/csssheet-teamplanner.json
[2025-05-23 15-42-05][6/18][4/41]正在校对文件（Checking file）： https://raw.communitydragon.org/latest/plugins/rcp-be-lol-game-data/global/default/v1/event-hub.json
[2025-05-23 15-42-06][6/18][5/41]正在校对文件（Checking file）： https://raw.communitydragon.org/latest/plugins/rcp-be-lol-game-data/global/default/v1/generic-assets.json
[2025-05-23 15-42-08][6/18][6/41]正在校对文件（Checking file）： https://raw.communitydragon.org/latest/plugins/rcp-be-lol-game-data/global/default/v1/items.json
[2025-05-23 15-42-09][6/18][7/41]正在校对文件（Checking file）： https://raw.communitydragon.org/latest/plugins/rcp-be-lol-game-data/global/default/v1/leaderboardconfiguration.json
[2025-05-23 15-42-10][6/18][8/41]正在校对文件（Checking file）： https://raw.communitydragon.org/latest/plugins/rcp-be-lol-game-data/global/default/v1/lolcurrency.json
[2025-05-23 15-42-11][6/18][9/41]正在校对文件（Checking file）： https://raw.communitydragon.org/latest/plugins/rcp-be-lol-game-data/global/default/v1/lolinventorytype.json
[2025-05-23 15-42-13][6/18][10/41]正在校对文件（Checking file）： https://raw.communitydragon.org/latest/plugins/rcp-be-lol-game-data/global/default/v1/loot.json
[2025-05-23 15-42-15][6/18][11/41]正在校对文件（Checking file）： https://raw.communitydragon.org/latest/plugins/rcp-be-lol-game-data/global/default/v1/maps.json
[2025-05-23 15-42-16][6/18][12/41]正在校对文件（Checking file）： https://raw.communitydragon.org/latest/plugins/rcp-be-lol-game-data/global/default/v1/mission-assets.json
[2025-05-23 15-42-17][6/18][13/41]正在校对文件（Checking file）： https://raw.communitydragon.org/latest/plugins/rcp-be-lol-game-data/global/default/v1/nachorewards.json
[2025-05-23 15-42-19][6/18][14/41]正在校对文件（Checking file）： https://raw.communitydragon.org/latest/plugins/rcp-be-lol-game-data/global/default/v1/objectives.json
[2025-05-23 15-42-20][6/18][15/41]正在校对文件（Checking file）： https://raw.communitydragon.org/latest/plugins/rcp-be-lol-game-data/global/default/v1/perks.json
[2025-05-23 15-42-22][6/18][16/41]正在校对文件（Checking file）： https://raw.communitydragon.org/latest/plugins/rcp-be-lol-game-data/global/default/v1/profile-icons.json
[2025-05-23 15-42-23][6/18][17/41]正在校对文件（Checking file）： https://raw.communitydragon.org/latest/plugins/rcp-be-lol-game-data/global/default/v1/queues.json
[2025-05-23 15-42-24][6/18][18/41]正在校对文件（Checking file）： https://raw.communitydragon.org/latest/plugins/rcp-be-lol-game-data/global/default/v1/regalia.json
[2025-05-23 15-42-25][6/18][19/41]正在校对文件（Checking file）： https://raw.communitydragon.org/latest/plugins/rcp-be-lol-game-data/global/default/v1/rewards.json
[2025-05-23 15-42-27][6/18][20/41]正在校对文件（Checking file）： https://raw.communitydragon.org/latest/plugins/rcp-be-lol-game-data/global/default/v1/skinborders.json
[2025-05-23 15-42-28][6/18][21/41]正在校对文件（Checking file）： https://raw.communitydragon.org/latest/plugins/rcp-be-lol-game-data/global/default/v1/skinlines.json
[2025-05-23 15-42-30][6/18][22/41]正在校对文件（Checking file）： https://raw.communitydragon.org/latest/plugins/rcp-be-lol-game-data/global/default/v1/skins.json
[2025-05-23 15-42-31][6/18][23/41]正在校对文件（Checking file）： https://raw.communitydragon.org/latest/plugins/rcp-be-lol-game-data/global/default/v1/stylesheet-teamplanner.json
[2025-05-23 15-42-32][6/18][24/41]正在校对文件（Checking file）： https://raw.communitydragon.org/latest/plugins/rcp-be-lol-game-data/global/default/v1/summoner-emotes.json
[2025-05-23 15-42-34][6/18][25/41]正在校对文件（Checking file）： https://raw.communitydragon.org/latest/plugins/rcp-be-lol-game-data/global/default/v1/summoner-icons.json
[2025-05-23 15-42-36][6/18][26/41]正在校对文件（Checking file）： https://raw.communitydragon.org/latest/plugins/rcp-be-lol-game-data/global/default/v1/summoner-spells.json
[2025-05-23 15-42-38][6/18][27/41]正在校对文件（Checking file）： https://raw.communitydragon.org/latest/plugins/rcp-be-lol-game-data/global/default/v1/tftchampions-teamplanner.json
无法连接到代理！正在尝试第1次重新获取数据！
Cannot connect to proxy! Trying to recapture the data with url: https://raw.communitydragon.org/latest/plugins/rcp-be-lol-game-data/global/default/v1/tftchampions-teamplanner.json. Time(s) tried: 1
[2025-05-23 15-42-39][6/18][28/41]正在校对文件（Checking file）： https://raw.communitydragon.org/latest/plugins/rcp-be-lol-game-data/global/default/v1/tftchampions.json
[2025-05-23 15-42-40][6/18][29/41]正在校对文件（Checking file）： https://raw.communitydragon.org/latest/plugins/rcp-be-lol-game-data/global/default/v1/tftcontentdata.json
[2025-05-23 15-42-41][6/18][30/41]正在校对文件（Checking file）： https://raw.communitydragon.org/latest/plugins/rcp-be-lol-game-data/global/default/v1/tftdamageskins.json
[2025-05-23 15-42-42][6/18][31/41]正在校对文件（Checking file）： https://raw.communitydragon.org/latest/plugins/rcp-be-lol-game-data/global/default/v1/tftitems.json
[2025-05-23 15-42-43][6/18][32/41]正在校对文件（Checking file）： https://raw.communitydragon.org/latest/plugins/rcp-be-lol-game-data/global/default/v1/tftpass-assets.json
[2025-05-23 15-42-44][6/18][33/41]正在校对文件（Checking file）： https://raw.communitydragon.org/latest/plugins/rcp-be-lol-game-data/global/default/v1/tftregionportals.json
[2025-05-23 15-42-45][6/18][34/41]正在校对文件（Checking file）： https://raw.communitydragon.org/latest/plugins/rcp-be-lol-game-data/global/default/v1/tftrotationalshopitemdata.json
[2025-05-23 15-42-46][6/18][35/41]正在校对文件（Checking file）： https://raw.communitydragon.org/latest/plugins/rcp-be-lol-game-data/global/default/v1/tftsets.json
[2025-05-23 15-42-47][6/18][36/41]正在校对文件（Checking file）： https://raw.communitydragon.org/latest/plugins/rcp-be-lol-game-data/global/default/v1/tftskilltree.json
[2025-05-23 15-42-48][6/18][37/41]正在校对文件（Checking file）： https://raw.communitydragon.org/latest/plugins/rcp-be-lol-game-data/global/default/v1/tfttraits.json
[2025-05-23 15-42-49][6/18][38/41]正在校对文件（Checking file）： https://raw.communitydragon.org/latest/plugins/rcp-be-lol-game-data/global/default/v1/tfttrovesbannerrewards.json
[2025-05-23 15-42-51][6/18][39/41]正在校对文件（Checking file）： https://raw.communitydragon.org/latest/plugins/rcp-be-lol-game-data/global/default/v1/tfttrovesbanners.json
[2025-05-23 15-42-52][6/18][40/41]正在校对文件（Checking file）： https://raw.communitydragon.org/latest/plugins/rcp-be-lol-game-data/global/default/v1/tfttrovestablesnames.json
[2025-05-23 15-42-53][6/18][41/41]正在校对文件（Checking file）： https://raw.communitydragon.org/latest/plugins/rcp-be-lol-game-data/global/default/v1/tftzoomskins.json
[2025-05-23 15-42-54][7/18]正在检查文件夹（Checking the folder）：https://raw.communitydragon.org/latest/plugins/rcp-be-lol-game-data/global/zh_cn/v1/champions/
[2025-05-23 15-42-55]页面新文件列表如下：
New file list is as follows: 
   file        size          web_date         web_timestamp        local_date          local_timestamp   
 117.json    39.9 KiB    2025-May-22 01:52    1747849920.0     2025-05-21 09-02-27    1747789347.1529992 
 13.json     35.2 KiB    2025-May-22 01:52    1747849920.0     2025-05-21 09-02-28    1747789348.2232604 
 25.json     52.7 KiB    2025-May-22 01:52    1747849920.0     2025-05-21 09-02-29    1747789349.281579  
 254.json    37.3 KiB    2025-May-22 01:52    1747849920.0     2025-05-21 09-02-30    1747789350.6023538 
 28.json     46.6 KiB    2025-May-22 01:52    1747849920.0     2025-05-21 09-02-31    1747789351.7430706 
 31.json     31.8 KiB    2025-May-22 01:52    1747849920.0     2025-05-21 09-02-33    1747789353.078146  
 711.json    22.8 KiB    2025-May-22 01:52    1747849920.0     2025-05-21 09-02-34    1747789354.292389  
 79.json     38.1 KiB    2025-May-22 01:52    1747849920.0     2025-05-21 09-02-35    1747789355.4242878 
 83.json     38.9 KiB    2025-May-22 01:52    1747849920.0     2025-05-21 09-02-36    1747789356.5287137 
 86.json     40.3 KiB    2025-May-22 01:52    1747849920.0     2025-05-21 09-02-37    1747789357.6277475 
[2025-05-23 15-42-55][7/18][1/10]正在校对文件（Checking file）： https://raw.communitydragon.org/latest/plugins/rcp-be-lol-game-data/global/zh_cn/v1/champions/117.json
[2025-05-23 15-42-55][7/18][2/10]正在校对文件（Checking file）： https://raw.communitydragon.org/latest/plugins/rcp-be-lol-game-data/global/zh_cn/v1/champions/13.json
[2025-05-23 15-42-56][7/18][3/10]正在校对文件（Checking file）： https://raw.communitydragon.org/latest/plugins/rcp-be-lol-game-data/global/zh_cn/v1/champions/25.json
[2025-05-23 15-42-57][7/18][4/10]正在校对文件（Checking file）： https://raw.communitydragon.org/latest/plugins/rcp-be-lol-game-data/global/zh_cn/v1/champions/254.json
[2025-05-23 15-42-58][7/18][5/10]正在校对文件（Checking file）： https://raw.communitydragon.org/latest/plugins/rcp-be-lol-game-data/global/zh_cn/v1/champions/28.json
[2025-05-23 15-42-59][7/18][6/10]正在校对文件（Checking file）： https://raw.communitydragon.org/latest/plugins/rcp-be-lol-game-data/global/zh_cn/v1/champions/31.json
[2025-05-23 15-43-00][7/18][7/10]正在校对文件（Checking file）： https://raw.communitydragon.org/latest/plugins/rcp-be-lol-game-data/global/zh_cn/v1/champions/711.json
[2025-05-23 15-43-01][7/18][8/10]正在校对文件（Checking file）： https://raw.communitydragon.org/latest/plugins/rcp-be-lol-game-data/global/zh_cn/v1/champions/79.json
[2025-05-23 15-43-02][7/18][9/10]正在校对文件（Checking file）： https://raw.communitydragon.org/latest/plugins/rcp-be-lol-game-data/global/zh_cn/v1/champions/83.json
[2025-05-23 15-43-03][7/18][10/10]正在校对文件（Checking file）： https://raw.communitydragon.org/latest/plugins/rcp-be-lol-game-data/global/zh_cn/v1/champions/86.json
[2025-05-23 15-43-04][8/18]正在检查文件夹（Checking the folder）：https://raw.communitydragon.org/latest/plugins/rcp-be-lol-game-data/global/zh_cn/v1/map-assets/
[2025-05-23 15-43-05]页面新文件列表如下：
New file list is as follows: 
      file            size           web_date         web_timestamp        local_date          local_timestamp   
 map-assets.json    142.1 KiB    2025-May-22 01:52    1747849920.0     2025-05-21 09-02-40    1747789360.3995488 
[2025-05-23 15-43-05][8/18][1/1]正在校对文件（Checking file）： https://raw.communitydragon.org/latest/plugins/rcp-be-lol-game-data/global/zh_cn/v1/map-assets/map-assets.json
[2025-05-23 15-43-06][9/18]正在检查文件夹（Checking the folder）：https://raw.communitydragon.org/latest/plugins/rcp-be-lol-game-data/global/zh_cn/v1/
[2025-05-23 15-43-07]页面新文件列表如下：
New file list is as follows: 
              file                   size           web_date         web_timestamp        local_date          local_timestamp   
     achievementtitles.json        99.3 KiB     2025-May-22 01:52    1747849920.0     2025-05-21 09-02-43    1747789363.2339027 
        challenges.json            616.8 KiB    2025-May-22 01:52    1747849920.0     2025-05-21 09-02-44    1747789364.9220147 
        companions.json            925.9 KiB    2025-May-22 01:52    1747849920.0     2025-05-21 09-02-46    1747789366.6247854 
         event-hub.json            93.8 KiB     2025-May-22 01:52    1747849920.0     2025-05-21 09-02-48    1747789368.1883934 
      generic-assets.json          206.4 KiB    2025-May-22 01:52    1747849920.0     2025-05-21 09-02-49    1747789369.6998217 
           items.json              479.2 KiB    2025-May-22 01:52    1747849920.0     2025-05-21 09-02-51    1747789371.194904  
 leaderboardconfiguration.json       224 B      2025-May-22 01:52    1747849920.0     2025-05-21 09-02-52    1747789372.316349  
        lolcurrency.json            1.2 KiB     2025-May-22 01:52    1747849920.0     2025-05-21 09-02-53    1747789373.4687562 
           loot.json                3.0 MiB     2025-May-22 01:52    1747849920.0     2025-05-21 09-02-55    1747789375.4350276 
           maps.json                1.6 KiB     2025-May-22 01:52    1747849920.0     2025-05-21 09-02-56    1747789376.600768  
      mission-assets.json          32.6 KiB     2025-May-22 01:52    1747849920.0     2025-05-21 09-02-57    1747789377.7418206 
       nachorewards.json             851 B      2025-May-22 01:52    1747849920.0     2025-05-21 09-02-58    1747789378.8892136 
        objectives.json             5.4 KiB     2025-May-22 01:52    1747849920.0     2025-05-21 09-03-00    1747789380.0042422 
           perks.json              98.8 KiB     2025-May-22 01:52    1747849920.0     2025-05-21 09-03-01    1747789381.338611  
       profile-icons.json          331.4 KiB    2025-May-22 01:52    1747849920.0     2025-05-21 09-03-02    1747789382.6379247 
          queues.json              75.4 KiB     2025-May-22 01:52    1747849920.0     2025-05-21 09-03-03    1747789383.665852  
          regalia.json             24.9 KiB     2025-May-22 01:52    1747849920.0     2025-05-21 09-03-04    1747789384.7526984 
        skinborders.json            9.7 KiB     2025-May-22 01:52    1747849920.0     2025-05-21 09-03-05    1747789385.9798305 
         skinlines.json            54.1 KiB     2025-May-22 01:52    1747849920.0     2025-05-21 09-03-07    1747789387.4929602 
           skins.json               4.7 MiB     2025-May-22 01:52    1747849920.0     2025-05-21 09-03-09    1747789389.813661  
  stylesheet-teamplanner.json       5.2 KiB     2025-May-22 01:52    1747849920.0     2025-05-21 09-03-10    1747789390.8622224 
      summoner-emotes.json         467.3 KiB    2025-May-22 01:52    1747849920.0     2025-05-21 09-03-12    1747789392.3854482 
      summoner-icons.json           1.7 MiB     2025-May-22 01:52    1747849920.0     2025-05-21 09-03-14    1747789394.136196  
      summoner-spells.json          7.4 KiB     2025-May-22 01:52    1747849920.0     2025-05-21 09-03-15    1747789395.5152805 
 tftchampions-teamplanner.json     58.1 KiB     2025-May-22 01:52    1747849920.0     2025-05-21 09-03-16    1747789396.7155676 
       tftchampions.json           81.2 KiB     2025-May-22 01:52    1747849920.0     2025-05-21 09-03-17    1747789397.7892559 
      tftcontentdata.json          666.6 KiB    2025-May-22 01:52    1747849920.0     2025-05-21 09-03-19    1747789399.4728706 
      tftdamageskins.json          85.5 KiB     2025-May-22 01:52    1747849920.0     2025-05-21 09-03-20    1747789400.7110548 
         tftitems.json             384.4 KiB    2025-May-22 01:52    1747849920.0     2025-05-21 09-03-22    1747789402.2587883 
     tftregionportals.json         17.2 KiB     2025-May-22 01:52    1747849920.0     2025-05-21 09-03-23    1747789403.4638033 
 tftrotationalshopitemdata.json     1.7 MiB     2025-May-22 01:52    1747849920.0     2025-05-21 09-03-25    1747789405.1485884 
          tftsets.json              4.3 KiB     2025-May-22 01:52    1747849920.0     2025-05-21 09-03-25    1747789405.9592376 
       tftskilltree.json           23.3 KiB     2025-May-22 01:52    1747849920.0     2025-05-21 09-03-26    1747789406.7902524 
         tfttraits.json            296.4 KiB    2025-May-22 01:52    1747849920.0     2025-05-21 09-03-27    1747789407.995895  
  tfttrovesbannerrewards.json      798.6 KiB    2025-May-22 01:52    1747849920.0     2025-05-21 09-03-29    1747789409.1974869 
     tfttrovesbanners.json         134.2 KiB    2025-May-22 01:52    1747849920.0     2025-05-21 09-03-30    1747789410.0971684 
   tfttrovestablesnames.json       371.3 KiB    2025-May-22 01:52    1747849920.0     2025-05-21 09-03-31    1747789411.7542784 
       tftzoomskins.json            5.9 KiB     2025-May-22 01:52    1747849920.0     2025-05-21 09-03-32    1747789412.6448038 
[2025-05-23 15-43-07][9/18][1/38]正在校对文件（Checking file）： https://raw.communitydragon.org/latest/plugins/rcp-be-lol-game-data/global/zh_cn/v1/achievementtitles.json
[2025-05-23 15-43-08][9/18][2/38]正在校对文件（Checking file）： https://raw.communitydragon.org/latest/plugins/rcp-be-lol-game-data/global/zh_cn/v1/challenges.json
[2025-05-23 15-43-10][9/18][3/38]正在校对文件（Checking file）： https://raw.communitydragon.org/latest/plugins/rcp-be-lol-game-data/global/zh_cn/v1/companions.json
[2025-05-23 15-43-11][9/18][4/38]正在校对文件（Checking file）： https://raw.communitydragon.org/latest/plugins/rcp-be-lol-game-data/global/zh_cn/v1/event-hub.json
[2025-05-23 15-43-12][9/18][5/38]正在校对文件（Checking file）： https://raw.communitydragon.org/latest/plugins/rcp-be-lol-game-data/global/zh_cn/v1/generic-assets.json
[2025-05-23 15-43-13][9/18][6/38]正在校对文件（Checking file）： https://raw.communitydragon.org/latest/plugins/rcp-be-lol-game-data/global/zh_cn/v1/items.json
[2025-05-23 15-43-14][9/18][7/38]正在校对文件（Checking file）： https://raw.communitydragon.org/latest/plugins/rcp-be-lol-game-data/global/zh_cn/v1/leaderboardconfiguration.json
[2025-05-23 15-43-15][9/18][8/38]正在校对文件（Checking file）： https://raw.communitydragon.org/latest/plugins/rcp-be-lol-game-data/global/zh_cn/v1/lolcurrency.json
[2025-05-23 15-43-16][9/18][9/38]正在校对文件（Checking file）： https://raw.communitydragon.org/latest/plugins/rcp-be-lol-game-data/global/zh_cn/v1/loot.json
[2025-05-23 15-43-17][9/18][10/38]正在校对文件（Checking file）： https://raw.communitydragon.org/latest/plugins/rcp-be-lol-game-data/global/zh_cn/v1/maps.json
[2025-05-23 15-43-18][9/18][11/38]正在校对文件（Checking file）： https://raw.communitydragon.org/latest/plugins/rcp-be-lol-game-data/global/zh_cn/v1/mission-assets.json
[2025-05-23 15-43-19][9/18][12/38]正在校对文件（Checking file）： https://raw.communitydragon.org/latest/plugins/rcp-be-lol-game-data/global/zh_cn/v1/nachorewards.json
[2025-05-23 15-43-20][9/18][13/38]正在校对文件（Checking file）： https://raw.communitydragon.org/latest/plugins/rcp-be-lol-game-data/global/zh_cn/v1/objectives.json
[2025-05-23 15-43-20][9/18][14/38]正在校对文件（Checking file）： https://raw.communitydragon.org/latest/plugins/rcp-be-lol-game-data/global/zh_cn/v1/perks.json
[2025-05-23 15-43-21][9/18][15/38]正在校对文件（Checking file）： https://raw.communitydragon.org/latest/plugins/rcp-be-lol-game-data/global/zh_cn/v1/profile-icons.json
[2025-05-23 15-43-22][9/18][16/38]正在校对文件（Checking file）： https://raw.communitydragon.org/latest/plugins/rcp-be-lol-game-data/global/zh_cn/v1/queues.json
[2025-05-23 15-43-23][9/18][17/38]正在校对文件（Checking file）： https://raw.communitydragon.org/latest/plugins/rcp-be-lol-game-data/global/zh_cn/v1/regalia.json
[2025-05-23 15-43-24][9/18][18/38]正在校对文件（Checking file）： https://raw.communitydragon.org/latest/plugins/rcp-be-lol-game-data/global/zh_cn/v1/skinborders.json
[2025-05-23 15-43-25][9/18][19/38]正在校对文件（Checking file）： https://raw.communitydragon.org/latest/plugins/rcp-be-lol-game-data/global/zh_cn/v1/skinlines.json
[2025-05-23 15-43-26][9/18][20/38]正在校对文件（Checking file）： https://raw.communitydragon.org/latest/plugins/rcp-be-lol-game-data/global/zh_cn/v1/skins.json
[2025-05-23 15-43-28][9/18][21/38]正在校对文件（Checking file）： https://raw.communitydragon.org/latest/plugins/rcp-be-lol-game-data/global/zh_cn/v1/stylesheet-teamplanner.json
[2025-05-23 15-43-29][9/18][22/38]正在校对文件（Checking file）： https://raw.communitydragon.org/latest/plugins/rcp-be-lol-game-data/global/zh_cn/v1/summoner-emotes.json
[2025-05-23 15-43-30][9/18][23/38]正在校对文件（Checking file）： https://raw.communitydragon.org/latest/plugins/rcp-be-lol-game-data/global/zh_cn/v1/summoner-icons.json
[2025-05-23 15-43-31][9/18][24/38]正在校对文件（Checking file）： https://raw.communitydragon.org/latest/plugins/rcp-be-lol-game-data/global/zh_cn/v1/summoner-spells.json
[2025-05-23 15-43-32][9/18][25/38]正在校对文件（Checking file）： https://raw.communitydragon.org/latest/plugins/rcp-be-lol-game-data/global/zh_cn/v1/tftchampions-teamplanner.json
[2025-05-23 15-43-33][9/18][26/38]正在校对文件（Checking file）： https://raw.communitydragon.org/latest/plugins/rcp-be-lol-game-data/global/zh_cn/v1/tftchampions.json
[2025-05-23 15-43-33][9/18][27/38]正在校对文件（Checking file）： https://raw.communitydragon.org/latest/plugins/rcp-be-lol-game-data/global/zh_cn/v1/tftcontentdata.json
[2025-05-23 15-43-35][9/18][28/38]正在校对文件（Checking file）： https://raw.communitydragon.org/latest/plugins/rcp-be-lol-game-data/global/zh_cn/v1/tftdamageskins.json
[2025-05-23 15-43-37][9/18][29/38]正在校对文件（Checking file）： https://raw.communitydragon.org/latest/plugins/rcp-be-lol-game-data/global/zh_cn/v1/tftitems.json
[2025-05-23 15-43-38][9/18][30/38]正在校对文件（Checking file）： https://raw.communitydragon.org/latest/plugins/rcp-be-lol-game-data/global/zh_cn/v1/tftregionportals.json
[2025-05-23 15-43-39][9/18][31/38]正在校对文件（Checking file）： https://raw.communitydragon.org/latest/plugins/rcp-be-lol-game-data/global/zh_cn/v1/tftrotationalshopitemdata.json
[2025-05-23 15-43-40][9/18][32/38]正在校对文件（Checking file）： https://raw.communitydragon.org/latest/plugins/rcp-be-lol-game-data/global/zh_cn/v1/tftsets.json
[2025-05-23 15-43-41][9/18][33/38]正在校对文件（Checking file）： https://raw.communitydragon.org/latest/plugins/rcp-be-lol-game-data/global/zh_cn/v1/tftskilltree.json
[2025-05-23 15-43-42][9/18][34/38]正在校对文件（Checking file）： https://raw.communitydragon.org/latest/plugins/rcp-be-lol-game-data/global/zh_cn/v1/tfttraits.json
[2025-05-23 15-43-43][9/18][35/38]正在校对文件（Checking file）： https://raw.communitydragon.org/latest/plugins/rcp-be-lol-game-data/global/zh_cn/v1/tfttrovesbannerrewards.json
[2025-05-23 15-43-44][9/18][36/38]正在校对文件（Checking file）： https://raw.communitydragon.org/latest/plugins/rcp-be-lol-game-data/global/zh_cn/v1/tfttrovesbanners.json
[2025-05-23 15-43-45][9/18][37/38]正在校对文件（Checking file）： https://raw.communitydragon.org/latest/plugins/rcp-be-lol-game-data/global/zh_cn/v1/tfttrovestablesnames.json
[2025-05-23 15-43-46][9/18][38/38]正在校对文件（Checking file）： https://raw.communitydragon.org/latest/plugins/rcp-be-lol-game-data/global/zh_cn/v1/tftzoomskins.json
[2025-05-23 15-43-47][10/18]正在检查文件夹（Checking the folder）：https://raw.communitydragon.org/pbe/
[2025-05-23 15-43-47]页面新文件列表如下：
New file list is as follows: 
             file                size        web_date         web_timestamp        local_date          local_timestamp   
 compat-version-metadata.json    72 B    2025-May-22 20:48    1747918080.0     2025-05-22 09-17-34    1747876654.3089602 
    content-metadata.json        74 B    2025-May-22 20:48    1747918080.0     2025-05-22 09-17-35    1747876655.1424434 
[2025-05-23 15-43-47][10/18][1/2]正在校对文件（Checking file）： https://raw.communitydragon.org/pbe/compat-version-metadata.json
[2025-05-23 15-43-48]已更新文件（Updated file）：离线数据（Offline Data）/cdragon/pbe/compat-version-metadata.json
[2025-05-23 15-43-48][10/18][2/2]正在校对文件（Checking file）： https://raw.communitydragon.org/pbe/content-metadata.json
[2025-05-23 15-43-49]已更新文件（Updated file）：离线数据（Offline Data）/cdragon/pbe/content-metadata.json
[2025-05-23 15-43-49][11/18]正在检查文件夹（Checking the folder）：https://raw.communitydragon.org/pbe/cdragon/arena/
[2025-05-23 15-43-50]页面新文件列表如下：
New file list is as follows: 
    file         size           web_date         web_timestamp        local_date          local_timestamp   
 en_us.json    221.7 KiB    2025-May-22 20:50    1747918200.0     2025-05-22 09-17-37    1747876657.1687384 
 zh_cn.json    224.9 KiB    2025-May-22 20:50    1747918200.0     2025-05-22 09-17-38    1747876658.3588507 
[2025-05-23 15-43-50][11/18][1/2]正在校对文件（Checking file）： https://raw.communitydragon.org/pbe/cdragon/arena/en_us.json
[2025-05-23 15-43-51][11/18][2/2]正在校对文件（Checking file）： https://raw.communitydragon.org/pbe/cdragon/arena/zh_cn.json
[2025-05-23 15-43-52][12/18]正在检查文件夹（Checking the folder）：https://raw.communitydragon.org/pbe/cdragon/tft/
[2025-05-23 15-43-53]页面新文件列表如下：
New file list is as follows: 
    file         size          web_date         web_timestamp        local_date          local_timestamp   
 en_us.json    17.8 MiB    2025-May-22 20:50    1747918200.0     2025-05-22 09-17-41    1747876661.8388307 
 zh_cn.json    17.8 MiB    2025-May-22 20:50    1747918200.0     2025-05-22 09-17-44    1747876664.3581214 
[2025-05-23 15-43-53][12/18][1/2]正在校对文件（Checking file）： https://raw.communitydragon.org/pbe/cdragon/tft/en_us.json
[2025-05-23 15-43-56]已更新文件（Updated file）：离线数据（Offline Data）/cdragon/pbe/cdragon/tft/en_us.json
[2025-05-23 15-43-56][12/18][2/2]正在校对文件（Checking file）： https://raw.communitydragon.org/pbe/cdragon/tft/zh_cn.json
[2025-05-23 15-43-59]已更新文件（Updated file）：离线数据（Offline Data）/cdragon/pbe/cdragon/tft/zh_cn.json
[2025-05-23 15-43-59][13/18]正在检查文件夹（Checking the folder）：https://raw.communitydragon.org/pbe/plugins/rcp-be-lol-game-data/global/default/v1/champions/
[2025-05-23 15-43-59]页面新文件列表如下：
New file list is as follows: 
  file        size          web_date         web_timestamp        local_date          local_timestamp   
 31.json    32.2 KiB    2025-May-22 20:49    1747918140.0     2025-05-21 09-03-50    1747789430.8609245 
[2025-05-23 15-43-59][13/18][1/1]正在校对文件（Checking file）： https://raw.communitydragon.org/pbe/plugins/rcp-be-lol-game-data/global/default/v1/champions/31.json
[2025-05-23 15-44-00]已更新文件（Updated file）：离线数据（Offline Data）/cdragon/pbe/plugins/rcp-be-lol-game-data/global/default/v1/champions/31.json
[2025-05-23 15-44-00][14/18]正在检查文件夹（Checking the folder）：https://raw.communitydragon.org/pbe/plugins/rcp-be-lol-game-data/global/default/v1/map-assets/
[2025-05-23 15-44-01]页面新文件列表如下：
New file list is as follows: 
Empty DataFrame
Columns: [file, size, web_date, web_timestamp, local_date, local_timestamp]
Index: []
[2025-05-23 15-44-01][15/18]正在检查文件夹（Checking the folder）：https://raw.communitydragon.org/pbe/plugins/rcp-be-lol-game-data/global/default/v1/
[2025-05-23 15-44-02]页面新文件列表如下：
New file list is as follows: 
              file                   size           web_date         web_timestamp        local_date          local_timestamp   
     achievementtitles.json        98.8 KiB     2025-May-22 20:49    1747918140.0     2025-05-03 08-54-04    1746233644.700526  
        challenges.json            610.2 KiB    2025-May-22 20:49    1747918140.0     2025-05-06 09-18-53    1746494333.2952206 
        companions.json            928.1 KiB    2025-May-22 20:49    1747918140.0     2025-05-22 09-17-48    1747876668.669473  
        objectives.json            55.7 KiB     2025-May-22 20:49    1747918140.0     2025-05-21 09-04-02    1747789442.8912444 
      tftcontentdata.json          677.4 KiB    2025-May-22 20:49    1747918140.0     2025-05-22 09-17-50    1747876670.053679  
      tftdamageskins.json          86.4 KiB     2025-May-22 20:49    1747918140.0     2025-05-20 09-43-38    1747705418.0898025 
 tftrotationalshopitemdata.json     1.7 MiB     2025-May-22 20:49    1747918140.0     2025-05-21 09-04-09    1747789449.3833923 
  tfttrovesbannerrewards.json      803.8 KiB    2025-May-22 20:49    1747918140.0     2025-05-22 09-17-53    1747876673.477874  
[2025-05-23 15-44-02][15/18][1/8]正在校对文件（Checking file）： https://raw.communitydragon.org/pbe/plugins/rcp-be-lol-game-data/global/default/v1/achievementtitles.json
[2025-05-23 15-44-03]已更新文件（Updated file）：离线数据（Offline Data）/cdragon/pbe/plugins/rcp-be-lol-game-data/global/default/v1/achievementtitles.json
[2025-05-23 15-44-03][15/18][2/8]正在校对文件（Checking file）： https://raw.communitydragon.org/pbe/plugins/rcp-be-lol-game-data/global/default/v1/challenges.json
[2025-05-23 15-44-04]已更新文件（Updated file）：离线数据（Offline Data）/cdragon/pbe/plugins/rcp-be-lol-game-data/global/default/v1/challenges.json
[2025-05-23 15-44-04][15/18][3/8]正在校对文件（Checking file）： https://raw.communitydragon.org/pbe/plugins/rcp-be-lol-game-data/global/default/v1/companions.json
[2025-05-23 15-44-06]已更新文件（Updated file）：离线数据（Offline Data）/cdragon/pbe/plugins/rcp-be-lol-game-data/global/default/v1/companions.json
[2025-05-23 15-44-06][15/18][4/8]正在校对文件（Checking file）： https://raw.communitydragon.org/pbe/plugins/rcp-be-lol-game-data/global/default/v1/objectives.json
[2025-05-23 15-44-07]已更新文件（Updated file）：离线数据（Offline Data）/cdragon/pbe/plugins/rcp-be-lol-game-data/global/default/v1/objectives.json
[2025-05-23 15-44-07][15/18][5/8]正在校对文件（Checking file）： https://raw.communitydragon.org/pbe/plugins/rcp-be-lol-game-data/global/default/v1/tftcontentdata.json
[2025-05-23 15-44-08]已更新文件（Updated file）：离线数据（Offline Data）/cdragon/pbe/plugins/rcp-be-lol-game-data/global/default/v1/tftcontentdata.json
[2025-05-23 15-44-08][15/18][6/8]正在校对文件（Checking file）： https://raw.communitydragon.org/pbe/plugins/rcp-be-lol-game-data/global/default/v1/tftdamageskins.json
[2025-05-23 15-44-09]已更新文件（Updated file）：离线数据（Offline Data）/cdragon/pbe/plugins/rcp-be-lol-game-data/global/default/v1/tftdamageskins.json
[2025-05-23 15-44-09][15/18][7/8]正在校对文件（Checking file）： https://raw.communitydragon.org/pbe/plugins/rcp-be-lol-game-data/global/default/v1/tftrotationalshopitemdata.json
[2025-05-23 15-44-11]已更新文件（Updated file）：离线数据（Offline Data）/cdragon/pbe/plugins/rcp-be-lol-game-data/global/default/v1/tftrotationalshopitemdata.json
[2025-05-23 15-44-11][15/18][8/8]正在校对文件（Checking file）： https://raw.communitydragon.org/pbe/plugins/rcp-be-lol-game-data/global/default/v1/tfttrovesbannerrewards.json
[2025-05-23 15-44-13]已更新文件（Updated file）：离线数据（Offline Data）/cdragon/pbe/plugins/rcp-be-lol-game-data/global/default/v1/tfttrovesbannerrewards.json
[2025-05-23 15-44-13][16/18]正在检查文件夹（Checking the folder）：https://raw.communitydragon.org/pbe/plugins/rcp-be-lol-game-data/global/zh_cn/v1/champions/
[2025-05-23 15-44-14]页面新文件列表如下：
New file list is as follows: 
  file        size          web_date         web_timestamp        local_date          local_timestamp   
 31.json    33.3 KiB    2025-May-22 20:49    1747918140.0     2025-05-21 09-04-16    1747789456.8683295 
[2025-05-23 15-44-14][16/18][1/1]正在校对文件（Checking file）： https://raw.communitydragon.org/pbe/plugins/rcp-be-lol-game-data/global/zh_cn/v1/champions/31.json
[2025-05-23 15-44-15]已更新文件（Updated file）：离线数据（Offline Data）/cdragon/pbe/plugins/rcp-be-lol-game-data/global/zh_cn/v1/champions/31.json
[2025-05-23 15-44-15][17/18]正在检查文件夹（Checking the folder）：https://raw.communitydragon.org/pbe/plugins/rcp-be-lol-game-data/global/zh_cn/v1/map-assets/
[2025-05-23 15-44-16]页面新文件列表如下：
New file list is as follows: 
Empty DataFrame
Columns: [file, size, web_date, web_timestamp, local_date, local_timestamp]
Index: []
[2025-05-23 15-44-16][18/18]正在检查文件夹（Checking the folder）：https://raw.communitydragon.org/pbe/plugins/rcp-be-lol-game-data/global/zh_cn/v1/
[2025-05-23 15-44-16]页面新文件列表如下：
New file list is as follows: 
              file                   size           web_date         web_timestamp        local_date          local_timestamp   
     achievementtitles.json        99.3 KiB     2025-May-22 20:49    1747918140.0     2025-05-07 09-38-03    1746581883.5759876 
        challenges.json            616.8 KiB    2025-May-22 20:49    1747918140.0     2025-05-07 09-38-05    1746581885.0749657 
        companions.json            933.3 KiB    2025-May-22 20:49    1747918140.0     2025-05-22 09-17-58    1747876678.379785  
           loot.json                3.0 MiB     2025-May-22 20:49    1747918140.0     2025-05-21 09-04-25    1747789465.748849  
        objectives.json            55.7 KiB     2025-May-22 20:49    1747918140.0     2025-05-21 09-04-28    1747789468.178904  
      tftcontentdata.json          677.4 KiB    2025-May-22 20:49    1747918140.0     2025-05-22 09-18-02     1747876682.00121  
      tftdamageskins.json          86.7 KiB     2025-May-22 20:49    1747918140.0     2025-05-20 09-43-54    1747705434.4005382 
 tftrotationalshopitemdata.json     1.7 MiB     2025-May-22 20:49    1747918140.0     2025-05-21 09-04-33    1747789473.1328096 
  tfttrovesbannerrewards.json      806.4 KiB    2025-May-22 20:49    1747918140.0     2025-05-22 09-18-05    1747876685.8893516 
   tfttrovestablesnames.json       374.7 KiB    2025-May-22 20:49    1747918140.0     2025-05-20 09-43-59    1747705439.7500608 
[2025-05-23 15-44-16][18/18][1/10]正在校对文件（Checking file）： https://raw.communitydragon.org/pbe/plugins/rcp-be-lol-game-data/global/zh_cn/v1/achievementtitles.json
[2025-05-23 15-44-18]已更新文件（Updated file）：离线数据（Offline Data）/cdragon/pbe/plugins/rcp-be-lol-game-data/global/zh_cn/v1/achievementtitles.json
[2025-05-23 15-44-18][18/18][2/10]正在校对文件（Checking file）： https://raw.communitydragon.org/pbe/plugins/rcp-be-lol-game-data/global/zh_cn/v1/challenges.json
[2025-05-23 15-44-19]已更新文件（Updated file）：离线数据（Offline Data）/cdragon/pbe/plugins/rcp-be-lol-game-data/global/zh_cn/v1/challenges.json
[2025-05-23 15-44-19][18/18][3/10]正在校对文件（Checking file）： https://raw.communitydragon.org/pbe/plugins/rcp-be-lol-game-data/global/zh_cn/v1/companions.json
[2025-05-23 15-44-20]已更新文件（Updated file）：离线数据（Offline Data）/cdragon/pbe/plugins/rcp-be-lol-game-data/global/zh_cn/v1/companions.json
[2025-05-23 15-44-20][18/18][4/10]正在校对文件（Checking file）： https://raw.communitydragon.org/pbe/plugins/rcp-be-lol-game-data/global/zh_cn/v1/loot.json
[2025-05-23 15-44-22]已更新文件（Updated file）：离线数据（Offline Data）/cdragon/pbe/plugins/rcp-be-lol-game-data/global/zh_cn/v1/loot.json
[2025-05-23 15-44-22][18/18][5/10]正在校对文件（Checking file）： https://raw.communitydragon.org/pbe/plugins/rcp-be-lol-game-data/global/zh_cn/v1/objectives.json
[2025-05-23 15-44-23]已更新文件（Updated file）：离线数据（Offline Data）/cdragon/pbe/plugins/rcp-be-lol-game-data/global/zh_cn/v1/objectives.json
[2025-05-23 15-44-23][18/18][6/10]正在校对文件（Checking file）： https://raw.communitydragon.org/pbe/plugins/rcp-be-lol-game-data/global/zh_cn/v1/tftcontentdata.json
[2025-05-23 15-44-24]已更新文件（Updated file）：离线数据（Offline Data）/cdragon/pbe/plugins/rcp-be-lol-game-data/global/zh_cn/v1/tftcontentdata.json
[2025-05-23 15-44-24][18/18][7/10]正在校对文件（Checking file）： https://raw.communitydragon.org/pbe/plugins/rcp-be-lol-game-data/global/zh_cn/v1/tftdamageskins.json
[2025-05-23 15-44-25]已更新文件（Updated file）：离线数据（Offline Data）/cdragon/pbe/plugins/rcp-be-lol-game-data/global/zh_cn/v1/tftdamageskins.json
[2025-05-23 15-44-25][18/18][8/10]正在校对文件（Checking file）： https://raw.communitydragon.org/pbe/plugins/rcp-be-lol-game-data/global/zh_cn/v1/tftrotationalshopitemdata.json
[2025-05-23 15-44-27]已更新文件（Updated file）：离线数据（Offline Data）/cdragon/pbe/plugins/rcp-be-lol-game-data/global/zh_cn/v1/tftrotationalshopitemdata.json
[2025-05-23 15-44-27][18/18][9/10]正在校对文件（Checking file）： https://raw.communitydragon.org/pbe/plugins/rcp-be-lol-game-data/global/zh_cn/v1/tfttrovesbannerrewards.json
[2025-05-23 15-44-28]已更新文件（Updated file）：离线数据（Offline Data）/cdragon/pbe/plugins/rcp-be-lol-game-data/global/zh_cn/v1/tfttrovesbannerrewards.json
[2025-05-23 15-44-28][18/18][10/10]正在校对文件（Checking file）： https://raw.communitydragon.org/pbe/plugins/rcp-be-lol-game-data/global/zh_cn/v1/tfttrovestablesnames.json
[2025-05-23 15-44-30]已更新文件（Updated file）：离线数据（Offline Data）/cdragon/pbe/plugins/rcp-be-lol-game-data/global/zh_cn/v1/tfttrovestablesnames.json
已更新以下24个文件：
Updated the following 24 file(s):
https://raw.communitydragon.org/pbe/compat-version-metadata.json
https://raw.communitydragon.org/pbe/content-metadata.json
https://raw.communitydragon.org/pbe/cdragon/tft/en_us.json
https://raw.communitydragon.org/pbe/cdragon/tft/zh_cn.json
https://raw.communitydragon.org/pbe/plugins/rcp-be-lol-game-data/global/default/v1/champions/31.json
https://raw.communitydragon.org/pbe/plugins/rcp-be-lol-game-data/global/default/v1/achievementtitles.json
https://raw.communitydragon.org/pbe/plugins/rcp-be-lol-game-data/global/default/v1/challenges.json
https://raw.communitydragon.org/pbe/plugins/rcp-be-lol-game-data/global/default/v1/companions.json
https://raw.communitydragon.org/pbe/plugins/rcp-be-lol-game-data/global/default/v1/objectives.json
https://raw.communitydragon.org/pbe/plugins/rcp-be-lol-game-data/global/default/v1/tftcontentdata.json
https://raw.communitydragon.org/pbe/plugins/rcp-be-lol-game-data/global/default/v1/tftdamageskins.json
https://raw.communitydragon.org/pbe/plugins/rcp-be-lol-game-data/global/default/v1/tftrotationalshopitemdata.json
https://raw.communitydragon.org/pbe/plugins/rcp-be-lol-game-data/global/default/v1/tfttrovesbannerrewards.json
https://raw.communitydragon.org/pbe/plugins/rcp-be-lol-game-data/global/zh_cn/v1/champions/31.json
https://raw.communitydragon.org/pbe/plugins/rcp-be-lol-game-data/global/zh_cn/v1/achievementtitles.json
https://raw.communitydragon.org/pbe/plugins/rcp-be-lol-game-data/global/zh_cn/v1/challenges.json
https://raw.communitydragon.org/pbe/plugins/rcp-be-lol-game-data/global/zh_cn/v1/companions.json
https://raw.communitydragon.org/pbe/plugins/rcp-be-lol-game-data/global/zh_cn/v1/loot.json
https://raw.communitydragon.org/pbe/plugins/rcp-be-lol-game-data/global/zh_cn/v1/objectives.json
https://raw.communitydragon.org/pbe/plugins/rcp-be-lol-game-data/global/zh_cn/v1/tftcontentdata.json
https://raw.communitydragon.org/pbe/plugins/rcp-be-lol-game-data/global/zh_cn/v1/tftdamageskins.json
https://raw.communitydragon.org/pbe/plugins/rcp-be-lol-game-data/global/zh_cn/v1/tftrotationalshopitemdata.json
https://raw.communitydragon.org/pbe/plugins/rcp-be-lol-game-data/global/zh_cn/v1/tfttrovesbannerrewards.json
https://raw.communitydragon.org/pbe/plugins/rcp-be-lol-game-data/global/zh_cn/v1/tfttrovestablesnames.json

请选择要更新的数据资源，输入空字符串以退出程序：
Please select the data resource to update, or submit an empty string to exit the program:
1	CommunityDragon
2	DataDragon

[The program has exited!]
