请选择要更新的数据资源，输入空字符串以退出程序：
Please select the data resource to update, or submit an empty string to exit the program:
1	CommunityDragon
2	DataDragon
1
请选择更新模式：
Please select the update mode:
1	全局扫描（Global Scanning）
2	按修改时间更新（Updating According to Modification Time）
3	更新指定文件夹（Updating Specified Folders）

请选择一种方式指定修改时间：
Please select a method of specifying the modification time:
1	自动获取（Automatically get）
2	手动输入（Manually input）

[2025-03-19 08-51-25][1/18]正在检查文件夹（Checking the folder）：https://raw.communitydragon.org/latest/
[2025-03-19 08-51-26]页面新文件列表如下：
New file list is as follows:
网页链接（URL)： https://raw.communitydragon.org/latest/
Empty DataFrame
Columns: [file, size, web_date, web_timestamp, local_date, local_timestamp]
Index: []
[2025-03-19 08-51-26][2/18]正在检查文件夹（Checking the folder）：https://raw.communitydragon.org/latest/cdragon/arena/
[2025-03-19 08-51-27]页面新文件列表如下：
New file list is as follows:
网页链接（URL)： https://raw.communitydragon.org/latest/cdragon/arena/
    file         size           web_date         web_timestamp        local_date          local_timestamp   
 en_us.json    216.4 KiB    2025-Mar-18 21:19    1742303940.0     2025-03-06 13-03-34    1741237414.5880253 
 zh_cn.json    219.5 KiB    2025-Mar-18 21:19    1742303940.0     2025-03-06 13-03-35    1741237415.5905948 
[2025-03-19 08-51-27][2/18][1/2]正在校对文件（Checking file）： https://raw.communitydragon.org/latest/cdragon/arena/en_us.json
[2025-03-19 08-51-28][2/18][2/2]正在校对文件（Checking file）： https://raw.communitydragon.org/latest/cdragon/arena/zh_cn.json
[2025-03-19 08-51-29][3/18]正在检查文件夹（Checking the folder）：https://raw.communitydragon.org/latest/cdragon/tft/
[2025-03-19 08-51-30]页面新文件列表如下：
New file list is as follows:
网页链接（URL)： https://raw.communitydragon.org/latest/cdragon/tft/
    file         size          web_date         web_timestamp        local_date          local_timestamp   
 en_us.json    13.3 MiB    2025-Mar-18 21:19    1742303940.0     2025-03-06 13-03-37    1741237417.9639666 
 zh_cn.json    13.3 MiB    2025-Mar-18 21:19    1742303940.0     2025-03-06 13-03-40    1741237420.2115498 
[2025-03-19 08-51-30][3/18][1/2]正在校对文件（Checking file）： https://raw.communitydragon.org/latest/cdragon/tft/en_us.json
[2025-03-19 08-51-32][3/18][2/2]正在校对文件（Checking file）： https://raw.communitydragon.org/latest/cdragon/tft/zh_cn.json
[2025-03-19 08-51-34][4/18]正在检查文件夹（Checking the folder）：https://raw.communitydragon.org/latest/plugins/rcp-be-lol-game-data/global/default/v1/champions/
[2025-03-19 08-51-35]页面新文件列表如下：
New file list is as follows:
网页链接（URL)： https://raw.communitydragon.org/latest/plugins/rcp-be-lol-game-data/global/default/v1/champions/
Empty DataFrame
Columns: [file, size, web_date, web_timestamp, local_date, local_timestamp]
Index: []
[2025-03-19 08-51-35][5/18]正在检查文件夹（Checking the folder）：https://raw.communitydragon.org/latest/plugins/rcp-be-lol-game-data/global/default/v1/map-assets/
[2025-03-19 08-51-36]页面新文件列表如下：
New file list is as follows:
网页链接（URL)： https://raw.communitydragon.org/latest/plugins/rcp-be-lol-game-data/global/default/v1/map-assets/
Empty DataFrame
Columns: [file, size, web_date, web_timestamp, local_date, local_timestamp]
Index: []
[2025-03-19 08-51-36][6/18]正在检查文件夹（Checking the folder）：https://raw.communitydragon.org/latest/plugins/rcp-be-lol-game-data/global/default/v1/
[2025-03-19 08-51-37]页面新文件列表如下：
New file list is as follows:
网页链接（URL)： https://raw.communitydragon.org/latest/plugins/rcp-be-lol-game-data/global/default/v1/
           file                 size          web_date         web_timestamp        local_date         local_timestamp 
 csssheet-teamplanner.json    55.0 KiB    2025-Mar-18 21:17    1742303820.0     1970-01-01 08-00-00           0        
[2025-03-19 08-51-37][6/18][1/1]正在校对文件（Checking file）： https://raw.communitydragon.org/latest/plugins/rcp-be-lol-game-data/global/default/v1/csssheet-teamplanner.json
[2025-03-19 08-51-38]已添加文件（Added file）：离线数据（Offline Data）/cdragon/latest/plugins/rcp-be-lol-game-data/global/default/v1/csssheet-teamplanner.json
[2025-03-19 08-51-38][7/18]正在检查文件夹（Checking the folder）：https://raw.communitydragon.org/latest/plugins/rcp-be-lol-game-data/global/zh_cn/v1/champions/
[2025-03-19 08-51-39]页面新文件列表如下：
New file list is as follows:
网页链接（URL)： https://raw.communitydragon.org/latest/plugins/rcp-be-lol-game-data/global/zh_cn/v1/champions/
Empty DataFrame
Columns: [file, size, web_date, web_timestamp, local_date, local_timestamp]
Index: []
[2025-03-19 08-51-39][8/18]正在检查文件夹（Checking the folder）：https://raw.communitydragon.org/latest/plugins/rcp-be-lol-game-data/global/zh_cn/v1/map-assets/
[2025-03-19 08-51-40]页面新文件列表如下：
New file list is as follows:
网页链接（URL)： https://raw.communitydragon.org/latest/plugins/rcp-be-lol-game-data/global/zh_cn/v1/map-assets/
Empty DataFrame
Columns: [file, size, web_date, web_timestamp, local_date, local_timestamp]
Index: []
[2025-03-19 08-51-40][9/18]正在检查文件夹（Checking the folder）：https://raw.communitydragon.org/latest/plugins/rcp-be-lol-game-data/global/zh_cn/v1/
[2025-03-19 08-51-41]页面新文件列表如下：
New file list is as follows:
网页链接（URL)： https://raw.communitydragon.org/latest/plugins/rcp-be-lol-game-data/global/zh_cn/v1/
Empty DataFrame
Columns: [file, size, web_date, web_timestamp, local_date, local_timestamp]
Index: []
[2025-03-19 08-51-41][10/18]正在检查文件夹（Checking the folder）：https://raw.communitydragon.org/pbe/
[2025-03-19 08-51-42]页面新文件列表如下：
New file list is as follows:
网页链接（URL)： https://raw.communitydragon.org/pbe/
             file                size        web_date         web_timestamp        local_date          local_timestamp   
 compat-version-metadata.json    58 B    2025-Mar-18 21:25    1742304300.0     2025-03-15 12-51-23    1742014283.9374628 
    content-metadata.json        60 B    2025-Mar-18 21:25    1742304300.0     2025-03-15 12-51-24     1742014284.84103  
[2025-03-19 08-51-42][10/18][1/2]正在校对文件（Checking file）： https://raw.communitydragon.org/pbe/compat-version-metadata.json
[2025-03-19 08-51-43]已更新文件（Updated file）：离线数据（Offline Data）/cdragon/pbe/compat-version-metadata.json
[2025-03-19 08-51-43][10/18][2/2]正在校对文件（Checking file）： https://raw.communitydragon.org/pbe/content-metadata.json
[2025-03-19 08-51-44]已更新文件（Updated file）：离线数据（Offline Data）/cdragon/pbe/content-metadata.json
[2025-03-19 08-51-44][11/18]正在检查文件夹（Checking the folder）：https://raw.communitydragon.org/pbe/cdragon/arena/
[2025-03-19 08-51-44]页面新文件列表如下：
New file list is as follows:
网页链接（URL)： https://raw.communitydragon.org/pbe/cdragon/arena/
    file         size           web_date         web_timestamp        local_date          local_timestamp   
 en_us.json    216.5 KiB    2025-Mar-18 22:00    1742306400.0     2025-03-15 12-51-27    1742014287.0747023 
 zh_cn.json    219.8 KiB    2025-Mar-18 22:00    1742306400.0     2025-03-15 12-51-28    1742014288.6944065 
[2025-03-19 08-51-45][11/18][1/2]正在校对文件（Checking file）： https://raw.communitydragon.org/pbe/cdragon/arena/en_us.json
[2025-03-19 08-51-46]已更新文件（Updated file）：离线数据（Offline Data）/cdragon/pbe/cdragon/arena/en_us.json
[2025-03-19 08-51-46][11/18][2/2]正在校对文件（Checking file）： https://raw.communitydragon.org/pbe/cdragon/arena/zh_cn.json
[2025-03-19 08-51-47]已更新文件（Updated file）：离线数据（Offline Data）/cdragon/pbe/cdragon/arena/zh_cn.json
[2025-03-19 08-51-47][12/18]正在检查文件夹（Checking the folder）：https://raw.communitydragon.org/pbe/cdragon/tft/
[2025-03-19 08-51-48]页面新文件列表如下：
New file list is as follows:
网页链接（URL)： https://raw.communitydragon.org/pbe/cdragon/tft/
    file         size          web_date         web_timestamp        local_date          local_timestamp   
 en_us.json    15.7 MiB    2025-Mar-18 22:00    1742306400.0     2025-03-15 12-51-32    1742014292.3480308 
 zh_cn.json    15.8 MiB    2025-Mar-18 22:00    1742306400.0     2025-03-15 12-51-34    1742014294.9471762 
[2025-03-19 08-51-48][12/18][1/2]正在校对文件（Checking file）： https://raw.communitydragon.org/pbe/cdragon/tft/en_us.json
[2025-03-19 08-51-50]已更新文件（Updated file）：离线数据（Offline Data）/cdragon/pbe/cdragon/tft/en_us.json
[2025-03-19 08-51-50][12/18][2/2]正在校对文件（Checking file）： https://raw.communitydragon.org/pbe/cdragon/tft/zh_cn.json
[2025-03-19 08-51-53]已更新文件（Updated file）：离线数据（Offline Data）/cdragon/pbe/cdragon/tft/zh_cn.json
[2025-03-19 08-51-53][13/18]正在检查文件夹（Checking the folder）：https://raw.communitydragon.org/pbe/plugins/rcp-be-lol-game-data/global/default/v1/champions/
[2025-03-19 08-51-54]页面新文件列表如下：
New file list is as follows:
网页链接（URL)： https://raw.communitydragon.org/pbe/plugins/rcp-be-lol-game-data/global/default/v1/champions/
   file        size          web_date         web_timestamp        local_date          local_timestamp   
 110.json    37.9 KiB    2025-Mar-18 21:59    1742306340.0     2025-02-27 19-25-14    1740655514.2144337 
 201.json    30.1 KiB    2025-Mar-18 21:59    1742306340.0     2025-02-27 19-25-47    1740655547.9503336 
 35.json     41.4 KiB    2025-Mar-18 21:59    1742306340.0     2025-02-27 19-26-21    1740655581.669543  
 350.json    34.7 KiB    2025-Mar-18 21:59    1742306340.0     2025-02-27 19-26-22    1740655582.5777926 
 54.json     36.5 KiB    2025-Mar-18 21:59    1742306340.0     2025-02-27 19-26-54    1740655614.9400103 
 59.json     35.4 KiB    2025-Mar-18 21:59    1742306340.0     2025-02-27 19-27-02    1740655622.084882  
  6.json     25.9 KiB    2025-Mar-18 21:59    1742306340.0     2025-02-27 19-27-03    1740655623.0524316 
  7.json     41.3 KiB    2025-Mar-18 21:59    1742306340.0     2025-02-27 19-27-11    1740655631.5450757 
 777.json    38.6 KiB    2025-Mar-18 21:59    1742306340.0     2025-02-27 19-27-17    1740655637.324626  
 86.json     35.1 KiB    2025-Mar-18 21:59    1742306340.0     2025-02-27 19-27-27    1740655647.662366  
 893.json    14.2 KiB    2025-Mar-18 21:59    1742306340.0     2025-02-27 19-27-33    1740655653.0700593 
 950.json    20.5 KiB    2025-Mar-18 21:59    1742306340.0     2025-03-11 10-54-39    1741661679.6734848 
[2025-03-19 08-51-54][13/18][1/12]正在校对文件（Checking file）： https://raw.communitydragon.org/pbe/plugins/rcp-be-lol-game-data/global/default/v1/champions/110.json
[2025-03-19 08-51-55]已更新文件（Updated file）：离线数据（Offline Data）/cdragon/pbe/plugins/rcp-be-lol-game-data/global/default/v1/champions/110.json
[2025-03-19 08-51-55][13/18][2/12]正在校对文件（Checking file）： https://raw.communitydragon.org/pbe/plugins/rcp-be-lol-game-data/global/default/v1/champions/201.json
[2025-03-19 08-51-56]已更新文件（Updated file）：离线数据（Offline Data）/cdragon/pbe/plugins/rcp-be-lol-game-data/global/default/v1/champions/201.json
[2025-03-19 08-51-56][13/18][3/12]正在校对文件（Checking file）： https://raw.communitydragon.org/pbe/plugins/rcp-be-lol-game-data/global/default/v1/champions/35.json
[2025-03-19 08-51-57]已更新文件（Updated file）：离线数据（Offline Data）/cdragon/pbe/plugins/rcp-be-lol-game-data/global/default/v1/champions/35.json
[2025-03-19 08-51-57][13/18][4/12]正在校对文件（Checking file）： https://raw.communitydragon.org/pbe/plugins/rcp-be-lol-game-data/global/default/v1/champions/350.json
[2025-03-19 08-51-57]已更新文件（Updated file）：离线数据（Offline Data）/cdragon/pbe/plugins/rcp-be-lol-game-data/global/default/v1/champions/350.json
[2025-03-19 08-51-57][13/18][5/12]正在校对文件（Checking file）： https://raw.communitydragon.org/pbe/plugins/rcp-be-lol-game-data/global/default/v1/champions/54.json
[2025-03-19 08-51-58]已更新文件（Updated file）：离线数据（Offline Data）/cdragon/pbe/plugins/rcp-be-lol-game-data/global/default/v1/champions/54.json
[2025-03-19 08-51-58][13/18][6/12]正在校对文件（Checking file）： https://raw.communitydragon.org/pbe/plugins/rcp-be-lol-game-data/global/default/v1/champions/59.json
[2025-03-19 08-51-59]已更新文件（Updated file）：离线数据（Offline Data）/cdragon/pbe/plugins/rcp-be-lol-game-data/global/default/v1/champions/59.json
[2025-03-19 08-51-59][13/18][7/12]正在校对文件（Checking file）： https://raw.communitydragon.org/pbe/plugins/rcp-be-lol-game-data/global/default/v1/champions/6.json
[2025-03-19 08-52-00]已更新文件（Updated file）：离线数据（Offline Data）/cdragon/pbe/plugins/rcp-be-lol-game-data/global/default/v1/champions/6.json
[2025-03-19 08-52-00][13/18][8/12]正在校对文件（Checking file）： https://raw.communitydragon.org/pbe/plugins/rcp-be-lol-game-data/global/default/v1/champions/7.json
违反协议导致读取中断！正在尝试第1次重新获取数据！
EOF occurred in violation of protocol! Trying to recapture the data with url: https://raw.communitydragon.org/pbe/plugins/rcp-be-lol-game-data/global/default/v1/champions/7.json. Time(s) tried: 1
[2025-03-19 08-52-01]已更新文件（Updated file）：离线数据（Offline Data）/cdragon/pbe/plugins/rcp-be-lol-game-data/global/default/v1/champions/7.json
[2025-03-19 08-52-01][13/18][9/12]正在校对文件（Checking file）： https://raw.communitydragon.org/pbe/plugins/rcp-be-lol-game-data/global/default/v1/champions/777.json
[2025-03-19 08-52-02]已更新文件（Updated file）：离线数据（Offline Data）/cdragon/pbe/plugins/rcp-be-lol-game-data/global/default/v1/champions/777.json
[2025-03-19 08-52-02][13/18][10/12]正在校对文件（Checking file）： https://raw.communitydragon.org/pbe/plugins/rcp-be-lol-game-data/global/default/v1/champions/86.json
[2025-03-19 08-52-03]已更新文件（Updated file）：离线数据（Offline Data）/cdragon/pbe/plugins/rcp-be-lol-game-data/global/default/v1/champions/86.json
[2025-03-19 08-52-03][13/18][11/12]正在校对文件（Checking file）： https://raw.communitydragon.org/pbe/plugins/rcp-be-lol-game-data/global/default/v1/champions/893.json
[2025-03-19 08-52-04]已更新文件（Updated file）：离线数据（Offline Data）/cdragon/pbe/plugins/rcp-be-lol-game-data/global/default/v1/champions/893.json
[2025-03-19 08-52-04][13/18][12/12]正在校对文件（Checking file）： https://raw.communitydragon.org/pbe/plugins/rcp-be-lol-game-data/global/default/v1/champions/950.json
[2025-03-19 08-52-05]已更新文件（Updated file）：离线数据（Offline Data）/cdragon/pbe/plugins/rcp-be-lol-game-data/global/default/v1/champions/950.json
[2025-03-19 08-52-05][14/18]正在检查文件夹（Checking the folder）：https://raw.communitydragon.org/pbe/plugins/rcp-be-lol-game-data/global/default/v1/map-assets/
[2025-03-19 08-52-06]页面新文件列表如下：
New file list is as follows:
网页链接（URL)： https://raw.communitydragon.org/pbe/plugins/rcp-be-lol-game-data/global/default/v1/map-assets/
      file            size           web_date         web_timestamp        local_date         local_timestamp 
 map-assets.json    132.4 KiB    2025-Mar-18 21:59    1742306340.0     2025-02-22 13-24-20    1740201860.3911 
[2025-03-19 08-52-06][14/18][1/1]正在校对文件（Checking file）： https://raw.communitydragon.org/pbe/plugins/rcp-be-lol-game-data/global/default/v1/map-assets/map-assets.json
[2025-03-19 08-52-07]已更新文件（Updated file）：离线数据（Offline Data）/cdragon/pbe/plugins/rcp-be-lol-game-data/global/default/v1/map-assets/map-assets.json
[2025-03-19 08-52-07][15/18]正在检查文件夹（Checking the folder）：https://raw.communitydragon.org/pbe/plugins/rcp-be-lol-game-data/global/default/v1/
[2025-03-19 08-52-07]页面新文件列表如下：
New file list is as follows:
网页链接（URL)： https://raw.communitydragon.org/pbe/plugins/rcp-be-lol-game-data/global/default/v1/
                file                     size           web_date         web_timestamp        local_date          local_timestamp   
 champion-rune-recommendations.json    325.7 KiB    2025-Mar-18 21:59    1742306340.0     2025-03-13 19-03-26    1741863806.579203  
          companions.json              917.7 KiB    2025-Mar-18 21:59    1742306340.0     2025-03-11 10-54-46     1741661686.72742  
     csssheet-teamplanner.json         55.8 KiB     2025-Mar-18 21:59    1742306340.0     1970-01-01 08-00-00           0.0         
        generic-assets.json            182.6 KiB    2025-Mar-18 21:59    1742306340.0     2025-03-05 12-52-37    1741150357.6706755 
             items.json                478.4 KiB    2025-Mar-18 21:59    1742306340.0     2025-03-15 12-51-41    1742014301.4090164 
             loot.json                  2.9 MiB     2025-Mar-18 21:59    1742306340.0     2025-03-14 11-49-09    1741924149.823681  
         nachorewards.json              2.5 MiB     2025-Mar-18 21:59    1742306340.0     2025-03-11 10-54-49    1741661689.9928818 
          objectives.json               5.3 KiB     2025-Mar-18 21:59    1742306340.0     2025-03-08 17-41-22    1741426882.3060932 
         profile-icons.json            330.4 KiB    2025-Mar-18 21:59    1742306340.0     2025-03-05 12-52-47    1741150367.8525684 
            queues.json                70.4 KiB     2025-Mar-18 21:59    1742306340.0     2025-03-05 12-52-48    1741150368.9748375 
            rewards.json               737.2 KiB    2025-Mar-18 21:59    1742306340.0     2025-03-11 10-54-51    1741661691.112589  
         skinaugments.json              9.2 KiB     2025-Mar-18 21:59    1742306340.0     2025-03-05 12-52-52    1741150372.6382115 
             skins.json                 3.7 MiB     2025-Mar-18 21:59    1742306340.0     2025-03-08 17-41-24    1741426884.423949  
          statstones.json               1.7 MiB     2025-Mar-18 21:59    1742306340.0     2025-02-06 11-48-20    1738813700.742531  
          stylesheet.json              21.9 KiB     2025-Mar-18 21:59    1742306340.0     2025-02-05 13-19-30    1738732770.766065  
        summoner-emotes.json           455.9 KiB    2025-Mar-18 21:59    1742306340.0     2025-03-05 12-52-59    1741150379.521936  
        summoner-icons.json             1.9 MiB     2025-Mar-18 21:59    1742306340.0     2025-03-07 13-04-08    1741323848.5383656 
   tftchampions-teamplanner.json       29.8 KiB     2025-Mar-18 21:59    1742306340.0     2025-03-07 13-04-09    1741323849.8525455 
         tftchampions.json             50.7 KiB     2025-Mar-18 21:59    1742306340.0     2025-03-07 13-04-11    1741323851.1974826 
     tftchemtechstoredata.json          2.6 KiB     2025-Mar-18 21:59    1742306340.0     1970-01-01 08-00-00           0.0         
        tftcontentdata.json            600.3 KiB    2025-Mar-18 21:59    1742306340.0     2025-03-12 09-10-28    1741741828.606692  
        tftdamageskins.json            83.7 KiB     2025-Mar-18 21:59    1742306340.0     2025-03-05 12-53-04    1741150384.4039671 
           tftitems.json               218.9 KiB    2025-Mar-18 21:59    1742306340.0     2025-03-07 13-04-12    1741323852.9811327 
          tftmapskins.json             36.5 KiB     2025-Mar-18 21:59    1742306340.0     2025-03-05 12-53-06    1741150386.3551185 
        tftpass-assets.json            22.5 KiB     2025-Mar-18 21:59    1742306340.0     2025-01-15 09-22-34    1736904154.243455  
      tftpasswelcomedata.json            247 B      2025-Mar-18 21:59    1742306340.0     2025-01-15 09-22-35    1736904155.2319431 
         tftplaybooks.json             37.9 KiB     2025-Mar-18 21:59    1742306340.0     2025-01-10 09-31-16    1736472676.6374786 
       tftregionportals.json           16.8 KiB     2025-Mar-18 21:59    1742306340.0     2025-02-25 08-42-01    1740444121.850031  
   tftrotationalshopitemdata.json       1.7 MiB     2025-Mar-18 21:59    1742306340.0     2025-03-08 17-41-26    1741426886.6610801 
            tftsets.json                2.6 KiB     2025-Mar-18 21:59    1742306340.0     2025-02-05 13-19-43    1738732783.1646757 
           tfttraits.json              257.2 KiB    2025-Mar-18 21:59    1742306340.0     2025-03-07 13-04-22    1741323862.880465  
    tfttrovesbannerrewards.json        791.0 KiB    2025-Mar-18 21:59    1742306340.0     2025-03-05 12-53-10    1741150390.9199748 
       tfttrovesbanners.json           100.6 KiB    2025-Mar-18 21:59    1742306340.0     2025-03-05 12-53-11    1741150391.8796883 
     tfttrovestablesnames.json         357.1 KiB    2025-Mar-18 21:59    1742306340.0     2025-03-05 12-53-13    1741150393.1711788 
         tftuxtunables.json              158 B      2025-Mar-18 21:59    1742306340.0     2024-10-23 10-53-16    1729651996.7426527 
         tftzoomskins.json              3.4 KiB     2025-Mar-18 21:59    1742306340.0     1970-01-01 08-00-00           0.0         
[2025-03-19 08-52-07][15/18][1/36]正在校对文件（Checking file）： https://raw.communitydragon.org/pbe/plugins/rcp-be-lol-game-data/global/default/v1/champion-rune-recommendations.json
[2025-03-19 08-52-08]已更新文件（Updated file）：离线数据（Offline Data）/cdragon/pbe/plugins/rcp-be-lol-game-data/global/default/v1/champion-rune-recommendations.json
[2025-03-19 08-52-08][15/18][2/36]正在校对文件（Checking file）： https://raw.communitydragon.org/pbe/plugins/rcp-be-lol-game-data/global/default/v1/companions.json
[2025-03-19 08-52-10]已更新文件（Updated file）：离线数据（Offline Data）/cdragon/pbe/plugins/rcp-be-lol-game-data/global/default/v1/companions.json
[2025-03-19 08-52-10][15/18][3/36]正在校对文件（Checking file）： https://raw.communitydragon.org/pbe/plugins/rcp-be-lol-game-data/global/default/v1/csssheet-teamplanner.json
[2025-03-19 08-52-11]已添加文件（Added file）：离线数据（Offline Data）/cdragon/pbe/plugins/rcp-be-lol-game-data/global/default/v1/csssheet-teamplanner.json
[2025-03-19 08-52-11][15/18][4/36]正在校对文件（Checking file）： https://raw.communitydragon.org/pbe/plugins/rcp-be-lol-game-data/global/default/v1/generic-assets.json
[2025-03-19 08-52-12]已更新文件（Updated file）：离线数据（Offline Data）/cdragon/pbe/plugins/rcp-be-lol-game-data/global/default/v1/generic-assets.json
[2025-03-19 08-52-12][15/18][5/36]正在校对文件（Checking file）： https://raw.communitydragon.org/pbe/plugins/rcp-be-lol-game-data/global/default/v1/items.json
[2025-03-19 08-52-13]已更新文件（Updated file）：离线数据（Offline Data）/cdragon/pbe/plugins/rcp-be-lol-game-data/global/default/v1/items.json
[2025-03-19 08-52-13][15/18][6/36]正在校对文件（Checking file）： https://raw.communitydragon.org/pbe/plugins/rcp-be-lol-game-data/global/default/v1/loot.json
[2025-03-19 08-52-15]已更新文件（Updated file）：离线数据（Offline Data）/cdragon/pbe/plugins/rcp-be-lol-game-data/global/default/v1/loot.json
[2025-03-19 08-52-15][15/18][7/36]正在校对文件（Checking file）： https://raw.communitydragon.org/pbe/plugins/rcp-be-lol-game-data/global/default/v1/nachorewards.json
[2025-03-19 08-52-17]已更新文件（Updated file）：离线数据（Offline Data）/cdragon/pbe/plugins/rcp-be-lol-game-data/global/default/v1/nachorewards.json
[2025-03-19 08-52-17][15/18][8/36]正在校对文件（Checking file）： https://raw.communitydragon.org/pbe/plugins/rcp-be-lol-game-data/global/default/v1/objectives.json
[2025-03-19 08-52-18]已更新文件（Updated file）：离线数据（Offline Data）/cdragon/pbe/plugins/rcp-be-lol-game-data/global/default/v1/objectives.json
[2025-03-19 08-52-18][15/18][9/36]正在校对文件（Checking file）： https://raw.communitydragon.org/pbe/plugins/rcp-be-lol-game-data/global/default/v1/profile-icons.json
[2025-03-19 08-52-19]已更新文件（Updated file）：离线数据（Offline Data）/cdragon/pbe/plugins/rcp-be-lol-game-data/global/default/v1/profile-icons.json
[2025-03-19 08-52-19][15/18][10/36]正在校对文件（Checking file）： https://raw.communitydragon.org/pbe/plugins/rcp-be-lol-game-data/global/default/v1/queues.json
[2025-03-19 08-52-20]已更新文件（Updated file）：离线数据（Offline Data）/cdragon/pbe/plugins/rcp-be-lol-game-data/global/default/v1/queues.json
[2025-03-19 08-52-20][15/18][11/36]正在校对文件（Checking file）： https://raw.communitydragon.org/pbe/plugins/rcp-be-lol-game-data/global/default/v1/rewards.json
[2025-03-19 08-52-21]已更新文件（Updated file）：离线数据（Offline Data）/cdragon/pbe/plugins/rcp-be-lol-game-data/global/default/v1/rewards.json
[2025-03-19 08-52-21][15/18][12/36]正在校对文件（Checking file）： https://raw.communitydragon.org/pbe/plugins/rcp-be-lol-game-data/global/default/v1/skinaugments.json
[2025-03-19 08-52-21]已更新文件（Updated file）：离线数据（Offline Data）/cdragon/pbe/plugins/rcp-be-lol-game-data/global/default/v1/skinaugments.json
[2025-03-19 08-52-21][15/18][13/36]正在校对文件（Checking file）： https://raw.communitydragon.org/pbe/plugins/rcp-be-lol-game-data/global/default/v1/skins.json
[2025-03-19 08-52-23]已更新文件（Updated file）：离线数据（Offline Data）/cdragon/pbe/plugins/rcp-be-lol-game-data/global/default/v1/skins.json
[2025-03-19 08-52-23][15/18][14/36]正在校对文件（Checking file）： https://raw.communitydragon.org/pbe/plugins/rcp-be-lol-game-data/global/default/v1/statstones.json
[2025-03-19 08-52-25]已更新文件（Updated file）：离线数据（Offline Data）/cdragon/pbe/plugins/rcp-be-lol-game-data/global/default/v1/statstones.json
[2025-03-19 08-52-25][15/18][15/36]正在校对文件（Checking file）： https://raw.communitydragon.org/pbe/plugins/rcp-be-lol-game-data/global/default/v1/stylesheet.json
[2025-03-19 08-52-26]已更新文件（Updated file）：离线数据（Offline Data）/cdragon/pbe/plugins/rcp-be-lol-game-data/global/default/v1/stylesheet.json
[2025-03-19 08-52-26][15/18][16/36]正在校对文件（Checking file）： https://raw.communitydragon.org/pbe/plugins/rcp-be-lol-game-data/global/default/v1/summoner-emotes.json
[2025-03-19 08-52-27]已更新文件（Updated file）：离线数据（Offline Data）/cdragon/pbe/plugins/rcp-be-lol-game-data/global/default/v1/summoner-emotes.json
[2025-03-19 08-52-27][15/18][17/36]正在校对文件（Checking file）： https://raw.communitydragon.org/pbe/plugins/rcp-be-lol-game-data/global/default/v1/summoner-icons.json
[2025-03-19 08-52-29]已更新文件（Updated file）：离线数据（Offline Data）/cdragon/pbe/plugins/rcp-be-lol-game-data/global/default/v1/summoner-icons.json
[2025-03-19 08-52-29][15/18][18/36]正在校对文件（Checking file）： https://raw.communitydragon.org/pbe/plugins/rcp-be-lol-game-data/global/default/v1/tftchampions-teamplanner.json
[2025-03-19 08-52-30]已更新文件（Updated file）：离线数据（Offline Data）/cdragon/pbe/plugins/rcp-be-lol-game-data/global/default/v1/tftchampions-teamplanner.json
[2025-03-19 08-52-30][15/18][19/36]正在校对文件（Checking file）： https://raw.communitydragon.org/pbe/plugins/rcp-be-lol-game-data/global/default/v1/tftchampions.json
[2025-03-19 08-52-31]已更新文件（Updated file）：离线数据（Offline Data）/cdragon/pbe/plugins/rcp-be-lol-game-data/global/default/v1/tftchampions.json
[2025-03-19 08-52-31][15/18][20/36]正在校对文件（Checking file）： https://raw.communitydragon.org/pbe/plugins/rcp-be-lol-game-data/global/default/v1/tftchemtechstoredata.json
[2025-03-19 08-52-32]已添加文件（Added file）：离线数据（Offline Data）/cdragon/pbe/plugins/rcp-be-lol-game-data/global/default/v1/tftchemtechstoredata.json
[2025-03-19 08-52-32][15/18][21/36]正在校对文件（Checking file）： https://raw.communitydragon.org/pbe/plugins/rcp-be-lol-game-data/global/default/v1/tftcontentdata.json
[2025-03-19 08-52-33]已更新文件（Updated file）：离线数据（Offline Data）/cdragon/pbe/plugins/rcp-be-lol-game-data/global/default/v1/tftcontentdata.json
[2025-03-19 08-52-33][15/18][22/36]正在校对文件（Checking file）： https://raw.communitydragon.org/pbe/plugins/rcp-be-lol-game-data/global/default/v1/tftdamageskins.json
[2025-03-19 08-52-34]已更新文件（Updated file）：离线数据（Offline Data）/cdragon/pbe/plugins/rcp-be-lol-game-data/global/default/v1/tftdamageskins.json
[2025-03-19 08-52-34][15/18][23/36]正在校对文件（Checking file）： https://raw.communitydragon.org/pbe/plugins/rcp-be-lol-game-data/global/default/v1/tftitems.json
[2025-03-19 08-52-35]已更新文件（Updated file）：离线数据（Offline Data）/cdragon/pbe/plugins/rcp-be-lol-game-data/global/default/v1/tftitems.json
[2025-03-19 08-52-35][15/18][24/36]正在校对文件（Checking file）： https://raw.communitydragon.org/pbe/plugins/rcp-be-lol-game-data/global/default/v1/tftmapskins.json
[2025-03-19 08-52-36]已更新文件（Updated file）：离线数据（Offline Data）/cdragon/pbe/plugins/rcp-be-lol-game-data/global/default/v1/tftmapskins.json
[2025-03-19 08-52-36][15/18][25/36]正在校对文件（Checking file）： https://raw.communitydragon.org/pbe/plugins/rcp-be-lol-game-data/global/default/v1/tftpass-assets.json
[2025-03-19 08-52-37]已更新文件（Updated file）：离线数据（Offline Data）/cdragon/pbe/plugins/rcp-be-lol-game-data/global/default/v1/tftpass-assets.json
[2025-03-19 08-52-37][15/18][26/36]正在校对文件（Checking file）： https://raw.communitydragon.org/pbe/plugins/rcp-be-lol-game-data/global/default/v1/tftpasswelcomedata.json
[2025-03-19 08-52-38]已更新文件（Updated file）：离线数据（Offline Data）/cdragon/pbe/plugins/rcp-be-lol-game-data/global/default/v1/tftpasswelcomedata.json
[2025-03-19 08-52-38][15/18][27/36]正在校对文件（Checking file）： https://raw.communitydragon.org/pbe/plugins/rcp-be-lol-game-data/global/default/v1/tftplaybooks.json
[2025-03-19 08-52-39]已更新文件（Updated file）：离线数据（Offline Data）/cdragon/pbe/plugins/rcp-be-lol-game-data/global/default/v1/tftplaybooks.json
[2025-03-19 08-52-39][15/18][28/36]正在校对文件（Checking file）： https://raw.communitydragon.org/pbe/plugins/rcp-be-lol-game-data/global/default/v1/tftregionportals.json
[2025-03-19 08-52-40]已更新文件（Updated file）：离线数据（Offline Data）/cdragon/pbe/plugins/rcp-be-lol-game-data/global/default/v1/tftregionportals.json
[2025-03-19 08-52-40][15/18][29/36]正在校对文件（Checking file）： https://raw.communitydragon.org/pbe/plugins/rcp-be-lol-game-data/global/default/v1/tftrotationalshopitemdata.json
[2025-03-19 08-52-41]已更新文件（Updated file）：离线数据（Offline Data）/cdragon/pbe/plugins/rcp-be-lol-game-data/global/default/v1/tftrotationalshopitemdata.json
[2025-03-19 08-52-41][15/18][30/36]正在校对文件（Checking file）： https://raw.communitydragon.org/pbe/plugins/rcp-be-lol-game-data/global/default/v1/tftsets.json
[2025-03-19 08-52-42]已更新文件（Updated file）：离线数据（Offline Data）/cdragon/pbe/plugins/rcp-be-lol-game-data/global/default/v1/tftsets.json
[2025-03-19 08-52-42][15/18][31/36]正在校对文件（Checking file）： https://raw.communitydragon.org/pbe/plugins/rcp-be-lol-game-data/global/default/v1/tfttraits.json
[2025-03-19 08-52-43]已更新文件（Updated file）：离线数据（Offline Data）/cdragon/pbe/plugins/rcp-be-lol-game-data/global/default/v1/tfttraits.json
[2025-03-19 08-52-43][15/18][32/36]正在校对文件（Checking file）： https://raw.communitydragon.org/pbe/plugins/rcp-be-lol-game-data/global/default/v1/tfttrovesbannerrewards.json
[2025-03-19 08-52-45]已更新文件（Updated file）：离线数据（Offline Data）/cdragon/pbe/plugins/rcp-be-lol-game-data/global/default/v1/tfttrovesbannerrewards.json
[2025-03-19 08-52-45][15/18][33/36]正在校对文件（Checking file）： https://raw.communitydragon.org/pbe/plugins/rcp-be-lol-game-data/global/default/v1/tfttrovesbanners.json
[2025-03-19 08-52-46]已更新文件（Updated file）：离线数据（Offline Data）/cdragon/pbe/plugins/rcp-be-lol-game-data/global/default/v1/tfttrovesbanners.json
[2025-03-19 08-52-46][15/18][34/36]正在校对文件（Checking file）： https://raw.communitydragon.org/pbe/plugins/rcp-be-lol-game-data/global/default/v1/tfttrovestablesnames.json
[2025-03-19 08-52-47]已更新文件（Updated file）：离线数据（Offline Data）/cdragon/pbe/plugins/rcp-be-lol-game-data/global/default/v1/tfttrovestablesnames.json
[2025-03-19 08-52-47][15/18][35/36]正在校对文件（Checking file）： https://raw.communitydragon.org/pbe/plugins/rcp-be-lol-game-data/global/default/v1/tftuxtunables.json
[2025-03-19 08-52-47]已更新文件（Updated file）：离线数据（Offline Data）/cdragon/pbe/plugins/rcp-be-lol-game-data/global/default/v1/tftuxtunables.json
[2025-03-19 08-52-47][15/18][36/36]正在校对文件（Checking file）： https://raw.communitydragon.org/pbe/plugins/rcp-be-lol-game-data/global/default/v1/tftzoomskins.json
[2025-03-19 08-52-48]已添加文件（Added file）：离线数据（Offline Data）/cdragon/pbe/plugins/rcp-be-lol-game-data/global/default/v1/tftzoomskins.json
[2025-03-19 08-52-48][16/18]正在检查文件夹（Checking the folder）：https://raw.communitydragon.org/pbe/plugins/rcp-be-lol-game-data/global/zh_cn/v1/champions/
[2025-03-19 08-52-49]页面新文件列表如下：
New file list is as follows:
网页链接（URL)： https://raw.communitydragon.org/pbe/plugins/rcp-be-lol-game-data/global/zh_cn/v1/champions/
   file        size          web_date         web_timestamp        local_date          local_timestamp   
 110.json    40.0 KiB    2025-Mar-18 22:00    1742306400.0     2025-02-27 19-28-33    1740655713.2389576 
 201.json    31.2 KiB    2025-Mar-18 22:00    1742306400.0     2025-02-27 19-29-08    1740655748.4135478 
 35.json     43.3 KiB    2025-Mar-18 22:00    1742306400.0     2025-02-27 19-29-36    1740655776.6802914 
 350.json    36.8 KiB    2025-Mar-18 22:00    1742306400.0     2025-02-27 19-29-37    1740655777.5404181 
 54.json     38.1 KiB    2025-Mar-18 22:00    1742306400.0     2025-02-27 19-30-10    1740655810.7840924 
 59.json     38.3 KiB    2025-Mar-18 22:00    1742306400.0     2025-02-27 19-30-16    1740655816.0248632 
  6.json     26.8 KiB    2025-Mar-18 22:00    1742306400.0     2025-02-27 19-30-16    1740655816.8593173 
  7.json     43.8 KiB    2025-Mar-18 22:00    1742306400.0     2025-02-27 19-30-24    1740655824.2259104 
 777.json    40.8 KiB    2025-Mar-18 22:00    1742306400.0     2025-02-27 19-30-29    1740655829.5539925 
 86.json     37.4 KiB    2025-Mar-18 22:00    1742306400.0     2025-02-27 19-30-39    1740655839.870095  
 950.json    21.2 KiB    2025-Mar-18 22:00    1742306400.0     2025-03-11 10-54-58    1741661698.1838355 
[2025-03-19 08-52-49][16/18][1/11]正在校对文件（Checking file）： https://raw.communitydragon.org/pbe/plugins/rcp-be-lol-game-data/global/zh_cn/v1/champions/110.json
[2025-03-19 08-52-50]已更新文件（Updated file）：离线数据（Offline Data）/cdragon/pbe/plugins/rcp-be-lol-game-data/global/zh_cn/v1/champions/110.json
[2025-03-19 08-52-50][16/18][2/11]正在校对文件（Checking file）： https://raw.communitydragon.org/pbe/plugins/rcp-be-lol-game-data/global/zh_cn/v1/champions/201.json
[2025-03-19 08-52-51]已更新文件（Updated file）：离线数据（Offline Data）/cdragon/pbe/plugins/rcp-be-lol-game-data/global/zh_cn/v1/champions/201.json
[2025-03-19 08-52-51][16/18][3/11]正在校对文件（Checking file）： https://raw.communitydragon.org/pbe/plugins/rcp-be-lol-game-data/global/zh_cn/v1/champions/35.json
[2025-03-19 08-52-52]已更新文件（Updated file）：离线数据（Offline Data）/cdragon/pbe/plugins/rcp-be-lol-game-data/global/zh_cn/v1/champions/35.json
[2025-03-19 08-52-52][16/18][4/11]正在校对文件（Checking file）： https://raw.communitydragon.org/pbe/plugins/rcp-be-lol-game-data/global/zh_cn/v1/champions/350.json
[2025-03-19 08-52-53]已更新文件（Updated file）：离线数据（Offline Data）/cdragon/pbe/plugins/rcp-be-lol-game-data/global/zh_cn/v1/champions/350.json
[2025-03-19 08-52-53][16/18][5/11]正在校对文件（Checking file）： https://raw.communitydragon.org/pbe/plugins/rcp-be-lol-game-data/global/zh_cn/v1/champions/54.json
[2025-03-19 08-52-54]已更新文件（Updated file）：离线数据（Offline Data）/cdragon/pbe/plugins/rcp-be-lol-game-data/global/zh_cn/v1/champions/54.json
[2025-03-19 08-52-54][16/18][6/11]正在校对文件（Checking file）： https://raw.communitydragon.org/pbe/plugins/rcp-be-lol-game-data/global/zh_cn/v1/champions/59.json
[2025-03-19 08-52-55]已更新文件（Updated file）：离线数据（Offline Data）/cdragon/pbe/plugins/rcp-be-lol-game-data/global/zh_cn/v1/champions/59.json
[2025-03-19 08-52-55][16/18][7/11]正在校对文件（Checking file）： https://raw.communitydragon.org/pbe/plugins/rcp-be-lol-game-data/global/zh_cn/v1/champions/6.json
[2025-03-19 08-52-56]已更新文件（Updated file）：离线数据（Offline Data）/cdragon/pbe/plugins/rcp-be-lol-game-data/global/zh_cn/v1/champions/6.json
[2025-03-19 08-52-56][16/18][8/11]正在校对文件（Checking file）： https://raw.communitydragon.org/pbe/plugins/rcp-be-lol-game-data/global/zh_cn/v1/champions/7.json
[2025-03-19 08-52-57]已更新文件（Updated file）：离线数据（Offline Data）/cdragon/pbe/plugins/rcp-be-lol-game-data/global/zh_cn/v1/champions/7.json
[2025-03-19 08-52-57][16/18][9/11]正在校对文件（Checking file）： https://raw.communitydragon.org/pbe/plugins/rcp-be-lol-game-data/global/zh_cn/v1/champions/777.json
[2025-03-19 08-52-57]已更新文件（Updated file）：离线数据（Offline Data）/cdragon/pbe/plugins/rcp-be-lol-game-data/global/zh_cn/v1/champions/777.json
[2025-03-19 08-52-57][16/18][10/11]正在校对文件（Checking file）： https://raw.communitydragon.org/pbe/plugins/rcp-be-lol-game-data/global/zh_cn/v1/champions/86.json
[2025-03-19 08-52-58]已更新文件（Updated file）：离线数据（Offline Data）/cdragon/pbe/plugins/rcp-be-lol-game-data/global/zh_cn/v1/champions/86.json
[2025-03-19 08-52-58][16/18][11/11]正在校对文件（Checking file）： https://raw.communitydragon.org/pbe/plugins/rcp-be-lol-game-data/global/zh_cn/v1/champions/950.json
[2025-03-19 08-52-59]已更新文件（Updated file）：离线数据（Offline Data）/cdragon/pbe/plugins/rcp-be-lol-game-data/global/zh_cn/v1/champions/950.json
[2025-03-19 08-52-59][17/18]正在检查文件夹（Checking the folder）：https://raw.communitydragon.org/pbe/plugins/rcp-be-lol-game-data/global/zh_cn/v1/map-assets/
[2025-03-19 08-53-00]页面新文件列表如下：
New file list is as follows:
网页链接（URL)： https://raw.communitydragon.org/pbe/plugins/rcp-be-lol-game-data/global/zh_cn/v1/map-assets/
      file            size           web_date         web_timestamp        local_date          local_timestamp   
 map-assets.json    133.1 KiB    2025-Mar-18 22:00    1742306400.0     2025-02-25 08-45-00    1740444300.9772346 
[2025-03-19 08-53-00][17/18][1/1]正在校对文件（Checking file）： https://raw.communitydragon.org/pbe/plugins/rcp-be-lol-game-data/global/zh_cn/v1/map-assets/map-assets.json
[2025-03-19 08-53-01]已更新文件（Updated file）：离线数据（Offline Data）/cdragon/pbe/plugins/rcp-be-lol-game-data/global/zh_cn/v1/map-assets/map-assets.json
[2025-03-19 08-53-01][18/18]正在检查文件夹（Checking the folder）：https://raw.communitydragon.org/pbe/plugins/rcp-be-lol-game-data/global/zh_cn/v1/
[2025-03-19 08-53-02]页面新文件列表如下：
New file list is as follows:
网页链接（URL)： https://raw.communitydragon.org/pbe/plugins/rcp-be-lol-game-data/global/zh_cn/v1/
              file                   size           web_date         web_timestamp        local_date          local_timestamp   
        companions.json            922.6 KiB    2025-Mar-18 22:00    1742306400.0     2025-03-11 10-55-02    1741661702.900663  
      generic-assets.json          182.6 KiB    2025-Mar-18 22:00    1742306400.0     2025-03-05 12-53-29    1741150409.0105593 
           items.json              478.3 KiB    2025-Mar-18 22:00    1742306400.0     2025-03-15 12-51-48    1742014308.9220774 
           loot.json                3.0 MiB     2025-Mar-18 22:00    1742306400.0     2025-03-14 11-49-15    1741924155.1357348 
       nachorewards.json            2.6 MiB     2025-Mar-18 22:00    1742306400.0     2025-03-13 19-03-39    1741863819.9853907 
        objectives.json             5.3 KiB     2025-Mar-18 22:00    1742306400.0     2025-03-08 17-41-36    1741426896.113297  
       profile-icons.json          330.4 KiB    2025-Mar-18 22:00    1742306400.0     2025-03-05 12-53-39    1741150419.8193936 
          queues.json              73.5 KiB     2025-Mar-18 22:00    1742306400.0     2025-03-05 12-53-40    1741150420.7564456 
           skins.json               4.0 MiB     2025-Mar-18 22:00    1742306400.0     2025-03-13 19-03-41    1741863821.9859302 
        statstones.json             1.8 MiB     2025-Mar-18 22:00    1742306400.0     2025-02-07 10-35-04    1738895704.134631  
        stylesheet.json            21.9 KiB     2025-Mar-18 22:00    1742306400.0     2025-02-05 13-20-19    1738732819.479839  
      summoner-emotes.json         464.1 KiB    2025-Mar-18 22:00    1742306400.0     2025-03-13 19-03-43    1741863823.4133644 
      summoner-icons.json           1.7 MiB     2025-Mar-18 22:00    1742306400.0     2025-03-11 10-55-13    1741661713.2399802 
 tftchampions-teamplanner.json     30.3 KiB     2025-Mar-18 22:00    1742306400.0     2025-03-07 13-04-35    1741323875.7196755 
       tftchampions.json           51.3 KiB     2025-Mar-18 22:00    1742306400.0     2025-03-07 13-04-37    1741323877.2607646 
   tftchemtechstoredata.json        2.7 KiB     2025-Mar-18 22:00    1742306400.0     1970-01-01 08-00-00           0.0         
      tftdamageskins.json          83.9 KiB     2025-Mar-18 22:00    1742306400.0     2025-03-05 12-53-51    1741150431.467306  
         tftitems.json             219.0 KiB    2025-Mar-18 22:00    1742306400.0     2025-03-08 17-41-41    1741426901.551656  
        tftmapskins.json           36.6 KiB     2025-Mar-18 22:00    1742306400.0     2025-03-05 12-53-52    1741150432.5920284 
    tftpasswelcomedata.json          274 B      2025-Mar-18 22:00    1742306400.0     2025-01-16 11-08-33    1736996913.828997  
       tftplaybooks.json           38.9 KiB     2025-Mar-18 22:00    1742306400.0     2025-01-11 09-32-29    1736559149.5764418 
     tftregionportals.json         16.9 KiB     2025-Mar-18 22:00    1742306400.0     2025-02-25 08-45-32    1740444332.0074117 
 tftrotationalshopitemdata.json     1.7 MiB     2025-Mar-18 22:00    1742306400.0     2025-03-13 19-03-45     1741863825.0307   
          tftsets.json              2.7 KiB     2025-Mar-18 22:00    1742306400.0     2025-02-05 13-20-34    1738732834.6403918 
         tfttraits.json            263.1 KiB    2025-Mar-18 22:00    1742306400.0     2025-03-07 13-04-43    1741323883.784391  
  tfttrovesbannerrewards.json      793.5 KiB    2025-Mar-18 22:00    1742306400.0     2025-03-05 12-53-57    1741150437.6556642 
     tfttrovesbanners.json         100.5 KiB    2025-Mar-18 22:00    1742306400.0     2025-03-05 12-53-58    1741150438.8148828 
   tfttrovestablesnames.json       368.5 KiB    2025-Mar-18 22:00    1742306400.0     2025-03-13 19-03-46    1741863826.2889304 
       tftuxtunables.json            158 B      2025-Mar-18 22:00    1742306400.0     2024-06-24 14-33-17    1719210797.8279629 
       tftzoomskins.json            3.4 KiB     2025-Mar-18 22:00    1742306400.0     1970-01-01 08-00-00           0.0         
[2025-03-19 08-53-02][18/18][1/30]正在校对文件（Checking file）： https://raw.communitydragon.org/pbe/plugins/rcp-be-lol-game-data/global/zh_cn/v1/companions.json
[2025-03-19 08-53-03]已更新文件（Updated file）：离线数据（Offline Data）/cdragon/pbe/plugins/rcp-be-lol-game-data/global/zh_cn/v1/companions.json
[2025-03-19 08-53-03][18/18][2/30]正在校对文件（Checking file）： https://raw.communitydragon.org/pbe/plugins/rcp-be-lol-game-data/global/zh_cn/v1/generic-assets.json
[2025-03-19 08-53-04]已更新文件（Updated file）：离线数据（Offline Data）/cdragon/pbe/plugins/rcp-be-lol-game-data/global/zh_cn/v1/generic-assets.json
[2025-03-19 08-53-04][18/18][3/30]正在校对文件（Checking file）： https://raw.communitydragon.org/pbe/plugins/rcp-be-lol-game-data/global/zh_cn/v1/items.json
[2025-03-19 08-53-06]已更新文件（Updated file）：离线数据（Offline Data）/cdragon/pbe/plugins/rcp-be-lol-game-data/global/zh_cn/v1/items.json
[2025-03-19 08-53-06][18/18][4/30]正在校对文件（Checking file）： https://raw.communitydragon.org/pbe/plugins/rcp-be-lol-game-data/global/zh_cn/v1/loot.json
[2025-03-19 08-53-07]已更新文件（Updated file）：离线数据（Offline Data）/cdragon/pbe/plugins/rcp-be-lol-game-data/global/zh_cn/v1/loot.json
[2025-03-19 08-53-07][18/18][5/30]正在校对文件（Checking file）： https://raw.communitydragon.org/pbe/plugins/rcp-be-lol-game-data/global/zh_cn/v1/nachorewards.json
[2025-03-19 08-53-09]已更新文件（Updated file）：离线数据（Offline Data）/cdragon/pbe/plugins/rcp-be-lol-game-data/global/zh_cn/v1/nachorewards.json
[2025-03-19 08-53-09][18/18][6/30]正在校对文件（Checking file）： https://raw.communitydragon.org/pbe/plugins/rcp-be-lol-game-data/global/zh_cn/v1/objectives.json
[2025-03-19 08-53-10]已更新文件（Updated file）：离线数据（Offline Data）/cdragon/pbe/plugins/rcp-be-lol-game-data/global/zh_cn/v1/objectives.json
[2025-03-19 08-53-10][18/18][7/30]正在校对文件（Checking file）： https://raw.communitydragon.org/pbe/plugins/rcp-be-lol-game-data/global/zh_cn/v1/profile-icons.json
[2025-03-19 08-53-11]已更新文件（Updated file）：离线数据（Offline Data）/cdragon/pbe/plugins/rcp-be-lol-game-data/global/zh_cn/v1/profile-icons.json
[2025-03-19 08-53-11][18/18][8/30]正在校对文件（Checking file）： https://raw.communitydragon.org/pbe/plugins/rcp-be-lol-game-data/global/zh_cn/v1/queues.json
[2025-03-19 08-53-12]已更新文件（Updated file）：离线数据（Offline Data）/cdragon/pbe/plugins/rcp-be-lol-game-data/global/zh_cn/v1/queues.json
[2025-03-19 08-53-12][18/18][9/30]正在校对文件（Checking file）： https://raw.communitydragon.org/pbe/plugins/rcp-be-lol-game-data/global/zh_cn/v1/skins.json
[2025-03-19 08-53-14]已更新文件（Updated file）：离线数据（Offline Data）/cdragon/pbe/plugins/rcp-be-lol-game-data/global/zh_cn/v1/skins.json
[2025-03-19 08-53-14][18/18][10/30]正在校对文件（Checking file）： https://raw.communitydragon.org/pbe/plugins/rcp-be-lol-game-data/global/zh_cn/v1/statstones.json
[2025-03-19 08-53-16]已更新文件（Updated file）：离线数据（Offline Data）/cdragon/pbe/plugins/rcp-be-lol-game-data/global/zh_cn/v1/statstones.json
[2025-03-19 08-53-16][18/18][11/30]正在校对文件（Checking file）： https://raw.communitydragon.org/pbe/plugins/rcp-be-lol-game-data/global/zh_cn/v1/stylesheet.json
[2025-03-19 08-53-16]已更新文件（Updated file）：离线数据（Offline Data）/cdragon/pbe/plugins/rcp-be-lol-game-data/global/zh_cn/v1/stylesheet.json
[2025-03-19 08-53-16][18/18][12/30]正在校对文件（Checking file）： https://raw.communitydragon.org/pbe/plugins/rcp-be-lol-game-data/global/zh_cn/v1/summoner-emotes.json
[2025-03-19 08-53-18]已更新文件（Updated file）：离线数据（Offline Data）/cdragon/pbe/plugins/rcp-be-lol-game-data/global/zh_cn/v1/summoner-emotes.json
[2025-03-19 08-53-18][18/18][13/30]正在校对文件（Checking file）： https://raw.communitydragon.org/pbe/plugins/rcp-be-lol-game-data/global/zh_cn/v1/summoner-icons.json
[2025-03-19 08-53-19]已更新文件（Updated file）：离线数据（Offline Data）/cdragon/pbe/plugins/rcp-be-lol-game-data/global/zh_cn/v1/summoner-icons.json
[2025-03-19 08-53-19][18/18][14/30]正在校对文件（Checking file）： https://raw.communitydragon.org/pbe/plugins/rcp-be-lol-game-data/global/zh_cn/v1/tftchampions-teamplanner.json
[2025-03-19 08-53-20]已更新文件（Updated file）：离线数据（Offline Data）/cdragon/pbe/plugins/rcp-be-lol-game-data/global/zh_cn/v1/tftchampions-teamplanner.json
[2025-03-19 08-53-20][18/18][15/30]正在校对文件（Checking file）： https://raw.communitydragon.org/pbe/plugins/rcp-be-lol-game-data/global/zh_cn/v1/tftchampions.json
[2025-03-19 08-53-21]已更新文件（Updated file）：离线数据（Offline Data）/cdragon/pbe/plugins/rcp-be-lol-game-data/global/zh_cn/v1/tftchampions.json
[2025-03-19 08-53-21][18/18][16/30]正在校对文件（Checking file）： https://raw.communitydragon.org/pbe/plugins/rcp-be-lol-game-data/global/zh_cn/v1/tftchemtechstoredata.json
[2025-03-19 08-53-22]已添加文件（Added file）：离线数据（Offline Data）/cdragon/pbe/plugins/rcp-be-lol-game-data/global/zh_cn/v1/tftchemtechstoredata.json
[2025-03-19 08-53-22][18/18][17/30]正在校对文件（Checking file）： https://raw.communitydragon.org/pbe/plugins/rcp-be-lol-game-data/global/zh_cn/v1/tftdamageskins.json
[2025-03-19 08-53-23]已更新文件（Updated file）：离线数据（Offline Data）/cdragon/pbe/plugins/rcp-be-lol-game-data/global/zh_cn/v1/tftdamageskins.json
[2025-03-19 08-53-23][18/18][18/30]正在校对文件（Checking file）： https://raw.communitydragon.org/pbe/plugins/rcp-be-lol-game-data/global/zh_cn/v1/tftitems.json
[2025-03-19 08-53-24]已更新文件（Updated file）：离线数据（Offline Data）/cdragon/pbe/plugins/rcp-be-lol-game-data/global/zh_cn/v1/tftitems.json
[2025-03-19 08-53-24][18/18][19/30]正在校对文件（Checking file）： https://raw.communitydragon.org/pbe/plugins/rcp-be-lol-game-data/global/zh_cn/v1/tftmapskins.json
[2025-03-19 08-53-25]已更新文件（Updated file）：离线数据（Offline Data）/cdragon/pbe/plugins/rcp-be-lol-game-data/global/zh_cn/v1/tftmapskins.json
[2025-03-19 08-53-25][18/18][20/30]正在校对文件（Checking file）： https://raw.communitydragon.org/pbe/plugins/rcp-be-lol-game-data/global/zh_cn/v1/tftpasswelcomedata.json
[2025-03-19 08-53-26]已更新文件（Updated file）：离线数据（Offline Data）/cdragon/pbe/plugins/rcp-be-lol-game-data/global/zh_cn/v1/tftpasswelcomedata.json
[2025-03-19 08-53-26][18/18][21/30]正在校对文件（Checking file）： https://raw.communitydragon.org/pbe/plugins/rcp-be-lol-game-data/global/zh_cn/v1/tftplaybooks.json
[2025-03-19 08-53-27]已更新文件（Updated file）：离线数据（Offline Data）/cdragon/pbe/plugins/rcp-be-lol-game-data/global/zh_cn/v1/tftplaybooks.json
[2025-03-19 08-53-27][18/18][22/30]正在校对文件（Checking file）： https://raw.communitydragon.org/pbe/plugins/rcp-be-lol-game-data/global/zh_cn/v1/tftregionportals.json
[2025-03-19 08-53-28]已更新文件（Updated file）：离线数据（Offline Data）/cdragon/pbe/plugins/rcp-be-lol-game-data/global/zh_cn/v1/tftregionportals.json
[2025-03-19 08-53-28][18/18][23/30]正在校对文件（Checking file）： https://raw.communitydragon.org/pbe/plugins/rcp-be-lol-game-data/global/zh_cn/v1/tftrotationalshopitemdata.json
[2025-03-19 08-53-29]已更新文件（Updated file）：离线数据（Offline Data）/cdragon/pbe/plugins/rcp-be-lol-game-data/global/zh_cn/v1/tftrotationalshopitemdata.json
[2025-03-19 08-53-29][18/18][24/30]正在校对文件（Checking file）： https://raw.communitydragon.org/pbe/plugins/rcp-be-lol-game-data/global/zh_cn/v1/tftsets.json
[2025-03-19 08-53-30]已更新文件（Updated file）：离线数据（Offline Data）/cdragon/pbe/plugins/rcp-be-lol-game-data/global/zh_cn/v1/tftsets.json
[2025-03-19 08-53-30][18/18][25/30]正在校对文件（Checking file）： https://raw.communitydragon.org/pbe/plugins/rcp-be-lol-game-data/global/zh_cn/v1/tfttraits.json
[2025-03-19 08-53-31]已更新文件（Updated file）：离线数据（Offline Data）/cdragon/pbe/plugins/rcp-be-lol-game-data/global/zh_cn/v1/tfttraits.json
[2025-03-19 08-53-31][18/18][26/30]正在校对文件（Checking file）： https://raw.communitydragon.org/pbe/plugins/rcp-be-lol-game-data/global/zh_cn/v1/tfttrovesbannerrewards.json
[2025-03-19 08-53-33]已更新文件（Updated file）：离线数据（Offline Data）/cdragon/pbe/plugins/rcp-be-lol-game-data/global/zh_cn/v1/tfttrovesbannerrewards.json
[2025-03-19 08-53-33][18/18][27/30]正在校对文件（Checking file）： https://raw.communitydragon.org/pbe/plugins/rcp-be-lol-game-data/global/zh_cn/v1/tfttrovesbanners.json
[2025-03-19 08-53-34]已更新文件（Updated file）：离线数据（Offline Data）/cdragon/pbe/plugins/rcp-be-lol-game-data/global/zh_cn/v1/tfttrovesbanners.json
[2025-03-19 08-53-34][18/18][28/30]正在校对文件（Checking file）： https://raw.communitydragon.org/pbe/plugins/rcp-be-lol-game-data/global/zh_cn/v1/tfttrovestablesnames.json
[2025-03-19 08-53-35]已更新文件（Updated file）：离线数据（Offline Data）/cdragon/pbe/plugins/rcp-be-lol-game-data/global/zh_cn/v1/tfttrovestablesnames.json
[2025-03-19 08-53-35][18/18][29/30]正在校对文件（Checking file）： https://raw.communitydragon.org/pbe/plugins/rcp-be-lol-game-data/global/zh_cn/v1/tftuxtunables.json
[2025-03-19 08-53-36]已更新文件（Updated file）：离线数据（Offline Data）/cdragon/pbe/plugins/rcp-be-lol-game-data/global/zh_cn/v1/tftuxtunables.json
[2025-03-19 08-53-36][18/18][30/30]正在校对文件（Checking file）： https://raw.communitydragon.org/pbe/plugins/rcp-be-lol-game-data/global/zh_cn/v1/tftzoomskins.json
[2025-03-19 08-53-37]已添加文件（Added file）：离线数据（Offline Data）/cdragon/pbe/plugins/rcp-be-lol-game-data/global/zh_cn/v1/tftzoomskins.json
已更新以下92个文件：
Updated the following 92 file(s):
https://raw.communitydragon.org/pbe/compat-version-metadata.json
https://raw.communitydragon.org/pbe/content-metadata.json
https://raw.communitydragon.org/pbe/cdragon/arena/en_us.json
https://raw.communitydragon.org/pbe/cdragon/arena/zh_cn.json
https://raw.communitydragon.org/pbe/cdragon/tft/en_us.json
https://raw.communitydragon.org/pbe/cdragon/tft/zh_cn.json
https://raw.communitydragon.org/pbe/plugins/rcp-be-lol-game-data/global/default/v1/champions/110.json
https://raw.communitydragon.org/pbe/plugins/rcp-be-lol-game-data/global/default/v1/champions/201.json
https://raw.communitydragon.org/pbe/plugins/rcp-be-lol-game-data/global/default/v1/champions/35.json
https://raw.communitydragon.org/pbe/plugins/rcp-be-lol-game-data/global/default/v1/champions/350.json
https://raw.communitydragon.org/pbe/plugins/rcp-be-lol-game-data/global/default/v1/champions/54.json
https://raw.communitydragon.org/pbe/plugins/rcp-be-lol-game-data/global/default/v1/champions/59.json
https://raw.communitydragon.org/pbe/plugins/rcp-be-lol-game-data/global/default/v1/champions/6.json
https://raw.communitydragon.org/pbe/plugins/rcp-be-lol-game-data/global/default/v1/champions/7.json
https://raw.communitydragon.org/pbe/plugins/rcp-be-lol-game-data/global/default/v1/champions/777.json
https://raw.communitydragon.org/pbe/plugins/rcp-be-lol-game-data/global/default/v1/champions/86.json
https://raw.communitydragon.org/pbe/plugins/rcp-be-lol-game-data/global/default/v1/champions/893.json
https://raw.communitydragon.org/pbe/plugins/rcp-be-lol-game-data/global/default/v1/champions/950.json
https://raw.communitydragon.org/pbe/plugins/rcp-be-lol-game-data/global/default/v1/map-assets/map-assets.json
https://raw.communitydragon.org/pbe/plugins/rcp-be-lol-game-data/global/default/v1/champion-rune-recommendations.json
https://raw.communitydragon.org/pbe/plugins/rcp-be-lol-game-data/global/default/v1/companions.json
https://raw.communitydragon.org/pbe/plugins/rcp-be-lol-game-data/global/default/v1/generic-assets.json
https://raw.communitydragon.org/pbe/plugins/rcp-be-lol-game-data/global/default/v1/items.json
https://raw.communitydragon.org/pbe/plugins/rcp-be-lol-game-data/global/default/v1/loot.json
https://raw.communitydragon.org/pbe/plugins/rcp-be-lol-game-data/global/default/v1/nachorewards.json
https://raw.communitydragon.org/pbe/plugins/rcp-be-lol-game-data/global/default/v1/objectives.json
https://raw.communitydragon.org/pbe/plugins/rcp-be-lol-game-data/global/default/v1/profile-icons.json
https://raw.communitydragon.org/pbe/plugins/rcp-be-lol-game-data/global/default/v1/queues.json
https://raw.communitydragon.org/pbe/plugins/rcp-be-lol-game-data/global/default/v1/rewards.json
https://raw.communitydragon.org/pbe/plugins/rcp-be-lol-game-data/global/default/v1/skinaugments.json
https://raw.communitydragon.org/pbe/plugins/rcp-be-lol-game-data/global/default/v1/skins.json
https://raw.communitydragon.org/pbe/plugins/rcp-be-lol-game-data/global/default/v1/statstones.json
https://raw.communitydragon.org/pbe/plugins/rcp-be-lol-game-data/global/default/v1/stylesheet.json
https://raw.communitydragon.org/pbe/plugins/rcp-be-lol-game-data/global/default/v1/summoner-emotes.json
https://raw.communitydragon.org/pbe/plugins/rcp-be-lol-game-data/global/default/v1/summoner-icons.json
https://raw.communitydragon.org/pbe/plugins/rcp-be-lol-game-data/global/default/v1/tftchampions-teamplanner.json
https://raw.communitydragon.org/pbe/plugins/rcp-be-lol-game-data/global/default/v1/tftchampions.json
https://raw.communitydragon.org/pbe/plugins/rcp-be-lol-game-data/global/default/v1/tftcontentdata.json
https://raw.communitydragon.org/pbe/plugins/rcp-be-lol-game-data/global/default/v1/tftdamageskins.json
https://raw.communitydragon.org/pbe/plugins/rcp-be-lol-game-data/global/default/v1/tftitems.json
https://raw.communitydragon.org/pbe/plugins/rcp-be-lol-game-data/global/default/v1/tftmapskins.json
https://raw.communitydragon.org/pbe/plugins/rcp-be-lol-game-data/global/default/v1/tftpass-assets.json
https://raw.communitydragon.org/pbe/plugins/rcp-be-lol-game-data/global/default/v1/tftpasswelcomedata.json
https://raw.communitydragon.org/pbe/plugins/rcp-be-lol-game-data/global/default/v1/tftplaybooks.json
https://raw.communitydragon.org/pbe/plugins/rcp-be-lol-game-data/global/default/v1/tftregionportals.json
https://raw.communitydragon.org/pbe/plugins/rcp-be-lol-game-data/global/default/v1/tftrotationalshopitemdata.json
https://raw.communitydragon.org/pbe/plugins/rcp-be-lol-game-data/global/default/v1/tftsets.json
https://raw.communitydragon.org/pbe/plugins/rcp-be-lol-game-data/global/default/v1/tfttraits.json
https://raw.communitydragon.org/pbe/plugins/rcp-be-lol-game-data/global/default/v1/tfttrovesbannerrewards.json
https://raw.communitydragon.org/pbe/plugins/rcp-be-lol-game-data/global/default/v1/tfttrovesbanners.json
https://raw.communitydragon.org/pbe/plugins/rcp-be-lol-game-data/global/default/v1/tfttrovestablesnames.json
https://raw.communitydragon.org/pbe/plugins/rcp-be-lol-game-data/global/default/v1/tftuxtunables.json
https://raw.communitydragon.org/pbe/plugins/rcp-be-lol-game-data/global/zh_cn/v1/champions/110.json
https://raw.communitydragon.org/pbe/plugins/rcp-be-lol-game-data/global/zh_cn/v1/champions/201.json
https://raw.communitydragon.org/pbe/plugins/rcp-be-lol-game-data/global/zh_cn/v1/champions/35.json
https://raw.communitydragon.org/pbe/plugins/rcp-be-lol-game-data/global/zh_cn/v1/champions/350.json
https://raw.communitydragon.org/pbe/plugins/rcp-be-lol-game-data/global/zh_cn/v1/champions/54.json
https://raw.communitydragon.org/pbe/plugins/rcp-be-lol-game-data/global/zh_cn/v1/champions/59.json
https://raw.communitydragon.org/pbe/plugins/rcp-be-lol-game-data/global/zh_cn/v1/champions/6.json
https://raw.communitydragon.org/pbe/plugins/rcp-be-lol-game-data/global/zh_cn/v1/champions/7.json
https://raw.communitydragon.org/pbe/plugins/rcp-be-lol-game-data/global/zh_cn/v1/champions/777.json
https://raw.communitydragon.org/pbe/plugins/rcp-be-lol-game-data/global/zh_cn/v1/champions/86.json
https://raw.communitydragon.org/pbe/plugins/rcp-be-lol-game-data/global/zh_cn/v1/champions/950.json
https://raw.communitydragon.org/pbe/plugins/rcp-be-lol-game-data/global/zh_cn/v1/map-assets/map-assets.json
https://raw.communitydragon.org/pbe/plugins/rcp-be-lol-game-data/global/zh_cn/v1/companions.json
https://raw.communitydragon.org/pbe/plugins/rcp-be-lol-game-data/global/zh_cn/v1/generic-assets.json
https://raw.communitydragon.org/pbe/plugins/rcp-be-lol-game-data/global/zh_cn/v1/items.json
https://raw.communitydragon.org/pbe/plugins/rcp-be-lol-game-data/global/zh_cn/v1/loot.json
https://raw.communitydragon.org/pbe/plugins/rcp-be-lol-game-data/global/zh_cn/v1/nachorewards.json
https://raw.communitydragon.org/pbe/plugins/rcp-be-lol-game-data/global/zh_cn/v1/objectives.json
https://raw.communitydragon.org/pbe/plugins/rcp-be-lol-game-data/global/zh_cn/v1/profile-icons.json
https://raw.communitydragon.org/pbe/plugins/rcp-be-lol-game-data/global/zh_cn/v1/queues.json
https://raw.communitydragon.org/pbe/plugins/rcp-be-lol-game-data/global/zh_cn/v1/skins.json
https://raw.communitydragon.org/pbe/plugins/rcp-be-lol-game-data/global/zh_cn/v1/statstones.json
https://raw.communitydragon.org/pbe/plugins/rcp-be-lol-game-data/global/zh_cn/v1/stylesheet.json
https://raw.communitydragon.org/pbe/plugins/rcp-be-lol-game-data/global/zh_cn/v1/summoner-emotes.json
https://raw.communitydragon.org/pbe/plugins/rcp-be-lol-game-data/global/zh_cn/v1/summoner-icons.json
https://raw.communitydragon.org/pbe/plugins/rcp-be-lol-game-data/global/zh_cn/v1/tftchampions-teamplanner.json
https://raw.communitydragon.org/pbe/plugins/rcp-be-lol-game-data/global/zh_cn/v1/tftchampions.json
https://raw.communitydragon.org/pbe/plugins/rcp-be-lol-game-data/global/zh_cn/v1/tftdamageskins.json
https://raw.communitydragon.org/pbe/plugins/rcp-be-lol-game-data/global/zh_cn/v1/tftitems.json
https://raw.communitydragon.org/pbe/plugins/rcp-be-lol-game-data/global/zh_cn/v1/tftmapskins.json
https://raw.communitydragon.org/pbe/plugins/rcp-be-lol-game-data/global/zh_cn/v1/tftpasswelcomedata.json
https://raw.communitydragon.org/pbe/plugins/rcp-be-lol-game-data/global/zh_cn/v1/tftplaybooks.json
https://raw.communitydragon.org/pbe/plugins/rcp-be-lol-game-data/global/zh_cn/v1/tftregionportals.json
https://raw.communitydragon.org/pbe/plugins/rcp-be-lol-game-data/global/zh_cn/v1/tftrotationalshopitemdata.json
https://raw.communitydragon.org/pbe/plugins/rcp-be-lol-game-data/global/zh_cn/v1/tftsets.json
https://raw.communitydragon.org/pbe/plugins/rcp-be-lol-game-data/global/zh_cn/v1/tfttraits.json
https://raw.communitydragon.org/pbe/plugins/rcp-be-lol-game-data/global/zh_cn/v1/tfttrovesbannerrewards.json
https://raw.communitydragon.org/pbe/plugins/rcp-be-lol-game-data/global/zh_cn/v1/tfttrovesbanners.json
https://raw.communitydragon.org/pbe/plugins/rcp-be-lol-game-data/global/zh_cn/v1/tfttrovestablesnames.json
https://raw.communitydragon.org/pbe/plugins/rcp-be-lol-game-data/global/zh_cn/v1/tftuxtunables.json

已添加以下6个文件：
Added the following 6 file(s):
https://raw.communitydragon.org/latest/plugins/rcp-be-lol-game-data/global/default/v1/csssheet-teamplanner.json
https://raw.communitydragon.org/pbe/plugins/rcp-be-lol-game-data/global/default/v1/csssheet-teamplanner.json
https://raw.communitydragon.org/pbe/plugins/rcp-be-lol-game-data/global/default/v1/tftchemtechstoredata.json
https://raw.communitydragon.org/pbe/plugins/rcp-be-lol-game-data/global/default/v1/tftzoomskins.json
https://raw.communitydragon.org/pbe/plugins/rcp-be-lol-game-data/global/zh_cn/v1/tftchemtechstoredata.json
https://raw.communitydragon.org/pbe/plugins/rcp-be-lol-game-data/global/zh_cn/v1/tftzoomskins.json

请选择要更新的数据资源，输入空字符串以退出程序：
Please select the data resource to update, or submit an empty string to exit the program:
1	CommunityDragon
2	DataDragon

[The program has exited!]
